[0.082s] Invoking command in '/home/parallels/ros2_ws/build/my_cpp_pkg': AMENT_PREFIX_PATH=/home/parallels/ros2_ws/install/my_robot_interfaces:${AMENT_PREFIX_PATH} CMAKE_PREFIX_PATH=/home/parallels/ros2_ws/install/my_robot_interfaces:/usr:/opt/ros/humble LD_LIBRARY_PATH=/home/parallels/ros2_ws/install/my_robot_interfaces/lib:${LD_LIBRARY_PATH} PYTHONPATH=/home/parallels/ros2_ws/install/my_robot_interfaces/local/lib/python3.10/dist-packages:${PYTHONPATH} /usr/bin/cmake /home/parallels/ros2_ws/src/my_cpp_pkg -DCMAKE_INSTALL_PREFIX=/home/parallels/ros2_ws/install/my_cpp_pkg
[0.274s] -- The C compiler identification is GNU 11.4.0
[0.401s] -- The CXX compiler identification is GNU 11.4.0
[0.417s] -- Detecting C compiler ABI info
[0.637s] -- Detecting C compiler ABI info - done
[0.641s] -- Check for working C compiler: /usr/bin/cc - skipped
[0.641s] -- Detecting C compile features
[0.641s] -- Detecting C compile features - done
[0.643s] -- Detecting CXX compiler ABI info
[0.928s] -- Detecting CXX compiler ABI info - done
[0.932s] -- Check for working CXX compiler: /usr/bin/c++ - skipped
[0.932s] -- Detecting CXX compile features
[0.933s] -- Detecting CXX compile features - done
[0.941s] -- Found ament_cmake: 1.3.11 (/opt/ros/humble/share/ament_cmake/cmake)
[1.178s] -- Found Python3: /usr/bin/python3 (found version "3.10.12") found components: Interpreter 
[1.401s] -- Found rclcpp: 16.0.11 (/opt/ros/humble/share/rclcpp/cmake)
[1.502s] -- Found rosidl_generator_c: 3.1.6 (/opt/ros/humble/share/rosidl_generator_c/cmake)
[1.512s] -- Found rosidl_adapter: 3.1.6 (/opt/ros/humble/share/rosidl_adapter/cmake)
[1.573s] -- Found rosidl_generator_cpp: 3.1.6 (/opt/ros/humble/share/rosidl_generator_cpp/cmake)
[1.609s] -- Using all available rosidl_typesupport_c: rosidl_typesupport_fastrtps_c;rosidl_typesupport_introspection_c
[1.681s] -- Using all available rosidl_typesupport_cpp: rosidl_typesupport_fastrtps_cpp;rosidl_typesupport_introspection_cpp
[1.882s] -- Found rmw_implementation_cmake: 6.1.2 (/opt/ros/humble/share/rmw_implementation_cmake/cmake)
[1.891s] -- Found rmw_fastrtps_cpp: 6.2.7 (/opt/ros/humble/share/rmw_fastrtps_cpp/cmake)
[2.263s] -- Found OpenSSL: /usr/lib/aarch64-linux-gnu/libcrypto.so (found version "3.0.2")  
[2.307s] -- Found FastRTPS: /opt/ros/humble/include  
[2.394s] -- Using RMW implementation 'rmw_fastrtps_cpp' as default
[2.420s] -- Looking for pthread.h
[2.649s] -- Looking for pthread.h - found
[2.650s] -- Performing Test CMAKE_HAVE_LIBC_PTHREAD
[2.897s] -- Performing Test CMAKE_HAVE_LIBC_PTHREAD - Success
[2.898s] -- Found Threads: TRUE  
[2.994s] -- Found example_interfaces: 0.9.3 (/opt/ros/humble/share/example_interfaces/cmake)
[3.064s] -- Found my_robot_interfaces: 0.0.0 (/home/parallels/ros2_ws/install/my_robot_interfaces/share/my_robot_interfaces/cmake)
[3.154s] -- Configuring done
[3.156s] [33mCMake Warning (dev) at CMakeLists.txt:24 (add_executable):
[3.156s]   Policy CMP0115 is not set: Source file extensions must be explicit.  Run
[3.156s]   "cmake --help-policy CMP0115" for policy details.  Use the cmake_policy
[3.156s]   command to set the policy and suppress this warning.
[3.156s] 
[3.156s]   File:
[3.156s] 
[3.157s]     /home/parallels/ros2_ws/src/my_cpp_pkg/src/hardwareStatus_pub.cpp
[3.157s] This warning is for project developers.  Use -Wno-dev to suppress it.
[3.157s] [0m
[3.157s] [33mCMake Warning (dev) at CMakeLists.txt:27 (add_executable):
[3.157s]   Policy CMP0115 is not set: Source file extensions must be explicit.  Run
[3.157s]   "cmake --help-policy CMP0115" for policy details.  Use the cmake_policy
[3.157s]   command to set the policy and suppress this warning.
[3.157s] 
[3.157s]   File:
[3.157s] 
[3.157s]     /home/parallels/ros2_ws/src/my_cpp_pkg/src/hardwarestatus_sub.cpp
[3.157s] This warning is for project developers.  Use -Wno-dev to suppress it.
[3.157s] [0m
[3.157s] [33mCMake Warning (dev) at CMakeLists.txt:30 (add_executable):
[3.157s]   Policy CMP0115 is not set: Source file extensions must be explicit.  Run
[3.157s]   "cmake --help-policy CMP0115" for policy details.  Use the cmake_policy
[3.157s]   command to set the policy and suppress this warning.
[3.157s] 
[3.157s]   File:
[3.157s] 
[3.157s]     /home/parallels/ros2_ws/src/my_cpp_pkg/src/battery_node.cpp
[3.157s] This warning is for project developers.  Use -Wno-dev to suppress it.
[3.157s] [0m
[3.161s] [33mCMake Warning (dev) at CMakeLists.txt:33 (add_executable):
[3.161s]   Policy CMP0115 is not set: Source file extensions must be explicit.  Run
[3.161s]   "cmake --help-policy CMP0115" for policy details.  Use the cmake_policy
[3.161s]   command to set the policy and suppress this warning.
[3.161s] 
[3.161s]   File:
[3.161s] 
[3.161s]     /home/parallels/ros2_ws/src/my_cpp_pkg/src/LED_panel.cpp
[3.161s] This warning is for project developers.  Use -Wno-dev to suppress it.
[3.161s] [0m
[3.185s] -- Generating done
[3.201s] -- Build files have been written to: /home/parallels/ros2_ws/build/my_cpp_pkg
[3.216s] Invoked command in '/home/parallels/ros2_ws/build/my_cpp_pkg' returned '0': AMENT_PREFIX_PATH=/home/parallels/ros2_ws/install/my_robot_interfaces:${AMENT_PREFIX_PATH} CMAKE_PREFIX_PATH=/home/parallels/ros2_ws/install/my_robot_interfaces:/usr:/opt/ros/humble LD_LIBRARY_PATH=/home/parallels/ros2_ws/install/my_robot_interfaces/lib:${LD_LIBRARY_PATH} PYTHONPATH=/home/parallels/ros2_ws/install/my_robot_interfaces/local/lib/python3.10/dist-packages:${PYTHONPATH} /usr/bin/cmake /home/parallels/ros2_ws/src/my_cpp_pkg -DCMAKE_INSTALL_PREFIX=/home/parallels/ros2_ws/install/my_cpp_pkg
[3.217s] Invoking command in '/home/parallels/ros2_ws/build/my_cpp_pkg': AMENT_PREFIX_PATH=/home/parallels/ros2_ws/install/my_robot_interfaces:${AMENT_PREFIX_PATH} CMAKE_PREFIX_PATH=/home/parallels/ros2_ws/install/my_robot_interfaces:/usr:/opt/ros/humble LD_LIBRARY_PATH=/home/parallels/ros2_ws/install/my_robot_interfaces/lib:${LD_LIBRARY_PATH} PYTHONPATH=/home/parallels/ros2_ws/install/my_robot_interfaces/local/lib/python3.10/dist-packages:${PYTHONPATH} /usr/bin/cmake --build /home/parallels/ros2_ws/build/my_cpp_pkg -- -j4 -l4
[3.353s] [  7%] [32mBuilding CXX object CMakeFiles/robot_radio_station.dir/src/robot_radio_station.cpp.o[0m
[3.353s] [ 14%] [32mBuilding CXX object CMakeFiles/cpp_node.dir/src/my_first_node.cpp.o[0m
[3.357s] [ 21%] [32mBuilding CXX object CMakeFiles/smartphone.dir/src/smartphone.cpp.o[0m
[4.434s] [ 28%] [32mBuilding CXX object CMakeFiles/hardwarestatus_pub.dir/src/hardwareStatus_pub.cpp.o[0m
[7.653s] [ 35%] [32m[1mLinking CXX executable cpp_node[0m
[8.061s] [ 35%] Built target cpp_node
[8.661s] [ 42%] [32m[1mLinking CXX executable robot_radio_station[0m
[8.749s] [ 50%] [32m[1mLinking CXX executable hardwarestatus_pub[0m
[8.862s] [ 50%] Built target hardwarestatus_pub
[8.901s] [ 50%] Built target robot_radio_station
[10.209s] [ 57%] [32m[1mLinking CXX executable smartphone[0m
[10.444s] [ 57%] Built target smartphone
[10.453s] [ 64%] [32mBuilding CXX object CMakeFiles/LED_panel.dir/src/LED_panel.cpp.o[0m
[12.872s] [ 71%] [32m[1mLinking CXX executable LED_panel[0m
[12.999s] [ 71%] Built target LED_panel
[13.007s] [ 78%] [32mBuilding CXX object CMakeFiles/client_battery.dir/src/battery_node.cpp.o[0m
[14.786s] [ 85%] [32m[1mLinking CXX executable client_battery[0m
[14.873s] [ 85%] Built target client_battery
[14.882s] [ 92%] [32mBuilding CXX object CMakeFiles/hardwarestatus_sub.dir/src/hardwarestatus_sub.cpp.o[0m
[18.931s] [100%] [32m[1mLinking CXX executable hardwarestatus_sub[0m
[19.182s] [100%] Built target hardwarestatus_sub
[19.188s] Invoked command in '/home/parallels/ros2_ws/build/my_cpp_pkg' returned '0': AMENT_PREFIX_PATH=/home/parallels/ros2_ws/install/my_robot_interfaces:${AMENT_PREFIX_PATH} CMAKE_PREFIX_PATH=/home/parallels/ros2_ws/install/my_robot_interfaces:/usr:/opt/ros/humble LD_LIBRARY_PATH=/home/parallels/ros2_ws/install/my_robot_interfaces/lib:${LD_LIBRARY_PATH} PYTHONPATH=/home/parallels/ros2_ws/install/my_robot_interfaces/local/lib/python3.10/dist-packages:${PYTHONPATH} /usr/bin/cmake --build /home/parallels/ros2_ws/build/my_cpp_pkg -- -j4 -l4
[19.189s] Invoking command in '/home/parallels/ros2_ws/build/my_cpp_pkg': AMENT_PREFIX_PATH=/home/parallels/ros2_ws/install/my_robot_interfaces:${AMENT_PREFIX_PATH} CMAKE_PREFIX_PATH=/home/parallels/ros2_ws/install/my_robot_interfaces:/usr:/opt/ros/humble LD_LIBRARY_PATH=/home/parallels/ros2_ws/install/my_robot_interfaces/lib:${LD_LIBRARY_PATH} PYTHONPATH=/home/parallels/ros2_ws/install/my_robot_interfaces/local/lib/python3.10/dist-packages:${PYTHONPATH} /usr/bin/cmake --install /home/parallels/ros2_ws/build/my_cpp_pkg
[19.193s] -- Install configuration: ""
[19.193s] -- Installing: /home/parallels/ros2_ws/install/my_cpp_pkg/lib/my_cpp_pkg/cpp_node
[19.193s] -- Set runtime path of "/home/parallels/ros2_ws/install/my_cpp_pkg/lib/my_cpp_pkg/cpp_node" to ""
[19.193s] -- Installing: /home/parallels/ros2_ws/install/my_cpp_pkg/lib/my_cpp_pkg/robot_radio_station
[19.194s] -- Set runtime path of "/home/parallels/ros2_ws/install/my_cpp_pkg/lib/my_cpp_pkg/robot_radio_station" to ""
[19.194s] -- Installing: /home/parallels/ros2_ws/install/my_cpp_pkg/lib/my_cpp_pkg/smartphone
[19.196s] -- Set runtime path of "/home/parallels/ros2_ws/install/my_cpp_pkg/lib/my_cpp_pkg/smartphone" to ""
[19.196s] -- Installing: /home/parallels/ros2_ws/install/my_cpp_pkg/lib/my_cpp_pkg/hardwarestatus_pub
[19.197s] -- Set runtime path of "/home/parallels/ros2_ws/install/my_cpp_pkg/lib/my_cpp_pkg/hardwarestatus_pub" to ""
[19.197s] -- Installing: /home/parallels/ros2_ws/install/my_cpp_pkg/lib/my_cpp_pkg/hardwarestatus_sub
[19.199s] -- Set runtime path of "/home/parallels/ros2_ws/install/my_cpp_pkg/lib/my_cpp_pkg/hardwarestatus_sub" to ""
[19.199s] -- Installing: /home/parallels/ros2_ws/install/my_cpp_pkg/lib/my_cpp_pkg/client_battery
[19.201s] -- Set runtime path of "/home/parallels/ros2_ws/install/my_cpp_pkg/lib/my_cpp_pkg/client_battery" to ""
[19.201s] -- Installing: /home/parallels/ros2_ws/install/my_cpp_pkg/lib/my_cpp_pkg/LED_panel
[19.201s] -- Set runtime path of "/home/parallels/ros2_ws/install/my_cpp_pkg/lib/my_cpp_pkg/LED_panel" to ""
[19.201s] -- Installing: /home/parallels/ros2_ws/install/my_cpp_pkg/share/ament_index/resource_index/package_run_dependencies/my_cpp_pkg
[19.201s] -- Installing: /home/parallels/ros2_ws/install/my_cpp_pkg/share/ament_index/resource_index/parent_prefix_path/my_cpp_pkg
[19.201s] -- Installing: /home/parallels/ros2_ws/install/my_cpp_pkg/share/my_cpp_pkg/environment/ament_prefix_path.sh
[19.201s] -- Installing: /home/parallels/ros2_ws/install/my_cpp_pkg/share/my_cpp_pkg/environment/ament_prefix_path.dsv
[19.201s] -- Installing: /home/parallels/ros2_ws/install/my_cpp_pkg/share/my_cpp_pkg/environment/path.sh
[19.201s] -- Installing: /home/parallels/ros2_ws/install/my_cpp_pkg/share/my_cpp_pkg/environment/path.dsv
[19.202s] -- Installing: /home/parallels/ros2_ws/install/my_cpp_pkg/share/my_cpp_pkg/local_setup.bash
[19.202s] -- Installing: /home/parallels/ros2_ws/install/my_cpp_pkg/share/my_cpp_pkg/local_setup.sh
[19.202s] -- Installing: /home/parallels/ros2_ws/install/my_cpp_pkg/share/my_cpp_pkg/local_setup.zsh
[19.202s] -- Installing: /home/parallels/ros2_ws/install/my_cpp_pkg/share/my_cpp_pkg/local_setup.dsv
[19.202s] -- Installing: /home/parallels/ros2_ws/install/my_cpp_pkg/share/my_cpp_pkg/package.dsv
[19.202s] -- Installing: /home/parallels/ros2_ws/install/my_cpp_pkg/share/ament_index/resource_index/packages/my_cpp_pkg
[19.202s] -- Installing: /home/parallels/ros2_ws/install/my_cpp_pkg/share/my_cpp_pkg/cmake/my_cpp_pkgConfig.cmake
[19.202s] -- Installing: /home/parallels/ros2_ws/install/my_cpp_pkg/share/my_cpp_pkg/cmake/my_cpp_pkgConfig-version.cmake
[19.203s] -- Installing: /home/parallels/ros2_ws/install/my_cpp_pkg/share/my_cpp_pkg/package.xml
[19.216s] Invoked command in '/home/parallels/ros2_ws/build/my_cpp_pkg' returned '0': AMENT_PREFIX_PATH=/home/parallels/ros2_ws/install/my_robot_interfaces:${AMENT_PREFIX_PATH} CMAKE_PREFIX_PATH=/home/parallels/ros2_ws/install/my_robot_interfaces:/usr:/opt/ros/humble LD_LIBRARY_PATH=/home/parallels/ros2_ws/install/my_robot_interfaces/lib:${LD_LIBRARY_PATH} PYTHONPATH=/home/parallels/ros2_ws/install/my_robot_interfaces/local/lib/python3.10/dist-packages:${PYTHONPATH} /usr/bin/cmake --install /home/parallels/ros2_ws/build/my_cpp_pkg
