[0.300s] Invoking command in '/home/parallels/ros2_ws/build/turtlesim_catch_them_all': PYTHONPATH=/home/parallels/ros2_ws/build/turtlesim_catch_them_all/prefix_override:/usr/lib/python3/dist-packages/colcon_core/task/python/colcon_distutils_commands:/home/parallels/ros2_ws/install/turtlesim_catch_them_all/lib/python3.10/site-packages:${PYTHONPATH} /usr/bin/python3 -W ignore:setup.py install is deprecated setup.py develop --editable --build-directory /home/parallels/ros2_ws/build/turtlesim_catch_them_all/build --no-deps symlink_data --force
[0.424s] running develop
[0.490s] running egg_info
[0.490s] writing turtlesim_catch_them_all.egg-info/PKG-INFO
[0.490s] writing dependency_links to turtlesim_catch_them_all.egg-info/dependency_links.txt
[0.490s] writing entry points to turtlesim_catch_them_all.egg-info/entry_points.txt
[0.492s] writing requirements to turtlesim_catch_them_all.egg-info/requires.txt
[0.492s] writing top-level names to turtlesim_catch_them_all.egg-info/top_level.txt
[0.493s] reading manifest file 'turtlesim_catch_them_all.egg-info/SOURCES.txt'
[0.493s] writing manifest file 'turtlesim_catch_them_all.egg-info/SOURCES.txt'
[0.494s] running build_ext
[0.494s] Creating /home/parallels/ros2_ws/install/turtlesim_catch_them_all/lib/python3.10/site-packages/turtlesim-catch-them-all.egg-link (link to .)
[0.495s] Installing turtle_controller script to /home/parallels/ros2_ws/install/turtlesim_catch_them_all/lib/turtlesim_catch_them_all
[0.495s] Installing turtle_spawner script to /home/parallels/ros2_ws/install/turtlesim_catch_them_all/lib/turtlesim_catch_them_all
[0.495s] 
[0.495s] Installed /home/parallels/ros2_ws/build/turtlesim_catch_them_all
[0.495s] running symlink_data
[0.495s] symbolically linking /home/parallels/ros2_ws/build/turtlesim_catch_them_all/resource/turtlesim_catch_them_all -> /home/parallels/ros2_ws/install/turtlesim_catch_them_all/share/ament_index/resource_index/packages
[0.495s] symbolically linking /home/parallels/ros2_ws/build/turtlesim_catch_them_all/package.xml -> /home/parallels/ros2_ws/install/turtlesim_catch_them_all/share/turtlesim_catch_them_all
[0.509s] Invoked command in '/home/parallels/ros2_ws/build/turtlesim_catch_them_all' returned '0': PYTHONPATH=/home/parallels/ros2_ws/build/turtlesim_catch_them_all/prefix_override:/usr/lib/python3/dist-packages/colcon_core/task/python/colcon_distutils_commands:/home/parallels/ros2_ws/install/turtlesim_catch_them_all/lib/python3.10/site-packages:${PYTHONPATH} /usr/bin/python3 -W ignore:setup.py install is deprecated setup.py develop --editable --build-directory /home/parallels/ros2_ws/build/turtlesim_catch_them_all/build --no-deps symlink_data --force
