[0.012s] Invoking command in '/home/parallels/ros2_ws/build/joint_limits': CMAKE_PREFIX_PATH=${CMAKE_PREFIX_PATH}:/home/parallels/ros2_ws/install/rqt_joint_trajectory_controller:/home/parallels/ros2_ws/install/rqt_controller_manager:/home/parallels/ros2_ws/install/ros2controlcli:/home/parallels/ros2_ws/install/ros2_controllers_test_nodes:/home/parallels/ros2_ws/install/polygon_base:/home/parallels/ros2_ws/install/hardware_interface:/opt/ros/humble /usr/bin/cmake --build /home/parallels/ros2_ws/build/joint_limits -- -j4 -l4
[0.049s] [35m[1mConsolidate compiler generated dependencies of target gtest[0m
[0.054s] [35m[1mConsolidate compiler generated dependencies of target gtest_main[0m
[0.067s] [ 33%] Built target gtest_main
[0.073s] [ 66%] Built target gtest
[0.087s] [35m[1mConsolidate compiler generated dependencies of target joint_limits_rosparam_test[0m
[0.103s] [100%] Built target joint_limits_rosparam_test
[0.134s] Invoked command in '/home/parallels/ros2_ws/build/joint_limits' returned '0': CMAKE_PREFIX_PATH=${CMAKE_PREFIX_PATH}:/home/parallels/ros2_ws/install/rqt_joint_trajectory_controller:/home/parallels/ros2_ws/install/rqt_controller_manager:/home/parallels/ros2_ws/install/ros2controlcli:/home/parallels/ros2_ws/install/ros2_controllers_test_nodes:/home/parallels/ros2_ws/install/polygon_base:/home/parallels/ros2_ws/install/hardware_interface:/opt/ros/humble /usr/bin/cmake --build /home/parallels/ros2_ws/build/joint_limits -- -j4 -l4
[0.172s] Invoking command in '/home/parallels/ros2_ws/build/joint_limits': CMAKE_PREFIX_PATH=${CMAKE_PREFIX_PATH}:/home/parallels/ros2_ws/install/rqt_joint_trajectory_controller:/home/parallels/ros2_ws/install/rqt_controller_manager:/home/parallels/ros2_ws/install/ros2controlcli:/home/parallels/ros2_ws/install/ros2_controllers_test_nodes:/home/parallels/ros2_ws/install/polygon_base:/home/parallels/ros2_ws/install/hardware_interface:/opt/ros/humble /usr/bin/cmake --install /home/parallels/ros2_ws/build/joint_limits
[0.185s] -- Install configuration: ""
[0.185s] -- Up-to-date: /home/parallels/ros2_ws/install/joint_limits/include
[0.185s] -- Up-to-date: /home/parallels/ros2_ws/install/joint_limits/include/joint_limits
[0.185s] -- Up-to-date: /home/parallels/ros2_ws/install/joint_limits/include/joint_limits/joint_limits_rosparam.hpp
[0.185s] -- Up-to-date: /home/parallels/ros2_ws/install/joint_limits/include/joint_limits/joint_limits.hpp
[0.185s] -- Up-to-date: /home/parallels/ros2_ws/install/joint_limits/lib/joint_limits/joint_limits_rosparam_test
[0.185s] -- Up-to-date: /home/parallels/ros2_ws/install/joint_limits/share/joint_limits/test/joint_limits_rosparam.yaml
[0.185s] -- Up-to-date: /home/parallels/ros2_ws/install/joint_limits/share/ament_index/resource_index/package_run_dependencies/joint_limits
[0.185s] -- Up-to-date: /home/parallels/ros2_ws/install/joint_limits/share/ament_index/resource_index/parent_prefix_path/joint_limits
[0.185s] -- Up-to-date: /home/parallels/ros2_ws/install/joint_limits/share/joint_limits/environment/ament_prefix_path.sh
[0.185s] -- Up-to-date: /home/parallels/ros2_ws/install/joint_limits/share/joint_limits/environment/ament_prefix_path.dsv
[0.186s] -- Up-to-date: /home/parallels/ros2_ws/install/joint_limits/share/joint_limits/environment/path.sh
[0.186s] -- Up-to-date: /home/parallels/ros2_ws/install/joint_limits/share/joint_limits/environment/path.dsv
[0.186s] -- Up-to-date: /home/parallels/ros2_ws/install/joint_limits/share/joint_limits/local_setup.bash
[0.186s] -- Up-to-date: /home/parallels/ros2_ws/install/joint_limits/share/joint_limits/local_setup.sh
[0.186s] -- Up-to-date: /home/parallels/ros2_ws/install/joint_limits/share/joint_limits/local_setup.zsh
[0.186s] -- Up-to-date: /home/parallels/ros2_ws/install/joint_limits/share/joint_limits/local_setup.dsv
[0.186s] -- Installing: /home/parallels/ros2_ws/install/joint_limits/share/joint_limits/package.dsv
[0.186s] -- Up-to-date: /home/parallels/ros2_ws/install/joint_limits/share/ament_index/resource_index/packages/joint_limits
[0.186s] -- Up-to-date: /home/parallels/ros2_ws/install/joint_limits/share/joint_limits/cmake/ament_cmake_export_dependencies-extras.cmake
[0.186s] -- Up-to-date: /home/parallels/ros2_ws/install/joint_limits/share/joint_limits/cmake/ament_cmake_export_include_directories-extras.cmake
[0.186s] -- Up-to-date: /home/parallels/ros2_ws/install/joint_limits/share/joint_limits/cmake/joint_limitsConfig.cmake
[0.186s] -- Up-to-date: /home/parallels/ros2_ws/install/joint_limits/share/joint_limits/cmake/joint_limitsConfig-version.cmake
[0.186s] -- Up-to-date: /home/parallels/ros2_ws/install/joint_limits/share/joint_limits/package.xml
[0.191s] Invoked command in '/home/parallels/ros2_ws/build/joint_limits' returned '0': CMAKE_PREFIX_PATH=${CMAKE_PREFIX_PATH}:/home/parallels/ros2_ws/install/rqt_joint_trajectory_controller:/home/parallels/ros2_ws/install/rqt_controller_manager:/home/parallels/ros2_ws/install/ros2controlcli:/home/parallels/ros2_ws/install/ros2_controllers_test_nodes:/home/parallels/ros2_ws/install/polygon_base:/home/parallels/ros2_ws/install/hardware_interface:/opt/ros/humble /usr/bin/cmake --install /home/parallels/ros2_ws/build/joint_limits
