[0.000000] (-) TimerEvent: {}
[0.000090] (-) JobUnselected: {'identifier': 'ackermann_steering_controller'}
[0.000111] (-) JobUnselected: {'identifier': 'admittance_controller'}
[0.000123] (-) JobUnselected: {'identifier': 'bicycle_steering_controller'}
[0.000176] (-) JobUnselected: {'identifier': 'controller_interface'}
[0.000196] (-) JobUnselected: {'identifier': 'controller_manager'}
[0.000211] (-) JobUnselected: {'identifier': 'controller_manager_msgs'}
[0.000225] (-) JobUnselected: {'identifier': 'diff_drive_controller'}
[0.000235] (-) JobUnselected: {'identifier': 'effort_controllers'}
[0.000248] (-) JobUnselected: {'identifier': 'force_torque_sensor_broadcaster'}
[0.000257] (-) JobUnselected: {'identifier': 'forward_command_controller'}
[0.000269] (-) JobUnselected: {'identifier': 'gripper_controllers'}
[0.000276] (-) JobUnselected: {'identifier': 'gz_ros2_control_tests'}
[0.000288] (-) JobUnselected: {'identifier': 'hardware_interface'}
[0.000298] (-) JobUnselected: {'identifier': 'hardware_interface_testing'}
[0.000311] (-) JobUnselected: {'identifier': 'ign_ros2_control'}
[0.000319] (-) JobUnselected: {'identifier': 'ign_ros2_control_demos'}
[0.000332] (-) JobUnselected: {'identifier': 'imu_sensor_broadcaster'}
[0.000341] (-) JobUnselected: {'identifier': 'joint_limits'}
[0.000355] (-) JobUnselected: {'identifier': 'joint_state_broadcaster'}
[0.000364] (-) JobUnselected: {'identifier': 'joint_trajectory_controller'}
[0.000376] (-) JobUnselected: {'identifier': 'my_cpp_pkg'}
[0.000385] (-) JobUnselected: {'identifier': 'my_py_pkg'}
[0.000398] (-) JobUnselected: {'identifier': 'polygon_base'}
[0.000407] (-) JobUnselected: {'identifier': 'polygon_plugins'}
[0.000419] (-) JobUnselected: {'identifier': 'position_controllers'}
[0.000429] (-) JobUnselected: {'identifier': 'range_sensor_broadcaster'}
[0.000441] (-) JobUnselected: {'identifier': 'ros2_control'}
[0.000450] (-) JobUnselected: {'identifier': 'ros2_control_test_assets'}
[0.000462] (-) JobUnselected: {'identifier': 'ros2_controllers'}
[0.000472] (-) JobUnselected: {'identifier': 'ros2_controllers_test_nodes'}
[0.000485] (-) JobUnselected: {'identifier': 'ros2controlcli'}
[0.000494] (-) JobUnselected: {'identifier': 'rqt_controller_manager'}
[0.000506] (-) JobUnselected: {'identifier': 'rqt_joint_trajectory_controller'}
[0.000516] (-) JobUnselected: {'identifier': 'steering_controllers_library'}
[0.000529] (-) JobUnselected: {'identifier': 'transmission_interface'}
[0.000538] (-) JobUnselected: {'identifier': 'tricycle_controller'}
[0.000551] (-) JobUnselected: {'identifier': 'tricycle_steering_controller'}
[0.000560] (-) JobUnselected: {'identifier': 'velocity_controllers'}
[0.000575] (number_counter) JobQueued: {'identifier': 'number_counter', 'dependencies': OrderedDict()}
[0.000599] (number_counter) JobStarted: {'identifier': 'number_counter'}
[0.101128] (-) TimerEvent: {}
[0.137275] (number_counter) StderrLine: {'line': b'Traceback (most recent call last):\n  File "/usr/lib/python3/dist-packages/colcon_core/executor/__init__.py", line 91, in __call__\n    rc = await self.task(*args, **kwargs)\n  File "/usr/lib/python3/dist-packages/colcon_core/task/__init__.py", line 93, in __call__\n    return await task_method(*args, **kwargs)\n  File "/usr/lib/python3/dist-packages/colcon_ros/task/ament_python/build.py", line 51, in build\n    setup_py_data = get_setup_data(self.context.pkg, env)\n  File "/usr/lib/python3/dist-packages/colcon_core/task/python/__init__.py", line 20, in get_setup_data\n    return dict(pkg.metadata[key](env))\n  File "/usr/lib/python3/dist-packages/colcon_ros/package_augmentation/ros_ament_python.py", line 57, in getter\n    return get_setup_information(\n  File "/usr/lib/python3/dist-packages/colcon_python_setup_py/package_identification/python_setup_py.py", line 249, in get_setup_information\n    _setup_information_cache[hashable_env] = _get_setup_information(\n  File "/usr/lib/python3/dist-packages/colcon_python_setup_py/package_identification/python_setup_py.py", line 296, in _get_setup_information\n    result = subprocess.run(\n  File "/usr/lib/python3.10/subprocess.py", line 526, in run\n    raise CalledProcessError(retcode, process.args,\nsubprocess.CalledProcessError: Command \'[\'/usr/bin/python3\', \'-c\', \'import sys;from contextlib import suppress;exec("with suppress(ImportError):    from setuptools.extern.packaging.specifiers    import SpecifierSet");exec("with suppress(ImportError):    from packaging.specifiers import SpecifierSet");from distutils.core import run_setup;dist = run_setup(    \\\'setup.py\\\', script_args=(\\\'--dry-run\\\',), stop_after=\\\'config\\\');skip_keys = (\\\'cmdclass\\\', \\\'distclass\\\', \\\'ext_modules\\\', \\\'metadata\\\');data = {    key: value for key, value in dist.__dict__.items()     if (        not key.startswith(\\\'_\\\') and         not callable(value) and         key not in skip_keys and         key not in dist.display_option_names    )};data[\\\'metadata\\\'] = {    k: v for k, v in dist.metadata.__dict__.items()     if k not in (\\\'license_files\\\', \\\'provides_extras\\\')};sys.stdout.buffer.write(repr(data).encode(\\\'utf-8\\\'))\']\' returned non-zero exit status 1.\n'}
[0.137564] (number_counter) JobEnded: {'identifier': 'number_counter', 'rc': 1}
[0.147911] (-) EventReactorShutdown: {}
