[0.012s] Invoking command in '/home/parallels/ros2_ws/build/my_robot_description': CMAKE_PREFIX_PATH=${CMAKE_PREFIX_PATH}:/home/parallels/ros2_ws/install/turtlesim_catch_them_all:/home/parallels/ros2_ws/install/number_counter:/home/parallels/ros2_ws/install/my_py_pkg:/home/parallels/ros2_ws/install/add_two_ints:/opt/ros/humble /usr/bin/cmake /home/parallels/ros2_ws/src/my_robot_description -DCMAKE_INSTALL_PREFIX=/home/parallels/ros2_ws/install/my_robot_description
[0.098s] -- The C compiler identification is GNU 11.4.0
[0.181s] -- The CXX compiler identification is GNU 11.4.0
[0.192s] -- Detecting C compiler ABI info
[0.325s] -- Detecting C compiler ABI info - done
[0.330s] -- Check for working C compiler: /usr/bin/cc - skipped
[0.330s] -- Detecting C compile features
[0.330s] -- Detecting C compile features - done
[0.345s] -- Detecting CXX compiler ABI info
[0.630s] -- Detecting CXX compiler ABI info - done
[0.632s] -- Check for working CXX compiler: /usr/bin/c++ - skipped
[0.632s] -- Detecting CXX compile features
[0.632s] -- Detecting CXX compile features - done
[0.641s] -- Found ament_cmake: 1.3.11 (/opt/ros/humble/share/ament_cmake/cmake)
[0.929s] -- Found Python3: /usr/bin/python3 (found version "3.10.12") found components: Interpreter 
[1.168s] -- Configuring done
[1.171s] -- Generating done
[1.173s] -- Build files have been written to: /home/parallels/ros2_ws/build/my_robot_description
[1.186s] Invoked command in '/home/parallels/ros2_ws/build/my_robot_description' returned '0': CMAKE_PREFIX_PATH=${CMAKE_PREFIX_PATH}:/home/parallels/ros2_ws/install/turtlesim_catch_them_all:/home/parallels/ros2_ws/install/number_counter:/home/parallels/ros2_ws/install/my_py_pkg:/home/parallels/ros2_ws/install/add_two_ints:/opt/ros/humble /usr/bin/cmake /home/parallels/ros2_ws/src/my_robot_description -DCMAKE_INSTALL_PREFIX=/home/parallels/ros2_ws/install/my_robot_description
[1.186s] Invoking command in '/home/parallels/ros2_ws/build/my_robot_description': CMAKE_PREFIX_PATH=${CMAKE_PREFIX_PATH}:/home/parallels/ros2_ws/install/turtlesim_catch_them_all:/home/parallels/ros2_ws/install/number_counter:/home/parallels/ros2_ws/install/my_py_pkg:/home/parallels/ros2_ws/install/add_two_ints:/opt/ros/humble /usr/bin/cmake --build /home/parallels/ros2_ws/build/my_robot_description -- -j4 -l4
[1.252s] Invoked command in '/home/parallels/ros2_ws/build/my_robot_description' returned '0': CMAKE_PREFIX_PATH=${CMAKE_PREFIX_PATH}:/home/parallels/ros2_ws/install/turtlesim_catch_them_all:/home/parallels/ros2_ws/install/number_counter:/home/parallels/ros2_ws/install/my_py_pkg:/home/parallels/ros2_ws/install/add_two_ints:/opt/ros/humble /usr/bin/cmake --build /home/parallels/ros2_ws/build/my_robot_description -- -j4 -l4
[1.252s] Invoking command in '/home/parallels/ros2_ws/build/my_robot_description': CMAKE_PREFIX_PATH=${CMAKE_PREFIX_PATH}:/home/parallels/ros2_ws/install/turtlesim_catch_them_all:/home/parallels/ros2_ws/install/number_counter:/home/parallels/ros2_ws/install/my_py_pkg:/home/parallels/ros2_ws/install/add_two_ints:/opt/ros/humble /usr/bin/cmake --install /home/parallels/ros2_ws/build/my_robot_description
[1.266s] -- Install configuration: ""
[1.266s] -- Installing: /home/parallels/ros2_ws/install/my_robot_description/share/my_robot_description//urdf
[1.266s] -- Installing: /home/parallels/ros2_ws/install/my_robot_description/share/my_robot_description//urdf/mobile_base.xacro
[1.266s] -- Installing: /home/parallels/ros2_ws/install/my_robot_description/share/my_robot_description//urdf/rrobot
[1.266s] -- Installing: /home/parallels/ros2_ws/install/my_robot_description/share/my_robot_description//urdf/rrobot/rrbot.xacro
[1.266s] -- Installing: /home/parallels/ros2_ws/install/my_robot_description/share/my_robot_description//urdf/rrobot/rrbot.gazebo
[1.267s] -- Installing: /home/parallels/ros2_ws/install/my_robot_description/share/my_robot_description//urdf/rrobot/materials.xacro
[1.268s] -- Installing: /home/parallels/ros2_ws/install/my_robot_description/share/my_robot_description//urdf/rrobot/rrbot.xml
[1.269s] -- Installing: /home/parallels/ros2_ws/install/my_robot_description/share/my_robot_description//urdf/two_wheeled_robot.urdf
[1.269s] -- Installing: /home/parallels/ros2_ws/install/my_robot_description/share/my_robot_description//urdf/my_robot.urdf.xacro
[1.270s] -- Installing: /home/parallels/ros2_ws/install/my_robot_description/share/my_robot_description//urdf/common_properties.xacro
[1.271s] -- Installing: /home/parallels/ros2_ws/install/my_robot_description/share/my_robot_description//launch
[1.271s] -- Installing: /home/parallels/ros2_ws/install/my_robot_description/share/my_robot_description//launch/display.launch.xml
[1.271s] -- Installing: /home/parallels/ros2_ws/install/my_robot_description/share/my_robot_description//launch/display.launch.py
[1.272s] -- Installing: /home/parallels/ros2_ws/install/my_robot_description/share/my_robot_description//rviz
[1.272s] -- Installing: /home/parallels/ros2_ws/install/my_robot_description/share/my_robot_description//rviz/robo_config.rviz
[1.272s] -- Installing: /home/parallels/ros2_ws/install/my_robot_description/share/ament_index/resource_index/package_run_dependencies/my_robot_description
[1.273s] -- Installing: /home/parallels/ros2_ws/install/my_robot_description/share/ament_index/resource_index/parent_prefix_path/my_robot_description
[1.273s] -- Installing: /home/parallels/ros2_ws/install/my_robot_description/share/my_robot_description/environment/ament_prefix_path.sh
[1.273s] -- Installing: /home/parallels/ros2_ws/install/my_robot_description/share/my_robot_description/environment/ament_prefix_path.dsv
[1.273s] -- Installing: /home/parallels/ros2_ws/install/my_robot_description/share/my_robot_description/environment/path.sh
[1.273s] -- Installing: /home/parallels/ros2_ws/install/my_robot_description/share/my_robot_description/environment/path.dsv
[1.273s] -- Installing: /home/parallels/ros2_ws/install/my_robot_description/share/my_robot_description/local_setup.bash
[1.273s] -- Installing: /home/parallels/ros2_ws/install/my_robot_description/share/my_robot_description/local_setup.sh
[1.273s] -- Installing: /home/parallels/ros2_ws/install/my_robot_description/share/my_robot_description/local_setup.zsh
[1.273s] -- Installing: /home/parallels/ros2_ws/install/my_robot_description/share/my_robot_description/local_setup.dsv
[1.273s] -- Installing: /home/parallels/ros2_ws/install/my_robot_description/share/my_robot_description/package.dsv
[1.274s] -- Installing: /home/parallels/ros2_ws/install/my_robot_description/share/ament_index/resource_index/packages/my_robot_description
[1.278s] -- Installing: /home/parallels/ros2_ws/install/my_robot_description/share/my_robot_description/cmake/my_robot_descriptionConfig.cmake
[1.278s] -- Installing: /home/parallels/ros2_ws/install/my_robot_description/share/my_robot_description/cmake/my_robot_descriptionConfig-version.cmake
[1.278s] -- Installing: /home/parallels/ros2_ws/install/my_robot_description/share/my_robot_description/package.xml
[1.284s] Invoked command in '/home/parallels/ros2_ws/build/my_robot_description' returned '0': CMAKE_PREFIX_PATH=${CMAKE_PREFIX_PATH}:/home/parallels/ros2_ws/install/turtlesim_catch_them_all:/home/parallels/ros2_ws/install/number_counter:/home/parallels/ros2_ws/install/my_py_pkg:/home/parallels/ros2_ws/install/add_two_ints:/opt/ros/humble /usr/bin/cmake --install /home/parallels/ros2_ws/build/my_robot_description
