[0.009s] Invoking command in '/home/parallels/ros2_ws/build/joint_limits': CMAKE_PREFIX_PATH=${CMAKE_PREFIX_PATH}:/opt/ros/humble /usr/bin/cmake /home/parallels/ros2_ws/src/ros2_control/joint_limits -DCMAKE_INSTALL_PREFIX=/home/parallels/ros2_ws/install/joint_limits
[0.062s] -- The C compiler identification is GNU 11.4.0
[0.092s] -- The CXX compiler identification is GNU 11.4.0
[0.095s] -- Detecting C compiler ABI info
[0.131s] -- Detecting C compiler ABI info - done
[0.135s] -- Check for working C compiler: /usr/bin/cc - skipped
[0.135s] -- Detecting C compile features
[0.136s] -- Detecting C compile features - done
[0.137s] -- Detecting CXX compiler ABI info
[0.190s] -- Detecting CXX compiler ABI info - done
[0.190s] -- Check for working CXX compiler: /usr/bin/c++ - skipped
[0.190s] -- Detecting CXX compile features
[0.191s] -- Detecting CXX compile features - done
[0.196s] -- Found ament_cmake: 1.3.11 (/opt/ros/humble/share/ament_cmake/cmake)
[0.274s] -- Found Python3: /usr/bin/python3 (found version "3.10.12") found components: Interpreter 
[0.367s] -- Found rclcpp: 16.0.11 (/opt/ros/humble/share/rclcpp/cmake)
[0.434s] -- Found rosidl_generator_c: 3.1.6 (/opt/ros/humble/share/rosidl_generator_c/cmake)
[0.443s] -- Found rosidl_adapter: 3.1.6 (/opt/ros/humble/share/rosidl_adapter/cmake)
[0.455s] -- Found rosidl_generator_cpp: 3.1.6 (/opt/ros/humble/share/rosidl_generator_cpp/cmake)
[0.469s] -- Using all available rosidl_typesupport_c: rosidl_typesupport_fastrtps_c;rosidl_typesupport_introspection_c
[0.487s] -- Using all available rosidl_typesupport_cpp: rosidl_typesupport_fastrtps_cpp;rosidl_typesupport_introspection_cpp
[0.559s] -- Found rmw_implementation_cmake: 6.1.2 (/opt/ros/humble/share/rmw_implementation_cmake/cmake)
[0.566s] -- Found rmw_fastrtps_cpp: 6.2.7 (/opt/ros/humble/share/rmw_fastrtps_cpp/cmake)
[0.668s] -- Found OpenSSL: /usr/lib/aarch64-linux-gnu/libcrypto.so (found version "3.0.2")  
[0.692s] -- Found FastRTPS: /opt/ros/humble/include  
[0.718s] -- Using RMW implementation 'rmw_fastrtps_cpp' as default
[0.738s] -- Looking for pthread.h
[0.788s] -- Looking for pthread.h - found
[0.788s] -- Performing Test CMAKE_HAVE_LIBC_PTHREAD
[0.820s] -- Performing Test CMAKE_HAVE_LIBC_PTHREAD - Success
[0.820s] -- Found Threads: TRUE  
[0.886s] -- Found rclcpp_lifecycle: 16.0.11 (/opt/ros/humble/share/rclcpp_lifecycle/cmake)
[0.909s] -- Found ament_cmake_gtest: 1.3.11 (/opt/ros/humble/share/ament_cmake_gtest/cmake)
[0.914s] -- Found launch_testing_ament_cmake: 1.0.7 (/opt/ros/humble/share/launch_testing_ament_cmake/cmake)
[0.919s] -- Found python_cmake_module: 0.10.0 (/opt/ros/humble/share/python_cmake_module/cmake)
[0.929s] -- Found PythonInterp: /usr/bin/python3 (found suitable version "3.10.12", minimum required is "3.6") 
[0.931s] -- Found PythonLibs: /usr/lib/aarch64-linux-gnu/libpython3.10.so (found suitable version "3.10.12", minimum required is "3.5") 
[0.931s] -- Using PYTHON_EXECUTABLE: /usr/bin/python3
[0.931s] -- Using PYTHON_INCLUDE_DIRS: /usr/include/python3.10
[0.931s] -- Using PYTHON_LIBRARIES: /usr/lib/aarch64-linux-gnu/libpython3.10.so
[0.942s] -- Found PythonExtra: .so  
[0.948s] -- Found gtest sources under '/opt/ros/humble/src/gtest_vendor': C++ tests using 'Google Test' will be built
[0.985s] -- Configuring done
[0.991s] -- Generating done
[0.994s] -- Build files have been written to: /home/parallels/ros2_ws/build/joint_limits
[1.003s] Invoked command in '/home/parallels/ros2_ws/build/joint_limits' returned '0': CMAKE_PREFIX_PATH=${CMAKE_PREFIX_PATH}:/opt/ros/humble /usr/bin/cmake /home/parallels/ros2_ws/src/ros2_control/joint_limits -DCMAKE_INSTALL_PREFIX=/home/parallels/ros2_ws/install/joint_limits
[1.003s] Invoking command in '/home/parallels/ros2_ws/build/joint_limits': CMAKE_PREFIX_PATH=${CMAKE_PREFIX_PATH}:/opt/ros/humble /usr/bin/cmake --build /home/parallels/ros2_ws/build/joint_limits -- -j4 -l4
[1.052s] [ 16%] [32mBuilding CXX object gtest/CMakeFiles/gtest.dir/src/gtest-all.cc.o[0m
[1.071s] [ 33%] [32mBuilding CXX object gtest/CMakeFiles/gtest_main.dir/src/gtest_main.cc.o[0m
[1.775s] [ 50%] [32m[1mLinking CXX static library libgtest_main.a[0m
[1.882s] [ 50%] Built target gtest_main
[4.295s] [ 66%] [32m[1mLinking CXX static library libgtest.a[0m
[4.504s] [ 66%] Built target gtest
[4.575s] [ 83%] [32mBuilding CXX object CMakeFiles/joint_limits_rosparam_test.dir/test/joint_limits_rosparam_test.cpp.o[0m
[10.304s] [100%] [32m[1mLinking CXX executable joint_limits_rosparam_test[0m
[10.647s] [100%] Built target joint_limits_rosparam_test
[10.658s] Invoked command in '/home/parallels/ros2_ws/build/joint_limits' returned '0': CMAKE_PREFIX_PATH=${CMAKE_PREFIX_PATH}:/opt/ros/humble /usr/bin/cmake --build /home/parallels/ros2_ws/build/joint_limits -- -j4 -l4
[10.661s] Invoking command in '/home/parallels/ros2_ws/build/joint_limits': CMAKE_PREFIX_PATH=${CMAKE_PREFIX_PATH}:/opt/ros/humble /usr/bin/cmake --install /home/parallels/ros2_ws/build/joint_limits
[10.685s] -- Install configuration: ""
[10.685s] -- Installing: /home/parallels/ros2_ws/install/joint_limits/include
[10.685s] -- Installing: /home/parallels/ros2_ws/install/joint_limits/include/joint_limits
[10.685s] -- Installing: /home/parallels/ros2_ws/install/joint_limits/include/joint_limits/joint_limits_rosparam.hpp
[10.685s] -- Installing: /home/parallels/ros2_ws/install/joint_limits/include/joint_limits/joint_limits.hpp
[10.685s] -- Installing: /home/parallels/ros2_ws/install/joint_limits/lib/joint_limits/joint_limits_rosparam_test
[10.685s] -- Set runtime path of "/home/parallels/ros2_ws/install/joint_limits/lib/joint_limits/joint_limits_rosparam_test" to ""
[10.685s] -- Installing: /home/parallels/ros2_ws/install/joint_limits/share/joint_limits/test/joint_limits_rosparam.yaml
[10.685s] -- Installing: /home/parallels/ros2_ws/install/joint_limits/share/ament_index/resource_index/package_run_dependencies/joint_limits
[10.685s] -- Installing: /home/parallels/ros2_ws/install/joint_limits/share/ament_index/resource_index/parent_prefix_path/joint_limits
[10.685s] -- Installing: /home/parallels/ros2_ws/install/joint_limits/share/joint_limits/environment/ament_prefix_path.sh
[10.685s] -- Installing: /home/parallels/ros2_ws/install/joint_limits/share/joint_limits/environment/ament_prefix_path.dsv
[10.685s] -- Installing: /home/parallels/ros2_ws/install/joint_limits/share/joint_limits/environment/path.sh
[10.685s] -- Installing: /home/parallels/ros2_ws/install/joint_limits/share/joint_limits/environment/path.dsv
[10.685s] -- Installing: /home/parallels/ros2_ws/install/joint_limits/share/joint_limits/local_setup.bash
[10.685s] -- Installing: /home/parallels/ros2_ws/install/joint_limits/share/joint_limits/local_setup.sh
[10.686s] -- Installing: /home/parallels/ros2_ws/install/joint_limits/share/joint_limits/local_setup.zsh
[10.686s] -- Installing: /home/parallels/ros2_ws/install/joint_limits/share/joint_limits/local_setup.dsv
[10.686s] -- Installing: /home/parallels/ros2_ws/install/joint_limits/share/joint_limits/package.dsv
[10.686s] -- Installing: /home/parallels/ros2_ws/install/joint_limits/share/ament_index/resource_index/packages/joint_limits
[10.686s] -- Installing: /home/parallels/ros2_ws/install/joint_limits/share/joint_limits/cmake/ament_cmake_export_dependencies-extras.cmake
[10.686s] -- Installing: /home/parallels/ros2_ws/install/joint_limits/share/joint_limits/cmake/ament_cmake_export_include_directories-extras.cmake
[10.686s] -- Installing: /home/parallels/ros2_ws/install/joint_limits/share/joint_limits/cmake/joint_limitsConfig.cmake
[10.686s] -- Installing: /home/parallels/ros2_ws/install/joint_limits/share/joint_limits/cmake/joint_limitsConfig-version.cmake
[10.686s] -- Installing: /home/parallels/ros2_ws/install/joint_limits/share/joint_limits/package.xml
[10.695s] Invoked command in '/home/parallels/ros2_ws/build/joint_limits' returned '0': CMAKE_PREFIX_PATH=${CMAKE_PREFIX_PATH}:/opt/ros/humble /usr/bin/cmake --install /home/parallels/ros2_ws/build/joint_limits
