[0.351s] Invoking command in '/home/parallels/ros2_ws/build/add_two_ints': PYTHONPATH=/home/parallels/ros2_ws/build/add_two_ints/prefix_override:/usr/lib/python3/dist-packages/colcon_core/task/python/colcon_distutils_commands:/home/parallels/ros2_ws/install/add_two_ints/lib/python3.10/site-packages:${PYTHONPATH} /usr/bin/python3 -W ignore:setup.py install is deprecated setup.py develop --editable --build-directory /home/parallels/ros2_ws/build/add_two_ints/build --no-deps symlink_data
[0.475s] running develop
[0.541s] running egg_info
[0.541s] creating add_two_ints.egg-info
[0.541s] writing add_two_ints.egg-info/PKG-INFO
[0.541s] writing dependency_links to add_two_ints.egg-info/dependency_links.txt
[0.541s] writing entry points to add_two_ints.egg-info/entry_points.txt
[0.541s] writing requirements to add_two_ints.egg-info/requires.txt
[0.541s] writing top-level names to add_two_ints.egg-info/top_level.txt
[0.541s] writing manifest file 'add_two_ints.egg-info/SOURCES.txt'
[0.542s] reading manifest file 'add_two_ints.egg-info/SOURCES.txt'
[0.542s] writing manifest file 'add_two_ints.egg-info/SOURCES.txt'
[0.543s] running build_ext
[0.543s] Creating /home/parallels/ros2_ws/install/add_two_ints/lib/python3.10/site-packages/add-two-ints.egg-link (link to .)
[0.543s] Installing add_two_ints_server script to /home/parallels/ros2_ws/install/add_two_ints/lib/add_two_ints
[0.543s] 
[0.543s] Installed /home/parallels/ros2_ws/build/add_two_ints
[0.543s] running symlink_data
[0.543s] creating /home/parallels/ros2_ws/install/add_two_ints/share/ament_index
[0.544s] creating /home/parallels/ros2_ws/install/add_two_ints/share/ament_index/resource_index
[0.544s] creating /home/parallels/ros2_ws/install/add_two_ints/share/ament_index/resource_index/packages
[0.544s] symbolically linking /home/parallels/ros2_ws/build/add_two_ints/resource/add_two_ints -> /home/parallels/ros2_ws/install/add_two_ints/share/ament_index/resource_index/packages
[0.544s] symbolically linking /home/parallels/ros2_ws/build/add_two_ints/package.xml -> /home/parallels/ros2_ws/install/add_two_ints/share/add_two_ints
[0.558s] Invoked command in '/home/parallels/ros2_ws/build/add_two_ints' returned '0': PYTHONPATH=/home/parallels/ros2_ws/build/add_two_ints/prefix_override:/usr/lib/python3/dist-packages/colcon_core/task/python/colcon_distutils_commands:/home/parallels/ros2_ws/install/add_two_ints/lib/python3.10/site-packages:${PYTHONPATH} /usr/bin/python3 -W ignore:setup.py install is deprecated setup.py develop --editable --build-directory /home/parallels/ros2_ws/build/add_two_ints/build --no-deps symlink_data
