[0.034s] Invoking command in '/home/parallels/ros2_ws/build/controller_interface': AMENT_PREFIX_PATH=/home/parallels/ros2_ws/install/hardware_interface:/home/parallels/ros2_ws/install/ros2_control_test_assets:${AMENT_PREFIX_PATH} CMAKE_PREFIX_PATH=/home/parallels/ros2_ws/install/hardware_interface:/home/parallels/ros2_ws/install/ros2_control_test_assets:/usr:/opt/ros/humble LD_LIBRARY_PATH=/home/parallels/ros2_ws/install/hardware_interface/lib:${LD_LIBRARY_PATH} /usr/bin/cmake /home/parallels/ros2_ws/src/ros2_control/controller_interface -DCMAKE_INSTALL_PREFIX=/home/parallels/ros2_ws/install/controller_interface
[0.069s] -- The C compiler identification is GNU 11.4.0
[0.145s] -- The CXX compiler identification is GNU 11.4.0
[0.154s] -- Detecting C compiler ABI info
[0.231s] -- Detecting C compiler ABI info - done
[0.235s] -- Check for working C compiler: /usr/bin/cc - skipped
[0.235s] -- Detecting C compile features
[0.235s] -- Detecting C compile features - done
[0.237s] -- Detecting CXX compiler ABI info
[0.310s] -- Detecting CXX compiler ABI info - done
[0.315s] -- Check for working CXX compiler: /usr/bin/c++ - skipped
[0.315s] -- Detecting CXX compile features
[0.328s] -- Detecting CXX compile features - done
[0.336s] -- Found ament_cmake: 1.3.11 (/opt/ros/humble/share/ament_cmake/cmake)
[0.461s] -- Found Python3: /usr/bin/python3 (found version "3.10.12") found components: Interpreter 
[0.575s] -- Found hardware_interface: 2.41.0 (/home/parallels/ros2_ws/install/hardware_interface/share/hardware_interface/cmake)
[0.641s] -- Found rosidl_generator_c: 3.1.6 (/opt/ros/humble/share/rosidl_generator_c/cmake)
[0.651s] -- Found rosidl_adapter: 3.1.6 (/opt/ros/humble/share/rosidl_adapter/cmake)
[0.662s] -- Found rosidl_generator_cpp: 3.1.6 (/opt/ros/humble/share/rosidl_generator_cpp/cmake)
[0.676s] -- Using all available rosidl_typesupport_c: rosidl_typesupport_fastrtps_c;rosidl_typesupport_introspection_c
[0.695s] -- Using all available rosidl_typesupport_cpp: rosidl_typesupport_fastrtps_cpp;rosidl_typesupport_introspection_cpp
[0.939s] -- Found rmw_implementation_cmake: 6.1.2 (/opt/ros/humble/share/rmw_implementation_cmake/cmake)
[0.944s] -- Found rmw_fastrtps_cpp: 6.2.7 (/opt/ros/humble/share/rmw_fastrtps_cpp/cmake)
[0.974s] -- Found TinyXML2 via Config file: TinyXML2_DIR-NOTFOUND
[1.008s] -- Found OpenSSL: /usr/lib/aarch64-linux-gnu/libcrypto.so (found version "3.0.2")  
[1.015s] -- Found TinyXML2 via Config file: TinyXML2_DIR-NOTFOUND
[1.027s] -- Found FastRTPS: /opt/ros/humble/include  
[1.028s] -- Found TinyXML2 via Config file: TinyXML2_DIR-NOTFOUND
[1.032s] -- Found TinyXML2 via Config file: TinyXML2_DIR-NOTFOUND
[1.037s] -- Using RMW implementation 'rmw_fastrtps_cpp' as default
[1.049s] -- Looking for pthread.h
[1.081s] -- Looking for pthread.h - found
[1.082s] -- Performing Test CMAKE_HAVE_LIBC_PTHREAD
[1.153s] -- Performing Test CMAKE_HAVE_LIBC_PTHREAD - Success
[1.154s] -- Found Threads: TRUE  
[1.202s] -- Found ament_cmake_gmock: 1.3.11 (/opt/ros/humble/share/ament_cmake_gmock/cmake)
[1.209s] -- Found gmock sources under '/opt/ros/humble/src/gmock_vendor': C++ tests using 'Google Mock' will be built
[1.225s] -- Found ament_cmake_gtest: 1.3.11 (/opt/ros/humble/share/ament_cmake_gtest/cmake)
[1.226s] -- Found gtest sources under '/opt/ros/humble/src/gtest_vendor': C++ tests using 'Google Test' will be built
[1.278s] -- Configuring done
[1.359s] -- Generating done
[1.370s] -- Build files have been written to: /home/parallels/ros2_ws/build/controller_interface
[1.377s] Invoked command in '/home/parallels/ros2_ws/build/controller_interface' returned '0': AMENT_PREFIX_PATH=/home/parallels/ros2_ws/install/hardware_interface:/home/parallels/ros2_ws/install/ros2_control_test_assets:${AMENT_PREFIX_PATH} CMAKE_PREFIX_PATH=/home/parallels/ros2_ws/install/hardware_interface:/home/parallels/ros2_ws/install/ros2_control_test_assets:/usr:/opt/ros/humble LD_LIBRARY_PATH=/home/parallels/ros2_ws/install/hardware_interface/lib:${LD_LIBRARY_PATH} /usr/bin/cmake /home/parallels/ros2_ws/src/ros2_control/controller_interface -DCMAKE_INSTALL_PREFIX=/home/parallels/ros2_ws/install/controller_interface
[1.377s] Invoking command in '/home/parallels/ros2_ws/build/controller_interface': AMENT_PREFIX_PATH=/home/parallels/ros2_ws/install/hardware_interface:/home/parallels/ros2_ws/install/ros2_control_test_assets:${AMENT_PREFIX_PATH} CMAKE_PREFIX_PATH=/home/parallels/ros2_ws/install/hardware_interface:/home/parallels/ros2_ws/install/ros2_control_test_assets:/usr:/opt/ros/humble LD_LIBRARY_PATH=/home/parallels/ros2_ws/install/hardware_interface/lib:${LD_LIBRARY_PATH} /usr/bin/cmake --build /home/parallels/ros2_ws/build/controller_interface -- -j4 -l4
[1.413s] [  4%] [32mBuilding CXX object CMakeFiles/controller_interface.dir/src/controller_interface_base.cpp.o[0m
[2.951s] [  9%] [32mBuilding CXX object CMakeFiles/controller_interface.dir/src/controller_interface.cpp.o[0m
[4.384s] [ 14%] [32mBuilding CXX object CMakeFiles/controller_interface.dir/src/chainable_controller_interface.cpp.o[0m
[5.785s] [ 19%] [32m[1mLinking CXX shared library libcontroller_interface.so[0m
[5.866s] [ 19%] Built target controller_interface
[5.874s] [ 23%] [32mBuilding CXX object gmock/CMakeFiles/gmock.dir/opt/ros/humble/src/gtest_vendor/src/gtest-all.cc.o[0m
[7.405s] [ 28%] [32mBuilding CXX object gmock/CMakeFiles/gmock.dir/src/gmock-all.cc.o[0m
[8.316s] [ 33%] [32m[1mLinking CXX static library libgmock.a[0m
[8.364s] [ 33%] Built target gmock
[8.377s] [ 38%] [32mBuilding CXX object gmock/CMakeFiles/gmock_main.dir/src/gmock_main.cc.o[0m
[8.999s] [ 42%] [32m[1mLinking CXX static library libgmock_main.a[0m
[9.013s] [ 42%] Built target gmock_main
[9.023s] [ 47%] [32mBuilding CXX object CMakeFiles/test_controller_interface.dir/test/test_controller_interface.cpp.o[0m
[11.008s] [ 52%] [32m[1mLinking CXX executable test_controller_interface[0m
[11.195s] [ 52%] Built target test_controller_interface
[11.205s] [ 57%] [32mBuilding CXX object CMakeFiles/test_semantic_component_interface.dir/test/test_semantic_component_interface.cpp.o[0m
[12.100s] [ 61%] [32m[1mLinking CXX executable test_semantic_component_interface[0m
[12.281s] [ 61%] Built target test_semantic_component_interface
[12.291s] [ 66%] [32mBuilding CXX object CMakeFiles/test_force_torque_sensor.dir/test/test_force_torque_sensor.cpp.o[0m
[13.152s] [ 71%] [32m[1mLinking CXX executable test_force_torque_sensor[0m
[13.329s] [ 71%] Built target test_force_torque_sensor
[13.332s] [ 76%] [32mBuilding CXX object CMakeFiles/test_imu_sensor.dir/test/test_imu_sensor.cpp.o[0m
[14.099s] [ 80%] [32m[1mLinking CXX executable test_imu_sensor[0m
[14.262s] [ 80%] Built target test_imu_sensor
[14.270s] [ 85%] [32mBuilding CXX object CMakeFiles/test_chainable_controller_interface.dir/test/test_chainable_controller_interface.cpp.o[0m
[16.136s] [ 90%] [32m[1mLinking CXX executable test_chainable_controller_interface[0m
[16.306s] [ 90%] Built target test_chainable_controller_interface
[16.315s] [ 95%] [32mBuilding CXX object CMakeFiles/test_controller_with_options.dir/test/test_controller_with_options.cpp.o[0m
[17.907s] [100%] [32m[1mLinking CXX executable test_controller_with_options[0m
[18.065s] [100%] Built target test_controller_with_options
[18.070s] Invoked command in '/home/parallels/ros2_ws/build/controller_interface' returned '0': AMENT_PREFIX_PATH=/home/parallels/ros2_ws/install/hardware_interface:/home/parallels/ros2_ws/install/ros2_control_test_assets:${AMENT_PREFIX_PATH} CMAKE_PREFIX_PATH=/home/parallels/ros2_ws/install/hardware_interface:/home/parallels/ros2_ws/install/ros2_control_test_assets:/usr:/opt/ros/humble LD_LIBRARY_PATH=/home/parallels/ros2_ws/install/hardware_interface/lib:${LD_LIBRARY_PATH} /usr/bin/cmake --build /home/parallels/ros2_ws/build/controller_interface -- -j4 -l4
[18.071s] Invoking command in '/home/parallels/ros2_ws/build/controller_interface': AMENT_PREFIX_PATH=/home/parallels/ros2_ws/install/hardware_interface:/home/parallels/ros2_ws/install/ros2_control_test_assets:${AMENT_PREFIX_PATH} CMAKE_PREFIX_PATH=/home/parallels/ros2_ws/install/hardware_interface:/home/parallels/ros2_ws/install/ros2_control_test_assets:/usr:/opt/ros/humble LD_LIBRARY_PATH=/home/parallels/ros2_ws/install/hardware_interface/lib:${LD_LIBRARY_PATH} /usr/bin/cmake --install /home/parallels/ros2_ws/build/controller_interface
[18.074s] -- Install configuration: ""
[18.074s] -- Installing: /home/parallels/ros2_ws/install/controller_interface/include
[18.074s] -- Installing: /home/parallels/ros2_ws/install/controller_interface/include/semantic_components
[18.074s] -- Installing: /home/parallels/ros2_ws/install/controller_interface/include/semantic_components/imu_sensor.hpp
[18.074s] -- Installing: /home/parallels/ros2_ws/install/controller_interface/include/semantic_components/semantic_component_interface.hpp
[18.074s] -- Installing: /home/parallels/ros2_ws/install/controller_interface/include/semantic_components/force_torque_sensor.hpp
[18.075s] -- Installing: /home/parallels/ros2_ws/install/controller_interface/include/semantic_components/range_sensor.hpp
[18.075s] -- Installing: /home/parallels/ros2_ws/install/controller_interface/include/controller_interface
[18.075s] -- Installing: /home/parallels/ros2_ws/install/controller_interface/include/controller_interface/chainable_controller_interface.hpp
[18.075s] -- Installing: /home/parallels/ros2_ws/install/controller_interface/include/controller_interface/visibility_control.h
[18.075s] -- Installing: /home/parallels/ros2_ws/install/controller_interface/include/controller_interface/controller_interface_base.hpp
[18.075s] -- Installing: /home/parallels/ros2_ws/install/controller_interface/include/controller_interface/helpers.hpp
[18.075s] -- Installing: /home/parallels/ros2_ws/install/controller_interface/include/controller_interface/controller_interface.hpp
[18.075s] -- Installing: /home/parallels/ros2_ws/install/controller_interface/lib/libcontroller_interface.so
[18.075s] -- Set runtime path of "/home/parallels/ros2_ws/install/controller_interface/lib/libcontroller_interface.so" to ""
[18.075s] -- Installing: /home/parallels/ros2_ws/install/controller_interface/share/controller_interface/environment/library_path.sh
[18.075s] -- Installing: /home/parallels/ros2_ws/install/controller_interface/share/controller_interface/environment/library_path.dsv
[18.075s] -- Installing: /home/parallels/ros2_ws/install/controller_interface/share/ament_index/resource_index/package_run_dependencies/controller_interface
[18.076s] -- Installing: /home/parallels/ros2_ws/install/controller_interface/share/ament_index/resource_index/parent_prefix_path/controller_interface
[18.076s] -- Installing: /home/parallels/ros2_ws/install/controller_interface/share/controller_interface/environment/ament_prefix_path.sh
[18.076s] -- Installing: /home/parallels/ros2_ws/install/controller_interface/share/controller_interface/environment/ament_prefix_path.dsv
[18.076s] -- Installing: /home/parallels/ros2_ws/install/controller_interface/share/controller_interface/environment/path.sh
[18.076s] -- Installing: /home/parallels/ros2_ws/install/controller_interface/share/controller_interface/environment/path.dsv
[18.076s] -- Installing: /home/parallels/ros2_ws/install/controller_interface/share/controller_interface/local_setup.bash
[18.077s] -- Installing: /home/parallels/ros2_ws/install/controller_interface/share/controller_interface/local_setup.sh
[18.077s] -- Installing: /home/parallels/ros2_ws/install/controller_interface/share/controller_interface/local_setup.zsh
[18.077s] -- Installing: /home/parallels/ros2_ws/install/controller_interface/share/controller_interface/local_setup.dsv
[18.077s] -- Installing: /home/parallels/ros2_ws/install/controller_interface/share/controller_interface/package.dsv
[18.077s] -- Installing: /home/parallels/ros2_ws/install/controller_interface/share/ament_index/resource_index/packages/controller_interface
[18.077s] -- Installing: /home/parallels/ros2_ws/install/controller_interface/share/controller_interface/cmake/ament_cmake_export_dependencies-extras.cmake
[18.077s] -- Installing: /home/parallels/ros2_ws/install/controller_interface/share/controller_interface/cmake/ament_cmake_export_include_directories-extras.cmake
[18.077s] -- Installing: /home/parallels/ros2_ws/install/controller_interface/share/controller_interface/cmake/ament_cmake_export_libraries-extras.cmake
[18.077s] -- Installing: /home/parallels/ros2_ws/install/controller_interface/share/controller_interface/cmake/controller_interfaceConfig.cmake
[18.077s] -- Installing: /home/parallels/ros2_ws/install/controller_interface/share/controller_interface/cmake/controller_interfaceConfig-version.cmake
[18.077s] -- Installing: /home/parallels/ros2_ws/install/controller_interface/share/controller_interface/package.xml
[18.077s] Invoked command in '/home/parallels/ros2_ws/build/controller_interface' returned '0': AMENT_PREFIX_PATH=/home/parallels/ros2_ws/install/hardware_interface:/home/parallels/ros2_ws/install/ros2_control_test_assets:${AMENT_PREFIX_PATH} CMAKE_PREFIX_PATH=/home/parallels/ros2_ws/install/hardware_interface:/home/parallels/ros2_ws/install/ros2_control_test_assets:/usr:/opt/ros/humble LD_LIBRARY_PATH=/home/parallels/ros2_ws/install/hardware_interface/lib:${LD_LIBRARY_PATH} /usr/bin/cmake --install /home/parallels/ros2_ws/build/controller_interface
