[0.601s] Invoking command in '/home/parallels/ros2_ws/src/my_py_pkg': CMAKE_PREFIX_PATH=/home/parallels/ros2_ws/install/my_robot_interfaces:/home/parallels/ros2_ws/install/urdf_sim_tutorial:/home/parallels/ros2_ws/install/turtlecatch_bringup:/home/parallels/ros2_ws/install/polygon_plugins:/home/parallels/ros2_ws/install/polygon_base:/home/parallels/ros2_ws/install/my_robot_station_bringup:/home/parallels/ros2_ws/install/my_robot_bringup:/home/parallels/ros2_ws/install/my_cpp_pkg:/home/parallels/ros2_ws/install/my_robot_description:/home/parallels/ros2_ws/install/my_robot_bringup_gazebo:/home/parallels/ros2_ws/install/add_two_ints_cpp:/usr:/usr LD_LIBRARY_PATH=/home/parallels/ros2_ws/install/my_robot_interfaces/lib:/home/parallels/ros2_ws/install/polygon_plugins/lib:/opt/ros/humble/opt/rviz_ogre_vendor/lib:/opt/ros/humble/lib/aarch64-linux-gnu:/opt/ros/humble/lib PYTHONPATH=/home/parallels/ros2_ws/build/my_py_pkg/prefix_override:/usr/lib/python3/dist-packages/colcon_core/task/python/colcon_distutils_commands:/home/parallels/ros2_ws/install/my_py_pkg/lib/python3.10/site-packages:${PYTHONPATH} /usr/bin/python3 -W ignore:setup.py install is deprecated -W ignore:easy_install command is deprecated setup.py egg_info --egg-base ../../build/my_py_pkg build --build-base /home/parallels/ros2_ws/build/my_py_pkg/build install --record /home/parallels/ros2_ws/build/my_py_pkg/install.log --single-version-externally-managed install_data
[0.745s] running egg_info
[0.746s] creating ../../build/my_py_pkg/my_py_pkg.egg-info
[0.746s] writing ../../build/my_py_pkg/my_py_pkg.egg-info/PKG-INFO
[0.746s] writing dependency_links to ../../build/my_py_pkg/my_py_pkg.egg-info/dependency_links.txt
[0.746s] writing entry points to ../../build/my_py_pkg/my_py_pkg.egg-info/entry_points.txt
[0.746s] writing requirements to ../../build/my_py_pkg/my_py_pkg.egg-info/requires.txt
[0.746s] writing top-level names to ../../build/my_py_pkg/my_py_pkg.egg-info/top_level.txt
[0.746s] writing manifest file '../../build/my_py_pkg/my_py_pkg.egg-info/SOURCES.txt'
[0.746s] reading manifest file '../../build/my_py_pkg/my_py_pkg.egg-info/SOURCES.txt'
[0.748s] writing manifest file '../../build/my_py_pkg/my_py_pkg.egg-info/SOURCES.txt'
[0.748s] running build
[0.748s] running build_py
[0.748s] creating /home/parallels/ros2_ws/build/my_py_pkg/build
[0.748s] creating /home/parallels/ros2_ws/build/my_py_pkg/build/lib
[0.748s] creating /home/parallels/ros2_ws/build/my_py_pkg/build/lib/my_py_pkg
[0.748s] copying my_py_pkg/__init__.py -> /home/parallels/ros2_ws/build/my_py_pkg/build/lib/my_py_pkg
[0.748s] copying my_py_pkg/HardwareStatus_publisher.py -> /home/parallels/ros2_ws/build/my_py_pkg/build/lib/my_py_pkg
[0.748s] copying my_py_pkg/robot_news_station.py -> /home/parallels/ros2_ws/build/my_py_pkg/build/lib/my_py_pkg
[0.748s] copying my_py_pkg/hardwarestatus_sub.py -> /home/parallels/ros2_ws/build/my_py_pkg/build/lib/my_py_pkg
[0.748s] copying my_py_pkg/smartphone.py -> /home/parallels/ros2_ws/build/my_py_pkg/build/lib/my_py_pkg
[0.748s] copying my_py_pkg/my_first_node.py -> /home/parallels/ros2_ws/build/my_py_pkg/build/lib/my_py_pkg
[0.748s] copying my_py_pkg/python_temp.py -> /home/parallels/ros2_ws/build/my_py_pkg/build/lib/my_py_pkg
[0.748s] running install
[0.748s] running install_lib
[0.748s] creating /home/parallels/ros2_ws/install/my_py_pkg/lib/python3.10/site-packages/my_py_pkg
[0.748s] copying /home/parallels/ros2_ws/build/my_py_pkg/build/lib/my_py_pkg/__init__.py -> /home/parallels/ros2_ws/install/my_py_pkg/lib/python3.10/site-packages/my_py_pkg
[0.748s] copying /home/parallels/ros2_ws/build/my_py_pkg/build/lib/my_py_pkg/HardwareStatus_publisher.py -> /home/parallels/ros2_ws/install/my_py_pkg/lib/python3.10/site-packages/my_py_pkg
[0.748s] copying /home/parallels/ros2_ws/build/my_py_pkg/build/lib/my_py_pkg/robot_news_station.py -> /home/parallels/ros2_ws/install/my_py_pkg/lib/python3.10/site-packages/my_py_pkg
[0.748s] copying /home/parallels/ros2_ws/build/my_py_pkg/build/lib/my_py_pkg/hardwarestatus_sub.py -> /home/parallels/ros2_ws/install/my_py_pkg/lib/python3.10/site-packages/my_py_pkg
[0.754s] copying /home/parallels/ros2_ws/build/my_py_pkg/build/lib/my_py_pkg/smartphone.py -> /home/parallels/ros2_ws/install/my_py_pkg/lib/python3.10/site-packages/my_py_pkg
[0.755s] copying /home/parallels/ros2_ws/build/my_py_pkg/build/lib/my_py_pkg/my_first_node.py -> /home/parallels/ros2_ws/install/my_py_pkg/lib/python3.10/site-packages/my_py_pkg
[0.755s] copying /home/parallels/ros2_ws/build/my_py_pkg/build/lib/my_py_pkg/python_temp.py -> /home/parallels/ros2_ws/install/my_py_pkg/lib/python3.10/site-packages/my_py_pkg
[0.755s] byte-compiling /home/parallels/ros2_ws/install/my_py_pkg/lib/python3.10/site-packages/my_py_pkg/__init__.py to __init__.cpython-310.pyc
[0.755s] byte-compiling /home/parallels/ros2_ws/install/my_py_pkg/lib/python3.10/site-packages/my_py_pkg/HardwareStatus_publisher.py to HardwareStatus_publisher.cpython-310.pyc
[0.755s] byte-compiling /home/parallels/ros2_ws/install/my_py_pkg/lib/python3.10/site-packages/my_py_pkg/robot_news_station.py to robot_news_station.cpython-310.pyc
[0.755s] byte-compiling /home/parallels/ros2_ws/install/my_py_pkg/lib/python3.10/site-packages/my_py_pkg/hardwarestatus_sub.py to hardwarestatus_sub.cpython-310.pyc
[0.755s] byte-compiling /home/parallels/ros2_ws/install/my_py_pkg/lib/python3.10/site-packages/my_py_pkg/smartphone.py to smartphone.cpython-310.pyc
[0.755s] byte-compiling /home/parallels/ros2_ws/install/my_py_pkg/lib/python3.10/site-packages/my_py_pkg/my_first_node.py to my_first_node.cpython-310.pyc
[0.755s] byte-compiling /home/parallels/ros2_ws/install/my_py_pkg/lib/python3.10/site-packages/my_py_pkg/python_temp.py to python_temp.cpython-310.pyc
[0.755s] running install_data
[0.755s] creating /home/parallels/ros2_ws/install/my_py_pkg/share/ament_index
[0.755s] creating /home/parallels/ros2_ws/install/my_py_pkg/share/ament_index/resource_index
[0.755s] creating /home/parallels/ros2_ws/install/my_py_pkg/share/ament_index/resource_index/packages
[0.755s] copying resource/my_py_pkg -> /home/parallels/ros2_ws/install/my_py_pkg/share/ament_index/resource_index/packages
[0.755s] copying package.xml -> /home/parallels/ros2_ws/install/my_py_pkg/share/my_py_pkg
[0.755s] running install_egg_info
[0.755s] Copying ../../build/my_py_pkg/my_py_pkg.egg-info to /home/parallels/ros2_ws/install/my_py_pkg/lib/python3.10/site-packages/my_py_pkg-0.0.0-py3.10.egg-info
[0.755s] running install_scripts
[0.760s] Installing HardwareStatus_pub script to /home/parallels/ros2_ws/install/my_py_pkg/lib/my_py_pkg
[0.761s] Installing hardware_status_sub script to /home/parallels/ros2_ws/install/my_py_pkg/lib/my_py_pkg
[0.761s] Installing py_node script to /home/parallels/ros2_ws/install/my_py_pkg/lib/my_py_pkg
[0.761s] Installing robot_news_station script to /home/parallels/ros2_ws/install/my_py_pkg/lib/my_py_pkg
[0.761s] Installing smartphone script to /home/parallels/ros2_ws/install/my_py_pkg/lib/my_py_pkg
[0.761s] writing list of installed files to '/home/parallels/ros2_ws/build/my_py_pkg/install.log'
[0.774s] Invoked command in '/home/parallels/ros2_ws/src/my_py_pkg' returned '0': CMAKE_PREFIX_PATH=/home/parallels/ros2_ws/install/my_robot_interfaces:/home/parallels/ros2_ws/install/urdf_sim_tutorial:/home/parallels/ros2_ws/install/turtlecatch_bringup:/home/parallels/ros2_ws/install/polygon_plugins:/home/parallels/ros2_ws/install/polygon_base:/home/parallels/ros2_ws/install/my_robot_station_bringup:/home/parallels/ros2_ws/install/my_robot_bringup:/home/parallels/ros2_ws/install/my_cpp_pkg:/home/parallels/ros2_ws/install/my_robot_description:/home/parallels/ros2_ws/install/my_robot_bringup_gazebo:/home/parallels/ros2_ws/install/add_two_ints_cpp:/usr:/usr LD_LIBRARY_PATH=/home/parallels/ros2_ws/install/my_robot_interfaces/lib:/home/parallels/ros2_ws/install/polygon_plugins/lib:/opt/ros/humble/opt/rviz_ogre_vendor/lib:/opt/ros/humble/lib/aarch64-linux-gnu:/opt/ros/humble/lib PYTHONPATH=/home/parallels/ros2_ws/build/my_py_pkg/prefix_override:/usr/lib/python3/dist-packages/colcon_core/task/python/colcon_distutils_commands:/home/parallels/ros2_ws/install/my_py_pkg/lib/python3.10/site-packages:${PYTHONPATH} /usr/bin/python3 -W ignore:setup.py install is deprecated -W ignore:easy_install command is deprecated setup.py egg_info --egg-base ../../build/my_py_pkg build --build-base /home/parallels/ros2_ws/build/my_py_pkg/build install --record /home/parallels/ros2_ws/build/my_py_pkg/install.log --single-version-externally-managed install_data
