[0.703s] Invoking command in '/home/parallels/ros2_ws/ROS2_Humble/src/actions_py': AMENT_PREFIX_PATH=/home/parallels/ros2_ws/ROS2_Humble/install/my_robot_interfaces:${AMENT_PREFIX_PATH} CMAKE_PREFIX_PATH=/home/parallels/ros2_ws/ROS2_Humble/install/my_robot_interfaces:/home/parallels/ros2_humble/install/lifecycle_cpp:/home/parallels/ros2_ws/install/urdf_sim_tutorial:/home/parallels/ros2_ws/install/turtlecatch_bringup:/home/parallels/ros2_ws/install/polygon_plugins:/home/parallels/ros2_ws/install/polygon_base:/home/parallels/ros2_ws/install/my_robot_station_bringup:/home/parallels/ros2_ws/install/my_robot_bringup:/home/parallels/ros2_ws/install/my_cpp_pkg:/home/parallels/ros2_ws/install/actions_cpp:/home/parallels/ros2_ws/install/my_robot_interfaces:/home/parallels/ros2_ws/install/my_robot_bringup_gazebo:/home/parallels/ros2_ws/install/my_robot_description:/home/parallels/ros2_ws/install/add_two_ints_cpp:/usr LD_LIBRARY_PATH=/home/parallels/ros2_ws/ROS2_Humble/install/my_robot_interfaces/lib:${LD_LIBRARY_PATH} PYTHONPATH=/home/parallels/ros2_ws/ROS2_Humble/build/actions_py/prefix_override:/usr/lib/python3/dist-packages/colcon_core/task/python/colcon_distutils_commands:/home/parallels/ros2_ws/ROS2_Humble/install/actions_py/lib/python3.10/site-packages:/home/parallels/ros2_ws/ROS2_Humble/install/my_robot_interfaces/local/lib/python3.10/dist-packages:${PYTHONPATH} /usr/bin/python3 -W ignore:setup.py install is deprecated -W ignore:easy_install command is deprecated setup.py egg_info --egg-base ../../build/actions_py build --build-base /home/parallels/ros2_ws/ROS2_Humble/build/actions_py/build install --record /home/parallels/ros2_ws/ROS2_Humble/build/actions_py/install.log --single-version-externally-managed install_data
[0.852s] running egg_info
[0.852s] writing ../../build/actions_py/actions_py.egg-info/PKG-INFO
[0.852s] writing dependency_links to ../../build/actions_py/actions_py.egg-info/dependency_links.txt
[0.852s] writing entry points to ../../build/actions_py/actions_py.egg-info/entry_points.txt
[0.852s] writing requirements to ../../build/actions_py/actions_py.egg-info/requires.txt
[0.852s] writing top-level names to ../../build/actions_py/actions_py.egg-info/top_level.txt
[0.853s] reading manifest file '../../build/actions_py/actions_py.egg-info/SOURCES.txt'
[0.853s] writing manifest file '../../build/actions_py/actions_py.egg-info/SOURCES.txt'
[0.853s] running build
[0.853s] running build_py
[0.853s] running install
[0.853s] running install_lib
[0.853s] running install_data
[0.853s] running install_egg_info
[0.853s] removing '/home/parallels/ros2_ws/ROS2_Humble/install/actions_py/lib/python3.10/site-packages/actions_py-0.0.0-py3.10.egg-info' (and everything under it)
[0.853s] Copying ../../build/actions_py/actions_py.egg-info to /home/parallels/ros2_ws/ROS2_Humble/install/actions_py/lib/python3.10/site-packages/actions_py-0.0.0-py3.10.egg-info
[0.854s] running install_scripts
[0.867s] Installing count_until_client script to /home/parallels/ros2_ws/ROS2_Humble/install/actions_py/lib/actions_py
[0.867s] Installing count_until_server script to /home/parallels/ros2_ws/ROS2_Humble/install/actions_py/lib/actions_py
[0.867s] Installing reach_until_client script to /home/parallels/ros2_ws/ROS2_Humble/install/actions_py/lib/actions_py
[0.867s] Installing reach_until_server script to /home/parallels/ros2_ws/ROS2_Humble/install/actions_py/lib/actions_py
[0.867s] writing list of installed files to '/home/parallels/ros2_ws/ROS2_Humble/build/actions_py/install.log'
[0.894s] Invoked command in '/home/parallels/ros2_ws/ROS2_Humble/src/actions_py' returned '0': AMENT_PREFIX_PATH=/home/parallels/ros2_ws/ROS2_Humble/install/my_robot_interfaces:${AMENT_PREFIX_PATH} CMAKE_PREFIX_PATH=/home/parallels/ros2_ws/ROS2_Humble/install/my_robot_interfaces:/home/parallels/ros2_humble/install/lifecycle_cpp:/home/parallels/ros2_ws/install/urdf_sim_tutorial:/home/parallels/ros2_ws/install/turtlecatch_bringup:/home/parallels/ros2_ws/install/polygon_plugins:/home/parallels/ros2_ws/install/polygon_base:/home/parallels/ros2_ws/install/my_robot_station_bringup:/home/parallels/ros2_ws/install/my_robot_bringup:/home/parallels/ros2_ws/install/my_cpp_pkg:/home/parallels/ros2_ws/install/actions_cpp:/home/parallels/ros2_ws/install/my_robot_interfaces:/home/parallels/ros2_ws/install/my_robot_bringup_gazebo:/home/parallels/ros2_ws/install/my_robot_description:/home/parallels/ros2_ws/install/add_two_ints_cpp:/usr LD_LIBRARY_PATH=/home/parallels/ros2_ws/ROS2_Humble/install/my_robot_interfaces/lib:${LD_LIBRARY_PATH} PYTHONPATH=/home/parallels/ros2_ws/ROS2_Humble/build/actions_py/prefix_override:/usr/lib/python3/dist-packages/colcon_core/task/python/colcon_distutils_commands:/home/parallels/ros2_ws/ROS2_Humble/install/actions_py/lib/python3.10/site-packages:/home/parallels/ros2_ws/ROS2_Humble/install/my_robot_interfaces/local/lib/python3.10/dist-packages:${PYTHONPATH} /usr/bin/python3 -W ignore:setup.py install is deprecated -W ignore:easy_install command is deprecated setup.py egg_info --egg-base ../../build/actions_py build --build-base /home/parallels/ros2_ws/ROS2_Humble/build/actions_py/build install --record /home/parallels/ros2_ws/ROS2_Humble/build/actions_py/install.log --single-version-externally-managed install_data
