[0.052s] Invoking command in '/home/parallels/ros2_ws/build/ros_gz_interfaces': CMAKE_PREFIX_PATH=${CMAKE_PREFIX_PATH}:/home/parallels/ros2_ws/install/turtlesim_catch_them_all:/home/parallels/ros2_ws/install/rqt_joint_trajectory_controller:/home/parallels/ros2_ws/install/rqt_controller_manager:/home/parallels/ros2_ws/install/ros2controlcli:/home/parallels/ros2_ws/install/ros2_controllers_test_nodes:/home/parallels/ros2_ws/install/number_counter:/home/parallels/ros2_ws/install/my_py_pkg:/home/parallels/ros2_ws/install/add_two_ints:/opt/ros/humble /usr/bin/cmake /home/parallels/ros2_ws/src/ros_gz/ros_gz_interfaces -DCMAKE_INSTALL_PREFIX=/home/parallels/ros2_ws/install/ros_gz_interfaces
[0.069s] -- Found ament_cmake: 1.3.11 (/opt/ros/humble/share/ament_cmake/cmake)
[0.205s] -- Found builtin_interfaces: 1.2.1 (/opt/ros/humble/share/builtin_interfaces/cmake)
[0.228s] -- Found rosidl_generator_c: 3.1.6 (/opt/ros/humble/share/rosidl_generator_c/cmake)
[0.229s] -- Found rosidl_adapter: 3.1.6 (/opt/ros/humble/share/rosidl_adapter/cmake)
[0.242s] -- Found rosidl_generator_cpp: 3.1.6 (/opt/ros/humble/share/rosidl_generator_cpp/cmake)
[0.252s] -- Using all available rosidl_typesupport_c: rosidl_typesupport_fastrtps_c;rosidl_typesupport_introspection_c
[0.278s] -- Using all available rosidl_typesupport_cpp: rosidl_typesupport_fastrtps_cpp;rosidl_typesupport_introspection_cpp
[0.294s] -- Found rcl_interfaces: 1.2.1 (/opt/ros/humble/share/rcl_interfaces/cmake)
[0.308s] -- Found std_msgs: 4.2.4 (/opt/ros/humble/share/std_msgs/cmake)
[0.322s] -- Found geometry_msgs: 4.2.4 (/opt/ros/humble/share/geometry_msgs/cmake)
[0.336s] [31mCMake Error at CMakeLists.txt:17 (find_package):
[0.336s]   By not providing "Findrosidl_default_generators.cmake" in CMAKE_MODULE_PATH
[0.336s]   this project has asked CMake to find a package configuration file provided
[0.336s]   by "rosidl_default_generators", but CMake did not find one.
[0.336s] 
[0.336s]   Could not find a package configuration file provided by
[0.336s]   "rosidl_default_generators" with any of the following names:
[0.336s] 
[0.336s]     rosidl_default_generatorsConfig.cmake
[0.336s]     rosidl_default_generators-config.cmake
[0.336s] 
[0.336s]   Add the installation prefix of "rosidl_default_generators" to
[0.336s]   CMAKE_PREFIX_PATH or set "rosidl_default_generators_DIR" to a directory
[0.336s]   containing one of the above files.  If "rosidl_default_generators" provides
[0.336s]   a separate development package or SDK, be sure it has been installed.
[0.336s] 
[0.336s] [0m
[0.336s] -- Configuring incomplete, errors occurred!
[0.336s] See also "/home/parallels/ros2_ws/build/ros_gz_interfaces/CMakeFiles/CMakeOutput.log".
