[0.023s] Invoking command in '/home/parallels/ros2_ws/ROS2_Humble/build/my_robot_interfaces': CMAKE_PREFIX_PATH=${CMAKE_PREFIX_PATH}:/home/parallels/ros2_humble/install/lifecycle_py:/home/parallels/ros2_ws/install/turtlesim_catch_them_all:/home/parallels/ros2_ws/install/number_counter:/home/parallels/ros2_ws/install/my_py_pkg:/home/parallels/ros2_ws/install/actions_py:/home/parallels/ros2_ws/install/add_two_ints:/opt/ros/humble /usr/bin/cmake /home/parallels/ros2_ws/ROS2_Humble/src/my_robot_interfaces -DCMAKE_INSTALL_PREFIX=/home/parallels/ros2_ws/ROS2_Humble/install/my_robot_interfaces
[0.466s] -- The C compiler identification is GNU 11.4.0
[0.466s] -- The CXX compiler identification is GNU 11.4.0
[0.466s] -- Detecting C compiler ABI info
[0.466s] -- Detecting C compiler ABI info - done
[0.466s] -- Check for working C compiler: /usr/bin/cc - skipped
[0.466s] -- Detecting C compile features
[0.466s] -- Detecting C compile features - done
[0.466s] -- Detecting CXX compiler ABI info
[0.466s] -- Detecting CXX compiler ABI info - done
[0.466s] -- Check for working CXX compiler: /usr/bin/c++ - skipped
[0.466s] -- Detecting CXX compile features
[0.466s] -- Detecting CXX compile features - done
[0.466s] -- Found ament_cmake: 1.3.11 (/opt/ros/humble/share/ament_cmake/cmake)
[0.466s] -- Found Python3: /usr/bin/python3 (found version "3.10.12") found components: Interpreter 
[0.466s] -- Found rosidl_default_generators: 1.2.0 (/opt/ros/humble/share/rosidl_default_generators/cmake)
[0.466s] -- Using all available rosidl_typesupport_c: rosidl_typesupport_fastrtps_c;rosidl_typesupport_introspection_c
[0.466s] -- Found rosidl_adapter: 3.1.6 (/opt/ros/humble/share/rosidl_adapter/cmake)
[0.466s] -- Using all available rosidl_typesupport_cpp: rosidl_typesupport_fastrtps_cpp;rosidl_typesupport_introspection_cpp
[0.896s] -- Found ament_cmake_ros: 0.10.0 (/opt/ros/humble/share/ament_cmake_ros/cmake)
[1.150s] -- Using all available rosidl_typesupport_c: rosidl_typesupport_fastrtps_c;rosidl_typesupport_introspection_c
[1.384s] -- Using all available rosidl_typesupport_cpp: rosidl_typesupport_fastrtps_cpp;rosidl_typesupport_introspection_cpp
[1.414s] -- Found PythonInterp: /usr/bin/python3 (found suitable version "3.10.12", minimum required is "3.6") 
[1.415s] -- Found python_cmake_module: 0.10.0 (/opt/ros/humble/share/python_cmake_module/cmake)
[1.444s] -- Found PythonLibs: /usr/lib/aarch64-linux-gnu/libpython3.10.so (found suitable version "3.10.12", minimum required is "3.5") 
[1.445s] -- Using PYTHON_EXECUTABLE: /usr/bin/python3
[1.445s] -- Using PYTHON_INCLUDE_DIRS: /usr/include/python3.10
[1.445s] -- Using PYTHON_LIBRARIES: /usr/lib/aarch64-linux-gnu/libpython3.10.so
[1.460s] -- Found PythonExtra: .so  
[1.494s] -- Configuring done
[1.547s] -- Generating done
[1.565s] -- Build files have been written to: /home/parallels/ros2_ws/ROS2_Humble/build/my_robot_interfaces
[1.583s] Invoked command in '/home/parallels/ros2_ws/ROS2_Humble/build/my_robot_interfaces' returned '0': CMAKE_PREFIX_PATH=${CMAKE_PREFIX_PATH}:/home/parallels/ros2_humble/install/lifecycle_py:/home/parallels/ros2_ws/install/turtlesim_catch_them_all:/home/parallels/ros2_ws/install/number_counter:/home/parallels/ros2_ws/install/my_py_pkg:/home/parallels/ros2_ws/install/actions_py:/home/parallels/ros2_ws/install/add_two_ints:/opt/ros/humble /usr/bin/cmake /home/parallels/ros2_ws/ROS2_Humble/src/my_robot_interfaces -DCMAKE_INSTALL_PREFIX=/home/parallels/ros2_ws/ROS2_Humble/install/my_robot_interfaces
[1.583s] Invoking command in '/home/parallels/ros2_ws/ROS2_Humble/build/my_robot_interfaces': CMAKE_PREFIX_PATH=${CMAKE_PREFIX_PATH}:/home/parallels/ros2_humble/install/lifecycle_py:/home/parallels/ros2_ws/install/turtlesim_catch_them_all:/home/parallels/ros2_ws/install/number_counter:/home/parallels/ros2_ws/install/my_py_pkg:/home/parallels/ros2_ws/install/actions_py:/home/parallels/ros2_ws/install/add_two_ints:/opt/ros/humble /usr/bin/cmake --build /home/parallels/ros2_ws/ROS2_Humble/build/my_robot_interfaces -- -j8 -l8
[1.619s] [  1%] [34m[1mGenerating C++ code for ROS interfaces[0m
[1.633s] [  2%] [34m[1mGenerating C code for ROS interfaces[0m
[1.638s] [  2%] Built target ament_cmake_python_copy_my_robot_interfaces
[1.898s] running egg_info
[1.899s] creating my_robot_interfaces.egg-info
[1.899s] writing my_robot_interfaces.egg-info/PKG-INFO
[1.899s] writing dependency_links to my_robot_interfaces.egg-info/dependency_links.txt
[1.899s] writing top-level names to my_robot_interfaces.egg-info/top_level.txt
[1.899s] writing manifest file 'my_robot_interfaces.egg-info/SOURCES.txt'
[1.902s] reading manifest file 'my_robot_interfaces.egg-info/SOURCES.txt'
[1.902s] writing manifest file 'my_robot_interfaces.egg-info/SOURCES.txt'
[1.926s] [  2%] Built target ament_cmake_python_build_my_robot_interfaces_egg
[3.624s] [  4%] [32mBuilding C object CMakeFiles/my_robot_interfaces__rosidl_generator_c.dir/rosidl_generator_c/my_robot_interfaces/msg/detail/led_states__functions.c.o[0m
[3.624s] [  4%] [32mBuilding C object CMakeFiles/my_robot_interfaces__rosidl_generator_c.dir/rosidl_generator_c/my_robot_interfaces/msg/detail/hardware_status__functions.c.o[0m
[3.631s] [  5%] [32mBuilding C object CMakeFiles/my_robot_interfaces__rosidl_generator_c.dir/rosidl_generator_c/my_robot_interfaces/msg/detail/turtle__functions.c.o[0m
[3.686s] [  6%] [32mBuilding C object CMakeFiles/my_robot_interfaces__rosidl_generator_c.dir/rosidl_generator_c/my_robot_interfaces/msg/detail/turtle_array__functions.c.o[0m
[3.708s] [  7%] [32mBuilding C object CMakeFiles/my_robot_interfaces__rosidl_generator_c.dir/rosidl_generator_c/my_robot_interfaces/srv/detail/compute_rectangle_area__functions.c.o[0m
[3.730s] [  8%] [32mBuilding C object CMakeFiles/my_robot_interfaces__rosidl_generator_c.dir/rosidl_generator_c/my_robot_interfaces/srv/detail/set_led__functions.c.o[0m
[3.835s] [ 10%] [32mBuilding C object CMakeFiles/my_robot_interfaces__rosidl_generator_c.dir/rosidl_generator_c/my_robot_interfaces/srv/detail/catch__functions.c.o[0m
[3.836s] [ 10%] [32mBuilding C object CMakeFiles/my_robot_interfaces__rosidl_generator_c.dir/rosidl_generator_c/my_robot_interfaces/action/detail/count_until__functions.c.o[0m
[3.843s] [ 11%] [32mBuilding C object CMakeFiles/my_robot_interfaces__rosidl_generator_c.dir/rosidl_generator_c/my_robot_interfaces/action/detail/reach_until__functions.c.o[0m
[3.963s] [ 11%] Built target my_robot_interfaces__cpp
[3.972s] [ 12%] [34m[1mGenerating C++ type support dispatch for ROS interfaces[0m
[3.979s] [ 13%] [34m[1mGenerating C++ type support for eProsima Fast-RTPS[0m
[3.999s] [ 14%] [34m[1mGenerating C++ introspection for ROS interfaces[0m
[4.213s] [ 15%] [32m[1mLinking C shared library libmy_robot_interfaces__rosidl_generator_c.so[0m
[4.430s] [ 15%] Built target my_robot_interfaces__rosidl_generator_c
[4.444s] [ 16%] [34m[1mGenerating C type support for eProsima Fast-RTPS[0m
[4.526s] [ 17%] [34m[1mGenerating C introspection for ROS interfaces[0m
[4.543s] [ 18%] [34m[1mGenerating C type support dispatch for ROS interfaces[0m
[5.084s] [ 20%] [32mBuilding CXX object CMakeFiles/my_robot_interfaces__rosidl_typesupport_cpp.dir/rosidl_typesupport_cpp/my_robot_interfaces/msg/hardware_status__type_support.cpp.o[0m
[5.111s] [ 21%] [32mBuilding CXX object CMakeFiles/my_robot_interfaces__rosidl_typesupport_cpp.dir/rosidl_typesupport_cpp/my_robot_interfaces/msg/led_states__type_support.cpp.o[0m
[5.152s] [ 22%] [32mBuilding CXX object CMakeFiles/my_robot_interfaces__rosidl_typesupport_cpp.dir/rosidl_typesupport_cpp/my_robot_interfaces/msg/turtle__type_support.cpp.o[0m
[5.271s] [ 23%] [32mBuilding CXX object CMakeFiles/my_robot_interfaces__rosidl_typesupport_introspection_cpp.dir/rosidl_typesupport_introspection_cpp/my_robot_interfaces/msg/detail/hardware_status__type_support.cpp.o[0m
[5.610s] [ 24%] [32mBuilding CXX object CMakeFiles/my_robot_interfaces__rosidl_typesupport_cpp.dir/rosidl_typesupport_cpp/my_robot_interfaces/msg/turtle_array__type_support.cpp.o[0m
[5.676s] [ 25%] [32mBuilding CXX object CMakeFiles/my_robot_interfaces__rosidl_typesupport_cpp.dir/rosidl_typesupport_cpp/my_robot_interfaces/srv/compute_rectangle_area__type_support.cpp.o[0m
[5.710s] [ 26%] [32mBuilding CXX object CMakeFiles/my_robot_interfaces__rosidl_typesupport_cpp.dir/rosidl_typesupport_cpp/my_robot_interfaces/srv/set_led__type_support.cpp.o[0m
[5.715s] [ 27%] [32mBuilding CXX object CMakeFiles/my_robot_interfaces__rosidl_typesupport_c.dir/rosidl_typesupport_c/my_robot_interfaces/msg/hardware_status__type_support.cpp.o[0m
[5.737s] [ 28%] [32mBuilding CXX object CMakeFiles/my_robot_interfaces__rosidl_typesupport_c.dir/rosidl_typesupport_c/my_robot_interfaces/msg/led_states__type_support.cpp.o[0m
[5.790s] [ 29%] [32mBuilding CXX object CMakeFiles/my_robot_interfaces__rosidl_typesupport_introspection_cpp.dir/rosidl_typesupport_introspection_cpp/my_robot_interfaces/msg/detail/led_states__type_support.cpp.o[0m
[5.803s] [ 30%] [32mBuilding CXX object CMakeFiles/my_robot_interfaces__rosidl_typesupport_fastrtps_cpp.dir/rosidl_typesupport_fastrtps_cpp/my_robot_interfaces/msg/detail/dds_fastrtps/hardware_status__type_support.cpp.o[0m
[5.818s] [ 31%] [32mBuilding CXX object CMakeFiles/my_robot_interfaces__rosidl_typesupport_c.dir/rosidl_typesupport_c/my_robot_interfaces/msg/turtle__type_support.cpp.o[0m
[6.009s] [ 33%] [32mBuilding CXX object CMakeFiles/my_robot_interfaces__rosidl_typesupport_c.dir/rosidl_typesupport_c/my_robot_interfaces/msg/turtle_array__type_support.cpp.o[0m
[6.009s] [ 33%] [32mBuilding CXX object CMakeFiles/my_robot_interfaces__rosidl_typesupport_fastrtps_cpp.dir/rosidl_typesupport_fastrtps_cpp/my_robot_interfaces/msg/detail/dds_fastrtps/led_states__type_support.cpp.o[0m
[6.114s] [ 34%] [32mBuilding CXX object CMakeFiles/my_robot_interfaces__rosidl_typesupport_c.dir/rosidl_typesupport_c/my_robot_interfaces/srv/compute_rectangle_area__type_support.cpp.o[0m
[6.153s] [ 35%] [32mBuilding CXX object CMakeFiles/my_robot_interfaces__rosidl_typesupport_cpp.dir/rosidl_typesupport_cpp/my_robot_interfaces/srv/catch__type_support.cpp.o[0m
[6.219s] [ 36%] [32mBuilding CXX object CMakeFiles/my_robot_interfaces__rosidl_typesupport_fastrtps_cpp.dir/rosidl_typesupport_fastrtps_cpp/my_robot_interfaces/msg/detail/dds_fastrtps/turtle__type_support.cpp.o[0m
[6.265s] [ 37%] [32mBuilding CXX object CMakeFiles/my_robot_interfaces__rosidl_typesupport_c.dir/rosidl_typesupport_c/my_robot_interfaces/srv/set_led__type_support.cpp.o[0m
[6.281s] [ 38%] [32mBuilding CXX object CMakeFiles/my_robot_interfaces__rosidl_typesupport_introspection_cpp.dir/rosidl_typesupport_introspection_cpp/my_robot_interfaces/msg/detail/turtle__type_support.cpp.o[0m
[6.386s] [ 40%] [32mBuilding CXX object CMakeFiles/my_robot_interfaces__rosidl_typesupport_c.dir/rosidl_typesupport_c/my_robot_interfaces/srv/catch__type_support.cpp.o[0m
[6.556s] [ 41%] [32mBuilding CXX object CMakeFiles/my_robot_interfaces__rosidl_typesupport_fastrtps_cpp.dir/rosidl_typesupport_fastrtps_cpp/my_robot_interfaces/msg/detail/dds_fastrtps/turtle_array__type_support.cpp.o[0m
[6.559s] [ 42%] [32mBuilding CXX object CMakeFiles/my_robot_interfaces__rosidl_typesupport_c.dir/rosidl_typesupport_c/my_robot_interfaces/action/count_until__type_support.cpp.o[0m
[6.560s] [ 43%] [32mBuilding C object CMakeFiles/my_robot_interfaces__rosidl_typesupport_introspection_c.dir/rosidl_typesupport_introspection_c/my_robot_interfaces/msg/detail/hardware_status__type_support.c.o[0m
[6.639s] [ 45%] [32mBuilding CXX object CMakeFiles/my_robot_interfaces__rosidl_typesupport_fastrtps_c.dir/rosidl_typesupport_fastrtps_c/my_robot_interfaces/msg/detail/hardware_status__type_support_c.cpp.o[0m
[6.639s] [ 45%] [32mBuilding CXX object CMakeFiles/my_robot_interfaces__rosidl_typesupport_fastrtps_cpp.dir/rosidl_typesupport_fastrtps_cpp/my_robot_interfaces/srv/detail/dds_fastrtps/compute_rectangle_area__type_support.cpp.o[0m
[6.643s] [ 46%] [32mBuilding CXX object CMakeFiles/my_robot_interfaces__rosidl_typesupport_c.dir/rosidl_typesupport_c/my_robot_interfaces/action/reach_until__type_support.cpp.o[0m
[6.655s] [ 47%] [32mBuilding C object CMakeFiles/my_robot_interfaces__rosidl_typesupport_introspection_c.dir/rosidl_typesupport_introspection_c/my_robot_interfaces/msg/detail/led_states__type_support.c.o[0m
[6.701s] [ 48%] [32mBuilding CXX object CMakeFiles/my_robot_interfaces__rosidl_typesupport_cpp.dir/rosidl_typesupport_cpp/my_robot_interfaces/action/count_until__type_support.cpp.o[0m
[6.723s] [ 49%] [32m[1mLinking CXX shared library libmy_robot_interfaces__rosidl_typesupport_c.so[0m
[6.729s] [ 50%] [32mBuilding C object CMakeFiles/my_robot_interfaces__rosidl_typesupport_introspection_c.dir/rosidl_typesupport_introspection_c/my_robot_interfaces/msg/detail/turtle__type_support.c.o[0m
[6.753s] [ 51%] [32mBuilding CXX object CMakeFiles/my_robot_interfaces__rosidl_typesupport_fastrtps_cpp.dir/rosidl_typesupport_fastrtps_cpp/my_robot_interfaces/srv/detail/dds_fastrtps/set_led__type_support.cpp.o[0m
[6.830s] [ 52%] [32mBuilding C object CMakeFiles/my_robot_interfaces__rosidl_typesupport_introspection_c.dir/rosidl_typesupport_introspection_c/my_robot_interfaces/msg/detail/turtle_array__type_support.c.o[0m
[6.837s] [ 52%] Built target my_robot_interfaces__rosidl_typesupport_c
[6.845s] [ 53%] [32mBuilding C object CMakeFiles/my_robot_interfaces__rosidl_typesupport_introspection_c.dir/rosidl_typesupport_introspection_c/my_robot_interfaces/srv/detail/compute_rectangle_area__type_support.c.o[0m
[6.897s] [ 54%] [32mBuilding C object CMakeFiles/my_robot_interfaces__rosidl_typesupport_introspection_c.dir/rosidl_typesupport_introspection_c/my_robot_interfaces/srv/detail/set_led__type_support.c.o[0m
[6.897s] [ 55%] [32mBuilding C object CMakeFiles/my_robot_interfaces__rosidl_typesupport_introspection_c.dir/rosidl_typesupport_introspection_c/my_robot_interfaces/srv/detail/catch__type_support.c.o[0m
[6.930s] [ 56%] [32mBuilding C object CMakeFiles/my_robot_interfaces__rosidl_typesupport_introspection_c.dir/rosidl_typesupport_introspection_c/my_robot_interfaces/action/detail/count_until__type_support.c.o[0m
[6.936s] [ 57%] [32mBuilding CXX object CMakeFiles/my_robot_interfaces__rosidl_typesupport_introspection_cpp.dir/rosidl_typesupport_introspection_cpp/my_robot_interfaces/msg/detail/turtle_array__type_support.cpp.o[0m
[6.941s] [ 58%] [32mBuilding CXX object CMakeFiles/my_robot_interfaces__rosidl_typesupport_fastrtps_cpp.dir/rosidl_typesupport_fastrtps_cpp/my_robot_interfaces/srv/detail/dds_fastrtps/catch__type_support.cpp.o[0m
[7.005s] [ 60%] [32mBuilding C object CMakeFiles/my_robot_interfaces__rosidl_typesupport_introspection_c.dir/rosidl_typesupport_introspection_c/my_robot_interfaces/action/detail/reach_until__type_support.c.o[0m
[7.007s] [ 61%] [32mBuilding CXX object CMakeFiles/my_robot_interfaces__rosidl_typesupport_fastrtps_c.dir/rosidl_typesupport_fastrtps_c/my_robot_interfaces/msg/detail/led_states__type_support_c.cpp.o[0m
[7.070s] [ 62%] [32mBuilding CXX object CMakeFiles/my_robot_interfaces__rosidl_typesupport_fastrtps_cpp.dir/rosidl_typesupport_fastrtps_cpp/my_robot_interfaces/action/detail/dds_fastrtps/count_until__type_support.cpp.o[0m
[7.170s] [ 63%] [32m[1mLinking C shared library libmy_robot_interfaces__rosidl_typesupport_introspection_c.so[0m
[7.181s] [ 64%] [32mBuilding CXX object CMakeFiles/my_robot_interfaces__rosidl_typesupport_fastrtps_cpp.dir/rosidl_typesupport_fastrtps_cpp/my_robot_interfaces/action/detail/dds_fastrtps/reach_until__type_support.cpp.o[0m
[7.316s] [ 65%] [32mBuilding CXX object CMakeFiles/my_robot_interfaces__rosidl_typesupport_cpp.dir/rosidl_typesupport_cpp/my_robot_interfaces/action/reach_until__type_support.cpp.o[0m
[7.346s] [ 65%] Built target my_robot_interfaces__rosidl_typesupport_introspection_c
[7.380s] [ 66%] [32mBuilding CXX object CMakeFiles/my_robot_interfaces__rosidl_typesupport_introspection_cpp.dir/rosidl_typesupport_introspection_cpp/my_robot_interfaces/srv/detail/compute_rectangle_area__type_support.cpp.o[0m
[7.403s] [ 67%] [32mBuilding CXX object CMakeFiles/my_robot_interfaces__rosidl_typesupport_fastrtps_c.dir/rosidl_typesupport_fastrtps_c/my_robot_interfaces/msg/detail/turtle__type_support_c.cpp.o[0m
[7.408s] [ 68%] [32mBuilding CXX object CMakeFiles/my_robot_interfaces__rosidl_typesupport_fastrtps_c.dir/rosidl_typesupport_fastrtps_c/my_robot_interfaces/msg/detail/turtle_array__type_support_c.cpp.o[0m
[7.522s] [ 69%] [32mBuilding CXX object CMakeFiles/my_robot_interfaces__rosidl_typesupport_fastrtps_c.dir/rosidl_typesupport_fastrtps_c/my_robot_interfaces/srv/detail/compute_rectangle_area__type_support_c.cpp.o[0m
[7.566s] [ 70%] [32mBuilding CXX object CMakeFiles/my_robot_interfaces__rosidl_typesupport_fastrtps_c.dir/rosidl_typesupport_fastrtps_c/my_robot_interfaces/srv/detail/set_led__type_support_c.cpp.o[0m
[7.733s] [ 71%] [32mBuilding CXX object CMakeFiles/my_robot_interfaces__rosidl_typesupport_fastrtps_c.dir/rosidl_typesupport_fastrtps_c/my_robot_interfaces/srv/detail/catch__type_support_c.cpp.o[0m
[7.738s] [ 72%] [32mBuilding CXX object CMakeFiles/my_robot_interfaces__rosidl_typesupport_fastrtps_c.dir/rosidl_typesupport_fastrtps_c/my_robot_interfaces/action/detail/count_until__type_support_c.cpp.o[0m
[7.826s] [ 73%] [32m[1mLinking CXX shared library libmy_robot_interfaces__rosidl_typesupport_fastrtps_cpp.so[0m
[7.879s] [ 74%] [32mBuilding CXX object CMakeFiles/my_robot_interfaces__rosidl_typesupport_introspection_cpp.dir/rosidl_typesupport_introspection_cpp/my_robot_interfaces/srv/detail/set_led__type_support.cpp.o[0m
[7.901s] [ 75%] [32mBuilding CXX object CMakeFiles/my_robot_interfaces__rosidl_typesupport_fastrtps_c.dir/rosidl_typesupport_fastrtps_c/my_robot_interfaces/action/detail/reach_until__type_support_c.cpp.o[0m
[7.962s] [ 75%] Built target my_robot_interfaces__rosidl_typesupport_fastrtps_cpp
[8.009s] [ 77%] [32mBuilding CXX object CMakeFiles/my_robot_interfaces__rosidl_typesupport_introspection_cpp.dir/rosidl_typesupport_introspection_cpp/my_robot_interfaces/action/detail/reach_until__type_support.cpp.o[0m
[8.009s] [ 78%] [32mBuilding CXX object CMakeFiles/my_robot_interfaces__rosidl_typesupport_introspection_cpp.dir/rosidl_typesupport_introspection_cpp/my_robot_interfaces/action/detail/count_until__type_support.cpp.o[0m
[8.009s] [ 80%] [32mBuilding CXX object CMakeFiles/my_robot_interfaces__rosidl_typesupport_introspection_cpp.dir/rosidl_typesupport_introspection_cpp/my_robot_interfaces/srv/detail/catch__type_support.cpp.o[0m
[8.010s] [ 80%] [32m[1mLinking CXX shared library libmy_robot_interfaces__rosidl_typesupport_cpp.so[0m
[8.206s] [ 80%] Built target my_robot_interfaces__rosidl_typesupport_cpp
[8.335s] [ 81%] [32m[1mLinking CXX shared library libmy_robot_interfaces__rosidl_typesupport_fastrtps_c.so[0m
[8.451s] [ 81%] Built target my_robot_interfaces__rosidl_typesupport_fastrtps_c
[8.620s] [ 82%] [32m[1mLinking CXX shared library libmy_robot_interfaces__rosidl_typesupport_introspection_cpp.so[0m
[8.680s] [ 82%] Built target my_robot_interfaces__rosidl_typesupport_introspection_cpp
[8.696s] [ 82%] Built target my_robot_interfaces
[8.704s] [ 83%] [34m[1mGenerating Python code for ROS interfaces[0m
[9.727s] [ 83%] Built target my_robot_interfaces__py
[9.734s] [ 84%] [32mBuilding C object CMakeFiles/my_robot_interfaces__rosidl_generator_py.dir/rosidl_generator_py/my_robot_interfaces/msg/_hardware_status_s.c.o[0m
[9.735s] [ 85%] [32mBuilding C object CMakeFiles/my_robot_interfaces__rosidl_generator_py.dir/rosidl_generator_py/my_robot_interfaces/msg/_led_states_s.c.o[0m
[9.735s] [ 86%] [32mBuilding C object CMakeFiles/my_robot_interfaces__rosidl_generator_py.dir/rosidl_generator_py/my_robot_interfaces/msg/_turtle_s.c.o[0m
[9.737s] [ 87%] [32mBuilding C object CMakeFiles/my_robot_interfaces__rosidl_generator_py.dir/rosidl_generator_py/my_robot_interfaces/msg/_turtle_array_s.c.o[0m
[9.738s] [ 89%] [32mBuilding C object CMakeFiles/my_robot_interfaces__rosidl_generator_py.dir/rosidl_generator_py/my_robot_interfaces/action/_count_until_s.c.o[0m
[9.738s] [ 89%] [32mBuilding C object CMakeFiles/my_robot_interfaces__rosidl_generator_py.dir/rosidl_generator_py/my_robot_interfaces/srv/_compute_rectangle_area_s.c.o[0m
[9.738s] [ 90%] [32mBuilding C object CMakeFiles/my_robot_interfaces__rosidl_generator_py.dir/rosidl_generator_py/my_robot_interfaces/srv/_set_led_s.c.o[0m
[9.740s] [ 91%] [32mBuilding C object CMakeFiles/my_robot_interfaces__rosidl_generator_py.dir/rosidl_generator_py/my_robot_interfaces/srv/_catch_s.c.o[0m
[9.819s] [ 92%] [32mBuilding C object CMakeFiles/my_robot_interfaces__rosidl_generator_py.dir/rosidl_generator_py/my_robot_interfaces/action/_reach_until_s.c.o[0m
[9.888s] [ 93%] [32m[1mLinking C shared library rosidl_generator_py/my_robot_interfaces/libmy_robot_interfaces__rosidl_generator_py.so[0m
[9.909s] [ 93%] Built target my_robot_interfaces__rosidl_generator_py
[9.917s] [ 94%] [32mBuilding C object CMakeFiles/my_robot_interfaces__rosidl_typesupport_fastrtps_c__pyext.dir/rosidl_generator_py/my_robot_interfaces/_my_robot_interfaces_s.ep.rosidl_typesupport_fastrtps_c.c.o[0m
[9.917s] [ 95%] [32mBuilding C object CMakeFiles/my_robot_interfaces__rosidl_typesupport_introspection_c__pyext.dir/rosidl_generator_py/my_robot_interfaces/_my_robot_interfaces_s.ep.rosidl_typesupport_introspection_c.c.o[0m
[9.917s] [ 96%] [32mBuilding C object CMakeFiles/my_robot_interfaces__rosidl_typesupport_c__pyext.dir/rosidl_generator_py/my_robot_interfaces/_my_robot_interfaces_s.ep.rosidl_typesupport_c.c.o[0m
[10.002s] [ 97%] [32m[1mLinking C shared library rosidl_generator_py/my_robot_interfaces/my_robot_interfaces_s__rosidl_typesupport_introspection_c.cpython-310-aarch64-linux-gnu.so[0m
[10.006s] [ 98%] [32m[1mLinking C shared library rosidl_generator_py/my_robot_interfaces/my_robot_interfaces_s__rosidl_typesupport_c.cpython-310-aarch64-linux-gnu.so[0m
[10.009s] [100%] [32m[1mLinking C shared library rosidl_generator_py/my_robot_interfaces/my_robot_interfaces_s__rosidl_typesupport_fastrtps_c.cpython-310-aarch64-linux-gnu.so[0m
[10.022s] [100%] Built target my_robot_interfaces__rosidl_typesupport_introspection_c__pyext
[10.025s] [100%] Built target my_robot_interfaces__rosidl_typesupport_c__pyext
[10.027s] [100%] Built target my_robot_interfaces__rosidl_typesupport_fastrtps_c__pyext
[10.034s] Invoked command in '/home/parallels/ros2_ws/ROS2_Humble/build/my_robot_interfaces' returned '0': CMAKE_PREFIX_PATH=${CMAKE_PREFIX_PATH}:/home/parallels/ros2_humble/install/lifecycle_py:/home/parallels/ros2_ws/install/turtlesim_catch_them_all:/home/parallels/ros2_ws/install/number_counter:/home/parallels/ros2_ws/install/my_py_pkg:/home/parallels/ros2_ws/install/actions_py:/home/parallels/ros2_ws/install/add_two_ints:/opt/ros/humble /usr/bin/cmake --build /home/parallels/ros2_ws/ROS2_Humble/build/my_robot_interfaces -- -j8 -l8
[10.034s] Invoking command in '/home/parallels/ros2_ws/ROS2_Humble/build/my_robot_interfaces': CMAKE_PREFIX_PATH=${CMAKE_PREFIX_PATH}:/home/parallels/ros2_humble/install/lifecycle_py:/home/parallels/ros2_ws/install/turtlesim_catch_them_all:/home/parallels/ros2_ws/install/number_counter:/home/parallels/ros2_ws/install/my_py_pkg:/home/parallels/ros2_ws/install/actions_py:/home/parallels/ros2_ws/install/add_two_ints:/opt/ros/humble /usr/bin/cmake --install /home/parallels/ros2_ws/ROS2_Humble/build/my_robot_interfaces
[10.037s] -- Install configuration: ""
[10.037s] -- Installing: /home/parallels/ros2_ws/ROS2_Humble/install/my_robot_interfaces/share/ament_index/resource_index/rosidl_interfaces/my_robot_interfaces
[10.037s] -- Installing: /home/parallels/ros2_ws/ROS2_Humble/install/my_robot_interfaces/include/my_robot_interfaces/my_robot_interfaces
[10.037s] -- Installing: /home/parallels/ros2_ws/ROS2_Humble/install/my_robot_interfaces/include/my_robot_interfaces/my_robot_interfaces/srv
[10.037s] -- Installing: /home/parallels/ros2_ws/ROS2_Humble/install/my_robot_interfaces/include/my_robot_interfaces/my_robot_interfaces/srv/set_led.h
[10.037s] -- Installing: /home/parallels/ros2_ws/ROS2_Humble/install/my_robot_interfaces/include/my_robot_interfaces/my_robot_interfaces/srv/catch.h
[10.037s] -- Installing: /home/parallels/ros2_ws/ROS2_Humble/install/my_robot_interfaces/include/my_robot_interfaces/my_robot_interfaces/srv/compute_rectangle_area.h
[10.037s] -- Installing: /home/parallels/ros2_ws/ROS2_Humble/install/my_robot_interfaces/include/my_robot_interfaces/my_robot_interfaces/srv/detail
[10.037s] -- Installing: /home/parallels/ros2_ws/ROS2_Humble/install/my_robot_interfaces/include/my_robot_interfaces/my_robot_interfaces/srv/detail/catch__functions.c
[10.037s] -- Installing: /home/parallels/ros2_ws/ROS2_Humble/install/my_robot_interfaces/include/my_robot_interfaces/my_robot_interfaces/srv/detail/compute_rectangle_area__type_support.h
[10.037s] -- Installing: /home/parallels/ros2_ws/ROS2_Humble/install/my_robot_interfaces/include/my_robot_interfaces/my_robot_interfaces/srv/detail/set_led__functions.c
[10.038s] -- Installing: /home/parallels/ros2_ws/ROS2_Humble/install/my_robot_interfaces/include/my_robot_interfaces/my_robot_interfaces/srv/detail/catch__struct.h
[10.038s] -- Installing: /home/parallels/ros2_ws/ROS2_Humble/install/my_robot_interfaces/include/my_robot_interfaces/my_robot_interfaces/srv/detail/compute_rectangle_area__struct.h
[10.038s] -- Installing: /home/parallels/ros2_ws/ROS2_Humble/install/my_robot_interfaces/include/my_robot_interfaces/my_robot_interfaces/srv/detail/set_led__type_support.h
[10.038s] -- Installing: /home/parallels/ros2_ws/ROS2_Humble/install/my_robot_interfaces/include/my_robot_interfaces/my_robot_interfaces/srv/detail/set_led__struct.h
[10.038s] -- Installing: /home/parallels/ros2_ws/ROS2_Humble/install/my_robot_interfaces/include/my_robot_interfaces/my_robot_interfaces/srv/detail/catch__functions.h
[10.038s] -- Installing: /home/parallels/ros2_ws/ROS2_Humble/install/my_robot_interfaces/include/my_robot_interfaces/my_robot_interfaces/srv/detail/compute_rectangle_area__functions.c
[10.038s] -- Installing: /home/parallels/ros2_ws/ROS2_Humble/install/my_robot_interfaces/include/my_robot_interfaces/my_robot_interfaces/srv/detail/compute_rectangle_area__functions.h
[10.038s] -- Installing: /home/parallels/ros2_ws/ROS2_Humble/install/my_robot_interfaces/include/my_robot_interfaces/my_robot_interfaces/srv/detail/catch__type_support.h
[10.038s] -- Installing: /home/parallels/ros2_ws/ROS2_Humble/install/my_robot_interfaces/include/my_robot_interfaces/my_robot_interfaces/srv/detail/set_led__functions.h
[10.038s] -- Installing: /home/parallels/ros2_ws/ROS2_Humble/install/my_robot_interfaces/include/my_robot_interfaces/my_robot_interfaces/msg
[10.038s] -- Installing: /home/parallels/ros2_ws/ROS2_Humble/install/my_robot_interfaces/include/my_robot_interfaces/my_robot_interfaces/msg/led_states.h
[10.038s] -- Installing: /home/parallels/ros2_ws/ROS2_Humble/install/my_robot_interfaces/include/my_robot_interfaces/my_robot_interfaces/msg/rosidl_generator_c__visibility_control.h
[10.038s] -- Installing: /home/parallels/ros2_ws/ROS2_Humble/install/my_robot_interfaces/include/my_robot_interfaces/my_robot_interfaces/msg/turtle_array.h
[10.038s] -- Installing: /home/parallels/ros2_ws/ROS2_Humble/install/my_robot_interfaces/include/my_robot_interfaces/my_robot_interfaces/msg/turtle.h
[10.038s] -- Installing: /home/parallels/ros2_ws/ROS2_Humble/install/my_robot_interfaces/include/my_robot_interfaces/my_robot_interfaces/msg/hardware_status.h
[10.038s] -- Installing: /home/parallels/ros2_ws/ROS2_Humble/install/my_robot_interfaces/include/my_robot_interfaces/my_robot_interfaces/msg/detail
[10.038s] -- Installing: /home/parallels/ros2_ws/ROS2_Humble/install/my_robot_interfaces/include/my_robot_interfaces/my_robot_interfaces/msg/detail/turtle__functions.c
[10.038s] -- Installing: /home/parallels/ros2_ws/ROS2_Humble/install/my_robot_interfaces/include/my_robot_interfaces/my_robot_interfaces/msg/detail/led_states__struct.h
[10.038s] -- Installing: /home/parallels/ros2_ws/ROS2_Humble/install/my_robot_interfaces/include/my_robot_interfaces/my_robot_interfaces/msg/detail/hardware_status__type_support.h
[10.038s] -- Installing: /home/parallels/ros2_ws/ROS2_Humble/install/my_robot_interfaces/include/my_robot_interfaces/my_robot_interfaces/msg/detail/led_states__functions.h
[10.038s] -- Installing: /home/parallels/ros2_ws/ROS2_Humble/install/my_robot_interfaces/include/my_robot_interfaces/my_robot_interfaces/msg/detail/hardware_status__struct.h
[10.038s] -- Installing: /home/parallels/ros2_ws/ROS2_Humble/install/my_robot_interfaces/include/my_robot_interfaces/my_robot_interfaces/msg/detail/turtle_array__functions.h
[10.039s] -- Installing: /home/parallels/ros2_ws/ROS2_Humble/install/my_robot_interfaces/include/my_robot_interfaces/my_robot_interfaces/msg/detail/led_states__type_support.h
[10.039s] -- Installing: /home/parallels/ros2_ws/ROS2_Humble/install/my_robot_interfaces/include/my_robot_interfaces/my_robot_interfaces/msg/detail/hardware_status__functions.c
[10.039s] -- Installing: /home/parallels/ros2_ws/ROS2_Humble/install/my_robot_interfaces/include/my_robot_interfaces/my_robot_interfaces/msg/detail/turtle_array__type_support.h
[10.039s] -- Installing: /home/parallels/ros2_ws/ROS2_Humble/install/my_robot_interfaces/include/my_robot_interfaces/my_robot_interfaces/msg/detail/turtle__type_support.h
[10.039s] -- Installing: /home/parallels/ros2_ws/ROS2_Humble/install/my_robot_interfaces/include/my_robot_interfaces/my_robot_interfaces/msg/detail/turtle_array__functions.c
[10.039s] -- Installing: /home/parallels/ros2_ws/ROS2_Humble/install/my_robot_interfaces/include/my_robot_interfaces/my_robot_interfaces/msg/detail/turtle_array__struct.h
[10.039s] -- Installing: /home/parallels/ros2_ws/ROS2_Humble/install/my_robot_interfaces/include/my_robot_interfaces/my_robot_interfaces/msg/detail/turtle__struct.h
[10.039s] -- Installing: /home/parallels/ros2_ws/ROS2_Humble/install/my_robot_interfaces/include/my_robot_interfaces/my_robot_interfaces/msg/detail/turtle__functions.h
[10.039s] -- Installing: /home/parallels/ros2_ws/ROS2_Humble/install/my_robot_interfaces/include/my_robot_interfaces/my_robot_interfaces/msg/detail/hardware_status__functions.h
[10.039s] -- Installing: /home/parallels/ros2_ws/ROS2_Humble/install/my_robot_interfaces/include/my_robot_interfaces/my_robot_interfaces/msg/detail/led_states__functions.c
[10.039s] -- Installing: /home/parallels/ros2_ws/ROS2_Humble/install/my_robot_interfaces/include/my_robot_interfaces/my_robot_interfaces/action
[10.039s] -- Installing: /home/parallels/ros2_ws/ROS2_Humble/install/my_robot_interfaces/include/my_robot_interfaces/my_robot_interfaces/action/count_until.h
[10.039s] -- Installing: /home/parallels/ros2_ws/ROS2_Humble/install/my_robot_interfaces/include/my_robot_interfaces/my_robot_interfaces/action/reach_until.h
[10.039s] -- Installing: /home/parallels/ros2_ws/ROS2_Humble/install/my_robot_interfaces/include/my_robot_interfaces/my_robot_interfaces/action/detail
[10.039s] -- Installing: /home/parallels/ros2_ws/ROS2_Humble/install/my_robot_interfaces/include/my_robot_interfaces/my_robot_interfaces/action/detail/reach_until__type_support.h
[10.039s] -- Installing: /home/parallels/ros2_ws/ROS2_Humble/install/my_robot_interfaces/include/my_robot_interfaces/my_robot_interfaces/action/detail/count_until__struct.h
[10.039s] -- Installing: /home/parallels/ros2_ws/ROS2_Humble/install/my_robot_interfaces/include/my_robot_interfaces/my_robot_interfaces/action/detail/reach_until__functions.c
[10.039s] -- Installing: /home/parallels/ros2_ws/ROS2_Humble/install/my_robot_interfaces/include/my_robot_interfaces/my_robot_interfaces/action/detail/count_until__type_support.h
[10.039s] -- Installing: /home/parallels/ros2_ws/ROS2_Humble/install/my_robot_interfaces/include/my_robot_interfaces/my_robot_interfaces/action/detail/count_until__functions.h
[10.040s] -- Installing: /home/parallels/ros2_ws/ROS2_Humble/install/my_robot_interfaces/include/my_robot_interfaces/my_robot_interfaces/action/detail/count_until__functions.c
[10.040s] -- Installing: /home/parallels/ros2_ws/ROS2_Humble/install/my_robot_interfaces/include/my_robot_interfaces/my_robot_interfaces/action/detail/reach_until__functions.h
[10.040s] -- Installing: /home/parallels/ros2_ws/ROS2_Humble/install/my_robot_interfaces/include/my_robot_interfaces/my_robot_interfaces/action/detail/reach_until__struct.h
[10.040s] -- Installing: /home/parallels/ros2_ws/ROS2_Humble/install/my_robot_interfaces/share/my_robot_interfaces/environment/library_path.sh
[10.040s] -- Installing: /home/parallels/ros2_ws/ROS2_Humble/install/my_robot_interfaces/share/my_robot_interfaces/environment/library_path.dsv
[10.040s] -- Installing: /home/parallels/ros2_ws/ROS2_Humble/install/my_robot_interfaces/lib/libmy_robot_interfaces__rosidl_generator_c.so
[10.040s] -- Set runtime path of "/home/parallels/ros2_ws/ROS2_Humble/install/my_robot_interfaces/lib/libmy_robot_interfaces__rosidl_generator_c.so" to ""
[10.040s] -- Up-to-date: /home/parallels/ros2_ws/ROS2_Humble/install/my_robot_interfaces/include/my_robot_interfaces/my_robot_interfaces
[10.040s] -- Up-to-date: /home/parallels/ros2_ws/ROS2_Humble/install/my_robot_interfaces/include/my_robot_interfaces/my_robot_interfaces/srv
[10.040s] -- Up-to-date: /home/parallels/ros2_ws/ROS2_Humble/install/my_robot_interfaces/include/my_robot_interfaces/my_robot_interfaces/srv/detail
[10.040s] -- Installing: /home/parallels/ros2_ws/ROS2_Humble/install/my_robot_interfaces/include/my_robot_interfaces/my_robot_interfaces/srv/detail/compute_rectangle_area__rosidl_typesupport_fastrtps_c.h
[10.040s] -- Installing: /home/parallels/ros2_ws/ROS2_Humble/install/my_robot_interfaces/include/my_robot_interfaces/my_robot_interfaces/srv/detail/catch__rosidl_typesupport_fastrtps_c.h
[10.040s] -- Installing: /home/parallels/ros2_ws/ROS2_Humble/install/my_robot_interfaces/include/my_robot_interfaces/my_robot_interfaces/srv/detail/set_led__rosidl_typesupport_fastrtps_c.h
[10.040s] -- Up-to-date: /home/parallels/ros2_ws/ROS2_Humble/install/my_robot_interfaces/include/my_robot_interfaces/my_robot_interfaces/msg
[10.040s] -- Installing: /home/parallels/ros2_ws/ROS2_Humble/install/my_robot_interfaces/include/my_robot_interfaces/my_robot_interfaces/msg/rosidl_typesupport_fastrtps_c__visibility_control.h
[10.041s] -- Up-to-date: /home/parallels/ros2_ws/ROS2_Humble/install/my_robot_interfaces/include/my_robot_interfaces/my_robot_interfaces/msg/detail
[10.041s] -- Installing: /home/parallels/ros2_ws/ROS2_Humble/install/my_robot_interfaces/include/my_robot_interfaces/my_robot_interfaces/msg/detail/turtle_array__rosidl_typesupport_fastrtps_c.h
[10.041s] -- Installing: /home/parallels/ros2_ws/ROS2_Humble/install/my_robot_interfaces/include/my_robot_interfaces/my_robot_interfaces/msg/detail/turtle__rosidl_typesupport_fastrtps_c.h
[10.041s] -- Installing: /home/parallels/ros2_ws/ROS2_Humble/install/my_robot_interfaces/include/my_robot_interfaces/my_robot_interfaces/msg/detail/hardware_status__rosidl_typesupport_fastrtps_c.h
[10.041s] -- Installing: /home/parallels/ros2_ws/ROS2_Humble/install/my_robot_interfaces/include/my_robot_interfaces/my_robot_interfaces/msg/detail/led_states__rosidl_typesupport_fastrtps_c.h
[10.041s] -- Up-to-date: /home/parallels/ros2_ws/ROS2_Humble/install/my_robot_interfaces/include/my_robot_interfaces/my_robot_interfaces/action
[10.041s] -- Up-to-date: /home/parallels/ros2_ws/ROS2_Humble/install/my_robot_interfaces/include/my_robot_interfaces/my_robot_interfaces/action/detail
[10.041s] -- Installing: /home/parallels/ros2_ws/ROS2_Humble/install/my_robot_interfaces/include/my_robot_interfaces/my_robot_interfaces/action/detail/count_until__rosidl_typesupport_fastrtps_c.h
[10.041s] -- Installing: /home/parallels/ros2_ws/ROS2_Humble/install/my_robot_interfaces/include/my_robot_interfaces/my_robot_interfaces/action/detail/reach_until__rosidl_typesupport_fastrtps_c.h
[10.041s] -- Installing: /home/parallels/ros2_ws/ROS2_Humble/install/my_robot_interfaces/lib/libmy_robot_interfaces__rosidl_typesupport_fastrtps_c.so
[10.041s] -- Set runtime path of "/home/parallels/ros2_ws/ROS2_Humble/install/my_robot_interfaces/lib/libmy_robot_interfaces__rosidl_typesupport_fastrtps_c.so" to ""
[10.041s] -- Up-to-date: /home/parallels/ros2_ws/ROS2_Humble/install/my_robot_interfaces/include/my_robot_interfaces/my_robot_interfaces
[10.041s] -- Up-to-date: /home/parallels/ros2_ws/ROS2_Humble/install/my_robot_interfaces/include/my_robot_interfaces/my_robot_interfaces/srv
[10.041s] -- Up-to-date: /home/parallels/ros2_ws/ROS2_Humble/install/my_robot_interfaces/include/my_robot_interfaces/my_robot_interfaces/srv/detail
[10.041s] -- Installing: /home/parallels/ros2_ws/ROS2_Humble/install/my_robot_interfaces/include/my_robot_interfaces/my_robot_interfaces/srv/detail/set_led__type_support.c
[10.041s] -- Installing: /home/parallels/ros2_ws/ROS2_Humble/install/my_robot_interfaces/include/my_robot_interfaces/my_robot_interfaces/srv/detail/set_led__rosidl_typesupport_introspection_c.h
[10.041s] -- Installing: /home/parallels/ros2_ws/ROS2_Humble/install/my_robot_interfaces/include/my_robot_interfaces/my_robot_interfaces/srv/detail/compute_rectangle_area__type_support.c
[10.041s] -- Installing: /home/parallels/ros2_ws/ROS2_Humble/install/my_robot_interfaces/include/my_robot_interfaces/my_robot_interfaces/srv/detail/catch__type_support.c
[10.041s] -- Installing: /home/parallels/ros2_ws/ROS2_Humble/install/my_robot_interfaces/include/my_robot_interfaces/my_robot_interfaces/srv/detail/compute_rectangle_area__rosidl_typesupport_introspection_c.h
[10.041s] -- Installing: /home/parallels/ros2_ws/ROS2_Humble/install/my_robot_interfaces/include/my_robot_interfaces/my_robot_interfaces/srv/detail/catch__rosidl_typesupport_introspection_c.h
[10.041s] -- Up-to-date: /home/parallels/ros2_ws/ROS2_Humble/install/my_robot_interfaces/include/my_robot_interfaces/my_robot_interfaces/msg
[10.041s] -- Installing: /home/parallels/ros2_ws/ROS2_Humble/install/my_robot_interfaces/include/my_robot_interfaces/my_robot_interfaces/msg/rosidl_typesupport_introspection_c__visibility_control.h
[10.042s] -- Up-to-date: /home/parallels/ros2_ws/ROS2_Humble/install/my_robot_interfaces/include/my_robot_interfaces/my_robot_interfaces/msg/detail
[10.042s] -- Installing: /home/parallels/ros2_ws/ROS2_Humble/install/my_robot_interfaces/include/my_robot_interfaces/my_robot_interfaces/msg/detail/led_states__rosidl_typesupport_introspection_c.h
[10.042s] -- Installing: /home/parallels/ros2_ws/ROS2_Humble/install/my_robot_interfaces/include/my_robot_interfaces/my_robot_interfaces/msg/detail/turtle__type_support.c
[10.042s] -- Installing: /home/parallels/ros2_ws/ROS2_Humble/install/my_robot_interfaces/include/my_robot_interfaces/my_robot_interfaces/msg/detail/hardware_status__rosidl_typesupport_introspection_c.h
[10.042s] -- Installing: /home/parallels/ros2_ws/ROS2_Humble/install/my_robot_interfaces/include/my_robot_interfaces/my_robot_interfaces/msg/detail/led_states__type_support.c
[10.042s] -- Installing: /home/parallels/ros2_ws/ROS2_Humble/install/my_robot_interfaces/include/my_robot_interfaces/my_robot_interfaces/msg/detail/turtle_array__type_support.c
[10.042s] -- Installing: /home/parallels/ros2_ws/ROS2_Humble/install/my_robot_interfaces/include/my_robot_interfaces/my_robot_interfaces/msg/detail/hardware_status__type_support.c
[10.042s] -- Installing: /home/parallels/ros2_ws/ROS2_Humble/install/my_robot_interfaces/include/my_robot_interfaces/my_robot_interfaces/msg/detail/turtle_array__rosidl_typesupport_introspection_c.h
[10.042s] -- Installing: /home/parallels/ros2_ws/ROS2_Humble/install/my_robot_interfaces/include/my_robot_interfaces/my_robot_interfaces/msg/detail/turtle__rosidl_typesupport_introspection_c.h
[10.042s] -- Up-to-date: /home/parallels/ros2_ws/ROS2_Humble/install/my_robot_interfaces/include/my_robot_interfaces/my_robot_interfaces/action
[10.042s] -- Up-to-date: /home/parallels/ros2_ws/ROS2_Humble/install/my_robot_interfaces/include/my_robot_interfaces/my_robot_interfaces/action/detail
[10.042s] -- Installing: /home/parallels/ros2_ws/ROS2_Humble/install/my_robot_interfaces/include/my_robot_interfaces/my_robot_interfaces/action/detail/reach_until__rosidl_typesupport_introspection_c.h
[10.042s] -- Installing: /home/parallels/ros2_ws/ROS2_Humble/install/my_robot_interfaces/include/my_robot_interfaces/my_robot_interfaces/action/detail/count_until__rosidl_typesupport_introspection_c.h
[10.042s] -- Installing: /home/parallels/ros2_ws/ROS2_Humble/install/my_robot_interfaces/include/my_robot_interfaces/my_robot_interfaces/action/detail/count_until__type_support.c
[10.042s] -- Installing: /home/parallels/ros2_ws/ROS2_Humble/install/my_robot_interfaces/include/my_robot_interfaces/my_robot_interfaces/action/detail/reach_until__type_support.c
[10.042s] -- Installing: /home/parallels/ros2_ws/ROS2_Humble/install/my_robot_interfaces/lib/libmy_robot_interfaces__rosidl_typesupport_introspection_c.so
[10.044s] -- Set runtime path of "/home/parallels/ros2_ws/ROS2_Humble/install/my_robot_interfaces/lib/libmy_robot_interfaces__rosidl_typesupport_introspection_c.so" to ""
[10.044s] -- Installing: /home/parallels/ros2_ws/ROS2_Humble/install/my_robot_interfaces/lib/libmy_robot_interfaces__rosidl_typesupport_c.so
[10.044s] -- Set runtime path of "/home/parallels/ros2_ws/ROS2_Humble/install/my_robot_interfaces/lib/libmy_robot_interfaces__rosidl_typesupport_c.so" to ""
[10.044s] -- Up-to-date: /home/parallels/ros2_ws/ROS2_Humble/install/my_robot_interfaces/include/my_robot_interfaces/my_robot_interfaces
[10.044s] -- Up-to-date: /home/parallels/ros2_ws/ROS2_Humble/install/my_robot_interfaces/include/my_robot_interfaces/my_robot_interfaces/srv
[10.044s] -- Installing: /home/parallels/ros2_ws/ROS2_Humble/install/my_robot_interfaces/include/my_robot_interfaces/my_robot_interfaces/srv/catch.hpp
[10.044s] -- Installing: /home/parallels/ros2_ws/ROS2_Humble/install/my_robot_interfaces/include/my_robot_interfaces/my_robot_interfaces/srv/compute_rectangle_area.hpp
[10.044s] -- Installing: /home/parallels/ros2_ws/ROS2_Humble/install/my_robot_interfaces/include/my_robot_interfaces/my_robot_interfaces/srv/set_led.hpp
[10.044s] -- Up-to-date: /home/parallels/ros2_ws/ROS2_Humble/install/my_robot_interfaces/include/my_robot_interfaces/my_robot_interfaces/srv/detail
[10.044s] -- Installing: /home/parallels/ros2_ws/ROS2_Humble/install/my_robot_interfaces/include/my_robot_interfaces/my_robot_interfaces/srv/detail/catch__traits.hpp
[10.044s] -- Installing: /home/parallels/ros2_ws/ROS2_Humble/install/my_robot_interfaces/include/my_robot_interfaces/my_robot_interfaces/srv/detail/compute_rectangle_area__builder.hpp
[10.044s] -- Installing: /home/parallels/ros2_ws/ROS2_Humble/install/my_robot_interfaces/include/my_robot_interfaces/my_robot_interfaces/srv/detail/set_led__struct.hpp
[10.044s] -- Installing: /home/parallels/ros2_ws/ROS2_Humble/install/my_robot_interfaces/include/my_robot_interfaces/my_robot_interfaces/srv/detail/catch__builder.hpp
[10.044s] -- Installing: /home/parallels/ros2_ws/ROS2_Humble/install/my_robot_interfaces/include/my_robot_interfaces/my_robot_interfaces/srv/detail/compute_rectangle_area__struct.hpp
[10.044s] -- Installing: /home/parallels/ros2_ws/ROS2_Humble/install/my_robot_interfaces/include/my_robot_interfaces/my_robot_interfaces/srv/detail/set_led__traits.hpp
[10.044s] -- Installing: /home/parallels/ros2_ws/ROS2_Humble/install/my_robot_interfaces/include/my_robot_interfaces/my_robot_interfaces/srv/detail/catch__struct.hpp
[10.044s] -- Installing: /home/parallels/ros2_ws/ROS2_Humble/install/my_robot_interfaces/include/my_robot_interfaces/my_robot_interfaces/srv/detail/catch__type_support.hpp
[10.044s] -- Installing: /home/parallels/ros2_ws/ROS2_Humble/install/my_robot_interfaces/include/my_robot_interfaces/my_robot_interfaces/srv/detail/compute_rectangle_area__traits.hpp
[10.044s] -- Installing: /home/parallels/ros2_ws/ROS2_Humble/install/my_robot_interfaces/include/my_robot_interfaces/my_robot_interfaces/srv/detail/set_led__type_support.hpp
[10.044s] -- Installing: /home/parallels/ros2_ws/ROS2_Humble/install/my_robot_interfaces/include/my_robot_interfaces/my_robot_interfaces/srv/detail/set_led__builder.hpp
[10.044s] -- Installing: /home/parallels/ros2_ws/ROS2_Humble/install/my_robot_interfaces/include/my_robot_interfaces/my_robot_interfaces/srv/detail/compute_rectangle_area__type_support.hpp
[10.045s] -- Up-to-date: /home/parallels/ros2_ws/ROS2_Humble/install/my_robot_interfaces/include/my_robot_interfaces/my_robot_interfaces/msg
[10.045s] -- Installing: /home/parallels/ros2_ws/ROS2_Humble/install/my_robot_interfaces/include/my_robot_interfaces/my_robot_interfaces/msg/led_states.hpp
[10.045s] -- Installing: /home/parallels/ros2_ws/ROS2_Humble/install/my_robot_interfaces/include/my_robot_interfaces/my_robot_interfaces/msg/rosidl_generator_cpp__visibility_control.hpp
[10.045s] -- Installing: /home/parallels/ros2_ws/ROS2_Humble/install/my_robot_interfaces/include/my_robot_interfaces/my_robot_interfaces/msg/hardware_status.hpp
[10.045s] -- Installing: /home/parallels/ros2_ws/ROS2_Humble/install/my_robot_interfaces/include/my_robot_interfaces/my_robot_interfaces/msg/turtle_array.hpp
[10.045s] -- Installing: /home/parallels/ros2_ws/ROS2_Humble/install/my_robot_interfaces/include/my_robot_interfaces/my_robot_interfaces/msg/turtle.hpp
[10.045s] -- Up-to-date: /home/parallels/ros2_ws/ROS2_Humble/install/my_robot_interfaces/include/my_robot_interfaces/my_robot_interfaces/msg/detail
[10.045s] -- Installing: /home/parallels/ros2_ws/ROS2_Humble/install/my_robot_interfaces/include/my_robot_interfaces/my_robot_interfaces/msg/detail/hardware_status__builder.hpp
[10.045s] -- Installing: /home/parallels/ros2_ws/ROS2_Humble/install/my_robot_interfaces/include/my_robot_interfaces/my_robot_interfaces/msg/detail/led_states__type_support.hpp
[10.045s] -- Installing: /home/parallels/ros2_ws/ROS2_Humble/install/my_robot_interfaces/include/my_robot_interfaces/my_robot_interfaces/msg/detail/turtle__type_support.hpp
[10.045s] -- Installing: /home/parallels/ros2_ws/ROS2_Humble/install/my_robot_interfaces/include/my_robot_interfaces/my_robot_interfaces/msg/detail/turtle__struct.hpp
[10.045s] -- Installing: /home/parallels/ros2_ws/ROS2_Humble/install/my_robot_interfaces/include/my_robot_interfaces/my_robot_interfaces/msg/detail/turtle_array__struct.hpp
[10.045s] -- Installing: /home/parallels/ros2_ws/ROS2_Humble/install/my_robot_interfaces/include/my_robot_interfaces/my_robot_interfaces/msg/detail/turtle_array__traits.hpp
[10.045s] -- Installing: /home/parallels/ros2_ws/ROS2_Humble/install/my_robot_interfaces/include/my_robot_interfaces/my_robot_interfaces/msg/detail/hardware_status__type_support.hpp
[10.045s] -- Installing: /home/parallels/ros2_ws/ROS2_Humble/install/my_robot_interfaces/include/my_robot_interfaces/my_robot_interfaces/msg/detail/led_states__struct.hpp
[10.045s] -- Installing: /home/parallels/ros2_ws/ROS2_Humble/install/my_robot_interfaces/include/my_robot_interfaces/my_robot_interfaces/msg/detail/hardware_status__struct.hpp
[10.045s] -- Installing: /home/parallels/ros2_ws/ROS2_Humble/install/my_robot_interfaces/include/my_robot_interfaces/my_robot_interfaces/msg/detail/turtle_array__builder.hpp
[10.045s] -- Installing: /home/parallels/ros2_ws/ROS2_Humble/install/my_robot_interfaces/include/my_robot_interfaces/my_robot_interfaces/msg/detail/hardware_status__traits.hpp
[10.045s] -- Installing: /home/parallels/ros2_ws/ROS2_Humble/install/my_robot_interfaces/include/my_robot_interfaces/my_robot_interfaces/msg/detail/turtle_array__type_support.hpp
[10.045s] -- Installing: /home/parallels/ros2_ws/ROS2_Humble/install/my_robot_interfaces/include/my_robot_interfaces/my_robot_interfaces/msg/detail/turtle__traits.hpp
[10.045s] -- Installing: /home/parallels/ros2_ws/ROS2_Humble/install/my_robot_interfaces/include/my_robot_interfaces/my_robot_interfaces/msg/detail/led_states__builder.hpp
[10.045s] -- Installing: /home/parallels/ros2_ws/ROS2_Humble/install/my_robot_interfaces/include/my_robot_interfaces/my_robot_interfaces/msg/detail/turtle__builder.hpp
[10.045s] -- Installing: /home/parallels/ros2_ws/ROS2_Humble/install/my_robot_interfaces/include/my_robot_interfaces/my_robot_interfaces/msg/detail/led_states__traits.hpp
[10.045s] -- Up-to-date: /home/parallels/ros2_ws/ROS2_Humble/install/my_robot_interfaces/include/my_robot_interfaces/my_robot_interfaces/action
[10.045s] -- Installing: /home/parallels/ros2_ws/ROS2_Humble/install/my_robot_interfaces/include/my_robot_interfaces/my_robot_interfaces/action/count_until.hpp
[10.046s] -- Installing: /home/parallels/ros2_ws/ROS2_Humble/install/my_robot_interfaces/include/my_robot_interfaces/my_robot_interfaces/action/reach_until.hpp
[10.046s] -- Up-to-date: /home/parallels/ros2_ws/ROS2_Humble/install/my_robot_interfaces/include/my_robot_interfaces/my_robot_interfaces/action/detail
[10.046s] -- Installing: /home/parallels/ros2_ws/ROS2_Humble/install/my_robot_interfaces/include/my_robot_interfaces/my_robot_interfaces/action/detail/count_until__struct.hpp
[10.046s] -- Installing: /home/parallels/ros2_ws/ROS2_Humble/install/my_robot_interfaces/include/my_robot_interfaces/my_robot_interfaces/action/detail/count_until__builder.hpp
[10.046s] -- Installing: /home/parallels/ros2_ws/ROS2_Humble/install/my_robot_interfaces/include/my_robot_interfaces/my_robot_interfaces/action/detail/count_until__type_support.hpp
[10.046s] -- Installing: /home/parallels/ros2_ws/ROS2_Humble/install/my_robot_interfaces/include/my_robot_interfaces/my_robot_interfaces/action/detail/count_until__traits.hpp
[10.046s] -- Installing: /home/parallels/ros2_ws/ROS2_Humble/install/my_robot_interfaces/include/my_robot_interfaces/my_robot_interfaces/action/detail/reach_until__struct.hpp
[10.046s] -- Installing: /home/parallels/ros2_ws/ROS2_Humble/install/my_robot_interfaces/include/my_robot_interfaces/my_robot_interfaces/action/detail/reach_until__builder.hpp
[10.046s] -- Installing: /home/parallels/ros2_ws/ROS2_Humble/install/my_robot_interfaces/include/my_robot_interfaces/my_robot_interfaces/action/detail/reach_until__type_support.hpp
[10.046s] -- Installing: /home/parallels/ros2_ws/ROS2_Humble/install/my_robot_interfaces/include/my_robot_interfaces/my_robot_interfaces/action/detail/reach_until__traits.hpp
[10.046s] -- Up-to-date: /home/parallels/ros2_ws/ROS2_Humble/install/my_robot_interfaces/include/my_robot_interfaces/my_robot_interfaces
[10.046s] -- Up-to-date: /home/parallels/ros2_ws/ROS2_Humble/install/my_robot_interfaces/include/my_robot_interfaces/my_robot_interfaces/srv
[10.046s] -- Up-to-date: /home/parallels/ros2_ws/ROS2_Humble/install/my_robot_interfaces/include/my_robot_interfaces/my_robot_interfaces/srv/detail
[10.046s] -- Installing: /home/parallels/ros2_ws/ROS2_Humble/install/my_robot_interfaces/include/my_robot_interfaces/my_robot_interfaces/srv/detail/compute_rectangle_area__rosidl_typesupport_fastrtps_cpp.hpp
[10.046s] -- Installing: /home/parallels/ros2_ws/ROS2_Humble/install/my_robot_interfaces/include/my_robot_interfaces/my_robot_interfaces/srv/detail/set_led__rosidl_typesupport_fastrtps_cpp.hpp
[10.046s] -- Installing: /home/parallels/ros2_ws/ROS2_Humble/install/my_robot_interfaces/include/my_robot_interfaces/my_robot_interfaces/srv/detail/catch__rosidl_typesupport_fastrtps_cpp.hpp
[10.046s] -- Installing: /home/parallels/ros2_ws/ROS2_Humble/install/my_robot_interfaces/include/my_robot_interfaces/my_robot_interfaces/srv/detail/dds_fastrtps
[10.046s] -- Up-to-date: /home/parallels/ros2_ws/ROS2_Humble/install/my_robot_interfaces/include/my_robot_interfaces/my_robot_interfaces/msg
[10.046s] -- Installing: /home/parallels/ros2_ws/ROS2_Humble/install/my_robot_interfaces/include/my_robot_interfaces/my_robot_interfaces/msg/rosidl_typesupport_fastrtps_cpp__visibility_control.h
[10.046s] -- Up-to-date: /home/parallels/ros2_ws/ROS2_Humble/install/my_robot_interfaces/include/my_robot_interfaces/my_robot_interfaces/msg/detail
[10.046s] -- Installing: /home/parallels/ros2_ws/ROS2_Humble/install/my_robot_interfaces/include/my_robot_interfaces/my_robot_interfaces/msg/detail/turtle_array__rosidl_typesupport_fastrtps_cpp.hpp
[10.046s] -- Installing: /home/parallels/ros2_ws/ROS2_Humble/install/my_robot_interfaces/include/my_robot_interfaces/my_robot_interfaces/msg/detail/hardware_status__rosidl_typesupport_fastrtps_cpp.hpp
[10.046s] -- Installing: /home/parallels/ros2_ws/ROS2_Humble/install/my_robot_interfaces/include/my_robot_interfaces/my_robot_interfaces/msg/detail/turtle__rosidl_typesupport_fastrtps_cpp.hpp
[10.046s] -- Installing: /home/parallels/ros2_ws/ROS2_Humble/install/my_robot_interfaces/include/my_robot_interfaces/my_robot_interfaces/msg/detail/dds_fastrtps
[10.046s] -- Installing: /home/parallels/ros2_ws/ROS2_Humble/install/my_robot_interfaces/include/my_robot_interfaces/my_robot_interfaces/msg/detail/led_states__rosidl_typesupport_fastrtps_cpp.hpp
[10.046s] -- Up-to-date: /home/parallels/ros2_ws/ROS2_Humble/install/my_robot_interfaces/include/my_robot_interfaces/my_robot_interfaces/action
[10.046s] -- Up-to-date: /home/parallels/ros2_ws/ROS2_Humble/install/my_robot_interfaces/include/my_robot_interfaces/my_robot_interfaces/action/detail
[10.047s] -- Installing: /home/parallels/ros2_ws/ROS2_Humble/install/my_robot_interfaces/include/my_robot_interfaces/my_robot_interfaces/action/detail/count_until__rosidl_typesupport_fastrtps_cpp.hpp
[10.047s] -- Installing: /home/parallels/ros2_ws/ROS2_Humble/install/my_robot_interfaces/include/my_robot_interfaces/my_robot_interfaces/action/detail/reach_until__rosidl_typesupport_fastrtps_cpp.hpp
[10.047s] -- Installing: /home/parallels/ros2_ws/ROS2_Humble/install/my_robot_interfaces/include/my_robot_interfaces/my_robot_interfaces/action/detail/dds_fastrtps
[10.047s] -- Installing: /home/parallels/ros2_ws/ROS2_Humble/install/my_robot_interfaces/lib/libmy_robot_interfaces__rosidl_typesupport_fastrtps_cpp.so
[10.047s] -- Set runtime path of "/home/parallels/ros2_ws/ROS2_Humble/install/my_robot_interfaces/lib/libmy_robot_interfaces__rosidl_typesupport_fastrtps_cpp.so" to ""
[10.047s] -- Up-to-date: /home/parallels/ros2_ws/ROS2_Humble/install/my_robot_interfaces/include/my_robot_interfaces/my_robot_interfaces
[10.047s] -- Up-to-date: /home/parallels/ros2_ws/ROS2_Humble/install/my_robot_interfaces/include/my_robot_interfaces/my_robot_interfaces/srv
[10.047s] -- Up-to-date: /home/parallels/ros2_ws/ROS2_Humble/install/my_robot_interfaces/include/my_robot_interfaces/my_robot_interfaces/srv/detail
[10.047s] -- Installing: /home/parallels/ros2_ws/ROS2_Humble/install/my_robot_interfaces/include/my_robot_interfaces/my_robot_interfaces/srv/detail/compute_rectangle_area__rosidl_typesupport_introspection_cpp.hpp
[10.047s] -- Installing: /home/parallels/ros2_ws/ROS2_Humble/install/my_robot_interfaces/include/my_robot_interfaces/my_robot_interfaces/srv/detail/set_led__type_support.cpp
[10.047s] -- Installing: /home/parallels/ros2_ws/ROS2_Humble/install/my_robot_interfaces/include/my_robot_interfaces/my_robot_interfaces/srv/detail/compute_rectangle_area__type_support.cpp
[10.047s] -- Installing: /home/parallels/ros2_ws/ROS2_Humble/install/my_robot_interfaces/include/my_robot_interfaces/my_robot_interfaces/srv/detail/set_led__rosidl_typesupport_introspection_cpp.hpp
[10.047s] -- Installing: /home/parallels/ros2_ws/ROS2_Humble/install/my_robot_interfaces/include/my_robot_interfaces/my_robot_interfaces/srv/detail/catch__type_support.cpp
[10.047s] -- Installing: /home/parallels/ros2_ws/ROS2_Humble/install/my_robot_interfaces/include/my_robot_interfaces/my_robot_interfaces/srv/detail/catch__rosidl_typesupport_introspection_cpp.hpp
[10.047s] -- Up-to-date: /home/parallels/ros2_ws/ROS2_Humble/install/my_robot_interfaces/include/my_robot_interfaces/my_robot_interfaces/msg
[10.047s] -- Up-to-date: /home/parallels/ros2_ws/ROS2_Humble/install/my_robot_interfaces/include/my_robot_interfaces/my_robot_interfaces/msg/detail
[10.047s] -- Installing: /home/parallels/ros2_ws/ROS2_Humble/install/my_robot_interfaces/include/my_robot_interfaces/my_robot_interfaces/msg/detail/led_states__type_support.cpp
[10.047s] -- Installing: /home/parallels/ros2_ws/ROS2_Humble/install/my_robot_interfaces/include/my_robot_interfaces/my_robot_interfaces/msg/detail/turtle_array__rosidl_typesupport_introspection_cpp.hpp
[10.047s] -- Installing: /home/parallels/ros2_ws/ROS2_Humble/install/my_robot_interfaces/include/my_robot_interfaces/my_robot_interfaces/msg/detail/turtle__type_support.cpp
[10.047s] -- Installing: /home/parallels/ros2_ws/ROS2_Humble/install/my_robot_interfaces/include/my_robot_interfaces/my_robot_interfaces/msg/detail/turtle__rosidl_typesupport_introspection_cpp.hpp
[10.048s] -- Installing: /home/parallels/ros2_ws/ROS2_Humble/install/my_robot_interfaces/include/my_robot_interfaces/my_robot_interfaces/msg/detail/turtle_array__type_support.cpp
[10.048s] -- Installing: /home/parallels/ros2_ws/ROS2_Humble/install/my_robot_interfaces/include/my_robot_interfaces/my_robot_interfaces/msg/detail/hardware_status__type_support.cpp
[10.048s] -- Installing: /home/parallels/ros2_ws/ROS2_Humble/install/my_robot_interfaces/include/my_robot_interfaces/my_robot_interfaces/msg/detail/led_states__rosidl_typesupport_introspection_cpp.hpp
[10.048s] -- Installing: /home/parallels/ros2_ws/ROS2_Humble/install/my_robot_interfaces/include/my_robot_interfaces/my_robot_interfaces/msg/detail/hardware_status__rosidl_typesupport_introspection_cpp.hpp
[10.048s] -- Up-to-date: /home/parallels/ros2_ws/ROS2_Humble/install/my_robot_interfaces/include/my_robot_interfaces/my_robot_interfaces/action
[10.048s] -- Up-to-date: /home/parallels/ros2_ws/ROS2_Humble/install/my_robot_interfaces/include/my_robot_interfaces/my_robot_interfaces/action/detail
[10.048s] -- Installing: /home/parallels/ros2_ws/ROS2_Humble/install/my_robot_interfaces/include/my_robot_interfaces/my_robot_interfaces/action/detail/count_until__type_support.cpp
[10.048s] -- Installing: /home/parallels/ros2_ws/ROS2_Humble/install/my_robot_interfaces/include/my_robot_interfaces/my_robot_interfaces/action/detail/reach_until__rosidl_typesupport_introspection_cpp.hpp
[10.048s] -- Installing: /home/parallels/ros2_ws/ROS2_Humble/install/my_robot_interfaces/include/my_robot_interfaces/my_robot_interfaces/action/detail/reach_until__type_support.cpp
[10.048s] -- Installing: /home/parallels/ros2_ws/ROS2_Humble/install/my_robot_interfaces/include/my_robot_interfaces/my_robot_interfaces/action/detail/count_until__rosidl_typesupport_introspection_cpp.hpp
[10.048s] -- Installing: /home/parallels/ros2_ws/ROS2_Humble/install/my_robot_interfaces/lib/libmy_robot_interfaces__rosidl_typesupport_introspection_cpp.so
[10.048s] -- Set runtime path of "/home/parallels/ros2_ws/ROS2_Humble/install/my_robot_interfaces/lib/libmy_robot_interfaces__rosidl_typesupport_introspection_cpp.so" to ""
[10.048s] -- Installing: /home/parallels/ros2_ws/ROS2_Humble/install/my_robot_interfaces/lib/libmy_robot_interfaces__rosidl_typesupport_cpp.so
[10.048s] -- Set runtime path of "/home/parallels/ros2_ws/ROS2_Humble/install/my_robot_interfaces/lib/libmy_robot_interfaces__rosidl_typesupport_cpp.so" to ""
[10.048s] -- Installing: /home/parallels/ros2_ws/ROS2_Humble/install/my_robot_interfaces/share/my_robot_interfaces/environment/pythonpath.sh
[10.049s] -- Installing: /home/parallels/ros2_ws/ROS2_Humble/install/my_robot_interfaces/share/my_robot_interfaces/environment/pythonpath.dsv
[10.049s] -- Installing: /home/parallels/ros2_ws/ROS2_Humble/install/my_robot_interfaces/local/lib/python3.10/dist-packages/my_robot_interfaces-0.0.0-py3.10.egg-info
[10.049s] -- Installing: /home/parallels/ros2_ws/ROS2_Humble/install/my_robot_interfaces/local/lib/python3.10/dist-packages/my_robot_interfaces-0.0.0-py3.10.egg-info/PKG-INFO
[10.049s] -- Installing: /home/parallels/ros2_ws/ROS2_Humble/install/my_robot_interfaces/local/lib/python3.10/dist-packages/my_robot_interfaces-0.0.0-py3.10.egg-info/SOURCES.txt
[10.049s] -- Installing: /home/parallels/ros2_ws/ROS2_Humble/install/my_robot_interfaces/local/lib/python3.10/dist-packages/my_robot_interfaces-0.0.0-py3.10.egg-info/top_level.txt
[10.049s] -- Installing: /home/parallels/ros2_ws/ROS2_Humble/install/my_robot_interfaces/local/lib/python3.10/dist-packages/my_robot_interfaces-0.0.0-py3.10.egg-info/dependency_links.txt
[10.049s] -- Installing: /home/parallels/ros2_ws/ROS2_Humble/install/my_robot_interfaces/local/lib/python3.10/dist-packages/my_robot_interfaces
[10.049s] -- Installing: /home/parallels/ros2_ws/ROS2_Humble/install/my_robot_interfaces/local/lib/python3.10/dist-packages/my_robot_interfaces/my_robot_interfaces_s__rosidl_typesupport_fastrtps_c.cpython-310-aarch64-linux-gnu.so
[10.049s] -- Installing: /home/parallels/ros2_ws/ROS2_Humble/install/my_robot_interfaces/local/lib/python3.10/dist-packages/my_robot_interfaces/_my_robot_interfaces_s.ep.rosidl_typesupport_introspection_c.c
[10.049s] -- Installing: /home/parallels/ros2_ws/ROS2_Humble/install/my_robot_interfaces/local/lib/python3.10/dist-packages/my_robot_interfaces/_my_robot_interfaces_s.ep.rosidl_typesupport_fastrtps_c.c
[10.049s] -- Installing: /home/parallels/ros2_ws/ROS2_Humble/install/my_robot_interfaces/local/lib/python3.10/dist-packages/my_robot_interfaces/my_robot_interfaces_s__rosidl_typesupport_introspection_c.cpython-310-aarch64-linux-gnu.so
[10.049s] -- Installing: /home/parallels/ros2_ws/ROS2_Humble/install/my_robot_interfaces/local/lib/python3.10/dist-packages/my_robot_interfaces/__init__.py
[10.049s] -- Installing: /home/parallels/ros2_ws/ROS2_Humble/install/my_robot_interfaces/local/lib/python3.10/dist-packages/my_robot_interfaces/my_robot_interfaces_s__rosidl_typesupport_c.cpython-310-aarch64-linux-gnu.so
[10.050s] -- Installing: /home/parallels/ros2_ws/ROS2_Humble/install/my_robot_interfaces/local/lib/python3.10/dist-packages/my_robot_interfaces/srv
[10.050s] -- Installing: /home/parallels/ros2_ws/ROS2_Humble/install/my_robot_interfaces/local/lib/python3.10/dist-packages/my_robot_interfaces/srv/_catch.py
[10.050s] -- Installing: /home/parallels/ros2_ws/ROS2_Humble/install/my_robot_interfaces/local/lib/python3.10/dist-packages/my_robot_interfaces/srv/_compute_rectangle_area.py
[10.050s] -- Installing: /home/parallels/ros2_ws/ROS2_Humble/install/my_robot_interfaces/local/lib/python3.10/dist-packages/my_robot_interfaces/srv/__init__.py
[10.050s] -- Installing: /home/parallels/ros2_ws/ROS2_Humble/install/my_robot_interfaces/local/lib/python3.10/dist-packages/my_robot_interfaces/srv/_set_led.py
[10.050s] -- Installing: /home/parallels/ros2_ws/ROS2_Humble/install/my_robot_interfaces/local/lib/python3.10/dist-packages/my_robot_interfaces/srv/_set_led_s.c
[10.050s] -- Installing: /home/parallels/ros2_ws/ROS2_Humble/install/my_robot_interfaces/local/lib/python3.10/dist-packages/my_robot_interfaces/srv/_catch_s.c
[10.050s] -- Installing: /home/parallels/ros2_ws/ROS2_Humble/install/my_robot_interfaces/local/lib/python3.10/dist-packages/my_robot_interfaces/srv/_compute_rectangle_area_s.c
[10.050s] -- Installing: /home/parallels/ros2_ws/ROS2_Humble/install/my_robot_interfaces/local/lib/python3.10/dist-packages/my_robot_interfaces/msg
[10.050s] -- Installing: /home/parallels/ros2_ws/ROS2_Humble/install/my_robot_interfaces/local/lib/python3.10/dist-packages/my_robot_interfaces/msg/_led_states.py
[10.050s] -- Installing: /home/parallels/ros2_ws/ROS2_Humble/install/my_robot_interfaces/local/lib/python3.10/dist-packages/my_robot_interfaces/msg/_hardware_status_s.c
[10.050s] -- Installing: /home/parallels/ros2_ws/ROS2_Humble/install/my_robot_interfaces/local/lib/python3.10/dist-packages/my_robot_interfaces/msg/__init__.py
[10.050s] -- Installing: /home/parallels/ros2_ws/ROS2_Humble/install/my_robot_interfaces/local/lib/python3.10/dist-packages/my_robot_interfaces/msg/_turtle.py
[10.050s] -- Installing: /home/parallels/ros2_ws/ROS2_Humble/install/my_robot_interfaces/local/lib/python3.10/dist-packages/my_robot_interfaces/msg/_turtle_s.c
[10.050s] -- Installing: /home/parallels/ros2_ws/ROS2_Humble/install/my_robot_interfaces/local/lib/python3.10/dist-packages/my_robot_interfaces/msg/_hardware_status.py
[10.050s] -- Installing: /home/parallels/ros2_ws/ROS2_Humble/install/my_robot_interfaces/local/lib/python3.10/dist-packages/my_robot_interfaces/msg/_turtle_array_s.c
[10.051s] -- Installing: /home/parallels/ros2_ws/ROS2_Humble/install/my_robot_interfaces/local/lib/python3.10/dist-packages/my_robot_interfaces/msg/_led_states_s.c
[10.051s] -- Installing: /home/parallels/ros2_ws/ROS2_Humble/install/my_robot_interfaces/local/lib/python3.10/dist-packages/my_robot_interfaces/msg/_turtle_array.py
[10.051s] -- Installing: /home/parallels/ros2_ws/ROS2_Humble/install/my_robot_interfaces/local/lib/python3.10/dist-packages/my_robot_interfaces/libmy_robot_interfaces__rosidl_generator_py.so
[10.051s] -- Installing: /home/parallels/ros2_ws/ROS2_Humble/install/my_robot_interfaces/local/lib/python3.10/dist-packages/my_robot_interfaces/_my_robot_interfaces_s.ep.rosidl_typesupport_c.c
[10.051s] -- Installing: /home/parallels/ros2_ws/ROS2_Humble/install/my_robot_interfaces/local/lib/python3.10/dist-packages/my_robot_interfaces/action
[10.051s] -- Installing: /home/parallels/ros2_ws/ROS2_Humble/install/my_robot_interfaces/local/lib/python3.10/dist-packages/my_robot_interfaces/action/_count_until_s.c
[10.051s] -- Installing: /home/parallels/ros2_ws/ROS2_Humble/install/my_robot_interfaces/local/lib/python3.10/dist-packages/my_robot_interfaces/action/__init__.py
[10.051s] -- Installing: /home/parallels/ros2_ws/ROS2_Humble/install/my_robot_interfaces/local/lib/python3.10/dist-packages/my_robot_interfaces/action/_reach_until.py
[10.051s] -- Installing: /home/parallels/ros2_ws/ROS2_Humble/install/my_robot_interfaces/local/lib/python3.10/dist-packages/my_robot_interfaces/action/_count_until.py
[10.051s] -- Installing: /home/parallels/ros2_ws/ROS2_Humble/install/my_robot_interfaces/local/lib/python3.10/dist-packages/my_robot_interfaces/action/_reach_until_s.c
[10.077s] Listing '/home/parallels/ros2_ws/ROS2_Humble/install/my_robot_interfaces/local/lib/python3.10/dist-packages/my_robot_interfaces'...
[10.077s] Compiling '/home/parallels/ros2_ws/ROS2_Humble/install/my_robot_interfaces/local/lib/python3.10/dist-packages/my_robot_interfaces/__init__.py'...
[10.077s] Listing '/home/parallels/ros2_ws/ROS2_Humble/install/my_robot_interfaces/local/lib/python3.10/dist-packages/my_robot_interfaces/action'...
[10.077s] Compiling '/home/parallels/ros2_ws/ROS2_Humble/install/my_robot_interfaces/local/lib/python3.10/dist-packages/my_robot_interfaces/action/__init__.py'...
[10.077s] Compiling '/home/parallels/ros2_ws/ROS2_Humble/install/my_robot_interfaces/local/lib/python3.10/dist-packages/my_robot_interfaces/action/_count_until.py'...
[10.077s] Compiling '/home/parallels/ros2_ws/ROS2_Humble/install/my_robot_interfaces/local/lib/python3.10/dist-packages/my_robot_interfaces/action/_reach_until.py'...
[10.077s] Listing '/home/parallels/ros2_ws/ROS2_Humble/install/my_robot_interfaces/local/lib/python3.10/dist-packages/my_robot_interfaces/msg'...
[10.077s] Compiling '/home/parallels/ros2_ws/ROS2_Humble/install/my_robot_interfaces/local/lib/python3.10/dist-packages/my_robot_interfaces/msg/__init__.py'...
[10.077s] Compiling '/home/parallels/ros2_ws/ROS2_Humble/install/my_robot_interfaces/local/lib/python3.10/dist-packages/my_robot_interfaces/msg/_hardware_status.py'...
[10.077s] Compiling '/home/parallels/ros2_ws/ROS2_Humble/install/my_robot_interfaces/local/lib/python3.10/dist-packages/my_robot_interfaces/msg/_led_states.py'...
[10.077s] Compiling '/home/parallels/ros2_ws/ROS2_Humble/install/my_robot_interfaces/local/lib/python3.10/dist-packages/my_robot_interfaces/msg/_turtle.py'...
[10.077s] Compiling '/home/parallels/ros2_ws/ROS2_Humble/install/my_robot_interfaces/local/lib/python3.10/dist-packages/my_robot_interfaces/msg/_turtle_array.py'...
[10.077s] Listing '/home/parallels/ros2_ws/ROS2_Humble/install/my_robot_interfaces/local/lib/python3.10/dist-packages/my_robot_interfaces/srv'...
[10.077s] Compiling '/home/parallels/ros2_ws/ROS2_Humble/install/my_robot_interfaces/local/lib/python3.10/dist-packages/my_robot_interfaces/srv/__init__.py'...
[10.077s] Compiling '/home/parallels/ros2_ws/ROS2_Humble/install/my_robot_interfaces/local/lib/python3.10/dist-packages/my_robot_interfaces/srv/_catch.py'...
[10.077s] Compiling '/home/parallels/ros2_ws/ROS2_Humble/install/my_robot_interfaces/local/lib/python3.10/dist-packages/my_robot_interfaces/srv/_compute_rectangle_area.py'...
[10.077s] Compiling '/home/parallels/ros2_ws/ROS2_Humble/install/my_robot_interfaces/local/lib/python3.10/dist-packages/my_robot_interfaces/srv/_set_led.py'...
[10.079s] -- Installing: /home/parallels/ros2_ws/ROS2_Humble/install/my_robot_interfaces/local/lib/python3.10/dist-packages/my_robot_interfaces/my_robot_interfaces_s__rosidl_typesupport_fastrtps_c.cpython-310-aarch64-linux-gnu.so
[10.080s] -- Set runtime path of "/home/parallels/ros2_ws/ROS2_Humble/install/my_robot_interfaces/local/lib/python3.10/dist-packages/my_robot_interfaces/my_robot_interfaces_s__rosidl_typesupport_fastrtps_c.cpython-310-aarch64-linux-gnu.so" to ""
[10.080s] -- Installing: /home/parallels/ros2_ws/ROS2_Humble/install/my_robot_interfaces/local/lib/python3.10/dist-packages/my_robot_interfaces/my_robot_interfaces_s__rosidl_typesupport_introspection_c.cpython-310-aarch64-linux-gnu.so
[10.080s] -- Set runtime path of "/home/parallels/ros2_ws/ROS2_Humble/install/my_robot_interfaces/local/lib/python3.10/dist-packages/my_robot_interfaces/my_robot_interfaces_s__rosidl_typesupport_introspection_c.cpython-310-aarch64-linux-gnu.so" to ""
[10.080s] -- Installing: /home/parallels/ros2_ws/ROS2_Humble/install/my_robot_interfaces/local/lib/python3.10/dist-packages/my_robot_interfaces/my_robot_interfaces_s__rosidl_typesupport_c.cpython-310-aarch64-linux-gnu.so
[10.080s] -- Set runtime path of "/home/parallels/ros2_ws/ROS2_Humble/install/my_robot_interfaces/local/lib/python3.10/dist-packages/my_robot_interfaces/my_robot_interfaces_s__rosidl_typesupport_c.cpython-310-aarch64-linux-gnu.so" to ""
[10.080s] -- Installing: /home/parallels/ros2_ws/ROS2_Humble/install/my_robot_interfaces/lib/libmy_robot_interfaces__rosidl_generator_py.so
[10.080s] -- Set runtime path of "/home/parallels/ros2_ws/ROS2_Humble/install/my_robot_interfaces/lib/libmy_robot_interfaces__rosidl_generator_py.so" to ""
[10.080s] -- Installing: /home/parallels/ros2_ws/ROS2_Humble/install/my_robot_interfaces/share/my_robot_interfaces/msg/HardwareStatus.idl
[10.081s] -- Installing: /home/parallels/ros2_ws/ROS2_Humble/install/my_robot_interfaces/share/my_robot_interfaces/msg/LedStates.idl
[10.081s] -- Installing: /home/parallels/ros2_ws/ROS2_Humble/install/my_robot_interfaces/share/my_robot_interfaces/msg/Turtle.idl
[10.081s] -- Installing: /home/parallels/ros2_ws/ROS2_Humble/install/my_robot_interfaces/share/my_robot_interfaces/msg/TurtleArray.idl
[10.081s] -- Installing: /home/parallels/ros2_ws/ROS2_Humble/install/my_robot_interfaces/share/my_robot_interfaces/srv/ComputeRectangleArea.idl
[10.081s] -- Installing: /home/parallels/ros2_ws/ROS2_Humble/install/my_robot_interfaces/share/my_robot_interfaces/srv/SetLED.idl
[10.081s] -- Installing: /home/parallels/ros2_ws/ROS2_Humble/install/my_robot_interfaces/share/my_robot_interfaces/srv/Catch.idl
[10.081s] -- Installing: /home/parallels/ros2_ws/ROS2_Humble/install/my_robot_interfaces/share/my_robot_interfaces/action/CountUntil.idl
[10.081s] -- Installing: /home/parallels/ros2_ws/ROS2_Humble/install/my_robot_interfaces/share/my_robot_interfaces/action/ReachUntil.idl
[10.081s] -- Installing: /home/parallels/ros2_ws/ROS2_Humble/install/my_robot_interfaces/share/my_robot_interfaces/msg/HardwareStatus.msg
[10.081s] -- Installing: /home/parallels/ros2_ws/ROS2_Humble/install/my_robot_interfaces/share/my_robot_interfaces/msg/LedStates.msg
[10.081s] -- Installing: /home/parallels/ros2_ws/ROS2_Humble/install/my_robot_interfaces/share/my_robot_interfaces/msg/Turtle.msg
[10.081s] -- Installing: /home/parallels/ros2_ws/ROS2_Humble/install/my_robot_interfaces/share/my_robot_interfaces/msg/TurtleArray.msg
[10.081s] -- Installing: /home/parallels/ros2_ws/ROS2_Humble/install/my_robot_interfaces/share/my_robot_interfaces/srv/ComputeRectangleArea.srv
[10.081s] -- Installing: /home/parallels/ros2_ws/ROS2_Humble/install/my_robot_interfaces/share/my_robot_interfaces/srv/ComputeRectangleArea_Request.msg
[10.081s] -- Installing: /home/parallels/ros2_ws/ROS2_Humble/install/my_robot_interfaces/share/my_robot_interfaces/srv/ComputeRectangleArea_Response.msg
[10.082s] -- Installing: /home/parallels/ros2_ws/ROS2_Humble/install/my_robot_interfaces/share/my_robot_interfaces/srv/SetLED.srv
[10.082s] -- Installing: /home/parallels/ros2_ws/ROS2_Humble/install/my_robot_interfaces/share/my_robot_interfaces/srv/SetLED_Request.msg
[10.082s] -- Installing: /home/parallels/ros2_ws/ROS2_Humble/install/my_robot_interfaces/share/my_robot_interfaces/srv/SetLED_Response.msg
[10.082s] -- Installing: /home/parallels/ros2_ws/ROS2_Humble/install/my_robot_interfaces/share/my_robot_interfaces/srv/Catch.srv
[10.082s] -- Installing: /home/parallels/ros2_ws/ROS2_Humble/install/my_robot_interfaces/share/my_robot_interfaces/srv/Catch_Request.msg
[10.082s] -- Installing: /home/parallels/ros2_ws/ROS2_Humble/install/my_robot_interfaces/share/my_robot_interfaces/srv/Catch_Response.msg
[10.082s] -- Installing: /home/parallels/ros2_ws/ROS2_Humble/install/my_robot_interfaces/share/my_robot_interfaces/action/CountUntil.action
[10.082s] -- Installing: /home/parallels/ros2_ws/ROS2_Humble/install/my_robot_interfaces/share/my_robot_interfaces/action/ReachUntil.action
[10.082s] -- Installing: /home/parallels/ros2_ws/ROS2_Humble/install/my_robot_interfaces/share/ament_index/resource_index/package_run_dependencies/my_robot_interfaces
[10.082s] -- Installing: /home/parallels/ros2_ws/ROS2_Humble/install/my_robot_interfaces/share/ament_index/resource_index/parent_prefix_path/my_robot_interfaces
[10.082s] -- Installing: /home/parallels/ros2_ws/ROS2_Humble/install/my_robot_interfaces/share/my_robot_interfaces/environment/ament_prefix_path.sh
[10.082s] -- Installing: /home/parallels/ros2_ws/ROS2_Humble/install/my_robot_interfaces/share/my_robot_interfaces/environment/ament_prefix_path.dsv
[10.082s] -- Installing: /home/parallels/ros2_ws/ROS2_Humble/install/my_robot_interfaces/share/my_robot_interfaces/environment/path.sh
[10.082s] -- Installing: /home/parallels/ros2_ws/ROS2_Humble/install/my_robot_interfaces/share/my_robot_interfaces/environment/path.dsv
[10.082s] -- Installing: /home/parallels/ros2_ws/ROS2_Humble/install/my_robot_interfaces/share/my_robot_interfaces/local_setup.bash
[10.082s] -- Installing: /home/parallels/ros2_ws/ROS2_Humble/install/my_robot_interfaces/share/my_robot_interfaces/local_setup.sh
[10.083s] -- Installing: /home/parallels/ros2_ws/ROS2_Humble/install/my_robot_interfaces/share/my_robot_interfaces/local_setup.zsh
[10.083s] -- Installing: /home/parallels/ros2_ws/ROS2_Humble/install/my_robot_interfaces/share/my_robot_interfaces/local_setup.dsv
[10.083s] -- Installing: /home/parallels/ros2_ws/ROS2_Humble/install/my_robot_interfaces/share/my_robot_interfaces/package.dsv
[10.083s] -- Installing: /home/parallels/ros2_ws/ROS2_Humble/install/my_robot_interfaces/share/ament_index/resource_index/packages/my_robot_interfaces
[10.083s] -- Installing: /home/parallels/ros2_ws/ROS2_Humble/install/my_robot_interfaces/share/my_robot_interfaces/cmake/export_my_robot_interfaces__rosidl_generator_cExport.cmake
[10.083s] -- Installing: /home/parallels/ros2_ws/ROS2_Humble/install/my_robot_interfaces/share/my_robot_interfaces/cmake/export_my_robot_interfaces__rosidl_generator_cExport-noconfig.cmake
[10.083s] -- Installing: /home/parallels/ros2_ws/ROS2_Humble/install/my_robot_interfaces/share/my_robot_interfaces/cmake/export_my_robot_interfaces__rosidl_typesupport_fastrtps_cExport.cmake
[10.083s] -- Installing: /home/parallels/ros2_ws/ROS2_Humble/install/my_robot_interfaces/share/my_robot_interfaces/cmake/export_my_robot_interfaces__rosidl_typesupport_fastrtps_cExport-noconfig.cmake
[10.083s] -- Installing: /home/parallels/ros2_ws/ROS2_Humble/install/my_robot_interfaces/share/my_robot_interfaces/cmake/my_robot_interfaces__rosidl_typesupport_introspection_cExport.cmake
[10.083s] -- Installing: /home/parallels/ros2_ws/ROS2_Humble/install/my_robot_interfaces/share/my_robot_interfaces/cmake/my_robot_interfaces__rosidl_typesupport_introspection_cExport-noconfig.cmake
[10.083s] -- Installing: /home/parallels/ros2_ws/ROS2_Humble/install/my_robot_interfaces/share/my_robot_interfaces/cmake/my_robot_interfaces__rosidl_typesupport_cExport.cmake
[10.083s] -- Installing: /home/parallels/ros2_ws/ROS2_Humble/install/my_robot_interfaces/share/my_robot_interfaces/cmake/my_robot_interfaces__rosidl_typesupport_cExport-noconfig.cmake
[10.083s] -- Installing: /home/parallels/ros2_ws/ROS2_Humble/install/my_robot_interfaces/share/my_robot_interfaces/cmake/export_my_robot_interfaces__rosidl_generator_cppExport.cmake
[10.084s] -- Installing: /home/parallels/ros2_ws/ROS2_Humble/install/my_robot_interfaces/share/my_robot_interfaces/cmake/export_my_robot_interfaces__rosidl_typesupport_fastrtps_cppExport.cmake
[10.084s] -- Installing: /home/parallels/ros2_ws/ROS2_Humble/install/my_robot_interfaces/share/my_robot_interfaces/cmake/export_my_robot_interfaces__rosidl_typesupport_fastrtps_cppExport-noconfig.cmake
[10.084s] -- Installing: /home/parallels/ros2_ws/ROS2_Humble/install/my_robot_interfaces/share/my_robot_interfaces/cmake/my_robot_interfaces__rosidl_typesupport_introspection_cppExport.cmake
[10.084s] -- Installing: /home/parallels/ros2_ws/ROS2_Humble/install/my_robot_interfaces/share/my_robot_interfaces/cmake/my_robot_interfaces__rosidl_typesupport_introspection_cppExport-noconfig.cmake
[10.084s] -- Installing: /home/parallels/ros2_ws/ROS2_Humble/install/my_robot_interfaces/share/my_robot_interfaces/cmake/my_robot_interfaces__rosidl_typesupport_cppExport.cmake
[10.084s] -- Installing: /home/parallels/ros2_ws/ROS2_Humble/install/my_robot_interfaces/share/my_robot_interfaces/cmake/my_robot_interfaces__rosidl_typesupport_cppExport-noconfig.cmake
[10.084s] -- Installing: /home/parallels/ros2_ws/ROS2_Humble/install/my_robot_interfaces/share/my_robot_interfaces/cmake/export_my_robot_interfaces__rosidl_generator_pyExport.cmake
[10.084s] -- Installing: /home/parallels/ros2_ws/ROS2_Humble/install/my_robot_interfaces/share/my_robot_interfaces/cmake/export_my_robot_interfaces__rosidl_generator_pyExport-noconfig.cmake
[10.084s] -- Installing: /home/parallels/ros2_ws/ROS2_Humble/install/my_robot_interfaces/share/my_robot_interfaces/cmake/rosidl_cmake-extras.cmake
[10.084s] -- Installing: /home/parallels/ros2_ws/ROS2_Humble/install/my_robot_interfaces/share/my_robot_interfaces/cmake/ament_cmake_export_dependencies-extras.cmake
[10.084s] -- Installing: /home/parallels/ros2_ws/ROS2_Humble/install/my_robot_interfaces/share/my_robot_interfaces/cmake/ament_cmake_export_include_directories-extras.cmake
[10.084s] -- Installing: /home/parallels/ros2_ws/ROS2_Humble/install/my_robot_interfaces/share/my_robot_interfaces/cmake/ament_cmake_export_libraries-extras.cmake
[10.084s] -- Installing: /home/parallels/ros2_ws/ROS2_Humble/install/my_robot_interfaces/share/my_robot_interfaces/cmake/ament_cmake_export_targets-extras.cmake
[10.084s] -- Installing: /home/parallels/ros2_ws/ROS2_Humble/install/my_robot_interfaces/share/my_robot_interfaces/cmake/rosidl_cmake_export_typesupport_targets-extras.cmake
[10.085s] -- Installing: /home/parallels/ros2_ws/ROS2_Humble/install/my_robot_interfaces/share/my_robot_interfaces/cmake/rosidl_cmake_export_typesupport_libraries-extras.cmake
[10.085s] -- Installing: /home/parallels/ros2_ws/ROS2_Humble/install/my_robot_interfaces/share/my_robot_interfaces/cmake/my_robot_interfacesConfig.cmake
[10.085s] -- Installing: /home/parallels/ros2_ws/ROS2_Humble/install/my_robot_interfaces/share/my_robot_interfaces/cmake/my_robot_interfacesConfig-version.cmake
[10.085s] -- Installing: /home/parallels/ros2_ws/ROS2_Humble/install/my_robot_interfaces/share/my_robot_interfaces/package.xml
[10.086s] Invoked command in '/home/parallels/ros2_ws/ROS2_Humble/build/my_robot_interfaces' returned '0': CMAKE_PREFIX_PATH=${CMAKE_PREFIX_PATH}:/home/parallels/ros2_humble/install/lifecycle_py:/home/parallels/ros2_ws/install/turtlesim_catch_them_all:/home/parallels/ros2_ws/install/number_counter:/home/parallels/ros2_ws/install/my_py_pkg:/home/parallels/ros2_ws/install/actions_py:/home/parallels/ros2_ws/install/add_two_ints:/opt/ros/humble /usr/bin/cmake --install /home/parallels/ros2_ws/ROS2_Humble/build/my_robot_interfaces
