[0.079s] Invoking command in '/home/parallels/ros2_ws/ROS2_Humble/build/my_robot_lifecycle_bringup': AMENT_PREFIX_PATH=/home/parallels/ros2_ws/ROS2_Humble/install/lifecycle_py:${AMENT_PREFIX_PATH} CMAKE_PREFIX_PATH=${CMAKE_PREFIX_PATH}:/home/parallels/ros2_humble/install/lifecycle_py:/home/parallels/ros2_ws/install/turtlesim_catch_them_all:/home/parallels/ros2_ws/install/number_counter:/home/parallels/ros2_ws/install/my_py_pkg:/home/parallels/ros2_ws/install/actions_py:/home/parallels/ros2_ws/install/add_two_ints:/opt/ros/humble PYTHONPATH=/home/parallels/ros2_ws/ROS2_Humble/install/lifecycle_py/lib/python3.10/site-packages:${PYTHONPATH} /usr/bin/cmake /home/parallels/ros2_ws/ROS2_Humble/src/my_robot_lifecycle_bringup -DCMAKE_INSTALL_PREFIX=/home/parallels/ros2_ws/ROS2_Humble/install/my_robot_lifecycle_bringup
[0.119s] -- The C compiler identification is GNU 11.4.0
[0.171s] -- The CXX compiler identification is GNU 11.4.0
[0.175s] -- Detecting C compiler ABI info
[0.226s] -- Detecting C compiler ABI info - done
[0.231s] -- Check for working C compiler: /usr/bin/cc - skipped
[0.231s] -- Detecting C compile features
[0.232s] -- Detecting C compile features - done
[0.234s] -- Detecting CXX compiler ABI info
[0.326s] -- Detecting CXX compiler ABI info - done
[0.330s] -- Check for working CXX compiler: /usr/bin/c++ - skipped
[0.330s] -- Detecting CXX compile features
[0.331s] -- Detecting CXX compile features - done
[0.336s] -- Found ament_cmake: 1.3.11 (/opt/ros/humble/share/ament_cmake/cmake)
[0.453s] -- Found Python3: /usr/bin/python3 (found version "3.10.12") found components: Interpreter 
[0.690s] -- Configuring done
[0.695s] -- Generating done
[0.696s] -- Build files have been written to: /home/parallels/ros2_ws/ROS2_Humble/build/my_robot_lifecycle_bringup
[0.700s] Invoked command in '/home/parallels/ros2_ws/ROS2_Humble/build/my_robot_lifecycle_bringup' returned '0': AMENT_PREFIX_PATH=/home/parallels/ros2_ws/ROS2_Humble/install/lifecycle_py:${AMENT_PREFIX_PATH} CMAKE_PREFIX_PATH=${CMAKE_PREFIX_PATH}:/home/parallels/ros2_humble/install/lifecycle_py:/home/parallels/ros2_ws/install/turtlesim_catch_them_all:/home/parallels/ros2_ws/install/number_counter:/home/parallels/ros2_ws/install/my_py_pkg:/home/parallels/ros2_ws/install/actions_py:/home/parallels/ros2_ws/install/add_two_ints:/opt/ros/humble PYTHONPATH=/home/parallels/ros2_ws/ROS2_Humble/install/lifecycle_py/lib/python3.10/site-packages:${PYTHONPATH} /usr/bin/cmake /home/parallels/ros2_ws/ROS2_Humble/src/my_robot_lifecycle_bringup -DCMAKE_INSTALL_PREFIX=/home/parallels/ros2_ws/ROS2_Humble/install/my_robot_lifecycle_bringup
[0.701s] Invoking command in '/home/parallels/ros2_ws/ROS2_Humble/build/my_robot_lifecycle_bringup': AMENT_PREFIX_PATH=/home/parallels/ros2_ws/ROS2_Humble/install/lifecycle_py:${AMENT_PREFIX_PATH} CMAKE_PREFIX_PATH=${CMAKE_PREFIX_PATH}:/home/parallels/ros2_humble/install/lifecycle_py:/home/parallels/ros2_ws/install/turtlesim_catch_them_all:/home/parallels/ros2_ws/install/number_counter:/home/parallels/ros2_ws/install/my_py_pkg:/home/parallels/ros2_ws/install/actions_py:/home/parallels/ros2_ws/install/add_two_ints:/opt/ros/humble PYTHONPATH=/home/parallels/ros2_ws/ROS2_Humble/install/lifecycle_py/lib/python3.10/site-packages:${PYTHONPATH} /usr/bin/cmake --build /home/parallels/ros2_ws/ROS2_Humble/build/my_robot_lifecycle_bringup -- -j8 -l8
[0.735s] Invoked command in '/home/parallels/ros2_ws/ROS2_Humble/build/my_robot_lifecycle_bringup' returned '0': AMENT_PREFIX_PATH=/home/parallels/ros2_ws/ROS2_Humble/install/lifecycle_py:${AMENT_PREFIX_PATH} CMAKE_PREFIX_PATH=${CMAKE_PREFIX_PATH}:/home/parallels/ros2_humble/install/lifecycle_py:/home/parallels/ros2_ws/install/turtlesim_catch_them_all:/home/parallels/ros2_ws/install/number_counter:/home/parallels/ros2_ws/install/my_py_pkg:/home/parallels/ros2_ws/install/actions_py:/home/parallels/ros2_ws/install/add_two_ints:/opt/ros/humble PYTHONPATH=/home/parallels/ros2_ws/ROS2_Humble/install/lifecycle_py/lib/python3.10/site-packages:${PYTHONPATH} /usr/bin/cmake --build /home/parallels/ros2_ws/ROS2_Humble/build/my_robot_lifecycle_bringup -- -j8 -l8
[0.736s] Invoking command in '/home/parallels/ros2_ws/ROS2_Humble/build/my_robot_lifecycle_bringup': AMENT_PREFIX_PATH=/home/parallels/ros2_ws/ROS2_Humble/install/lifecycle_py:${AMENT_PREFIX_PATH} CMAKE_PREFIX_PATH=${CMAKE_PREFIX_PATH}:/home/parallels/ros2_humble/install/lifecycle_py:/home/parallels/ros2_ws/install/turtlesim_catch_them_all:/home/parallels/ros2_ws/install/number_counter:/home/parallels/ros2_ws/install/my_py_pkg:/home/parallels/ros2_ws/install/actions_py:/home/parallels/ros2_ws/install/add_two_ints:/opt/ros/humble PYTHONPATH=/home/parallels/ros2_ws/ROS2_Humble/install/lifecycle_py/lib/python3.10/site-packages:${PYTHONPATH} /usr/bin/cmake --install /home/parallels/ros2_ws/ROS2_Humble/build/my_robot_lifecycle_bringup
[0.740s] -- Install configuration: ""
[0.740s] -- Up-to-date: /home/parallels/ros2_ws/ROS2_Humble/install/my_robot_lifecycle_bringup/share/my_robot_lifecycle_bringup//launch
[0.740s] -- Up-to-date: /home/parallels/ros2_ws/ROS2_Humble/install/my_robot_lifecycle_bringup/share/my_robot_lifecycle_bringup//launch/lifecycle_test.launch.py
[0.740s] -- Up-to-date: /home/parallels/ros2_ws/ROS2_Humble/install/my_robot_lifecycle_bringup/share/my_robot_lifecycle_bringup//launch/lifecycle_test.launch.xml
[0.740s] -- Up-to-date: /home/parallels/ros2_ws/ROS2_Humble/install/my_robot_lifecycle_bringup/share/ament_index/resource_index/package_run_dependencies/my_robot_lifecycle_bringup
[0.741s] -- Up-to-date: /home/parallels/ros2_ws/ROS2_Humble/install/my_robot_lifecycle_bringup/share/ament_index/resource_index/parent_prefix_path/my_robot_lifecycle_bringup
[0.741s] -- Up-to-date: /home/parallels/ros2_ws/ROS2_Humble/install/my_robot_lifecycle_bringup/share/my_robot_lifecycle_bringup/environment/ament_prefix_path.sh
[0.741s] -- Installing: /home/parallels/ros2_ws/ROS2_Humble/install/my_robot_lifecycle_bringup/share/my_robot_lifecycle_bringup/environment/ament_prefix_path.dsv
[0.741s] -- Up-to-date: /home/parallels/ros2_ws/ROS2_Humble/install/my_robot_lifecycle_bringup/share/my_robot_lifecycle_bringup/environment/path.sh
[0.741s] -- Installing: /home/parallels/ros2_ws/ROS2_Humble/install/my_robot_lifecycle_bringup/share/my_robot_lifecycle_bringup/environment/path.dsv
[0.741s] -- Up-to-date: /home/parallels/ros2_ws/ROS2_Humble/install/my_robot_lifecycle_bringup/share/my_robot_lifecycle_bringup/local_setup.bash
[0.741s] -- Up-to-date: /home/parallels/ros2_ws/ROS2_Humble/install/my_robot_lifecycle_bringup/share/my_robot_lifecycle_bringup/local_setup.sh
[0.741s] -- Up-to-date: /home/parallels/ros2_ws/ROS2_Humble/install/my_robot_lifecycle_bringup/share/my_robot_lifecycle_bringup/local_setup.zsh
[0.742s] -- Installing: /home/parallels/ros2_ws/ROS2_Humble/install/my_robot_lifecycle_bringup/share/my_robot_lifecycle_bringup/local_setup.dsv
[0.742s] -- Installing: /home/parallels/ros2_ws/ROS2_Humble/install/my_robot_lifecycle_bringup/share/my_robot_lifecycle_bringup/package.dsv
[0.742s] -- Up-to-date: /home/parallels/ros2_ws/ROS2_Humble/install/my_robot_lifecycle_bringup/share/ament_index/resource_index/packages/my_robot_lifecycle_bringup
[0.743s] -- Up-to-date: /home/parallels/ros2_ws/ROS2_Humble/install/my_robot_lifecycle_bringup/share/my_robot_lifecycle_bringup/cmake/my_robot_lifecycle_bringupConfig.cmake
[0.744s] -- Up-to-date: /home/parallels/ros2_ws/ROS2_Humble/install/my_robot_lifecycle_bringup/share/my_robot_lifecycle_bringup/cmake/my_robot_lifecycle_bringupConfig-version.cmake
[0.744s] -- Up-to-date: /home/parallels/ros2_ws/ROS2_Humble/install/my_robot_lifecycle_bringup/share/my_robot_lifecycle_bringup/package.xml
[0.746s] Invoked command in '/home/parallels/ros2_ws/ROS2_Humble/build/my_robot_lifecycle_bringup' returned '0': AMENT_PREFIX_PATH=/home/parallels/ros2_ws/ROS2_Humble/install/lifecycle_py:${AMENT_PREFIX_PATH} CMAKE_PREFIX_PATH=${CMAKE_PREFIX_PATH}:/home/parallels/ros2_humble/install/lifecycle_py:/home/parallels/ros2_ws/install/turtlesim_catch_them_all:/home/parallels/ros2_ws/install/number_counter:/home/parallels/ros2_ws/install/my_py_pkg:/home/parallels/ros2_ws/install/actions_py:/home/parallels/ros2_ws/install/add_two_ints:/opt/ros/humble PYTHONPATH=/home/parallels/ros2_ws/ROS2_Humble/install/lifecycle_py/lib/python3.10/site-packages:${PYTHONPATH} /usr/bin/cmake --install /home/parallels/ros2_ws/ROS2_Humble/build/my_robot_lifecycle_bringup
