running egg_info
writing ../../build/add_two_ints/add_two_ints.egg-info/PKG-INFO
writing dependency_links to ../../build/add_two_ints/add_two_ints.egg-info/dependency_links.txt
writing entry points to ../../build/add_two_ints/add_two_ints.egg-info/entry_points.txt
writing requirements to ../../build/add_two_ints/add_two_ints.egg-info/requires.txt
writing top-level names to ../../build/add_two_ints/add_two_ints.egg-info/top_level.txt
reading manifest file '../../build/add_two_ints/add_two_ints.egg-info/SOURCES.txt'
writing manifest file '../../build/add_two_ints/add_two_ints.egg-info/SOURCES.txt'
running build
running build_py
running install
running install_lib
running install_data
running install_egg_info
removing '/home/parallels/ros2_ws/install/add_two_ints/lib/python3.10/site-packages/add_two_ints-0.0.0-py3.10.egg-info' (and everything under it)
Copying ../../build/add_two_ints/add_two_ints.egg-info to /home/parallels/ros2_ws/install/add_two_ints/lib/python3.10/site-packages/add_two_ints-0.0.0-py3.10.egg-info
running install_scripts
Installing add_two_ints_client script to /home/parallels/ros2_ws/install/add_two_ints/lib/add_two_ints
Installing add_two_ints_client_no_oop script to /home/parallels/ros2_ws/install/add_two_ints/lib/add_two_ints
Installing add_two_ints_server script to /home/parallels/ros2_ws/install/add_two_ints/lib/add_two_ints
writing list of installed files to '/home/parallels/ros2_ws/build/add_two_ints/install.log'
