running develop
running egg_info
creating lifecycle_py.egg-info
writing lifecycle_py.egg-info/PKG-INFO
writing dependency_links to lifecycle_py.egg-info/dependency_links.txt
writing entry points to lifecycle_py.egg-info/entry_points.txt
writing requirements to lifecycle_py.egg-info/requires.txt
writing top-level names to lifecycle_py.egg-info/top_level.txt
writing manifest file 'lifecycle_py.egg-info/SOURCES.txt'
reading manifest file 'lifecycle_py.egg-info/SOURCES.txt'
writing manifest file 'lifecycle_py.egg-info/SOURCES.txt'
running build_ext
Creating /home/parallels/ros2_humble/ROS2_Humble/install/lifecycle_py/lib/python3.10/site-packages/lifecycle-py.egg-link (link to .)
Installing number_publisher script to /home/parallels/ros2_humble/ROS2_Humble/install/lifecycle_py/lib/lifecycle_py

Installed /home/parallels/ros2_humble/ROS2_Humble/build/lifecycle_py
running symlink_data
creating /home/parallels/ros2_humble/ROS2_Humble/install/lifecycle_py/share/ament_index
creating /home/parallels/ros2_humble/ROS2_Humble/install/lifecycle_py/share/ament_index/resource_index
creating /home/parallels/ros2_humble/ROS2_Humble/install/lifecycle_py/share/ament_index/resource_index/packages
symbolically linking /home/parallels/ros2_humble/ROS2_Humble/build/lifecycle_py/resource/lifecycle_py -> /home/parallels/ros2_humble/ROS2_Humble/install/lifecycle_py/share/ament_index/resource_index/packages
symbolically linking /home/parallels/ros2_humble/ROS2_Humble/build/lifecycle_py/package.xml -> /home/parallels/ros2_humble/ROS2_Humble/install/lifecycle_py/share/lifecycle_py
