[0.695s] Invoking command in '/home/parallels/ros2_ws/ROS2_Humble/src/turtlesim_catch_them_all': CMAKE_PREFIX_PATH=/home/parallels/ros2_ws/ROS2_Humble/install/my_robot_interfaces:/home/parallels/ros2_ws/ROS2_Humble/install/turtlecatch_bringup:/home/parallels/ros2_ws/ROS2_Humble/install/polygon_plugins:/home/parallels/ros2_ws/ROS2_Humble/install/polygon_base:/home/parallels/ros2_ws/ROS2_Humble/install/my_robot_station_bringup:/home/parallels/ros2_ws/ROS2_Humble/install/my_robot_lifecycle_bringup:/home/parallels/ros2_ws/ROS2_Humble/install/my_robot_bringup:/home/parallels/ros2_ws/ROS2_Humble/install/my_cpp_pkg:/home/parallels/ros2_ws/ROS2_Humble/install/actions_cpp:/home/parallels/ros2_ws/ROS2_Humble/install/my_robot_bringup_gazebo:/home/parallels/ros2_ws/ROS2_Humble/install/my_robot_description:/home/parallels/ros2_ws/ROS2_Humble/install/lifecycle_cpp:/home/parallels/ros2_ws/ROS2_Humble/install/add_two_ints_cpp:/usr LD_LIBRARY_PATH=/home/parallels/ros2_ws/ROS2_Humble/install/my_robot_interfaces/lib:/home/parallels/ros2_ws/ROS2_Humble/install/polygon_plugins/lib:/opt/ros/humble/opt/rviz_ogre_vendor/lib:/opt/ros/humble/lib/aarch64-linux-gnu:/opt/ros/humble/lib PYTHONPATH=/home/parallels/ros2_ws/ROS2_Humble/build/turtlesim_catch_them_all/prefix_override:/usr/lib/python3/dist-packages/colcon_core/task/python/colcon_distutils_commands:/home/parallels/ros2_ws/ROS2_Humble/install/turtlesim_catch_them_all/lib/python3.10/site-packages:${PYTHONPATH} /usr/bin/python3 -W ignore:setup.py install is deprecated -W ignore:easy_install command is deprecated setup.py egg_info --egg-base ../../build/turtlesim_catch_them_all build --build-base /home/parallels/ros2_ws/ROS2_Humble/build/turtlesim_catch_them_all/build install --record /home/parallels/ros2_ws/ROS2_Humble/build/turtlesim_catch_them_all/install.log --single-version-externally-managed install_data
[0.835s] running egg_info
[0.835s] writing ../../build/turtlesim_catch_them_all/turtlesim_catch_them_all.egg-info/PKG-INFO
[0.835s] writing dependency_links to ../../build/turtlesim_catch_them_all/turtlesim_catch_them_all.egg-info/dependency_links.txt
[0.835s] writing entry points to ../../build/turtlesim_catch_them_all/turtlesim_catch_them_all.egg-info/entry_points.txt
[0.835s] writing requirements to ../../build/turtlesim_catch_them_all/turtlesim_catch_them_all.egg-info/requires.txt
[0.835s] writing top-level names to ../../build/turtlesim_catch_them_all/turtlesim_catch_them_all.egg-info/top_level.txt
[0.836s] reading manifest file '../../build/turtlesim_catch_them_all/turtlesim_catch_them_all.egg-info/SOURCES.txt'
[0.837s] writing manifest file '../../build/turtlesim_catch_them_all/turtlesim_catch_them_all.egg-info/SOURCES.txt'
[0.837s] running build
[0.837s] running build_py
[0.837s] running install
[0.838s] running install_lib
[0.839s] running install_data
[0.839s] running install_egg_info
[0.840s] removing '/home/parallels/ros2_ws/ROS2_Humble/install/turtlesim_catch_them_all/lib/python3.10/site-packages/turtlesim_catch_them_all-0.0.0-py3.10.egg-info' (and everything under it)
[0.840s] Copying ../../build/turtlesim_catch_them_all/turtlesim_catch_them_all.egg-info to /home/parallels/ros2_ws/ROS2_Humble/install/turtlesim_catch_them_all/lib/python3.10/site-packages/turtlesim_catch_them_all-0.0.0-py3.10.egg-info
[0.841s] running install_scripts
[0.856s] Installing turtle_controll script to /home/parallels/ros2_ws/ROS2_Humble/install/turtlesim_catch_them_all/lib/turtlesim_catch_them_all
[0.857s] Installing turtle_spawn script to /home/parallels/ros2_ws/ROS2_Humble/install/turtlesim_catch_them_all/lib/turtlesim_catch_them_all
[0.857s] writing list of installed files to '/home/parallels/ros2_ws/ROS2_Humble/build/turtlesim_catch_them_all/install.log'
[0.882s] Invoked command in '/home/parallels/ros2_ws/ROS2_Humble/src/turtlesim_catch_them_all' returned '0': CMAKE_PREFIX_PATH=/home/parallels/ros2_ws/ROS2_Humble/install/my_robot_interfaces:/home/parallels/ros2_ws/ROS2_Humble/install/turtlecatch_bringup:/home/parallels/ros2_ws/ROS2_Humble/install/polygon_plugins:/home/parallels/ros2_ws/ROS2_Humble/install/polygon_base:/home/parallels/ros2_ws/ROS2_Humble/install/my_robot_station_bringup:/home/parallels/ros2_ws/ROS2_Humble/install/my_robot_lifecycle_bringup:/home/parallels/ros2_ws/ROS2_Humble/install/my_robot_bringup:/home/parallels/ros2_ws/ROS2_Humble/install/my_cpp_pkg:/home/parallels/ros2_ws/ROS2_Humble/install/actions_cpp:/home/parallels/ros2_ws/ROS2_Humble/install/my_robot_bringup_gazebo:/home/parallels/ros2_ws/ROS2_Humble/install/my_robot_description:/home/parallels/ros2_ws/ROS2_Humble/install/lifecycle_cpp:/home/parallels/ros2_ws/ROS2_Humble/install/add_two_ints_cpp:/usr LD_LIBRARY_PATH=/home/parallels/ros2_ws/ROS2_Humble/install/my_robot_interfaces/lib:/home/parallels/ros2_ws/ROS2_Humble/install/polygon_plugins/lib:/opt/ros/humble/opt/rviz_ogre_vendor/lib:/opt/ros/humble/lib/aarch64-linux-gnu:/opt/ros/humble/lib PYTHONPATH=/home/parallels/ros2_ws/ROS2_Humble/build/turtlesim_catch_them_all/prefix_override:/usr/lib/python3/dist-packages/colcon_core/task/python/colcon_distutils_commands:/home/parallels/ros2_ws/ROS2_Humble/install/turtlesim_catch_them_all/lib/python3.10/site-packages:${PYTHONPATH} /usr/bin/python3 -W ignore:setup.py install is deprecated -W ignore:easy_install command is deprecated setup.py egg_info --egg-base ../../build/turtlesim_catch_them_all build --build-base /home/parallels/ros2_ws/ROS2_Humble/build/turtlesim_catch_them_all/build install --record /home/parallels/ros2_ws/ROS2_Humble/build/turtlesim_catch_them_all/install.log --single-version-externally-managed install_data
