-- Found ament_cmake: 1.3.11 (/opt/ros/humble/share/ament_cmake/cmake)
-- Found rclcpp: 16.0.12 (/opt/ros/humble/share/rclcpp/cmake)
-- Found rosidl_generator_c: 3.1.6 (/opt/ros/humble/share/rosidl_generator_c/cmake)
-- Found rosidl_adapter: 3.1.6 (/opt/ros/humble/share/rosidl_adapter/cmake)
-- Found rosidl_generator_cpp: 3.1.6 (/opt/ros/humble/share/rosidl_generator_cpp/cmake)
-- Using all available rosidl_typesupport_c: rosidl_typesupport_fastrtps_c;rosidl_typesupport_introspection_c
-- Using all available rosidl_typesupport_cpp: rosidl_typesupport_fastrtps_cpp;rosidl_typesupport_introspection_cpp
-- Found rmw_implementation_cmake: 6.1.2 (/opt/ros/humble/share/rmw_implementation_cmake/cmake)
-- Found rmw_fastrtps_cpp: 6.2.7 (/opt/ros/humble/share/rmw_fastrtps_cpp/cmake)
-- Using RMW implementation 'rmw_fastrtps_cpp' as default
-- Found my_robot_interfaces: 0.0.0 (/home/parallels/ros2_ws/install/my_robot_interfaces/share/my_robot_interfaces/cmake)
-- Found rclcpp_action: 16.0.12 (/opt/ros/humble/share/rclcpp_action/cmake)
-- Configuring done
-- Generating done
-- Build files have been written to: /home/parallels/ros2_ws/build/actions_cpp
[35m[1mConsolidate compiler generated dependencies of target count_until_server[0m
[35m[1mConsolidate compiler generated dependencies of target count_until_client[0m
[ 16%] [32mBuilding CXX object CMakeFiles/count_until_server_queue_goals.dir/src/count_until_server_queue_goals.cpp.o[0m
[ 33%] [32mBuilding CXX object CMakeFiles/count_until_server.dir/src/count_until_server.cpp.o[0m
[ 66%] Built target count_until_client
[ 83%] [32m[1mLinking CXX executable count_until_server[0m
[100%] [32m[1mLinking CXX executable count_until_server_queue_goals[0m
[100%] Built target count_until_server
[100%] Built target count_until_server_queue_goals
-- Install configuration: ""
-- Installing: /home/parallels/ros2_ws/install/actions_cpp/lib/actions_cpp/count_until_server
-- Set runtime path of "/home/parallels/ros2_ws/install/actions_cpp/lib/actions_cpp/count_until_server" to ""
-- Installing: /home/parallels/ros2_ws/install/actions_cpp/lib/actions_cpp/count_until_server_queue_goals
-- Set runtime path of "/home/parallels/ros2_ws/install/actions_cpp/lib/actions_cpp/count_until_server_queue_goals" to ""
-- Up-to-date: /home/parallels/ros2_ws/install/actions_cpp/lib/actions_cpp/count_until_client
-- Up-to-date: /home/parallels/ros2_ws/install/actions_cpp/share/ament_index/resource_index/package_run_dependencies/actions_cpp
-- Installing: /home/parallels/ros2_ws/install/actions_cpp/share/ament_index/resource_index/parent_prefix_path/actions_cpp
-- Up-to-date: /home/parallels/ros2_ws/install/actions_cpp/share/actions_cpp/environment/ament_prefix_path.sh
-- Installing: /home/parallels/ros2_ws/install/actions_cpp/share/actions_cpp/environment/ament_prefix_path.dsv
-- Up-to-date: /home/parallels/ros2_ws/install/actions_cpp/share/actions_cpp/environment/path.sh
-- Installing: /home/parallels/ros2_ws/install/actions_cpp/share/actions_cpp/environment/path.dsv
-- Up-to-date: /home/parallels/ros2_ws/install/actions_cpp/share/actions_cpp/local_setup.bash
-- Up-to-date: /home/parallels/ros2_ws/install/actions_cpp/share/actions_cpp/local_setup.sh
-- Up-to-date: /home/parallels/ros2_ws/install/actions_cpp/share/actions_cpp/local_setup.zsh
-- Installing: /home/parallels/ros2_ws/install/actions_cpp/share/actions_cpp/local_setup.dsv
-- Installing: /home/parallels/ros2_ws/install/actions_cpp/share/actions_cpp/package.dsv
-- Up-to-date: /home/parallels/ros2_ws/install/actions_cpp/share/ament_index/resource_index/packages/actions_cpp
-- Up-to-date: /home/parallels/ros2_ws/install/actions_cpp/share/actions_cpp/cmake/actions_cppConfig.cmake
-- Up-to-date: /home/parallels/ros2_ws/install/actions_cpp/share/actions_cpp/cmake/actions_cppConfig-version.cmake
-- Up-to-date: /home/parallels/ros2_ws/install/actions_cpp/share/actions_cpp/package.xml
