[0.008s] Invoking command in '/home/parallels/ros2_ws/build/my_robot_station_bringup': /usr/bin/cmake /home/parallels/ros2_ws/src/my_robot_station_bringup -DCMAKE_INSTALL_PREFIX=/home/parallels/ros2_ws/install/my_robot_station_bringup
[0.149s] -- The C compiler identification is GNU 11.4.0
[0.220s] -- The CXX compiler identification is GNU 11.4.0
[0.231s] -- Detecting C compiler ABI info
[0.277s] -- Detecting C compiler ABI info - done
[0.281s] -- Check for working C compiler: /usr/bin/cc - skipped
[0.281s] -- Detecting C compile features
[0.285s] -- Detecting C compile features - done
[0.286s] -- Detecting CXX compiler ABI info
[0.331s] -- Detecting CXX compiler ABI info - done
[0.335s] -- Check for working CXX compiler: /usr/bin/c++ - skipped
[0.335s] -- Detecting CXX compile features
[0.336s] -- Detecting CXX compile features - done
[0.362s] -- Found ament_cmake: 1.3.10 (/opt/ros/humble/share/ament_cmake/cmake)
[0.466s] -- Found Python3: /usr/bin/python3 (found version "3.10.12") found components: Interpreter 
[0.600s] [31mCMake Error at CMakeLists.txt:11 (install):
[0.600s]   install DIRECTORY given no DESTINATION!
[0.600s] 
[0.600s] [0m
[0.629s] Error parsing '/home/parallels/ros2_ws/src/my_robot_station_bringup/package.xml':
[0.672s] Traceback (most recent call last):
[0.672s]   File "/opt/ros/humble/share/ament_cmake_core/cmake/core/package_xml_2_cmake.py", line 150, in <module>
[0.673s]     main()
[0.673s]   File "/opt/ros/humble/share/ament_cmake_core/cmake/core/package_xml_2_cmake.py", line 53, in main
[0.673s]     raise e
[0.673s]   File "/opt/ros/humble/share/ament_cmake_core/cmake/core/package_xml_2_cmake.py", line 49, in main
[0.673s]     package = parse_package_string(
[0.673s]   File "/usr/lib/python3/dist-packages/catkin_pkg/package.py", line 786, in parse_package_string
[0.673s]     raise InvalidPackage('Error(s):%s' % (''.join(['\n- %s' % e for e in errors])), filename)
[0.673s] catkin_pkg.package.InvalidPackage: Error(s) in package '/home/parallels/ros2_ws/src/my_robot_station_bringup/package.xml':
[0.673s] Error(s):
[0.673s] - The manifest of package "my_robot_station_bringup" (with format version 3) must not contain the following tags: exect_depend
[0.682s] [31mCMake Error at /opt/ros/humble/share/ament_cmake_core/cmake/core/ament_package_xml.cmake:95 (message):
[0.682s]   execute_process(/usr/bin/python3
[0.682s]   /opt/ros/humble/share/ament_cmake_core/cmake/core/package_xml_2_cmake.py
[0.682s]   /home/parallels/ros2_ws/src/my_robot_station_bringup/package.xml
[0.682s]   /home/parallels/ros2_ws/build/my_robot_station_bringup/ament_cmake_core/package.cmake)
[0.683s]   returned error code 1
[0.683s] Call Stack (most recent call first):
[0.683s]   /opt/ros/humble/share/ament_cmake_core/cmake/core/ament_package_xml.cmake:49 (_ament_package_xml)
[0.683s]   /opt/ros/humble/share/ament_cmake_core/cmake/core/ament_package.cmake:63 (ament_package_xml)
[0.683s]   CMakeLists.txt:15 (ament_package)
[0.683s] 
[0.683s] [0m
[0.683s] -- Configuring incomplete, errors occurred!
[0.683s] See also "/home/parallels/ros2_ws/build/my_robot_station_bringup/CMakeFiles/CMakeOutput.log".
[0.685s] Invoked command in '/home/parallels/ros2_ws/build/my_robot_station_bringup' returned '1': /usr/bin/cmake /home/parallels/ros2_ws/src/my_robot_station_bringup -DCMAKE_INSTALL_PREFIX=/home/parallels/ros2_ws/install/my_robot_station_bringup
