/home/parallels/ros2_ws/install/add_two_ints/lib/python3.10/site-packages/add_two_ints/__init__.py
/home/parallels/ros2_ws/install/add_two_ints/lib/python3.10/site-packages/add_two_ints/add_two_ints_client.py
/home/parallels/ros2_ws/install/add_two_ints/lib/python3.10/site-packages/add_two_ints/add_two_ints_server.py
/home/parallels/ros2_ws/install/add_two_ints/lib/python3.10/site-packages/add_two_ints/add_two_ints_client_no_oop.py
/home/parallels/ros2_ws/install/add_two_ints/lib/python3.10/site-packages/add_two_ints/__pycache__/__init__.cpython-310.pyc
/home/parallels/ros2_ws/install/add_two_ints/lib/python3.10/site-packages/add_two_ints/__pycache__/add_two_ints_client.cpython-310.pyc
/home/parallels/ros2_ws/install/add_two_ints/lib/python3.10/site-packages/add_two_ints/__pycache__/add_two_ints_server.cpython-310.pyc
/home/parallels/ros2_ws/install/add_two_ints/lib/python3.10/site-packages/add_two_ints/__pycache__/add_two_ints_client_no_oop.cpython-310.pyc
/home/parallels/ros2_ws/install/add_two_ints/share/ament_index/resource_index/packages/add_two_ints
/home/parallels/ros2_ws/install/add_two_ints/share/add_two_ints/package.xml
/home/parallels/ros2_ws/install/add_two_ints/lib/python3.10/site-packages/add_two_ints-0.0.0-py3.10.egg-info/PKG-INFO
/home/parallels/ros2_ws/install/add_two_ints/lib/python3.10/site-packages/add_two_ints-0.0.0-py3.10.egg-info/zip-safe
/home/parallels/ros2_ws/install/add_two_ints/lib/python3.10/site-packages/add_two_ints-0.0.0-py3.10.egg-info/SOURCES.txt
/home/parallels/ros2_ws/install/add_two_ints/lib/python3.10/site-packages/add_two_ints-0.0.0-py3.10.egg-info/entry_points.txt
/home/parallels/ros2_ws/install/add_two_ints/lib/python3.10/site-packages/add_two_ints-0.0.0-py3.10.egg-info/top_level.txt
/home/parallels/ros2_ws/install/add_two_ints/lib/python3.10/site-packages/add_two_ints-0.0.0-py3.10.egg-info/dependency_links.txt
/home/parallels/ros2_ws/install/add_two_ints/lib/python3.10/site-packages/add_two_ints-0.0.0-py3.10.egg-info/requires.txt
/home/parallels/ros2_ws/install/add_two_ints/lib/add_two_ints/add_two_ints_client
/home/parallels/ros2_ws/install/add_two_ints/lib/add_two_ints/add_two_ints_client_no_oop
/home/parallels/ros2_ws/install/add_two_ints/lib/add_two_ints/add_two_ints_server
