[0.368s] Invoking command in '/home/parallels/ros2_ws/ROS2_Humble/build/components_py': PYTHONPATH=/home/parallels/ros2_ws/ROS2_Humble/build/components_py/prefix_override:/usr/lib/python3/dist-packages/colcon_core/task/python/colcon_distutils_commands:/home/parallels/ros2_ws/ROS2_Humble/install/components_py/lib/python3.10/site-packages:${PYTHONPATH} /usr/bin/python3 -W ignore:setup.py install is deprecated -W ignore:easy_install command is deprecated setup.py develop --editable --build-directory /home/parallels/ros2_ws/ROS2_Humble/build/components_py/build --no-deps symlink_data
[0.496s] running develop
[0.571s] running egg_info
[0.571s] creating components_py.egg-info
[0.571s] writing components_py.egg-info/PKG-INFO
[0.571s] writing dependency_links to components_py.egg-info/dependency_links.txt
[0.571s] writing entry points to components_py.egg-info/entry_points.txt
[0.571s] writing requirements to components_py.egg-info/requires.txt
[0.571s] writing top-level names to components_py.egg-info/top_level.txt
[0.572s] writing manifest file 'components_py.egg-info/SOURCES.txt'
[0.572s] reading manifest file 'components_py.egg-info/SOURCES.txt'
[0.573s] writing manifest file 'components_py.egg-info/SOURCES.txt'
[0.573s] running build_ext
[0.574s] Creating /home/parallels/ros2_ws/ROS2_Humble/install/components_py/lib/python3.10/site-packages/components-py.egg-link (link to .)
[0.574s] Installing manual_composition script to /home/parallels/ros2_ws/ROS2_Humble/install/components_py/lib/components_py
[0.574s] 
[0.574s] Installed /home/parallels/ros2_ws/ROS2_Humble/build/components_py
[0.574s] running symlink_data
[0.574s] creating /home/parallels/ros2_ws/ROS2_Humble/install/components_py/share/ament_index
[0.574s] creating /home/parallels/ros2_ws/ROS2_Humble/install/components_py/share/ament_index/resource_index
[0.574s] creating /home/parallels/ros2_ws/ROS2_Humble/install/components_py/share/ament_index/resource_index/packages
[0.574s] symbolically linking /home/parallels/ros2_ws/ROS2_Humble/build/components_py/resource/components_py -> /home/parallels/ros2_ws/ROS2_Humble/install/components_py/share/ament_index/resource_index/packages
[0.574s] symbolically linking /home/parallels/ros2_ws/ROS2_Humble/build/components_py/package.xml -> /home/parallels/ros2_ws/ROS2_Humble/install/components_py/share/components_py
[0.589s] Invoked command in '/home/parallels/ros2_ws/ROS2_Humble/build/components_py' returned '0': PYTHONPATH=/home/parallels/ros2_ws/ROS2_Humble/build/components_py/prefix_override:/usr/lib/python3/dist-packages/colcon_core/task/python/colcon_distutils_commands:/home/parallels/ros2_ws/ROS2_Humble/install/components_py/lib/python3.10/site-packages:${PYTHONPATH} /usr/bin/python3 -W ignore:setup.py install is deprecated -W ignore:easy_install command is deprecated setup.py develop --editable --build-directory /home/parallels/ros2_ws/ROS2_Humble/build/components_py/build --no-deps symlink_data
