[0.309s] Invoking command in '/home/parallels/ros2_ws/ROS2_Humble/build/lifecycle_cpp': CMAKE_PREFIX_PATH=${CMAKE_PREFIX_PATH}:/home/parallels/ros2_humble/install/lifecycle_py:/home/parallels/ros2_ws/install/turtlesim_catch_them_all:/home/parallels/ros2_ws/install/number_counter:/home/parallels/ros2_ws/install/my_py_pkg:/home/parallels/ros2_ws/install/actions_py:/home/parallels/ros2_ws/install/add_two_ints:/opt/ros/humble /usr/bin/cmake /home/parallels/ros2_ws/ROS2_Humble/src/lifecycle_cpp -DCMAKE_INSTALL_PREFIX=/home/parallels/ros2_ws/ROS2_Humble/install/lifecycle_cpp
[0.477s] -- The C compiler identification is GNU 11.4.0
[0.477s] -- The CXX compiler identification is GNU 11.4.0
[0.477s] -- Detecting C compiler ABI info
[0.477s] -- Detecting C compiler ABI info - done
[0.477s] -- Check for working C compiler: /usr/bin/cc - skipped
[0.477s] -- Detecting C compile features
[0.477s] -- Detecting C compile features - done
[0.477s] -- Detecting CXX compiler ABI info
[0.636s] -- Detecting CXX compiler ABI info - done
[0.640s] -- Check for working CXX compiler: /usr/bin/c++ - skipped
[0.640s] -- Detecting CXX compile features
[0.640s] -- Detecting CXX compile features - done
[0.648s] -- Found ament_cmake: 1.3.11 (/opt/ros/humble/share/ament_cmake/cmake)
[0.779s] -- Found Python3: /usr/bin/python3 (found version "3.10.12") found components: Interpreter 
[0.919s] -- Found rclcpp: 16.0.12 (/opt/ros/humble/share/rclcpp/cmake)
[0.987s] -- Found rosidl_generator_c: 3.1.6 (/opt/ros/humble/share/rosidl_generator_c/cmake)
[1.000s] -- Found rosidl_adapter: 3.1.6 (/opt/ros/humble/share/rosidl_adapter/cmake)
[1.014s] -- Found rosidl_generator_cpp: 3.1.6 (/opt/ros/humble/share/rosidl_generator_cpp/cmake)
[1.045s] -- Using all available rosidl_typesupport_c: rosidl_typesupport_fastrtps_c;rosidl_typesupport_introspection_c
[1.064s] -- Using all available rosidl_typesupport_cpp: rosidl_typesupport_fastrtps_cpp;rosidl_typesupport_introspection_cpp
[1.138s] -- Found rmw_implementation_cmake: 6.1.2 (/opt/ros/humble/share/rmw_implementation_cmake/cmake)
[1.143s] -- Found rmw_fastrtps_cpp: 6.2.7 (/opt/ros/humble/share/rmw_fastrtps_cpp/cmake)
[1.243s] -- Found OpenSSL: /usr/lib/aarch64-linux-gnu/libcrypto.so (found version "3.0.2")  
[1.270s] -- Found FastRTPS: /opt/ros/humble/include  
[1.302s] -- Using RMW implementation 'rmw_fastrtps_cpp' as default
[1.314s] -- Looking for pthread.h
[1.404s] -- Looking for pthread.h - found
[1.405s] -- Performing Test CMAKE_HAVE_LIBC_PTHREAD
[1.503s] -- Performing Test CMAKE_HAVE_LIBC_PTHREAD - Success
[1.504s] -- Found Threads: TRUE  
[1.584s] -- Found example_interfaces: 0.9.3 (/opt/ros/humble/share/example_interfaces/cmake)
[1.686s] -- Configuring done
[1.699s] -- Generating done
[1.704s] -- Build files have been written to: /home/parallels/ros2_ws/ROS2_Humble/build/lifecycle_cpp
[1.720s] Invoked command in '/home/parallels/ros2_ws/ROS2_Humble/build/lifecycle_cpp' returned '0': CMAKE_PREFIX_PATH=${CMAKE_PREFIX_PATH}:/home/parallels/ros2_humble/install/lifecycle_py:/home/parallels/ros2_ws/install/turtlesim_catch_them_all:/home/parallels/ros2_ws/install/number_counter:/home/parallels/ros2_ws/install/my_py_pkg:/home/parallels/ros2_ws/install/actions_py:/home/parallels/ros2_ws/install/add_two_ints:/opt/ros/humble /usr/bin/cmake /home/parallels/ros2_ws/ROS2_Humble/src/lifecycle_cpp -DCMAKE_INSTALL_PREFIX=/home/parallels/ros2_ws/ROS2_Humble/install/lifecycle_cpp
[1.720s] Invoking command in '/home/parallels/ros2_ws/ROS2_Humble/build/lifecycle_cpp': CMAKE_PREFIX_PATH=${CMAKE_PREFIX_PATH}:/home/parallels/ros2_humble/install/lifecycle_py:/home/parallels/ros2_ws/install/turtlesim_catch_them_all:/home/parallels/ros2_ws/install/number_counter:/home/parallels/ros2_ws/install/my_py_pkg:/home/parallels/ros2_ws/install/actions_py:/home/parallels/ros2_ws/install/add_two_ints:/opt/ros/humble /usr/bin/cmake --build /home/parallels/ros2_ws/ROS2_Humble/build/lifecycle_cpp -- -j8 -l8
[1.740s] [35m[1mConsolidate compiler generated dependencies of target number_publisher[0m
[1.754s] [100%] Built target number_publisher
[1.763s] Invoked command in '/home/parallels/ros2_ws/ROS2_Humble/build/lifecycle_cpp' returned '0': CMAKE_PREFIX_PATH=${CMAKE_PREFIX_PATH}:/home/parallels/ros2_humble/install/lifecycle_py:/home/parallels/ros2_ws/install/turtlesim_catch_them_all:/home/parallels/ros2_ws/install/number_counter:/home/parallels/ros2_ws/install/my_py_pkg:/home/parallels/ros2_ws/install/actions_py:/home/parallels/ros2_ws/install/add_two_ints:/opt/ros/humble /usr/bin/cmake --build /home/parallels/ros2_ws/ROS2_Humble/build/lifecycle_cpp -- -j8 -l8
[1.765s] Invoking command in '/home/parallels/ros2_ws/ROS2_Humble/build/lifecycle_cpp': CMAKE_PREFIX_PATH=${CMAKE_PREFIX_PATH}:/home/parallels/ros2_humble/install/lifecycle_py:/home/parallels/ros2_ws/install/turtlesim_catch_them_all:/home/parallels/ros2_ws/install/number_counter:/home/parallels/ros2_ws/install/my_py_pkg:/home/parallels/ros2_ws/install/actions_py:/home/parallels/ros2_ws/install/add_two_ints:/opt/ros/humble /usr/bin/cmake --install /home/parallels/ros2_ws/ROS2_Humble/build/lifecycle_cpp
[1.769s] -- Install configuration: ""
[1.769s] -- Up-to-date: /home/parallels/ros2_ws/ROS2_Humble/install/lifecycle_cpp/lib/lifecycle_cpp/number_publisher
[1.769s] -- Up-to-date: /home/parallels/ros2_ws/ROS2_Humble/install/lifecycle_cpp/share/ament_index/resource_index/package_run_dependencies/lifecycle_cpp
[1.769s] -- Up-to-date: /home/parallels/ros2_ws/ROS2_Humble/install/lifecycle_cpp/share/ament_index/resource_index/parent_prefix_path/lifecycle_cpp
[1.769s] -- Up-to-date: /home/parallels/ros2_ws/ROS2_Humble/install/lifecycle_cpp/share/lifecycle_cpp/environment/ament_prefix_path.sh
[1.769s] -- Installing: /home/parallels/ros2_ws/ROS2_Humble/install/lifecycle_cpp/share/lifecycle_cpp/environment/ament_prefix_path.dsv
[1.769s] -- Up-to-date: /home/parallels/ros2_ws/ROS2_Humble/install/lifecycle_cpp/share/lifecycle_cpp/environment/path.sh
[1.770s] -- Installing: /home/parallels/ros2_ws/ROS2_Humble/install/lifecycle_cpp/share/lifecycle_cpp/environment/path.dsv
[1.770s] -- Up-to-date: /home/parallels/ros2_ws/ROS2_Humble/install/lifecycle_cpp/share/lifecycle_cpp/local_setup.bash
[1.770s] -- Up-to-date: /home/parallels/ros2_ws/ROS2_Humble/install/lifecycle_cpp/share/lifecycle_cpp/local_setup.sh
[1.770s] -- Up-to-date: /home/parallels/ros2_ws/ROS2_Humble/install/lifecycle_cpp/share/lifecycle_cpp/local_setup.zsh
[1.770s] -- Installing: /home/parallels/ros2_ws/ROS2_Humble/install/lifecycle_cpp/share/lifecycle_cpp/local_setup.dsv
[1.770s] -- Installing: /home/parallels/ros2_ws/ROS2_Humble/install/lifecycle_cpp/share/lifecycle_cpp/package.dsv
[1.770s] -- Up-to-date: /home/parallels/ros2_ws/ROS2_Humble/install/lifecycle_cpp/share/ament_index/resource_index/packages/lifecycle_cpp
[1.770s] -- Up-to-date: /home/parallels/ros2_ws/ROS2_Humble/install/lifecycle_cpp/share/lifecycle_cpp/cmake/lifecycle_cppConfig.cmake
[1.770s] -- Up-to-date: /home/parallels/ros2_ws/ROS2_Humble/install/lifecycle_cpp/share/lifecycle_cpp/cmake/lifecycle_cppConfig-version.cmake
[1.770s] -- Up-to-date: /home/parallels/ros2_ws/ROS2_Humble/install/lifecycle_cpp/share/lifecycle_cpp/package.xml
[1.772s] Invoked command in '/home/parallels/ros2_ws/ROS2_Humble/build/lifecycle_cpp' returned '0': CMAKE_PREFIX_PATH=${CMAKE_PREFIX_PATH}:/home/parallels/ros2_humble/install/lifecycle_py:/home/parallels/ros2_ws/install/turtlesim_catch_them_all:/home/parallels/ros2_ws/install/number_counter:/home/parallels/ros2_ws/install/my_py_pkg:/home/parallels/ros2_ws/install/actions_py:/home/parallels/ros2_ws/install/add_two_ints:/opt/ros/humble /usr/bin/cmake --install /home/parallels/ros2_ws/ROS2_Humble/build/lifecycle_cpp
