[0.006s] Invoking command in '/home/parallels/ros2_ws/ROS2_Humble/build/components_cpp': CMAKE_PREFIX_PATH=${CMAKE_PREFIX_PATH}:/home/parallels/ros2_ws/ROS2_Humble/install/components_py:/home/parallels/ros2_ws/ROS2_Humble/install/turtlesim_catch_them_all:/home/parallels/ros2_ws/ROS2_Humble/install/number_counter:/home/parallels/ros2_ws/ROS2_Humble/install/my_py_pkg:/home/parallels/ros2_ws/ROS2_Humble/install/actions_py:/home/parallels/ros2_ws/ROS2_Humble/install/lifecycle_py:/home/parallels/ros2_ws/ROS2_Humble/install/executors_py:/home/parallels/ros2_ws/ROS2_Humble/install/add_two_ints:/opt/ros/humble /usr/bin/cmake --build /home/parallels/ros2_ws/ROS2_Humble/build/components_cpp -- -j8 -l8
[0.026s] -- Found ament_cmake: 1.3.11 (/opt/ros/humble/share/ament_cmake/cmake)
[0.099s] -- Found rclcpp: 16.0.12 (/opt/ros/humble/share/rclcpp/cmake)
[0.113s] -- Found rosidl_generator_c: 3.1.6 (/opt/ros/humble/share/rosidl_generator_c/cmake)
[0.114s] -- Found rosidl_adapter: 3.1.6 (/opt/ros/humble/share/rosidl_adapter/cmake)
[0.117s] -- Found rosidl_generator_cpp: 3.1.6 (/opt/ros/humble/share/rosidl_generator_cpp/cmake)
[0.122s] -- Using all available rosidl_typesupport_c: rosidl_typesupport_fastrtps_c;rosidl_typesupport_introspection_c
[0.128s] -- Using all available rosidl_typesupport_cpp: rosidl_typesupport_fastrtps_cpp;rosidl_typesupport_introspection_cpp
[0.146s] -- Found rmw_implementation_cmake: 6.1.2 (/opt/ros/humble/share/rmw_implementation_cmake/cmake)
[0.147s] -- Found rmw_fastrtps_cpp: 6.2.7 (/opt/ros/humble/share/rmw_fastrtps_cpp/cmake)
[0.225s] -- Using RMW implementation 'rmw_fastrtps_cpp' as default
[0.252s] -- Found rclcpp_components: 16.0.12 (/opt/ros/humble/share/rclcpp_components/cmake)
[0.263s] -- Found example_interfaces: 0.9.3 (/opt/ros/humble/share/example_interfaces/cmake)
[0.321s] -- Configuring done
[0.330s] -- Generating done
[0.334s] -- Build files have been written to: /home/parallels/ros2_ws/ROS2_Humble/build/components_cpp
[0.348s] [35m[1mConsolidate compiler generated dependencies of target manual_composition[0m
[0.350s] [ 16%] [32mBuilding CXX object CMakeFiles/number_pub_component.dir/src/number_publisher.cpp.o[0m
[0.367s] [ 83%] Built target manual_composition
[2.629s] [100%] [32m[1mLinking CXX shared library libnumber_pub_component.so[0m
[2.756s] [100%] Built target number_pub_component
[2.761s] Invoked command in '/home/parallels/ros2_ws/ROS2_Humble/build/components_cpp' returned '0': CMAKE_PREFIX_PATH=${CMAKE_PREFIX_PATH}:/home/parallels/ros2_ws/ROS2_Humble/install/components_py:/home/parallels/ros2_ws/ROS2_Humble/install/turtlesim_catch_them_all:/home/parallels/ros2_ws/ROS2_Humble/install/number_counter:/home/parallels/ros2_ws/ROS2_Humble/install/my_py_pkg:/home/parallels/ros2_ws/ROS2_Humble/install/actions_py:/home/parallels/ros2_ws/ROS2_Humble/install/lifecycle_py:/home/parallels/ros2_ws/ROS2_Humble/install/executors_py:/home/parallels/ros2_ws/ROS2_Humble/install/add_two_ints:/opt/ros/humble /usr/bin/cmake --build /home/parallels/ros2_ws/ROS2_Humble/build/components_cpp -- -j8 -l8
[2.766s] Invoking command in '/home/parallels/ros2_ws/ROS2_Humble/build/components_cpp': CMAKE_PREFIX_PATH=${CMAKE_PREFIX_PATH}:/home/parallels/ros2_ws/ROS2_Humble/install/components_py:/home/parallels/ros2_ws/ROS2_Humble/install/turtlesim_catch_them_all:/home/parallels/ros2_ws/ROS2_Humble/install/number_counter:/home/parallels/ros2_ws/ROS2_Humble/install/my_py_pkg:/home/parallels/ros2_ws/ROS2_Humble/install/actions_py:/home/parallels/ros2_ws/ROS2_Humble/install/lifecycle_py:/home/parallels/ros2_ws/ROS2_Humble/install/executors_py:/home/parallels/ros2_ws/ROS2_Humble/install/add_two_ints:/opt/ros/humble /usr/bin/cmake --install /home/parallels/ros2_ws/ROS2_Humble/build/components_cpp
[2.769s] -- Install configuration: ""
[2.769s] -- Installing: /home/parallels/ros2_ws/ROS2_Humble/install/components_cpp/lib/libnumber_pub_component.so
[2.770s] -- Set runtime path of "/home/parallels/ros2_ws/ROS2_Humble/install/components_cpp/lib/libnumber_pub_component.so" to ""
[2.770s] -- Up-to-date: /home/parallels/ros2_ws/ROS2_Humble/install/components_cpp/lib/components_cpp/manual_composition
[2.770s] -- Installing: /home/parallels/ros2_ws/ROS2_Humble/install/components_cpp/share/ament_index/resource_index/package_run_dependencies/components_cpp
[2.770s] -- Installing: /home/parallels/ros2_ws/ROS2_Humble/install/components_cpp/share/ament_index/resource_index/parent_prefix_path/components_cpp
[2.770s] -- Up-to-date: /home/parallels/ros2_ws/ROS2_Humble/install/components_cpp/share/components_cpp/environment/ament_prefix_path.sh
[2.770s] -- Installing: /home/parallels/ros2_ws/ROS2_Humble/install/components_cpp/share/components_cpp/environment/ament_prefix_path.dsv
[2.770s] -- Up-to-date: /home/parallels/ros2_ws/ROS2_Humble/install/components_cpp/share/components_cpp/environment/path.sh
[2.770s] -- Installing: /home/parallels/ros2_ws/ROS2_Humble/install/components_cpp/share/components_cpp/environment/path.dsv
[2.771s] -- Up-to-date: /home/parallels/ros2_ws/ROS2_Humble/install/components_cpp/share/components_cpp/local_setup.bash
[2.771s] -- Up-to-date: /home/parallels/ros2_ws/ROS2_Humble/install/components_cpp/share/components_cpp/local_setup.sh
[2.771s] -- Up-to-date: /home/parallels/ros2_ws/ROS2_Humble/install/components_cpp/share/components_cpp/local_setup.zsh
[2.771s] -- Installing: /home/parallels/ros2_ws/ROS2_Humble/install/components_cpp/share/components_cpp/local_setup.dsv
[2.771s] -- Installing: /home/parallels/ros2_ws/ROS2_Humble/install/components_cpp/share/components_cpp/package.dsv
[2.771s] -- Up-to-date: /home/parallels/ros2_ws/ROS2_Humble/install/components_cpp/share/ament_index/resource_index/packages/components_cpp
[2.772s] -- Installing: /home/parallels/ros2_ws/ROS2_Humble/install/components_cpp/share/ament_index/resource_index/rclcpp_components/components_cpp
[2.772s] -- Up-to-date: /home/parallels/ros2_ws/ROS2_Humble/install/components_cpp/share/components_cpp/cmake/components_cppConfig.cmake
[2.772s] -- Up-to-date: /home/parallels/ros2_ws/ROS2_Humble/install/components_cpp/share/components_cpp/cmake/components_cppConfig-version.cmake
[2.772s] -- Installing: /home/parallels/ros2_ws/ROS2_Humble/install/components_cpp/share/components_cpp/package.xml
[2.773s] Invoked command in '/home/parallels/ros2_ws/ROS2_Humble/build/components_cpp' returned '0': CMAKE_PREFIX_PATH=${CMAKE_PREFIX_PATH}:/home/parallels/ros2_ws/ROS2_Humble/install/components_py:/home/parallels/ros2_ws/ROS2_Humble/install/turtlesim_catch_them_all:/home/parallels/ros2_ws/ROS2_Humble/install/number_counter:/home/parallels/ros2_ws/ROS2_Humble/install/my_py_pkg:/home/parallels/ros2_ws/ROS2_Humble/install/actions_py:/home/parallels/ros2_ws/ROS2_Humble/install/lifecycle_py:/home/parallels/ros2_ws/ROS2_Humble/install/executors_py:/home/parallels/ros2_ws/ROS2_Humble/install/add_two_ints:/opt/ros/humble /usr/bin/cmake --install /home/parallels/ros2_ws/ROS2_Humble/build/components_cpp
