[0.008s] Invoking command in '/home/parallels/ros2_ws/build/hardware_interface': CMAKE_PREFIX_PATH=/home/parallels/ros2_ws/install/ros2_control_test_assets:/home/parallels/ros2_ws/install/ros2_controllers:/home/parallels/ros2_ws/install/ign_ros2_control_demos:/home/parallels/ros2_ws/install/velocity_controllers:/home/parallels/ros2_ws/install/tricycle_steering_controller:/home/parallels/ros2_ws/install/tricycle_controller:/home/parallels/ros2_ws/install/ros2_control:/home/parallels/ros2_ws/install/transmission_interface:/home/parallels/ros2_ws/install/bicycle_steering_controller:/home/parallels/ros2_ws/install/ackermann_steering_controller:/home/parallels/ros2_ws/install/steering_controllers_library:/home/parallels/ros2_ws/install/gz_ros2_control_tests:/home/parallels/ros2_ws/install/ign_ros2_control:/home/parallels/ros2_ws/install/hardware_interface_testing:/home/parallels/ros2_ws/install/controller_manager:/home/parallels/ros2_ws/install/ros2_control_demo_description:/home/parallels/ros2_ws/install/range_sensor_broadcaster:/home/parallels/ros2_ws/install/position_controllers:/home/parallels/ros2_ws/install/polygon_plugins:/home/parallels/ros2_ws/install/admittance_controller:/home/parallels/ros2_ws/install/joint_trajectory_controller:/home/parallels/ros2_ws/install/joint_state_broadcaster:/home/parallels/ros2_ws/install/joint_limits:/home/parallels/ros2_ws/install/imu_sensor_broadcaster:/home/parallels/ros2_ws/install/gripper_controllers:/home/parallels/ros2_ws/install/effort_controllers:/home/parallels/ros2_ws/install/forward_command_controller:/home/parallels/ros2_ws/install/force_torque_sensor_broadcaster:/home/parallels/ros2_ws/install/diff_drive_controller:/home/parallels/ros2_ws/install/controller_interface:/home/parallels/ros2_ws/install/controller_manager_msgs:/usr:/home/parallels/ros2_ws/install/rqt_joint_trajectory_controller:/home/parallels/ros2_ws/install/rqt_controller_manager:/home/parallels/ros2_ws/install/ros2controlcli:/home/parallels/ros2_ws/install/ros2_controllers_test_nodes:/home/parallels/ros2_ws/install/polygon_base:/home/parallels/ros2_ws/install/hardware_interface:/opt/ros/humble /usr/bin/cmake /home/parallels/ros2_ws/src/ros2_control/hardware_interface -DCMAKE_INSTALL_PREFIX=/home/parallels/ros2_ws/install/hardware_interface
[0.058s] -- The C compiler identification is GNU 11.4.0
[0.100s] -- The CXX compiler identification is GNU 11.4.0
[0.105s] -- Detecting C compiler ABI info
[0.159s] -- Detecting C compiler ABI info - done
[0.164s] -- Check for working C compiler: /usr/bin/cc - skipped
[0.164s] -- Detecting C compile features
[0.164s] -- Detecting C compile features - done
[0.166s] -- Detecting CXX compiler ABI info
[0.238s] -- Detecting CXX compiler ABI info - done
[0.243s] -- Check for working CXX compiler: /usr/bin/c++ - skipped
[0.243s] -- Detecting CXX compile features
[0.243s] -- Detecting CXX compile features - done
[0.248s] -- Found ament_cmake: 1.3.10 (/opt/ros/humble/share/ament_cmake/cmake)
[0.367s] -- Found Python3: /usr/bin/python3 (found version "3.10.12") found components: Interpreter 
[0.470s] -- Found control_msgs: 4.6.0 (/opt/ros/humble/share/control_msgs/cmake)
[0.530s] -- Found rosidl_generator_c: 3.1.5 (/opt/ros/humble/share/rosidl_generator_c/cmake)
[0.541s] -- Found rosidl_adapter: 3.1.5 (/opt/ros/humble/share/rosidl_adapter/cmake)
[0.553s] -- Found rosidl_generator_cpp: 3.1.5 (/opt/ros/humble/share/rosidl_generator_cpp/cmake)
[0.568s] -- Using all available rosidl_typesupport_c: rosidl_typesupport_fastrtps_c;rosidl_typesupport_introspection_c
[0.589s] -- Using all available rosidl_typesupport_cpp: rosidl_typesupport_fastrtps_cpp;rosidl_typesupport_introspection_cpp
[0.710s] -- Found lifecycle_msgs: 1.2.1 (/opt/ros/humble/share/lifecycle_msgs/cmake)
[0.720s] -- Found pluginlib: 5.1.0 (/opt/ros/humble/share/pluginlib/cmake)
[0.754s] -- Found rclcpp_lifecycle: 16.0.10 (/opt/ros/humble/share/rclcpp_lifecycle/cmake)
[0.833s] -- Found rmw_implementation_cmake: 6.1.2 (/opt/ros/humble/share/rmw_implementation_cmake/cmake)
[0.839s] -- Found rmw_fastrtps_cpp: 6.2.7 (/opt/ros/humble/share/rmw_fastrtps_cpp/cmake)
[0.901s] -- Found TinyXML2 via Config file: TinyXML2_DIR-NOTFOUND
[1.039s] -- Found OpenSSL: /usr/lib/aarch64-linux-gnu/libcrypto.so (found version "3.0.2")  
[1.041s] -- Found TinyXML2 via Config file: TinyXML2_DIR-NOTFOUND
[1.056s] -- Found FastRTPS: /opt/ros/humble/include  
[1.058s] -- Found TinyXML2 via Config file: TinyXML2_DIR-NOTFOUND
[1.071s] -- Found TinyXML2 via Config file: TinyXML2_DIR-NOTFOUND
[1.079s] -- Using RMW implementation 'rmw_fastrtps_cpp' as default
[1.095s] -- Looking for pthread.h
[1.232s] -- Looking for pthread.h - found
[1.232s] -- Performing Test CMAKE_HAVE_LIBC_PTHREAD
[1.301s] -- Performing Test CMAKE_HAVE_LIBC_PTHREAD - Success
[1.302s] -- Found Threads: TRUE  
[1.384s] -- Found TinyXML2 via Config file: TinyXML2_DIR-NOTFOUND
[1.405s] -- Found ament_cmake_gmock: 1.3.10 (/opt/ros/humble/share/ament_cmake_gmock/cmake)
[1.406s] -- Found ros2_control_test_assets: 2.41.0 (/home/parallels/ros2_ws/install/ros2_control_test_assets/share/ros2_control_test_assets/cmake)
[1.414s] -- Found gmock sources under '/opt/ros/humble/src/gmock_vendor': C++ tests using 'Google Mock' will be built
[1.444s] -- Found ament_cmake_gtest: 1.3.10 (/opt/ros/humble/share/ament_cmake_gtest/cmake)
[1.445s] -- Found gtest sources under '/opt/ros/humble/src/gtest_vendor': C++ tests using 'Google Test' will be built
[1.550s] -- Configuring done
[1.625s] -- Generating done
[1.630s] -- Build files have been written to: /home/parallels/ros2_ws/build/hardware_interface
[1.652s] Invoked command in '/home/parallels/ros2_ws/build/hardware_interface' returned '0': CMAKE_PREFIX_PATH=/home/parallels/ros2_ws/install/ros2_control_test_assets:/home/parallels/ros2_ws/install/ros2_controllers:/home/parallels/ros2_ws/install/ign_ros2_control_demos:/home/parallels/ros2_ws/install/velocity_controllers:/home/parallels/ros2_ws/install/tricycle_steering_controller:/home/parallels/ros2_ws/install/tricycle_controller:/home/parallels/ros2_ws/install/ros2_control:/home/parallels/ros2_ws/install/transmission_interface:/home/parallels/ros2_ws/install/bicycle_steering_controller:/home/parallels/ros2_ws/install/ackermann_steering_controller:/home/parallels/ros2_ws/install/steering_controllers_library:/home/parallels/ros2_ws/install/gz_ros2_control_tests:/home/parallels/ros2_ws/install/ign_ros2_control:/home/parallels/ros2_ws/install/hardware_interface_testing:/home/parallels/ros2_ws/install/controller_manager:/home/parallels/ros2_ws/install/ros2_control_demo_description:/home/parallels/ros2_ws/install/range_sensor_broadcaster:/home/parallels/ros2_ws/install/position_controllers:/home/parallels/ros2_ws/install/polygon_plugins:/home/parallels/ros2_ws/install/admittance_controller:/home/parallels/ros2_ws/install/joint_trajectory_controller:/home/parallels/ros2_ws/install/joint_state_broadcaster:/home/parallels/ros2_ws/install/joint_limits:/home/parallels/ros2_ws/install/imu_sensor_broadcaster:/home/parallels/ros2_ws/install/gripper_controllers:/home/parallels/ros2_ws/install/effort_controllers:/home/parallels/ros2_ws/install/forward_command_controller:/home/parallels/ros2_ws/install/force_torque_sensor_broadcaster:/home/parallels/ros2_ws/install/diff_drive_controller:/home/parallels/ros2_ws/install/controller_interface:/home/parallels/ros2_ws/install/controller_manager_msgs:/usr:/home/parallels/ros2_ws/install/rqt_joint_trajectory_controller:/home/parallels/ros2_ws/install/rqt_controller_manager:/home/parallels/ros2_ws/install/ros2controlcli:/home/parallels/ros2_ws/install/ros2_controllers_test_nodes:/home/parallels/ros2_ws/install/polygon_base:/home/parallels/ros2_ws/install/hardware_interface:/opt/ros/humble /usr/bin/cmake /home/parallels/ros2_ws/src/ros2_control/hardware_interface -DCMAKE_INSTALL_PREFIX=/home/parallels/ros2_ws/install/hardware_interface
[1.653s] Invoking command in '/home/parallels/ros2_ws/build/hardware_interface': CMAKE_PREFIX_PATH=/home/parallels/ros2_ws/install/ros2_control_test_assets:/home/parallels/ros2_ws/install/ros2_controllers:/home/parallels/ros2_ws/install/ign_ros2_control_demos:/home/parallels/ros2_ws/install/velocity_controllers:/home/parallels/ros2_ws/install/tricycle_steering_controller:/home/parallels/ros2_ws/install/tricycle_controller:/home/parallels/ros2_ws/install/ros2_control:/home/parallels/ros2_ws/install/transmission_interface:/home/parallels/ros2_ws/install/bicycle_steering_controller:/home/parallels/ros2_ws/install/ackermann_steering_controller:/home/parallels/ros2_ws/install/steering_controllers_library:/home/parallels/ros2_ws/install/gz_ros2_control_tests:/home/parallels/ros2_ws/install/ign_ros2_control:/home/parallels/ros2_ws/install/hardware_interface_testing:/home/parallels/ros2_ws/install/controller_manager:/home/parallels/ros2_ws/install/ros2_control_demo_description:/home/parallels/ros2_ws/install/range_sensor_broadcaster:/home/parallels/ros2_ws/install/position_controllers:/home/parallels/ros2_ws/install/polygon_plugins:/home/parallels/ros2_ws/install/admittance_controller:/home/parallels/ros2_ws/install/joint_trajectory_controller:/home/parallels/ros2_ws/install/joint_state_broadcaster:/home/parallels/ros2_ws/install/joint_limits:/home/parallels/ros2_ws/install/imu_sensor_broadcaster:/home/parallels/ros2_ws/install/gripper_controllers:/home/parallels/ros2_ws/install/effort_controllers:/home/parallels/ros2_ws/install/forward_command_controller:/home/parallels/ros2_ws/install/force_torque_sensor_broadcaster:/home/parallels/ros2_ws/install/diff_drive_controller:/home/parallels/ros2_ws/install/controller_interface:/home/parallels/ros2_ws/install/controller_manager_msgs:/usr:/home/parallels/ros2_ws/install/rqt_joint_trajectory_controller:/home/parallels/ros2_ws/install/rqt_controller_manager:/home/parallels/ros2_ws/install/ros2controlcli:/home/parallels/ros2_ws/install/ros2_controllers_test_nodes:/home/parallels/ros2_ws/install/polygon_base:/home/parallels/ros2_ws/install/hardware_interface:/opt/ros/humble /usr/bin/cmake --build /home/parallels/ros2_ws/build/hardware_interface -- -j4 -l4
[1.732s] [  5%] [32mBuilding CXX object gmock/CMakeFiles/gmock.dir/src/gmock-all.cc.o[0m
[1.732s] [  5%] [32mBuilding CXX object gmock/CMakeFiles/gmock.dir/opt/ros/humble/src/gtest_vendor/src/gtest-all.cc.o[0m
[1.734s] [  8%] [32mBuilding CXX object gmock/CMakeFiles/gmock_main.dir/src/gmock_main.cc.o[0m
[1.739s] [ 11%] [32mBuilding CXX object CMakeFiles/hardware_interface.dir/src/actuator.cpp.o[0m
[2.852s] [ 14%] [32mBuilding CXX object CMakeFiles/hardware_interface.dir/src/component_parser.cpp.o[0m
[3.349s] [ 17%] [32m[1mLinking CXX static library libgmock_main.a[0m
[3.389s] [ 20%] [32mBuilding CXX object CMakeFiles/hardware_interface.dir/src/resource_manager.cpp.o[0m
[3.391s] [ 20%] Built target gmock_main
[3.416s] [ 23%] [32mBuilding CXX object CMakeFiles/hardware_interface.dir/src/sensor.cpp.o[0m
[4.138s] [ 26%] [32mBuilding CXX object CMakeFiles/hardware_interface.dir/src/system.cpp.o[0m
[4.771s] [ 29%] [32mBuilding CXX object CMakeFiles/hardware_interface.dir/src/lexical_casts.cpp.o[0m
[5.318s] [ 32%] [32m[1mLinking CXX static library libgmock.a[0m
[5.461s] [ 32%] Built target gmock
[5.528s] [ 35%] [32mBuilding CXX object CMakeFiles/test_macros.dir/test/test_macros.cpp.o[0m
[6.624s] [ 38%] [32m[1mLinking CXX executable test_macros[0m
[6.918s] [ 38%] Built target test_macros
[8.393s] [ 41%] [32m[1mLinking CXX shared library libhardware_interface.so[0m
[8.810s] [ 41%] Built target hardware_interface
[8.872s] [ 44%] [32mBuilding CXX object CMakeFiles/mock_components.dir/src/mock_components/generic_system.cpp.o[0m
[8.876s] [ 47%] [32mBuilding CXX object CMakeFiles/fake_components.dir/src/mock_components/generic_system.cpp.o[0m
[8.892s] [ 50%] [32mBuilding CXX object CMakeFiles/test_inst_hardwares.dir/test/test_inst_hardwares.cpp.o[0m
[8.920s] [ 52%] [32mBuilding CXX object CMakeFiles/test_joint_handle.dir/test/test_handle.cpp.o[0m
[10.660s] [ 55%] [32m[1mLinking CXX executable test_inst_hardwares[0m
[10.811s] [ 58%] [32m[1mLinking CXX executable test_joint_handle[0m
[10.937s] [ 61%] [32m[1mLinking CXX shared library libmock_components.so[0m
[10.975s] [ 61%] Built target test_inst_hardwares
[10.990s] [ 64%] [32mBuilding CXX object CMakeFiles/fake_components.dir/src/mock_components/fake_generic_system.cpp.o[0m
[11.052s] [ 67%] [32mBuilding CXX object CMakeFiles/test_component_interfaces.dir/test/test_component_interfaces.cpp.o[0m
[11.082s] [ 67%] Built target test_joint_handle
[11.152s] [ 70%] [32mBuilding CXX object CMakeFiles/test_component_parser.dir/test/test_component_parser.cpp.o[0m
[11.263s] [ 70%] Built target mock_components
[11.308s] [ 73%] [32mBuilding CXX object CMakeFiles/test_hardware_components.dir/test/test_hardware_components/test_single_joint_actuator.cpp.o[0m
[12.142s] [ 76%] [32m[1mLinking CXX shared library libfake_components.so[0m
[12.376s] [ 76%] Built target fake_components
[12.413s] [ 79%] [32mBuilding CXX object CMakeFiles/test_generic_system.dir/test/mock_components/test_generic_system.cpp.o[0m
[12.417s] [ 82%] [32mBuilding CXX object CMakeFiles/test_hardware_components.dir/test/test_hardware_components/test_force_torque_sensor.cpp.o[0m
[13.338s] [ 85%] [32mBuilding CXX object CMakeFiles/test_hardware_components.dir/test/test_hardware_components/test_two_joint_system.cpp.o[0m
[13.395s] [ 88%] [32m[1mLinking CXX executable test_component_interfaces[0m
[13.516s] [ 91%] [32m[1mLinking CXX executable test_component_parser[0m
[13.705s] [ 91%] Built target test_component_interfaces
[13.736s] [ 94%] [32mBuilding CXX object CMakeFiles/test_hardware_components.dir/test/test_hardware_components/test_system_with_command_modes.cpp.o[0m
[13.863s] [ 94%] Built target test_component_parser
[14.274s] [ 97%] [32m[1mLinking CXX executable test_generic_system[0m
[14.411s] [100%] [32m[1mLinking CXX shared library libtest_hardware_components.so[0m
[14.445s] [100%] Built target test_generic_system
[14.506s] [100%] Built target test_hardware_components
[14.511s] Invoked command in '/home/parallels/ros2_ws/build/hardware_interface' returned '0': CMAKE_PREFIX_PATH=/home/parallels/ros2_ws/install/ros2_control_test_assets:/home/parallels/ros2_ws/install/ros2_controllers:/home/parallels/ros2_ws/install/ign_ros2_control_demos:/home/parallels/ros2_ws/install/velocity_controllers:/home/parallels/ros2_ws/install/tricycle_steering_controller:/home/parallels/ros2_ws/install/tricycle_controller:/home/parallels/ros2_ws/install/ros2_control:/home/parallels/ros2_ws/install/transmission_interface:/home/parallels/ros2_ws/install/bicycle_steering_controller:/home/parallels/ros2_ws/install/ackermann_steering_controller:/home/parallels/ros2_ws/install/steering_controllers_library:/home/parallels/ros2_ws/install/gz_ros2_control_tests:/home/parallels/ros2_ws/install/ign_ros2_control:/home/parallels/ros2_ws/install/hardware_interface_testing:/home/parallels/ros2_ws/install/controller_manager:/home/parallels/ros2_ws/install/ros2_control_demo_description:/home/parallels/ros2_ws/install/range_sensor_broadcaster:/home/parallels/ros2_ws/install/position_controllers:/home/parallels/ros2_ws/install/polygon_plugins:/home/parallels/ros2_ws/install/admittance_controller:/home/parallels/ros2_ws/install/joint_trajectory_controller:/home/parallels/ros2_ws/install/joint_state_broadcaster:/home/parallels/ros2_ws/install/joint_limits:/home/parallels/ros2_ws/install/imu_sensor_broadcaster:/home/parallels/ros2_ws/install/gripper_controllers:/home/parallels/ros2_ws/install/effort_controllers:/home/parallels/ros2_ws/install/forward_command_controller:/home/parallels/ros2_ws/install/force_torque_sensor_broadcaster:/home/parallels/ros2_ws/install/diff_drive_controller:/home/parallels/ros2_ws/install/controller_interface:/home/parallels/ros2_ws/install/controller_manager_msgs:/usr:/home/parallels/ros2_ws/install/rqt_joint_trajectory_controller:/home/parallels/ros2_ws/install/rqt_controller_manager:/home/parallels/ros2_ws/install/ros2controlcli:/home/parallels/ros2_ws/install/ros2_controllers_test_nodes:/home/parallels/ros2_ws/install/polygon_base:/home/parallels/ros2_ws/install/hardware_interface:/opt/ros/humble /usr/bin/cmake --build /home/parallels/ros2_ws/build/hardware_interface -- -j4 -l4
[14.558s] Invoking command in '/home/parallels/ros2_ws/build/hardware_interface': CMAKE_PREFIX_PATH=/home/parallels/ros2_ws/install/ros2_control_test_assets:/home/parallels/ros2_ws/install/ros2_controllers:/home/parallels/ros2_ws/install/ign_ros2_control_demos:/home/parallels/ros2_ws/install/velocity_controllers:/home/parallels/ros2_ws/install/tricycle_steering_controller:/home/parallels/ros2_ws/install/tricycle_controller:/home/parallels/ros2_ws/install/ros2_control:/home/parallels/ros2_ws/install/transmission_interface:/home/parallels/ros2_ws/install/bicycle_steering_controller:/home/parallels/ros2_ws/install/ackermann_steering_controller:/home/parallels/ros2_ws/install/steering_controllers_library:/home/parallels/ros2_ws/install/gz_ros2_control_tests:/home/parallels/ros2_ws/install/ign_ros2_control:/home/parallels/ros2_ws/install/hardware_interface_testing:/home/parallels/ros2_ws/install/controller_manager:/home/parallels/ros2_ws/install/ros2_control_demo_description:/home/parallels/ros2_ws/install/range_sensor_broadcaster:/home/parallels/ros2_ws/install/position_controllers:/home/parallels/ros2_ws/install/polygon_plugins:/home/parallels/ros2_ws/install/admittance_controller:/home/parallels/ros2_ws/install/joint_trajectory_controller:/home/parallels/ros2_ws/install/joint_state_broadcaster:/home/parallels/ros2_ws/install/joint_limits:/home/parallels/ros2_ws/install/imu_sensor_broadcaster:/home/parallels/ros2_ws/install/gripper_controllers:/home/parallels/ros2_ws/install/effort_controllers:/home/parallels/ros2_ws/install/forward_command_controller:/home/parallels/ros2_ws/install/force_torque_sensor_broadcaster:/home/parallels/ros2_ws/install/diff_drive_controller:/home/parallels/ros2_ws/install/controller_interface:/home/parallels/ros2_ws/install/controller_manager_msgs:/usr:/home/parallels/ros2_ws/install/rqt_joint_trajectory_controller:/home/parallels/ros2_ws/install/rqt_controller_manager:/home/parallels/ros2_ws/install/ros2controlcli:/home/parallels/ros2_ws/install/ros2_controllers_test_nodes:/home/parallels/ros2_ws/install/polygon_base:/home/parallels/ros2_ws/install/hardware_interface:/opt/ros/humble /usr/bin/cmake --install /home/parallels/ros2_ws/build/hardware_interface
[14.561s] -- Install configuration: ""
[14.561s] -- Installing: /home/parallels/ros2_ws/install/hardware_interface/share/hardware_interface/mock_components_plugin_description.xml
[14.561s] -- Installing: /home/parallels/ros2_ws/install/hardware_interface/share/hardware_interface/fake_components_plugin_description.xml
[14.561s] -- Installing: /home/parallels/ros2_ws/install/hardware_interface/include
[14.561s] -- Installing: /home/parallels/ros2_ws/install/hardware_interface/include/hardware_interface
[14.561s] -- Installing: /home/parallels/ros2_ws/install/hardware_interface/include/hardware_interface/system_interface.hpp
[14.561s] -- Installing: /home/parallels/ros2_ws/install/hardware_interface/include/hardware_interface/actuator_interface.hpp
[14.561s] -- Installing: /home/parallels/ros2_ws/install/hardware_interface/include/hardware_interface/loaned_state_interface.hpp
[14.561s] -- Installing: /home/parallels/ros2_ws/install/hardware_interface/include/hardware_interface/hardware_component_info.hpp
[14.561s] -- Installing: /home/parallels/ros2_ws/install/hardware_interface/include/hardware_interface/handle.hpp
[14.561s] -- Installing: /home/parallels/ros2_ws/install/hardware_interface/include/hardware_interface/resource_manager.hpp
[14.562s] -- Installing: /home/parallels/ros2_ws/install/hardware_interface/include/hardware_interface/sensor_interface.hpp
[14.562s] -- Installing: /home/parallels/ros2_ws/install/hardware_interface/include/hardware_interface/visibility_control.h
[14.562s] -- Installing: /home/parallels/ros2_ws/install/hardware_interface/include/hardware_interface/sensor.hpp
[14.562s] -- Installing: /home/parallels/ros2_ws/install/hardware_interface/include/hardware_interface/actuator.hpp
[14.562s] -- Installing: /home/parallels/ros2_ws/install/hardware_interface/include/hardware_interface/controller_info.hpp
[14.562s] -- Installing: /home/parallels/ros2_ws/install/hardware_interface/include/hardware_interface/macros.hpp
[14.562s] -- Installing: /home/parallels/ros2_ws/install/hardware_interface/include/hardware_interface/system.hpp
[14.562s] -- Installing: /home/parallels/ros2_ws/install/hardware_interface/include/hardware_interface/loaned_command_interface.hpp
[14.562s] -- Installing: /home/parallels/ros2_ws/install/hardware_interface/include/hardware_interface/types
[14.562s] -- Installing: /home/parallels/ros2_ws/install/hardware_interface/include/hardware_interface/types/hardware_interface_type_values.hpp
[14.562s] -- Installing: /home/parallels/ros2_ws/install/hardware_interface/include/hardware_interface/types/hardware_interface_return_values.hpp
[14.562s] -- Installing: /home/parallels/ros2_ws/install/hardware_interface/include/hardware_interface/types/lifecycle_state_names.hpp
[14.562s] -- Installing: /home/parallels/ros2_ws/install/hardware_interface/include/hardware_interface/component_parser.hpp
[14.562s] -- Installing: /home/parallels/ros2_ws/install/hardware_interface/include/hardware_interface/lexical_casts.hpp
[14.562s] -- Installing: /home/parallels/ros2_ws/install/hardware_interface/include/hardware_interface/hardware_info.hpp
[14.562s] -- Installing: /home/parallels/ros2_ws/install/hardware_interface/include/mock_components
[14.562s] -- Installing: /home/parallels/ros2_ws/install/hardware_interface/include/mock_components/generic_system.hpp
[14.562s] -- Installing: /home/parallels/ros2_ws/install/hardware_interface/include/mock_components/visibility_control.h
[14.563s] -- Installing: /home/parallels/ros2_ws/install/hardware_interface/include/fake_components
[14.563s] -- Installing: /home/parallels/ros2_ws/install/hardware_interface/include/fake_components/generic_system.hpp
[14.563s] -- Installing: /home/parallels/ros2_ws/install/hardware_interface/include/fake_components/visibility_control.h
[14.563s] -- Installing: /home/parallels/ros2_ws/install/hardware_interface/lib/libfake_components.so
[14.563s] -- Set runtime path of "/home/parallels/ros2_ws/install/hardware_interface/lib/libfake_components.so" to ""
[14.563s] -- Installing: /home/parallels/ros2_ws/install/hardware_interface/lib/libmock_components.so
[14.570s] -- Set runtime path of "/home/parallels/ros2_ws/install/hardware_interface/lib/libmock_components.so" to ""
[14.570s] -- Installing: /home/parallels/ros2_ws/install/hardware_interface/lib/libhardware_interface.so
[14.573s] -- Set runtime path of "/home/parallels/ros2_ws/install/hardware_interface/lib/libhardware_interface.so" to ""
[14.573s] -- Installing: /home/parallels/ros2_ws/install/hardware_interface/lib/libtest_hardware_components.so
[14.573s] -- Set runtime path of "/home/parallels/ros2_ws/install/hardware_interface/lib/libtest_hardware_components.so" to ""
[14.573s] -- Installing: /home/parallels/ros2_ws/install/hardware_interface/share/hardware_interface/test/test_hardware_components/test_hardware_components.xml
[14.574s] -- Installing: /home/parallels/ros2_ws/install/hardware_interface/share/hardware_interface/environment/library_path.sh
[14.574s] -- Installing: /home/parallels/ros2_ws/install/hardware_interface/share/hardware_interface/environment/library_path.dsv
[14.574s] -- Installing: /home/parallels/ros2_ws/install/hardware_interface/share/ament_index/resource_index/package_run_dependencies/hardware_interface
[14.574s] -- Installing: /home/parallels/ros2_ws/install/hardware_interface/share/ament_index/resource_index/parent_prefix_path/hardware_interface
[14.574s] -- Installing: /home/parallels/ros2_ws/install/hardware_interface/share/hardware_interface/environment/ament_prefix_path.sh
[14.574s] -- Installing: /home/parallels/ros2_ws/install/hardware_interface/share/hardware_interface/environment/ament_prefix_path.dsv
[14.574s] -- Installing: /home/parallels/ros2_ws/install/hardware_interface/share/hardware_interface/environment/path.sh
[14.574s] -- Installing: /home/parallels/ros2_ws/install/hardware_interface/share/hardware_interface/environment/path.dsv
[14.574s] -- Installing: /home/parallels/ros2_ws/install/hardware_interface/share/hardware_interface/local_setup.bash
[14.574s] -- Installing: /home/parallels/ros2_ws/install/hardware_interface/share/hardware_interface/local_setup.sh
[14.574s] -- Installing: /home/parallels/ros2_ws/install/hardware_interface/share/hardware_interface/local_setup.zsh
[14.574s] -- Installing: /home/parallels/ros2_ws/install/hardware_interface/share/hardware_interface/local_setup.dsv
[14.574s] -- Installing: /home/parallels/ros2_ws/install/hardware_interface/share/hardware_interface/package.dsv
[14.574s] -- Installing: /home/parallels/ros2_ws/install/hardware_interface/share/ament_index/resource_index/packages/hardware_interface
[14.574s] -- Installing: /home/parallels/ros2_ws/install/hardware_interface/share/ament_index/resource_index/hardware_interface__pluginlib__plugin/hardware_interface
[14.575s] -- Installing: /home/parallels/ros2_ws/install/hardware_interface/share/hardware_interface/cmake/ament_cmake_export_include_directories-extras.cmake
[14.575s] -- Installing: /home/parallels/ros2_ws/install/hardware_interface/share/hardware_interface/cmake/ament_cmake_export_libraries-extras.cmake
[14.575s] -- Installing: /home/parallels/ros2_ws/install/hardware_interface/share/hardware_interface/cmake/ament_cmake_export_dependencies-extras.cmake
[14.575s] -- Installing: /home/parallels/ros2_ws/install/hardware_interface/share/hardware_interface/cmake/hardware_interfaceConfig.cmake
[14.575s] -- Installing: /home/parallels/ros2_ws/install/hardware_interface/share/hardware_interface/cmake/hardware_interfaceConfig-version.cmake
[14.575s] -- Installing: /home/parallels/ros2_ws/install/hardware_interface/share/hardware_interface/package.xml
[14.576s] Invoked command in '/home/parallels/ros2_ws/build/hardware_interface' returned '0': CMAKE_PREFIX_PATH=/home/parallels/ros2_ws/install/ros2_control_test_assets:/home/parallels/ros2_ws/install/ros2_controllers:/home/parallels/ros2_ws/install/ign_ros2_control_demos:/home/parallels/ros2_ws/install/velocity_controllers:/home/parallels/ros2_ws/install/tricycle_steering_controller:/home/parallels/ros2_ws/install/tricycle_controller:/home/parallels/ros2_ws/install/ros2_control:/home/parallels/ros2_ws/install/transmission_interface:/home/parallels/ros2_ws/install/bicycle_steering_controller:/home/parallels/ros2_ws/install/ackermann_steering_controller:/home/parallels/ros2_ws/install/steering_controllers_library:/home/parallels/ros2_ws/install/gz_ros2_control_tests:/home/parallels/ros2_ws/install/ign_ros2_control:/home/parallels/ros2_ws/install/hardware_interface_testing:/home/parallels/ros2_ws/install/controller_manager:/home/parallels/ros2_ws/install/ros2_control_demo_description:/home/parallels/ros2_ws/install/range_sensor_broadcaster:/home/parallels/ros2_ws/install/position_controllers:/home/parallels/ros2_ws/install/polygon_plugins:/home/parallels/ros2_ws/install/admittance_controller:/home/parallels/ros2_ws/install/joint_trajectory_controller:/home/parallels/ros2_ws/install/joint_state_broadcaster:/home/parallels/ros2_ws/install/joint_limits:/home/parallels/ros2_ws/install/imu_sensor_broadcaster:/home/parallels/ros2_ws/install/gripper_controllers:/home/parallels/ros2_ws/install/effort_controllers:/home/parallels/ros2_ws/install/forward_command_controller:/home/parallels/ros2_ws/install/force_torque_sensor_broadcaster:/home/parallels/ros2_ws/install/diff_drive_controller:/home/parallels/ros2_ws/install/controller_interface:/home/parallels/ros2_ws/install/controller_manager_msgs:/usr:/home/parallels/ros2_ws/install/rqt_joint_trajectory_controller:/home/parallels/ros2_ws/install/rqt_controller_manager:/home/parallels/ros2_ws/install/ros2controlcli:/home/parallels/ros2_ws/install/ros2_controllers_test_nodes:/home/parallels/ros2_ws/install/polygon_base:/home/parallels/ros2_ws/install/hardware_interface:/opt/ros/humble /usr/bin/cmake --install /home/parallels/ros2_ws/build/hardware_interface
