[0.006s] Invoking command in '/home/parallels/ros2_ws/build/my_robot_bringup': /usr/bin/cmake /home/parallels/ros2_ws/src/my_robot_bringup -DCMAKE_INSTALL_PREFIX=/home/parallels/ros2_ws/install/my_robot_bringup
[0.019s] -- Found ament_cmake: 1.3.10 (/opt/ros/humble/share/ament_cmake/cmake)
[0.107s] Error parsing '/home/parallels/ros2_ws/src/my_robot_bringup/package.xml':
[0.128s] Traceback (most recent call last):
[0.128s]   File "/opt/ros/humble/share/ament_cmake_core/cmake/core/package_xml_2_cmake.py", line 150, in <module>
[0.128s]     main()
[0.129s]   File "/opt/ros/humble/share/ament_cmake_core/cmake/core/package_xml_2_cmake.py", line 53, in main
[0.129s]     raise e
[0.129s]   File "/opt/ros/humble/share/ament_cmake_core/cmake/core/package_xml_2_cmake.py", line 49, in main
[0.129s]     package = parse_package_string(
[0.129s]   File "/usr/lib/python3/dist-packages/catkin_pkg/package.py", line 788, in parse_package_string
[0.129s]     pkg.validate(warnings=warnings)
[0.129s]   File "/usr/lib/python3/dist-packages/catkin_pkg/package.py", line 330, in validate
[0.129s]     raise InvalidPackage('\n'.join(errors), self.filename)
[0.129s] catkin_pkg.package.InvalidPackage: Error(s) in package '/home/parallels/ros2_ws/src/my_robot_bringup/package.xml':
[0.129s] Invalid email "" for person "parallels"
[0.129s] Maintainers must have an email address
[0.137s] [31mCMake Error at /opt/ros/humble/share/ament_cmake_core/cmake/core/ament_package_xml.cmake:95 (message):
[0.137s]   execute_process(/usr/bin/python3
[0.137s]   /opt/ros/humble/share/ament_cmake_core/cmake/core/package_xml_2_cmake.py
[0.137s]   /home/parallels/ros2_ws/src/my_robot_bringup/package.xml
[0.137s]   /home/parallels/ros2_ws/build/my_robot_bringup/ament_cmake_core/package.cmake)
[0.137s]   returned error code 1
[0.137s] Call Stack (most recent call first):
[0.137s]   /opt/ros/humble/share/ament_cmake_core/cmake/core/ament_package_xml.cmake:49 (_ament_package_xml)
[0.137s]   /opt/ros/humble/share/ament_cmake_core/cmake/core/ament_package.cmake:63 (ament_package_xml)
[0.137s]   CMakeLists.txt:14 (ament_package)
[0.137s] 
[0.137s] [0m
[0.137s] -- Configuring incomplete, errors occurred!
[0.137s] See also "/home/parallels/ros2_ws/build/my_robot_bringup/CMakeFiles/CMakeOutput.log".
[0.139s] Invoked command in '/home/parallels/ros2_ws/build/my_robot_bringup' returned '1': /usr/bin/cmake /home/parallels/ros2_ws/src/my_robot_bringup -DCMAKE_INSTALL_PREFIX=/home/parallels/ros2_ws/install/my_robot_bringup
