[0.278s] Invoking command in '/home/parallels/ros2_ws/ROS2_Humble/build/actions_cpp': AMENT_PREFIX_PATH=/home/parallels/ros2_ws/ROS2_Humble/install/my_robot_interfaces:${AMENT_PREFIX_PATH} CMAKE_PREFIX_PATH=/home/parallels/ros2_ws/ROS2_Humble/install/my_robot_interfaces:/home/parallels/ros2_humble/install/lifecycle_cpp:/home/parallels/ros2_ws/install/urdf_sim_tutorial:/home/parallels/ros2_ws/install/turtlecatch_bringup:/home/parallels/ros2_ws/install/polygon_plugins:/home/parallels/ros2_ws/install/polygon_base:/home/parallels/ros2_ws/install/my_robot_station_bringup:/home/parallels/ros2_ws/install/my_robot_bringup:/home/parallels/ros2_ws/install/my_cpp_pkg:/home/parallels/ros2_ws/install/actions_cpp:/home/parallels/ros2_ws/install/my_robot_interfaces:/home/parallels/ros2_ws/install/my_robot_bringup_gazebo:/home/parallels/ros2_ws/install/my_robot_description:/home/parallels/ros2_ws/install/add_two_ints_cpp:/usr:/home/parallels/ros2_humble/install/lifecycle_py:/home/parallels/ros2_ws/install/turtlesim_catch_them_all:/home/parallels/ros2_ws/install/number_counter:/home/parallels/ros2_ws/install/my_py_pkg:/home/parallels/ros2_ws/install/actions_py:/home/parallels/ros2_ws/install/add_two_ints:/opt/ros/humble LD_LIBRARY_PATH=/home/parallels/ros2_ws/ROS2_Humble/install/my_robot_interfaces/lib:${LD_LIBRARY_PATH} PYTHONPATH=/home/parallels/ros2_ws/ROS2_Humble/install/my_robot_interfaces/local/lib/python3.10/dist-packages:${PYTHONPATH} /usr/bin/cmake /home/parallels/ros2_ws/ROS2_Humble/src/actions_cpp -DCMAKE_INSTALL_PREFIX=/home/parallels/ros2_ws/ROS2_Humble/install/actions_cpp
[0.316s] -- The C compiler identification is GNU 11.4.0
[0.371s] -- The CXX compiler identification is GNU 11.4.0
[0.375s] -- Detecting C compiler ABI info
[0.406s] -- Detecting C compiler ABI info - done
[0.410s] -- Check for working C compiler: /usr/bin/cc - skipped
[0.410s] -- Detecting C compile features
[0.411s] -- Detecting C compile features - done
[0.412s] -- Detecting CXX compiler ABI info
[0.455s] -- Detecting CXX compiler ABI info - done
[0.458s] -- Check for working CXX compiler: /usr/bin/c++ - skipped
[0.459s] -- Detecting CXX compile features
[0.459s] -- Detecting CXX compile features - done
[0.464s] -- Found ament_cmake: 1.3.11 (/opt/ros/humble/share/ament_cmake/cmake)
[0.578s] -- Found Python3: /usr/bin/python3 (found version "3.10.12") found components: Interpreter 
[0.686s] -- Found rclcpp: 16.0.12 (/opt/ros/humble/share/rclcpp/cmake)
[0.748s] -- Found rosidl_generator_c: 3.1.6 (/opt/ros/humble/share/rosidl_generator_c/cmake)
[0.758s] -- Found rosidl_adapter: 3.1.6 (/opt/ros/humble/share/rosidl_adapter/cmake)
[0.774s] -- Found rosidl_generator_cpp: 3.1.6 (/opt/ros/humble/share/rosidl_generator_cpp/cmake)
[0.795s] -- Using all available rosidl_typesupport_c: rosidl_typesupport_fastrtps_c;rosidl_typesupport_introspection_c
[0.819s] -- Using all available rosidl_typesupport_cpp: rosidl_typesupport_fastrtps_cpp;rosidl_typesupport_introspection_cpp
[0.897s] -- Found rmw_implementation_cmake: 6.1.2 (/opt/ros/humble/share/rmw_implementation_cmake/cmake)
[0.897s] -- Found rmw_fastrtps_cpp: 6.2.7 (/opt/ros/humble/share/rmw_fastrtps_cpp/cmake)
[0.973s] -- Found OpenSSL: /usr/lib/aarch64-linux-gnu/libcrypto.so (found version "3.0.2")  
[0.998s] -- Found FastRTPS: /opt/ros/humble/include  
[1.026s] -- Using RMW implementation 'rmw_fastrtps_cpp' as default
[1.039s] -- Looking for pthread.h
[1.095s] -- Looking for pthread.h - found
[1.095s] -- Performing Test CMAKE_HAVE_LIBC_PTHREAD
[1.138s] -- Performing Test CMAKE_HAVE_LIBC_PTHREAD - Success
[1.138s] -- Found Threads: TRUE  
[1.185s] -- Found my_robot_interfaces: 0.0.0 (/home/parallels/ros2_ws/ROS2_Humble/install/my_robot_interfaces/share/my_robot_interfaces/cmake)
[1.220s] -- Found rclcpp_action: 16.0.12 (/opt/ros/humble/share/rclcpp_action/cmake)
[1.274s] -- Configuring done
[1.285s] -- Generating done
[1.288s] -- Build files have been written to: /home/parallels/ros2_ws/ROS2_Humble/build/actions_cpp
[1.295s] Invoked command in '/home/parallels/ros2_ws/ROS2_Humble/build/actions_cpp' returned '0': AMENT_PREFIX_PATH=/home/parallels/ros2_ws/ROS2_Humble/install/my_robot_interfaces:${AMENT_PREFIX_PATH} CMAKE_PREFIX_PATH=/home/parallels/ros2_ws/ROS2_Humble/install/my_robot_interfaces:/home/parallels/ros2_humble/install/lifecycle_cpp:/home/parallels/ros2_ws/install/urdf_sim_tutorial:/home/parallels/ros2_ws/install/turtlecatch_bringup:/home/parallels/ros2_ws/install/polygon_plugins:/home/parallels/ros2_ws/install/polygon_base:/home/parallels/ros2_ws/install/my_robot_station_bringup:/home/parallels/ros2_ws/install/my_robot_bringup:/home/parallels/ros2_ws/install/my_cpp_pkg:/home/parallels/ros2_ws/install/actions_cpp:/home/parallels/ros2_ws/install/my_robot_interfaces:/home/parallels/ros2_ws/install/my_robot_bringup_gazebo:/home/parallels/ros2_ws/install/my_robot_description:/home/parallels/ros2_ws/install/add_two_ints_cpp:/usr:/home/parallels/ros2_humble/install/lifecycle_py:/home/parallels/ros2_ws/install/turtlesim_catch_them_all:/home/parallels/ros2_ws/install/number_counter:/home/parallels/ros2_ws/install/my_py_pkg:/home/parallels/ros2_ws/install/actions_py:/home/parallels/ros2_ws/install/add_two_ints:/opt/ros/humble LD_LIBRARY_PATH=/home/parallels/ros2_ws/ROS2_Humble/install/my_robot_interfaces/lib:${LD_LIBRARY_PATH} PYTHONPATH=/home/parallels/ros2_ws/ROS2_Humble/install/my_robot_interfaces/local/lib/python3.10/dist-packages:${PYTHONPATH} /usr/bin/cmake /home/parallels/ros2_ws/ROS2_Humble/src/actions_cpp -DCMAKE_INSTALL_PREFIX=/home/parallels/ros2_ws/ROS2_Humble/install/actions_cpp
[1.297s] Invoking command in '/home/parallels/ros2_ws/ROS2_Humble/build/actions_cpp': AMENT_PREFIX_PATH=/home/parallels/ros2_ws/ROS2_Humble/install/my_robot_interfaces:${AMENT_PREFIX_PATH} CMAKE_PREFIX_PATH=/home/parallels/ros2_ws/ROS2_Humble/install/my_robot_interfaces:/home/parallels/ros2_humble/install/lifecycle_cpp:/home/parallels/ros2_ws/install/urdf_sim_tutorial:/home/parallels/ros2_ws/install/turtlecatch_bringup:/home/parallels/ros2_ws/install/polygon_plugins:/home/parallels/ros2_ws/install/polygon_base:/home/parallels/ros2_ws/install/my_robot_station_bringup:/home/parallels/ros2_ws/install/my_robot_bringup:/home/parallels/ros2_ws/install/my_cpp_pkg:/home/parallels/ros2_ws/install/actions_cpp:/home/parallels/ros2_ws/install/my_robot_interfaces:/home/parallels/ros2_ws/install/my_robot_bringup_gazebo:/home/parallels/ros2_ws/install/my_robot_description:/home/parallels/ros2_ws/install/add_two_ints_cpp:/usr:/home/parallels/ros2_humble/install/lifecycle_py:/home/parallels/ros2_ws/install/turtlesim_catch_them_all:/home/parallels/ros2_ws/install/number_counter:/home/parallels/ros2_ws/install/my_py_pkg:/home/parallels/ros2_ws/install/actions_py:/home/parallels/ros2_ws/install/add_two_ints:/opt/ros/humble LD_LIBRARY_PATH=/home/parallels/ros2_ws/ROS2_Humble/install/my_robot_interfaces/lib:${LD_LIBRARY_PATH} PYTHONPATH=/home/parallels/ros2_ws/ROS2_Humble/install/my_robot_interfaces/local/lib/python3.10/dist-packages:${PYTHONPATH} /usr/bin/cmake --build /home/parallels/ros2_ws/ROS2_Humble/build/actions_cpp -- -j8 -l8
[1.314s] [35m[1mConsolidate compiler generated dependencies of target count_until_server[0m
[1.318s] [35m[1mConsolidate compiler generated dependencies of target count_until_client[0m
[1.319s] [35m[1mConsolidate compiler generated dependencies of target count_until_server_queue_goals[0m
[1.327s] [ 33%] Built target count_until_server
[1.330s] [ 66%] Built target count_until_client
[1.333s] [100%] Built target count_until_server_queue_goals
[1.339s] Invoked command in '/home/parallels/ros2_ws/ROS2_Humble/build/actions_cpp' returned '0': AMENT_PREFIX_PATH=/home/parallels/ros2_ws/ROS2_Humble/install/my_robot_interfaces:${AMENT_PREFIX_PATH} CMAKE_PREFIX_PATH=/home/parallels/ros2_ws/ROS2_Humble/install/my_robot_interfaces:/home/parallels/ros2_humble/install/lifecycle_cpp:/home/parallels/ros2_ws/install/urdf_sim_tutorial:/home/parallels/ros2_ws/install/turtlecatch_bringup:/home/parallels/ros2_ws/install/polygon_plugins:/home/parallels/ros2_ws/install/polygon_base:/home/parallels/ros2_ws/install/my_robot_station_bringup:/home/parallels/ros2_ws/install/my_robot_bringup:/home/parallels/ros2_ws/install/my_cpp_pkg:/home/parallels/ros2_ws/install/actions_cpp:/home/parallels/ros2_ws/install/my_robot_interfaces:/home/parallels/ros2_ws/install/my_robot_bringup_gazebo:/home/parallels/ros2_ws/install/my_robot_description:/home/parallels/ros2_ws/install/add_two_ints_cpp:/usr:/home/parallels/ros2_humble/install/lifecycle_py:/home/parallels/ros2_ws/install/turtlesim_catch_them_all:/home/parallels/ros2_ws/install/number_counter:/home/parallels/ros2_ws/install/my_py_pkg:/home/parallels/ros2_ws/install/actions_py:/home/parallels/ros2_ws/install/add_two_ints:/opt/ros/humble LD_LIBRARY_PATH=/home/parallels/ros2_ws/ROS2_Humble/install/my_robot_interfaces/lib:${LD_LIBRARY_PATH} PYTHONPATH=/home/parallels/ros2_ws/ROS2_Humble/install/my_robot_interfaces/local/lib/python3.10/dist-packages:${PYTHONPATH} /usr/bin/cmake --build /home/parallels/ros2_ws/ROS2_Humble/build/actions_cpp -- -j8 -l8
[1.341s] Invoking command in '/home/parallels/ros2_ws/ROS2_Humble/build/actions_cpp': AMENT_PREFIX_PATH=/home/parallels/ros2_ws/ROS2_Humble/install/my_robot_interfaces:${AMENT_PREFIX_PATH} CMAKE_PREFIX_PATH=/home/parallels/ros2_ws/ROS2_Humble/install/my_robot_interfaces:/home/parallels/ros2_humble/install/lifecycle_cpp:/home/parallels/ros2_ws/install/urdf_sim_tutorial:/home/parallels/ros2_ws/install/turtlecatch_bringup:/home/parallels/ros2_ws/install/polygon_plugins:/home/parallels/ros2_ws/install/polygon_base:/home/parallels/ros2_ws/install/my_robot_station_bringup:/home/parallels/ros2_ws/install/my_robot_bringup:/home/parallels/ros2_ws/install/my_cpp_pkg:/home/parallels/ros2_ws/install/actions_cpp:/home/parallels/ros2_ws/install/my_robot_interfaces:/home/parallels/ros2_ws/install/my_robot_bringup_gazebo:/home/parallels/ros2_ws/install/my_robot_description:/home/parallels/ros2_ws/install/add_two_ints_cpp:/usr:/home/parallels/ros2_humble/install/lifecycle_py:/home/parallels/ros2_ws/install/turtlesim_catch_them_all:/home/parallels/ros2_ws/install/number_counter:/home/parallels/ros2_ws/install/my_py_pkg:/home/parallels/ros2_ws/install/actions_py:/home/parallels/ros2_ws/install/add_two_ints:/opt/ros/humble LD_LIBRARY_PATH=/home/parallels/ros2_ws/ROS2_Humble/install/my_robot_interfaces/lib:${LD_LIBRARY_PATH} PYTHONPATH=/home/parallels/ros2_ws/ROS2_Humble/install/my_robot_interfaces/local/lib/python3.10/dist-packages:${PYTHONPATH} /usr/bin/cmake --install /home/parallels/ros2_ws/ROS2_Humble/build/actions_cpp
[1.346s] -- Install configuration: ""
[1.347s] -- Up-to-date: /home/parallels/ros2_ws/ROS2_Humble/install/actions_cpp/lib/actions_cpp/count_until_server
[1.347s] -- Up-to-date: /home/parallels/ros2_ws/ROS2_Humble/install/actions_cpp/lib/actions_cpp/count_until_server_queue_goals
[1.347s] -- Up-to-date: /home/parallels/ros2_ws/ROS2_Humble/install/actions_cpp/lib/actions_cpp/count_until_client
[1.348s] -- Up-to-date: /home/parallels/ros2_ws/ROS2_Humble/install/actions_cpp/share/ament_index/resource_index/package_run_dependencies/actions_cpp
[1.348s] -- Up-to-date: /home/parallels/ros2_ws/ROS2_Humble/install/actions_cpp/share/ament_index/resource_index/parent_prefix_path/actions_cpp
[1.348s] -- Up-to-date: /home/parallels/ros2_ws/ROS2_Humble/install/actions_cpp/share/actions_cpp/environment/ament_prefix_path.sh
[1.348s] -- Installing: /home/parallels/ros2_ws/ROS2_Humble/install/actions_cpp/share/actions_cpp/environment/ament_prefix_path.dsv
[1.348s] -- Up-to-date: /home/parallels/ros2_ws/ROS2_Humble/install/actions_cpp/share/actions_cpp/environment/path.sh
[1.348s] -- Installing: /home/parallels/ros2_ws/ROS2_Humble/install/actions_cpp/share/actions_cpp/environment/path.dsv
[1.349s] -- Up-to-date: /home/parallels/ros2_ws/ROS2_Humble/install/actions_cpp/share/actions_cpp/local_setup.bash
[1.349s] -- Up-to-date: /home/parallels/ros2_ws/ROS2_Humble/install/actions_cpp/share/actions_cpp/local_setup.sh
[1.349s] -- Up-to-date: /home/parallels/ros2_ws/ROS2_Humble/install/actions_cpp/share/actions_cpp/local_setup.zsh
[1.349s] -- Installing: /home/parallels/ros2_ws/ROS2_Humble/install/actions_cpp/share/actions_cpp/local_setup.dsv
[1.358s] -- Installing: /home/parallels/ros2_ws/ROS2_Humble/install/actions_cpp/share/actions_cpp/package.dsv
[1.358s] -- Up-to-date: /home/parallels/ros2_ws/ROS2_Humble/install/actions_cpp/share/ament_index/resource_index/packages/actions_cpp
[1.358s] -- Up-to-date: /home/parallels/ros2_ws/ROS2_Humble/install/actions_cpp/share/actions_cpp/cmake/actions_cppConfig.cmake
[1.358s] -- Up-to-date: /home/parallels/ros2_ws/ROS2_Humble/install/actions_cpp/share/actions_cpp/cmake/actions_cppConfig-version.cmake
[1.358s] -- Up-to-date: /home/parallels/ros2_ws/ROS2_Humble/install/actions_cpp/share/actions_cpp/package.xml
[1.358s] Invoked command in '/home/parallels/ros2_ws/ROS2_Humble/build/actions_cpp' returned '0': AMENT_PREFIX_PATH=/home/parallels/ros2_ws/ROS2_Humble/install/my_robot_interfaces:${AMENT_PREFIX_PATH} CMAKE_PREFIX_PATH=/home/parallels/ros2_ws/ROS2_Humble/install/my_robot_interfaces:/home/parallels/ros2_humble/install/lifecycle_cpp:/home/parallels/ros2_ws/install/urdf_sim_tutorial:/home/parallels/ros2_ws/install/turtlecatch_bringup:/home/parallels/ros2_ws/install/polygon_plugins:/home/parallels/ros2_ws/install/polygon_base:/home/parallels/ros2_ws/install/my_robot_station_bringup:/home/parallels/ros2_ws/install/my_robot_bringup:/home/parallels/ros2_ws/install/my_cpp_pkg:/home/parallels/ros2_ws/install/actions_cpp:/home/parallels/ros2_ws/install/my_robot_interfaces:/home/parallels/ros2_ws/install/my_robot_bringup_gazebo:/home/parallels/ros2_ws/install/my_robot_description:/home/parallels/ros2_ws/install/add_two_ints_cpp:/usr:/home/parallels/ros2_humble/install/lifecycle_py:/home/parallels/ros2_ws/install/turtlesim_catch_them_all:/home/parallels/ros2_ws/install/number_counter:/home/parallels/ros2_ws/install/my_py_pkg:/home/parallels/ros2_ws/install/actions_py:/home/parallels/ros2_ws/install/add_two_ints:/opt/ros/humble LD_LIBRARY_PATH=/home/parallels/ros2_ws/ROS2_Humble/install/my_robot_interfaces/lib:${LD_LIBRARY_PATH} PYTHONPATH=/home/parallels/ros2_ws/ROS2_Humble/install/my_robot_interfaces/local/lib/python3.10/dist-packages:${PYTHONPATH} /usr/bin/cmake --install /home/parallels/ros2_ws/ROS2_Humble/build/actions_cpp
