-- The C compiler identification is GNU 11.4.0
-- The CXX compiler identification is GNU 11.4.0
-- Detecting C compiler ABI info
-- Detecting C compiler ABI info - done
-- Check for working C compiler: /usr/bin/cc - skipped
-- Detecting C compile features
-- Detecting C compile features - done
-- Detecting CXX compiler ABI info
-- Detecting CXX compiler ABI info - done
-- Check for working CXX compiler: /usr/bin/c++ - skipped
-- Detecting CXX compile features
-- Detecting CXX compile features - done
-- Found ament_cmake: 1.3.11 (/opt/ros/humble/share/ament_cmake/cmake)
-- Found Python3: /usr/bin/python3 (found version "3.10.12") found components: Interpreter 
-- Found rclcpp: 16.0.12 (/opt/ros/humble/share/rclcpp/cmake)
-- Found rosidl_generator_c: 3.1.6 (/opt/ros/humble/share/rosidl_generator_c/cmake)
-- Found rosidl_adapter: 3.1.6 (/opt/ros/humble/share/rosidl_adapter/cmake)
-- Found rosidl_generator_cpp: 3.1.6 (/opt/ros/humble/share/rosidl_generator_cpp/cmake)
-- Using all available rosidl_typesupport_c: rosidl_typesupport_fastrtps_c;rosidl_typesupport_introspection_c
-- Using all available rosidl_typesupport_cpp: rosidl_typesupport_fastrtps_cpp;rosidl_typesupport_introspection_cpp
-- Found rmw_implementation_cmake: 6.1.2 (/opt/ros/humble/share/rmw_implementation_cmake/cmake)
-- Found rmw_fastrtps_cpp: 6.2.7 (/opt/ros/humble/share/rmw_fastrtps_cpp/cmake)
-- Found OpenSSL: /usr/lib/aarch64-linux-gnu/libcrypto.so (found version "3.0.2")  
-- Found FastRTPS: /opt/ros/humble/include  
-- Using RMW implementation 'rmw_fastrtps_cpp' as default
-- Looking for pthread.h
-- Looking for pthread.h - found
-- Performing Test CMAKE_HAVE_LIBC_PTHREAD
-- Performing Test CMAKE_HAVE_LIBC_PTHREAD - Success
-- Found Threads: TRUE  
-- Found example_interfaces: 0.9.3 (/opt/ros/humble/share/example_interfaces/cmake)
-- Found my_robot_interfaces: 0.0.0 (/home/parallels/ros2_ws/ROS2_Humble/install/my_robot_interfaces/share/my_robot_interfaces/cmake)
-- Configuring done
-- Generating done
-- Build files have been written to: /home/parallels/ros2_ws/ROS2_Humble/build/my_cpp_pkg
[35m[1mConsolidate compiler generated dependencies of target robot_radio_station[0m
[35m[1mConsolidate compiler generated dependencies of target smartphone[0m
[35m[1mConsolidate compiler generated dependencies of target LED_panel[0m
[35m[1mConsolidate compiler generated dependencies of target cpp_node[0m
[35m[1mConsolidate compiler generated dependencies of target hardwarestatus_pub[0m
[35m[1mConsolidate compiler generated dependencies of target client_battery[0m
[ 14%] Built target smartphone
[35m[1mConsolidate compiler generated dependencies of target hardwarestatus_sub[0m
[ 28%] Built target robot_radio_station
[ 42%] Built target LED_panel
[ 57%] Built target hardwarestatus_pub
[ 71%] Built target client_battery
[ 85%] Built target cpp_node
[100%] Built target hardwarestatus_sub
-- Install configuration: ""
-- Up-to-date: /home/parallels/ros2_ws/ROS2_Humble/install/my_cpp_pkg/lib/my_cpp_pkg/cpp_node
-- Up-to-date: /home/parallels/ros2_ws/ROS2_Humble/install/my_cpp_pkg/lib/my_cpp_pkg/robot_radio_station
-- Up-to-date: /home/parallels/ros2_ws/ROS2_Humble/install/my_cpp_pkg/lib/my_cpp_pkg/smartphone
-- Up-to-date: /home/parallels/ros2_ws/ROS2_Humble/install/my_cpp_pkg/lib/my_cpp_pkg/hardwarestatus_pub
-- Up-to-date: /home/parallels/ros2_ws/ROS2_Humble/install/my_cpp_pkg/lib/my_cpp_pkg/hardwarestatus_sub
-- Up-to-date: /home/parallels/ros2_ws/ROS2_Humble/install/my_cpp_pkg/lib/my_cpp_pkg/client_battery
-- Up-to-date: /home/parallels/ros2_ws/ROS2_Humble/install/my_cpp_pkg/lib/my_cpp_pkg/LED_panel
-- Up-to-date: /home/parallels/ros2_ws/ROS2_Humble/install/my_cpp_pkg/share/ament_index/resource_index/package_run_dependencies/my_cpp_pkg
-- Installing: /home/parallels/ros2_ws/ROS2_Humble/install/my_cpp_pkg/share/ament_index/resource_index/parent_prefix_path/my_cpp_pkg
-- Up-to-date: /home/parallels/ros2_ws/ROS2_Humble/install/my_cpp_pkg/share/my_cpp_pkg/environment/ament_prefix_path.sh
-- Installing: /home/parallels/ros2_ws/ROS2_Humble/install/my_cpp_pkg/share/my_cpp_pkg/environment/ament_prefix_path.dsv
-- Up-to-date: /home/parallels/ros2_ws/ROS2_Humble/install/my_cpp_pkg/share/my_cpp_pkg/environment/path.sh
-- Installing: /home/parallels/ros2_ws/ROS2_Humble/install/my_cpp_pkg/share/my_cpp_pkg/environment/path.dsv
-- Up-to-date: /home/parallels/ros2_ws/ROS2_Humble/install/my_cpp_pkg/share/my_cpp_pkg/local_setup.bash
-- Up-to-date: /home/parallels/ros2_ws/ROS2_Humble/install/my_cpp_pkg/share/my_cpp_pkg/local_setup.sh
-- Up-to-date: /home/parallels/ros2_ws/ROS2_Humble/install/my_cpp_pkg/share/my_cpp_pkg/local_setup.zsh
-- Installing: /home/parallels/ros2_ws/ROS2_Humble/install/my_cpp_pkg/share/my_cpp_pkg/local_setup.dsv
-- Installing: /home/parallels/ros2_ws/ROS2_Humble/install/my_cpp_pkg/share/my_cpp_pkg/package.dsv
-- Up-to-date: /home/parallels/ros2_ws/ROS2_Humble/install/my_cpp_pkg/share/ament_index/resource_index/packages/my_cpp_pkg
-- Up-to-date: /home/parallels/ros2_ws/ROS2_Humble/install/my_cpp_pkg/share/my_cpp_pkg/cmake/my_cpp_pkgConfig.cmake
-- Up-to-date: /home/parallels/ros2_ws/ROS2_Humble/install/my_cpp_pkg/share/my_cpp_pkg/cmake/my_cpp_pkgConfig-version.cmake
-- Up-to-date: /home/parallels/ros2_ws/ROS2_Humble/install/my_cpp_pkg/share/my_cpp_pkg/package.xml
