[0.040s] Invoking command in '/home/parallels/ros2_ws/ROS2_Humble/build/my_cpp_pkg': CMAKE_PREFIX_PATH=/home/parallels/ros2_ws/ROS2_Humble/install/my_robot_interfaces:/home/parallels/ros2_ws/ROS2_Humble/install/turtlecatch_bringup:/home/parallels/ros2_ws/ROS2_Humble/install/polygon_plugins:/home/parallels/ros2_ws/ROS2_Humble/install/polygon_base:/home/parallels/ros2_ws/ROS2_Humble/install/my_robot_station_bringup:/home/parallels/ros2_ws/ROS2_Humble/install/my_robot_lifecycle_bringup:/home/parallels/ros2_ws/ROS2_Humble/install/my_robot_bringup:/home/parallels/ros2_ws/ROS2_Humble/install/my_cpp_pkg:/home/parallels/ros2_ws/ROS2_Humble/install/actions_cpp:/home/parallels/ros2_ws/ROS2_Humble/install/my_robot_bringup_gazebo:/home/parallels/ros2_ws/ROS2_Humble/install/my_robot_description:/home/parallels/ros2_ws/ROS2_Humble/install/lifecycle_cpp:/home/parallels/ros2_ws/ROS2_Humble/install/add_two_ints_cpp:/usr:/home/parallels/ros2_ws/ROS2_Humble/install/turtlesim_catch_them_all:/home/parallels/ros2_ws/ROS2_Humble/install/number_counter:/home/parallels/ros2_ws/ROS2_Humble/install/my_py_pkg:/home/parallels/ros2_ws/ROS2_Humble/install/actions_py:/home/parallels/ros2_ws/ROS2_Humble/install/lifecycle_py:/home/parallels/ros2_ws/ROS2_Humble/install/add_two_ints:/opt/ros/humble LD_LIBRARY_PATH=/home/parallels/ros2_ws/ROS2_Humble/install/my_robot_interfaces/lib:/home/parallels/ros2_ws/ROS2_Humble/install/polygon_plugins/lib:/opt/ros/humble/opt/rviz_ogre_vendor/lib:/opt/ros/humble/lib/aarch64-linux-gnu:/opt/ros/humble/lib /usr/bin/cmake /home/parallels/ros2_ws/ROS2_Humble/src/my_cpp_pkg -DCMAKE_INSTALL_PREFIX=/home/parallels/ros2_ws/ROS2_Humble/install/my_cpp_pkg
[0.466s] -- The C compiler identification is GNU 11.4.0
[0.466s] -- The CXX compiler identification is GNU 11.4.0
[0.466s] -- Detecting C compiler ABI info
[0.467s] -- Detecting C compiler ABI info - done
[0.467s] -- Check for working C compiler: /usr/bin/cc - skipped
[0.467s] -- Detecting C compile features
[0.467s] -- Detecting C compile features - done
[0.467s] -- Detecting CXX compiler ABI info
[0.467s] -- Detecting CXX compiler ABI info - done
[0.468s] -- Check for working CXX compiler: /usr/bin/c++ - skipped
[0.469s] -- Detecting CXX compile features
[0.469s] -- Detecting CXX compile features - done
[0.470s] -- Found ament_cmake: 1.3.11 (/opt/ros/humble/share/ament_cmake/cmake)
[0.470s] -- Found Python3: /usr/bin/python3 (found version "3.10.12") found components: Interpreter 
[0.470s] -- Found rclcpp: 16.0.12 (/opt/ros/humble/share/rclcpp/cmake)
[0.470s] -- Found rosidl_generator_c: 3.1.6 (/opt/ros/humble/share/rosidl_generator_c/cmake)
[0.472s] -- Found rosidl_adapter: 3.1.6 (/opt/ros/humble/share/rosidl_adapter/cmake)
[0.485s] -- Found rosidl_generator_cpp: 3.1.6 (/opt/ros/humble/share/rosidl_generator_cpp/cmake)
[0.501s] -- Using all available rosidl_typesupport_c: rosidl_typesupport_fastrtps_c;rosidl_typesupport_introspection_c
[0.529s] -- Using all available rosidl_typesupport_cpp: rosidl_typesupport_fastrtps_cpp;rosidl_typesupport_introspection_cpp
[0.607s] -- Found rmw_implementation_cmake: 6.1.2 (/opt/ros/humble/share/rmw_implementation_cmake/cmake)
[0.613s] -- Found rmw_fastrtps_cpp: 6.2.7 (/opt/ros/humble/share/rmw_fastrtps_cpp/cmake)
[0.705s] -- Found OpenSSL: /usr/lib/aarch64-linux-gnu/libcrypto.so (found version "3.0.2")  
[0.737s] -- Found FastRTPS: /opt/ros/humble/include  
[0.782s] -- Using RMW implementation 'rmw_fastrtps_cpp' as default
[0.799s] -- Looking for pthread.h
[0.884s] -- Looking for pthread.h - found
[0.884s] -- Performing Test CMAKE_HAVE_LIBC_PTHREAD
[0.941s] -- Performing Test CMAKE_HAVE_LIBC_PTHREAD - Success
[0.942s] -- Found Threads: TRUE  
[0.996s] -- Found example_interfaces: 0.9.3 (/opt/ros/humble/share/example_interfaces/cmake)
[1.028s] -- Found my_robot_interfaces: 0.0.0 (/home/parallels/ros2_ws/ROS2_Humble/install/my_robot_interfaces/share/my_robot_interfaces/cmake)
[1.078s] -- Configuring done
[1.080s] [33mCMake Warning (dev) at CMakeLists.txt:24 (add_executable):
[1.080s]   Policy CMP0115 is not set: Source file extensions must be explicit.  Run
[1.081s]   "cmake --help-policy CMP0115" for policy details.  Use the cmake_policy
[1.081s]   command to set the policy and suppress this warning.
[1.081s] 
[1.081s]   File:
[1.081s] 
[1.082s]     /home/parallels/ros2_ws/ROS2_Humble/src/my_cpp_pkg/src/hardwareStatus_pub.cpp
[1.082s] This warning is for project developers.  Use -Wno-dev to suppress it.
[1.082s] [0m
[1.082s] [33mCMake Warning (dev) at CMakeLists.txt:27 (add_executable):
[1.082s]   Policy CMP0115 is not set: Source file extensions must be explicit.  Run
[1.082s]   "cmake --help-policy CMP0115" for policy details.  Use the cmake_policy
[1.082s]   command to set the policy and suppress this warning.
[1.082s] 
[1.082s]   File:
[1.082s] 
[1.082s]     /home/parallels/ros2_ws/ROS2_Humble/src/my_cpp_pkg/src/hardwarestatus_sub.cpp
[1.082s] This warning is for project developers.  Use -Wno-dev to suppress it.
[1.082s] [0m
[1.082s] [33mCMake Warning (dev) at CMakeLists.txt:30 (add_executable):
[1.082s]   Policy CMP0115 is not set: Source file extensions must be explicit.  Run
[1.082s]   "cmake --help-policy CMP0115" for policy details.  Use the cmake_policy
[1.082s]   command to set the policy and suppress this warning.
[1.082s] 
[1.082s]   File:
[1.082s] 
[1.082s]     /home/parallels/ros2_ws/ROS2_Humble/src/my_cpp_pkg/src/battery_node.cpp
[1.082s] This warning is for project developers.  Use -Wno-dev to suppress it.
[1.082s] [0m
[1.082s] [33mCMake Warning (dev) at CMakeLists.txt:33 (add_executable):
[1.082s]   Policy CMP0115 is not set: Source file extensions must be explicit.  Run
[1.082s]   "cmake --help-policy CMP0115" for policy details.  Use the cmake_policy
[1.082s]   command to set the policy and suppress this warning.
[1.082s] 
[1.082s]   File:
[1.082s] 
[1.082s]     /home/parallels/ros2_ws/ROS2_Humble/src/my_cpp_pkg/src/LED_panel.cpp
[1.082s] This warning is for project developers.  Use -Wno-dev to suppress it.
[1.082s] [0m
[1.094s] -- Generating done
[1.103s] -- Build files have been written to: /home/parallels/ros2_ws/ROS2_Humble/build/my_cpp_pkg
[1.109s] Invoked command in '/home/parallels/ros2_ws/ROS2_Humble/build/my_cpp_pkg' returned '0': CMAKE_PREFIX_PATH=/home/parallels/ros2_ws/ROS2_Humble/install/my_robot_interfaces:/home/parallels/ros2_ws/ROS2_Humble/install/turtlecatch_bringup:/home/parallels/ros2_ws/ROS2_Humble/install/polygon_plugins:/home/parallels/ros2_ws/ROS2_Humble/install/polygon_base:/home/parallels/ros2_ws/ROS2_Humble/install/my_robot_station_bringup:/home/parallels/ros2_ws/ROS2_Humble/install/my_robot_lifecycle_bringup:/home/parallels/ros2_ws/ROS2_Humble/install/my_robot_bringup:/home/parallels/ros2_ws/ROS2_Humble/install/my_cpp_pkg:/home/parallels/ros2_ws/ROS2_Humble/install/actions_cpp:/home/parallels/ros2_ws/ROS2_Humble/install/my_robot_bringup_gazebo:/home/parallels/ros2_ws/ROS2_Humble/install/my_robot_description:/home/parallels/ros2_ws/ROS2_Humble/install/lifecycle_cpp:/home/parallels/ros2_ws/ROS2_Humble/install/add_two_ints_cpp:/usr:/home/parallels/ros2_ws/ROS2_Humble/install/turtlesim_catch_them_all:/home/parallels/ros2_ws/ROS2_Humble/install/number_counter:/home/parallels/ros2_ws/ROS2_Humble/install/my_py_pkg:/home/parallels/ros2_ws/ROS2_Humble/install/actions_py:/home/parallels/ros2_ws/ROS2_Humble/install/lifecycle_py:/home/parallels/ros2_ws/ROS2_Humble/install/add_two_ints:/opt/ros/humble LD_LIBRARY_PATH=/home/parallels/ros2_ws/ROS2_Humble/install/my_robot_interfaces/lib:/home/parallels/ros2_ws/ROS2_Humble/install/polygon_plugins/lib:/opt/ros/humble/opt/rviz_ogre_vendor/lib:/opt/ros/humble/lib/aarch64-linux-gnu:/opt/ros/humble/lib /usr/bin/cmake /home/parallels/ros2_ws/ROS2_Humble/src/my_cpp_pkg -DCMAKE_INSTALL_PREFIX=/home/parallels/ros2_ws/ROS2_Humble/install/my_cpp_pkg
[1.110s] Invoking command in '/home/parallels/ros2_ws/ROS2_Humble/build/my_cpp_pkg': CMAKE_PREFIX_PATH=/home/parallels/ros2_ws/ROS2_Humble/install/my_robot_interfaces:/home/parallels/ros2_ws/ROS2_Humble/install/turtlecatch_bringup:/home/parallels/ros2_ws/ROS2_Humble/install/polygon_plugins:/home/parallels/ros2_ws/ROS2_Humble/install/polygon_base:/home/parallels/ros2_ws/ROS2_Humble/install/my_robot_station_bringup:/home/parallels/ros2_ws/ROS2_Humble/install/my_robot_lifecycle_bringup:/home/parallels/ros2_ws/ROS2_Humble/install/my_robot_bringup:/home/parallels/ros2_ws/ROS2_Humble/install/my_cpp_pkg:/home/parallels/ros2_ws/ROS2_Humble/install/actions_cpp:/home/parallels/ros2_ws/ROS2_Humble/install/my_robot_bringup_gazebo:/home/parallels/ros2_ws/ROS2_Humble/install/my_robot_description:/home/parallels/ros2_ws/ROS2_Humble/install/lifecycle_cpp:/home/parallels/ros2_ws/ROS2_Humble/install/add_two_ints_cpp:/usr:/home/parallels/ros2_ws/ROS2_Humble/install/turtlesim_catch_them_all:/home/parallels/ros2_ws/ROS2_Humble/install/number_counter:/home/parallels/ros2_ws/ROS2_Humble/install/my_py_pkg:/home/parallels/ros2_ws/ROS2_Humble/install/actions_py:/home/parallels/ros2_ws/ROS2_Humble/install/lifecycle_py:/home/parallels/ros2_ws/ROS2_Humble/install/add_two_ints:/opt/ros/humble LD_LIBRARY_PATH=/home/parallels/ros2_ws/ROS2_Humble/install/my_robot_interfaces/lib:/home/parallels/ros2_ws/ROS2_Humble/install/polygon_plugins/lib:/opt/ros/humble/opt/rviz_ogre_vendor/lib:/opt/ros/humble/lib/aarch64-linux-gnu:/opt/ros/humble/lib /usr/bin/cmake --build /home/parallels/ros2_ws/ROS2_Humble/build/my_cpp_pkg -- -j8 -l8
[1.136s] [35m[1mConsolidate compiler generated dependencies of target robot_radio_station[0m
[1.136s] [35m[1mConsolidate compiler generated dependencies of target smartphone[0m
[1.136s] [35m[1mConsolidate compiler generated dependencies of target LED_panel[0m
[1.137s] [35m[1mConsolidate compiler generated dependencies of target cpp_node[0m
[1.138s] [35m[1mConsolidate compiler generated dependencies of target hardwarestatus_pub[0m
[1.139s] [35m[1mConsolidate compiler generated dependencies of target client_battery[0m
[1.152s] [ 14%] Built target smartphone
[1.152s] [35m[1mConsolidate compiler generated dependencies of target hardwarestatus_sub[0m
[1.156s] [ 28%] Built target robot_radio_station
[1.157s] [ 42%] Built target LED_panel
[1.161s] [ 57%] Built target hardwarestatus_pub
[1.162s] [ 71%] Built target client_battery
[1.165s] [ 85%] Built target cpp_node
[1.175s] [100%] Built target hardwarestatus_sub
[1.183s] Invoked command in '/home/parallels/ros2_ws/ROS2_Humble/build/my_cpp_pkg' returned '0': CMAKE_PREFIX_PATH=/home/parallels/ros2_ws/ROS2_Humble/install/my_robot_interfaces:/home/parallels/ros2_ws/ROS2_Humble/install/turtlecatch_bringup:/home/parallels/ros2_ws/ROS2_Humble/install/polygon_plugins:/home/parallels/ros2_ws/ROS2_Humble/install/polygon_base:/home/parallels/ros2_ws/ROS2_Humble/install/my_robot_station_bringup:/home/parallels/ros2_ws/ROS2_Humble/install/my_robot_lifecycle_bringup:/home/parallels/ros2_ws/ROS2_Humble/install/my_robot_bringup:/home/parallels/ros2_ws/ROS2_Humble/install/my_cpp_pkg:/home/parallels/ros2_ws/ROS2_Humble/install/actions_cpp:/home/parallels/ros2_ws/ROS2_Humble/install/my_robot_bringup_gazebo:/home/parallels/ros2_ws/ROS2_Humble/install/my_robot_description:/home/parallels/ros2_ws/ROS2_Humble/install/lifecycle_cpp:/home/parallels/ros2_ws/ROS2_Humble/install/add_two_ints_cpp:/usr:/home/parallels/ros2_ws/ROS2_Humble/install/turtlesim_catch_them_all:/home/parallels/ros2_ws/ROS2_Humble/install/number_counter:/home/parallels/ros2_ws/ROS2_Humble/install/my_py_pkg:/home/parallels/ros2_ws/ROS2_Humble/install/actions_py:/home/parallels/ros2_ws/ROS2_Humble/install/lifecycle_py:/home/parallels/ros2_ws/ROS2_Humble/install/add_two_ints:/opt/ros/humble LD_LIBRARY_PATH=/home/parallels/ros2_ws/ROS2_Humble/install/my_robot_interfaces/lib:/home/parallels/ros2_ws/ROS2_Humble/install/polygon_plugins/lib:/opt/ros/humble/opt/rviz_ogre_vendor/lib:/opt/ros/humble/lib/aarch64-linux-gnu:/opt/ros/humble/lib /usr/bin/cmake --build /home/parallels/ros2_ws/ROS2_Humble/build/my_cpp_pkg -- -j8 -l8
[1.186s] Invoking command in '/home/parallels/ros2_ws/ROS2_Humble/build/my_cpp_pkg': CMAKE_PREFIX_PATH=/home/parallels/ros2_ws/ROS2_Humble/install/my_robot_interfaces:/home/parallels/ros2_ws/ROS2_Humble/install/turtlecatch_bringup:/home/parallels/ros2_ws/ROS2_Humble/install/polygon_plugins:/home/parallels/ros2_ws/ROS2_Humble/install/polygon_base:/home/parallels/ros2_ws/ROS2_Humble/install/my_robot_station_bringup:/home/parallels/ros2_ws/ROS2_Humble/install/my_robot_lifecycle_bringup:/home/parallels/ros2_ws/ROS2_Humble/install/my_robot_bringup:/home/parallels/ros2_ws/ROS2_Humble/install/my_cpp_pkg:/home/parallels/ros2_ws/ROS2_Humble/install/actions_cpp:/home/parallels/ros2_ws/ROS2_Humble/install/my_robot_bringup_gazebo:/home/parallels/ros2_ws/ROS2_Humble/install/my_robot_description:/home/parallels/ros2_ws/ROS2_Humble/install/lifecycle_cpp:/home/parallels/ros2_ws/ROS2_Humble/install/add_two_ints_cpp:/usr:/home/parallels/ros2_ws/ROS2_Humble/install/turtlesim_catch_them_all:/home/parallels/ros2_ws/ROS2_Humble/install/number_counter:/home/parallels/ros2_ws/ROS2_Humble/install/my_py_pkg:/home/parallels/ros2_ws/ROS2_Humble/install/actions_py:/home/parallels/ros2_ws/ROS2_Humble/install/lifecycle_py:/home/parallels/ros2_ws/ROS2_Humble/install/add_two_ints:/opt/ros/humble LD_LIBRARY_PATH=/home/parallels/ros2_ws/ROS2_Humble/install/my_robot_interfaces/lib:/home/parallels/ros2_ws/ROS2_Humble/install/polygon_plugins/lib:/opt/ros/humble/opt/rviz_ogre_vendor/lib:/opt/ros/humble/lib/aarch64-linux-gnu:/opt/ros/humble/lib /usr/bin/cmake --install /home/parallels/ros2_ws/ROS2_Humble/build/my_cpp_pkg
[1.189s] -- Install configuration: ""
[1.190s] -- Up-to-date: /home/parallels/ros2_ws/ROS2_Humble/install/my_cpp_pkg/lib/my_cpp_pkg/cpp_node
[1.190s] -- Up-to-date: /home/parallels/ros2_ws/ROS2_Humble/install/my_cpp_pkg/lib/my_cpp_pkg/robot_radio_station
[1.190s] -- Up-to-date: /home/parallels/ros2_ws/ROS2_Humble/install/my_cpp_pkg/lib/my_cpp_pkg/smartphone
[1.190s] -- Up-to-date: /home/parallels/ros2_ws/ROS2_Humble/install/my_cpp_pkg/lib/my_cpp_pkg/hardwarestatus_pub
[1.190s] -- Up-to-date: /home/parallels/ros2_ws/ROS2_Humble/install/my_cpp_pkg/lib/my_cpp_pkg/hardwarestatus_sub
[1.190s] -- Up-to-date: /home/parallels/ros2_ws/ROS2_Humble/install/my_cpp_pkg/lib/my_cpp_pkg/client_battery
[1.190s] -- Up-to-date: /home/parallels/ros2_ws/ROS2_Humble/install/my_cpp_pkg/lib/my_cpp_pkg/LED_panel
[1.190s] -- Up-to-date: /home/parallels/ros2_ws/ROS2_Humble/install/my_cpp_pkg/share/ament_index/resource_index/package_run_dependencies/my_cpp_pkg
[1.190s] -- Installing: /home/parallels/ros2_ws/ROS2_Humble/install/my_cpp_pkg/share/ament_index/resource_index/parent_prefix_path/my_cpp_pkg
[1.190s] -- Up-to-date: /home/parallels/ros2_ws/ROS2_Humble/install/my_cpp_pkg/share/my_cpp_pkg/environment/ament_prefix_path.sh
[1.190s] -- Installing: /home/parallels/ros2_ws/ROS2_Humble/install/my_cpp_pkg/share/my_cpp_pkg/environment/ament_prefix_path.dsv
[1.190s] -- Up-to-date: /home/parallels/ros2_ws/ROS2_Humble/install/my_cpp_pkg/share/my_cpp_pkg/environment/path.sh
[1.190s] -- Installing: /home/parallels/ros2_ws/ROS2_Humble/install/my_cpp_pkg/share/my_cpp_pkg/environment/path.dsv
[1.191s] -- Up-to-date: /home/parallels/ros2_ws/ROS2_Humble/install/my_cpp_pkg/share/my_cpp_pkg/local_setup.bash
[1.191s] -- Up-to-date: /home/parallels/ros2_ws/ROS2_Humble/install/my_cpp_pkg/share/my_cpp_pkg/local_setup.sh
[1.191s] -- Up-to-date: /home/parallels/ros2_ws/ROS2_Humble/install/my_cpp_pkg/share/my_cpp_pkg/local_setup.zsh
[1.191s] -- Installing: /home/parallels/ros2_ws/ROS2_Humble/install/my_cpp_pkg/share/my_cpp_pkg/local_setup.dsv
[1.191s] -- Installing: /home/parallels/ros2_ws/ROS2_Humble/install/my_cpp_pkg/share/my_cpp_pkg/package.dsv
[1.191s] -- Up-to-date: /home/parallels/ros2_ws/ROS2_Humble/install/my_cpp_pkg/share/ament_index/resource_index/packages/my_cpp_pkg
[1.191s] -- Up-to-date: /home/parallels/ros2_ws/ROS2_Humble/install/my_cpp_pkg/share/my_cpp_pkg/cmake/my_cpp_pkgConfig.cmake
[1.191s] -- Up-to-date: /home/parallels/ros2_ws/ROS2_Humble/install/my_cpp_pkg/share/my_cpp_pkg/cmake/my_cpp_pkgConfig-version.cmake
[1.191s] -- Up-to-date: /home/parallels/ros2_ws/ROS2_Humble/install/my_cpp_pkg/share/my_cpp_pkg/package.xml
[1.194s] Invoked command in '/home/parallels/ros2_ws/ROS2_Humble/build/my_cpp_pkg' returned '0': CMAKE_PREFIX_PATH=/home/parallels/ros2_ws/ROS2_Humble/install/my_robot_interfaces:/home/parallels/ros2_ws/ROS2_Humble/install/turtlecatch_bringup:/home/parallels/ros2_ws/ROS2_Humble/install/polygon_plugins:/home/parallels/ros2_ws/ROS2_Humble/install/polygon_base:/home/parallels/ros2_ws/ROS2_Humble/install/my_robot_station_bringup:/home/parallels/ros2_ws/ROS2_Humble/install/my_robot_lifecycle_bringup:/home/parallels/ros2_ws/ROS2_Humble/install/my_robot_bringup:/home/parallels/ros2_ws/ROS2_Humble/install/my_cpp_pkg:/home/parallels/ros2_ws/ROS2_Humble/install/actions_cpp:/home/parallels/ros2_ws/ROS2_Humble/install/my_robot_bringup_gazebo:/home/parallels/ros2_ws/ROS2_Humble/install/my_robot_description:/home/parallels/ros2_ws/ROS2_Humble/install/lifecycle_cpp:/home/parallels/ros2_ws/ROS2_Humble/install/add_two_ints_cpp:/usr:/home/parallels/ros2_ws/ROS2_Humble/install/turtlesim_catch_them_all:/home/parallels/ros2_ws/ROS2_Humble/install/number_counter:/home/parallels/ros2_ws/ROS2_Humble/install/my_py_pkg:/home/parallels/ros2_ws/ROS2_Humble/install/actions_py:/home/parallels/ros2_ws/ROS2_Humble/install/lifecycle_py:/home/parallels/ros2_ws/ROS2_Humble/install/add_two_ints:/opt/ros/humble LD_LIBRARY_PATH=/home/parallels/ros2_ws/ROS2_Humble/install/my_robot_interfaces/lib:/home/parallels/ros2_ws/ROS2_Humble/install/polygon_plugins/lib:/opt/ros/humble/opt/rviz_ogre_vendor/lib:/opt/ros/humble/lib/aarch64-linux-gnu:/opt/ros/humble/lib /usr/bin/cmake --install /home/parallels/ros2_ws/ROS2_Humble/build/my_cpp_pkg
