[0.032s] Invoking command in '/home/parallels/ros2_ws/build/polygon_plugins': AMENT_PREFIX_PATH=/home/parallels/ros2_ws/install/polygon_base:${AMENT_PREFIX_PATH} CMAKE_PREFIX_PATH=/home/parallels/ros2_ws/install/polygon_base:/home/parallels/ros2_ws/install/urdf_sim_tutorial:/usr:/opt/ros/humble /usr/bin/cmake /home/parallels/ros2_ws/src/polygon_plugins -DCMAKE_INSTALL_PREFIX=/home/parallels/ros2_ws/install/polygon_plugins
[0.214s] -- The C compiler identification is GNU 11.4.0
[0.338s] -- The CXX compiler identification is GNU 11.4.0
[0.360s] -- Detecting C compiler ABI info
[0.650s] -- Detecting C compiler ABI info - done
[0.655s] -- Check for working C compiler: /usr/bin/cc - skipped
[0.655s] -- Detecting C compile features
[0.655s] -- Detecting C compile features - done
[0.658s] -- Detecting CXX compiler ABI info
[1.036s] -- Detecting CXX compiler ABI info - done
[1.037s] -- Check for working CXX compiler: /usr/bin/c++ - skipped
[1.037s] -- Detecting CXX compile features
[1.038s] -- Detecting CXX compile features - done
[1.062s] -- Found ament_cmake: 1.3.11 (/opt/ros/humble/share/ament_cmake/cmake)
[1.342s] -- Found Python3: /usr/bin/python3 (found version "3.10.12") found components: Interpreter 
[1.541s] -- Found ament_cmake_ros: 0.10.0 (/opt/ros/humble/share/ament_cmake_ros/cmake)
[1.578s] -- Found polygon_base: 0.0.0 (/home/parallels/ros2_ws/install/polygon_base/share/polygon_base/cmake)
[1.582s] -- Found pluginlib: 5.1.0 (/opt/ros/humble/share/pluginlib/cmake)
[1.651s] -- Found ament_lint_auto: 0.12.11 (/opt/ros/humble/share/ament_lint_auto/cmake)
[1.738s] -- Configuring done
[1.742s] -- Generating done
[1.743s] -- Build files have been written to: /home/parallels/ros2_ws/build/polygon_plugins
[1.752s] Invoked command in '/home/parallels/ros2_ws/build/polygon_plugins' returned '0': AMENT_PREFIX_PATH=/home/parallels/ros2_ws/install/polygon_base:${AMENT_PREFIX_PATH} CMAKE_PREFIX_PATH=/home/parallels/ros2_ws/install/polygon_base:/home/parallels/ros2_ws/install/urdf_sim_tutorial:/usr:/opt/ros/humble /usr/bin/cmake /home/parallels/ros2_ws/src/polygon_plugins -DCMAKE_INSTALL_PREFIX=/home/parallels/ros2_ws/install/polygon_plugins
[1.752s] Invoking command in '/home/parallels/ros2_ws/build/polygon_plugins': AMENT_PREFIX_PATH=/home/parallels/ros2_ws/install/polygon_base:${AMENT_PREFIX_PATH} CMAKE_PREFIX_PATH=/home/parallels/ros2_ws/install/polygon_base:/home/parallels/ros2_ws/install/urdf_sim_tutorial:/usr:/opt/ros/humble /usr/bin/cmake --build /home/parallels/ros2_ws/build/polygon_plugins -- -j4 -l4
[1.974s] [ 50%] [32mBuilding CXX object CMakeFiles/polygon_plugins.dir/src/polygon_plugins.cpp.o[0m
[2.608s] [100%] [32m[1mLinking CXX shared library libpolygon_plugins.so[0m
[2.735s] [100%] Built target polygon_plugins
[2.777s] Invoked command in '/home/parallels/ros2_ws/build/polygon_plugins' returned '0': AMENT_PREFIX_PATH=/home/parallels/ros2_ws/install/polygon_base:${AMENT_PREFIX_PATH} CMAKE_PREFIX_PATH=/home/parallels/ros2_ws/install/polygon_base:/home/parallels/ros2_ws/install/urdf_sim_tutorial:/usr:/opt/ros/humble /usr/bin/cmake --build /home/parallels/ros2_ws/build/polygon_plugins -- -j4 -l4
[2.777s] Invoking command in '/home/parallels/ros2_ws/build/polygon_plugins': AMENT_PREFIX_PATH=/home/parallels/ros2_ws/install/polygon_base:${AMENT_PREFIX_PATH} CMAKE_PREFIX_PATH=/home/parallels/ros2_ws/install/polygon_base:/home/parallels/ros2_ws/install/urdf_sim_tutorial:/usr:/opt/ros/humble /usr/bin/cmake --install /home/parallels/ros2_ws/build/polygon_plugins
[2.801s] -- Install configuration: ""
[2.801s] -- Installing: /home/parallels/ros2_ws/install/polygon_plugins/share/polygon_plugins/plugins.xml
[2.801s] -- Installing: /home/parallels/ros2_ws/install/polygon_plugins/include
[2.801s] -- Installing: /home/parallels/ros2_ws/install/polygon_plugins/include/polygon_plugins
[2.801s] -- Installing: /home/parallels/ros2_ws/install/polygon_plugins/include/polygon_plugins/polygon_plugins.hpp
[2.801s] -- Installing: /home/parallels/ros2_ws/install/polygon_plugins/include/polygon_plugins/visibility_control.h
[2.801s] -- Installing: /home/parallels/ros2_ws/install/polygon_plugins/lib/libpolygon_plugins.so
[2.801s] -- Set runtime path of "/home/parallels/ros2_ws/install/polygon_plugins/lib/libpolygon_plugins.so" to ""
[2.801s] -- Installing: /home/parallels/ros2_ws/install/polygon_plugins/share/polygon_plugins/environment/library_path.sh
[2.801s] -- Installing: /home/parallels/ros2_ws/install/polygon_plugins/share/polygon_plugins/environment/library_path.dsv
[2.802s] -- Installing: /home/parallels/ros2_ws/install/polygon_plugins/share/ament_index/resource_index/package_run_dependencies/polygon_plugins
[2.802s] -- Installing: /home/parallels/ros2_ws/install/polygon_plugins/share/ament_index/resource_index/parent_prefix_path/polygon_plugins
[2.802s] -- Installing: /home/parallels/ros2_ws/install/polygon_plugins/share/polygon_plugins/environment/ament_prefix_path.sh
[2.802s] -- Installing: /home/parallels/ros2_ws/install/polygon_plugins/share/polygon_plugins/environment/ament_prefix_path.dsv
[2.802s] -- Installing: /home/parallels/ros2_ws/install/polygon_plugins/share/polygon_plugins/environment/path.sh
[2.802s] -- Installing: /home/parallels/ros2_ws/install/polygon_plugins/share/polygon_plugins/environment/path.dsv
[2.802s] -- Installing: /home/parallels/ros2_ws/install/polygon_plugins/share/polygon_plugins/local_setup.bash
[2.802s] -- Installing: /home/parallels/ros2_ws/install/polygon_plugins/share/polygon_plugins/local_setup.sh
[2.802s] -- Installing: /home/parallels/ros2_ws/install/polygon_plugins/share/polygon_plugins/local_setup.zsh
[2.802s] -- Installing: /home/parallels/ros2_ws/install/polygon_plugins/share/polygon_plugins/local_setup.dsv
[2.802s] -- Installing: /home/parallels/ros2_ws/install/polygon_plugins/share/polygon_plugins/package.dsv
[2.802s] -- Installing: /home/parallels/ros2_ws/install/polygon_plugins/share/ament_index/resource_index/packages/polygon_plugins
[2.802s] -- Installing: /home/parallels/ros2_ws/install/polygon_plugins/share/ament_index/resource_index/polygon_base__pluginlib__plugin/polygon_plugins
[2.802s] -- Installing: /home/parallels/ros2_ws/install/polygon_plugins/share/polygon_plugins/cmake/export_polygon_pluginsExport.cmake
[2.802s] -- Installing: /home/parallels/ros2_ws/install/polygon_plugins/share/polygon_plugins/cmake/export_polygon_pluginsExport-noconfig.cmake
[2.802s] -- Installing: /home/parallels/ros2_ws/install/polygon_plugins/share/polygon_plugins/cmake/ament_cmake_export_include_directories-extras.cmake
[2.802s] -- Installing: /home/parallels/ros2_ws/install/polygon_plugins/share/polygon_plugins/cmake/ament_cmake_export_libraries-extras.cmake
[2.802s] -- Installing: /home/parallels/ros2_ws/install/polygon_plugins/share/polygon_plugins/cmake/ament_cmake_export_targets-extras.cmake
[2.802s] -- Installing: /home/parallels/ros2_ws/install/polygon_plugins/share/polygon_plugins/cmake/polygon_pluginsConfig.cmake
[2.802s] -- Installing: /home/parallels/ros2_ws/install/polygon_plugins/share/polygon_plugins/cmake/polygon_pluginsConfig-version.cmake
[2.802s] -- Installing: /home/parallels/ros2_ws/install/polygon_plugins/share/polygon_plugins/package.xml
[2.803s] Invoked command in '/home/parallels/ros2_ws/build/polygon_plugins' returned '0': AMENT_PREFIX_PATH=/home/parallels/ros2_ws/install/polygon_base:${AMENT_PREFIX_PATH} CMAKE_PREFIX_PATH=/home/parallels/ros2_ws/install/polygon_base:/home/parallels/ros2_ws/install/urdf_sim_tutorial:/usr:/opt/ros/humble /usr/bin/cmake --install /home/parallels/ros2_ws/build/polygon_plugins
