[0.161s] Invoking command in '/home/parallels/ros2_ws/ROS2_Humble/build/my_robot_description': CMAKE_PREFIX_PATH=${CMAKE_PREFIX_PATH}:/home/parallels/ros2_humble/install/lifecycle_py:/home/parallels/ros2_ws/install/turtlesim_catch_them_all:/home/parallels/ros2_ws/install/number_counter:/home/parallels/ros2_ws/install/my_py_pkg:/home/parallels/ros2_ws/install/actions_py:/home/parallels/ros2_ws/install/add_two_ints:/opt/ros/humble /usr/bin/cmake /home/parallels/ros2_ws/ROS2_Humble/src/my_robot_description -DCMAKE_INSTALL_PREFIX=/home/parallels/ros2_ws/ROS2_Humble/install/my_robot_description
[0.479s] -- The C compiler identification is GNU 11.4.0
[0.479s] -- The CXX compiler identification is GNU 11.4.0
[0.479s] -- Detecting C compiler ABI info
[0.479s] -- Detecting C compiler ABI info - done
[0.479s] -- Check for working C compiler: /usr/bin/cc - skipped
[0.479s] -- Detecting C compile features
[0.479s] -- Detecting C compile features - done
[0.479s] -- Detecting CXX compiler ABI info
[0.480s] -- Detecting CXX compiler ABI info - done
[0.480s] -- Check for working CXX compiler: /usr/bin/c++ - skipped
[0.480s] -- Detecting CXX compile features
[0.480s] -- Detecting CXX compile features - done
[0.480s] -- Found ament_cmake: 1.3.11 (/opt/ros/humble/share/ament_cmake/cmake)
[0.480s] -- Found Python3: /usr/bin/python3 (found version "3.10.12") found components: Interpreter 
[0.695s] -- Configuring done
[0.703s] -- Generating done
[0.707s] -- Build files have been written to: /home/parallels/ros2_ws/ROS2_Humble/build/my_robot_description
[0.710s] Invoked command in '/home/parallels/ros2_ws/ROS2_Humble/build/my_robot_description' returned '0': CMAKE_PREFIX_PATH=${CMAKE_PREFIX_PATH}:/home/parallels/ros2_humble/install/lifecycle_py:/home/parallels/ros2_ws/install/turtlesim_catch_them_all:/home/parallels/ros2_ws/install/number_counter:/home/parallels/ros2_ws/install/my_py_pkg:/home/parallels/ros2_ws/install/actions_py:/home/parallels/ros2_ws/install/add_two_ints:/opt/ros/humble /usr/bin/cmake /home/parallels/ros2_ws/ROS2_Humble/src/my_robot_description -DCMAKE_INSTALL_PREFIX=/home/parallels/ros2_ws/ROS2_Humble/install/my_robot_description
[0.711s] Invoking command in '/home/parallels/ros2_ws/ROS2_Humble/build/my_robot_description': CMAKE_PREFIX_PATH=${CMAKE_PREFIX_PATH}:/home/parallels/ros2_humble/install/lifecycle_py:/home/parallels/ros2_ws/install/turtlesim_catch_them_all:/home/parallels/ros2_ws/install/number_counter:/home/parallels/ros2_ws/install/my_py_pkg:/home/parallels/ros2_ws/install/actions_py:/home/parallels/ros2_ws/install/add_two_ints:/opt/ros/humble /usr/bin/cmake --build /home/parallels/ros2_ws/ROS2_Humble/build/my_robot_description -- -j8 -l8
[0.782s] Invoked command in '/home/parallels/ros2_ws/ROS2_Humble/build/my_robot_description' returned '0': CMAKE_PREFIX_PATH=${CMAKE_PREFIX_PATH}:/home/parallels/ros2_humble/install/lifecycle_py:/home/parallels/ros2_ws/install/turtlesim_catch_them_all:/home/parallels/ros2_ws/install/number_counter:/home/parallels/ros2_ws/install/my_py_pkg:/home/parallels/ros2_ws/install/actions_py:/home/parallels/ros2_ws/install/add_two_ints:/opt/ros/humble /usr/bin/cmake --build /home/parallels/ros2_ws/ROS2_Humble/build/my_robot_description -- -j8 -l8
[0.792s] Invoking command in '/home/parallels/ros2_ws/ROS2_Humble/build/my_robot_description': CMAKE_PREFIX_PATH=${CMAKE_PREFIX_PATH}:/home/parallels/ros2_humble/install/lifecycle_py:/home/parallels/ros2_ws/install/turtlesim_catch_them_all:/home/parallels/ros2_ws/install/number_counter:/home/parallels/ros2_ws/install/my_py_pkg:/home/parallels/ros2_ws/install/actions_py:/home/parallels/ros2_ws/install/add_two_ints:/opt/ros/humble /usr/bin/cmake --install /home/parallels/ros2_ws/ROS2_Humble/build/my_robot_description
[0.799s] -- Install configuration: ""
[0.799s] -- Up-to-date: /home/parallels/ros2_ws/ROS2_Humble/install/my_robot_description/share/my_robot_description//urdf
[0.799s] -- Up-to-date: /home/parallels/ros2_ws/ROS2_Humble/install/my_robot_description/share/my_robot_description//urdf/mobile_base.xacro
[0.799s] -- Up-to-date: /home/parallels/ros2_ws/ROS2_Humble/install/my_robot_description/share/my_robot_description//urdf/rrobot
[0.799s] -- Up-to-date: /home/parallels/ros2_ws/ROS2_Humble/install/my_robot_description/share/my_robot_description//urdf/rrobot/rrbot.xacro
[0.800s] -- Up-to-date: /home/parallels/ros2_ws/ROS2_Humble/install/my_robot_description/share/my_robot_description//urdf/rrobot/rrbot.gazebo
[0.800s] -- Up-to-date: /home/parallels/ros2_ws/ROS2_Humble/install/my_robot_description/share/my_robot_description//urdf/rrobot/materials.xacro
[0.800s] -- Up-to-date: /home/parallels/ros2_ws/ROS2_Humble/install/my_robot_description/share/my_robot_description//urdf/rrobot/rrbot.xml
[0.800s] -- Up-to-date: /home/parallels/ros2_ws/ROS2_Humble/install/my_robot_description/share/my_robot_description//urdf/two_wheeled_robot.urdf
[0.800s] -- Up-to-date: /home/parallels/ros2_ws/ROS2_Humble/install/my_robot_description/share/my_robot_description//urdf/mobile_base_gazebo.xacro
[0.800s] -- Up-to-date: /home/parallels/ros2_ws/ROS2_Humble/install/my_robot_description/share/my_robot_description//urdf/arm_gazebo.xacro
[0.800s] -- Up-to-date: /home/parallels/ros2_ws/ROS2_Humble/install/my_robot_description/share/my_robot_description//urdf/my_robot.urdf.xacro
[0.800s] -- Up-to-date: /home/parallels/ros2_ws/ROS2_Humble/install/my_robot_description/share/my_robot_description//urdf/mobile_arm.xacro
[0.800s] -- Up-to-date: /home/parallels/ros2_ws/ROS2_Humble/install/my_robot_description/share/my_robot_description//urdf/mobile_arm.urdf.xacro
[0.800s] -- Up-to-date: /home/parallels/ros2_ws/ROS2_Humble/install/my_robot_description/share/my_robot_description//urdf/common_properties.xacro
[0.800s] -- Up-to-date: /home/parallels/ros2_ws/ROS2_Humble/install/my_robot_description/share/my_robot_description//urdf/camera.sdf
[0.800s] -- Up-to-date: /home/parallels/ros2_ws/ROS2_Humble/install/my_robot_description/share/my_robot_description//urdf/camera.xacro
[0.800s] -- Up-to-date: /home/parallels/ros2_ws/ROS2_Humble/install/my_robot_description/share/my_robot_description//launch
[0.800s] -- Up-to-date: /home/parallels/ros2_ws/ROS2_Humble/install/my_robot_description/share/my_robot_description//launch/display_arm.launch.xml
[0.800s] -- Up-to-date: /home/parallels/ros2_ws/ROS2_Humble/install/my_robot_description/share/my_robot_description//launch/display.launch.xml
[0.801s] -- Up-to-date: /home/parallels/ros2_ws/ROS2_Humble/install/my_robot_description/share/my_robot_description//launch/display.launch.py
[0.801s] -- Up-to-date: /home/parallels/ros2_ws/ROS2_Humble/install/my_robot_description/share/my_robot_description//rviz
[0.801s] -- Up-to-date: /home/parallels/ros2_ws/ROS2_Humble/install/my_robot_description/share/my_robot_description//rviz/robo_config.rviz
[0.801s] -- Up-to-date: /home/parallels/ros2_ws/ROS2_Humble/install/my_robot_description/share/my_robot_description//worlds
[0.801s] -- Up-to-date: /home/parallels/ros2_ws/ROS2_Humble/install/my_robot_description/share/my_robot_description//worlds/test_world.sdf
[0.801s] -- Up-to-date: /home/parallels/ros2_ws/ROS2_Humble/install/my_robot_description/share/ament_index/resource_index/package_run_dependencies/my_robot_description
[0.801s] -- Up-to-date: /home/parallels/ros2_ws/ROS2_Humble/install/my_robot_description/share/ament_index/resource_index/parent_prefix_path/my_robot_description
[0.801s] -- Up-to-date: /home/parallels/ros2_ws/ROS2_Humble/install/my_robot_description/share/my_robot_description/environment/ament_prefix_path.sh
[0.801s] -- Installing: /home/parallels/ros2_ws/ROS2_Humble/install/my_robot_description/share/my_robot_description/environment/ament_prefix_path.dsv
[0.802s] -- Up-to-date: /home/parallels/ros2_ws/ROS2_Humble/install/my_robot_description/share/my_robot_description/environment/path.sh
[0.802s] -- Installing: /home/parallels/ros2_ws/ROS2_Humble/install/my_robot_description/share/my_robot_description/environment/path.dsv
[0.802s] -- Up-to-date: /home/parallels/ros2_ws/ROS2_Humble/install/my_robot_description/share/my_robot_description/local_setup.bash
[0.802s] -- Up-to-date: /home/parallels/ros2_ws/ROS2_Humble/install/my_robot_description/share/my_robot_description/local_setup.sh
[0.802s] -- Up-to-date: /home/parallels/ros2_ws/ROS2_Humble/install/my_robot_description/share/my_robot_description/local_setup.zsh
[0.802s] -- Installing: /home/parallels/ros2_ws/ROS2_Humble/install/my_robot_description/share/my_robot_description/local_setup.dsv
[0.802s] -- Installing: /home/parallels/ros2_ws/ROS2_Humble/install/my_robot_description/share/my_robot_description/package.dsv
[0.802s] -- Up-to-date: /home/parallels/ros2_ws/ROS2_Humble/install/my_robot_description/share/ament_index/resource_index/packages/my_robot_description
[0.803s] -- Up-to-date: /home/parallels/ros2_ws/ROS2_Humble/install/my_robot_description/share/my_robot_description/cmake/my_robot_descriptionConfig.cmake
[0.803s] -- Up-to-date: /home/parallels/ros2_ws/ROS2_Humble/install/my_robot_description/share/my_robot_description/cmake/my_robot_descriptionConfig-version.cmake
[0.803s] -- Up-to-date: /home/parallels/ros2_ws/ROS2_Humble/install/my_robot_description/share/my_robot_description/package.xml
[0.813s] Invoked command in '/home/parallels/ros2_ws/ROS2_Humble/build/my_robot_description' returned '0': CMAKE_PREFIX_PATH=${CMAKE_PREFIX_PATH}:/home/parallels/ros2_humble/install/lifecycle_py:/home/parallels/ros2_ws/install/turtlesim_catch_them_all:/home/parallels/ros2_ws/install/number_counter:/home/parallels/ros2_ws/install/my_py_pkg:/home/parallels/ros2_ws/install/actions_py:/home/parallels/ros2_ws/install/add_two_ints:/opt/ros/humble /usr/bin/cmake --install /home/parallels/ros2_ws/ROS2_Humble/build/my_robot_description
