[0.004s] Invoking command in '/home/parallels/ros2_ws/build/my_robot_description': CMAKE_PREFIX_PATH=${CMAKE_PREFIX_PATH}:/home/parallels/ros2_ws/install/turtlesim_catch_them_all:/home/parallels/ros2_ws/install/number_counter:/home/parallels/ros2_ws/install/my_py_pkg:/home/parallels/ros2_ws/install/add_two_ints:/opt/ros/humble /usr/bin/cmake /home/parallels/ros2_ws/src/my_robot_description -DAMENT_CMAKE_SYMLINK_INSTALL=1 -DCMAKE_INSTALL_PREFIX=/home/parallels/ros2_ws/install/my_robot_description
[0.014s] -- Found ament_cmake: 1.3.11 (/opt/ros/humble/share/ament_cmake/cmake)
[0.076s] -- Override CMake install command with custom implementation using symlinks instead of copying resources
[0.110s] -- Configuring done
[0.112s] -- Generating done
[0.113s] -- Build files have been written to: /home/parallels/ros2_ws/build/my_robot_description
[0.121s] Invoked command in '/home/parallels/ros2_ws/build/my_robot_description' returned '0': CMAKE_PREFIX_PATH=${CMAKE_PREFIX_PATH}:/home/parallels/ros2_ws/install/turtlesim_catch_them_all:/home/parallels/ros2_ws/install/number_counter:/home/parallels/ros2_ws/install/my_py_pkg:/home/parallels/ros2_ws/install/add_two_ints:/opt/ros/humble /usr/bin/cmake /home/parallels/ros2_ws/src/my_robot_description -DAMENT_CMAKE_SYMLINK_INSTALL=1 -DCMAKE_INSTALL_PREFIX=/home/parallels/ros2_ws/install/my_robot_description
[0.121s] Invoking command in '/home/parallels/ros2_ws/build/my_robot_description': CMAKE_PREFIX_PATH=${CMAKE_PREFIX_PATH}:/home/parallels/ros2_ws/install/turtlesim_catch_them_all:/home/parallels/ros2_ws/install/number_counter:/home/parallels/ros2_ws/install/my_py_pkg:/home/parallels/ros2_ws/install/add_two_ints:/opt/ros/humble /usr/bin/cmake --build /home/parallels/ros2_ws/build/my_robot_description -- -j4 -l4
[0.141s] Invoked command in '/home/parallels/ros2_ws/build/my_robot_description' returned '0': CMAKE_PREFIX_PATH=${CMAKE_PREFIX_PATH}:/home/parallels/ros2_ws/install/turtlesim_catch_them_all:/home/parallels/ros2_ws/install/number_counter:/home/parallels/ros2_ws/install/my_py_pkg:/home/parallels/ros2_ws/install/add_two_ints:/opt/ros/humble /usr/bin/cmake --build /home/parallels/ros2_ws/build/my_robot_description -- -j4 -l4
[0.146s] Invoking command in '/home/parallels/ros2_ws/build/my_robot_description': CMAKE_PREFIX_PATH=${CMAKE_PREFIX_PATH}:/home/parallels/ros2_ws/install/turtlesim_catch_them_all:/home/parallels/ros2_ws/install/number_counter:/home/parallels/ros2_ws/install/my_py_pkg:/home/parallels/ros2_ws/install/add_two_ints:/opt/ros/humble /usr/bin/cmake --install /home/parallels/ros2_ws/build/my_robot_description
[0.149s] -- Install configuration: ""
[0.149s] -- Execute custom install script
[0.149s] -- Symlinking: /home/parallels/ros2_ws/install/my_robot_description/share/my_robot_description//urdf/common_properties.xacro
[0.152s] -- Symlinking: /home/parallels/ros2_ws/install/my_robot_description/share/my_robot_description//urdf/mobile_base.xacro
[0.155s] -- Symlinking: /home/parallels/ros2_ws/install/my_robot_description/share/my_robot_description//urdf/my_robot.urdf.xacro
[0.158s] -- Symlinking: /home/parallels/ros2_ws/install/my_robot_description/share/my_robot_description//urdf/rrobot/materials.xacro
[0.161s] -- Symlinking: /home/parallels/ros2_ws/install/my_robot_description/share/my_robot_description//urdf/rrobot/rrbot.gazebo
[0.165s] -- Symlinking: /home/parallels/ros2_ws/install/my_robot_description/share/my_robot_description//urdf/rrobot/rrbot.xacro
[0.168s] -- Symlinking: /home/parallels/ros2_ws/install/my_robot_description/share/my_robot_description//urdf/rrobot/rrbot.xml
[0.171s] -- Symlinking: /home/parallels/ros2_ws/install/my_robot_description/share/my_robot_description//urdf/two_wheeled_robot.urdf
[0.174s] -- Symlinking: /home/parallels/ros2_ws/install/my_robot_description/share/my_robot_description//launch/display.launch.py
[0.177s] -- Symlinking: /home/parallels/ros2_ws/install/my_robot_description/share/my_robot_description//launch/display.launch.xml
[0.180s] -- Symlinking: /home/parallels/ros2_ws/install/my_robot_description/share/my_robot_description//rviz/robo_config.rviz
[0.183s] -- Symlinking: /home/parallels/ros2_ws/install/my_robot_description/share/ament_index/resource_index/package_run_dependencies/my_robot_description
[0.186s] -- Symlinking: /home/parallels/ros2_ws/install/my_robot_description/share/ament_index/resource_index/parent_prefix_path/my_robot_description
[0.189s] -- Symlinking: /home/parallels/ros2_ws/install/my_robot_description/share/my_robot_description/environment/ament_prefix_path.sh
[0.192s] -- Symlinking: /home/parallels/ros2_ws/install/my_robot_description/share/my_robot_description/environment/ament_prefix_path.dsv
[0.195s] -- Symlinking: /home/parallels/ros2_ws/install/my_robot_description/share/my_robot_description/environment/path.sh
[0.198s] -- Symlinking: /home/parallels/ros2_ws/install/my_robot_description/share/my_robot_description/environment/path.dsv
[0.201s] -- Symlinking: /home/parallels/ros2_ws/install/my_robot_description/share/my_robot_description/local_setup.bash
[0.204s] -- Symlinking: /home/parallels/ros2_ws/install/my_robot_description/share/my_robot_description/local_setup.sh
[0.206s] -- Symlinking: /home/parallels/ros2_ws/install/my_robot_description/share/my_robot_description/local_setup.zsh
[0.209s] -- Symlinking: /home/parallels/ros2_ws/install/my_robot_description/share/my_robot_description/local_setup.dsv
[0.212s] -- Symlinking: /home/parallels/ros2_ws/install/my_robot_description/share/my_robot_description/package.dsv
[0.215s] -- Symlinking: /home/parallels/ros2_ws/install/my_robot_description/share/ament_index/resource_index/packages/my_robot_description
[0.218s] -- Symlinking: /home/parallels/ros2_ws/install/my_robot_description/share/my_robot_description/cmake/my_robot_descriptionConfig.cmake
[0.221s] -- Symlinking: /home/parallels/ros2_ws/install/my_robot_description/share/my_robot_description/cmake/my_robot_descriptionConfig-version.cmake
[0.224s] -- Symlinking: /home/parallels/ros2_ws/install/my_robot_description/share/my_robot_description/package.xml
[0.233s] Invoked command in '/home/parallels/ros2_ws/build/my_robot_description' returned '0': CMAKE_PREFIX_PATH=${CMAKE_PREFIX_PATH}:/home/parallels/ros2_ws/install/turtlesim_catch_them_all:/home/parallels/ros2_ws/install/number_counter:/home/parallels/ros2_ws/install/my_py_pkg:/home/parallels/ros2_ws/install/add_two_ints:/opt/ros/humble /usr/bin/cmake --install /home/parallels/ros2_ws/build/my_robot_description
