running egg_info
creating ../../build/add_two_ints/add_two_ints.egg-info
writing ../../build/add_two_ints/add_two_ints.egg-info/PKG-INFO
writing dependency_links to ../../build/add_two_ints/add_two_ints.egg-info/dependency_links.txt
writing entry points to ../../build/add_two_ints/add_two_ints.egg-info/entry_points.txt
writing requirements to ../../build/add_two_ints/add_two_ints.egg-info/requires.txt
writing top-level names to ../../build/add_two_ints/add_two_ints.egg-info/top_level.txt
writing manifest file '../../build/add_two_ints/add_two_ints.egg-info/SOURCES.txt'
reading manifest file '../../build/add_two_ints/add_two_ints.egg-info/SOURCES.txt'
writing manifest file '../../build/add_two_ints/add_two_ints.egg-info/SOURCES.txt'
running build
running build_py
creating /home/parallels/ros2_ws/ROS2_Humble/build/add_two_ints/build
creating /home/parallels/ros2_ws/ROS2_Humble/build/add_two_ints/build/lib
creating /home/parallels/ros2_ws/ROS2_Humble/build/add_two_ints/build/lib/add_two_ints
copying add_two_ints/__init__.py -> /home/parallels/ros2_ws/ROS2_Humble/build/add_two_ints/build/lib/add_two_ints
copying add_two_ints/add_two_ints_client.py -> /home/parallels/ros2_ws/ROS2_Humble/build/add_two_ints/build/lib/add_two_ints
copying add_two_ints/add_two_ints_server.py -> /home/parallels/ros2_ws/ROS2_Humble/build/add_two_ints/build/lib/add_two_ints
copying add_two_ints/add_two_ints_client_no_oop.py -> /home/parallels/ros2_ws/ROS2_Humble/build/add_two_ints/build/lib/add_two_ints
running install
running install_lib
creating /home/parallels/ros2_ws/ROS2_Humble/install/add_two_ints/lib/python3.10/site-packages/add_two_ints
copying /home/parallels/ros2_ws/ROS2_Humble/build/add_two_ints/build/lib/add_two_ints/__init__.py -> /home/parallels/ros2_ws/ROS2_Humble/install/add_two_ints/lib/python3.10/site-packages/add_two_ints
copying /home/parallels/ros2_ws/ROS2_Humble/build/add_two_ints/build/lib/add_two_ints/add_two_ints_client.py -> /home/parallels/ros2_ws/ROS2_Humble/install/add_two_ints/lib/python3.10/site-packages/add_two_ints
copying /home/parallels/ros2_ws/ROS2_Humble/build/add_two_ints/build/lib/add_two_ints/add_two_ints_server.py -> /home/parallels/ros2_ws/ROS2_Humble/install/add_two_ints/lib/python3.10/site-packages/add_two_ints
copying /home/parallels/ros2_ws/ROS2_Humble/build/add_two_ints/build/lib/add_two_ints/add_two_ints_client_no_oop.py -> /home/parallels/ros2_ws/ROS2_Humble/install/add_two_ints/lib/python3.10/site-packages/add_two_ints
byte-compiling /home/parallels/ros2_ws/ROS2_Humble/install/add_two_ints/lib/python3.10/site-packages/add_two_ints/__init__.py to __init__.cpython-310.pyc
byte-compiling /home/parallels/ros2_ws/ROS2_Humble/install/add_two_ints/lib/python3.10/site-packages/add_two_ints/add_two_ints_client.py to add_two_ints_client.cpython-310.pyc
byte-compiling /home/parallels/ros2_ws/ROS2_Humble/install/add_two_ints/lib/python3.10/site-packages/add_two_ints/add_two_ints_server.py to add_two_ints_server.cpython-310.pyc
byte-compiling /home/parallels/ros2_ws/ROS2_Humble/install/add_two_ints/lib/python3.10/site-packages/add_two_ints/add_two_ints_client_no_oop.py to add_two_ints_client_no_oop.cpython-310.pyc
running install_data
creating /home/parallels/ros2_ws/ROS2_Humble/install/add_two_ints/share/ament_index
creating /home/parallels/ros2_ws/ROS2_Humble/install/add_two_ints/share/ament_index/resource_index
creating /home/parallels/ros2_ws/ROS2_Humble/install/add_two_ints/share/ament_index/resource_index/packages
copying resource/add_two_ints -> /home/parallels/ros2_ws/ROS2_Humble/install/add_two_ints/share/ament_index/resource_index/packages
copying package.xml -> /home/parallels/ros2_ws/ROS2_Humble/install/add_two_ints/share/add_two_ints
running install_egg_info
Copying ../../build/add_two_ints/add_two_ints.egg-info to /home/parallels/ros2_ws/ROS2_Humble/install/add_two_ints/lib/python3.10/site-packages/add_two_ints-0.0.0-py3.10.egg-info
running install_scripts
Installing add_two_ints_client script to /home/parallels/ros2_ws/ROS2_Humble/install/add_two_ints/lib/add_two_ints
Installing add_two_ints_client_no_oop script to /home/parallels/ros2_ws/ROS2_Humble/install/add_two_ints/lib/add_two_ints
Installing add_two_ints_server script to /home/parallels/ros2_ws/ROS2_Humble/install/add_two_ints/lib/add_two_ints
writing list of installed files to '/home/parallels/ros2_ws/ROS2_Humble/build/add_two_ints/install.log'
