[0.899s] Invoking command in '/home/parallels/ros2_ws/ROS2_Humble/src/add_two_ints': PYTHONPATH=/home/parallels/ros2_ws/ROS2_Humble/build/add_two_ints/prefix_override:/usr/lib/python3/dist-packages/colcon_core/task/python/colcon_distutils_commands:/home/parallels/ros2_ws/ROS2_Humble/install/add_two_ints/lib/python3.10/site-packages:${PYTHONPATH} /usr/bin/python3 -W ignore:setup.py install is deprecated -W ignore:easy_install command is deprecated setup.py egg_info --egg-base ../../build/add_two_ints build --build-base /home/parallels/ros2_ws/ROS2_Humble/build/add_two_ints/build install --record /home/parallels/ros2_ws/ROS2_Humble/build/add_two_ints/install.log --single-version-externally-managed install_data
[1.148s] running egg_info
[1.148s] creating ../../build/add_two_ints/add_two_ints.egg-info
[1.148s] writing ../../build/add_two_ints/add_two_ints.egg-info/PKG-INFO
[1.148s] writing dependency_links to ../../build/add_two_ints/add_two_ints.egg-info/dependency_links.txt
[1.148s] writing entry points to ../../build/add_two_ints/add_two_ints.egg-info/entry_points.txt
[1.149s] writing requirements to ../../build/add_two_ints/add_two_ints.egg-info/requires.txt
[1.151s] writing top-level names to ../../build/add_two_ints/add_two_ints.egg-info/top_level.txt
[1.151s] writing manifest file '../../build/add_two_ints/add_two_ints.egg-info/SOURCES.txt'
[1.151s] reading manifest file '../../build/add_two_ints/add_two_ints.egg-info/SOURCES.txt'
[1.151s] writing manifest file '../../build/add_two_ints/add_two_ints.egg-info/SOURCES.txt'
[1.151s] running build
[1.151s] running build_py
[1.151s] creating /home/parallels/ros2_ws/ROS2_Humble/build/add_two_ints/build
[1.151s] creating /home/parallels/ros2_ws/ROS2_Humble/build/add_two_ints/build/lib
[1.151s] creating /home/parallels/ros2_ws/ROS2_Humble/build/add_two_ints/build/lib/add_two_ints
[1.151s] copying add_two_ints/__init__.py -> /home/parallels/ros2_ws/ROS2_Humble/build/add_two_ints/build/lib/add_two_ints
[1.151s] copying add_two_ints/add_two_ints_client.py -> /home/parallels/ros2_ws/ROS2_Humble/build/add_two_ints/build/lib/add_two_ints
[1.151s] copying add_two_ints/add_two_ints_server.py -> /home/parallels/ros2_ws/ROS2_Humble/build/add_two_ints/build/lib/add_two_ints
[1.151s] copying add_two_ints/add_two_ints_client_no_oop.py -> /home/parallels/ros2_ws/ROS2_Humble/build/add_two_ints/build/lib/add_two_ints
[1.151s] running install
[1.151s] running install_lib
[1.151s] creating /home/parallels/ros2_ws/ROS2_Humble/install/add_two_ints/lib/python3.10/site-packages/add_two_ints
[1.151s] copying /home/parallels/ros2_ws/ROS2_Humble/build/add_two_ints/build/lib/add_two_ints/__init__.py -> /home/parallels/ros2_ws/ROS2_Humble/install/add_two_ints/lib/python3.10/site-packages/add_two_ints
[1.151s] copying /home/parallels/ros2_ws/ROS2_Humble/build/add_two_ints/build/lib/add_two_ints/add_two_ints_client.py -> /home/parallels/ros2_ws/ROS2_Humble/install/add_two_ints/lib/python3.10/site-packages/add_two_ints
[1.152s] copying /home/parallels/ros2_ws/ROS2_Humble/build/add_two_ints/build/lib/add_two_ints/add_two_ints_server.py -> /home/parallels/ros2_ws/ROS2_Humble/install/add_two_ints/lib/python3.10/site-packages/add_two_ints
[1.152s] copying /home/parallels/ros2_ws/ROS2_Humble/build/add_two_ints/build/lib/add_two_ints/add_two_ints_client_no_oop.py -> /home/parallels/ros2_ws/ROS2_Humble/install/add_two_ints/lib/python3.10/site-packages/add_two_ints
[1.152s] byte-compiling /home/parallels/ros2_ws/ROS2_Humble/install/add_two_ints/lib/python3.10/site-packages/add_two_ints/__init__.py to __init__.cpython-310.pyc
[1.152s] byte-compiling /home/parallels/ros2_ws/ROS2_Humble/install/add_two_ints/lib/python3.10/site-packages/add_two_ints/add_two_ints_client.py to add_two_ints_client.cpython-310.pyc
[1.152s] byte-compiling /home/parallels/ros2_ws/ROS2_Humble/install/add_two_ints/lib/python3.10/site-packages/add_two_ints/add_two_ints_server.py to add_two_ints_server.cpython-310.pyc
[1.152s] byte-compiling /home/parallels/ros2_ws/ROS2_Humble/install/add_two_ints/lib/python3.10/site-packages/add_two_ints/add_two_ints_client_no_oop.py to add_two_ints_client_no_oop.cpython-310.pyc
[1.152s] running install_data
[1.152s] creating /home/parallels/ros2_ws/ROS2_Humble/install/add_two_ints/share/ament_index
[1.152s] creating /home/parallels/ros2_ws/ROS2_Humble/install/add_two_ints/share/ament_index/resource_index
[1.152s] creating /home/parallels/ros2_ws/ROS2_Humble/install/add_two_ints/share/ament_index/resource_index/packages
[1.152s] copying resource/add_two_ints -> /home/parallels/ros2_ws/ROS2_Humble/install/add_two_ints/share/ament_index/resource_index/packages
[1.152s] copying package.xml -> /home/parallels/ros2_ws/ROS2_Humble/install/add_two_ints/share/add_two_ints
[1.152s] running install_egg_info
[1.152s] Copying ../../build/add_two_ints/add_two_ints.egg-info to /home/parallels/ros2_ws/ROS2_Humble/install/add_two_ints/lib/python3.10/site-packages/add_two_ints-0.0.0-py3.10.egg-info
[1.152s] running install_scripts
[1.152s] Installing add_two_ints_client script to /home/parallels/ros2_ws/ROS2_Humble/install/add_two_ints/lib/add_two_ints
[1.152s] Installing add_two_ints_client_no_oop script to /home/parallels/ros2_ws/ROS2_Humble/install/add_two_ints/lib/add_two_ints
[1.152s] Installing add_two_ints_server script to /home/parallels/ros2_ws/ROS2_Humble/install/add_two_ints/lib/add_two_ints
[1.152s] writing list of installed files to '/home/parallels/ros2_ws/ROS2_Humble/build/add_two_ints/install.log'
[1.190s] Invoked command in '/home/parallels/ros2_ws/ROS2_Humble/src/add_two_ints' returned '0': PYTHONPATH=/home/parallels/ros2_ws/ROS2_Humble/build/add_two_ints/prefix_override:/usr/lib/python3/dist-packages/colcon_core/task/python/colcon_distutils_commands:/home/parallels/ros2_ws/ROS2_Humble/install/add_two_ints/lib/python3.10/site-packages:${PYTHONPATH} /usr/bin/python3 -W ignore:setup.py install is deprecated -W ignore:easy_install command is deprecated setup.py egg_info --egg-base ../../build/add_two_ints build --build-base /home/parallels/ros2_ws/ROS2_Humble/build/add_two_ints/build install --record /home/parallels/ros2_ws/ROS2_Humble/build/add_two_ints/install.log --single-version-externally-managed install_data
