[0.266s] Invoking command in '/home/parallels/ros2_ws/build/my_py_pkg': PYTHONPATH=/home/parallels/ros2_ws/build/my_py_pkg/prefix_override:/usr/lib/python3/dist-packages/colcon_core/task/python/colcon_distutils_commands:/home/parallels/ros2_ws/install/my_py_pkg/lib/python3.10/site-packages:${PYTHONPATH} /usr/bin/python3 -W ignore:setup.py install is deprecated setup.py develop --uninstall --editable --build-directory /home/parallels/ros2_ws/build/my_py_pkg/build
[0.376s] running develop
[0.376s] /usr/lib/python3/dist-packages/setuptools/command/easy_install.py:158: EasyInstallDeprecationWarning: easy_install command is deprecated. Use build and pip and other standards-based tools.
[0.376s]   warnings.warn(
[0.440s] Removing /home/parallels/ros2_ws/install/my_py_pkg/lib/python3.10/site-packages/my-py-pkg.egg-link (link to .)
[0.453s] Invoked command in '/home/parallels/ros2_ws/build/my_py_pkg' returned '0': PYTHONPATH=/home/parallels/ros2_ws/build/my_py_pkg/prefix_override:/usr/lib/python3/dist-packages/colcon_core/task/python/colcon_distutils_commands:/home/parallels/ros2_ws/install/my_py_pkg/lib/python3.10/site-packages:${PYTHONPATH} /usr/bin/python3 -W ignore:setup.py install is deprecated setup.py develop --uninstall --editable --build-directory /home/parallels/ros2_ws/build/my_py_pkg/build
[0.454s] Invoking command in '/home/parallels/ros2_ws/src/my_py_pkg': PYTHONPATH=/home/parallels/ros2_ws/build/my_py_pkg/prefix_override:/usr/lib/python3/dist-packages/colcon_core/task/python/colcon_distutils_commands:/home/parallels/ros2_ws/install/my_py_pkg/lib/python3.10/site-packages:${PYTHONPATH} /usr/bin/python3 -W ignore:setup.py install is deprecated setup.py egg_info --egg-base ../../build/my_py_pkg build --build-base /home/parallels/ros2_ws/build/my_py_pkg/build install --record /home/parallels/ros2_ws/build/my_py_pkg/install.log --single-version-externally-managed install_data --force
[0.557s] running egg_info
[0.557s] writing ../../build/my_py_pkg/my_py_pkg.egg-info/PKG-INFO
[0.557s] writing dependency_links to ../../build/my_py_pkg/my_py_pkg.egg-info/dependency_links.txt
[0.557s] writing entry points to ../../build/my_py_pkg/my_py_pkg.egg-info/entry_points.txt
[0.557s] writing requirements to ../../build/my_py_pkg/my_py_pkg.egg-info/requires.txt
[0.557s] writing top-level names to ../../build/my_py_pkg/my_py_pkg.egg-info/top_level.txt
[0.558s] reading manifest file '../../build/my_py_pkg/my_py_pkg.egg-info/SOURCES.txt'
[0.559s] writing manifest file '../../build/my_py_pkg/my_py_pkg.egg-info/SOURCES.txt'
[0.559s] running build
[0.559s] running build_py
[0.559s] copying my_py_pkg/robot_news_station.py -> /home/parallels/ros2_ws/build/my_py_pkg/build/lib/my_py_pkg
[0.559s] copying my_py_pkg/my_first_node.py -> /home/parallels/ros2_ws/build/my_py_pkg/build/lib/my_py_pkg
[0.559s] copying my_py_pkg/python_temp.py -> /home/parallels/ros2_ws/build/my_py_pkg/build/lib/my_py_pkg
[0.559s] running install
[0.559s] running install_lib
[0.559s] creating /home/parallels/ros2_ws/install/my_py_pkg/lib/python3.10/site-packages/my_py_pkg
[0.560s] copying /home/parallels/ros2_ws/build/my_py_pkg/build/lib/my_py_pkg/__init__.py -> /home/parallels/ros2_ws/install/my_py_pkg/lib/python3.10/site-packages/my_py_pkg
[0.560s] copying /home/parallels/ros2_ws/build/my_py_pkg/build/lib/my_py_pkg/robot_news_station.py -> /home/parallels/ros2_ws/install/my_py_pkg/lib/python3.10/site-packages/my_py_pkg
[0.560s] copying /home/parallels/ros2_ws/build/my_py_pkg/build/lib/my_py_pkg/my_first_node.py -> /home/parallels/ros2_ws/install/my_py_pkg/lib/python3.10/site-packages/my_py_pkg
[0.560s] copying /home/parallels/ros2_ws/build/my_py_pkg/build/lib/my_py_pkg/python_temp.py -> /home/parallels/ros2_ws/install/my_py_pkg/lib/python3.10/site-packages/my_py_pkg
[0.560s] byte-compiling /home/parallels/ros2_ws/install/my_py_pkg/lib/python3.10/site-packages/my_py_pkg/__init__.py to __init__.cpython-310.pyc
[0.560s] byte-compiling /home/parallels/ros2_ws/install/my_py_pkg/lib/python3.10/site-packages/my_py_pkg/robot_news_station.py to robot_news_station.cpython-310.pyc
[0.560s] byte-compiling /home/parallels/ros2_ws/install/my_py_pkg/lib/python3.10/site-packages/my_py_pkg/my_first_node.py to my_first_node.cpython-310.pyc
[0.560s] byte-compiling /home/parallels/ros2_ws/install/my_py_pkg/lib/python3.10/site-packages/my_py_pkg/python_temp.py to python_temp.cpython-310.pyc
[0.560s] running install_data
[0.560s] copying resource/my_py_pkg -> /home/parallels/ros2_ws/install/my_py_pkg/share/ament_index/resource_index/packages
[0.560s] copying package.xml -> /home/parallels/ros2_ws/install/my_py_pkg/share/my_py_pkg
[0.560s] running install_egg_info
[0.561s] Copying ../../build/my_py_pkg/my_py_pkg.egg-info to /home/parallels/ros2_ws/install/my_py_pkg/lib/python3.10/site-packages/my_py_pkg-0.0.0-py3.10.egg-info
[0.562s] running install_scripts
[0.572s] Installing py_node script to /home/parallels/ros2_ws/install/my_py_pkg/lib/my_py_pkg
[0.572s] Installing robot_news_station script to /home/parallels/ros2_ws/install/my_py_pkg/lib/my_py_pkg
[0.573s] writing list of installed files to '/home/parallels/ros2_ws/build/my_py_pkg/install.log'
[0.584s] Invoked command in '/home/parallels/ros2_ws/src/my_py_pkg' returned '0': PYTHONPATH=/home/parallels/ros2_ws/build/my_py_pkg/prefix_override:/usr/lib/python3/dist-packages/colcon_core/task/python/colcon_distutils_commands:/home/parallels/ros2_ws/install/my_py_pkg/lib/python3.10/site-packages:${PYTHONPATH} /usr/bin/python3 -W ignore:setup.py install is deprecated setup.py egg_info --egg-base ../../build/my_py_pkg build --build-base /home/parallels/ros2_ws/build/my_py_pkg/build install --record /home/parallels/ros2_ws/build/my_py_pkg/install.log --single-version-externally-managed install_data --force
