-- Found ament_cmake: 1.3.11 (/opt/ros/humble/share/ament_cmake/cmake)
-- Found rclcpp: 16.0.12 (/opt/ros/humble/share/rclcpp/cmake)
-- Found rosidl_generator_c: 3.1.6 (/opt/ros/humble/share/rosidl_generator_c/cmake)
-- Found rosidl_adapter: 3.1.6 (/opt/ros/humble/share/rosidl_adapter/cmake)
-- Found rosidl_generator_cpp: 3.1.6 (/opt/ros/humble/share/rosidl_generator_cpp/cmake)
-- Using all available rosidl_typesupport_c: rosidl_typesupport_fastrtps_c;rosidl_typesupport_introspection_c
-- Using all available rosidl_typesupport_cpp: rosidl_typesupport_fastrtps_cpp;rosidl_typesupport_introspection_cpp
-- Found rmw_implementation_cmake: 6.1.2 (/opt/ros/humble/share/rmw_implementation_cmake/cmake)
-- Found rmw_fastrtps_cpp: 6.2.7 (/opt/ros/humble/share/rmw_fastrtps_cpp/cmake)
-- Using RMW implementation 'rmw_fastrtps_cpp' as default
-- Found example_interfaces: 0.9.3 (/opt/ros/humble/share/example_interfaces/cmake)
-- Found rclcpp_lifecycle: 16.0.12 (/opt/ros/humble/share/rclcpp_lifecycle/cmake)
-- Configuring done
-- Generating done
-- Build files have been written to: /home/parallels/ros2_ws/ROS2_Humble/build/lifecycle_cpp
[35m[1mConsolidate compiler generated dependencies of target number_publisher[0m
[ 50%] [32mBuilding CXX object CMakeFiles/number_publisher.dir/src/number_publisher.cpp.o[0m
[100%] [32m[1mLinking CXX executable number_publisher[0m
[100%] Built target number_publisher
-- Install configuration: ""
-- Installing: /home/parallels/ros2_ws/ROS2_Humble/install/lifecycle_cpp/lib/lifecycle_cpp/number_publisher
-- Set runtime path of "/home/parallels/ros2_ws/ROS2_Humble/install/lifecycle_cpp/lib/lifecycle_cpp/number_publisher" to ""
-- Installing: /home/parallels/ros2_ws/ROS2_Humble/install/lifecycle_cpp/share/ament_index/resource_index/package_run_dependencies/lifecycle_cpp
-- Up-to-date: /home/parallels/ros2_ws/ROS2_Humble/install/lifecycle_cpp/share/ament_index/resource_index/parent_prefix_path/lifecycle_cpp
-- Up-to-date: /home/parallels/ros2_ws/ROS2_Humble/install/lifecycle_cpp/share/lifecycle_cpp/environment/ament_prefix_path.sh
-- Installing: /home/parallels/ros2_ws/ROS2_Humble/install/lifecycle_cpp/share/lifecycle_cpp/environment/ament_prefix_path.dsv
-- Up-to-date: /home/parallels/ros2_ws/ROS2_Humble/install/lifecycle_cpp/share/lifecycle_cpp/environment/path.sh
-- Installing: /home/parallels/ros2_ws/ROS2_Humble/install/lifecycle_cpp/share/lifecycle_cpp/environment/path.dsv
-- Up-to-date: /home/parallels/ros2_ws/ROS2_Humble/install/lifecycle_cpp/share/lifecycle_cpp/local_setup.bash
-- Up-to-date: /home/parallels/ros2_ws/ROS2_Humble/install/lifecycle_cpp/share/lifecycle_cpp/local_setup.sh
-- Up-to-date: /home/parallels/ros2_ws/ROS2_Humble/install/lifecycle_cpp/share/lifecycle_cpp/local_setup.zsh
-- Installing: /home/parallels/ros2_ws/ROS2_Humble/install/lifecycle_cpp/share/lifecycle_cpp/local_setup.dsv
-- Installing: /home/parallels/ros2_ws/ROS2_Humble/install/lifecycle_cpp/share/lifecycle_cpp/package.dsv
-- Up-to-date: /home/parallels/ros2_ws/ROS2_Humble/install/lifecycle_cpp/share/ament_index/resource_index/packages/lifecycle_cpp
-- Up-to-date: /home/parallels/ros2_ws/ROS2_Humble/install/lifecycle_cpp/share/lifecycle_cpp/cmake/lifecycle_cppConfig.cmake
-- Up-to-date: /home/parallels/ros2_ws/ROS2_Humble/install/lifecycle_cpp/share/lifecycle_cpp/cmake/lifecycle_cppConfig-version.cmake
-- Installing: /home/parallels/ros2_ws/ROS2_Humble/install/lifecycle_cpp/share/lifecycle_cpp/package.xml
