[0.005s] Invoking command in '/home/parallels/ros2_ws/ROS2_Humble/build/lifecycle_cpp': CMAKE_PREFIX_PATH=${CMAKE_PREFIX_PATH}:/home/parallels/ros2_ws/ROS2_Humble/install/turtlesim_catch_them_all:/home/parallels/ros2_ws/ROS2_Humble/install/number_counter:/home/parallels/ros2_ws/ROS2_Humble/install/my_py_pkg:/home/parallels/ros2_ws/ROS2_Humble/install/actions_py:/home/parallels/ros2_ws/ROS2_Humble/install/lifecycle_py:/home/parallels/ros2_ws/ROS2_Humble/install/add_two_ints:/opt/ros/humble /usr/bin/cmake --build /home/parallels/ros2_ws/ROS2_Humble/build/lifecycle_cpp -- -j8 -l8
[0.020s] -- Found ament_cmake: 1.3.11 (/opt/ros/humble/share/ament_cmake/cmake)
[0.086s] -- Found rclcpp: 16.0.12 (/opt/ros/humble/share/rclcpp/cmake)
[0.099s] -- Found rosidl_generator_c: 3.1.6 (/opt/ros/humble/share/rosidl_generator_c/cmake)
[0.100s] -- Found rosidl_adapter: 3.1.6 (/opt/ros/humble/share/rosidl_adapter/cmake)
[0.103s] -- Found rosidl_generator_cpp: 3.1.6 (/opt/ros/humble/share/rosidl_generator_cpp/cmake)
[0.108s] -- Using all available rosidl_typesupport_c: rosidl_typesupport_fastrtps_c;rosidl_typesupport_introspection_c
[0.115s] -- Using all available rosidl_typesupport_cpp: rosidl_typesupport_fastrtps_cpp;rosidl_typesupport_introspection_cpp
[0.130s] -- Found rmw_implementation_cmake: 6.1.2 (/opt/ros/humble/share/rmw_implementation_cmake/cmake)
[0.131s] -- Found rmw_fastrtps_cpp: 6.2.7 (/opt/ros/humble/share/rmw_fastrtps_cpp/cmake)
[0.197s] -- Using RMW implementation 'rmw_fastrtps_cpp' as default
[0.222s] -- Found example_interfaces: 0.9.3 (/opt/ros/humble/share/example_interfaces/cmake)
[0.247s] -- Found rclcpp_lifecycle: 16.0.12 (/opt/ros/humble/share/rclcpp_lifecycle/cmake)
[0.318s] -- Configuring done
[0.324s] -- Generating done
[0.326s] -- Build files have been written to: /home/parallels/ros2_ws/ROS2_Humble/build/lifecycle_cpp
[0.338s] [35m[1mConsolidate compiler generated dependencies of target number_publisher[0m
[0.347s] [ 50%] [32mBuilding CXX object CMakeFiles/number_publisher.dir/src/number_publisher.cpp.o[0m
[2.324s] [100%] [32m[1mLinking CXX executable number_publisher[0m
[2.441s] [100%] Built target number_publisher
[2.447s] Invoked command in '/home/parallels/ros2_ws/ROS2_Humble/build/lifecycle_cpp' returned '0': CMAKE_PREFIX_PATH=${CMAKE_PREFIX_PATH}:/home/parallels/ros2_ws/ROS2_Humble/install/turtlesim_catch_them_all:/home/parallels/ros2_ws/ROS2_Humble/install/number_counter:/home/parallels/ros2_ws/ROS2_Humble/install/my_py_pkg:/home/parallels/ros2_ws/ROS2_Humble/install/actions_py:/home/parallels/ros2_ws/ROS2_Humble/install/lifecycle_py:/home/parallels/ros2_ws/ROS2_Humble/install/add_two_ints:/opt/ros/humble /usr/bin/cmake --build /home/parallels/ros2_ws/ROS2_Humble/build/lifecycle_cpp -- -j8 -l8
[2.451s] Invoking command in '/home/parallels/ros2_ws/ROS2_Humble/build/lifecycle_cpp': CMAKE_PREFIX_PATH=${CMAKE_PREFIX_PATH}:/home/parallels/ros2_ws/ROS2_Humble/install/turtlesim_catch_them_all:/home/parallels/ros2_ws/ROS2_Humble/install/number_counter:/home/parallels/ros2_ws/ROS2_Humble/install/my_py_pkg:/home/parallels/ros2_ws/ROS2_Humble/install/actions_py:/home/parallels/ros2_ws/ROS2_Humble/install/lifecycle_py:/home/parallels/ros2_ws/ROS2_Humble/install/add_two_ints:/opt/ros/humble /usr/bin/cmake --install /home/parallels/ros2_ws/ROS2_Humble/build/lifecycle_cpp
[2.454s] -- Install configuration: ""
[2.454s] -- Installing: /home/parallels/ros2_ws/ROS2_Humble/install/lifecycle_cpp/lib/lifecycle_cpp/number_publisher
[2.456s] -- Set runtime path of "/home/parallels/ros2_ws/ROS2_Humble/install/lifecycle_cpp/lib/lifecycle_cpp/number_publisher" to ""
[2.456s] -- Installing: /home/parallels/ros2_ws/ROS2_Humble/install/lifecycle_cpp/share/ament_index/resource_index/package_run_dependencies/lifecycle_cpp
[2.456s] -- Up-to-date: /home/parallels/ros2_ws/ROS2_Humble/install/lifecycle_cpp/share/ament_index/resource_index/parent_prefix_path/lifecycle_cpp
[2.456s] -- Up-to-date: /home/parallels/ros2_ws/ROS2_Humble/install/lifecycle_cpp/share/lifecycle_cpp/environment/ament_prefix_path.sh
[2.456s] -- Installing: /home/parallels/ros2_ws/ROS2_Humble/install/lifecycle_cpp/share/lifecycle_cpp/environment/ament_prefix_path.dsv
[2.456s] -- Up-to-date: /home/parallels/ros2_ws/ROS2_Humble/install/lifecycle_cpp/share/lifecycle_cpp/environment/path.sh
[2.456s] -- Installing: /home/parallels/ros2_ws/ROS2_Humble/install/lifecycle_cpp/share/lifecycle_cpp/environment/path.dsv
[2.456s] -- Up-to-date: /home/parallels/ros2_ws/ROS2_Humble/install/lifecycle_cpp/share/lifecycle_cpp/local_setup.bash
[2.456s] -- Up-to-date: /home/parallels/ros2_ws/ROS2_Humble/install/lifecycle_cpp/share/lifecycle_cpp/local_setup.sh
[2.456s] -- Up-to-date: /home/parallels/ros2_ws/ROS2_Humble/install/lifecycle_cpp/share/lifecycle_cpp/local_setup.zsh
[2.456s] -- Installing: /home/parallels/ros2_ws/ROS2_Humble/install/lifecycle_cpp/share/lifecycle_cpp/local_setup.dsv
[2.456s] -- Installing: /home/parallels/ros2_ws/ROS2_Humble/install/lifecycle_cpp/share/lifecycle_cpp/package.dsv
[2.456s] -- Up-to-date: /home/parallels/ros2_ws/ROS2_Humble/install/lifecycle_cpp/share/ament_index/resource_index/packages/lifecycle_cpp
[2.456s] -- Up-to-date: /home/parallels/ros2_ws/ROS2_Humble/install/lifecycle_cpp/share/lifecycle_cpp/cmake/lifecycle_cppConfig.cmake
[2.456s] -- Up-to-date: /home/parallels/ros2_ws/ROS2_Humble/install/lifecycle_cpp/share/lifecycle_cpp/cmake/lifecycle_cppConfig-version.cmake
[2.456s] -- Installing: /home/parallels/ros2_ws/ROS2_Humble/install/lifecycle_cpp/share/lifecycle_cpp/package.xml
[2.457s] Invoked command in '/home/parallels/ros2_ws/ROS2_Humble/build/lifecycle_cpp' returned '0': CMAKE_PREFIX_PATH=${CMAKE_PREFIX_PATH}:/home/parallels/ros2_ws/ROS2_Humble/install/turtlesim_catch_them_all:/home/parallels/ros2_ws/ROS2_Humble/install/number_counter:/home/parallels/ros2_ws/ROS2_Humble/install/my_py_pkg:/home/parallels/ros2_ws/ROS2_Humble/install/actions_py:/home/parallels/ros2_ws/ROS2_Humble/install/lifecycle_py:/home/parallels/ros2_ws/ROS2_Humble/install/add_two_ints:/opt/ros/humble /usr/bin/cmake --install /home/parallels/ros2_ws/ROS2_Humble/build/lifecycle_cpp
