[0.011s] Invoking command in '/home/parallels/ros2_ws/build/gazebo_msgs': /usr/bin/cmake /home/parallels/ros2_ws/src/gazebo_ros_pkgs/gazebo_msgs -DCATKIN_INSTALL_INTO_PREFIX_ROOT=0 -DCMAKE_INSTALL_PREFIX=/home/parallels/ros2_ws/install/gazebo_msgs
[0.197s] -- The C compiler identification is GNU 11.4.0
[0.277s] -- The CXX compiler identification is GNU 11.4.0
[0.285s] -- Detecting C compiler ABI info
[0.334s] -- Detecting C compiler ABI info - done
[0.338s] -- Check for working C compiler: /usr/bin/cc - skipped
[0.338s] -- Detecting C compile features
[0.344s] -- Detecting C compile features - done
[0.346s] -- Detecting CXX compiler ABI info
[0.468s] -- Detecting CXX compiler ABI info - done
[0.473s] -- Check for working CXX compiler: /usr/bin/c++ - skipped
[0.474s] -- Detecting CXX compile features
[0.474s] -- Detecting CXX compile features - done
[0.506s] [31mCMake Error at CMakeLists.txt:4 (find_package):
[0.506s]   By not providing "Findcatkin.cmake" in CMAKE_MODULE_PATH this project has
[0.506s]   asked CMake to find a package configuration file provided by "catkin", but
[0.506s]   CMake did not find one.
[0.506s] 
[0.506s]   Could not find a package configuration file provided by "catkin" with any
[0.506s]   of the following names:
[0.506s] 
[0.506s]     catkinConfig.cmake
[0.506s]     catkin-config.cmake
[0.506s] 
[0.506s]   Add the installation prefix of "catkin" to CMAKE_PREFIX_PATH or set
[0.506s]   "catkin_DIR" to a directory containing one of the above files.  If "catkin"
[0.506s]   provides a separate development package or SDK, be sure it has been
[0.506s]   installed.
[0.506s] 
[0.506s] [0m
[0.506s] -- Configuring incomplete, errors occurred!
[0.506s] See also "/home/parallels/ros2_ws/build/gazebo_msgs/CMakeFiles/CMakeOutput.log".
