[0.419s] Invoking command in '/home/parallels/ros2_ws/build/actions_py': CMAKE_PREFIX_PATH=/home/parallels/ros2_ws/install/my_robot_interfaces:/home/parallels/ros2_ws/install/urdf_sim_tutorial:/home/parallels/ros2_ws/install/turtlecatch_bringup:/home/parallels/ros2_ws/install/polygon_plugins:/home/parallels/ros2_ws/install/polygon_base:/home/parallels/ros2_ws/install/my_robot_station_bringup:/home/parallels/ros2_ws/install/my_robot_bringup:/home/parallels/ros2_ws/install/my_cpp_pkg:/home/parallels/ros2_ws/install/actions_cpp:/home/parallels/ros2_ws/install/my_robot_bringup_gazebo:/home/parallels/ros2_ws/install/my_robot_description:/home/parallels/ros2_ws/install/add_two_ints_cpp:/usr LD_LIBRARY_PATH=/home/parallels/ros2_ws/install/my_robot_interfaces/lib:/home/parallels/ros2_ws/install/polygon_plugins/lib:/opt/ros/humble/opt/rviz_ogre_vendor/lib:/opt/ros/humble/lib/aarch64-linux-gnu:/opt/ros/humble/lib PYTHONPATH=/home/parallels/ros2_ws/build/actions_py/prefix_override:/usr/lib/python3/dist-packages/colcon_core/task/python/colcon_distutils_commands:/home/parallels/ros2_ws/install/actions_py/lib/python3.10/site-packages:${PYTHONPATH} /usr/bin/python3 -W ignore:setup.py install is deprecated -W ignore:easy_install command is deprecated setup.py develop --uninstall --editable --build-directory /home/parallels/ros2_ws/build/actions_py/build
[0.562s] running develop
[0.646s] Removing /home/parallels/ros2_ws/install/actions_py/lib/python3.10/site-packages/actions-py.egg-link (link to .)
[0.664s] Invoked command in '/home/parallels/ros2_ws/build/actions_py' returned '0': CMAKE_PREFIX_PATH=/home/parallels/ros2_ws/install/my_robot_interfaces:/home/parallels/ros2_ws/install/urdf_sim_tutorial:/home/parallels/ros2_ws/install/turtlecatch_bringup:/home/parallels/ros2_ws/install/polygon_plugins:/home/parallels/ros2_ws/install/polygon_base:/home/parallels/ros2_ws/install/my_robot_station_bringup:/home/parallels/ros2_ws/install/my_robot_bringup:/home/parallels/ros2_ws/install/my_cpp_pkg:/home/parallels/ros2_ws/install/actions_cpp:/home/parallels/ros2_ws/install/my_robot_bringup_gazebo:/home/parallels/ros2_ws/install/my_robot_description:/home/parallels/ros2_ws/install/add_two_ints_cpp:/usr LD_LIBRARY_PATH=/home/parallels/ros2_ws/install/my_robot_interfaces/lib:/home/parallels/ros2_ws/install/polygon_plugins/lib:/opt/ros/humble/opt/rviz_ogre_vendor/lib:/opt/ros/humble/lib/aarch64-linux-gnu:/opt/ros/humble/lib PYTHONPATH=/home/parallels/ros2_ws/build/actions_py/prefix_override:/usr/lib/python3/dist-packages/colcon_core/task/python/colcon_distutils_commands:/home/parallels/ros2_ws/install/actions_py/lib/python3.10/site-packages:${PYTHONPATH} /usr/bin/python3 -W ignore:setup.py install is deprecated -W ignore:easy_install command is deprecated setup.py develop --uninstall --editable --build-directory /home/parallels/ros2_ws/build/actions_py/build
[0.666s] Invoking command in '/home/parallels/ros2_ws/src/actions_py': CMAKE_PREFIX_PATH=/home/parallels/ros2_ws/install/my_robot_interfaces:/home/parallels/ros2_ws/install/urdf_sim_tutorial:/home/parallels/ros2_ws/install/turtlecatch_bringup:/home/parallels/ros2_ws/install/polygon_plugins:/home/parallels/ros2_ws/install/polygon_base:/home/parallels/ros2_ws/install/my_robot_station_bringup:/home/parallels/ros2_ws/install/my_robot_bringup:/home/parallels/ros2_ws/install/my_cpp_pkg:/home/parallels/ros2_ws/install/actions_cpp:/home/parallels/ros2_ws/install/my_robot_bringup_gazebo:/home/parallels/ros2_ws/install/my_robot_description:/home/parallels/ros2_ws/install/add_two_ints_cpp:/usr LD_LIBRARY_PATH=/home/parallels/ros2_ws/install/my_robot_interfaces/lib:/home/parallels/ros2_ws/install/polygon_plugins/lib:/opt/ros/humble/opt/rviz_ogre_vendor/lib:/opt/ros/humble/lib/aarch64-linux-gnu:/opt/ros/humble/lib PYTHONPATH=/home/parallels/ros2_ws/build/actions_py/prefix_override:/usr/lib/python3/dist-packages/colcon_core/task/python/colcon_distutils_commands:/home/parallels/ros2_ws/install/actions_py/lib/python3.10/site-packages:${PYTHONPATH} /usr/bin/python3 -W ignore:setup.py install is deprecated -W ignore:easy_install command is deprecated setup.py egg_info --egg-base ../../build/actions_py build --build-base /home/parallels/ros2_ws/build/actions_py/build install --record /home/parallels/ros2_ws/build/actions_py/install.log --single-version-externally-managed install_data --force
[0.790s] running egg_info
[0.791s] writing ../../build/actions_py/actions_py.egg-info/PKG-INFO
[0.791s] writing dependency_links to ../../build/actions_py/actions_py.egg-info/dependency_links.txt
[0.791s] writing entry points to ../../build/actions_py/actions_py.egg-info/entry_points.txt
[0.791s] writing requirements to ../../build/actions_py/actions_py.egg-info/requires.txt
[0.791s] writing top-level names to ../../build/actions_py/actions_py.egg-info/top_level.txt
[0.792s] reading manifest file '../../build/actions_py/actions_py.egg-info/SOURCES.txt'
[0.792s] writing manifest file '../../build/actions_py/actions_py.egg-info/SOURCES.txt'
[0.793s] running build
[0.793s] running build_py
[0.793s] creating /home/parallels/ros2_ws/build/actions_py/build
[0.793s] creating /home/parallels/ros2_ws/build/actions_py/build/lib
[0.793s] creating /home/parallels/ros2_ws/build/actions_py/build/lib/actions_py
[0.793s] copying actions_py/count_until_client.py -> /home/parallels/ros2_ws/build/actions_py/build/lib/actions_py
[0.793s] copying actions_py/__init__.py -> /home/parallels/ros2_ws/build/actions_py/build/lib/actions_py
[0.793s] copying actions_py/count_until_server.py -> /home/parallels/ros2_ws/build/actions_py/build/lib/actions_py
[0.793s] running install
[0.793s] running install_lib
[0.793s] creating /home/parallels/ros2_ws/install/actions_py/lib/python3.10/site-packages/actions_py
[0.793s] copying /home/parallels/ros2_ws/build/actions_py/build/lib/actions_py/count_until_client.py -> /home/parallels/ros2_ws/install/actions_py/lib/python3.10/site-packages/actions_py
[0.794s] copying /home/parallels/ros2_ws/build/actions_py/build/lib/actions_py/__init__.py -> /home/parallels/ros2_ws/install/actions_py/lib/python3.10/site-packages/actions_py
[0.794s] copying /home/parallels/ros2_ws/build/actions_py/build/lib/actions_py/count_until_server.py -> /home/parallels/ros2_ws/install/actions_py/lib/python3.10/site-packages/actions_py
[0.794s] byte-compiling /home/parallels/ros2_ws/install/actions_py/lib/python3.10/site-packages/actions_py/count_until_client.py to count_until_client.cpython-310.pyc
[0.794s] byte-compiling /home/parallels/ros2_ws/install/actions_py/lib/python3.10/site-packages/actions_py/__init__.py to __init__.cpython-310.pyc
[0.794s] byte-compiling /home/parallels/ros2_ws/install/actions_py/lib/python3.10/site-packages/actions_py/count_until_server.py to count_until_server.cpython-310.pyc
[0.795s] running install_data
[0.795s] copying resource/actions_py -> /home/parallels/ros2_ws/install/actions_py/share/ament_index/resource_index/packages
[0.795s] copying package.xml -> /home/parallels/ros2_ws/install/actions_py/share/actions_py
[0.795s] running install_egg_info
[0.796s] Copying ../../build/actions_py/actions_py.egg-info to /home/parallels/ros2_ws/install/actions_py/lib/python3.10/site-packages/actions_py-0.0.0-py3.10.egg-info
[0.796s] running install_scripts
[0.806s] Installing count_until_client script to /home/parallels/ros2_ws/install/actions_py/lib/actions_py
[0.806s] Installing count_until_server script to /home/parallels/ros2_ws/install/actions_py/lib/actions_py
[0.807s] writing list of installed files to '/home/parallels/ros2_ws/build/actions_py/install.log'
[0.820s] Invoked command in '/home/parallels/ros2_ws/src/actions_py' returned '0': CMAKE_PREFIX_PATH=/home/parallels/ros2_ws/install/my_robot_interfaces:/home/parallels/ros2_ws/install/urdf_sim_tutorial:/home/parallels/ros2_ws/install/turtlecatch_bringup:/home/parallels/ros2_ws/install/polygon_plugins:/home/parallels/ros2_ws/install/polygon_base:/home/parallels/ros2_ws/install/my_robot_station_bringup:/home/parallels/ros2_ws/install/my_robot_bringup:/home/parallels/ros2_ws/install/my_cpp_pkg:/home/parallels/ros2_ws/install/actions_cpp:/home/parallels/ros2_ws/install/my_robot_bringup_gazebo:/home/parallels/ros2_ws/install/my_robot_description:/home/parallels/ros2_ws/install/add_two_ints_cpp:/usr LD_LIBRARY_PATH=/home/parallels/ros2_ws/install/my_robot_interfaces/lib:/home/parallels/ros2_ws/install/polygon_plugins/lib:/opt/ros/humble/opt/rviz_ogre_vendor/lib:/opt/ros/humble/lib/aarch64-linux-gnu:/opt/ros/humble/lib PYTHONPATH=/home/parallels/ros2_ws/build/actions_py/prefix_override:/usr/lib/python3/dist-packages/colcon_core/task/python/colcon_distutils_commands:/home/parallels/ros2_ws/install/actions_py/lib/python3.10/site-packages:${PYTHONPATH} /usr/bin/python3 -W ignore:setup.py install is deprecated -W ignore:easy_install command is deprecated setup.py egg_info --egg-base ../../build/actions_py build --build-base /home/parallels/ros2_ws/build/actions_py/build install --record /home/parallels/ros2_ws/build/actions_py/install.log --single-version-externally-managed install_data --force
