[0.704s] Invoking command in '/home/parallels/ros2_ws/src/add_two_ints': PYTHONPATH=/home/parallels/ros2_ws/build/add_two_ints/prefix_override:/usr/lib/python3/dist-packages/colcon_core/task/python/colcon_distutils_commands:/home/parallels/ros2_ws/install/add_two_ints/lib/python3.10/site-packages:${PYTHONPATH} /usr/bin/python3 -W ignore:setup.py install is deprecated -W ignore:easy_install command is deprecated setup.py egg_info --egg-base ../../build/add_two_ints build --build-base /home/parallels/ros2_ws/build/add_two_ints/build install --record /home/parallels/ros2_ws/build/add_two_ints/install.log --single-version-externally-managed install_data
[0.901s] running egg_info
[0.901s] writing ../../build/add_two_ints/add_two_ints.egg-info/PKG-INFO
[0.901s] writing dependency_links to ../../build/add_two_ints/add_two_ints.egg-info/dependency_links.txt
[0.901s] writing entry points to ../../build/add_two_ints/add_two_ints.egg-info/entry_points.txt
[0.902s] writing requirements to ../../build/add_two_ints/add_two_ints.egg-info/requires.txt
[0.902s] writing top-level names to ../../build/add_two_ints/add_two_ints.egg-info/top_level.txt
[0.903s] reading manifest file '../../build/add_two_ints/add_two_ints.egg-info/SOURCES.txt'
[0.904s] writing manifest file '../../build/add_two_ints/add_two_ints.egg-info/SOURCES.txt'
[0.904s] running build
[0.905s] running build_py
[0.906s] running install
[0.906s] running install_lib
[0.909s] running install_data
[0.909s] running install_egg_info
[0.909s] removing '/home/parallels/ros2_ws/install/add_two_ints/lib/python3.10/site-packages/add_two_ints-0.0.0-py3.10.egg-info' (and everything under it)
[0.910s] Copying ../../build/add_two_ints/add_two_ints.egg-info to /home/parallels/ros2_ws/install/add_two_ints/lib/python3.10/site-packages/add_two_ints-0.0.0-py3.10.egg-info
[0.910s] running install_scripts
[0.920s] Installing add_two_ints_client script to /home/parallels/ros2_ws/install/add_two_ints/lib/add_two_ints
[0.920s] Installing add_two_ints_client_no_oop script to /home/parallels/ros2_ws/install/add_two_ints/lib/add_two_ints
[0.920s] Installing add_two_ints_server script to /home/parallels/ros2_ws/install/add_two_ints/lib/add_two_ints
[0.921s] writing list of installed files to '/home/parallels/ros2_ws/build/add_two_ints/install.log'
[0.950s] Invoked command in '/home/parallels/ros2_ws/src/add_two_ints' returned '0': PYTHONPATH=/home/parallels/ros2_ws/build/add_two_ints/prefix_override:/usr/lib/python3/dist-packages/colcon_core/task/python/colcon_distutils_commands:/home/parallels/ros2_ws/install/add_two_ints/lib/python3.10/site-packages:${PYTHONPATH} /usr/bin/python3 -W ignore:setup.py install is deprecated -W ignore:easy_install command is deprecated setup.py egg_info --egg-base ../../build/add_two_ints build --build-base /home/parallels/ros2_ws/build/add_two_ints/build install --record /home/parallels/ros2_ws/build/add_two_ints/install.log --single-version-externally-managed install_data
