[0.000000] (-) TimerEvent: {}
[0.000114] (-) JobUnselected: {'identifier': 'add_two_ints'}
[0.000139] (-) JobUnselected: {'identifier': 'add_two_ints_cpp'}
[0.000151] (-) JobUnselected: {'identifier': 'my_cpp_pkg'}
[0.000159] (-) JobUnselected: {'identifier': 'my_py_pkg'}
[0.000169] (-) JobUnselected: {'identifier': 'my_robot_bringup'}
[0.000177] (-) JobUnselected: {'identifier': 'my_robot_bringup_gazebo'}
[0.000190] (-) JobUnselected: {'identifier': 'my_robot_description'}
[0.000199] (-) JobUnselected: {'identifier': 'my_robot_interfaces'}
[0.000212] (-) JobUnselected: {'identifier': 'my_robot_station_bringup'}
[0.000220] (-) JobUnselected: {'identifier': 'number_counter'}
[0.000230] (-) JobUnselected: {'identifier': 'polygon_base'}
[0.000246] (-) JobUnselected: {'identifier': 'polygon_plugins'}
[0.000259] (-) JobUnselected: {'identifier': 'turtlecatch_bringup'}
[0.000269] (-) JobUnselected: {'identifier': 'turtlesim_catch_them_all'}
[0.000281] (-) JobUnselected: {'identifier': 'urdf_sim_tutorial'}
[0.000289] (actions_py) JobQueued: {'identifier': 'actions_py', 'dependencies': OrderedDict([('my_robot_interfaces', '/home/parallels/ros2_ws/install/my_robot_interfaces')])}
[0.000303] (actions_py) JobStarted: {'identifier': 'actions_py'}
[0.100196] (-) TimerEvent: {}
[0.145125] (actions_py) StderrLine: {'line': b'Traceback (most recent call last):\n  File "/usr/lib/python3/dist-packages/colcon_core/executor/__init__.py", line 91, in __call__\n    rc = await self.task(*args, **kwargs)\n  File "/usr/lib/python3/dist-packages/colcon_core/task/__init__.py", line 93, in __call__\n    return await task_method(*args, **kwargs)\n  File "/usr/lib/python3/dist-packages/colcon_ros/task/ament_python/build.py", line 51, in build\n    setup_py_data = get_setup_data(self.context.pkg, env)\n  File "/usr/lib/python3/dist-packages/colcon_core/task/python/__init__.py", line 20, in get_setup_data\n    return dict(pkg.metadata[key](env))\n  File "/usr/lib/python3/dist-packages/colcon_ros/package_augmentation/ros_ament_python.py", line 57, in getter\n    return get_setup_information(\n  File "/usr/lib/python3/dist-packages/colcon_python_setup_py/package_identification/python_setup_py.py", line 249, in get_setup_information\n    _setup_information_cache[hashable_env] = _get_setup_information(\n  File "/usr/lib/python3/dist-packages/colcon_python_setup_py/package_identification/python_setup_py.py", line 296, in _get_setup_information\n    result = subprocess.run(\n  File "/usr/lib/python3.10/subprocess.py", line 526, in run\n    raise CalledProcessError(retcode, process.args,\nsubprocess.CalledProcessError: Command \'[\'/usr/bin/python3\', \'-c\', \'import sys;from contextlib import suppress;exec("with suppress(ImportError):    from setuptools.extern.packaging.specifiers    import SpecifierSet");exec("with suppress(ImportError):    from packaging.specifiers import SpecifierSet");from distutils.core import run_setup;dist = run_setup(    \\\'setup.py\\\', script_args=(\\\'--dry-run\\\',), stop_after=\\\'config\\\');skip_keys = (\\\'cmdclass\\\', \\\'distclass\\\', \\\'ext_modules\\\', \\\'metadata\\\');data = {    key: value for key, value in dist.__dict__.items()     if (        not key.startswith(\\\'_\\\') and         not callable(value) and         key not in skip_keys and         key not in dist.display_option_names    )};data[\\\'metadata\\\'] = {    k: v for k, v in dist.metadata.__dict__.items()     if k not in (\\\'license_files\\\', \\\'provides_extras\\\')};sys.stdout.buffer.write(repr(data).encode(\\\'utf-8\\\'))\']\' returned non-zero exit status 1.\n'}
[0.145489] (actions_py) JobEnded: {'identifier': 'actions_py', 'rc': 1}
[0.155955] (-) EventReactorShutdown: {}
