[0.006s] Invoking command in '/home/parallels/ros2_ws/build/my_cpp_pkg': CMAKE_PREFIX_PATH=${CMAKE_PREFIX_PATH}:/home/parallels/ros2_ws/install/rqt_joint_trajectory_controller:/home/parallels/ros2_ws/install/rqt_controller_manager:/home/parallels/ros2_ws/install/ros2controlcli:/home/parallels/ros2_ws/install/ros2_controllers_test_nodes:/home/parallels/ros2_ws/install/my_py_pkg:/opt/ros/humble /usr/bin/cmake --build /home/parallels/ros2_ws/build/my_cpp_pkg -- -j4 -l4
[0.033s] [35m[1mConsolidate compiler generated dependencies of target smartphone[0m
[0.041s] [ 33%] Built target cpp_node
[0.042s] [ 66%] Built target robot_radio_station
[0.044s] [ 83%] [32mBuilding CXX object CMakeFiles/smartphone.dir/src/smartphone.cpp.o[0m
[3.677s] [100%] [32m[1mLinking CXX executable smartphone[0m
[3.899s] [100%] Built target smartphone
[3.904s] Invoked command in '/home/parallels/ros2_ws/build/my_cpp_pkg' returned '0': CMAKE_PREFIX_PATH=${CMAKE_PREFIX_PATH}:/home/parallels/ros2_ws/install/rqt_joint_trajectory_controller:/home/parallels/ros2_ws/install/rqt_controller_manager:/home/parallels/ros2_ws/install/ros2controlcli:/home/parallels/ros2_ws/install/ros2_controllers_test_nodes:/home/parallels/ros2_ws/install/my_py_pkg:/opt/ros/humble /usr/bin/cmake --build /home/parallels/ros2_ws/build/my_cpp_pkg -- -j4 -l4
[3.930s] Invoking command in '/home/parallels/ros2_ws/build/my_cpp_pkg': CMAKE_PREFIX_PATH=${CMAKE_PREFIX_PATH}:/home/parallels/ros2_ws/install/rqt_joint_trajectory_controller:/home/parallels/ros2_ws/install/rqt_controller_manager:/home/parallels/ros2_ws/install/ros2controlcli:/home/parallels/ros2_ws/install/ros2_controllers_test_nodes:/home/parallels/ros2_ws/install/my_py_pkg:/opt/ros/humble /usr/bin/cmake --install /home/parallels/ros2_ws/build/my_cpp_pkg
[3.934s] -- Install configuration: ""
[3.934s] -- Up-to-date: /home/parallels/ros2_ws/install/my_cpp_pkg/lib/my_cpp_pkg/cpp_node
[3.934s] -- Up-to-date: /home/parallels/ros2_ws/install/my_cpp_pkg/lib/my_cpp_pkg/robot_radio_station
[3.934s] -- Installing: /home/parallels/ros2_ws/install/my_cpp_pkg/lib/my_cpp_pkg/smartphone
[3.937s] -- Set runtime path of "/home/parallels/ros2_ws/install/my_cpp_pkg/lib/my_cpp_pkg/smartphone" to ""
[3.937s] -- Up-to-date: /home/parallels/ros2_ws/install/my_cpp_pkg/share/ament_index/resource_index/package_run_dependencies/my_cpp_pkg
[3.937s] -- Up-to-date: /home/parallels/ros2_ws/install/my_cpp_pkg/share/ament_index/resource_index/parent_prefix_path/my_cpp_pkg
[3.937s] -- Up-to-date: /home/parallels/ros2_ws/install/my_cpp_pkg/share/my_cpp_pkg/environment/ament_prefix_path.sh
[3.937s] -- Installing: /home/parallels/ros2_ws/install/my_cpp_pkg/share/my_cpp_pkg/environment/ament_prefix_path.dsv
[3.937s] -- Up-to-date: /home/parallels/ros2_ws/install/my_cpp_pkg/share/my_cpp_pkg/environment/path.sh
[3.937s] -- Installing: /home/parallels/ros2_ws/install/my_cpp_pkg/share/my_cpp_pkg/environment/path.dsv
[3.937s] -- Up-to-date: /home/parallels/ros2_ws/install/my_cpp_pkg/share/my_cpp_pkg/local_setup.bash
[3.937s] -- Up-to-date: /home/parallels/ros2_ws/install/my_cpp_pkg/share/my_cpp_pkg/local_setup.sh
[3.937s] -- Up-to-date: /home/parallels/ros2_ws/install/my_cpp_pkg/share/my_cpp_pkg/local_setup.zsh
[3.937s] -- Installing: /home/parallels/ros2_ws/install/my_cpp_pkg/share/my_cpp_pkg/local_setup.dsv
[3.937s] -- Installing: /home/parallels/ros2_ws/install/my_cpp_pkg/share/my_cpp_pkg/package.dsv
[3.938s] -- Up-to-date: /home/parallels/ros2_ws/install/my_cpp_pkg/share/ament_index/resource_index/packages/my_cpp_pkg
[3.938s] -- Up-to-date: /home/parallels/ros2_ws/install/my_cpp_pkg/share/my_cpp_pkg/cmake/my_cpp_pkgConfig.cmake
[3.938s] -- Up-to-date: /home/parallels/ros2_ws/install/my_cpp_pkg/share/my_cpp_pkg/cmake/my_cpp_pkgConfig-version.cmake
[3.938s] -- Up-to-date: /home/parallels/ros2_ws/install/my_cpp_pkg/share/my_cpp_pkg/package.xml
[3.939s] Invoked command in '/home/parallels/ros2_ws/build/my_cpp_pkg' returned '0': CMAKE_PREFIX_PATH=${CMAKE_PREFIX_PATH}:/home/parallels/ros2_ws/install/rqt_joint_trajectory_controller:/home/parallels/ros2_ws/install/rqt_controller_manager:/home/parallels/ros2_ws/install/ros2controlcli:/home/parallels/ros2_ws/install/ros2_controllers_test_nodes:/home/parallels/ros2_ws/install/my_py_pkg:/opt/ros/humble /usr/bin/cmake --install /home/parallels/ros2_ws/build/my_cpp_pkg
