[33mCMake Warning (dev) at CMakeLists.txt:24 (add_executable):
  Policy CMP0115 is not set: Source file extensions must be explicit.  Run
  "cmake --help-policy CMP0115" for policy details.  Use the cmake_policy
  command to set the policy and suppress this warning.

  File:

    /home/parallels/ros2_ws/ROS2_Humble/src/my_cpp_pkg/src/hardwareStatus_pub.cpp
This warning is for project developers.  Use -Wno-dev to suppress it.
[0m
[33mCMake Warning (dev) at CMakeLists.txt:27 (add_executable):
  Policy CMP0115 is not set: Source file extensions must be explicit.  Run
  "cmake --help-policy CMP0115" for policy details.  Use the cmake_policy
  command to set the policy and suppress this warning.

  File:

    /home/parallels/ros2_ws/ROS2_Humble/src/my_cpp_pkg/src/hardwarestatus_sub.cpp
This warning is for project developers.  Use -Wno-dev to suppress it.
[0m
[33mCMake Warning (dev) at CMakeLists.txt:30 (add_executable):
  Policy CMP0115 is not set: Source file extensions must be explicit.  Run
  "cmake --help-policy CMP0115" for policy details.  Use the cmake_policy
  command to set the policy and suppress this warning.

  File:

    /home/parallels/ros2_ws/ROS2_Humble/src/my_cpp_pkg/src/battery_node.cpp
This warning is for project developers.  Use -Wno-dev to suppress it.
[0m
[33mCMake Warning (dev) at CMakeLists.txt:33 (add_executable):
  Policy CMP0115 is not set: Source file extensions must be explicit.  Run
  "cmake --help-policy CMP0115" for policy details.  Use the cmake_policy
  command to set the policy and suppress this warning.

  File:

    /home/parallels/ros2_ws/ROS2_Humble/src/my_cpp_pkg/src/LED_panel.cpp
This warning is for project developers.  Use -Wno-dev to suppress it.
[0m
