[0.026s] Invoking command in '/home/parallels/ros2_ws/ROS2_Humble/build/my_cpp_pkg': AMENT_PREFIX_PATH=/home/parallels/ros2_ws/ROS2_Humble/install/my_robot_interfaces:${AMENT_PREFIX_PATH} CMAKE_PREFIX_PATH=/home/parallels/ros2_ws/ROS2_Humble/install/my_robot_interfaces:/home/parallels/ros2_humble/install/lifecycle_cpp:/home/parallels/ros2_ws/install/urdf_sim_tutorial:/home/parallels/ros2_ws/install/turtlecatch_bringup:/home/parallels/ros2_ws/install/polygon_plugins:/home/parallels/ros2_ws/install/polygon_base:/home/parallels/ros2_ws/install/my_robot_station_bringup:/home/parallels/ros2_ws/install/my_robot_bringup:/home/parallels/ros2_ws/install/my_cpp_pkg:/home/parallels/ros2_ws/install/actions_cpp:/home/parallels/ros2_ws/install/my_robot_interfaces:/home/parallels/ros2_ws/install/my_robot_bringup_gazebo:/home/parallels/ros2_ws/install/my_robot_description:/home/parallels/ros2_ws/install/add_two_ints_cpp:/usr:/home/parallels/ros2_humble/install/lifecycle_py:/home/parallels/ros2_ws/install/turtlesim_catch_them_all:/home/parallels/ros2_ws/install/number_counter:/home/parallels/ros2_ws/install/my_py_pkg:/home/parallels/ros2_ws/install/actions_py:/home/parallels/ros2_ws/install/add_two_ints:/opt/ros/humble LD_LIBRARY_PATH=/home/parallels/ros2_ws/ROS2_Humble/install/my_robot_interfaces/lib:${LD_LIBRARY_PATH} PYTHONPATH=/home/parallels/ros2_ws/ROS2_Humble/install/my_robot_interfaces/local/lib/python3.10/dist-packages:${PYTHONPATH} /usr/bin/cmake /home/parallels/ros2_ws/ROS2_Humble/src/my_cpp_pkg -DCMAKE_INSTALL_PREFIX=/home/parallels/ros2_ws/ROS2_Humble/install/my_cpp_pkg
[0.299s] -- The C compiler identification is GNU 11.4.0
[0.300s] -- The CXX compiler identification is GNU 11.4.0
[0.300s] -- Detecting C compiler ABI info
[0.300s] -- Detecting C compiler ABI info - done
[0.300s] -- Check for working C compiler: /usr/bin/cc - skipped
[0.300s] -- Detecting C compile features
[0.301s] -- Detecting C compile features - done
[0.301s] -- Detecting CXX compiler ABI info
[0.301s] -- Detecting CXX compiler ABI info - done
[0.301s] -- Check for working CXX compiler: /usr/bin/c++ - skipped
[0.301s] -- Detecting CXX compile features
[0.301s] -- Detecting CXX compile features - done
[0.301s] -- Found ament_cmake: 1.3.11 (/opt/ros/humble/share/ament_cmake/cmake)
[0.301s] -- Found Python3: /usr/bin/python3 (found version "3.10.12") found components: Interpreter 
[0.354s] -- Found rclcpp: 16.0.12 (/opt/ros/humble/share/rclcpp/cmake)
[0.423s] -- Found rosidl_generator_c: 3.1.6 (/opt/ros/humble/share/rosidl_generator_c/cmake)
[0.433s] -- Found rosidl_adapter: 3.1.6 (/opt/ros/humble/share/rosidl_adapter/cmake)
[0.444s] -- Found rosidl_generator_cpp: 3.1.6 (/opt/ros/humble/share/rosidl_generator_cpp/cmake)
[0.458s] -- Using all available rosidl_typesupport_c: rosidl_typesupport_fastrtps_c;rosidl_typesupport_introspection_c
[0.477s] -- Using all available rosidl_typesupport_cpp: rosidl_typesupport_fastrtps_cpp;rosidl_typesupport_introspection_cpp
[0.555s] -- Found rmw_implementation_cmake: 6.1.2 (/opt/ros/humble/share/rmw_implementation_cmake/cmake)
[0.562s] -- Found rmw_fastrtps_cpp: 6.2.7 (/opt/ros/humble/share/rmw_fastrtps_cpp/cmake)
[0.643s] -- Found OpenSSL: /usr/lib/aarch64-linux-gnu/libcrypto.so (found version "3.0.2")  
[0.667s] -- Found FastRTPS: /opt/ros/humble/include  
[0.713s] -- Using RMW implementation 'rmw_fastrtps_cpp' as default
[0.727s] -- Looking for pthread.h
[0.789s] -- Looking for pthread.h - found
[0.789s] -- Performing Test CMAKE_HAVE_LIBC_PTHREAD
[0.869s] -- Performing Test CMAKE_HAVE_LIBC_PTHREAD - Success
[0.873s] -- Found Threads: TRUE  
[0.917s] -- Found example_interfaces: 0.9.3 (/opt/ros/humble/share/example_interfaces/cmake)
[0.947s] -- Found my_robot_interfaces: 0.0.0 (/home/parallels/ros2_ws/ROS2_Humble/install/my_robot_interfaces/share/my_robot_interfaces/cmake)
[0.997s] -- Configuring done
[1.000s] [33mCMake Warning (dev) at CMakeLists.txt:24 (add_executable):
[1.000s]   Policy CMP0115 is not set: Source file extensions must be explicit.  Run
[1.000s]   "cmake --help-policy CMP0115" for policy details.  Use the cmake_policy
[1.000s]   command to set the policy and suppress this warning.
[1.000s] 
[1.000s]   File:
[1.000s] 
[1.000s]     /home/parallels/ros2_ws/ROS2_Humble/src/my_cpp_pkg/src/hardwareStatus_pub.cpp
[1.000s] This warning is for project developers.  Use -Wno-dev to suppress it.
[1.000s] [0m
[1.000s] [33mCMake Warning (dev) at CMakeLists.txt:27 (add_executable):
[1.000s]   Policy CMP0115 is not set: Source file extensions must be explicit.  Run
[1.000s]   "cmake --help-policy CMP0115" for policy details.  Use the cmake_policy
[1.000s]   command to set the policy and suppress this warning.
[1.001s] 
[1.001s]   File:
[1.001s] 
[1.001s]     /home/parallels/ros2_ws/ROS2_Humble/src/my_cpp_pkg/src/hardwarestatus_sub.cpp
[1.001s] This warning is for project developers.  Use -Wno-dev to suppress it.
[1.001s] [0m
[1.001s] [33mCMake Warning (dev) at CMakeLists.txt:30 (add_executable):
[1.001s]   Policy CMP0115 is not set: Source file extensions must be explicit.  Run
[1.001s]   "cmake --help-policy CMP0115" for policy details.  Use the cmake_policy
[1.001s]   command to set the policy and suppress this warning.
[1.001s] 
[1.001s]   File:
[1.001s] 
[1.001s]     /home/parallels/ros2_ws/ROS2_Humble/src/my_cpp_pkg/src/battery_node.cpp
[1.001s] This warning is for project developers.  Use -Wno-dev to suppress it.
[1.001s] [0m
[1.001s] [33mCMake Warning (dev) at CMakeLists.txt:33 (add_executable):
[1.001s]   Policy CMP0115 is not set: Source file extensions must be explicit.  Run
[1.001s]   "cmake --help-policy CMP0115" for policy details.  Use the cmake_policy
[1.001s]   command to set the policy and suppress this warning.
[1.001s] 
[1.001s]   File:
[1.001s] 
[1.001s]     /home/parallels/ros2_ws/ROS2_Humble/src/my_cpp_pkg/src/LED_panel.cpp
[1.001s] This warning is for project developers.  Use -Wno-dev to suppress it.
[1.001s] [0m
[1.014s] -- Generating done
[1.020s] -- Build files have been written to: /home/parallels/ros2_ws/ROS2_Humble/build/my_cpp_pkg
[1.026s] Invoked command in '/home/parallels/ros2_ws/ROS2_Humble/build/my_cpp_pkg' returned '0': AMENT_PREFIX_PATH=/home/parallels/ros2_ws/ROS2_Humble/install/my_robot_interfaces:${AMENT_PREFIX_PATH} CMAKE_PREFIX_PATH=/home/parallels/ros2_ws/ROS2_Humble/install/my_robot_interfaces:/home/parallels/ros2_humble/install/lifecycle_cpp:/home/parallels/ros2_ws/install/urdf_sim_tutorial:/home/parallels/ros2_ws/install/turtlecatch_bringup:/home/parallels/ros2_ws/install/polygon_plugins:/home/parallels/ros2_ws/install/polygon_base:/home/parallels/ros2_ws/install/my_robot_station_bringup:/home/parallels/ros2_ws/install/my_robot_bringup:/home/parallels/ros2_ws/install/my_cpp_pkg:/home/parallels/ros2_ws/install/actions_cpp:/home/parallels/ros2_ws/install/my_robot_interfaces:/home/parallels/ros2_ws/install/my_robot_bringup_gazebo:/home/parallels/ros2_ws/install/my_robot_description:/home/parallels/ros2_ws/install/add_two_ints_cpp:/usr:/home/parallels/ros2_humble/install/lifecycle_py:/home/parallels/ros2_ws/install/turtlesim_catch_them_all:/home/parallels/ros2_ws/install/number_counter:/home/parallels/ros2_ws/install/my_py_pkg:/home/parallels/ros2_ws/install/actions_py:/home/parallels/ros2_ws/install/add_two_ints:/opt/ros/humble LD_LIBRARY_PATH=/home/parallels/ros2_ws/ROS2_Humble/install/my_robot_interfaces/lib:${LD_LIBRARY_PATH} PYTHONPATH=/home/parallels/ros2_ws/ROS2_Humble/install/my_robot_interfaces/local/lib/python3.10/dist-packages:${PYTHONPATH} /usr/bin/cmake /home/parallels/ros2_ws/ROS2_Humble/src/my_cpp_pkg -DCMAKE_INSTALL_PREFIX=/home/parallels/ros2_ws/ROS2_Humble/install/my_cpp_pkg
[1.027s] Invoking command in '/home/parallels/ros2_ws/ROS2_Humble/build/my_cpp_pkg': AMENT_PREFIX_PATH=/home/parallels/ros2_ws/ROS2_Humble/install/my_robot_interfaces:${AMENT_PREFIX_PATH} CMAKE_PREFIX_PATH=/home/parallels/ros2_ws/ROS2_Humble/install/my_robot_interfaces:/home/parallels/ros2_humble/install/lifecycle_cpp:/home/parallels/ros2_ws/install/urdf_sim_tutorial:/home/parallels/ros2_ws/install/turtlecatch_bringup:/home/parallels/ros2_ws/install/polygon_plugins:/home/parallels/ros2_ws/install/polygon_base:/home/parallels/ros2_ws/install/my_robot_station_bringup:/home/parallels/ros2_ws/install/my_robot_bringup:/home/parallels/ros2_ws/install/my_cpp_pkg:/home/parallels/ros2_ws/install/actions_cpp:/home/parallels/ros2_ws/install/my_robot_interfaces:/home/parallels/ros2_ws/install/my_robot_bringup_gazebo:/home/parallels/ros2_ws/install/my_robot_description:/home/parallels/ros2_ws/install/add_two_ints_cpp:/usr:/home/parallels/ros2_humble/install/lifecycle_py:/home/parallels/ros2_ws/install/turtlesim_catch_them_all:/home/parallels/ros2_ws/install/number_counter:/home/parallels/ros2_ws/install/my_py_pkg:/home/parallels/ros2_ws/install/actions_py:/home/parallels/ros2_ws/install/add_two_ints:/opt/ros/humble LD_LIBRARY_PATH=/home/parallels/ros2_ws/ROS2_Humble/install/my_robot_interfaces/lib:${LD_LIBRARY_PATH} PYTHONPATH=/home/parallels/ros2_ws/ROS2_Humble/install/my_robot_interfaces/local/lib/python3.10/dist-packages:${PYTHONPATH} /usr/bin/cmake --build /home/parallels/ros2_ws/ROS2_Humble/build/my_cpp_pkg -- -j8 -l8
[1.049s] [35m[1mConsolidate compiler generated dependencies of target robot_radio_station[0m
[1.050s] [35m[1mConsolidate compiler generated dependencies of target smartphone[0m
[1.053s] [35m[1mConsolidate compiler generated dependencies of target cpp_node[0m
[1.056s] [35m[1mConsolidate compiler generated dependencies of target client_battery[0m
[1.062s] [35m[1mConsolidate compiler generated dependencies of target hardwarestatus_pub[0m
[1.068s] [ 14%] Built target robot_radio_station
[1.068s] [ 28%] Built target smartphone
[1.072s] [35m[1mConsolidate compiler generated dependencies of target LED_panel[0m
[1.073s] [ 42%] Built target cpp_node
[1.074s] [ 57%] Built target hardwarestatus_pub
[1.083s] [ 71%] Built target client_battery
[1.085s] [35m[1mConsolidate compiler generated dependencies of target hardwarestatus_sub[0m
[1.089s] [ 85%] Built target LED_panel
[1.098s] [100%] Built target hardwarestatus_sub
[1.107s] Invoked command in '/home/parallels/ros2_ws/ROS2_Humble/build/my_cpp_pkg' returned '0': AMENT_PREFIX_PATH=/home/parallels/ros2_ws/ROS2_Humble/install/my_robot_interfaces:${AMENT_PREFIX_PATH} CMAKE_PREFIX_PATH=/home/parallels/ros2_ws/ROS2_Humble/install/my_robot_interfaces:/home/parallels/ros2_humble/install/lifecycle_cpp:/home/parallels/ros2_ws/install/urdf_sim_tutorial:/home/parallels/ros2_ws/install/turtlecatch_bringup:/home/parallels/ros2_ws/install/polygon_plugins:/home/parallels/ros2_ws/install/polygon_base:/home/parallels/ros2_ws/install/my_robot_station_bringup:/home/parallels/ros2_ws/install/my_robot_bringup:/home/parallels/ros2_ws/install/my_cpp_pkg:/home/parallels/ros2_ws/install/actions_cpp:/home/parallels/ros2_ws/install/my_robot_interfaces:/home/parallels/ros2_ws/install/my_robot_bringup_gazebo:/home/parallels/ros2_ws/install/my_robot_description:/home/parallels/ros2_ws/install/add_two_ints_cpp:/usr:/home/parallels/ros2_humble/install/lifecycle_py:/home/parallels/ros2_ws/install/turtlesim_catch_them_all:/home/parallels/ros2_ws/install/number_counter:/home/parallels/ros2_ws/install/my_py_pkg:/home/parallels/ros2_ws/install/actions_py:/home/parallels/ros2_ws/install/add_two_ints:/opt/ros/humble LD_LIBRARY_PATH=/home/parallels/ros2_ws/ROS2_Humble/install/my_robot_interfaces/lib:${LD_LIBRARY_PATH} PYTHONPATH=/home/parallels/ros2_ws/ROS2_Humble/install/my_robot_interfaces/local/lib/python3.10/dist-packages:${PYTHONPATH} /usr/bin/cmake --build /home/parallels/ros2_ws/ROS2_Humble/build/my_cpp_pkg -- -j8 -l8
[1.108s] Invoking command in '/home/parallels/ros2_ws/ROS2_Humble/build/my_cpp_pkg': AMENT_PREFIX_PATH=/home/parallels/ros2_ws/ROS2_Humble/install/my_robot_interfaces:${AMENT_PREFIX_PATH} CMAKE_PREFIX_PATH=/home/parallels/ros2_ws/ROS2_Humble/install/my_robot_interfaces:/home/parallels/ros2_humble/install/lifecycle_cpp:/home/parallels/ros2_ws/install/urdf_sim_tutorial:/home/parallels/ros2_ws/install/turtlecatch_bringup:/home/parallels/ros2_ws/install/polygon_plugins:/home/parallels/ros2_ws/install/polygon_base:/home/parallels/ros2_ws/install/my_robot_station_bringup:/home/parallels/ros2_ws/install/my_robot_bringup:/home/parallels/ros2_ws/install/my_cpp_pkg:/home/parallels/ros2_ws/install/actions_cpp:/home/parallels/ros2_ws/install/my_robot_interfaces:/home/parallels/ros2_ws/install/my_robot_bringup_gazebo:/home/parallels/ros2_ws/install/my_robot_description:/home/parallels/ros2_ws/install/add_two_ints_cpp:/usr:/home/parallels/ros2_humble/install/lifecycle_py:/home/parallels/ros2_ws/install/turtlesim_catch_them_all:/home/parallels/ros2_ws/install/number_counter:/home/parallels/ros2_ws/install/my_py_pkg:/home/parallels/ros2_ws/install/actions_py:/home/parallels/ros2_ws/install/add_two_ints:/opt/ros/humble LD_LIBRARY_PATH=/home/parallels/ros2_ws/ROS2_Humble/install/my_robot_interfaces/lib:${LD_LIBRARY_PATH} PYTHONPATH=/home/parallels/ros2_ws/ROS2_Humble/install/my_robot_interfaces/local/lib/python3.10/dist-packages:${PYTHONPATH} /usr/bin/cmake --install /home/parallels/ros2_ws/ROS2_Humble/build/my_cpp_pkg
[1.111s] -- Install configuration: ""
[1.111s] -- Up-to-date: /home/parallels/ros2_ws/ROS2_Humble/install/my_cpp_pkg/lib/my_cpp_pkg/cpp_node
[1.112s] -- Up-to-date: /home/parallels/ros2_ws/ROS2_Humble/install/my_cpp_pkg/lib/my_cpp_pkg/robot_radio_station
[1.112s] -- Up-to-date: /home/parallels/ros2_ws/ROS2_Humble/install/my_cpp_pkg/lib/my_cpp_pkg/smartphone
[1.112s] -- Up-to-date: /home/parallels/ros2_ws/ROS2_Humble/install/my_cpp_pkg/lib/my_cpp_pkg/hardwarestatus_pub
[1.112s] -- Up-to-date: /home/parallels/ros2_ws/ROS2_Humble/install/my_cpp_pkg/lib/my_cpp_pkg/hardwarestatus_sub
[1.112s] -- Up-to-date: /home/parallels/ros2_ws/ROS2_Humble/install/my_cpp_pkg/lib/my_cpp_pkg/client_battery
[1.112s] -- Up-to-date: /home/parallels/ros2_ws/ROS2_Humble/install/my_cpp_pkg/lib/my_cpp_pkg/LED_panel
[1.113s] -- Up-to-date: /home/parallels/ros2_ws/ROS2_Humble/install/my_cpp_pkg/share/ament_index/resource_index/package_run_dependencies/my_cpp_pkg
[1.113s] -- Up-to-date: /home/parallels/ros2_ws/ROS2_Humble/install/my_cpp_pkg/share/ament_index/resource_index/parent_prefix_path/my_cpp_pkg
[1.113s] -- Up-to-date: /home/parallels/ros2_ws/ROS2_Humble/install/my_cpp_pkg/share/my_cpp_pkg/environment/ament_prefix_path.sh
[1.113s] -- Installing: /home/parallels/ros2_ws/ROS2_Humble/install/my_cpp_pkg/share/my_cpp_pkg/environment/ament_prefix_path.dsv
[1.114s] -- Up-to-date: /home/parallels/ros2_ws/ROS2_Humble/install/my_cpp_pkg/share/my_cpp_pkg/environment/path.sh
[1.114s] -- Installing: /home/parallels/ros2_ws/ROS2_Humble/install/my_cpp_pkg/share/my_cpp_pkg/environment/path.dsv
[1.114s] -- Up-to-date: /home/parallels/ros2_ws/ROS2_Humble/install/my_cpp_pkg/share/my_cpp_pkg/local_setup.bash
[1.114s] -- Up-to-date: /home/parallels/ros2_ws/ROS2_Humble/install/my_cpp_pkg/share/my_cpp_pkg/local_setup.sh
[1.114s] -- Up-to-date: /home/parallels/ros2_ws/ROS2_Humble/install/my_cpp_pkg/share/my_cpp_pkg/local_setup.zsh
[1.114s] -- Installing: /home/parallels/ros2_ws/ROS2_Humble/install/my_cpp_pkg/share/my_cpp_pkg/local_setup.dsv
[1.114s] -- Installing: /home/parallels/ros2_ws/ROS2_Humble/install/my_cpp_pkg/share/my_cpp_pkg/package.dsv
[1.114s] -- Up-to-date: /home/parallels/ros2_ws/ROS2_Humble/install/my_cpp_pkg/share/ament_index/resource_index/packages/my_cpp_pkg
[1.114s] -- Up-to-date: /home/parallels/ros2_ws/ROS2_Humble/install/my_cpp_pkg/share/my_cpp_pkg/cmake/my_cpp_pkgConfig.cmake
[1.114s] -- Up-to-date: /home/parallels/ros2_ws/ROS2_Humble/install/my_cpp_pkg/share/my_cpp_pkg/cmake/my_cpp_pkgConfig-version.cmake
[1.114s] -- Up-to-date: /home/parallels/ros2_ws/ROS2_Humble/install/my_cpp_pkg/share/my_cpp_pkg/package.xml
[1.116s] Invoked command in '/home/parallels/ros2_ws/ROS2_Humble/build/my_cpp_pkg' returned '0': AMENT_PREFIX_PATH=/home/parallels/ros2_ws/ROS2_Humble/install/my_robot_interfaces:${AMENT_PREFIX_PATH} CMAKE_PREFIX_PATH=/home/parallels/ros2_ws/ROS2_Humble/install/my_robot_interfaces:/home/parallels/ros2_humble/install/lifecycle_cpp:/home/parallels/ros2_ws/install/urdf_sim_tutorial:/home/parallels/ros2_ws/install/turtlecatch_bringup:/home/parallels/ros2_ws/install/polygon_plugins:/home/parallels/ros2_ws/install/polygon_base:/home/parallels/ros2_ws/install/my_robot_station_bringup:/home/parallels/ros2_ws/install/my_robot_bringup:/home/parallels/ros2_ws/install/my_cpp_pkg:/home/parallels/ros2_ws/install/actions_cpp:/home/parallels/ros2_ws/install/my_robot_interfaces:/home/parallels/ros2_ws/install/my_robot_bringup_gazebo:/home/parallels/ros2_ws/install/my_robot_description:/home/parallels/ros2_ws/install/add_two_ints_cpp:/usr:/home/parallels/ros2_humble/install/lifecycle_py:/home/parallels/ros2_ws/install/turtlesim_catch_them_all:/home/parallels/ros2_ws/install/number_counter:/home/parallels/ros2_ws/install/my_py_pkg:/home/parallels/ros2_ws/install/actions_py:/home/parallels/ros2_ws/install/add_two_ints:/opt/ros/humble LD_LIBRARY_PATH=/home/parallels/ros2_ws/ROS2_Humble/install/my_robot_interfaces/lib:${LD_LIBRARY_PATH} PYTHONPATH=/home/parallels/ros2_ws/ROS2_Humble/install/my_robot_interfaces/local/lib/python3.10/dist-packages:${PYTHONPATH} /usr/bin/cmake --install /home/parallels/ros2_ws/ROS2_Humble/build/my_cpp_pkg
