[0.170s] Invoking command in '/home/parallels/ros2_ws/build/add_two_ints_cpp': CMAKE_PREFIX_PATH=${CMAKE_PREFIX_PATH}:/home/parallels/ros2_ws/install/turtlesim_catch_them_all:/home/parallels/ros2_ws/install/number_counter:/home/parallels/ros2_ws/install/my_py_pkg:/home/parallels/ros2_ws/install/add_two_ints:/opt/ros/humble /usr/bin/cmake /home/parallels/ros2_ws/src/add_two_ints_cpp -DCMAKE_INSTALL_PREFIX=/home/parallels/ros2_ws/install/add_two_ints_cpp
[0.337s] -- The C compiler identification is GNU 11.4.0
[0.337s] -- The CXX compiler identification is GNU 11.4.0
[0.337s] -- Detecting C compiler ABI info
[0.337s] -- Detecting C compiler ABI info - done
[0.337s] -- Check for working C compiler: /usr/bin/cc - skipped
[0.337s] -- Detecting C compile features
[0.337s] -- Detecting C compile features - done
[0.337s] -- Detecting CXX compiler ABI info
[0.378s] -- Detecting CXX compiler ABI info - done
[0.382s] -- Check for working CXX compiler: /usr/bin/c++ - skipped
[0.382s] -- Detecting CXX compile features
[0.383s] -- Detecting CXX compile features - done
[0.391s] -- Found ament_cmake: 1.3.11 (/opt/ros/humble/share/ament_cmake/cmake)
[0.520s] -- Found Python3: /usr/bin/python3 (found version "3.10.12") found components: Interpreter 
[0.666s] -- Found rclcpp: 16.0.12 (/opt/ros/humble/share/rclcpp/cmake)
[0.749s] -- Found rosidl_generator_c: 3.1.6 (/opt/ros/humble/share/rosidl_generator_c/cmake)
[0.771s] -- Found rosidl_adapter: 3.1.6 (/opt/ros/humble/share/rosidl_adapter/cmake)
[0.799s] -- Found rosidl_generator_cpp: 3.1.6 (/opt/ros/humble/share/rosidl_generator_cpp/cmake)
[0.801s] -- Using all available rosidl_typesupport_c: rosidl_typesupport_fastrtps_c;rosidl_typesupport_introspection_c
[0.827s] -- Using all available rosidl_typesupport_cpp: rosidl_typesupport_fastrtps_cpp;rosidl_typesupport_introspection_cpp
[0.902s] -- Found rmw_implementation_cmake: 6.1.2 (/opt/ros/humble/share/rmw_implementation_cmake/cmake)
[0.907s] -- Found rmw_fastrtps_cpp: 6.2.7 (/opt/ros/humble/share/rmw_fastrtps_cpp/cmake)
[1.024s] -- Found OpenSSL: /usr/lib/aarch64-linux-gnu/libcrypto.so (found version "3.0.2")  
[1.060s] -- Found FastRTPS: /opt/ros/humble/include  
[1.094s] -- Using RMW implementation 'rmw_fastrtps_cpp' as default
[1.106s] -- Looking for pthread.h
[1.166s] -- Looking for pthread.h - found
[1.166s] -- Performing Test CMAKE_HAVE_LIBC_PTHREAD
[1.248s] -- Performing Test CMAKE_HAVE_LIBC_PTHREAD - Success
[1.248s] -- Found Threads: TRUE  
[1.298s] -- Found example_interfaces: 0.9.3 (/opt/ros/humble/share/example_interfaces/cmake)
[1.398s] -- Configuring done
[1.406s] -- Generating done
[1.409s] -- Build files have been written to: /home/parallels/ros2_ws/build/add_two_ints_cpp
[1.423s] Invoked command in '/home/parallels/ros2_ws/build/add_two_ints_cpp' returned '0': CMAKE_PREFIX_PATH=${CMAKE_PREFIX_PATH}:/home/parallels/ros2_ws/install/turtlesim_catch_them_all:/home/parallels/ros2_ws/install/number_counter:/home/parallels/ros2_ws/install/my_py_pkg:/home/parallels/ros2_ws/install/add_two_ints:/opt/ros/humble /usr/bin/cmake /home/parallels/ros2_ws/src/add_two_ints_cpp -DCMAKE_INSTALL_PREFIX=/home/parallels/ros2_ws/install/add_two_ints_cpp
[1.425s] Invoking command in '/home/parallels/ros2_ws/build/add_two_ints_cpp': CMAKE_PREFIX_PATH=${CMAKE_PREFIX_PATH}:/home/parallels/ros2_ws/install/turtlesim_catch_them_all:/home/parallels/ros2_ws/install/number_counter:/home/parallels/ros2_ws/install/my_py_pkg:/home/parallels/ros2_ws/install/add_two_ints:/opt/ros/humble /usr/bin/cmake --build /home/parallels/ros2_ws/build/add_two_ints_cpp -- -j8 -l8
[1.468s] [35m[1mConsolidate compiler generated dependencies of target add_two_ints_server_cpp[0m
[1.479s] [35m[1mConsolidate compiler generated dependencies of target add_two_ints_client_no_oop[0m
[1.481s] [ 33%] Built target add_two_ints_server_cpp
[1.483s] [35m[1mConsolidate compiler generated dependencies of target add_two_ints_client[0m
[1.493s] [ 66%] Built target add_two_ints_client_no_oop
[1.495s] [100%] Built target add_two_ints_client
[1.514s] Invoked command in '/home/parallels/ros2_ws/build/add_two_ints_cpp' returned '0': CMAKE_PREFIX_PATH=${CMAKE_PREFIX_PATH}:/home/parallels/ros2_ws/install/turtlesim_catch_them_all:/home/parallels/ros2_ws/install/number_counter:/home/parallels/ros2_ws/install/my_py_pkg:/home/parallels/ros2_ws/install/add_two_ints:/opt/ros/humble /usr/bin/cmake --build /home/parallels/ros2_ws/build/add_two_ints_cpp -- -j8 -l8
[1.516s] Invoking command in '/home/parallels/ros2_ws/build/add_two_ints_cpp': CMAKE_PREFIX_PATH=${CMAKE_PREFIX_PATH}:/home/parallels/ros2_ws/install/turtlesim_catch_them_all:/home/parallels/ros2_ws/install/number_counter:/home/parallels/ros2_ws/install/my_py_pkg:/home/parallels/ros2_ws/install/add_two_ints:/opt/ros/humble /usr/bin/cmake --install /home/parallels/ros2_ws/build/add_two_ints_cpp
[1.519s] -- Install configuration: ""
[1.520s] -- Installing: /home/parallels/ros2_ws/install/add_two_ints_cpp/lib/add_two_ints_cpp/add_two_ints_server_cpp
[1.521s] -- Set runtime path of "/home/parallels/ros2_ws/install/add_two_ints_cpp/lib/add_two_ints_cpp/add_two_ints_server_cpp" to ""
[1.522s] -- Installing: /home/parallels/ros2_ws/install/add_two_ints_cpp/lib/add_two_ints_cpp/add_two_ints_client_no_oop
[1.523s] -- Set runtime path of "/home/parallels/ros2_ws/install/add_two_ints_cpp/lib/add_two_ints_cpp/add_two_ints_client_no_oop" to ""
[1.526s] -- Installing: /home/parallels/ros2_ws/install/add_two_ints_cpp/lib/add_two_ints_cpp/add_two_ints_client
[1.526s] -- Set runtime path of "/home/parallels/ros2_ws/install/add_two_ints_cpp/lib/add_two_ints_cpp/add_two_ints_client" to ""
[1.526s] -- Up-to-date: /home/parallels/ros2_ws/install/add_two_ints_cpp/share/ament_index/resource_index/package_run_dependencies/add_two_ints_cpp
[1.526s] -- Installing: /home/parallels/ros2_ws/install/add_two_ints_cpp/share/ament_index/resource_index/parent_prefix_path/add_two_ints_cpp
[1.528s] -- Up-to-date: /home/parallels/ros2_ws/install/add_two_ints_cpp/share/add_two_ints_cpp/environment/ament_prefix_path.sh
[1.528s] -- Installing: /home/parallels/ros2_ws/install/add_two_ints_cpp/share/add_two_ints_cpp/environment/ament_prefix_path.dsv
[1.528s] -- Up-to-date: /home/parallels/ros2_ws/install/add_two_ints_cpp/share/add_two_ints_cpp/environment/path.sh
[1.528s] -- Installing: /home/parallels/ros2_ws/install/add_two_ints_cpp/share/add_two_ints_cpp/environment/path.dsv
[1.528s] -- Up-to-date: /home/parallels/ros2_ws/install/add_two_ints_cpp/share/add_two_ints_cpp/local_setup.bash
[1.528s] -- Up-to-date: /home/parallels/ros2_ws/install/add_two_ints_cpp/share/add_two_ints_cpp/local_setup.sh
[1.528s] -- Up-to-date: /home/parallels/ros2_ws/install/add_two_ints_cpp/share/add_two_ints_cpp/local_setup.zsh
[1.528s] -- Installing: /home/parallels/ros2_ws/install/add_two_ints_cpp/share/add_two_ints_cpp/local_setup.dsv
[1.528s] -- Installing: /home/parallels/ros2_ws/install/add_two_ints_cpp/share/add_two_ints_cpp/package.dsv
[1.528s] -- Up-to-date: /home/parallels/ros2_ws/install/add_two_ints_cpp/share/ament_index/resource_index/packages/add_two_ints_cpp
[1.528s] -- Up-to-date: /home/parallels/ros2_ws/install/add_two_ints_cpp/share/add_two_ints_cpp/cmake/add_two_ints_cppConfig.cmake
[1.528s] -- Up-to-date: /home/parallels/ros2_ws/install/add_two_ints_cpp/share/add_two_ints_cpp/cmake/add_two_ints_cppConfig-version.cmake
[1.528s] -- Up-to-date: /home/parallels/ros2_ws/install/add_two_ints_cpp/share/add_two_ints_cpp/package.xml
[1.534s] Invoked command in '/home/parallels/ros2_ws/build/add_two_ints_cpp' returned '0': CMAKE_PREFIX_PATH=${CMAKE_PREFIX_PATH}:/home/parallels/ros2_ws/install/turtlesim_catch_them_all:/home/parallels/ros2_ws/install/number_counter:/home/parallels/ros2_ws/install/my_py_pkg:/home/parallels/ros2_ws/install/add_two_ints:/opt/ros/humble /usr/bin/cmake --install /home/parallels/ros2_ws/build/add_two_ints_cpp
