[0.338s] Invoking command in '/home/parallels/ros2_ws/build/number_counter': PYTHONPATH=/home/parallels/ros2_ws/build/number_counter/prefix_override:/usr/lib/python3/dist-packages/colcon_core/task/python/colcon_distutils_commands:/home/parallels/ros2_ws/install/number_counter/lib/python3.10/site-packages:${PYTHONPATH} /usr/bin/python3 -W ignore:setup.py install is deprecated setup.py develop --editable --build-directory /home/parallels/ros2_ws/build/number_counter/build --no-deps symlink_data
[0.462s] running develop
[0.532s] running egg_info
[0.532s] creating number_counter.egg-info
[0.533s] writing number_counter.egg-info/PKG-INFO
[0.533s] writing dependency_links to number_counter.egg-info/dependency_links.txt
[0.533s] writing entry points to number_counter.egg-info/entry_points.txt
[0.533s] writing requirements to number_counter.egg-info/requires.txt
[0.533s] writing top-level names to number_counter.egg-info/top_level.txt
[0.533s] writing manifest file 'number_counter.egg-info/SOURCES.txt'
[0.533s] reading manifest file 'number_counter.egg-info/SOURCES.txt'
[0.534s] writing manifest file 'number_counter.egg-info/SOURCES.txt'
[0.534s] running build_ext
[0.535s] Creating /home/parallels/ros2_ws/install/number_counter/lib/python3.10/site-packages/number-counter.egg-link (link to .)
[0.535s] Installing number_pub script to /home/parallels/ros2_ws/install/number_counter/lib/number_counter
[0.535s] 
[0.535s] Installed /home/parallels/ros2_ws/build/number_counter
[0.535s] running symlink_data
[0.535s] creating /home/parallels/ros2_ws/install/number_counter/share/ament_index
[0.535s] creating /home/parallels/ros2_ws/install/number_counter/share/ament_index/resource_index
[0.535s] creating /home/parallels/ros2_ws/install/number_counter/share/ament_index/resource_index/packages
[0.535s] symbolically linking /home/parallels/ros2_ws/build/number_counter/resource/number_counter -> /home/parallels/ros2_ws/install/number_counter/share/ament_index/resource_index/packages
[0.535s] symbolically linking /home/parallels/ros2_ws/build/number_counter/package.xml -> /home/parallels/ros2_ws/install/number_counter/share/number_counter
[0.551s] Invoked command in '/home/parallels/ros2_ws/build/number_counter' returned '0': PYTHONPATH=/home/parallels/ros2_ws/build/number_counter/prefix_override:/usr/lib/python3/dist-packages/colcon_core/task/python/colcon_distutils_commands:/home/parallels/ros2_ws/install/number_counter/lib/python3.10/site-packages:${PYTHONPATH} /usr/bin/python3 -W ignore:setup.py install is deprecated setup.py develop --editable --build-directory /home/parallels/ros2_ws/build/number_counter/build --no-deps symlink_data
