[0.567s] Invoking command in '/home/parallels/ros2_ws/src/turtlesim_catch_them_all': CMAKE_PREFIX_PATH=/home/parallels/ros2_ws/install/my_robot_interfaces:/home/parallels/ros2_ws/install/urdf_sim_tutorial:/home/parallels/ros2_ws/install/turtlecatch_bringup:/home/parallels/ros2_ws/install/polygon_plugins:/home/parallels/ros2_ws/install/polygon_base:/home/parallels/ros2_ws/install/my_robot_station_bringup:/home/parallels/ros2_ws/install/my_robot_bringup:/home/parallels/ros2_ws/install/my_cpp_pkg:/home/parallels/ros2_ws/install/my_robot_description:/home/parallels/ros2_ws/install/my_robot_bringup_gazebo:/home/parallels/ros2_ws/install/add_two_ints_cpp:/usr:/usr LD_LIBRARY_PATH=/home/parallels/ros2_ws/install/my_robot_interfaces/lib:/home/parallels/ros2_ws/install/polygon_plugins/lib:/opt/ros/humble/opt/rviz_ogre_vendor/lib:/opt/ros/humble/lib/aarch64-linux-gnu:/opt/ros/humble/lib PYTHONPATH=/home/parallels/ros2_ws/build/turtlesim_catch_them_all/prefix_override:/usr/lib/python3/dist-packages/colcon_core/task/python/colcon_distutils_commands:/home/parallels/ros2_ws/install/turtlesim_catch_them_all/lib/python3.10/site-packages:${PYTHONPATH} /usr/bin/python3 -W ignore:setup.py install is deprecated -W ignore:easy_install command is deprecated setup.py egg_info --egg-base ../../build/turtlesim_catch_them_all build --build-base /home/parallels/ros2_ws/build/turtlesim_catch_them_all/build install --record /home/parallels/ros2_ws/build/turtlesim_catch_them_all/install.log --single-version-externally-managed install_data
[0.696s] running egg_info
[0.697s] creating ../../build/turtlesim_catch_them_all/turtlesim_catch_them_all.egg-info
[0.697s] writing ../../build/turtlesim_catch_them_all/turtlesim_catch_them_all.egg-info/PKG-INFO
[0.697s] writing dependency_links to ../../build/turtlesim_catch_them_all/turtlesim_catch_them_all.egg-info/dependency_links.txt
[0.697s] writing entry points to ../../build/turtlesim_catch_them_all/turtlesim_catch_them_all.egg-info/entry_points.txt
[0.697s] writing requirements to ../../build/turtlesim_catch_them_all/turtlesim_catch_them_all.egg-info/requires.txt
[0.697s] writing top-level names to ../../build/turtlesim_catch_them_all/turtlesim_catch_them_all.egg-info/top_level.txt
[0.697s] writing manifest file '../../build/turtlesim_catch_them_all/turtlesim_catch_them_all.egg-info/SOURCES.txt'
[0.698s] reading manifest file '../../build/turtlesim_catch_them_all/turtlesim_catch_them_all.egg-info/SOURCES.txt'
[0.699s] writing manifest file '../../build/turtlesim_catch_them_all/turtlesim_catch_them_all.egg-info/SOURCES.txt'
[0.699s] running build
[0.699s] running build_py
[0.699s] creating /home/parallels/ros2_ws/build/turtlesim_catch_them_all/build
[0.699s] creating /home/parallels/ros2_ws/build/turtlesim_catch_them_all/build/lib
[0.699s] creating /home/parallels/ros2_ws/build/turtlesim_catch_them_all/build/lib/turtlesim_catch_them_all
[0.699s] copying turtlesim_catch_them_all/turtle_controller.py -> /home/parallels/ros2_ws/build/turtlesim_catch_them_all/build/lib/turtlesim_catch_them_all
[0.699s] copying turtlesim_catch_them_all/__init__.py -> /home/parallels/ros2_ws/build/turtlesim_catch_them_all/build/lib/turtlesim_catch_them_all
[0.699s] copying turtlesim_catch_them_all/turtle_spawner.py -> /home/parallels/ros2_ws/build/turtlesim_catch_them_all/build/lib/turtlesim_catch_them_all
[0.699s] running install
[0.699s] running install_lib
[0.699s] creating /home/parallels/ros2_ws/install/turtlesim_catch_them_all/lib/python3.10/site-packages/turtlesim_catch_them_all
[0.699s] copying /home/parallels/ros2_ws/build/turtlesim_catch_them_all/build/lib/turtlesim_catch_them_all/turtle_controller.py -> /home/parallels/ros2_ws/install/turtlesim_catch_them_all/lib/python3.10/site-packages/turtlesim_catch_them_all
[0.701s] copying /home/parallels/ros2_ws/build/turtlesim_catch_them_all/build/lib/turtlesim_catch_them_all/__init__.py -> /home/parallels/ros2_ws/install/turtlesim_catch_them_all/lib/python3.10/site-packages/turtlesim_catch_them_all
[0.701s] copying /home/parallels/ros2_ws/build/turtlesim_catch_them_all/build/lib/turtlesim_catch_them_all/turtle_spawner.py -> /home/parallels/ros2_ws/install/turtlesim_catch_them_all/lib/python3.10/site-packages/turtlesim_catch_them_all
[0.701s] byte-compiling /home/parallels/ros2_ws/install/turtlesim_catch_them_all/lib/python3.10/site-packages/turtlesim_catch_them_all/turtle_controller.py to turtle_controller.cpython-310.pyc
[0.701s] byte-compiling /home/parallels/ros2_ws/install/turtlesim_catch_them_all/lib/python3.10/site-packages/turtlesim_catch_them_all/__init__.py to __init__.cpython-310.pyc
[0.701s] byte-compiling /home/parallels/ros2_ws/install/turtlesim_catch_them_all/lib/python3.10/site-packages/turtlesim_catch_them_all/turtle_spawner.py to turtle_spawner.cpython-310.pyc
[0.701s] running install_data
[0.701s] creating /home/parallels/ros2_ws/install/turtlesim_catch_them_all/share/ament_index
[0.701s] creating /home/parallels/ros2_ws/install/turtlesim_catch_them_all/share/ament_index/resource_index
[0.702s] creating /home/parallels/ros2_ws/install/turtlesim_catch_them_all/share/ament_index/resource_index/packages
[0.702s] copying resource/turtlesim_catch_them_all -> /home/parallels/ros2_ws/install/turtlesim_catch_them_all/share/ament_index/resource_index/packages
[0.702s] copying package.xml -> /home/parallels/ros2_ws/install/turtlesim_catch_them_all/share/turtlesim_catch_them_all
[0.702s] running install_egg_info
[0.702s] Copying ../../build/turtlesim_catch_them_all/turtlesim_catch_them_all.egg-info to /home/parallels/ros2_ws/install/turtlesim_catch_them_all/lib/python3.10/site-packages/turtlesim_catch_them_all-0.0.0-py3.10.egg-info
[0.702s] running install_scripts
[0.711s] Installing turtle_controll script to /home/parallels/ros2_ws/install/turtlesim_catch_them_all/lib/turtlesim_catch_them_all
[0.711s] Installing turtle_spawn script to /home/parallels/ros2_ws/install/turtlesim_catch_them_all/lib/turtlesim_catch_them_all
[0.711s] writing list of installed files to '/home/parallels/ros2_ws/build/turtlesim_catch_them_all/install.log'
[0.728s] Invoked command in '/home/parallels/ros2_ws/src/turtlesim_catch_them_all' returned '0': CMAKE_PREFIX_PATH=/home/parallels/ros2_ws/install/my_robot_interfaces:/home/parallels/ros2_ws/install/urdf_sim_tutorial:/home/parallels/ros2_ws/install/turtlecatch_bringup:/home/parallels/ros2_ws/install/polygon_plugins:/home/parallels/ros2_ws/install/polygon_base:/home/parallels/ros2_ws/install/my_robot_station_bringup:/home/parallels/ros2_ws/install/my_robot_bringup:/home/parallels/ros2_ws/install/my_cpp_pkg:/home/parallels/ros2_ws/install/my_robot_description:/home/parallels/ros2_ws/install/my_robot_bringup_gazebo:/home/parallels/ros2_ws/install/add_two_ints_cpp:/usr:/usr LD_LIBRARY_PATH=/home/parallels/ros2_ws/install/my_robot_interfaces/lib:/home/parallels/ros2_ws/install/polygon_plugins/lib:/opt/ros/humble/opt/rviz_ogre_vendor/lib:/opt/ros/humble/lib/aarch64-linux-gnu:/opt/ros/humble/lib PYTHONPATH=/home/parallels/ros2_ws/build/turtlesim_catch_them_all/prefix_override:/usr/lib/python3/dist-packages/colcon_core/task/python/colcon_distutils_commands:/home/parallels/ros2_ws/install/turtlesim_catch_them_all/lib/python3.10/site-packages:${PYTHONPATH} /usr/bin/python3 -W ignore:setup.py install is deprecated -W ignore:easy_install command is deprecated setup.py egg_info --egg-base ../../build/turtlesim_catch_them_all build --build-base /home/parallels/ros2_ws/build/turtlesim_catch_them_all/build install --record /home/parallels/ros2_ws/build/turtlesim_catch_them_all/install.log --single-version-externally-managed install_data
