-- Found ament_cmake: 1.3.11 (/opt/ros/humble/share/ament_cmake/cmake)
-- Override CMake install command with custom implementation using symlinks instead of copying resources
-- Configuring done
-- Generating done
-- Build files have been written to: /home/parallels/ros2_ws/ROS2_Humble/build/my_robot_lifecycle_bringup
-- Install configuration: ""
-- Execute custom install script
-- Symlinking: /home/parallels/ros2_ws/ROS2_Humble/install/my_robot_lifecycle_bringup/share/my_robot_lifecycle_bringup//launch/lifecycle_test.launch.py
-- Symlinking: /home/parallels/ros2_ws/ROS2_Humble/install/my_robot_lifecycle_bringup/share/my_robot_lifecycle_bringup//launch/lifecycle_test.launch.xml
-- Symlinking: /home/parallels/ros2_ws/ROS2_Humble/install/my_robot_lifecycle_bringup/share/ament_index/resource_index/package_run_dependencies/my_robot_lifecycle_bringup
-- Symlinking: /home/parallels/ros2_ws/ROS2_Humble/install/my_robot_lifecycle_bringup/share/ament_index/resource_index/parent_prefix_path/my_robot_lifecycle_bringup
-- Symlinking: /home/parallels/ros2_ws/ROS2_Humble/install/my_robot_lifecycle_bringup/share/my_robot_lifecycle_bringup/environment/ament_prefix_path.sh
-- Symlinking: /home/parallels/ros2_ws/ROS2_Humble/install/my_robot_lifecycle_bringup/share/my_robot_lifecycle_bringup/environment/ament_prefix_path.dsv
-- Symlinking: /home/parallels/ros2_ws/ROS2_Humble/install/my_robot_lifecycle_bringup/share/my_robot_lifecycle_bringup/environment/path.sh
-- Symlinking: /home/parallels/ros2_ws/ROS2_Humble/install/my_robot_lifecycle_bringup/share/my_robot_lifecycle_bringup/environment/path.dsv
-- Symlinking: /home/parallels/ros2_ws/ROS2_Humble/install/my_robot_lifecycle_bringup/share/my_robot_lifecycle_bringup/local_setup.bash
-- Symlinking: /home/parallels/ros2_ws/ROS2_Humble/install/my_robot_lifecycle_bringup/share/my_robot_lifecycle_bringup/local_setup.sh
-- Symlinking: /home/parallels/ros2_ws/ROS2_Humble/install/my_robot_lifecycle_bringup/share/my_robot_lifecycle_bringup/local_setup.zsh
-- Symlinking: /home/parallels/ros2_ws/ROS2_Humble/install/my_robot_lifecycle_bringup/share/my_robot_lifecycle_bringup/local_setup.dsv
-- Symlinking: /home/parallels/ros2_ws/ROS2_Humble/install/my_robot_lifecycle_bringup/share/my_robot_lifecycle_bringup/package.dsv
-- Symlinking: /home/parallels/ros2_ws/ROS2_Humble/install/my_robot_lifecycle_bringup/share/ament_index/resource_index/packages/my_robot_lifecycle_bringup
-- Symlinking: /home/parallels/ros2_ws/ROS2_Humble/install/my_robot_lifecycle_bringup/share/my_robot_lifecycle_bringup/cmake/my_robot_lifecycle_bringupConfig.cmake
-- Symlinking: /home/parallels/ros2_ws/ROS2_Humble/install/my_robot_lifecycle_bringup/share/my_robot_lifecycle_bringup/cmake/my_robot_lifecycle_bringupConfig-version.cmake
-- Symlinking: /home/parallels/ros2_ws/ROS2_Humble/install/my_robot_lifecycle_bringup/share/my_robot_lifecycle_bringup/package.xml
