[0.310s] Invoking command in '/home/parallels/ros2_ws/ROS2_Humble/build/lifecycle_py': PYTHONPATH=/home/parallels/ros2_ws/ROS2_Humble/build/lifecycle_py/prefix_override:/usr/lib/python3/dist-packages/colcon_core/task/python/colcon_distutils_commands:/home/parallels/ros2_ws/ROS2_Humble/install/lifecycle_py/lib/python3.10/site-packages:${PYTHONPATH} /usr/bin/python3 -W ignore:setup.py install is deprecated -W ignore:easy_install command is deprecated setup.py develop --uninstall --editable --build-directory /home/parallels/ros2_ws/ROS2_Humble/build/lifecycle_py/build
[0.446s] running develop
[0.518s] Removing /home/parallels/ros2_ws/ROS2_Humble/install/lifecycle_py/lib/python3.10/site-packages/lifecycle-py.egg-link (link to .)
[0.535s] Invoked command in '/home/parallels/ros2_ws/ROS2_Humble/build/lifecycle_py' returned '0': PYTHONPATH=/home/parallels/ros2_ws/ROS2_Humble/build/lifecycle_py/prefix_override:/usr/lib/python3/dist-packages/colcon_core/task/python/colcon_distutils_commands:/home/parallels/ros2_ws/ROS2_Humble/install/lifecycle_py/lib/python3.10/site-packages:${PYTHONPATH} /usr/bin/python3 -W ignore:setup.py install is deprecated -W ignore:easy_install command is deprecated setup.py develop --uninstall --editable --build-directory /home/parallels/ros2_ws/ROS2_Humble/build/lifecycle_py/build
[0.536s] Invoking command in '/home/parallels/ros2_ws/ROS2_Humble/src/lifecycle_py': PYTHONPATH=/home/parallels/ros2_ws/ROS2_Humble/build/lifecycle_py/prefix_override:/usr/lib/python3/dist-packages/colcon_core/task/python/colcon_distutils_commands:/home/parallels/ros2_ws/ROS2_Humble/install/lifecycle_py/lib/python3.10/site-packages:${PYTHONPATH} /usr/bin/python3 -W ignore:setup.py install is deprecated -W ignore:easy_install command is deprecated setup.py egg_info --egg-base ../../build/lifecycle_py build --build-base /home/parallels/ros2_ws/ROS2_Humble/build/lifecycle_py/build install --record /home/parallels/ros2_ws/ROS2_Humble/build/lifecycle_py/install.log --single-version-externally-managed install_data --force
[0.656s] running egg_info
[0.657s] writing ../../build/lifecycle_py/lifecycle_py.egg-info/PKG-INFO
[0.657s] writing dependency_links to ../../build/lifecycle_py/lifecycle_py.egg-info/dependency_links.txt
[0.657s] writing entry points to ../../build/lifecycle_py/lifecycle_py.egg-info/entry_points.txt
[0.657s] writing requirements to ../../build/lifecycle_py/lifecycle_py.egg-info/requires.txt
[0.657s] writing top-level names to ../../build/lifecycle_py/lifecycle_py.egg-info/top_level.txt
[0.658s] reading manifest file '../../build/lifecycle_py/lifecycle_py.egg-info/SOURCES.txt'
[0.658s] writing manifest file '../../build/lifecycle_py/lifecycle_py.egg-info/SOURCES.txt'
[0.658s] running build
[0.658s] running build_py
[0.658s] copying lifecycle_py/reach_until_server.py -> /home/parallels/ros2_ws/ROS2_Humble/build/lifecycle_py/build/lib/lifecycle_py
[0.658s] copying lifecycle_py/lifecycle_node_manager.py -> /home/parallels/ros2_ws/ROS2_Humble/build/lifecycle_py/build/lib/lifecycle_py
[0.658s] running install
[0.659s] running install_lib
[0.659s] creating /home/parallels/ros2_ws/ROS2_Humble/install/lifecycle_py/lib/python3.10/site-packages/lifecycle_py
[0.659s] copying /home/parallels/ros2_ws/ROS2_Humble/build/lifecycle_py/build/lib/lifecycle_py/number_publisher.py -> /home/parallels/ros2_ws/ROS2_Humble/install/lifecycle_py/lib/python3.10/site-packages/lifecycle_py
[0.659s] copying /home/parallels/ros2_ws/ROS2_Humble/build/lifecycle_py/build/lib/lifecycle_py/reach_until_server.py -> /home/parallels/ros2_ws/ROS2_Humble/install/lifecycle_py/lib/python3.10/site-packages/lifecycle_py
[0.659s] copying /home/parallels/ros2_ws/ROS2_Humble/build/lifecycle_py/build/lib/lifecycle_py/__init__.py -> /home/parallels/ros2_ws/ROS2_Humble/install/lifecycle_py/lib/python3.10/site-packages/lifecycle_py
[0.659s] copying /home/parallels/ros2_ws/ROS2_Humble/build/lifecycle_py/build/lib/lifecycle_py/lifecycle_node_manager.py -> /home/parallels/ros2_ws/ROS2_Humble/install/lifecycle_py/lib/python3.10/site-packages/lifecycle_py
[0.659s] byte-compiling /home/parallels/ros2_ws/ROS2_Humble/install/lifecycle_py/lib/python3.10/site-packages/lifecycle_py/number_publisher.py to number_publisher.cpython-310.pyc
[0.660s] byte-compiling /home/parallels/ros2_ws/ROS2_Humble/install/lifecycle_py/lib/python3.10/site-packages/lifecycle_py/reach_until_server.py to reach_until_server.cpython-310.pyc
[0.660s] byte-compiling /home/parallels/ros2_ws/ROS2_Humble/install/lifecycle_py/lib/python3.10/site-packages/lifecycle_py/__init__.py to __init__.cpython-310.pyc
[0.660s] byte-compiling /home/parallels/ros2_ws/ROS2_Humble/install/lifecycle_py/lib/python3.10/site-packages/lifecycle_py/lifecycle_node_manager.py to lifecycle_node_manager.cpython-310.pyc
[0.661s] running install_data
[0.661s] copying resource/lifecycle_py -> /home/parallels/ros2_ws/ROS2_Humble/install/lifecycle_py/share/ament_index/resource_index/packages
[0.661s] copying package.xml -> /home/parallels/ros2_ws/ROS2_Humble/install/lifecycle_py/share/lifecycle_py
[0.661s] running install_egg_info
[0.662s] Copying ../../build/lifecycle_py/lifecycle_py.egg-info to /home/parallels/ros2_ws/ROS2_Humble/install/lifecycle_py/lib/python3.10/site-packages/lifecycle_py-0.0.0-py3.10.egg-info
[0.662s] running install_scripts
[0.672s] Installing lifecycle_node_manager script to /home/parallels/ros2_ws/ROS2_Humble/install/lifecycle_py/lib/lifecycle_py
[0.672s] Installing number_publisher script to /home/parallels/ros2_ws/ROS2_Humble/install/lifecycle_py/lib/lifecycle_py
[0.672s] Installing reach_until_server script to /home/parallels/ros2_ws/ROS2_Humble/install/lifecycle_py/lib/lifecycle_py
[0.672s] writing list of installed files to '/home/parallels/ros2_ws/ROS2_Humble/build/lifecycle_py/install.log'
[0.684s] Invoked command in '/home/parallels/ros2_ws/ROS2_Humble/src/lifecycle_py' returned '0': PYTHONPATH=/home/parallels/ros2_ws/ROS2_Humble/build/lifecycle_py/prefix_override:/usr/lib/python3/dist-packages/colcon_core/task/python/colcon_distutils_commands:/home/parallels/ros2_ws/ROS2_Humble/install/lifecycle_py/lib/python3.10/site-packages:${PYTHONPATH} /usr/bin/python3 -W ignore:setup.py install is deprecated -W ignore:easy_install command is deprecated setup.py egg_info --egg-base ../../build/lifecycle_py build --build-base /home/parallels/ros2_ws/ROS2_Humble/build/lifecycle_py/build install --record /home/parallels/ros2_ws/ROS2_Humble/build/lifecycle_py/install.log --single-version-externally-managed install_data --force
