[0.008s] Invoking command in '/home/parallels/ros2_ws/build/my_robot_interfaces': CMAKE_PREFIX_PATH=${CMAKE_PREFIX_PATH}:/home/parallels/ros2_ws/ros2_humble/install/turtlesim_catch_them_all:/home/parallels/ros2_ws/ros2_humble/install/rqt_joint_trajectory_controller:/home/parallels/ros2_ws/ros2_humble/install/rqt_controller_manager:/home/parallels/ros2_ws/ros2_humble/install/ros2controlcli:/home/parallels/ros2_ws/ros2_humble/install/ros2_controllers_test_nodes:/home/parallels/ros2_ws/ros2_humble/install/number_counter:/home/parallels/ros2_ws/ros2_humble/install/my_py_pkg:/home/parallels/ros2_ws/ros2_humble/install/add_two_ints:/opt/ros/humble /usr/bin/cmake --build /home/parallels/ros2_ws/build/my_robot_interfaces -- -j4 -l4
[0.043s] -- Found ament_cmake: 1.3.11 (/opt/ros/humble/share/ament_cmake/cmake)
[0.140s] [31mCMake Error at CMakeLists.txt:10 (find_package):
[0.141s]   By not providing "Findrosidl_default_generators.cmake" in CMAKE_MODULE_PATH
[0.141s]   this project has asked CMake to find a package configuration file provided
[0.141s]   by "rosidl_default_generators", but CMake did not find one.
[0.141s] 
[0.141s]   Could not find a package configuration file provided by
[0.141s]   "rosidl_default_generators" with any of the following names:
[0.141s] 
[0.141s]     rosidl_default_generatorsConfig.cmake
[0.141s]     rosidl_default_generators-config.cmake
[0.141s] 
[0.141s]   Add the installation prefix of "rosidl_default_generators" to
[0.141s]   CMAKE_PREFIX_PATH or set "rosidl_default_generators_DIR" to a directory
[0.141s]   containing one of the above files.  If "rosidl_default_generators" provides
[0.141s]   a separate development package or SDK, be sure it has been installed.
[0.141s] 
[0.141s] [0m
[0.143s] -- Configuring incomplete, errors occurred!
[0.143s] See also "/home/parallels/ros2_ws/build/my_robot_interfaces/CMakeFiles/CMakeOutput.log".
[0.146s] gmake: *** [Makefile:2043: cmake_check_build_system] Error 1
