[0.012s] Invoking command in '/home/parallels/ros2_ws/build/ign_ros2_control': CMAKE_PREFIX_PATH=/home/parallels/ros2_ws/install/controller_manager:/home/parallels/ros2_ws/install/hardware_interface_testing:/home/parallels/ros2_ws/install/controller_interface:/home/parallels/ros2_ws/install/hardware_interface:/home/parallels/ros2_ws/install/ros2_control_test_assets:/home/parallels/ros2_ws/install/controller_manager_msgs:/home/parallels/ros2_ws/install/ros2_controllers:/home/parallels/ros2_ws/install/ign_ros2_control_demos:/home/parallels/ros2_ws/install/velocity_controllers:/home/parallels/ros2_ws/install/tricycle_steering_controller:/home/parallels/ros2_ws/install/tricycle_controller:/home/parallels/ros2_ws/install/ros2_control:/home/parallels/ros2_ws/install/transmission_interface:/home/parallels/ros2_ws/install/bicycle_steering_controller:/home/parallels/ros2_ws/install/ackermann_steering_controller:/home/parallels/ros2_ws/install/steering_controllers_library:/home/parallels/ros2_ws/install/gz_ros2_control_tests:/home/parallels/ros2_ws/install/ign_ros2_control:/home/parallels/ros2_ws/install/ros2_control_demo_description:/home/parallels/ros2_ws/install/range_sensor_broadcaster:/home/parallels/ros2_ws/install/position_controllers:/home/parallels/ros2_ws/install/polygon_plugins:/home/parallels/ros2_ws/install/admittance_controller:/home/parallels/ros2_ws/install/joint_trajectory_controller:/home/parallels/ros2_ws/install/joint_state_broadcaster:/home/parallels/ros2_ws/install/joint_limits:/home/parallels/ros2_ws/install/imu_sensor_broadcaster:/home/parallels/ros2_ws/install/gripper_controllers:/home/parallels/ros2_ws/install/effort_controllers:/home/parallels/ros2_ws/install/forward_command_controller:/home/parallels/ros2_ws/install/force_torque_sensor_broadcaster:/home/parallels/ros2_ws/install/diff_drive_controller:/usr:/home/parallels/ros2_ws/install/rqt_joint_trajectory_controller:/home/parallels/ros2_ws/install/rqt_controller_manager:/home/parallels/ros2_ws/install/ros2controlcli:/home/parallels/ros2_ws/install/ros2_controllers_test_nodes:/home/parallels/ros2_ws/install/polygon_base:/opt/ros/humble LD_LIBRARY_PATH=/home/parallels/ros2_ws/install/controller_manager/lib:/home/parallels/ros2_ws/install/hardware_interface_testing/lib:/home/parallels/ros2_ws/install/controller_interface/lib:/home/parallels/ros2_ws/install/hardware_interface/lib:/home/parallels/ros2_ws/install/controller_manager_msgs/lib:/home/parallels/ros2_ws/install/velocity_controllers/lib:/home/parallels/ros2_ws/install/tricycle_steering_controller/lib:/home/parallels/ros2_ws/install/tricycle_controller/lib:/home/parallels/ros2_ws/install/transmission_interface/lib:/home/parallels/ros2_ws/install/bicycle_steering_controller/lib:/home/parallels/ros2_ws/install/ackermann_steering_controller/lib:/home/parallels/ros2_ws/install/steering_controllers_library/lib:/home/parallels/ros2_ws/install/ign_ros2_control/lib:/home/parallels/ros2_ws/install/range_sensor_broadcaster/lib:/home/parallels/ros2_ws/install/position_controllers/lib:/home/parallels/ros2_ws/install/polygon_plugins/lib:/home/parallels/ros2_ws/install/admittance_controller/lib:/home/parallels/ros2_ws/install/joint_trajectory_controller/lib:/home/parallels/ros2_ws/install/joint_state_broadcaster/lib:/home/parallels/ros2_ws/install/imu_sensor_broadcaster/lib:/home/parallels/ros2_ws/install/gripper_controllers/lib:/home/parallels/ros2_ws/install/effort_controllers/lib:/home/parallels/ros2_ws/install/forward_command_controller/lib:/home/parallels/ros2_ws/install/force_torque_sensor_broadcaster/lib:/home/parallels/ros2_ws/install/diff_drive_controller/lib:/opt/ros/humble/opt/rviz_ogre_vendor/lib:/opt/ros/humble/lib/aarch64-linux-gnu:/opt/ros/humble/lib /usr/bin/cmake /home/parallels/ros2_ws/src/gz_ros2_control/ign_ros2_control -DCMAKE_INSTALL_PREFIX=/home/parallels/ros2_ws/install/ign_ros2_control
[0.058s] -- The C compiler identification is GNU 11.4.0
[0.089s] -- The CXX compiler identification is GNU 11.4.0
[0.093s] -- Detecting C compiler ABI info
[0.182s] -- Detecting C compiler ABI info - done
[0.186s] -- Check for working C compiler: /usr/bin/cc - skipped
[0.186s] -- Detecting C compile features
[0.186s] -- Detecting C compile features - done
[0.188s] -- Detecting CXX compiler ABI info
[0.245s] -- Detecting CXX compiler ABI info - done
[0.249s] -- Check for working CXX compiler: /usr/bin/c++ - skipped
[0.249s] -- Detecting CXX compile features
[0.250s] -- Detecting CXX compile features - done
[0.255s] -- Found ament_cmake: 1.3.10 (/opt/ros/humble/share/ament_cmake/cmake)
[0.344s] -- Found Python3: /usr/bin/python3 (found version "3.10.12") found components: Interpreter 
[0.450s] -- Found ament_index_cpp: 1.4.0 (/opt/ros/humble/share/ament_index_cpp/cmake)
[0.451s] -- Found controller_manager: 2.41.0 (/home/parallels/ros2_ws/install/controller_manager/share/controller_manager/cmake)
[0.518s] -- Found rosidl_generator_c: 3.1.5 (/opt/ros/humble/share/rosidl_generator_c/cmake)
[0.532s] -- Found rosidl_adapter: 3.1.5 (/opt/ros/humble/share/rosidl_adapter/cmake)
[0.545s] -- Found rosidl_generator_cpp: 3.1.5 (/opt/ros/humble/share/rosidl_generator_cpp/cmake)
[0.560s] -- Using all available rosidl_typesupport_c: rosidl_typesupport_fastrtps_c;rosidl_typesupport_introspection_c
[0.581s] -- Using all available rosidl_typesupport_cpp: rosidl_typesupport_fastrtps_cpp;rosidl_typesupport_introspection_cpp
[0.807s] -- Found rmw_implementation_cmake: 6.1.2 (/opt/ros/humble/share/rmw_implementation_cmake/cmake)
[0.812s] -- Found rmw_fastrtps_cpp: 6.2.7 (/opt/ros/humble/share/rmw_fastrtps_cpp/cmake)
[0.847s] -- Found TinyXML2 via Config file: TinyXML2_DIR-NOTFOUND
[0.899s] -- Found OpenSSL: /usr/lib/aarch64-linux-gnu/libcrypto.so (found version "3.0.2")  
[0.901s] -- Found TinyXML2 via Config file: TinyXML2_DIR-NOTFOUND
[0.913s] -- Found FastRTPS: /opt/ros/humble/include  
[0.915s] -- Found TinyXML2 via Config file: TinyXML2_DIR-NOTFOUND
[0.924s] -- Found TinyXML2 via Config file: TinyXML2_DIR-NOTFOUND
[0.932s] -- Using RMW implementation 'rmw_fastrtps_cpp' as default
[0.947s] -- Looking for pthread.h
[1.035s] -- Looking for pthread.h - found
[1.035s] -- Performing Test CMAKE_HAVE_LIBC_PTHREAD
[1.102s] -- Performing Test CMAKE_HAVE_LIBC_PTHREAD - Success
[1.103s] -- Found Threads: TRUE  
[1.195s] -- Found yaml_cpp_vendor: 8.0.2 (/opt/ros/humble/share/yaml_cpp_vendor/cmake)
[1.201s] -- Looking for ignition-gazebo6 -- found version 6.16.0
[1.210s] -- Searching for dependencies of ignition-gazebo6
[1.212s] -- Looking for sdformat12 -- found version 12.8.0
[1.212s] -- Searching for dependencies of sdformat12
[1.215s] -- Checking for module 'tinyxml2'
[1.265s] --   Found tinyxml2, version 9.0.0
[1.304s] -- Looking for ignition-math6 -- found version 6.15.1
[1.305s] -- Searching for dependencies of ignition-math6
[1.309s] -- Looking for ignition-utils1 -- found version 1.5.1
[1.309s] -- Searching for dependencies of ignition-utils1
[1.335s] -- Looking for ignition-plugin1 -- found version 1.4.0
[1.335s] -- Searching for dependencies of ignition-plugin1
[1.336s] -- Searching for <ignition-plugin1> component [loader]
[1.337s] -- Looking for ignition-plugin1-loader -- found version 1.4.0
[1.337s] -- Searching for dependencies of ignition-plugin1-loader
[1.338s] -- Searching for <ignition-plugin1> component [register]
[1.339s] -- Looking for ignition-plugin1-register -- found version 1.4.0
[1.339s] -- Searching for dependencies of ignition-plugin1-register
[1.342s] -- Looking for ignition-transport11 -- found version 11.4.1
[1.342s] -- Searching for dependencies of ignition-transport11
[1.404s] -- Found Protobuf: /usr/lib/aarch64-linux-gnu/libprotobuf.so (found version "3.12.4") 
[1.414s] -- Config-file not installed for ZeroMQ -- checking for pkg-config
[1.437s] -- Checking for module 'libzmq >= 4'
[1.490s] --   Found libzmq , version 4.3.4
[1.508s] -- Found ZeroMQ: TRUE (Required is at least version "4") 
[1.513s] -- Checking for module 'uuid'
[1.535s] --   Found uuid, version 2.37.2
[1.549s] -- Found UUID: TRUE  
[1.550s] -- Looking for ignition-utils1 -- found version 1.5.1
[1.550s] -- Searching for dependencies of ignition-utils1
[1.550s] -- Searching for <ignition-utils1> component [cli]
[1.552s] -- Looking for ignition-utils1-cli -- found version 1.5.1
[1.552s] -- Searching for dependencies of ignition-utils1-cli
[1.554s] -- Looking for ignition-msgs8 -- found version 8.7.0
[1.555s] -- Searching for dependencies of ignition-msgs8
[1.568s] -- Found Protobuf: /usr/lib/aarch64-linux-gnu/libprotobuf.so (found suitable version "3.12.4", minimum required is "3") 
[1.568s] -- Looking for ignition-math6 -- found version 6.15.1
[1.574s] -- Searching for <ignition-transport11> component [log]
[1.575s] -- Looking for ignition-transport11-log -- found version 11.4.1
[1.576s] -- Searching for dependencies of ignition-transport11-log
[1.576s] -- Searching for <ignition-transport11> component [parameters]
[1.577s] -- Looking for ignition-transport11-parameters -- found version 11.4.1
[1.578s] -- Searching for dependencies of ignition-transport11-parameters
[1.579s] -- Looking for ignition-msgs8 -- found version 8.7.0
[1.581s] -- Looking for ignition-common4 -- found version 4.7.0
[1.581s] -- Searching for dependencies of ignition-common4
[1.582s] -- Looking for dlfcn.h - found
[1.582s] -- Looking for libdl - found
[1.583s] -- Found DL: TRUE  
[1.588s] -- Searching for <ignition-common4> component [profiler]
[1.592s] -- Looking for ignition-common4-profiler -- found version 4.7.0
[1.592s] -- Searching for dependencies of ignition-common4-profiler
[1.592s] -- Searching for <ignition-common4> component [events]
[1.594s] -- Looking for ignition-common4-events -- found version 4.7.0
[1.594s] -- Searching for dependencies of ignition-common4-events
[1.594s] -- Looking for ignition-math6 -- found version 6.15.1
[1.595s] -- Searching for <ignition-common4> component [av]
[1.596s] -- Looking for ignition-common4-av -- found version 4.7.0
[1.597s] -- Searching for dependencies of ignition-common4-av
[1.600s] -- Checking for module 'libswscale'
[1.626s] --   Found libswscale, version 5.9.100
[1.641s] -- Found SWSCALE: TRUE  
[1.644s] -- Checking for module 'libavdevice >= 56.4.100'
[1.659s] --   Found libavdevice , version 58.13.100
[1.676s] -- Found AVDEVICE: TRUE (Required is at least version "56.4.100") 
[1.679s] -- Checking for module 'libavformat'
[1.687s] --   Found libavformat, version 58.76.100
[1.702s] -- Found AVFORMAT: TRUE  
[1.705s] -- Checking for module 'libavcodec'
[1.712s] --   Found libavcodec, version 58.134.100
[1.732s] -- Found AVCODEC: TRUE  
[1.736s] -- Checking for module 'libavutil'
[1.743s] --   Found libavutil, version 56.70.100
[1.757s] -- Found AVUTIL: TRUE  
[1.761s] -- Looking for ignition-fuel_tools7 -- found version 7.3.1
[1.761s] -- Searching for dependencies of ignition-fuel_tools7
[1.822s] -- Found CURL: /usr/lib/aarch64-linux-gnu/libcurl.so (found version "7.81.0")  
[1.830s] -- Checking for module 'jsoncpp'
[1.841s] --   Found jsoncpp, version 1.9.5
[1.858s] -- Found JSONCPP: TRUE  
[1.863s] -- Checking for module 'libzip'
[1.870s] --   Found libzip, version 1.7.3
[1.886s] -- Found ZIP: TRUE  
[1.886s] -- Looking for ignition-common4 -- found version 4.7.0
[1.887s] -- Looking for ignition-math6 -- found version 6.15.1
[1.887s] -- Looking for ignition-msgs8 -- found version 8.7.0
[1.891s] -- Looking for ignition-gui6 -- found version 6.8.0
[1.891s] -- Searching for dependencies of ignition-gui6
[1.910s] -- Looking for ignition-math6 -- found version 6.15.1
[1.911s] -- Looking for ignition-common4 -- found version 4.7.0
[1.911s] -- Looking for ignition-plugin1 -- found version 1.4.0
[1.911s] -- Looking for ignition-transport11 -- found version 11.4.1
[1.918s] -- Looking for ignition-rendering6 -- found version 6.6.3
[1.919s] -- Searching for dependencies of ignition-rendering6
[1.919s] -- Looking for ignition-math6 -- found version 6.15.1
[1.919s] -- Searching for dependencies of ignition-math6
[1.919s] -- Searching for <ignition-math6> component [eigen3]
[1.932s] -- Looking for ignition-math6-eigen3 -- found version 6.15.1
[1.932s] -- Searching for dependencies of ignition-math6-eigen3
[1.938s] -- Looking for ignition-common4 -- found version 4.7.0
[1.938s] -- Searching for dependencies of ignition-common4
[1.938s] -- Looking for dlfcn.h - found
[1.938s] -- Looking for libdl - found
[1.945s] -- Searching for <ignition-common4> component [graphics]
[1.946s] -- Looking for ignition-common4-graphics -- found version 4.7.0
[1.947s] -- Searching for dependencies of ignition-common4-graphics
[1.947s] -- Looking for ignition-math6 -- found version 6.15.1
[1.947s] -- Looking for ignition-utils1 -- found version 1.5.1
[1.948s] -- Searching for <ignition-common4> component [events]
[1.949s] -- Looking for ignition-plugin1 -- found version 1.4.0
[1.949s] -- Searching for dependencies of ignition-plugin1
[1.949s] -- Searching for <ignition-plugin1> component [all]
[1.951s] -- Looking for all libraries of ignition-plugin1 -- found version 1.4.0
[1.951s] -- Looking for ignition-plugin1 -- found version 1.4.0
[1.953s] -- Looking for ignition-msgs8 -- found version 8.7.0
[1.986s] -- Looking for ignition-physics5 -- found version 5.3.2
[1.987s] -- Searching for dependencies of ignition-physics5
[1.987s] -- Looking for ignition-math6 -- found version 6.15.1
[1.987s] -- Looking for ignition-plugin1 -- found version 1.4.0
[1.988s] -- Looking for ignition-utils1 -- found version 1.5.1
[1.989s] -- Searching for <ignition-physics5> component [heightmap]
[1.990s] -- Looking for ignition-physics5-heightmap -- found version 5.3.2
[1.991s] -- Searching for dependencies of ignition-physics5-heightmap
[1.991s] -- Looking for ignition-common4 -- found version 4.7.0
[1.991s] -- Searching for <ignition-physics5> component [mesh]
[1.993s] -- Looking for ignition-physics5-mesh -- found version 5.3.2
[1.993s] -- Searching for dependencies of ignition-physics5-mesh
[1.993s] -- Looking for ignition-common4 -- found version 4.7.0
[1.994s] -- Searching for <ignition-physics5> component [sdf]
[1.995s] -- Looking for ignition-physics5-sdf -- found version 5.3.2
[1.996s] -- Searching for dependencies of ignition-physics5-sdf
[1.996s] -- Looking for sdformat12 -- found version 12.8.0
[2.002s] -- Looking for ignition-sensors6 -- found version 6.8.1
[2.002s] -- Searching for dependencies of ignition-sensors6
[2.015s] -- Found Protobuf: /usr/lib/aarch64-linux-gnu/libprotobuf.so (found version "3.12.4") 
[2.016s] -- Looking for ignition-math6 -- found version 6.15.1
[2.016s] -- Looking for ignition-common4 -- found version 4.7.0
[2.016s] -- Looking for ignition-transport11 -- found version 11.4.1
[2.016s] -- Looking for ignition-rendering6 -- found version 6.6.3
[2.017s] -- Looking for ignition-msgs8 -- found version 8.7.0
[2.025s] -- Looking for sdformat12 -- found version 12.8.0
[2.025s] -- Searching for <ignition-sensors6> component [air_pressure]
[2.027s] -- Looking for ignition-sensors6-air_pressure -- found version 6.8.1
[2.028s] -- Searching for dependencies of ignition-sensors6-air_pressure
[2.028s] -- Searching for <ignition-sensors6> component [altimeter]
[2.030s] -- Looking for ignition-sensors6-altimeter -- found version 6.8.1
[2.030s] -- Searching for dependencies of ignition-sensors6-altimeter
[2.031s] -- Searching for <ignition-sensors6> component [imu]
[2.032s] -- Looking for ignition-sensors6-imu -- found version 6.8.1
[2.033s] -- Searching for dependencies of ignition-sensors6-imu
[2.033s] -- Searching for <ignition-sensors6> component [force_torque]
[2.035s] -- Looking for ignition-sensors6-force_torque -- found version 6.8.1
[2.035s] -- Searching for dependencies of ignition-sensors6-force_torque
[2.036s] -- Searching for <ignition-sensors6> component [logical_camera]
[2.037s] -- Looking for ignition-sensors6-logical_camera -- found version 6.8.1
[2.038s] -- Searching for dependencies of ignition-sensors6-logical_camera
[2.038s] -- Searching for <ignition-sensors6> component [magnetometer]
[2.040s] -- Looking for ignition-sensors6-magnetometer -- found version 6.8.1
[2.040s] -- Searching for dependencies of ignition-sensors6-magnetometer
[2.041s] -- Searching for <ignition-sensors6> component [navsat]
[2.042s] -- Looking for ignition-sensors6-navsat -- found version 6.8.1
[2.043s] -- Searching for dependencies of ignition-sensors6-navsat
[2.043s] -- Searching for <ignition-sensors6> component [rendering]
[2.045s] -- Looking for ignition-sensors6-rendering -- found version 6.8.1
[2.045s] -- Searching for dependencies of ignition-sensors6-rendering
[2.045s] -- Searching for <ignition-sensors6> component [lidar]
[2.047s] -- Looking for ignition-sensors6-lidar -- found version 6.8.1
[2.047s] -- Searching for dependencies of ignition-sensors6-lidar
[2.048s] -- Looking for ignition-sensors6 -- found version 6.8.1
[2.048s] -- Searching for <ignition-sensors6> component [gpu_lidar]
[2.049s] -- Looking for ignition-sensors6-gpu_lidar -- found version 6.8.1
[2.050s] -- Searching for dependencies of ignition-sensors6-gpu_lidar
[2.050s] -- Looking for ignition-sensors6 -- found version 6.8.1
[2.050s] -- Searching for <ignition-sensors6> component [camera]
[2.052s] -- Looking for ignition-sensors6-camera -- found version 6.8.1
[2.052s] -- Searching for dependencies of ignition-sensors6-camera
[2.053s] -- Looking for ignition-sensors6 -- found version 6.8.1
[2.053s] -- Searching for <ignition-sensors6> component [boundingbox_camera]
[2.055s] -- Looking for ignition-sensors6-boundingbox_camera -- found version 6.8.1
[2.055s] -- Searching for dependencies of ignition-sensors6-boundingbox_camera
[2.056s] -- Searching for <ignition-sensors6> component [segmentation_camera]
[2.057s] -- Looking for ignition-sensors6-segmentation_camera -- found version 6.8.1
[2.057s] -- Searching for dependencies of ignition-sensors6-segmentation_camera
[2.058s] -- Searching for <ignition-sensors6> component [depth_camera]
[2.059s] -- Looking for ignition-sensors6-depth_camera -- found version 6.8.1
[2.059s] -- Searching for dependencies of ignition-sensors6-depth_camera
[2.060s] -- Looking for ignition-sensors6 -- found version 6.8.1
[2.060s] -- Searching for <ignition-sensors6> component [rgbd_camera]
[2.061s] -- Looking for ignition-sensors6-rgbd_camera -- found version 6.8.1
[2.062s] -- Searching for dependencies of ignition-sensors6-rgbd_camera
[2.062s] -- Looking for ignition-sensors6 -- found version 6.8.1
[2.063s] -- Searching for <ignition-sensors6> component [thermal_camera]
[2.065s] -- Looking for ignition-sensors6-thermal_camera -- found version 6.8.1
[2.065s] -- Searching for dependencies of ignition-sensors6-thermal_camera
[2.065s] -- Looking for ignition-sensors6 -- found version 6.8.1
[2.066s] -- Looking for ignition-rendering6 -- found version 6.6.3
[2.067s] -- Looking for ignition-math6 -- found version 6.15.1
[2.068s] -- Looking for ignition-utils1 -- found version 1.5.1
[2.086s] -- Compiling against Ignition Fortress
[2.086s] -- Looking for ignition-plugin1 -- found version 1.4.0
[2.126s] -- Found ament_lint_auto: 0.12.11 (/opt/ros/humble/share/ament_lint_auto/cmake)
[2.231s] -- Added test 'copyright' to check source files copyright and LICENSE
[2.234s] -- Added test 'cppcheck' to perform static code analysis on C / C++ code
[2.234s] -- Configured cppcheck include dirs: /home/parallels/ros2_ws/src/gz_ros2_control/ign_ros2_control/include
[2.234s] -- Configured cppcheck exclude dirs and/or files: 
[2.235s] -- Added test 'cpplint' to check C / C++ code against the Google style
[2.235s] -- Configured cpplint exclude dirs and/or files: 
[2.236s] -- Added test 'lint_cmake' to check CMake code style
[2.238s] -- Added test 'uncrustify' to check C / C++ code style
[2.238s] -- Configured uncrustify additional arguments: 
[2.239s] -- Added test 'xmllint' to check XML markup files
[2.244s] -- Configuring done
[2.300s] -- Generating done
[2.305s] -- Build files have been written to: /home/parallels/ros2_ws/build/ign_ros2_control
[2.324s] Invoked command in '/home/parallels/ros2_ws/build/ign_ros2_control' returned '0': CMAKE_PREFIX_PATH=/home/parallels/ros2_ws/install/controller_manager:/home/parallels/ros2_ws/install/hardware_interface_testing:/home/parallels/ros2_ws/install/controller_interface:/home/parallels/ros2_ws/install/hardware_interface:/home/parallels/ros2_ws/install/ros2_control_test_assets:/home/parallels/ros2_ws/install/controller_manager_msgs:/home/parallels/ros2_ws/install/ros2_controllers:/home/parallels/ros2_ws/install/ign_ros2_control_demos:/home/parallels/ros2_ws/install/velocity_controllers:/home/parallels/ros2_ws/install/tricycle_steering_controller:/home/parallels/ros2_ws/install/tricycle_controller:/home/parallels/ros2_ws/install/ros2_control:/home/parallels/ros2_ws/install/transmission_interface:/home/parallels/ros2_ws/install/bicycle_steering_controller:/home/parallels/ros2_ws/install/ackermann_steering_controller:/home/parallels/ros2_ws/install/steering_controllers_library:/home/parallels/ros2_ws/install/gz_ros2_control_tests:/home/parallels/ros2_ws/install/ign_ros2_control:/home/parallels/ros2_ws/install/ros2_control_demo_description:/home/parallels/ros2_ws/install/range_sensor_broadcaster:/home/parallels/ros2_ws/install/position_controllers:/home/parallels/ros2_ws/install/polygon_plugins:/home/parallels/ros2_ws/install/admittance_controller:/home/parallels/ros2_ws/install/joint_trajectory_controller:/home/parallels/ros2_ws/install/joint_state_broadcaster:/home/parallels/ros2_ws/install/joint_limits:/home/parallels/ros2_ws/install/imu_sensor_broadcaster:/home/parallels/ros2_ws/install/gripper_controllers:/home/parallels/ros2_ws/install/effort_controllers:/home/parallels/ros2_ws/install/forward_command_controller:/home/parallels/ros2_ws/install/force_torque_sensor_broadcaster:/home/parallels/ros2_ws/install/diff_drive_controller:/usr:/home/parallels/ros2_ws/install/rqt_joint_trajectory_controller:/home/parallels/ros2_ws/install/rqt_controller_manager:/home/parallels/ros2_ws/install/ros2controlcli:/home/parallels/ros2_ws/install/ros2_controllers_test_nodes:/home/parallels/ros2_ws/install/polygon_base:/opt/ros/humble LD_LIBRARY_PATH=/home/parallels/ros2_ws/install/controller_manager/lib:/home/parallels/ros2_ws/install/hardware_interface_testing/lib:/home/parallels/ros2_ws/install/controller_interface/lib:/home/parallels/ros2_ws/install/hardware_interface/lib:/home/parallels/ros2_ws/install/controller_manager_msgs/lib:/home/parallels/ros2_ws/install/velocity_controllers/lib:/home/parallels/ros2_ws/install/tricycle_steering_controller/lib:/home/parallels/ros2_ws/install/tricycle_controller/lib:/home/parallels/ros2_ws/install/transmission_interface/lib:/home/parallels/ros2_ws/install/bicycle_steering_controller/lib:/home/parallels/ros2_ws/install/ackermann_steering_controller/lib:/home/parallels/ros2_ws/install/steering_controllers_library/lib:/home/parallels/ros2_ws/install/ign_ros2_control/lib:/home/parallels/ros2_ws/install/range_sensor_broadcaster/lib:/home/parallels/ros2_ws/install/position_controllers/lib:/home/parallels/ros2_ws/install/polygon_plugins/lib:/home/parallels/ros2_ws/install/admittance_controller/lib:/home/parallels/ros2_ws/install/joint_trajectory_controller/lib:/home/parallels/ros2_ws/install/joint_state_broadcaster/lib:/home/parallels/ros2_ws/install/imu_sensor_broadcaster/lib:/home/parallels/ros2_ws/install/gripper_controllers/lib:/home/parallels/ros2_ws/install/effort_controllers/lib:/home/parallels/ros2_ws/install/forward_command_controller/lib:/home/parallels/ros2_ws/install/force_torque_sensor_broadcaster/lib:/home/parallels/ros2_ws/install/diff_drive_controller/lib:/opt/ros/humble/opt/rviz_ogre_vendor/lib:/opt/ros/humble/lib/aarch64-linux-gnu:/opt/ros/humble/lib /usr/bin/cmake /home/parallels/ros2_ws/src/gz_ros2_control/ign_ros2_control -DCMAKE_INSTALL_PREFIX=/home/parallels/ros2_ws/install/ign_ros2_control
[2.325s] Invoking command in '/home/parallels/ros2_ws/build/ign_ros2_control': CMAKE_PREFIX_PATH=/home/parallels/ros2_ws/install/controller_manager:/home/parallels/ros2_ws/install/hardware_interface_testing:/home/parallels/ros2_ws/install/controller_interface:/home/parallels/ros2_ws/install/hardware_interface:/home/parallels/ros2_ws/install/ros2_control_test_assets:/home/parallels/ros2_ws/install/controller_manager_msgs:/home/parallels/ros2_ws/install/ros2_controllers:/home/parallels/ros2_ws/install/ign_ros2_control_demos:/home/parallels/ros2_ws/install/velocity_controllers:/home/parallels/ros2_ws/install/tricycle_steering_controller:/home/parallels/ros2_ws/install/tricycle_controller:/home/parallels/ros2_ws/install/ros2_control:/home/parallels/ros2_ws/install/transmission_interface:/home/parallels/ros2_ws/install/bicycle_steering_controller:/home/parallels/ros2_ws/install/ackermann_steering_controller:/home/parallels/ros2_ws/install/steering_controllers_library:/home/parallels/ros2_ws/install/gz_ros2_control_tests:/home/parallels/ros2_ws/install/ign_ros2_control:/home/parallels/ros2_ws/install/ros2_control_demo_description:/home/parallels/ros2_ws/install/range_sensor_broadcaster:/home/parallels/ros2_ws/install/position_controllers:/home/parallels/ros2_ws/install/polygon_plugins:/home/parallels/ros2_ws/install/admittance_controller:/home/parallels/ros2_ws/install/joint_trajectory_controller:/home/parallels/ros2_ws/install/joint_state_broadcaster:/home/parallels/ros2_ws/install/joint_limits:/home/parallels/ros2_ws/install/imu_sensor_broadcaster:/home/parallels/ros2_ws/install/gripper_controllers:/home/parallels/ros2_ws/install/effort_controllers:/home/parallels/ros2_ws/install/forward_command_controller:/home/parallels/ros2_ws/install/force_torque_sensor_broadcaster:/home/parallels/ros2_ws/install/diff_drive_controller:/usr:/home/parallels/ros2_ws/install/rqt_joint_trajectory_controller:/home/parallels/ros2_ws/install/rqt_controller_manager:/home/parallels/ros2_ws/install/ros2controlcli:/home/parallels/ros2_ws/install/ros2_controllers_test_nodes:/home/parallels/ros2_ws/install/polygon_base:/opt/ros/humble LD_LIBRARY_PATH=/home/parallels/ros2_ws/install/controller_manager/lib:/home/parallels/ros2_ws/install/hardware_interface_testing/lib:/home/parallels/ros2_ws/install/controller_interface/lib:/home/parallels/ros2_ws/install/hardware_interface/lib:/home/parallels/ros2_ws/install/controller_manager_msgs/lib:/home/parallels/ros2_ws/install/velocity_controllers/lib:/home/parallels/ros2_ws/install/tricycle_steering_controller/lib:/home/parallels/ros2_ws/install/tricycle_controller/lib:/home/parallels/ros2_ws/install/transmission_interface/lib:/home/parallels/ros2_ws/install/bicycle_steering_controller/lib:/home/parallels/ros2_ws/install/ackermann_steering_controller/lib:/home/parallels/ros2_ws/install/steering_controllers_library/lib:/home/parallels/ros2_ws/install/ign_ros2_control/lib:/home/parallels/ros2_ws/install/range_sensor_broadcaster/lib:/home/parallels/ros2_ws/install/position_controllers/lib:/home/parallels/ros2_ws/install/polygon_plugins/lib:/home/parallels/ros2_ws/install/admittance_controller/lib:/home/parallels/ros2_ws/install/joint_trajectory_controller/lib:/home/parallels/ros2_ws/install/joint_state_broadcaster/lib:/home/parallels/ros2_ws/install/imu_sensor_broadcaster/lib:/home/parallels/ros2_ws/install/gripper_controllers/lib:/home/parallels/ros2_ws/install/effort_controllers/lib:/home/parallels/ros2_ws/install/forward_command_controller/lib:/home/parallels/ros2_ws/install/force_torque_sensor_broadcaster/lib:/home/parallels/ros2_ws/install/diff_drive_controller/lib:/opt/ros/humble/opt/rviz_ogre_vendor/lib:/opt/ros/humble/lib/aarch64-linux-gnu:/opt/ros/humble/lib /usr/bin/cmake --build /home/parallels/ros2_ws/build/ign_ros2_control -- -j4 -l4
[2.366s] [ 25%] [32mBuilding CXX object CMakeFiles/ign_ros2_control-system.dir/src/ign_ros2_control_plugin.cpp.o[0m
[9.937s] [ 50%] [32m[1mLinking CXX shared library libign_ros2_control-system.so[0m
[10.992s] [ 50%] Built target ign_ros2_control-system
[11.005s] [ 75%] [32mBuilding CXX object CMakeFiles/ign_hardware_plugins.dir/src/ign_system.cpp.o[0m
[17.694s] [100%] [32m[1mLinking CXX shared library libign_hardware_plugins.so[0m
[18.155s] [100%] Built target ign_hardware_plugins
[18.184s] Invoked command in '/home/parallels/ros2_ws/build/ign_ros2_control' returned '0': CMAKE_PREFIX_PATH=/home/parallels/ros2_ws/install/controller_manager:/home/parallels/ros2_ws/install/hardware_interface_testing:/home/parallels/ros2_ws/install/controller_interface:/home/parallels/ros2_ws/install/hardware_interface:/home/parallels/ros2_ws/install/ros2_control_test_assets:/home/parallels/ros2_ws/install/controller_manager_msgs:/home/parallels/ros2_ws/install/ros2_controllers:/home/parallels/ros2_ws/install/ign_ros2_control_demos:/home/parallels/ros2_ws/install/velocity_controllers:/home/parallels/ros2_ws/install/tricycle_steering_controller:/home/parallels/ros2_ws/install/tricycle_controller:/home/parallels/ros2_ws/install/ros2_control:/home/parallels/ros2_ws/install/transmission_interface:/home/parallels/ros2_ws/install/bicycle_steering_controller:/home/parallels/ros2_ws/install/ackermann_steering_controller:/home/parallels/ros2_ws/install/steering_controllers_library:/home/parallels/ros2_ws/install/gz_ros2_control_tests:/home/parallels/ros2_ws/install/ign_ros2_control:/home/parallels/ros2_ws/install/ros2_control_demo_description:/home/parallels/ros2_ws/install/range_sensor_broadcaster:/home/parallels/ros2_ws/install/position_controllers:/home/parallels/ros2_ws/install/polygon_plugins:/home/parallels/ros2_ws/install/admittance_controller:/home/parallels/ros2_ws/install/joint_trajectory_controller:/home/parallels/ros2_ws/install/joint_state_broadcaster:/home/parallels/ros2_ws/install/joint_limits:/home/parallels/ros2_ws/install/imu_sensor_broadcaster:/home/parallels/ros2_ws/install/gripper_controllers:/home/parallels/ros2_ws/install/effort_controllers:/home/parallels/ros2_ws/install/forward_command_controller:/home/parallels/ros2_ws/install/force_torque_sensor_broadcaster:/home/parallels/ros2_ws/install/diff_drive_controller:/usr:/home/parallels/ros2_ws/install/rqt_joint_trajectory_controller:/home/parallels/ros2_ws/install/rqt_controller_manager:/home/parallels/ros2_ws/install/ros2controlcli:/home/parallels/ros2_ws/install/ros2_controllers_test_nodes:/home/parallels/ros2_ws/install/polygon_base:/opt/ros/humble LD_LIBRARY_PATH=/home/parallels/ros2_ws/install/controller_manager/lib:/home/parallels/ros2_ws/install/hardware_interface_testing/lib:/home/parallels/ros2_ws/install/controller_interface/lib:/home/parallels/ros2_ws/install/hardware_interface/lib:/home/parallels/ros2_ws/install/controller_manager_msgs/lib:/home/parallels/ros2_ws/install/velocity_controllers/lib:/home/parallels/ros2_ws/install/tricycle_steering_controller/lib:/home/parallels/ros2_ws/install/tricycle_controller/lib:/home/parallels/ros2_ws/install/transmission_interface/lib:/home/parallels/ros2_ws/install/bicycle_steering_controller/lib:/home/parallels/ros2_ws/install/ackermann_steering_controller/lib:/home/parallels/ros2_ws/install/steering_controllers_library/lib:/home/parallels/ros2_ws/install/ign_ros2_control/lib:/home/parallels/ros2_ws/install/range_sensor_broadcaster/lib:/home/parallels/ros2_ws/install/position_controllers/lib:/home/parallels/ros2_ws/install/polygon_plugins/lib:/home/parallels/ros2_ws/install/admittance_controller/lib:/home/parallels/ros2_ws/install/joint_trajectory_controller/lib:/home/parallels/ros2_ws/install/joint_state_broadcaster/lib:/home/parallels/ros2_ws/install/imu_sensor_broadcaster/lib:/home/parallels/ros2_ws/install/gripper_controllers/lib:/home/parallels/ros2_ws/install/effort_controllers/lib:/home/parallels/ros2_ws/install/forward_command_controller/lib:/home/parallels/ros2_ws/install/force_torque_sensor_broadcaster/lib:/home/parallels/ros2_ws/install/diff_drive_controller/lib:/opt/ros/humble/opt/rviz_ogre_vendor/lib:/opt/ros/humble/lib/aarch64-linux-gnu:/opt/ros/humble/lib /usr/bin/cmake --build /home/parallels/ros2_ws/build/ign_ros2_control -- -j4 -l4
[18.208s] Invoking command in '/home/parallels/ros2_ws/build/ign_ros2_control': CMAKE_PREFIX_PATH=/home/parallels/ros2_ws/install/controller_manager:/home/parallels/ros2_ws/install/hardware_interface_testing:/home/parallels/ros2_ws/install/controller_interface:/home/parallels/ros2_ws/install/hardware_interface:/home/parallels/ros2_ws/install/ros2_control_test_assets:/home/parallels/ros2_ws/install/controller_manager_msgs:/home/parallels/ros2_ws/install/ros2_controllers:/home/parallels/ros2_ws/install/ign_ros2_control_demos:/home/parallels/ros2_ws/install/velocity_controllers:/home/parallels/ros2_ws/install/tricycle_steering_controller:/home/parallels/ros2_ws/install/tricycle_controller:/home/parallels/ros2_ws/install/ros2_control:/home/parallels/ros2_ws/install/transmission_interface:/home/parallels/ros2_ws/install/bicycle_steering_controller:/home/parallels/ros2_ws/install/ackermann_steering_controller:/home/parallels/ros2_ws/install/steering_controllers_library:/home/parallels/ros2_ws/install/gz_ros2_control_tests:/home/parallels/ros2_ws/install/ign_ros2_control:/home/parallels/ros2_ws/install/ros2_control_demo_description:/home/parallels/ros2_ws/install/range_sensor_broadcaster:/home/parallels/ros2_ws/install/position_controllers:/home/parallels/ros2_ws/install/polygon_plugins:/home/parallels/ros2_ws/install/admittance_controller:/home/parallels/ros2_ws/install/joint_trajectory_controller:/home/parallels/ros2_ws/install/joint_state_broadcaster:/home/parallels/ros2_ws/install/joint_limits:/home/parallels/ros2_ws/install/imu_sensor_broadcaster:/home/parallels/ros2_ws/install/gripper_controllers:/home/parallels/ros2_ws/install/effort_controllers:/home/parallels/ros2_ws/install/forward_command_controller:/home/parallels/ros2_ws/install/force_torque_sensor_broadcaster:/home/parallels/ros2_ws/install/diff_drive_controller:/usr:/home/parallels/ros2_ws/install/rqt_joint_trajectory_controller:/home/parallels/ros2_ws/install/rqt_controller_manager:/home/parallels/ros2_ws/install/ros2controlcli:/home/parallels/ros2_ws/install/ros2_controllers_test_nodes:/home/parallels/ros2_ws/install/polygon_base:/opt/ros/humble LD_LIBRARY_PATH=/home/parallels/ros2_ws/install/controller_manager/lib:/home/parallels/ros2_ws/install/hardware_interface_testing/lib:/home/parallels/ros2_ws/install/controller_interface/lib:/home/parallels/ros2_ws/install/hardware_interface/lib:/home/parallels/ros2_ws/install/controller_manager_msgs/lib:/home/parallels/ros2_ws/install/velocity_controllers/lib:/home/parallels/ros2_ws/install/tricycle_steering_controller/lib:/home/parallels/ros2_ws/install/tricycle_controller/lib:/home/parallels/ros2_ws/install/transmission_interface/lib:/home/parallels/ros2_ws/install/bicycle_steering_controller/lib:/home/parallels/ros2_ws/install/ackermann_steering_controller/lib:/home/parallels/ros2_ws/install/steering_controllers_library/lib:/home/parallels/ros2_ws/install/ign_ros2_control/lib:/home/parallels/ros2_ws/install/range_sensor_broadcaster/lib:/home/parallels/ros2_ws/install/position_controllers/lib:/home/parallels/ros2_ws/install/polygon_plugins/lib:/home/parallels/ros2_ws/install/admittance_controller/lib:/home/parallels/ros2_ws/install/joint_trajectory_controller/lib:/home/parallels/ros2_ws/install/joint_state_broadcaster/lib:/home/parallels/ros2_ws/install/imu_sensor_broadcaster/lib:/home/parallels/ros2_ws/install/gripper_controllers/lib:/home/parallels/ros2_ws/install/effort_controllers/lib:/home/parallels/ros2_ws/install/forward_command_controller/lib:/home/parallels/ros2_ws/install/force_torque_sensor_broadcaster/lib:/home/parallels/ros2_ws/install/diff_drive_controller/lib:/opt/ros/humble/opt/rviz_ogre_vendor/lib:/opt/ros/humble/lib/aarch64-linux-gnu:/opt/ros/humble/lib /usr/bin/cmake --install /home/parallels/ros2_ws/build/ign_ros2_control
[18.214s] -- Install configuration: ""
[18.214s] -- Installing: /home/parallels/ros2_ws/install/ign_ros2_control/lib/libign_hardware_plugins.so
[18.223s] -- Set runtime path of "/home/parallels/ros2_ws/install/ign_ros2_control/lib/libign_hardware_plugins.so" to ""
[18.223s] -- Installing: /home/parallels/ros2_ws/install/ign_ros2_control/include
[18.223s] -- Installing: /home/parallels/ros2_ws/install/ign_ros2_control/include/ign_ros2_control
[18.223s] -- Installing: /home/parallels/ros2_ws/install/ign_ros2_control/include/ign_ros2_control/ign_system_interface.hpp
[18.223s] -- Installing: /home/parallels/ros2_ws/install/ign_ros2_control/include/ign_ros2_control/ign_ros2_control_plugin.hpp
[18.224s] -- Installing: /home/parallels/ros2_ws/install/ign_ros2_control/include/ign_ros2_control/ign_system.hpp
[18.228s] -- Installing: /home/parallels/ros2_ws/install/ign_ros2_control/share/ign_ros2_control/environment/library_path.sh
[18.228s] -- Installing: /home/parallels/ros2_ws/install/ign_ros2_control/share/ign_ros2_control/environment/library_path.dsv
[18.228s] -- Installing: /home/parallels/ros2_ws/install/ign_ros2_control/lib/libign_ros2_control-system.so
[18.232s] -- Set runtime path of "/home/parallels/ros2_ws/install/ign_ros2_control/lib/libign_ros2_control-system.so" to ""
[18.232s] -- Installing: /home/parallels/ros2_ws/install/ign_ros2_control/share/ign_ros2_control/ign_hardware_plugins.xml
[18.232s] -- Installing: /home/parallels/ros2_ws/install/ign_ros2_control/share/ament_index/resource_index/package_run_dependencies/ign_ros2_control
[18.233s] -- Installing: /home/parallels/ros2_ws/install/ign_ros2_control/share/ament_index/resource_index/parent_prefix_path/ign_ros2_control
[18.233s] -- Installing: /home/parallels/ros2_ws/install/ign_ros2_control/share/ign_ros2_control/environment/ament_prefix_path.sh
[18.234s] -- Installing: /home/parallels/ros2_ws/install/ign_ros2_control/share/ign_ros2_control/environment/ament_prefix_path.dsv
[18.234s] -- Installing: /home/parallels/ros2_ws/install/ign_ros2_control/share/ign_ros2_control/environment/path.sh
[18.234s] -- Installing: /home/parallels/ros2_ws/install/ign_ros2_control/share/ign_ros2_control/environment/path.dsv
[18.234s] -- Installing: /home/parallels/ros2_ws/install/ign_ros2_control/share/ign_ros2_control/local_setup.bash
[18.234s] -- Installing: /home/parallels/ros2_ws/install/ign_ros2_control/share/ign_ros2_control/local_setup.sh
[18.234s] -- Installing: /home/parallels/ros2_ws/install/ign_ros2_control/share/ign_ros2_control/local_setup.zsh
[18.235s] -- Installing: /home/parallels/ros2_ws/install/ign_ros2_control/share/ign_ros2_control/local_setup.dsv
[18.235s] -- Installing: /home/parallels/ros2_ws/install/ign_ros2_control/share/ign_ros2_control/package.dsv
[18.235s] -- Installing: /home/parallels/ros2_ws/install/ign_ros2_control/share/ament_index/resource_index/packages/ign_ros2_control
[18.235s] -- Installing: /home/parallels/ros2_ws/install/ign_ros2_control/share/ament_index/resource_index/ign_ros2_control__pluginlib__plugin/ign_ros2_control
[18.235s] -- Installing: /home/parallels/ros2_ws/install/ign_ros2_control/share/ign_ros2_control/cmake/ament_cmake_export_include_directories-extras.cmake
[18.236s] -- Installing: /home/parallels/ros2_ws/install/ign_ros2_control/share/ign_ros2_control/cmake/ament_cmake_export_libraries-extras.cmake
[18.236s] -- Installing: /home/parallels/ros2_ws/install/ign_ros2_control/share/ign_ros2_control/cmake/ign_ros2_controlConfig.cmake
[18.236s] -- Installing: /home/parallels/ros2_ws/install/ign_ros2_control/share/ign_ros2_control/cmake/ign_ros2_controlConfig-version.cmake
[18.236s] -- Installing: /home/parallels/ros2_ws/install/ign_ros2_control/share/ign_ros2_control/package.xml
[18.239s] Invoked command in '/home/parallels/ros2_ws/build/ign_ros2_control' returned '0': CMAKE_PREFIX_PATH=/home/parallels/ros2_ws/install/controller_manager:/home/parallels/ros2_ws/install/hardware_interface_testing:/home/parallels/ros2_ws/install/controller_interface:/home/parallels/ros2_ws/install/hardware_interface:/home/parallels/ros2_ws/install/ros2_control_test_assets:/home/parallels/ros2_ws/install/controller_manager_msgs:/home/parallels/ros2_ws/install/ros2_controllers:/home/parallels/ros2_ws/install/ign_ros2_control_demos:/home/parallels/ros2_ws/install/velocity_controllers:/home/parallels/ros2_ws/install/tricycle_steering_controller:/home/parallels/ros2_ws/install/tricycle_controller:/home/parallels/ros2_ws/install/ros2_control:/home/parallels/ros2_ws/install/transmission_interface:/home/parallels/ros2_ws/install/bicycle_steering_controller:/home/parallels/ros2_ws/install/ackermann_steering_controller:/home/parallels/ros2_ws/install/steering_controllers_library:/home/parallels/ros2_ws/install/gz_ros2_control_tests:/home/parallels/ros2_ws/install/ign_ros2_control:/home/parallels/ros2_ws/install/ros2_control_demo_description:/home/parallels/ros2_ws/install/range_sensor_broadcaster:/home/parallels/ros2_ws/install/position_controllers:/home/parallels/ros2_ws/install/polygon_plugins:/home/parallels/ros2_ws/install/admittance_controller:/home/parallels/ros2_ws/install/joint_trajectory_controller:/home/parallels/ros2_ws/install/joint_state_broadcaster:/home/parallels/ros2_ws/install/joint_limits:/home/parallels/ros2_ws/install/imu_sensor_broadcaster:/home/parallels/ros2_ws/install/gripper_controllers:/home/parallels/ros2_ws/install/effort_controllers:/home/parallels/ros2_ws/install/forward_command_controller:/home/parallels/ros2_ws/install/force_torque_sensor_broadcaster:/home/parallels/ros2_ws/install/diff_drive_controller:/usr:/home/parallels/ros2_ws/install/rqt_joint_trajectory_controller:/home/parallels/ros2_ws/install/rqt_controller_manager:/home/parallels/ros2_ws/install/ros2controlcli:/home/parallels/ros2_ws/install/ros2_controllers_test_nodes:/home/parallels/ros2_ws/install/polygon_base:/opt/ros/humble LD_LIBRARY_PATH=/home/parallels/ros2_ws/install/controller_manager/lib:/home/parallels/ros2_ws/install/hardware_interface_testing/lib:/home/parallels/ros2_ws/install/controller_interface/lib:/home/parallels/ros2_ws/install/hardware_interface/lib:/home/parallels/ros2_ws/install/controller_manager_msgs/lib:/home/parallels/ros2_ws/install/velocity_controllers/lib:/home/parallels/ros2_ws/install/tricycle_steering_controller/lib:/home/parallels/ros2_ws/install/tricycle_controller/lib:/home/parallels/ros2_ws/install/transmission_interface/lib:/home/parallels/ros2_ws/install/bicycle_steering_controller/lib:/home/parallels/ros2_ws/install/ackermann_steering_controller/lib:/home/parallels/ros2_ws/install/steering_controllers_library/lib:/home/parallels/ros2_ws/install/ign_ros2_control/lib:/home/parallels/ros2_ws/install/range_sensor_broadcaster/lib:/home/parallels/ros2_ws/install/position_controllers/lib:/home/parallels/ros2_ws/install/polygon_plugins/lib:/home/parallels/ros2_ws/install/admittance_controller/lib:/home/parallels/ros2_ws/install/joint_trajectory_controller/lib:/home/parallels/ros2_ws/install/joint_state_broadcaster/lib:/home/parallels/ros2_ws/install/imu_sensor_broadcaster/lib:/home/parallels/ros2_ws/install/gripper_controllers/lib:/home/parallels/ros2_ws/install/effort_controllers/lib:/home/parallels/ros2_ws/install/forward_command_controller/lib:/home/parallels/ros2_ws/install/force_torque_sensor_broadcaster/lib:/home/parallels/ros2_ws/install/diff_drive_controller/lib:/opt/ros/humble/opt/rviz_ogre_vendor/lib:/opt/ros/humble/lib/aarch64-linux-gnu:/opt/ros/humble/lib /usr/bin/cmake --install /home/parallels/ros2_ws/build/ign_ros2_control
