[0.006s] Invoking command in '/home/parallels/ros2_ws/ROS2_Humble/build/my_robot_interfaces': CMAKE_PREFIX_PATH=${CMAKE_PREFIX_PATH}:/home/parallels/ros2_ws/ROS2_Humble/install/turtlesim_catch_them_all:/home/parallels/ros2_ws/ROS2_Humble/install/number_counter:/home/parallels/ros2_ws/ROS2_Humble/install/my_py_pkg:/home/parallels/ros2_ws/ROS2_Humble/install/actions_py:/home/parallels/ros2_ws/ROS2_Humble/install/lifecycle_py:/home/parallels/ros2_ws/ROS2_Humble/install/executors_py:/home/parallels/ros2_ws/ROS2_Humble/install/components_py:/home/parallels/ros2_ws/ROS2_Humble/install/add_two_ints:/opt/ros/humble /usr/bin/cmake --build /home/parallels/ros2_ws/ROS2_Humble/build/my_robot_interfaces -- -j8 -l8
[0.021s] -- Found ament_cmake: 1.3.11 (/opt/ros/humble/share/ament_cmake/cmake)
[0.086s] -- Found rosidl_default_generators: 1.2.0 (/opt/ros/humble/share/rosidl_default_generators/cmake)
[0.089s] -- Using all available rosidl_typesupport_c: rosidl_typesupport_fastrtps_c;rosidl_typesupport_introspection_c
[0.090s] -- Found rosidl_adapter: 3.1.6 (/opt/ros/humble/share/rosidl_adapter/cmake)
[0.103s] -- Using all available rosidl_typesupport_cpp: rosidl_typesupport_fastrtps_cpp;rosidl_typesupport_introspection_cpp
[0.303s] -- Found ament_cmake_ros: 0.10.0 (/opt/ros/humble/share/ament_cmake_ros/cmake)
[0.413s] -- Using all available rosidl_typesupport_c: rosidl_typesupport_fastrtps_c;rosidl_typesupport_introspection_c
[0.552s] -- Using all available rosidl_typesupport_cpp: rosidl_typesupport_fastrtps_cpp;rosidl_typesupport_introspection_cpp
[0.565s] -- Found python_cmake_module: 0.10.0 (/opt/ros/humble/share/python_cmake_module/cmake)
[0.578s] -- Using PYTHON_EXECUTABLE: /usr/bin/python3
[0.578s] -- Using PYTHON_INCLUDE_DIRS: /usr/include/python3.10
[0.578s] -- Using PYTHON_LIBRARIES: /usr/lib/aarch64-linux-gnu/libpython3.10.so
[0.601s] -- Configuring done
[0.636s] -- Generating done
[0.645s] -- Build files have been written to: /home/parallels/ros2_ws/ROS2_Humble/build/my_robot_interfaces
[0.656s] [  1%] [34m[1mGenerating C code for ROS interfaces[0m
[0.660s] [  1%] [34m[1mGenerating C++ code for ROS interfaces[0m
[0.677s] [  1%] Built target ament_cmake_python_copy_my_robot_interfaces
[0.832s] running egg_info
[0.833s] writing my_robot_interfaces.egg-info/PKG-INFO
[0.833s] writing dependency_links to my_robot_interfaces.egg-info/dependency_links.txt
[0.834s] writing top-level names to my_robot_interfaces.egg-info/top_level.txt
[0.836s] reading manifest file 'my_robot_interfaces.egg-info/SOURCES.txt'
[0.838s] writing manifest file 'my_robot_interfaces.egg-info/SOURCES.txt'
[0.853s] [  1%] Built target ament_cmake_python_build_my_robot_interfaces_egg
[1.426s] [  1%] Built target my_robot_interfaces__cpp
[1.432s] [  2%] [34m[1mGenerating C++ type support for eProsima Fast-RTPS[0m
[1.433s] [  3%] [34m[1mGenerating C++ type support dispatch for ROS interfaces[0m
[1.437s] [  4%] [34m[1mGenerating C++ introspection for ROS interfaces[0m
[1.466s] [35m[1mConsolidate compiler generated dependencies of target my_robot_interfaces__rosidl_generator_c[0m
[1.478s] [  6%] [32mBuilding C object CMakeFiles/my_robot_interfaces__rosidl_generator_c.dir/rosidl_generator_c/my_robot_interfaces/msg/detail/turtle__functions.c.o[0m
[1.478s] [  6%] [32mBuilding C object CMakeFiles/my_robot_interfaces__rosidl_generator_c.dir/rosidl_generator_c/my_robot_interfaces/msg/detail/led_states__functions.c.o[0m
[1.479s] [  7%] [32mBuilding C object CMakeFiles/my_robot_interfaces__rosidl_generator_c.dir/rosidl_generator_c/my_robot_interfaces/msg/detail/hardware_status__functions.c.o[0m
[1.490s] [  8%] [32mBuilding C object CMakeFiles/my_robot_interfaces__rosidl_generator_c.dir/rosidl_generator_c/my_robot_interfaces/msg/detail/turtle_array__functions.c.o[0m
[1.494s] [  9%] [32mBuilding C object CMakeFiles/my_robot_interfaces__rosidl_generator_c.dir/rosidl_generator_c/my_robot_interfaces/srv/detail/compute_rectangle_area__functions.c.o[0m
[1.548s] [ 10%] [32mBuilding C object CMakeFiles/my_robot_interfaces__rosidl_generator_c.dir/rosidl_generator_c/my_robot_interfaces/srv/detail/set_led__functions.c.o[0m
[1.551s] [ 11%] [32mBuilding C object CMakeFiles/my_robot_interfaces__rosidl_generator_c.dir/rosidl_generator_c/my_robot_interfaces/action/detail/reach_until__functions.c.o[0m
[1.553s] [ 12%] [32mBuilding C object CMakeFiles/my_robot_interfaces__rosidl_generator_c.dir/rosidl_generator_c/my_robot_interfaces/action/detail/count_until__functions.c.o[0m
[1.553s] [ 13%] [32mBuilding C object CMakeFiles/my_robot_interfaces__rosidl_generator_c.dir/rosidl_generator_c/my_robot_interfaces/srv/detail/catch__functions.c.o[0m
[1.591s] [ 14%] [32mBuilding C object CMakeFiles/my_robot_interfaces__rosidl_generator_c.dir/rosidl_generator_c/my_robot_interfaces/action/detail/move_turtle__functions.c.o[0m
[1.682s] [ 15%] [32m[1mLinking C shared library libmy_robot_interfaces__rosidl_generator_c.so[0m
[1.714s] [ 15%] Built target my_robot_interfaces__rosidl_generator_c
[1.723s] [ 18%] [34m[1mGenerating C type support dispatch for ROS interfaces[0m
[1.723s] [ 18%] [34m[1mGenerating C introspection for ROS interfaces[0m
[1.723s] [ 18%] [34m[1mGenerating C type support for eProsima Fast-RTPS[0m
[1.991s] [35m[1mConsolidate compiler generated dependencies of target my_robot_interfaces__rosidl_typesupport_cpp[0m
[2.018s] [ 19%] [32mBuilding CXX object CMakeFiles/my_robot_interfaces__rosidl_typesupport_cpp.dir/rosidl_typesupport_cpp/my_robot_interfaces/msg/led_states__type_support.cpp.o[0m
[2.026s] [ 20%] [32mBuilding CXX object CMakeFiles/my_robot_interfaces__rosidl_typesupport_cpp.dir/rosidl_typesupport_cpp/my_robot_interfaces/msg/hardware_status__type_support.cpp.o[0m
[2.028s] [ 21%] [32mBuilding CXX object CMakeFiles/my_robot_interfaces__rosidl_typesupport_cpp.dir/rosidl_typesupport_cpp/my_robot_interfaces/msg/turtle__type_support.cpp.o[0m
[2.273s] [ 22%] [32mBuilding CXX object CMakeFiles/my_robot_interfaces__rosidl_typesupport_cpp.dir/rosidl_typesupport_cpp/my_robot_interfaces/msg/turtle_array__type_support.cpp.o[0m
[2.279s] [ 23%] [32mBuilding CXX object CMakeFiles/my_robot_interfaces__rosidl_typesupport_cpp.dir/rosidl_typesupport_cpp/my_robot_interfaces/srv/compute_rectangle_area__type_support.cpp.o[0m
[2.307s] [35m[1mConsolidate compiler generated dependencies of target my_robot_interfaces__rosidl_typesupport_c[0m
[2.316s] [35m[1mConsolidate compiler generated dependencies of target my_robot_interfaces__rosidl_typesupport_introspection_cpp[0m
[2.332s] [ 24%] [32mBuilding CXX object CMakeFiles/my_robot_interfaces__rosidl_typesupport_cpp.dir/rosidl_typesupport_cpp/my_robot_interfaces/srv/set_led__type_support.cpp.o[0m
[2.335s] [ 25%] [32mBuilding CXX object CMakeFiles/my_robot_interfaces__rosidl_typesupport_c.dir/rosidl_typesupport_c/my_robot_interfaces/msg/hardware_status__type_support.cpp.o[0m
[2.339s] [ 26%] [32mBuilding CXX object CMakeFiles/my_robot_interfaces__rosidl_typesupport_introspection_cpp.dir/rosidl_typesupport_introspection_cpp/my_robot_interfaces/msg/detail/hardware_status__type_support.cpp.o[0m
[2.360s] [35m[1mConsolidate compiler generated dependencies of target my_robot_interfaces__rosidl_typesupport_fastrtps_cpp[0m
[2.380s] [ 27%] [32mBuilding CXX object CMakeFiles/my_robot_interfaces__rosidl_typesupport_fastrtps_cpp.dir/rosidl_typesupport_fastrtps_cpp/my_robot_interfaces/msg/detail/dds_fastrtps/hardware_status__type_support.cpp.o[0m
[2.405s] [ 28%] [32mBuilding CXX object CMakeFiles/my_robot_interfaces__rosidl_typesupport_c.dir/rosidl_typesupport_c/my_robot_interfaces/msg/led_states__type_support.cpp.o[0m
[2.453s] [ 29%] [32mBuilding CXX object CMakeFiles/my_robot_interfaces__rosidl_typesupport_c.dir/rosidl_typesupport_c/my_robot_interfaces/msg/turtle_array__type_support.cpp.o[0m
[2.455s] [ 30%] [32mBuilding CXX object CMakeFiles/my_robot_interfaces__rosidl_typesupport_c.dir/rosidl_typesupport_c/my_robot_interfaces/msg/turtle__type_support.cpp.o[0m
[2.481s] [ 31%] [32mBuilding CXX object CMakeFiles/my_robot_interfaces__rosidl_typesupport_cpp.dir/rosidl_typesupport_cpp/my_robot_interfaces/srv/catch__type_support.cpp.o[0m
[2.495s] [ 32%] [32mBuilding CXX object CMakeFiles/my_robot_interfaces__rosidl_typesupport_c.dir/rosidl_typesupport_c/my_robot_interfaces/srv/compute_rectangle_area__type_support.cpp.o[0m
[2.514s] [ 33%] [32mBuilding CXX object CMakeFiles/my_robot_interfaces__rosidl_typesupport_c.dir/rosidl_typesupport_c/my_robot_interfaces/srv/set_led__type_support.cpp.o[0m
[2.547s] [ 34%] [32mBuilding CXX object CMakeFiles/my_robot_interfaces__rosidl_typesupport_c.dir/rosidl_typesupport_c/my_robot_interfaces/srv/catch__type_support.cpp.o[0m
[2.558s] [ 35%] [32mBuilding CXX object CMakeFiles/my_robot_interfaces__rosidl_typesupport_cpp.dir/rosidl_typesupport_cpp/my_robot_interfaces/action/count_until__type_support.cpp.o[0m
[2.563s] [ 36%] [32mBuilding CXX object CMakeFiles/my_robot_interfaces__rosidl_typesupport_c.dir/rosidl_typesupport_c/my_robot_interfaces/action/count_until__type_support.cpp.o[0m
[2.585s] [ 36%] [32mBuilding CXX object CMakeFiles/my_robot_interfaces__rosidl_typesupport_c.dir/rosidl_typesupport_c/my_robot_interfaces/action/reach_until__type_support.cpp.o[0m
[2.619s] [ 37%] [32mBuilding CXX object CMakeFiles/my_robot_interfaces__rosidl_typesupport_introspection_cpp.dir/rosidl_typesupport_introspection_cpp/my_robot_interfaces/msg/detail/led_states__type_support.cpp.o[0m
[2.635s] [ 38%] [32mBuilding CXX object CMakeFiles/my_robot_interfaces__rosidl_typesupport_c.dir/rosidl_typesupport_c/my_robot_interfaces/action/move_turtle__type_support.cpp.o[0m
[2.651s] [ 39%] [32mBuilding CXX object CMakeFiles/my_robot_interfaces__rosidl_typesupport_cpp.dir/rosidl_typesupport_cpp/my_robot_interfaces/action/reach_until__type_support.cpp.o[0m
[2.670s] [35m[1mConsolidate compiler generated dependencies of target my_robot_interfaces__rosidl_typesupport_introspection_c[0m
[2.679s] [ 40%] [32mBuilding C object CMakeFiles/my_robot_interfaces__rosidl_typesupport_introspection_c.dir/rosidl_typesupport_introspection_c/my_robot_interfaces/msg/detail/hardware_status__type_support.c.o[0m
[2.689s] [ 41%] [32m[1mLinking CXX shared library libmy_robot_interfaces__rosidl_typesupport_c.so[0m
[2.697s] [ 42%] [32mBuilding CXX object CMakeFiles/my_robot_interfaces__rosidl_typesupport_fastrtps_cpp.dir/rosidl_typesupport_fastrtps_cpp/my_robot_interfaces/msg/detail/dds_fastrtps/led_states__type_support.cpp.o[0m
[2.702s] [ 43%] [32mBuilding C object CMakeFiles/my_robot_interfaces__rosidl_typesupport_introspection_c.dir/rosidl_typesupport_introspection_c/my_robot_interfaces/msg/detail/led_states__type_support.c.o[0m
[2.709s] [ 44%] [32mBuilding C object CMakeFiles/my_robot_interfaces__rosidl_typesupport_introspection_c.dir/rosidl_typesupport_introspection_c/my_robot_interfaces/msg/detail/turtle__type_support.c.o[0m
[2.737s] [ 45%] [32mBuilding C object CMakeFiles/my_robot_interfaces__rosidl_typesupport_introspection_c.dir/rosidl_typesupport_introspection_c/my_robot_interfaces/msg/detail/turtle_array__type_support.c.o[0m
[2.754s] [35m[1mConsolidate compiler generated dependencies of target my_robot_interfaces__rosidl_typesupport_fastrtps_c[0m
[2.758s] [ 45%] Built target my_robot_interfaces__rosidl_typesupport_c
[2.761s] [ 46%] [32mBuilding C object CMakeFiles/my_robot_interfaces__rosidl_typesupport_introspection_c.dir/rosidl_typesupport_introspection_c/my_robot_interfaces/srv/detail/compute_rectangle_area__type_support.c.o[0m
[2.763s] [ 47%] [32mBuilding C object CMakeFiles/my_robot_interfaces__rosidl_typesupport_introspection_c.dir/rosidl_typesupport_introspection_c/my_robot_interfaces/srv/detail/set_led__type_support.c.o[0m
[2.769s] [ 48%] [32mBuilding C object CMakeFiles/my_robot_interfaces__rosidl_typesupport_introspection_c.dir/rosidl_typesupport_introspection_c/my_robot_interfaces/srv/detail/catch__type_support.c.o[0m
[2.775s] [ 49%] [32mBuilding CXX object CMakeFiles/my_robot_interfaces__rosidl_typesupport_fastrtps_c.dir/rosidl_typesupport_fastrtps_c/my_robot_interfaces/msg/detail/hardware_status__type_support_c.cpp.o[0m
[2.802s] [ 50%] [32mBuilding C object CMakeFiles/my_robot_interfaces__rosidl_typesupport_introspection_c.dir/rosidl_typesupport_introspection_c/my_robot_interfaces/action/detail/count_until__type_support.c.o[0m
[2.836s] [ 51%] [32mBuilding C object CMakeFiles/my_robot_interfaces__rosidl_typesupport_introspection_c.dir/rosidl_typesupport_introspection_c/my_robot_interfaces/action/detail/reach_until__type_support.c.o[0m
[2.849s] [ 52%] [32mBuilding C object CMakeFiles/my_robot_interfaces__rosidl_typesupport_introspection_c.dir/rosidl_typesupport_introspection_c/my_robot_interfaces/action/detail/move_turtle__type_support.c.o[0m
[2.863s] [ 53%] [32mBuilding CXX object CMakeFiles/my_robot_interfaces__rosidl_typesupport_fastrtps_c.dir/rosidl_typesupport_fastrtps_c/my_robot_interfaces/msg/detail/led_states__type_support_c.cpp.o[0m
[2.887s] [ 54%] [32mBuilding CXX object CMakeFiles/my_robot_interfaces__rosidl_typesupport_cpp.dir/rosidl_typesupport_cpp/my_robot_interfaces/action/move_turtle__type_support.cpp.o[0m
[2.889s] [ 55%] [32mBuilding CXX object CMakeFiles/my_robot_interfaces__rosidl_typesupport_introspection_cpp.dir/rosidl_typesupport_introspection_cpp/my_robot_interfaces/msg/detail/turtle__type_support.cpp.o[0m
[2.893s] [ 55%] [32mBuilding CXX object CMakeFiles/my_robot_interfaces__rosidl_typesupport_fastrtps_cpp.dir/rosidl_typesupport_fastrtps_cpp/my_robot_interfaces/msg/detail/dds_fastrtps/turtle__type_support.cpp.o[0m
[2.897s] [ 56%] [32m[1mLinking C shared library libmy_robot_interfaces__rosidl_typesupport_introspection_c.so[0m
[2.962s] [ 56%] Built target my_robot_interfaces__rosidl_typesupport_introspection_c
[2.975s] [ 57%] [32mBuilding CXX object CMakeFiles/my_robot_interfaces__rosidl_typesupport_fastrtps_cpp.dir/rosidl_typesupport_fastrtps_cpp/my_robot_interfaces/msg/detail/dds_fastrtps/turtle_array__type_support.cpp.o[0m
[3.014s] [ 58%] [32mBuilding CXX object CMakeFiles/my_robot_interfaces__rosidl_typesupport_fastrtps_cpp.dir/rosidl_typesupport_fastrtps_cpp/my_robot_interfaces/srv/detail/dds_fastrtps/compute_rectangle_area__type_support.cpp.o[0m
[3.030s] [ 59%] [32mBuilding CXX object CMakeFiles/my_robot_interfaces__rosidl_typesupport_fastrtps_c.dir/rosidl_typesupport_fastrtps_c/my_robot_interfaces/msg/detail/turtle__type_support_c.cpp.o[0m
[3.041s] [ 60%] [32mBuilding CXX object CMakeFiles/my_robot_interfaces__rosidl_typesupport_fastrtps_cpp.dir/rosidl_typesupport_fastrtps_cpp/my_robot_interfaces/srv/detail/dds_fastrtps/set_led__type_support.cpp.o[0m
[3.086s] [ 61%] [32mBuilding CXX object CMakeFiles/my_robot_interfaces__rosidl_typesupport_fastrtps_c.dir/rosidl_typesupport_fastrtps_c/my_robot_interfaces/msg/detail/turtle_array__type_support_c.cpp.o[0m
[3.185s] [ 62%] [32mBuilding CXX object CMakeFiles/my_robot_interfaces__rosidl_typesupport_introspection_cpp.dir/rosidl_typesupport_introspection_cpp/my_robot_interfaces/msg/detail/turtle_array__type_support.cpp.o[0m
[3.189s] [ 63%] [32m[1mLinking CXX shared library libmy_robot_interfaces__rosidl_typesupport_cpp.so[0m
[3.205s] [ 64%] [32mBuilding CXX object CMakeFiles/my_robot_interfaces__rosidl_typesupport_fastrtps_cpp.dir/rosidl_typesupport_fastrtps_cpp/my_robot_interfaces/srv/detail/dds_fastrtps/catch__type_support.cpp.o[0m
[3.229s] [ 64%] Built target my_robot_interfaces__rosidl_typesupport_cpp
[3.233s] [ 65%] [32mBuilding CXX object CMakeFiles/my_robot_interfaces__rosidl_typesupport_fastrtps_cpp.dir/rosidl_typesupport_fastrtps_cpp/my_robot_interfaces/action/detail/dds_fastrtps/count_until__type_support.cpp.o[0m
[3.276s] [ 66%] [32mBuilding CXX object CMakeFiles/my_robot_interfaces__rosidl_typesupport_fastrtps_c.dir/rosidl_typesupport_fastrtps_c/my_robot_interfaces/srv/detail/compute_rectangle_area__type_support_c.cpp.o[0m
[3.331s] [ 67%] [32mBuilding CXX object CMakeFiles/my_robot_interfaces__rosidl_typesupport_fastrtps_cpp.dir/rosidl_typesupport_fastrtps_cpp/my_robot_interfaces/action/detail/dds_fastrtps/reach_until__type_support.cpp.o[0m
[3.373s] [ 68%] [32mBuilding CXX object CMakeFiles/my_robot_interfaces__rosidl_typesupport_fastrtps_cpp.dir/rosidl_typesupport_fastrtps_cpp/my_robot_interfaces/action/detail/dds_fastrtps/move_turtle__type_support.cpp.o[0m
[3.452s] [ 69%] [32mBuilding CXX object CMakeFiles/my_robot_interfaces__rosidl_typesupport_introspection_cpp.dir/rosidl_typesupport_introspection_cpp/my_robot_interfaces/srv/detail/compute_rectangle_area__type_support.cpp.o[0m
[3.464s] [ 70%] [32mBuilding CXX object CMakeFiles/my_robot_interfaces__rosidl_typesupport_fastrtps_c.dir/rosidl_typesupport_fastrtps_c/my_robot_interfaces/srv/detail/set_led__type_support_c.cpp.o[0m
[3.484s] [ 71%] [32mBuilding CXX object CMakeFiles/my_robot_interfaces__rosidl_typesupport_introspection_cpp.dir/rosidl_typesupport_introspection_cpp/my_robot_interfaces/srv/detail/set_led__type_support.cpp.o[0m
[3.531s] [ 72%] [32mBuilding CXX object CMakeFiles/my_robot_interfaces__rosidl_typesupport_fastrtps_c.dir/rosidl_typesupport_fastrtps_c/my_robot_interfaces/srv/detail/catch__type_support_c.cpp.o[0m
[3.575s] [ 73%] [32mBuilding CXX object CMakeFiles/my_robot_interfaces__rosidl_typesupport_fastrtps_c.dir/rosidl_typesupport_fastrtps_c/my_robot_interfaces/action/detail/count_until__type_support_c.cpp.o[0m
[3.691s] [ 74%] [32mBuilding CXX object CMakeFiles/my_robot_interfaces__rosidl_typesupport_fastrtps_c.dir/rosidl_typesupport_fastrtps_c/my_robot_interfaces/action/detail/reach_until__type_support_c.cpp.o[0m
[3.725s] [ 75%] [32mBuilding CXX object CMakeFiles/my_robot_interfaces__rosidl_typesupport_introspection_cpp.dir/rosidl_typesupport_introspection_cpp/my_robot_interfaces/srv/detail/catch__type_support.cpp.o[0m
[3.783s] [ 76%] [32mBuilding CXX object CMakeFiles/my_robot_interfaces__rosidl_typesupport_introspection_cpp.dir/rosidl_typesupport_introspection_cpp/my_robot_interfaces/action/detail/count_until__type_support.cpp.o[0m
[3.785s] [ 77%] [32mBuilding CXX object CMakeFiles/my_robot_interfaces__rosidl_typesupport_fastrtps_c.dir/rosidl_typesupport_fastrtps_c/my_robot_interfaces/action/detail/move_turtle__type_support_c.cpp.o[0m
[3.812s] [ 78%] [32mBuilding CXX object CMakeFiles/my_robot_interfaces__rosidl_typesupport_introspection_cpp.dir/rosidl_typesupport_introspection_cpp/my_robot_interfaces/action/detail/reach_until__type_support.cpp.o[0m
[3.848s] [ 79%] [32mBuilding CXX object CMakeFiles/my_robot_interfaces__rosidl_typesupport_introspection_cpp.dir/rosidl_typesupport_introspection_cpp/my_robot_interfaces/action/detail/move_turtle__type_support.cpp.o[0m
[3.959s] [ 80%] [32m[1mLinking CXX shared library libmy_robot_interfaces__rosidl_typesupport_fastrtps_cpp.so[0m
[4.014s] [ 80%] Built target my_robot_interfaces__rosidl_typesupport_fastrtps_cpp
[4.016s] [ 81%] [32m[1mLinking CXX shared library libmy_robot_interfaces__rosidl_typesupport_fastrtps_c.so[0m
[4.069s] [ 81%] Built target my_robot_interfaces__rosidl_typesupport_fastrtps_c
[4.208s] [ 82%] [32m[1mLinking CXX shared library libmy_robot_interfaces__rosidl_typesupport_introspection_cpp.so[0m
[4.244s] [ 82%] Built target my_robot_interfaces__rosidl_typesupport_introspection_cpp
[4.252s] [ 82%] Built target my_robot_interfaces
[4.261s] [ 83%] [34m[1mGenerating Python code for ROS interfaces[0m
[5.508s] [ 83%] Built target my_robot_interfaces__py
[5.515s] [35m[1mConsolidate compiler generated dependencies of target my_robot_interfaces__rosidl_generator_py[0m
[5.525s] [ 84%] [32mBuilding C object CMakeFiles/my_robot_interfaces__rosidl_generator_py.dir/rosidl_generator_py/my_robot_interfaces/msg/_led_states_s.c.o[0m
[5.525s] [ 85%] [32mBuilding C object CMakeFiles/my_robot_interfaces__rosidl_generator_py.dir/rosidl_generator_py/my_robot_interfaces/msg/_hardware_status_s.c.o[0m
[5.526s] [ 86%] [32mBuilding C object CMakeFiles/my_robot_interfaces__rosidl_generator_py.dir/rosidl_generator_py/my_robot_interfaces/msg/_turtle_s.c.o[0m
[5.527s] [ 87%] [32mBuilding C object CMakeFiles/my_robot_interfaces__rosidl_generator_py.dir/rosidl_generator_py/my_robot_interfaces/msg/_turtle_array_s.c.o[0m
[5.529s] [ 89%] [32mBuilding C object CMakeFiles/my_robot_interfaces__rosidl_generator_py.dir/rosidl_generator_py/my_robot_interfaces/srv/_catch_s.c.o[0m
[5.529s] [ 89%] [32mBuilding C object CMakeFiles/my_robot_interfaces__rosidl_generator_py.dir/rosidl_generator_py/my_robot_interfaces/srv/_compute_rectangle_area_s.c.o[0m
[5.530s] [ 91%] [32mBuilding C object CMakeFiles/my_robot_interfaces__rosidl_generator_py.dir/rosidl_generator_py/my_robot_interfaces/srv/_set_led_s.c.o[0m
[5.530s] [ 91%] [32mBuilding C object CMakeFiles/my_robot_interfaces__rosidl_generator_py.dir/rosidl_generator_py/my_robot_interfaces/action/_count_until_s.c.o[0m
[5.629s] [ 92%] [32mBuilding C object CMakeFiles/my_robot_interfaces__rosidl_generator_py.dir/rosidl_generator_py/my_robot_interfaces/action/_reach_until_s.c.o[0m
[5.629s] [ 93%] [32mBuilding C object CMakeFiles/my_robot_interfaces__rosidl_generator_py.dir/rosidl_generator_py/my_robot_interfaces/action/_move_turtle_s.c.o[0m
[5.707s] [ 94%] [32m[1mLinking C shared library rosidl_generator_py/my_robot_interfaces/libmy_robot_interfaces__rosidl_generator_py.so[0m
[5.729s] [ 94%] Built target my_robot_interfaces__rosidl_generator_py
[5.735s] [35m[1mConsolidate compiler generated dependencies of target my_robot_interfaces__rosidl_typesupport_c__pyext[0m
[5.735s] [35m[1mConsolidate compiler generated dependencies of target my_robot_interfaces__rosidl_typesupport_fastrtps_c__pyext[0m
[5.735s] [35m[1mConsolidate compiler generated dependencies of target my_robot_interfaces__rosidl_typesupport_introspection_c__pyext[0m
[5.742s] [ 96%] [32mBuilding C object CMakeFiles/my_robot_interfaces__rosidl_typesupport_c__pyext.dir/rosidl_generator_py/my_robot_interfaces/_my_robot_interfaces_s.ep.rosidl_typesupport_c.c.o[0m
[5.742s] [ 96%] [32mBuilding C object CMakeFiles/my_robot_interfaces__rosidl_typesupport_fastrtps_c__pyext.dir/rosidl_generator_py/my_robot_interfaces/_my_robot_interfaces_s.ep.rosidl_typesupport_fastrtps_c.c.o[0m
[5.743s] [ 97%] [32mBuilding C object CMakeFiles/my_robot_interfaces__rosidl_typesupport_introspection_c__pyext.dir/rosidl_generator_py/my_robot_interfaces/_my_robot_interfaces_s.ep.rosidl_typesupport_introspection_c.c.o[0m
[5.852s] [ 98%] [32m[1mLinking C shared library rosidl_generator_py/my_robot_interfaces/my_robot_interfaces_s__rosidl_typesupport_c.cpython-310-aarch64-linux-gnu.so[0m
[5.856s] [ 99%] [32m[1mLinking C shared library rosidl_generator_py/my_robot_interfaces/my_robot_interfaces_s__rosidl_typesupport_introspection_c.cpython-310-aarch64-linux-gnu.so[0m
[5.858s] [100%] [32m[1mLinking C shared library rosidl_generator_py/my_robot_interfaces/my_robot_interfaces_s__rosidl_typesupport_fastrtps_c.cpython-310-aarch64-linux-gnu.so[0m
[5.878s] [100%] Built target my_robot_interfaces__rosidl_typesupport_c__pyext
[5.884s] [100%] Built target my_robot_interfaces__rosidl_typesupport_introspection_c__pyext
[5.885s] [100%] Built target my_robot_interfaces__rosidl_typesupport_fastrtps_c__pyext
[5.890s] Invoked command in '/home/parallels/ros2_ws/ROS2_Humble/build/my_robot_interfaces' returned '0': CMAKE_PREFIX_PATH=${CMAKE_PREFIX_PATH}:/home/parallels/ros2_ws/ROS2_Humble/install/turtlesim_catch_them_all:/home/parallels/ros2_ws/ROS2_Humble/install/number_counter:/home/parallels/ros2_ws/ROS2_Humble/install/my_py_pkg:/home/parallels/ros2_ws/ROS2_Humble/install/actions_py:/home/parallels/ros2_ws/ROS2_Humble/install/lifecycle_py:/home/parallels/ros2_ws/ROS2_Humble/install/executors_py:/home/parallels/ros2_ws/ROS2_Humble/install/components_py:/home/parallels/ros2_ws/ROS2_Humble/install/add_two_ints:/opt/ros/humble /usr/bin/cmake --build /home/parallels/ros2_ws/ROS2_Humble/build/my_robot_interfaces -- -j8 -l8
[5.896s] Invoking command in '/home/parallels/ros2_ws/ROS2_Humble/build/my_robot_interfaces': CMAKE_PREFIX_PATH=${CMAKE_PREFIX_PATH}:/home/parallels/ros2_ws/ROS2_Humble/install/turtlesim_catch_them_all:/home/parallels/ros2_ws/ROS2_Humble/install/number_counter:/home/parallels/ros2_ws/ROS2_Humble/install/my_py_pkg:/home/parallels/ros2_ws/ROS2_Humble/install/actions_py:/home/parallels/ros2_ws/ROS2_Humble/install/lifecycle_py:/home/parallels/ros2_ws/ROS2_Humble/install/executors_py:/home/parallels/ros2_ws/ROS2_Humble/install/components_py:/home/parallels/ros2_ws/ROS2_Humble/install/add_two_ints:/opt/ros/humble /usr/bin/cmake --install /home/parallels/ros2_ws/ROS2_Humble/build/my_robot_interfaces
[5.899s] -- Install configuration: ""
[5.899s] -- Installing: /home/parallels/ros2_ws/ROS2_Humble/install/my_robot_interfaces/share/ament_index/resource_index/rosidl_interfaces/my_robot_interfaces
[5.899s] -- Up-to-date: /home/parallels/ros2_ws/ROS2_Humble/install/my_robot_interfaces/include/my_robot_interfaces/my_robot_interfaces
[5.899s] -- Up-to-date: /home/parallels/ros2_ws/ROS2_Humble/install/my_robot_interfaces/include/my_robot_interfaces/my_robot_interfaces/srv
[5.899s] -- Installing: /home/parallels/ros2_ws/ROS2_Humble/install/my_robot_interfaces/include/my_robot_interfaces/my_robot_interfaces/srv/set_led.h
[5.899s] -- Installing: /home/parallels/ros2_ws/ROS2_Humble/install/my_robot_interfaces/include/my_robot_interfaces/my_robot_interfaces/srv/catch.h
[5.899s] -- Installing: /home/parallels/ros2_ws/ROS2_Humble/install/my_robot_interfaces/include/my_robot_interfaces/my_robot_interfaces/srv/compute_rectangle_area.h
[5.899s] -- Up-to-date: /home/parallels/ros2_ws/ROS2_Humble/install/my_robot_interfaces/include/my_robot_interfaces/my_robot_interfaces/srv/detail
[5.899s] -- Installing: /home/parallels/ros2_ws/ROS2_Humble/install/my_robot_interfaces/include/my_robot_interfaces/my_robot_interfaces/srv/detail/catch__functions.c
[5.900s] -- Installing: /home/parallels/ros2_ws/ROS2_Humble/install/my_robot_interfaces/include/my_robot_interfaces/my_robot_interfaces/srv/detail/compute_rectangle_area__type_support.h
[5.900s] -- Installing: /home/parallels/ros2_ws/ROS2_Humble/install/my_robot_interfaces/include/my_robot_interfaces/my_robot_interfaces/srv/detail/set_led__functions.c
[5.900s] -- Installing: /home/parallels/ros2_ws/ROS2_Humble/install/my_robot_interfaces/include/my_robot_interfaces/my_robot_interfaces/srv/detail/catch__struct.h
[5.900s] -- Installing: /home/parallels/ros2_ws/ROS2_Humble/install/my_robot_interfaces/include/my_robot_interfaces/my_robot_interfaces/srv/detail/compute_rectangle_area__struct.h
[5.900s] -- Installing: /home/parallels/ros2_ws/ROS2_Humble/install/my_robot_interfaces/include/my_robot_interfaces/my_robot_interfaces/srv/detail/set_led__type_support.h
[5.901s] -- Installing: /home/parallels/ros2_ws/ROS2_Humble/install/my_robot_interfaces/include/my_robot_interfaces/my_robot_interfaces/srv/detail/set_led__struct.h
[5.901s] -- Installing: /home/parallels/ros2_ws/ROS2_Humble/install/my_robot_interfaces/include/my_robot_interfaces/my_robot_interfaces/srv/detail/catch__functions.h
[5.901s] -- Installing: /home/parallels/ros2_ws/ROS2_Humble/install/my_robot_interfaces/include/my_robot_interfaces/my_robot_interfaces/srv/detail/compute_rectangle_area__functions.c
[5.901s] -- Installing: /home/parallels/ros2_ws/ROS2_Humble/install/my_robot_interfaces/include/my_robot_interfaces/my_robot_interfaces/srv/detail/compute_rectangle_area__functions.h
[5.901s] -- Installing: /home/parallels/ros2_ws/ROS2_Humble/install/my_robot_interfaces/include/my_robot_interfaces/my_robot_interfaces/srv/detail/catch__type_support.h
[5.901s] -- Installing: /home/parallels/ros2_ws/ROS2_Humble/install/my_robot_interfaces/include/my_robot_interfaces/my_robot_interfaces/srv/detail/set_led__functions.h
[5.901s] -- Up-to-date: /home/parallels/ros2_ws/ROS2_Humble/install/my_robot_interfaces/include/my_robot_interfaces/my_robot_interfaces/msg
[5.901s] -- Installing: /home/parallels/ros2_ws/ROS2_Humble/install/my_robot_interfaces/include/my_robot_interfaces/my_robot_interfaces/msg/led_states.h
[5.901s] -- Up-to-date: /home/parallels/ros2_ws/ROS2_Humble/install/my_robot_interfaces/include/my_robot_interfaces/my_robot_interfaces/msg/rosidl_generator_c__visibility_control.h
[5.901s] -- Installing: /home/parallels/ros2_ws/ROS2_Humble/install/my_robot_interfaces/include/my_robot_interfaces/my_robot_interfaces/msg/turtle_array.h
[5.901s] -- Installing: /home/parallels/ros2_ws/ROS2_Humble/install/my_robot_interfaces/include/my_robot_interfaces/my_robot_interfaces/msg/turtle.h
[5.902s] -- Installing: /home/parallels/ros2_ws/ROS2_Humble/install/my_robot_interfaces/include/my_robot_interfaces/my_robot_interfaces/msg/hardware_status.h
[5.902s] -- Up-to-date: /home/parallels/ros2_ws/ROS2_Humble/install/my_robot_interfaces/include/my_robot_interfaces/my_robot_interfaces/msg/detail
[5.902s] -- Installing: /home/parallels/ros2_ws/ROS2_Humble/install/my_robot_interfaces/include/my_robot_interfaces/my_robot_interfaces/msg/detail/turtle__functions.c
[5.902s] -- Installing: /home/parallels/ros2_ws/ROS2_Humble/install/my_robot_interfaces/include/my_robot_interfaces/my_robot_interfaces/msg/detail/led_states__struct.h
[5.902s] -- Installing: /home/parallels/ros2_ws/ROS2_Humble/install/my_robot_interfaces/include/my_robot_interfaces/my_robot_interfaces/msg/detail/hardware_status__type_support.h
[5.902s] -- Installing: /home/parallels/ros2_ws/ROS2_Humble/install/my_robot_interfaces/include/my_robot_interfaces/my_robot_interfaces/msg/detail/led_states__functions.h
[5.902s] -- Installing: /home/parallels/ros2_ws/ROS2_Humble/install/my_robot_interfaces/include/my_robot_interfaces/my_robot_interfaces/msg/detail/hardware_status__struct.h
[5.902s] -- Installing: /home/parallels/ros2_ws/ROS2_Humble/install/my_robot_interfaces/include/my_robot_interfaces/my_robot_interfaces/msg/detail/turtle_array__functions.h
[5.902s] -- Installing: /home/parallels/ros2_ws/ROS2_Humble/install/my_robot_interfaces/include/my_robot_interfaces/my_robot_interfaces/msg/detail/led_states__type_support.h
[5.902s] -- Installing: /home/parallels/ros2_ws/ROS2_Humble/install/my_robot_interfaces/include/my_robot_interfaces/my_robot_interfaces/msg/detail/hardware_status__functions.c
[5.902s] -- Installing: /home/parallels/ros2_ws/ROS2_Humble/install/my_robot_interfaces/include/my_robot_interfaces/my_robot_interfaces/msg/detail/turtle_array__type_support.h
[5.902s] -- Installing: /home/parallels/ros2_ws/ROS2_Humble/install/my_robot_interfaces/include/my_robot_interfaces/my_robot_interfaces/msg/detail/turtle__type_support.h
[5.902s] -- Installing: /home/parallels/ros2_ws/ROS2_Humble/install/my_robot_interfaces/include/my_robot_interfaces/my_robot_interfaces/msg/detail/turtle_array__functions.c
[5.902s] -- Installing: /home/parallels/ros2_ws/ROS2_Humble/install/my_robot_interfaces/include/my_robot_interfaces/my_robot_interfaces/msg/detail/turtle_array__struct.h
[5.902s] -- Installing: /home/parallels/ros2_ws/ROS2_Humble/install/my_robot_interfaces/include/my_robot_interfaces/my_robot_interfaces/msg/detail/turtle__struct.h
[5.902s] -- Installing: /home/parallels/ros2_ws/ROS2_Humble/install/my_robot_interfaces/include/my_robot_interfaces/my_robot_interfaces/msg/detail/turtle__functions.h
[5.902s] -- Installing: /home/parallels/ros2_ws/ROS2_Humble/install/my_robot_interfaces/include/my_robot_interfaces/my_robot_interfaces/msg/detail/hardware_status__functions.h
[5.902s] -- Installing: /home/parallels/ros2_ws/ROS2_Humble/install/my_robot_interfaces/include/my_robot_interfaces/my_robot_interfaces/msg/detail/led_states__functions.c
[5.902s] -- Up-to-date: /home/parallels/ros2_ws/ROS2_Humble/install/my_robot_interfaces/include/my_robot_interfaces/my_robot_interfaces/action
[5.902s] -- Installing: /home/parallels/ros2_ws/ROS2_Humble/install/my_robot_interfaces/include/my_robot_interfaces/my_robot_interfaces/action/move_turtle.h
[5.903s] -- Installing: /home/parallels/ros2_ws/ROS2_Humble/install/my_robot_interfaces/include/my_robot_interfaces/my_robot_interfaces/action/count_until.h
[5.903s] -- Installing: /home/parallels/ros2_ws/ROS2_Humble/install/my_robot_interfaces/include/my_robot_interfaces/my_robot_interfaces/action/reach_until.h
[5.903s] -- Up-to-date: /home/parallels/ros2_ws/ROS2_Humble/install/my_robot_interfaces/include/my_robot_interfaces/my_robot_interfaces/action/detail
[5.903s] -- Installing: /home/parallels/ros2_ws/ROS2_Humble/install/my_robot_interfaces/include/my_robot_interfaces/my_robot_interfaces/action/detail/reach_until__type_support.h
[5.903s] -- Installing: /home/parallels/ros2_ws/ROS2_Humble/install/my_robot_interfaces/include/my_robot_interfaces/my_robot_interfaces/action/detail/count_until__struct.h
[5.903s] -- Installing: /home/parallels/ros2_ws/ROS2_Humble/install/my_robot_interfaces/include/my_robot_interfaces/my_robot_interfaces/action/detail/reach_until__functions.c
[5.903s] -- Installing: /home/parallels/ros2_ws/ROS2_Humble/install/my_robot_interfaces/include/my_robot_interfaces/my_robot_interfaces/action/detail/count_until__type_support.h
[5.903s] -- Installing: /home/parallels/ros2_ws/ROS2_Humble/install/my_robot_interfaces/include/my_robot_interfaces/my_robot_interfaces/action/detail/count_until__functions.h
[5.903s] -- Installing: /home/parallels/ros2_ws/ROS2_Humble/install/my_robot_interfaces/include/my_robot_interfaces/my_robot_interfaces/action/detail/count_until__functions.c
[5.903s] -- Installing: /home/parallels/ros2_ws/ROS2_Humble/install/my_robot_interfaces/include/my_robot_interfaces/my_robot_interfaces/action/detail/reach_until__functions.h
[5.903s] -- Installing: /home/parallels/ros2_ws/ROS2_Humble/install/my_robot_interfaces/include/my_robot_interfaces/my_robot_interfaces/action/detail/move_turtle__functions.h
[5.903s] -- Installing: /home/parallels/ros2_ws/ROS2_Humble/install/my_robot_interfaces/include/my_robot_interfaces/my_robot_interfaces/action/detail/move_turtle__struct.h
[5.903s] -- Installing: /home/parallels/ros2_ws/ROS2_Humble/install/my_robot_interfaces/include/my_robot_interfaces/my_robot_interfaces/action/detail/reach_until__struct.h
[5.903s] -- Installing: /home/parallels/ros2_ws/ROS2_Humble/install/my_robot_interfaces/include/my_robot_interfaces/my_robot_interfaces/action/detail/move_turtle__type_support.h
[5.903s] -- Installing: /home/parallels/ros2_ws/ROS2_Humble/install/my_robot_interfaces/include/my_robot_interfaces/my_robot_interfaces/action/detail/move_turtle__functions.c
[5.903s] -- Up-to-date: /home/parallels/ros2_ws/ROS2_Humble/install/my_robot_interfaces/share/my_robot_interfaces/environment/library_path.sh
[5.903s] -- Installing: /home/parallels/ros2_ws/ROS2_Humble/install/my_robot_interfaces/share/my_robot_interfaces/environment/library_path.dsv
[5.904s] -- Installing: /home/parallels/ros2_ws/ROS2_Humble/install/my_robot_interfaces/lib/libmy_robot_interfaces__rosidl_generator_c.so
[5.905s] -- Set runtime path of "/home/parallels/ros2_ws/ROS2_Humble/install/my_robot_interfaces/lib/libmy_robot_interfaces__rosidl_generator_c.so" to ""
[5.905s] -- Up-to-date: /home/parallels/ros2_ws/ROS2_Humble/install/my_robot_interfaces/include/my_robot_interfaces/my_robot_interfaces
[5.905s] -- Up-to-date: /home/parallels/ros2_ws/ROS2_Humble/install/my_robot_interfaces/include/my_robot_interfaces/my_robot_interfaces/srv
[5.905s] -- Up-to-date: /home/parallels/ros2_ws/ROS2_Humble/install/my_robot_interfaces/include/my_robot_interfaces/my_robot_interfaces/srv/detail
[5.905s] -- Installing: /home/parallels/ros2_ws/ROS2_Humble/install/my_robot_interfaces/include/my_robot_interfaces/my_robot_interfaces/srv/detail/compute_rectangle_area__rosidl_typesupport_fastrtps_c.h
[5.905s] -- Installing: /home/parallels/ros2_ws/ROS2_Humble/install/my_robot_interfaces/include/my_robot_interfaces/my_robot_interfaces/srv/detail/catch__rosidl_typesupport_fastrtps_c.h
[5.905s] -- Installing: /home/parallels/ros2_ws/ROS2_Humble/install/my_robot_interfaces/include/my_robot_interfaces/my_robot_interfaces/srv/detail/set_led__rosidl_typesupport_fastrtps_c.h
[5.905s] -- Up-to-date: /home/parallels/ros2_ws/ROS2_Humble/install/my_robot_interfaces/include/my_robot_interfaces/my_robot_interfaces/msg
[5.905s] -- Up-to-date: /home/parallels/ros2_ws/ROS2_Humble/install/my_robot_interfaces/include/my_robot_interfaces/my_robot_interfaces/msg/rosidl_typesupport_fastrtps_c__visibility_control.h
[5.906s] -- Up-to-date: /home/parallels/ros2_ws/ROS2_Humble/install/my_robot_interfaces/include/my_robot_interfaces/my_robot_interfaces/msg/detail
[5.906s] -- Installing: /home/parallels/ros2_ws/ROS2_Humble/install/my_robot_interfaces/include/my_robot_interfaces/my_robot_interfaces/msg/detail/turtle_array__rosidl_typesupport_fastrtps_c.h
[5.906s] -- Installing: /home/parallels/ros2_ws/ROS2_Humble/install/my_robot_interfaces/include/my_robot_interfaces/my_robot_interfaces/msg/detail/turtle__rosidl_typesupport_fastrtps_c.h
[5.906s] -- Installing: /home/parallels/ros2_ws/ROS2_Humble/install/my_robot_interfaces/include/my_robot_interfaces/my_robot_interfaces/msg/detail/hardware_status__rosidl_typesupport_fastrtps_c.h
[5.906s] -- Installing: /home/parallels/ros2_ws/ROS2_Humble/install/my_robot_interfaces/include/my_robot_interfaces/my_robot_interfaces/msg/detail/led_states__rosidl_typesupport_fastrtps_c.h
[5.906s] -- Up-to-date: /home/parallels/ros2_ws/ROS2_Humble/install/my_robot_interfaces/include/my_robot_interfaces/my_robot_interfaces/action
[5.906s] -- Up-to-date: /home/parallels/ros2_ws/ROS2_Humble/install/my_robot_interfaces/include/my_robot_interfaces/my_robot_interfaces/action/detail
[5.906s] -- Installing: /home/parallels/ros2_ws/ROS2_Humble/install/my_robot_interfaces/include/my_robot_interfaces/my_robot_interfaces/action/detail/count_until__rosidl_typesupport_fastrtps_c.h
[5.906s] -- Installing: /home/parallels/ros2_ws/ROS2_Humble/install/my_robot_interfaces/include/my_robot_interfaces/my_robot_interfaces/action/detail/reach_until__rosidl_typesupport_fastrtps_c.h
[5.906s] -- Installing: /home/parallels/ros2_ws/ROS2_Humble/install/my_robot_interfaces/include/my_robot_interfaces/my_robot_interfaces/action/detail/move_turtle__rosidl_typesupport_fastrtps_c.h
[5.907s] -- Installing: /home/parallels/ros2_ws/ROS2_Humble/install/my_robot_interfaces/lib/libmy_robot_interfaces__rosidl_typesupport_fastrtps_c.so
[5.907s] -- Set runtime path of "/home/parallels/ros2_ws/ROS2_Humble/install/my_robot_interfaces/lib/libmy_robot_interfaces__rosidl_typesupport_fastrtps_c.so" to ""
[5.907s] -- Up-to-date: /home/parallels/ros2_ws/ROS2_Humble/install/my_robot_interfaces/include/my_robot_interfaces/my_robot_interfaces
[5.907s] -- Up-to-date: /home/parallels/ros2_ws/ROS2_Humble/install/my_robot_interfaces/include/my_robot_interfaces/my_robot_interfaces/srv
[5.908s] -- Up-to-date: /home/parallels/ros2_ws/ROS2_Humble/install/my_robot_interfaces/include/my_robot_interfaces/my_robot_interfaces/srv/detail
[5.908s] -- Installing: /home/parallels/ros2_ws/ROS2_Humble/install/my_robot_interfaces/include/my_robot_interfaces/my_robot_interfaces/srv/detail/set_led__type_support.c
[5.908s] -- Installing: /home/parallels/ros2_ws/ROS2_Humble/install/my_robot_interfaces/include/my_robot_interfaces/my_robot_interfaces/srv/detail/set_led__rosidl_typesupport_introspection_c.h
[5.908s] -- Installing: /home/parallels/ros2_ws/ROS2_Humble/install/my_robot_interfaces/include/my_robot_interfaces/my_robot_interfaces/srv/detail/compute_rectangle_area__type_support.c
[5.908s] -- Installing: /home/parallels/ros2_ws/ROS2_Humble/install/my_robot_interfaces/include/my_robot_interfaces/my_robot_interfaces/srv/detail/catch__type_support.c
[5.908s] -- Installing: /home/parallels/ros2_ws/ROS2_Humble/install/my_robot_interfaces/include/my_robot_interfaces/my_robot_interfaces/srv/detail/compute_rectangle_area__rosidl_typesupport_introspection_c.h
[5.908s] -- Installing: /home/parallels/ros2_ws/ROS2_Humble/install/my_robot_interfaces/include/my_robot_interfaces/my_robot_interfaces/srv/detail/catch__rosidl_typesupport_introspection_c.h
[5.908s] -- Up-to-date: /home/parallels/ros2_ws/ROS2_Humble/install/my_robot_interfaces/include/my_robot_interfaces/my_robot_interfaces/msg
[5.908s] -- Up-to-date: /home/parallels/ros2_ws/ROS2_Humble/install/my_robot_interfaces/include/my_robot_interfaces/my_robot_interfaces/msg/rosidl_typesupport_introspection_c__visibility_control.h
[5.909s] -- Up-to-date: /home/parallels/ros2_ws/ROS2_Humble/install/my_robot_interfaces/include/my_robot_interfaces/my_robot_interfaces/msg/detail
[5.909s] -- Installing: /home/parallels/ros2_ws/ROS2_Humble/install/my_robot_interfaces/include/my_robot_interfaces/my_robot_interfaces/msg/detail/led_states__rosidl_typesupport_introspection_c.h
[5.909s] -- Installing: /home/parallels/ros2_ws/ROS2_Humble/install/my_robot_interfaces/include/my_robot_interfaces/my_robot_interfaces/msg/detail/turtle__type_support.c
[5.909s] -- Installing: /home/parallels/ros2_ws/ROS2_Humble/install/my_robot_interfaces/include/my_robot_interfaces/my_robot_interfaces/msg/detail/hardware_status__rosidl_typesupport_introspection_c.h
[5.909s] -- Installing: /home/parallels/ros2_ws/ROS2_Humble/install/my_robot_interfaces/include/my_robot_interfaces/my_robot_interfaces/msg/detail/led_states__type_support.c
[5.909s] -- Installing: /home/parallels/ros2_ws/ROS2_Humble/install/my_robot_interfaces/include/my_robot_interfaces/my_robot_interfaces/msg/detail/turtle_array__type_support.c
[5.909s] -- Installing: /home/parallels/ros2_ws/ROS2_Humble/install/my_robot_interfaces/include/my_robot_interfaces/my_robot_interfaces/msg/detail/hardware_status__type_support.c
[5.909s] -- Installing: /home/parallels/ros2_ws/ROS2_Humble/install/my_robot_interfaces/include/my_robot_interfaces/my_robot_interfaces/msg/detail/turtle_array__rosidl_typesupport_introspection_c.h
[5.909s] -- Installing: /home/parallels/ros2_ws/ROS2_Humble/install/my_robot_interfaces/include/my_robot_interfaces/my_robot_interfaces/msg/detail/turtle__rosidl_typesupport_introspection_c.h
[5.909s] -- Up-to-date: /home/parallels/ros2_ws/ROS2_Humble/install/my_robot_interfaces/include/my_robot_interfaces/my_robot_interfaces/action
[5.909s] -- Up-to-date: /home/parallels/ros2_ws/ROS2_Humble/install/my_robot_interfaces/include/my_robot_interfaces/my_robot_interfaces/action/detail
[5.909s] -- Installing: /home/parallels/ros2_ws/ROS2_Humble/install/my_robot_interfaces/include/my_robot_interfaces/my_robot_interfaces/action/detail/move_turtle__type_support.c
[5.909s] -- Installing: /home/parallels/ros2_ws/ROS2_Humble/install/my_robot_interfaces/include/my_robot_interfaces/my_robot_interfaces/action/detail/move_turtle__rosidl_typesupport_introspection_c.h
[5.909s] -- Installing: /home/parallels/ros2_ws/ROS2_Humble/install/my_robot_interfaces/include/my_robot_interfaces/my_robot_interfaces/action/detail/reach_until__rosidl_typesupport_introspection_c.h
[5.909s] -- Installing: /home/parallels/ros2_ws/ROS2_Humble/install/my_robot_interfaces/include/my_robot_interfaces/my_robot_interfaces/action/detail/count_until__rosidl_typesupport_introspection_c.h
[5.909s] -- Installing: /home/parallels/ros2_ws/ROS2_Humble/install/my_robot_interfaces/include/my_robot_interfaces/my_robot_interfaces/action/detail/count_until__type_support.c
[5.909s] -- Installing: /home/parallels/ros2_ws/ROS2_Humble/install/my_robot_interfaces/include/my_robot_interfaces/my_robot_interfaces/action/detail/reach_until__type_support.c
[5.910s] -- Installing: /home/parallels/ros2_ws/ROS2_Humble/install/my_robot_interfaces/lib/libmy_robot_interfaces__rosidl_typesupport_introspection_c.so
[5.911s] -- Set runtime path of "/home/parallels/ros2_ws/ROS2_Humble/install/my_robot_interfaces/lib/libmy_robot_interfaces__rosidl_typesupport_introspection_c.so" to ""
[5.912s] -- Installing: /home/parallels/ros2_ws/ROS2_Humble/install/my_robot_interfaces/lib/libmy_robot_interfaces__rosidl_typesupport_c.so
[5.912s] -- Set runtime path of "/home/parallels/ros2_ws/ROS2_Humble/install/my_robot_interfaces/lib/libmy_robot_interfaces__rosidl_typesupport_c.so" to ""
[5.912s] -- Up-to-date: /home/parallels/ros2_ws/ROS2_Humble/install/my_robot_interfaces/include/my_robot_interfaces/my_robot_interfaces
[5.912s] -- Up-to-date: /home/parallels/ros2_ws/ROS2_Humble/install/my_robot_interfaces/include/my_robot_interfaces/my_robot_interfaces/srv
[5.912s] -- Installing: /home/parallels/ros2_ws/ROS2_Humble/install/my_robot_interfaces/include/my_robot_interfaces/my_robot_interfaces/srv/catch.hpp
[5.912s] -- Installing: /home/parallels/ros2_ws/ROS2_Humble/install/my_robot_interfaces/include/my_robot_interfaces/my_robot_interfaces/srv/compute_rectangle_area.hpp
[5.913s] -- Installing: /home/parallels/ros2_ws/ROS2_Humble/install/my_robot_interfaces/include/my_robot_interfaces/my_robot_interfaces/srv/set_led.hpp
[5.913s] -- Up-to-date: /home/parallels/ros2_ws/ROS2_Humble/install/my_robot_interfaces/include/my_robot_interfaces/my_robot_interfaces/srv/detail
[5.913s] -- Installing: /home/parallels/ros2_ws/ROS2_Humble/install/my_robot_interfaces/include/my_robot_interfaces/my_robot_interfaces/srv/detail/catch__traits.hpp
[5.913s] -- Installing: /home/parallels/ros2_ws/ROS2_Humble/install/my_robot_interfaces/include/my_robot_interfaces/my_robot_interfaces/srv/detail/compute_rectangle_area__builder.hpp
[5.913s] -- Installing: /home/parallels/ros2_ws/ROS2_Humble/install/my_robot_interfaces/include/my_robot_interfaces/my_robot_interfaces/srv/detail/set_led__struct.hpp
[5.913s] -- Installing: /home/parallels/ros2_ws/ROS2_Humble/install/my_robot_interfaces/include/my_robot_interfaces/my_robot_interfaces/srv/detail/catch__builder.hpp
[5.913s] -- Installing: /home/parallels/ros2_ws/ROS2_Humble/install/my_robot_interfaces/include/my_robot_interfaces/my_robot_interfaces/srv/detail/compute_rectangle_area__struct.hpp
[5.913s] -- Installing: /home/parallels/ros2_ws/ROS2_Humble/install/my_robot_interfaces/include/my_robot_interfaces/my_robot_interfaces/srv/detail/set_led__traits.hpp
[5.913s] -- Installing: /home/parallels/ros2_ws/ROS2_Humble/install/my_robot_interfaces/include/my_robot_interfaces/my_robot_interfaces/srv/detail/catch__struct.hpp
[5.913s] -- Installing: /home/parallels/ros2_ws/ROS2_Humble/install/my_robot_interfaces/include/my_robot_interfaces/my_robot_interfaces/srv/detail/catch__type_support.hpp
[5.913s] -- Installing: /home/parallels/ros2_ws/ROS2_Humble/install/my_robot_interfaces/include/my_robot_interfaces/my_robot_interfaces/srv/detail/compute_rectangle_area__traits.hpp
[5.913s] -- Installing: /home/parallels/ros2_ws/ROS2_Humble/install/my_robot_interfaces/include/my_robot_interfaces/my_robot_interfaces/srv/detail/set_led__type_support.hpp
[5.913s] -- Installing: /home/parallels/ros2_ws/ROS2_Humble/install/my_robot_interfaces/include/my_robot_interfaces/my_robot_interfaces/srv/detail/set_led__builder.hpp
[5.913s] -- Installing: /home/parallels/ros2_ws/ROS2_Humble/install/my_robot_interfaces/include/my_robot_interfaces/my_robot_interfaces/srv/detail/compute_rectangle_area__type_support.hpp
[5.913s] -- Up-to-date: /home/parallels/ros2_ws/ROS2_Humble/install/my_robot_interfaces/include/my_robot_interfaces/my_robot_interfaces/msg
[5.913s] -- Installing: /home/parallels/ros2_ws/ROS2_Humble/install/my_robot_interfaces/include/my_robot_interfaces/my_robot_interfaces/msg/led_states.hpp
[5.914s] -- Up-to-date: /home/parallels/ros2_ws/ROS2_Humble/install/my_robot_interfaces/include/my_robot_interfaces/my_robot_interfaces/msg/rosidl_generator_cpp__visibility_control.hpp
[5.914s] -- Installing: /home/parallels/ros2_ws/ROS2_Humble/install/my_robot_interfaces/include/my_robot_interfaces/my_robot_interfaces/msg/hardware_status.hpp
[5.914s] -- Installing: /home/parallels/ros2_ws/ROS2_Humble/install/my_robot_interfaces/include/my_robot_interfaces/my_robot_interfaces/msg/turtle_array.hpp
[5.914s] -- Installing: /home/parallels/ros2_ws/ROS2_Humble/install/my_robot_interfaces/include/my_robot_interfaces/my_robot_interfaces/msg/turtle.hpp
[5.914s] -- Up-to-date: /home/parallels/ros2_ws/ROS2_Humble/install/my_robot_interfaces/include/my_robot_interfaces/my_robot_interfaces/msg/detail
[5.914s] -- Installing: /home/parallels/ros2_ws/ROS2_Humble/install/my_robot_interfaces/include/my_robot_interfaces/my_robot_interfaces/msg/detail/hardware_status__builder.hpp
[5.914s] -- Installing: /home/parallels/ros2_ws/ROS2_Humble/install/my_robot_interfaces/include/my_robot_interfaces/my_robot_interfaces/msg/detail/led_states__type_support.hpp
[5.914s] -- Installing: /home/parallels/ros2_ws/ROS2_Humble/install/my_robot_interfaces/include/my_robot_interfaces/my_robot_interfaces/msg/detail/turtle__type_support.hpp
[5.914s] -- Installing: /home/parallels/ros2_ws/ROS2_Humble/install/my_robot_interfaces/include/my_robot_interfaces/my_robot_interfaces/msg/detail/turtle__struct.hpp
[5.914s] -- Installing: /home/parallels/ros2_ws/ROS2_Humble/install/my_robot_interfaces/include/my_robot_interfaces/my_robot_interfaces/msg/detail/turtle_array__struct.hpp
[5.914s] -- Installing: /home/parallels/ros2_ws/ROS2_Humble/install/my_robot_interfaces/include/my_robot_interfaces/my_robot_interfaces/msg/detail/turtle_array__traits.hpp
[5.914s] -- Installing: /home/parallels/ros2_ws/ROS2_Humble/install/my_robot_interfaces/include/my_robot_interfaces/my_robot_interfaces/msg/detail/hardware_status__type_support.hpp
[5.914s] -- Installing: /home/parallels/ros2_ws/ROS2_Humble/install/my_robot_interfaces/include/my_robot_interfaces/my_robot_interfaces/msg/detail/led_states__struct.hpp
[5.914s] -- Installing: /home/parallels/ros2_ws/ROS2_Humble/install/my_robot_interfaces/include/my_robot_interfaces/my_robot_interfaces/msg/detail/hardware_status__struct.hpp
[5.914s] -- Installing: /home/parallels/ros2_ws/ROS2_Humble/install/my_robot_interfaces/include/my_robot_interfaces/my_robot_interfaces/msg/detail/turtle_array__builder.hpp
[5.914s] -- Installing: /home/parallels/ros2_ws/ROS2_Humble/install/my_robot_interfaces/include/my_robot_interfaces/my_robot_interfaces/msg/detail/hardware_status__traits.hpp
[5.914s] -- Installing: /home/parallels/ros2_ws/ROS2_Humble/install/my_robot_interfaces/include/my_robot_interfaces/my_robot_interfaces/msg/detail/turtle_array__type_support.hpp
[5.915s] -- Installing: /home/parallels/ros2_ws/ROS2_Humble/install/my_robot_interfaces/include/my_robot_interfaces/my_robot_interfaces/msg/detail/turtle__traits.hpp
[5.915s] -- Installing: /home/parallels/ros2_ws/ROS2_Humble/install/my_robot_interfaces/include/my_robot_interfaces/my_robot_interfaces/msg/detail/led_states__builder.hpp
[5.915s] -- Installing: /home/parallels/ros2_ws/ROS2_Humble/install/my_robot_interfaces/include/my_robot_interfaces/my_robot_interfaces/msg/detail/turtle__builder.hpp
[5.915s] -- Installing: /home/parallels/ros2_ws/ROS2_Humble/install/my_robot_interfaces/include/my_robot_interfaces/my_robot_interfaces/msg/detail/led_states__traits.hpp
[5.915s] -- Up-to-date: /home/parallels/ros2_ws/ROS2_Humble/install/my_robot_interfaces/include/my_robot_interfaces/my_robot_interfaces/action
[5.915s] -- Installing: /home/parallels/ros2_ws/ROS2_Humble/install/my_robot_interfaces/include/my_robot_interfaces/my_robot_interfaces/action/count_until.hpp
[5.915s] -- Installing: /home/parallels/ros2_ws/ROS2_Humble/install/my_robot_interfaces/include/my_robot_interfaces/my_robot_interfaces/action/move_turtle.hpp
[5.915s] -- Installing: /home/parallels/ros2_ws/ROS2_Humble/install/my_robot_interfaces/include/my_robot_interfaces/my_robot_interfaces/action/reach_until.hpp
[5.915s] -- Up-to-date: /home/parallels/ros2_ws/ROS2_Humble/install/my_robot_interfaces/include/my_robot_interfaces/my_robot_interfaces/action/detail
[5.915s] -- Installing: /home/parallels/ros2_ws/ROS2_Humble/install/my_robot_interfaces/include/my_robot_interfaces/my_robot_interfaces/action/detail/count_until__struct.hpp
[5.915s] -- Installing: /home/parallels/ros2_ws/ROS2_Humble/install/my_robot_interfaces/include/my_robot_interfaces/my_robot_interfaces/action/detail/move_turtle__builder.hpp
[5.915s] -- Installing: /home/parallels/ros2_ws/ROS2_Humble/install/my_robot_interfaces/include/my_robot_interfaces/my_robot_interfaces/action/detail/count_until__builder.hpp
[5.915s] -- Installing: /home/parallels/ros2_ws/ROS2_Humble/install/my_robot_interfaces/include/my_robot_interfaces/my_robot_interfaces/action/detail/count_until__type_support.hpp
[5.915s] -- Installing: /home/parallels/ros2_ws/ROS2_Humble/install/my_robot_interfaces/include/my_robot_interfaces/my_robot_interfaces/action/detail/count_until__traits.hpp
[5.915s] -- Installing: /home/parallels/ros2_ws/ROS2_Humble/install/my_robot_interfaces/include/my_robot_interfaces/my_robot_interfaces/action/detail/move_turtle__traits.hpp
[5.915s] -- Installing: /home/parallels/ros2_ws/ROS2_Humble/install/my_robot_interfaces/include/my_robot_interfaces/my_robot_interfaces/action/detail/move_turtle__type_support.hpp
[5.915s] -- Installing: /home/parallels/ros2_ws/ROS2_Humble/install/my_robot_interfaces/include/my_robot_interfaces/my_robot_interfaces/action/detail/reach_until__struct.hpp
[5.916s] -- Installing: /home/parallels/ros2_ws/ROS2_Humble/install/my_robot_interfaces/include/my_robot_interfaces/my_robot_interfaces/action/detail/reach_until__builder.hpp
[5.916s] -- Installing: /home/parallels/ros2_ws/ROS2_Humble/install/my_robot_interfaces/include/my_robot_interfaces/my_robot_interfaces/action/detail/reach_until__type_support.hpp
[5.916s] -- Installing: /home/parallels/ros2_ws/ROS2_Humble/install/my_robot_interfaces/include/my_robot_interfaces/my_robot_interfaces/action/detail/move_turtle__struct.hpp
[5.916s] -- Installing: /home/parallels/ros2_ws/ROS2_Humble/install/my_robot_interfaces/include/my_robot_interfaces/my_robot_interfaces/action/detail/reach_until__traits.hpp
[5.916s] -- Up-to-date: /home/parallels/ros2_ws/ROS2_Humble/install/my_robot_interfaces/include/my_robot_interfaces/my_robot_interfaces
[5.916s] -- Up-to-date: /home/parallels/ros2_ws/ROS2_Humble/install/my_robot_interfaces/include/my_robot_interfaces/my_robot_interfaces/srv
[5.917s] -- Up-to-date: /home/parallels/ros2_ws/ROS2_Humble/install/my_robot_interfaces/include/my_robot_interfaces/my_robot_interfaces/srv/detail
[5.917s] -- Installing: /home/parallels/ros2_ws/ROS2_Humble/install/my_robot_interfaces/include/my_robot_interfaces/my_robot_interfaces/srv/detail/compute_rectangle_area__rosidl_typesupport_fastrtps_cpp.hpp
[5.917s] -- Installing: /home/parallels/ros2_ws/ROS2_Humble/install/my_robot_interfaces/include/my_robot_interfaces/my_robot_interfaces/srv/detail/set_led__rosidl_typesupport_fastrtps_cpp.hpp
[5.917s] -- Installing: /home/parallels/ros2_ws/ROS2_Humble/install/my_robot_interfaces/include/my_robot_interfaces/my_robot_interfaces/srv/detail/catch__rosidl_typesupport_fastrtps_cpp.hpp
[5.917s] -- Up-to-date: /home/parallels/ros2_ws/ROS2_Humble/install/my_robot_interfaces/include/my_robot_interfaces/my_robot_interfaces/srv/detail/dds_fastrtps
[5.917s] -- Up-to-date: /home/parallels/ros2_ws/ROS2_Humble/install/my_robot_interfaces/include/my_robot_interfaces/my_robot_interfaces/msg
[5.917s] -- Up-to-date: /home/parallels/ros2_ws/ROS2_Humble/install/my_robot_interfaces/include/my_robot_interfaces/my_robot_interfaces/msg/rosidl_typesupport_fastrtps_cpp__visibility_control.h
[5.917s] -- Up-to-date: /home/parallels/ros2_ws/ROS2_Humble/install/my_robot_interfaces/include/my_robot_interfaces/my_robot_interfaces/msg/detail
[5.917s] -- Installing: /home/parallels/ros2_ws/ROS2_Humble/install/my_robot_interfaces/include/my_robot_interfaces/my_robot_interfaces/msg/detail/turtle_array__rosidl_typesupport_fastrtps_cpp.hpp
[5.917s] -- Installing: /home/parallels/ros2_ws/ROS2_Humble/install/my_robot_interfaces/include/my_robot_interfaces/my_robot_interfaces/msg/detail/hardware_status__rosidl_typesupport_fastrtps_cpp.hpp
[5.917s] -- Installing: /home/parallels/ros2_ws/ROS2_Humble/install/my_robot_interfaces/include/my_robot_interfaces/my_robot_interfaces/msg/detail/turtle__rosidl_typesupport_fastrtps_cpp.hpp
[5.917s] -- Up-to-date: /home/parallels/ros2_ws/ROS2_Humble/install/my_robot_interfaces/include/my_robot_interfaces/my_robot_interfaces/msg/detail/dds_fastrtps
[5.917s] -- Installing: /home/parallels/ros2_ws/ROS2_Humble/install/my_robot_interfaces/include/my_robot_interfaces/my_robot_interfaces/msg/detail/led_states__rosidl_typesupport_fastrtps_cpp.hpp
[5.917s] -- Up-to-date: /home/parallels/ros2_ws/ROS2_Humble/install/my_robot_interfaces/include/my_robot_interfaces/my_robot_interfaces/action
[5.917s] -- Up-to-date: /home/parallels/ros2_ws/ROS2_Humble/install/my_robot_interfaces/include/my_robot_interfaces/my_robot_interfaces/action/detail
[5.917s] -- Installing: /home/parallels/ros2_ws/ROS2_Humble/install/my_robot_interfaces/include/my_robot_interfaces/my_robot_interfaces/action/detail/count_until__rosidl_typesupport_fastrtps_cpp.hpp
[5.917s] -- Installing: /home/parallels/ros2_ws/ROS2_Humble/install/my_robot_interfaces/include/my_robot_interfaces/my_robot_interfaces/action/detail/reach_until__rosidl_typesupport_fastrtps_cpp.hpp
[5.917s] -- Up-to-date: /home/parallels/ros2_ws/ROS2_Humble/install/my_robot_interfaces/include/my_robot_interfaces/my_robot_interfaces/action/detail/dds_fastrtps
[5.917s] -- Installing: /home/parallels/ros2_ws/ROS2_Humble/install/my_robot_interfaces/include/my_robot_interfaces/my_robot_interfaces/action/detail/move_turtle__rosidl_typesupport_fastrtps_cpp.hpp
[5.918s] -- Installing: /home/parallels/ros2_ws/ROS2_Humble/install/my_robot_interfaces/lib/libmy_robot_interfaces__rosidl_typesupport_fastrtps_cpp.so
[5.918s] -- Set runtime path of "/home/parallels/ros2_ws/ROS2_Humble/install/my_robot_interfaces/lib/libmy_robot_interfaces__rosidl_typesupport_fastrtps_cpp.so" to ""
[5.918s] -- Up-to-date: /home/parallels/ros2_ws/ROS2_Humble/install/my_robot_interfaces/include/my_robot_interfaces/my_robot_interfaces
[5.918s] -- Up-to-date: /home/parallels/ros2_ws/ROS2_Humble/install/my_robot_interfaces/include/my_robot_interfaces/my_robot_interfaces/srv
[5.918s] -- Up-to-date: /home/parallels/ros2_ws/ROS2_Humble/install/my_robot_interfaces/include/my_robot_interfaces/my_robot_interfaces/srv/detail
[5.918s] -- Installing: /home/parallels/ros2_ws/ROS2_Humble/install/my_robot_interfaces/include/my_robot_interfaces/my_robot_interfaces/srv/detail/compute_rectangle_area__rosidl_typesupport_introspection_cpp.hpp
[5.919s] -- Installing: /home/parallels/ros2_ws/ROS2_Humble/install/my_robot_interfaces/include/my_robot_interfaces/my_robot_interfaces/srv/detail/set_led__type_support.cpp
[5.919s] -- Installing: /home/parallels/ros2_ws/ROS2_Humble/install/my_robot_interfaces/include/my_robot_interfaces/my_robot_interfaces/srv/detail/compute_rectangle_area__type_support.cpp
[5.919s] -- Installing: /home/parallels/ros2_ws/ROS2_Humble/install/my_robot_interfaces/include/my_robot_interfaces/my_robot_interfaces/srv/detail/set_led__rosidl_typesupport_introspection_cpp.hpp
[5.919s] -- Installing: /home/parallels/ros2_ws/ROS2_Humble/install/my_robot_interfaces/include/my_robot_interfaces/my_robot_interfaces/srv/detail/catch__type_support.cpp
[5.919s] -- Installing: /home/parallels/ros2_ws/ROS2_Humble/install/my_robot_interfaces/include/my_robot_interfaces/my_robot_interfaces/srv/detail/catch__rosidl_typesupport_introspection_cpp.hpp
[5.919s] -- Up-to-date: /home/parallels/ros2_ws/ROS2_Humble/install/my_robot_interfaces/include/my_robot_interfaces/my_robot_interfaces/msg
[5.919s] -- Up-to-date: /home/parallels/ros2_ws/ROS2_Humble/install/my_robot_interfaces/include/my_robot_interfaces/my_robot_interfaces/msg/detail
[5.919s] -- Installing: /home/parallels/ros2_ws/ROS2_Humble/install/my_robot_interfaces/include/my_robot_interfaces/my_robot_interfaces/msg/detail/led_states__type_support.cpp
[5.919s] -- Installing: /home/parallels/ros2_ws/ROS2_Humble/install/my_robot_interfaces/include/my_robot_interfaces/my_robot_interfaces/msg/detail/turtle_array__rosidl_typesupport_introspection_cpp.hpp
[5.919s] -- Installing: /home/parallels/ros2_ws/ROS2_Humble/install/my_robot_interfaces/include/my_robot_interfaces/my_robot_interfaces/msg/detail/turtle__type_support.cpp
[5.919s] -- Installing: /home/parallels/ros2_ws/ROS2_Humble/install/my_robot_interfaces/include/my_robot_interfaces/my_robot_interfaces/msg/detail/turtle__rosidl_typesupport_introspection_cpp.hpp
[5.919s] -- Installing: /home/parallels/ros2_ws/ROS2_Humble/install/my_robot_interfaces/include/my_robot_interfaces/my_robot_interfaces/msg/detail/turtle_array__type_support.cpp
[5.919s] -- Installing: /home/parallels/ros2_ws/ROS2_Humble/install/my_robot_interfaces/include/my_robot_interfaces/my_robot_interfaces/msg/detail/hardware_status__type_support.cpp
[5.919s] -- Installing: /home/parallels/ros2_ws/ROS2_Humble/install/my_robot_interfaces/include/my_robot_interfaces/my_robot_interfaces/msg/detail/led_states__rosidl_typesupport_introspection_cpp.hpp
[5.919s] -- Installing: /home/parallels/ros2_ws/ROS2_Humble/install/my_robot_interfaces/include/my_robot_interfaces/my_robot_interfaces/msg/detail/hardware_status__rosidl_typesupport_introspection_cpp.hpp
[5.919s] -- Up-to-date: /home/parallels/ros2_ws/ROS2_Humble/install/my_robot_interfaces/include/my_robot_interfaces/my_robot_interfaces/action
[5.920s] -- Up-to-date: /home/parallels/ros2_ws/ROS2_Humble/install/my_robot_interfaces/include/my_robot_interfaces/my_robot_interfaces/action/detail
[5.920s] -- Installing: /home/parallels/ros2_ws/ROS2_Humble/install/my_robot_interfaces/include/my_robot_interfaces/my_robot_interfaces/action/detail/move_turtle__rosidl_typesupport_introspection_cpp.hpp
[5.920s] -- Installing: /home/parallels/ros2_ws/ROS2_Humble/install/my_robot_interfaces/include/my_robot_interfaces/my_robot_interfaces/action/detail/move_turtle__type_support.cpp
[5.920s] -- Installing: /home/parallels/ros2_ws/ROS2_Humble/install/my_robot_interfaces/include/my_robot_interfaces/my_robot_interfaces/action/detail/count_until__type_support.cpp
[5.920s] -- Installing: /home/parallels/ros2_ws/ROS2_Humble/install/my_robot_interfaces/include/my_robot_interfaces/my_robot_interfaces/action/detail/reach_until__rosidl_typesupport_introspection_cpp.hpp
[5.920s] -- Installing: /home/parallels/ros2_ws/ROS2_Humble/install/my_robot_interfaces/include/my_robot_interfaces/my_robot_interfaces/action/detail/reach_until__type_support.cpp
[5.920s] -- Installing: /home/parallels/ros2_ws/ROS2_Humble/install/my_robot_interfaces/include/my_robot_interfaces/my_robot_interfaces/action/detail/count_until__rosidl_typesupport_introspection_cpp.hpp
[5.920s] -- Installing: /home/parallels/ros2_ws/ROS2_Humble/install/my_robot_interfaces/lib/libmy_robot_interfaces__rosidl_typesupport_introspection_cpp.so
[5.921s] -- Set runtime path of "/home/parallels/ros2_ws/ROS2_Humble/install/my_robot_interfaces/lib/libmy_robot_interfaces__rosidl_typesupport_introspection_cpp.so" to ""
[5.922s] -- Installing: /home/parallels/ros2_ws/ROS2_Humble/install/my_robot_interfaces/lib/libmy_robot_interfaces__rosidl_typesupport_cpp.so
[5.922s] -- Set runtime path of "/home/parallels/ros2_ws/ROS2_Humble/install/my_robot_interfaces/lib/libmy_robot_interfaces__rosidl_typesupport_cpp.so" to ""
[5.922s] -- Up-to-date: /home/parallels/ros2_ws/ROS2_Humble/install/my_robot_interfaces/share/my_robot_interfaces/environment/pythonpath.sh
[5.922s] -- Installing: /home/parallels/ros2_ws/ROS2_Humble/install/my_robot_interfaces/share/my_robot_interfaces/environment/pythonpath.dsv
[5.922s] -- Up-to-date: /home/parallels/ros2_ws/ROS2_Humble/install/my_robot_interfaces/local/lib/python3.10/dist-packages/my_robot_interfaces-0.0.0-py3.10.egg-info
[5.922s] -- Installing: /home/parallels/ros2_ws/ROS2_Humble/install/my_robot_interfaces/local/lib/python3.10/dist-packages/my_robot_interfaces-0.0.0-py3.10.egg-info/PKG-INFO
[5.922s] -- Installing: /home/parallels/ros2_ws/ROS2_Humble/install/my_robot_interfaces/local/lib/python3.10/dist-packages/my_robot_interfaces-0.0.0-py3.10.egg-info/SOURCES.txt
[5.922s] -- Installing: /home/parallels/ros2_ws/ROS2_Humble/install/my_robot_interfaces/local/lib/python3.10/dist-packages/my_robot_interfaces-0.0.0-py3.10.egg-info/top_level.txt
[5.922s] -- Installing: /home/parallels/ros2_ws/ROS2_Humble/install/my_robot_interfaces/local/lib/python3.10/dist-packages/my_robot_interfaces-0.0.0-py3.10.egg-info/dependency_links.txt
[5.923s] -- Up-to-date: /home/parallels/ros2_ws/ROS2_Humble/install/my_robot_interfaces/local/lib/python3.10/dist-packages/my_robot_interfaces
[5.923s] -- Installing: /home/parallels/ros2_ws/ROS2_Humble/install/my_robot_interfaces/local/lib/python3.10/dist-packages/my_robot_interfaces/my_robot_interfaces_s__rosidl_typesupport_fastrtps_c.cpython-310-aarch64-linux-gnu.so
[5.923s] -- Installing: /home/parallels/ros2_ws/ROS2_Humble/install/my_robot_interfaces/local/lib/python3.10/dist-packages/my_robot_interfaces/_my_robot_interfaces_s.ep.rosidl_typesupport_introspection_c.c
[5.923s] -- Installing: /home/parallels/ros2_ws/ROS2_Humble/install/my_robot_interfaces/local/lib/python3.10/dist-packages/my_robot_interfaces/_my_robot_interfaces_s.ep.rosidl_typesupport_fastrtps_c.c
[5.923s] -- Installing: /home/parallels/ros2_ws/ROS2_Humble/install/my_robot_interfaces/local/lib/python3.10/dist-packages/my_robot_interfaces/my_robot_interfaces_s__rosidl_typesupport_introspection_c.cpython-310-aarch64-linux-gnu.so
[5.923s] -- Installing: /home/parallels/ros2_ws/ROS2_Humble/install/my_robot_interfaces/local/lib/python3.10/dist-packages/my_robot_interfaces/__init__.py
[5.923s] -- Installing: /home/parallels/ros2_ws/ROS2_Humble/install/my_robot_interfaces/local/lib/python3.10/dist-packages/my_robot_interfaces/my_robot_interfaces_s__rosidl_typesupport_c.cpython-310-aarch64-linux-gnu.so
[5.924s] -- Up-to-date: /home/parallels/ros2_ws/ROS2_Humble/install/my_robot_interfaces/local/lib/python3.10/dist-packages/my_robot_interfaces/srv
[5.924s] -- Installing: /home/parallels/ros2_ws/ROS2_Humble/install/my_robot_interfaces/local/lib/python3.10/dist-packages/my_robot_interfaces/srv/_catch.py
[5.924s] -- Installing: /home/parallels/ros2_ws/ROS2_Humble/install/my_robot_interfaces/local/lib/python3.10/dist-packages/my_robot_interfaces/srv/_compute_rectangle_area.py
[5.924s] -- Installing: /home/parallels/ros2_ws/ROS2_Humble/install/my_robot_interfaces/local/lib/python3.10/dist-packages/my_robot_interfaces/srv/__init__.py
[5.924s] -- Installing: /home/parallels/ros2_ws/ROS2_Humble/install/my_robot_interfaces/local/lib/python3.10/dist-packages/my_robot_interfaces/srv/_set_led.py
[5.924s] -- Installing: /home/parallels/ros2_ws/ROS2_Humble/install/my_robot_interfaces/local/lib/python3.10/dist-packages/my_robot_interfaces/srv/_set_led_s.c
[5.924s] -- Installing: /home/parallels/ros2_ws/ROS2_Humble/install/my_robot_interfaces/local/lib/python3.10/dist-packages/my_robot_interfaces/srv/_catch_s.c
[5.924s] -- Installing: /home/parallels/ros2_ws/ROS2_Humble/install/my_robot_interfaces/local/lib/python3.10/dist-packages/my_robot_interfaces/srv/_compute_rectangle_area_s.c
[5.924s] -- Up-to-date: /home/parallels/ros2_ws/ROS2_Humble/install/my_robot_interfaces/local/lib/python3.10/dist-packages/my_robot_interfaces/msg
[5.924s] -- Installing: /home/parallels/ros2_ws/ROS2_Humble/install/my_robot_interfaces/local/lib/python3.10/dist-packages/my_robot_interfaces/msg/_led_states.py
[5.924s] -- Installing: /home/parallels/ros2_ws/ROS2_Humble/install/my_robot_interfaces/local/lib/python3.10/dist-packages/my_robot_interfaces/msg/_hardware_status_s.c
[5.925s] -- Installing: /home/parallels/ros2_ws/ROS2_Humble/install/my_robot_interfaces/local/lib/python3.10/dist-packages/my_robot_interfaces/msg/__init__.py
[5.925s] -- Installing: /home/parallels/ros2_ws/ROS2_Humble/install/my_robot_interfaces/local/lib/python3.10/dist-packages/my_robot_interfaces/msg/_turtle.py
[5.925s] -- Installing: /home/parallels/ros2_ws/ROS2_Humble/install/my_robot_interfaces/local/lib/python3.10/dist-packages/my_robot_interfaces/msg/_turtle_s.c
[5.925s] -- Installing: /home/parallels/ros2_ws/ROS2_Humble/install/my_robot_interfaces/local/lib/python3.10/dist-packages/my_robot_interfaces/msg/_hardware_status.py
[5.925s] -- Installing: /home/parallels/ros2_ws/ROS2_Humble/install/my_robot_interfaces/local/lib/python3.10/dist-packages/my_robot_interfaces/msg/_turtle_array_s.c
[5.925s] -- Installing: /home/parallels/ros2_ws/ROS2_Humble/install/my_robot_interfaces/local/lib/python3.10/dist-packages/my_robot_interfaces/msg/_led_states_s.c
[5.925s] -- Installing: /home/parallels/ros2_ws/ROS2_Humble/install/my_robot_interfaces/local/lib/python3.10/dist-packages/my_robot_interfaces/msg/_turtle_array.py
[5.925s] -- Installing: /home/parallels/ros2_ws/ROS2_Humble/install/my_robot_interfaces/local/lib/python3.10/dist-packages/my_robot_interfaces/libmy_robot_interfaces__rosidl_generator_py.so
[5.925s] -- Installing: /home/parallels/ros2_ws/ROS2_Humble/install/my_robot_interfaces/local/lib/python3.10/dist-packages/my_robot_interfaces/_my_robot_interfaces_s.ep.rosidl_typesupport_c.c
[5.925s] -- Up-to-date: /home/parallels/ros2_ws/ROS2_Humble/install/my_robot_interfaces/local/lib/python3.10/dist-packages/my_robot_interfaces/action
[5.925s] -- Installing: /home/parallels/ros2_ws/ROS2_Humble/install/my_robot_interfaces/local/lib/python3.10/dist-packages/my_robot_interfaces/action/_count_until_s.c
[5.925s] -- Installing: /home/parallels/ros2_ws/ROS2_Humble/install/my_robot_interfaces/local/lib/python3.10/dist-packages/my_robot_interfaces/action/__init__.py
[5.925s] -- Installing: /home/parallels/ros2_ws/ROS2_Humble/install/my_robot_interfaces/local/lib/python3.10/dist-packages/my_robot_interfaces/action/_move_turtle.py
[5.926s] -- Installing: /home/parallels/ros2_ws/ROS2_Humble/install/my_robot_interfaces/local/lib/python3.10/dist-packages/my_robot_interfaces/action/_reach_until.py
[5.926s] -- Installing: /home/parallels/ros2_ws/ROS2_Humble/install/my_robot_interfaces/local/lib/python3.10/dist-packages/my_robot_interfaces/action/_count_until.py
[5.926s] -- Installing: /home/parallels/ros2_ws/ROS2_Humble/install/my_robot_interfaces/local/lib/python3.10/dist-packages/my_robot_interfaces/action/_reach_until_s.c
[5.926s] -- Installing: /home/parallels/ros2_ws/ROS2_Humble/install/my_robot_interfaces/local/lib/python3.10/dist-packages/my_robot_interfaces/action/_move_turtle_s.c
[5.962s] Listing '/home/parallels/ros2_ws/ROS2_Humble/install/my_robot_interfaces/local/lib/python3.10/dist-packages/my_robot_interfaces'...
[5.962s] Compiling '/home/parallels/ros2_ws/ROS2_Humble/install/my_robot_interfaces/local/lib/python3.10/dist-packages/my_robot_interfaces/__init__.py'...
[5.962s] Listing '/home/parallels/ros2_ws/ROS2_Humble/install/my_robot_interfaces/local/lib/python3.10/dist-packages/my_robot_interfaces/action'...
[5.962s] Compiling '/home/parallels/ros2_ws/ROS2_Humble/install/my_robot_interfaces/local/lib/python3.10/dist-packages/my_robot_interfaces/action/__init__.py'...
[5.962s] Compiling '/home/parallels/ros2_ws/ROS2_Humble/install/my_robot_interfaces/local/lib/python3.10/dist-packages/my_robot_interfaces/action/_count_until.py'...
[5.962s] Compiling '/home/parallels/ros2_ws/ROS2_Humble/install/my_robot_interfaces/local/lib/python3.10/dist-packages/my_robot_interfaces/action/_move_turtle.py'...
[5.962s] Compiling '/home/parallels/ros2_ws/ROS2_Humble/install/my_robot_interfaces/local/lib/python3.10/dist-packages/my_robot_interfaces/action/_reach_until.py'...
[5.962s] Listing '/home/parallels/ros2_ws/ROS2_Humble/install/my_robot_interfaces/local/lib/python3.10/dist-packages/my_robot_interfaces/msg'...
[5.962s] Compiling '/home/parallels/ros2_ws/ROS2_Humble/install/my_robot_interfaces/local/lib/python3.10/dist-packages/my_robot_interfaces/msg/__init__.py'...
[5.962s] Compiling '/home/parallels/ros2_ws/ROS2_Humble/install/my_robot_interfaces/local/lib/python3.10/dist-packages/my_robot_interfaces/msg/_hardware_status.py'...
[5.962s] Compiling '/home/parallels/ros2_ws/ROS2_Humble/install/my_robot_interfaces/local/lib/python3.10/dist-packages/my_robot_interfaces/msg/_led_states.py'...
[5.962s] Compiling '/home/parallels/ros2_ws/ROS2_Humble/install/my_robot_interfaces/local/lib/python3.10/dist-packages/my_robot_interfaces/msg/_turtle.py'...
[5.962s] Compiling '/home/parallels/ros2_ws/ROS2_Humble/install/my_robot_interfaces/local/lib/python3.10/dist-packages/my_robot_interfaces/msg/_turtle_array.py'...
[5.962s] Listing '/home/parallels/ros2_ws/ROS2_Humble/install/my_robot_interfaces/local/lib/python3.10/dist-packages/my_robot_interfaces/srv'...
[5.962s] Compiling '/home/parallels/ros2_ws/ROS2_Humble/install/my_robot_interfaces/local/lib/python3.10/dist-packages/my_robot_interfaces/srv/__init__.py'...
[5.962s] Compiling '/home/parallels/ros2_ws/ROS2_Humble/install/my_robot_interfaces/local/lib/python3.10/dist-packages/my_robot_interfaces/srv/_catch.py'...
[5.962s] Compiling '/home/parallels/ros2_ws/ROS2_Humble/install/my_robot_interfaces/local/lib/python3.10/dist-packages/my_robot_interfaces/srv/_compute_rectangle_area.py'...
[5.962s] Compiling '/home/parallels/ros2_ws/ROS2_Humble/install/my_robot_interfaces/local/lib/python3.10/dist-packages/my_robot_interfaces/srv/_set_led.py'...
[5.965s] -- Installing: /home/parallels/ros2_ws/ROS2_Humble/install/my_robot_interfaces/local/lib/python3.10/dist-packages/my_robot_interfaces/my_robot_interfaces_s__rosidl_typesupport_fastrtps_c.cpython-310-aarch64-linux-gnu.so
[5.965s] -- Set runtime path of "/home/parallels/ros2_ws/ROS2_Humble/install/my_robot_interfaces/local/lib/python3.10/dist-packages/my_robot_interfaces/my_robot_interfaces_s__rosidl_typesupport_fastrtps_c.cpython-310-aarch64-linux-gnu.so" to ""
[5.965s] -- Installing: /home/parallels/ros2_ws/ROS2_Humble/install/my_robot_interfaces/local/lib/python3.10/dist-packages/my_robot_interfaces/my_robot_interfaces_s__rosidl_typesupport_introspection_c.cpython-310-aarch64-linux-gnu.so
[5.965s] -- Set runtime path of "/home/parallels/ros2_ws/ROS2_Humble/install/my_robot_interfaces/local/lib/python3.10/dist-packages/my_robot_interfaces/my_robot_interfaces_s__rosidl_typesupport_introspection_c.cpython-310-aarch64-linux-gnu.so" to ""
[5.965s] -- Installing: /home/parallels/ros2_ws/ROS2_Humble/install/my_robot_interfaces/local/lib/python3.10/dist-packages/my_robot_interfaces/my_robot_interfaces_s__rosidl_typesupport_c.cpython-310-aarch64-linux-gnu.so
[5.965s] -- Set runtime path of "/home/parallels/ros2_ws/ROS2_Humble/install/my_robot_interfaces/local/lib/python3.10/dist-packages/my_robot_interfaces/my_robot_interfaces_s__rosidl_typesupport_c.cpython-310-aarch64-linux-gnu.so" to ""
[5.966s] -- Installing: /home/parallels/ros2_ws/ROS2_Humble/install/my_robot_interfaces/lib/libmy_robot_interfaces__rosidl_generator_py.so
[5.967s] -- Set runtime path of "/home/parallels/ros2_ws/ROS2_Humble/install/my_robot_interfaces/lib/libmy_robot_interfaces__rosidl_generator_py.so" to ""
[5.967s] -- Up-to-date: /home/parallels/ros2_ws/ROS2_Humble/install/my_robot_interfaces/share/my_robot_interfaces/msg/HardwareStatus.idl
[5.967s] -- Up-to-date: /home/parallels/ros2_ws/ROS2_Humble/install/my_robot_interfaces/share/my_robot_interfaces/msg/LedStates.idl
[5.967s] -- Up-to-date: /home/parallels/ros2_ws/ROS2_Humble/install/my_robot_interfaces/share/my_robot_interfaces/msg/Turtle.idl
[5.967s] -- Up-to-date: /home/parallels/ros2_ws/ROS2_Humble/install/my_robot_interfaces/share/my_robot_interfaces/msg/TurtleArray.idl
[5.967s] -- Up-to-date: /home/parallels/ros2_ws/ROS2_Humble/install/my_robot_interfaces/share/my_robot_interfaces/srv/ComputeRectangleArea.idl
[5.967s] -- Up-to-date: /home/parallels/ros2_ws/ROS2_Humble/install/my_robot_interfaces/share/my_robot_interfaces/srv/SetLED.idl
[5.967s] -- Up-to-date: /home/parallels/ros2_ws/ROS2_Humble/install/my_robot_interfaces/share/my_robot_interfaces/srv/Catch.idl
[5.967s] -- Up-to-date: /home/parallels/ros2_ws/ROS2_Humble/install/my_robot_interfaces/share/my_robot_interfaces/action/CountUntil.idl
[5.967s] -- Up-to-date: /home/parallels/ros2_ws/ROS2_Humble/install/my_robot_interfaces/share/my_robot_interfaces/action/ReachUntil.idl
[5.967s] -- Installing: /home/parallels/ros2_ws/ROS2_Humble/install/my_robot_interfaces/share/my_robot_interfaces/action/MoveTurtle.idl
[5.967s] -- Up-to-date: /home/parallels/ros2_ws/ROS2_Humble/install/my_robot_interfaces/share/my_robot_interfaces/msg/HardwareStatus.msg
[5.967s] -- Up-to-date: /home/parallels/ros2_ws/ROS2_Humble/install/my_robot_interfaces/share/my_robot_interfaces/msg/LedStates.msg
[5.967s] -- Up-to-date: /home/parallels/ros2_ws/ROS2_Humble/install/my_robot_interfaces/share/my_robot_interfaces/msg/Turtle.msg
[5.968s] -- Up-to-date: /home/parallels/ros2_ws/ROS2_Humble/install/my_robot_interfaces/share/my_robot_interfaces/msg/TurtleArray.msg
[5.968s] -- Up-to-date: /home/parallels/ros2_ws/ROS2_Humble/install/my_robot_interfaces/share/my_robot_interfaces/srv/ComputeRectangleArea.srv
[5.968s] -- Up-to-date: /home/parallels/ros2_ws/ROS2_Humble/install/my_robot_interfaces/share/my_robot_interfaces/srv/ComputeRectangleArea_Request.msg
[5.968s] -- Up-to-date: /home/parallels/ros2_ws/ROS2_Humble/install/my_robot_interfaces/share/my_robot_interfaces/srv/ComputeRectangleArea_Response.msg
[5.968s] -- Up-to-date: /home/parallels/ros2_ws/ROS2_Humble/install/my_robot_interfaces/share/my_robot_interfaces/srv/SetLED.srv
[5.968s] -- Up-to-date: /home/parallels/ros2_ws/ROS2_Humble/install/my_robot_interfaces/share/my_robot_interfaces/srv/SetLED_Request.msg
[5.968s] -- Up-to-date: /home/parallels/ros2_ws/ROS2_Humble/install/my_robot_interfaces/share/my_robot_interfaces/srv/SetLED_Response.msg
[5.968s] -- Up-to-date: /home/parallels/ros2_ws/ROS2_Humble/install/my_robot_interfaces/share/my_robot_interfaces/srv/Catch.srv
[5.968s] -- Up-to-date: /home/parallels/ros2_ws/ROS2_Humble/install/my_robot_interfaces/share/my_robot_interfaces/srv/Catch_Request.msg
[5.968s] -- Up-to-date: /home/parallels/ros2_ws/ROS2_Humble/install/my_robot_interfaces/share/my_robot_interfaces/srv/Catch_Response.msg
[5.968s] -- Up-to-date: /home/parallels/ros2_ws/ROS2_Humble/install/my_robot_interfaces/share/my_robot_interfaces/action/CountUntil.action
[5.968s] -- Up-to-date: /home/parallels/ros2_ws/ROS2_Humble/install/my_robot_interfaces/share/my_robot_interfaces/action/ReachUntil.action
[5.968s] -- Installing: /home/parallels/ros2_ws/ROS2_Humble/install/my_robot_interfaces/share/my_robot_interfaces/action/MoveTurtle.action
[5.968s] -- Up-to-date: /home/parallels/ros2_ws/ROS2_Humble/install/my_robot_interfaces/share/ament_index/resource_index/package_run_dependencies/my_robot_interfaces
[5.968s] -- Installing: /home/parallels/ros2_ws/ROS2_Humble/install/my_robot_interfaces/share/ament_index/resource_index/parent_prefix_path/my_robot_interfaces
[5.968s] -- Up-to-date: /home/parallels/ros2_ws/ROS2_Humble/install/my_robot_interfaces/share/my_robot_interfaces/environment/ament_prefix_path.sh
[5.968s] -- Installing: /home/parallels/ros2_ws/ROS2_Humble/install/my_robot_interfaces/share/my_robot_interfaces/environment/ament_prefix_path.dsv
[5.968s] -- Up-to-date: /home/parallels/ros2_ws/ROS2_Humble/install/my_robot_interfaces/share/my_robot_interfaces/environment/path.sh
[5.968s] -- Installing: /home/parallels/ros2_ws/ROS2_Humble/install/my_robot_interfaces/share/my_robot_interfaces/environment/path.dsv
[5.968s] -- Up-to-date: /home/parallels/ros2_ws/ROS2_Humble/install/my_robot_interfaces/share/my_robot_interfaces/local_setup.bash
[5.968s] -- Up-to-date: /home/parallels/ros2_ws/ROS2_Humble/install/my_robot_interfaces/share/my_robot_interfaces/local_setup.sh
[5.968s] -- Up-to-date: /home/parallels/ros2_ws/ROS2_Humble/install/my_robot_interfaces/share/my_robot_interfaces/local_setup.zsh
[5.968s] -- Installing: /home/parallels/ros2_ws/ROS2_Humble/install/my_robot_interfaces/share/my_robot_interfaces/local_setup.dsv
[5.968s] -- Installing: /home/parallels/ros2_ws/ROS2_Humble/install/my_robot_interfaces/share/my_robot_interfaces/package.dsv
[5.968s] -- Up-to-date: /home/parallels/ros2_ws/ROS2_Humble/install/my_robot_interfaces/share/ament_index/resource_index/packages/my_robot_interfaces
[5.968s] -- Up-to-date: /home/parallels/ros2_ws/ROS2_Humble/install/my_robot_interfaces/share/my_robot_interfaces/cmake/export_my_robot_interfaces__rosidl_generator_cExport.cmake
[5.969s] -- Up-to-date: /home/parallels/ros2_ws/ROS2_Humble/install/my_robot_interfaces/share/my_robot_interfaces/cmake/export_my_robot_interfaces__rosidl_generator_cExport-noconfig.cmake
[5.969s] -- Up-to-date: /home/parallels/ros2_ws/ROS2_Humble/install/my_robot_interfaces/share/my_robot_interfaces/cmake/export_my_robot_interfaces__rosidl_typesupport_fastrtps_cExport.cmake
[5.969s] -- Up-to-date: /home/parallels/ros2_ws/ROS2_Humble/install/my_robot_interfaces/share/my_robot_interfaces/cmake/export_my_robot_interfaces__rosidl_typesupport_fastrtps_cExport-noconfig.cmake
[5.969s] -- Up-to-date: /home/parallels/ros2_ws/ROS2_Humble/install/my_robot_interfaces/share/my_robot_interfaces/cmake/my_robot_interfaces__rosidl_typesupport_introspection_cExport.cmake
[5.969s] -- Up-to-date: /home/parallels/ros2_ws/ROS2_Humble/install/my_robot_interfaces/share/my_robot_interfaces/cmake/my_robot_interfaces__rosidl_typesupport_introspection_cExport-noconfig.cmake
[5.969s] -- Up-to-date: /home/parallels/ros2_ws/ROS2_Humble/install/my_robot_interfaces/share/my_robot_interfaces/cmake/my_robot_interfaces__rosidl_typesupport_cExport.cmake
[5.969s] -- Up-to-date: /home/parallels/ros2_ws/ROS2_Humble/install/my_robot_interfaces/share/my_robot_interfaces/cmake/my_robot_interfaces__rosidl_typesupport_cExport-noconfig.cmake
[5.969s] -- Up-to-date: /home/parallels/ros2_ws/ROS2_Humble/install/my_robot_interfaces/share/my_robot_interfaces/cmake/export_my_robot_interfaces__rosidl_generator_cppExport.cmake
[5.969s] -- Up-to-date: /home/parallels/ros2_ws/ROS2_Humble/install/my_robot_interfaces/share/my_robot_interfaces/cmake/export_my_robot_interfaces__rosidl_typesupport_fastrtps_cppExport.cmake
[5.970s] -- Up-to-date: /home/parallels/ros2_ws/ROS2_Humble/install/my_robot_interfaces/share/my_robot_interfaces/cmake/export_my_robot_interfaces__rosidl_typesupport_fastrtps_cppExport-noconfig.cmake
[5.970s] -- Up-to-date: /home/parallels/ros2_ws/ROS2_Humble/install/my_robot_interfaces/share/my_robot_interfaces/cmake/my_robot_interfaces__rosidl_typesupport_introspection_cppExport.cmake
[5.970s] -- Up-to-date: /home/parallels/ros2_ws/ROS2_Humble/install/my_robot_interfaces/share/my_robot_interfaces/cmake/my_robot_interfaces__rosidl_typesupport_introspection_cppExport-noconfig.cmake
[5.970s] -- Up-to-date: /home/parallels/ros2_ws/ROS2_Humble/install/my_robot_interfaces/share/my_robot_interfaces/cmake/my_robot_interfaces__rosidl_typesupport_cppExport.cmake
[5.970s] -- Up-to-date: /home/parallels/ros2_ws/ROS2_Humble/install/my_robot_interfaces/share/my_robot_interfaces/cmake/my_robot_interfaces__rosidl_typesupport_cppExport-noconfig.cmake
[5.970s] -- Up-to-date: /home/parallels/ros2_ws/ROS2_Humble/install/my_robot_interfaces/share/my_robot_interfaces/cmake/export_my_robot_interfaces__rosidl_generator_pyExport.cmake
[5.970s] -- Up-to-date: /home/parallels/ros2_ws/ROS2_Humble/install/my_robot_interfaces/share/my_robot_interfaces/cmake/export_my_robot_interfaces__rosidl_generator_pyExport-noconfig.cmake
[5.970s] -- Installing: /home/parallels/ros2_ws/ROS2_Humble/install/my_robot_interfaces/share/my_robot_interfaces/cmake/rosidl_cmake-extras.cmake
[5.970s] -- Up-to-date: /home/parallels/ros2_ws/ROS2_Humble/install/my_robot_interfaces/share/my_robot_interfaces/cmake/ament_cmake_export_dependencies-extras.cmake
[5.970s] -- Up-to-date: /home/parallels/ros2_ws/ROS2_Humble/install/my_robot_interfaces/share/my_robot_interfaces/cmake/ament_cmake_export_include_directories-extras.cmake
[5.970s] -- Up-to-date: /home/parallels/ros2_ws/ROS2_Humble/install/my_robot_interfaces/share/my_robot_interfaces/cmake/ament_cmake_export_libraries-extras.cmake
[5.970s] -- Up-to-date: /home/parallels/ros2_ws/ROS2_Humble/install/my_robot_interfaces/share/my_robot_interfaces/cmake/ament_cmake_export_targets-extras.cmake
[5.971s] -- Up-to-date: /home/parallels/ros2_ws/ROS2_Humble/install/my_robot_interfaces/share/my_robot_interfaces/cmake/rosidl_cmake_export_typesupport_targets-extras.cmake
[5.971s] -- Up-to-date: /home/parallels/ros2_ws/ROS2_Humble/install/my_robot_interfaces/share/my_robot_interfaces/cmake/rosidl_cmake_export_typesupport_libraries-extras.cmake
[5.971s] -- Up-to-date: /home/parallels/ros2_ws/ROS2_Humble/install/my_robot_interfaces/share/my_robot_interfaces/cmake/my_robot_interfacesConfig.cmake
[5.971s] -- Up-to-date: /home/parallels/ros2_ws/ROS2_Humble/install/my_robot_interfaces/share/my_robot_interfaces/cmake/my_robot_interfacesConfig-version.cmake
[5.971s] -- Up-to-date: /home/parallels/ros2_ws/ROS2_Humble/install/my_robot_interfaces/share/my_robot_interfaces/package.xml
[5.971s] Invoked command in '/home/parallels/ros2_ws/ROS2_Humble/build/my_robot_interfaces' returned '0': CMAKE_PREFIX_PATH=${CMAKE_PREFIX_PATH}:/home/parallels/ros2_ws/ROS2_Humble/install/turtlesim_catch_them_all:/home/parallels/ros2_ws/ROS2_Humble/install/number_counter:/home/parallels/ros2_ws/ROS2_Humble/install/my_py_pkg:/home/parallels/ros2_ws/ROS2_Humble/install/actions_py:/home/parallels/ros2_ws/ROS2_Humble/install/lifecycle_py:/home/parallels/ros2_ws/ROS2_Humble/install/executors_py:/home/parallels/ros2_ws/ROS2_Humble/install/components_py:/home/parallels/ros2_ws/ROS2_Humble/install/add_two_ints:/opt/ros/humble /usr/bin/cmake --install /home/parallels/ros2_ws/ROS2_Humble/build/my_robot_interfaces
