[0.448s] Invoking command in '/home/parallels/ros2_ws/ROS2_Humble/build/executors_py': PYTHONPATH=/home/parallels/ros2_ws/ROS2_Humble/build/executors_py/prefix_override:/usr/lib/python3/dist-packages/colcon_core/task/python/colcon_distutils_commands:/home/parallels/ros2_ws/ROS2_Humble/install/executors_py/lib/python3.10/site-packages:${PYTHONPATH} /usr/bin/python3 -W ignore:setup.py install is deprecated -W ignore:easy_install command is deprecated setup.py develop --editable --build-directory /home/parallels/ros2_ws/ROS2_Humble/build/executors_py/build --no-deps symlink_data
[0.588s] running develop
[0.688s] running egg_info
[0.688s] creating executors_py.egg-info
[0.688s] writing executors_py.egg-info/PKG-INFO
[0.688s] writing dependency_links to executors_py.egg-info/dependency_links.txt
[0.689s] writing entry points to executors_py.egg-info/entry_points.txt
[0.689s] writing requirements to executors_py.egg-info/requires.txt
[0.689s] writing top-level names to executors_py.egg-info/top_level.txt
[0.689s] writing manifest file 'executors_py.egg-info/SOURCES.txt'
[0.690s] reading manifest file 'executors_py.egg-info/SOURCES.txt'
[0.690s] writing manifest file 'executors_py.egg-info/SOURCES.txt'
[0.691s] running build_ext
[0.691s] Creating /home/parallels/ros2_ws/ROS2_Humble/install/executors_py/lib/python3.10/site-packages/executors-py.egg-link (link to .)
[0.691s] Installing multi_threaded_executor script to /home/parallels/ros2_ws/ROS2_Humble/install/executors_py/lib/executors_py
[0.692s] Installing single_threaded_executor script to /home/parallels/ros2_ws/ROS2_Humble/install/executors_py/lib/executors_py
[0.692s] 
[0.692s] Installed /home/parallels/ros2_ws/ROS2_Humble/build/executors_py
[0.692s] running symlink_data
[0.692s] creating /home/parallels/ros2_ws/ROS2_Humble/install/executors_py/share/ament_index
[0.692s] creating /home/parallels/ros2_ws/ROS2_Humble/install/executors_py/share/ament_index/resource_index
[0.692s] creating /home/parallels/ros2_ws/ROS2_Humble/install/executors_py/share/ament_index/resource_index/packages
[0.692s] symbolically linking /home/parallels/ros2_ws/ROS2_Humble/build/executors_py/resource/executors_py -> /home/parallels/ros2_ws/ROS2_Humble/install/executors_py/share/ament_index/resource_index/packages
[0.692s] symbolically linking /home/parallels/ros2_ws/ROS2_Humble/build/executors_py/package.xml -> /home/parallels/ros2_ws/ROS2_Humble/install/executors_py/share/executors_py
[0.709s] Invoked command in '/home/parallels/ros2_ws/ROS2_Humble/build/executors_py' returned '0': PYTHONPATH=/home/parallels/ros2_ws/ROS2_Humble/build/executors_py/prefix_override:/usr/lib/python3/dist-packages/colcon_core/task/python/colcon_distutils_commands:/home/parallels/ros2_ws/ROS2_Humble/install/executors_py/lib/python3.10/site-packages:${PYTHONPATH} /usr/bin/python3 -W ignore:setup.py install is deprecated -W ignore:easy_install command is deprecated setup.py develop --editable --build-directory /home/parallels/ros2_ws/ROS2_Humble/build/executors_py/build --no-deps symlink_data
