[0.033s] Invoking command in '/home/parallels/ros2_ws/build/polygon_base': CMAKE_PREFIX_PATH=${CMAKE_PREFIX_PATH}:/opt/ros/humble /usr/bin/cmake /home/parallels/ros2_ws/src/polygon_base -DCMAKE_INSTALL_PREFIX=/home/parallels/ros2_ws/install/polygon_base
[0.181s] -- The C compiler identification is GNU 11.4.0
[0.328s] -- The CXX compiler identification is GNU 11.4.0
[0.346s] -- Detecting C compiler ABI info
[0.573s] -- Detecting C compiler ABI info - done
[0.577s] -- Check for working C compiler: /usr/bin/cc - skipped
[0.578s] -- Detecting C compile features
[0.578s] -- Detecting C compile features - done
[0.579s] -- Detecting CXX compiler ABI info
[0.780s] -- Detecting CXX compiler ABI info - done
[0.784s] -- Check for working CXX compiler: /usr/bin/c++ - skipped
[0.784s] -- Detecting CXX compile features
[0.785s] -- Detecting CXX compile features - done
[0.793s] -- Found ament_cmake: 1.3.11 (/opt/ros/humble/share/ament_cmake/cmake)
[1.048s] -- Found Python3: /usr/bin/python3 (found version "3.10.12") found components: Interpreter 
[1.245s] -- Found pluginlib: 5.1.0 (/opt/ros/humble/share/pluginlib/cmake)
[1.381s] -- Found ament_lint_auto: 0.12.11 (/opt/ros/humble/share/ament_lint_auto/cmake)
[1.560s] -- Added test 'cppcheck' to perform static code analysis on C / C++ code
[1.560s] -- Configured cppcheck include dirs: $<BUILD_INTERFACE:/home/parallels/ros2_ws/src/polygon_base/include>
[1.560s] -- Configured cppcheck exclude dirs and/or files: 
[1.561s] -- Added test 'lint_cmake' to check CMake code style
[1.568s] -- Added test 'uncrustify' to check C / C++ code style
[1.568s] -- Configured uncrustify additional arguments: 
[1.569s] -- Added test 'xmllint' to check XML markup files
[1.571s] -- Configuring done
[1.573s] -- Generating done
[1.574s] -- Build files have been written to: /home/parallels/ros2_ws/build/polygon_base
[1.604s] Invoked command in '/home/parallels/ros2_ws/build/polygon_base' returned '0': CMAKE_PREFIX_PATH=${CMAKE_PREFIX_PATH}:/opt/ros/humble /usr/bin/cmake /home/parallels/ros2_ws/src/polygon_base -DCMAKE_INSTALL_PREFIX=/home/parallels/ros2_ws/install/polygon_base
[1.605s] Invoking command in '/home/parallels/ros2_ws/build/polygon_base': CMAKE_PREFIX_PATH=${CMAKE_PREFIX_PATH}:/opt/ros/humble /usr/bin/cmake --build /home/parallels/ros2_ws/build/polygon_base -- -j4 -l4
[1.743s] [ 50%] [32mBuilding CXX object CMakeFiles/area_node.dir/src/area_node.cpp.o[0m
[4.479s] [100%] [32m[1mLinking CXX executable area_node[0m
[4.788s] [100%] Built target area_node
[4.812s] Invoked command in '/home/parallels/ros2_ws/build/polygon_base' returned '0': CMAKE_PREFIX_PATH=${CMAKE_PREFIX_PATH}:/opt/ros/humble /usr/bin/cmake --build /home/parallels/ros2_ws/build/polygon_base -- -j4 -l4
[4.812s] Invoking command in '/home/parallels/ros2_ws/build/polygon_base': CMAKE_PREFIX_PATH=${CMAKE_PREFIX_PATH}:/opt/ros/humble /usr/bin/cmake --install /home/parallels/ros2_ws/build/polygon_base
[4.827s] -- Install configuration: ""
[4.827s] -- Installing: /home/parallels/ros2_ws/install/polygon_base/include
[4.827s] -- Installing: /home/parallels/ros2_ws/install/polygon_base/include/polygon_base
[4.827s] -- Installing: /home/parallels/ros2_ws/install/polygon_base/include/polygon_base/regular_polygon.hpp
[4.827s] -- Installing: /home/parallels/ros2_ws/install/polygon_base/lib/polygon_base/area_node
[4.827s] -- Set runtime path of "/home/parallels/ros2_ws/install/polygon_base/lib/polygon_base/area_node" to ""
[4.827s] -- Installing: /home/parallels/ros2_ws/install/polygon_base/share/ament_index/resource_index/package_run_dependencies/polygon_base
[4.827s] -- Installing: /home/parallels/ros2_ws/install/polygon_base/share/ament_index/resource_index/parent_prefix_path/polygon_base
[4.827s] -- Installing: /home/parallels/ros2_ws/install/polygon_base/share/polygon_base/environment/ament_prefix_path.sh
[4.827s] -- Installing: /home/parallels/ros2_ws/install/polygon_base/share/polygon_base/environment/ament_prefix_path.dsv
[4.827s] -- Installing: /home/parallels/ros2_ws/install/polygon_base/share/polygon_base/environment/path.sh
[4.827s] -- Installing: /home/parallels/ros2_ws/install/polygon_base/share/polygon_base/environment/path.dsv
[4.827s] -- Installing: /home/parallels/ros2_ws/install/polygon_base/share/polygon_base/local_setup.bash
[4.827s] -- Installing: /home/parallels/ros2_ws/install/polygon_base/share/polygon_base/local_setup.sh
[4.827s] -- Installing: /home/parallels/ros2_ws/install/polygon_base/share/polygon_base/local_setup.zsh
[4.827s] -- Installing: /home/parallels/ros2_ws/install/polygon_base/share/polygon_base/local_setup.dsv
[4.827s] -- Installing: /home/parallels/ros2_ws/install/polygon_base/share/polygon_base/package.dsv
[4.827s] -- Installing: /home/parallels/ros2_ws/install/polygon_base/share/ament_index/resource_index/packages/polygon_base
[4.827s] -- Installing: /home/parallels/ros2_ws/install/polygon_base/share/polygon_base/cmake/ament_cmake_export_include_directories-extras.cmake
[4.827s] -- Installing: /home/parallels/ros2_ws/install/polygon_base/share/polygon_base/cmake/polygon_baseConfig.cmake
[4.827s] -- Installing: /home/parallels/ros2_ws/install/polygon_base/share/polygon_base/cmake/polygon_baseConfig-version.cmake
[4.827s] -- Installing: /home/parallels/ros2_ws/install/polygon_base/share/polygon_base/package.xml
[4.832s] Invoked command in '/home/parallels/ros2_ws/build/polygon_base' returned '0': CMAKE_PREFIX_PATH=${CMAKE_PREFIX_PATH}:/opt/ros/humble /usr/bin/cmake --install /home/parallels/ros2_ws/build/polygon_base
