In file included from [01m[K/opt/ros/humble/include/rclcpp/rclcpp/logging.hpp:24[m[K,
                 from [01m[K/opt/ros/humble/include/rclcpp/rclcpp/client.hpp:40[m[K,
                 from [01m[K/opt/ros/humble/include/rclcpp/rclcpp/callback_group.hpp:24[m[K,
                 from [01m[K/opt/ros/humble/include/rclcpp/rclcpp/any_executable.hpp:20[m[K,
                 from [01m[K/opt/ros/humble/include/rclcpp/rclcpp/memory_strategy.hpp:25[m[K,
                 from [01m[K/opt/ros/humble/include/rclcpp/rclcpp/memory_strategies.hpp:18[m[K,
                 from [01m[K/opt/ros/humble/include/rclcpp/rclcpp/executor_options.hpp:20[m[K,
                 from [01m[K/opt/ros/humble/include/rclcpp/rclcpp/executor.hpp:37[m[K,
                 from [01m[K/opt/ros/humble/include/rclcpp/rclcpp/executors/multi_threaded_executor.hpp:25[m[K,
                 from [01m[K/opt/ros/humble/include/rclcpp/rclcpp/executors.hpp:21[m[K,
                 from [01m[K/opt/ros/humble/include/rclcpp/rclcpp/rclcpp.hpp:155[m[K,
                 from [01m[K/home/parallels/ros2_ws/src/my_cpp_pkg/src/battery_node.cpp:1[m[K:
[01m[K/home/parallels/ros2_ws/src/my_cpp_pkg/src/battery_node.cpp:[m[K In member function ‘[01m[Kvoid battery_node::call_the_service()[m[K’:
[01m[K/home/parallels/ros2_ws/src/my_cpp_pkg/src/battery_node.cpp:28:44:[m[K [01;35m[Kwarning: [m[Kformat ‘[01m[K%d[m[K’ expects argument of type ‘[01m[Kint[m[K’, but argument 5 has type ‘[01m[Kmy_robot_interfaces::srv::SetLED_Request_<std::allocator<void> >::_battery_state_type[m[K’ {aka ‘[01m[Kdouble[m[K’} [[01;35m[K]8;;https://gcc.gnu.org/onlinedocs/gcc/Warning-Options.html#index-Wformat=-Wformat=]8;;[m[K]
   28 |             RCLCPP_INFO(this->get_logger(),[01;35m[K"Battery Status: %d, Response Message: %c"[m[K,[32m[Krequest->battery_state[m[K,response->response_msg);
      |                                            [01;35m[K^~~~~~~~~~~~~~~~~~~~~~~~~~~~~~~~~~~~~~~~~~[m[K [32m[K~~~~~~~~~~~~~~~~~~~~~~[m[K
      |                                                                                                [32m[K|[m[K
      |                                                                                                [32m[Kmy_robot_interfaces::srv::SetLED_Request_<std::allocator<void> >::_battery_state_type {aka double}[m[K
[01m[K/home/parallels/ros2_ws/src/my_cpp_pkg/src/battery_node.cpp:28:62:[m[K [01;36m[Knote: [m[Kformat string is defined here
   28 |             RCLCPP_INFO(this->get_logger(),"Battery Status: [01;36m[K%d[m[K, Response Message: %c",request->battery_state,response->response_msg);
      |                                                             [01;36m[K~^[m[K
      |                                                              [01;36m[K|[m[K
      |                                                              [01;36m[Kint[m[K
      |                                                             [32m[K%f[m[K
In file included from [01m[K/opt/ros/humble/include/rclcpp/rclcpp/logging.hpp:24[m[K,
                 from [01m[K/opt/ros/humble/include/rclcpp/rclcpp/client.hpp:40[m[K,
                 from [01m[K/opt/ros/humble/include/rclcpp/rclcpp/callback_group.hpp:24[m[K,
                 from [01m[K/opt/ros/humble/include/rclcpp/rclcpp/any_executable.hpp:20[m[K,
                 from [01m[K/opt/ros/humble/include/rclcpp/rclcpp/memory_strategy.hpp:25[m[K,
                 from [01m[K/opt/ros/humble/include/rclcpp/rclcpp/memory_strategies.hpp:18[m[K,
                 from [01m[K/opt/ros/humble/include/rclcpp/rclcpp/executor_options.hpp:20[m[K,
                 from [01m[K/opt/ros/humble/include/rclcpp/rclcpp/executor.hpp:37[m[K,
                 from [01m[K/opt/ros/humble/include/rclcpp/rclcpp/executors/multi_threaded_executor.hpp:25[m[K,
                 from [01m[K/opt/ros/humble/include/rclcpp/rclcpp/executors.hpp:21[m[K,
                 from [01m[K/opt/ros/humble/include/rclcpp/rclcpp/rclcpp.hpp:155[m[K,
                 from [01m[K/home/parallels/ros2_ws/src/my_cpp_pkg/src/battery_node.cpp:1[m[K:
[01m[K/home/parallels/ros2_ws/src/my_cpp_pkg/src/battery_node.cpp:28:44:[m[K [01;35m[Kwarning: [m[Kformat ‘[01m[K%c[m[K’ expects argument of type ‘[01m[Kint[m[K’, but argument 6 has type ‘[01m[Kmy_robot_interfaces::srv::SetLED_Response_<std::allocator<void> >::_response_msg_type[m[K’ {aka ‘[01m[Kstd::__cxx11::basic_string<char>[m[K’} [[01;35m[K]8;;https://gcc.gnu.org/onlinedocs/gcc/Warning-Options.html#index-Wformat=-Wformat=]8;;[m[K]
   28 |             RCLCPP_INFO(this->get_logger(),[01;35m[K"Battery Status: %d, Response Message: %c"[m[K,request->battery_state,response->response_msg);
      |                                            [01;35m[K^~~~~~~~~~~~~~~~~~~~~~~~~~~~~~~~~~~~~~~~~~[m[K
[01m[K/home/parallels/ros2_ws/src/my_cpp_pkg/src/battery_node.cpp:28:84:[m[K [01;36m[Knote: [m[Kformat string is defined here
   28 |             RCLCPP_INFO(this->get_logger(),"Battery Status: %d, Response Message: [01;36m[K%c[m[K",request->battery_state,response->response_msg);
      |                                                                                   [01;36m[K~^[m[K
      |                                                                                    [01;36m[K|[m[K
      |                                                                                    [01;36m[Kint[m[K
