[0.138s] Invoking command in '/home/parallels/ros2_ws/build/effort_controllers': AMENT_PREFIX_PATH=/home/parallels/ros2_ws/install/forward_command_controller:/home/parallels/ros2_ws/install/controller_manager:/home/parallels/ros2_ws/install/hardware_interface_testing:/home/parallels/ros2_ws/install/controller_interface:/home/parallels/ros2_ws/install/hardware_interface:/home/parallels/ros2_ws/install/ros2_control_test_assets:/home/parallels/ros2_ws/install/controller_manager_msgs:${AMENT_PREFIX_PATH} CMAKE_PREFIX_PATH=/home/parallels/ros2_ws/install/forward_command_controller:/home/parallels/ros2_ws/install/controller_manager:/home/parallels/ros2_ws/install/hardware_interface_testing:/home/parallels/ros2_ws/install/controller_interface:/home/parallels/ros2_ws/install/hardware_interface:/home/parallels/ros2_ws/install/ros2_control_test_assets:/home/parallels/ros2_ws/install/controller_manager_msgs:/usr:/opt/ros/humble LD_LIBRARY_PATH=/home/parallels/ros2_ws/install/forward_command_controller/lib:/home/parallels/ros2_ws/install/controller_manager/lib:/home/parallels/ros2_ws/install/hardware_interface_testing/lib:/home/parallels/ros2_ws/install/controller_interface/lib:/home/parallels/ros2_ws/install/hardware_interface/lib:/home/parallels/ros2_ws/install/controller_manager_msgs/lib:${LD_LIBRARY_PATH} PYTHONPATH=/home/parallels/ros2_ws/install/controller_manager/local/lib/python3.10/dist-packages:/home/parallels/ros2_ws/install/controller_manager_msgs/local/lib/python3.10/dist-packages:${PYTHONPATH} /usr/bin/cmake /home/parallels/ros2_ws/src/ros2_controllers/effort_controllers -DCMAKE_INSTALL_PREFIX=/home/parallels/ros2_ws/install/effort_controllers
[0.186s] -- The CXX compiler identification is GNU 11.4.0
[0.191s] -- Detecting CXX compiler ABI info
[0.248s] -- Detecting CXX compiler ABI info - done
[0.252s] -- Check for working CXX compiler: /usr/bin/c++ - skipped
[0.252s] -- Detecting CXX compile features
[0.253s] -- Detecting CXX compile features - done
[0.258s] -- Found ament_cmake: 1.3.11 (/opt/ros/humble/share/ament_cmake/cmake)
[0.345s] -- Found Python3: /usr/bin/python3 (found version "3.10.12") found components: Interpreter 
[0.442s] -- Found forward_command_controller: 2.35.0 (/home/parallels/ros2_ws/install/forward_command_controller/share/forward_command_controller/cmake)
[0.504s] -- Found rosidl_generator_c: 3.1.6 (/opt/ros/humble/share/rosidl_generator_c/cmake)
[0.514s] -- Found rosidl_adapter: 3.1.6 (/opt/ros/humble/share/rosidl_adapter/cmake)
[0.525s] -- Found rosidl_generator_cpp: 3.1.6 (/opt/ros/humble/share/rosidl_generator_cpp/cmake)
[0.540s] -- Using all available rosidl_typesupport_c: rosidl_typesupport_fastrtps_c;rosidl_typesupport_introspection_c
[0.561s] -- Using all available rosidl_typesupport_cpp: rosidl_typesupport_fastrtps_cpp;rosidl_typesupport_introspection_cpp
[0.764s] -- Found rmw_implementation_cmake: 6.1.2 (/opt/ros/humble/share/rmw_implementation_cmake/cmake)
[0.769s] -- Found rmw_fastrtps_cpp: 6.2.7 (/opt/ros/humble/share/rmw_fastrtps_cpp/cmake)
[0.802s] -- Found TinyXML2 via Config file: TinyXML2_DIR-NOTFOUND
[0.828s] -- Found OpenSSL: /usr/lib/aarch64-linux-gnu/libcrypto.so (found version "3.0.2")  
[0.831s] -- Found TinyXML2 via Config file: TinyXML2_DIR-NOTFOUND
[0.842s] -- Found FastRTPS: /opt/ros/humble/include  
[0.844s] -- Found TinyXML2 via Config file: TinyXML2_DIR-NOTFOUND
[0.849s] -- Found TinyXML2 via Config file: TinyXML2_DIR-NOTFOUND
[0.854s] -- Using RMW implementation 'rmw_fastrtps_cpp' as default
[0.867s] -- Looking for C++ include pthread.h
[0.928s] -- Looking for C++ include pthread.h - found
[0.929s] -- Performing Test CMAKE_HAVE_LIBC_PTHREAD
[1.007s] -- Performing Test CMAKE_HAVE_LIBC_PTHREAD - Success
[1.008s] -- Found Threads: TRUE  
[1.078s] -- Found parameter_traits: 0.3.9 (/opt/ros/humble/share/parameter_traits/cmake)
[1.128s] -- Found ament_cmake_gmock: 1.3.11 (/opt/ros/humble/share/ament_cmake_gmock/cmake)
[1.134s] -- Found controller_manager: 2.41.0 (/home/parallels/ros2_ws/install/controller_manager/share/controller_manager/cmake)
[1.149s] -- Found ros2_control_test_assets: 2.41.0 (/home/parallels/ros2_ws/install/ros2_control_test_assets/share/ros2_control_test_assets/cmake)
[1.154s] -- Found gmock sources under '/opt/ros/humble/src/gmock_vendor': C++ tests using 'Google Mock' will be built
[1.187s] -- The C compiler identification is GNU 11.4.0
[1.191s] -- Detecting C compiler ABI info
[1.250s] -- Detecting C compiler ABI info - done
[1.254s] -- Check for working C compiler: /usr/bin/cc - skipped
[1.254s] -- Detecting C compile features
[1.255s] -- Detecting C compile features - done
[1.275s] -- Found ament_cmake_gtest: 1.3.11 (/opt/ros/humble/share/ament_cmake_gtest/cmake)
[1.276s] -- Found gtest sources under '/opt/ros/humble/src/gtest_vendor': C++ tests using 'Google Test' will be built
[1.331s] -- Configuring done
[1.391s] -- Generating done
[1.398s] -- Build files have been written to: /home/parallels/ros2_ws/build/effort_controllers
[1.409s] Invoked command in '/home/parallels/ros2_ws/build/effort_controllers' returned '0': AMENT_PREFIX_PATH=/home/parallels/ros2_ws/install/forward_command_controller:/home/parallels/ros2_ws/install/controller_manager:/home/parallels/ros2_ws/install/hardware_interface_testing:/home/parallels/ros2_ws/install/controller_interface:/home/parallels/ros2_ws/install/hardware_interface:/home/parallels/ros2_ws/install/ros2_control_test_assets:/home/parallels/ros2_ws/install/controller_manager_msgs:${AMENT_PREFIX_PATH} CMAKE_PREFIX_PATH=/home/parallels/ros2_ws/install/forward_command_controller:/home/parallels/ros2_ws/install/controller_manager:/home/parallels/ros2_ws/install/hardware_interface_testing:/home/parallels/ros2_ws/install/controller_interface:/home/parallels/ros2_ws/install/hardware_interface:/home/parallels/ros2_ws/install/ros2_control_test_assets:/home/parallels/ros2_ws/install/controller_manager_msgs:/usr:/opt/ros/humble LD_LIBRARY_PATH=/home/parallels/ros2_ws/install/forward_command_controller/lib:/home/parallels/ros2_ws/install/controller_manager/lib:/home/parallels/ros2_ws/install/hardware_interface_testing/lib:/home/parallels/ros2_ws/install/controller_interface/lib:/home/parallels/ros2_ws/install/hardware_interface/lib:/home/parallels/ros2_ws/install/controller_manager_msgs/lib:${LD_LIBRARY_PATH} PYTHONPATH=/home/parallels/ros2_ws/install/controller_manager/local/lib/python3.10/dist-packages:/home/parallels/ros2_ws/install/controller_manager_msgs/local/lib/python3.10/dist-packages:${PYTHONPATH} /usr/bin/cmake /home/parallels/ros2_ws/src/ros2_controllers/effort_controllers -DCMAKE_INSTALL_PREFIX=/home/parallels/ros2_ws/install/effort_controllers
[1.409s] Invoking command in '/home/parallels/ros2_ws/build/effort_controllers': AMENT_PREFIX_PATH=/home/parallels/ros2_ws/install/forward_command_controller:/home/parallels/ros2_ws/install/controller_manager:/home/parallels/ros2_ws/install/hardware_interface_testing:/home/parallels/ros2_ws/install/controller_interface:/home/parallels/ros2_ws/install/hardware_interface:/home/parallels/ros2_ws/install/ros2_control_test_assets:/home/parallels/ros2_ws/install/controller_manager_msgs:${AMENT_PREFIX_PATH} CMAKE_PREFIX_PATH=/home/parallels/ros2_ws/install/forward_command_controller:/home/parallels/ros2_ws/install/controller_manager:/home/parallels/ros2_ws/install/hardware_interface_testing:/home/parallels/ros2_ws/install/controller_interface:/home/parallels/ros2_ws/install/hardware_interface:/home/parallels/ros2_ws/install/ros2_control_test_assets:/home/parallels/ros2_ws/install/controller_manager_msgs:/usr:/opt/ros/humble LD_LIBRARY_PATH=/home/parallels/ros2_ws/install/forward_command_controller/lib:/home/parallels/ros2_ws/install/controller_manager/lib:/home/parallels/ros2_ws/install/hardware_interface_testing/lib:/home/parallels/ros2_ws/install/controller_interface/lib:/home/parallels/ros2_ws/install/hardware_interface/lib:/home/parallels/ros2_ws/install/controller_manager_msgs/lib:${LD_LIBRARY_PATH} PYTHONPATH=/home/parallels/ros2_ws/install/controller_manager/local/lib/python3.10/dist-packages:/home/parallels/ros2_ws/install/controller_manager_msgs/local/lib/python3.10/dist-packages:${PYTHONPATH} /usr/bin/cmake --build /home/parallels/ros2_ws/build/effort_controllers -- -j4 -l4
[1.439s] [  9%] [32mBuilding CXX object CMakeFiles/effort_controllers.dir/src/joint_group_effort_controller.cpp.o[0m
[3.096s] [ 18%] [32m[1mLinking CXX shared library libeffort_controllers.so[0m
[3.273s] [ 18%] Built target effort_controllers
[3.286s] [ 27%] [32mBuilding CXX object gmock/CMakeFiles/gmock.dir/opt/ros/humble/src/gtest_vendor/src/gtest-all.cc.o[0m
[5.060s] [ 36%] [32mBuilding CXX object gmock/CMakeFiles/gmock.dir/src/gmock-all.cc.o[0m
[6.116s] [ 45%] [32m[1mLinking CXX static library libgmock.a[0m
[6.159s] [ 45%] Built target gmock
[6.167s] [ 54%] [32mBuilding CXX object gmock/CMakeFiles/gmock_main.dir/src/gmock_main.cc.o[0m
[6.786s] [ 63%] [32m[1mLinking CXX static library libgmock_main.a[0m
[6.802s] [ 63%] Built target gmock_main
[6.811s] [ 72%] [32mBuilding CXX object CMakeFiles/test_load_joint_group_effort_controller.dir/test/test_load_joint_group_effort_controller.cpp.o[0m
[9.649s] [ 81%] [32m[1mLinking CXX executable test_load_joint_group_effort_controller[0m
[10.261s] [ 81%] Built target test_load_joint_group_effort_controller
[10.271s] [ 90%] [32mBuilding CXX object CMakeFiles/test_joint_group_effort_controller.dir/test/test_joint_group_effort_controller.cpp.o[0m
[13.700s] [100%] [32m[1mLinking CXX executable test_joint_group_effort_controller[0m
[14.054s] [100%] Built target test_joint_group_effort_controller
[14.060s] Invoked command in '/home/parallels/ros2_ws/build/effort_controllers' returned '0': AMENT_PREFIX_PATH=/home/parallels/ros2_ws/install/forward_command_controller:/home/parallels/ros2_ws/install/controller_manager:/home/parallels/ros2_ws/install/hardware_interface_testing:/home/parallels/ros2_ws/install/controller_interface:/home/parallels/ros2_ws/install/hardware_interface:/home/parallels/ros2_ws/install/ros2_control_test_assets:/home/parallels/ros2_ws/install/controller_manager_msgs:${AMENT_PREFIX_PATH} CMAKE_PREFIX_PATH=/home/parallels/ros2_ws/install/forward_command_controller:/home/parallels/ros2_ws/install/controller_manager:/home/parallels/ros2_ws/install/hardware_interface_testing:/home/parallels/ros2_ws/install/controller_interface:/home/parallels/ros2_ws/install/hardware_interface:/home/parallels/ros2_ws/install/ros2_control_test_assets:/home/parallels/ros2_ws/install/controller_manager_msgs:/usr:/opt/ros/humble LD_LIBRARY_PATH=/home/parallels/ros2_ws/install/forward_command_controller/lib:/home/parallels/ros2_ws/install/controller_manager/lib:/home/parallels/ros2_ws/install/hardware_interface_testing/lib:/home/parallels/ros2_ws/install/controller_interface/lib:/home/parallels/ros2_ws/install/hardware_interface/lib:/home/parallels/ros2_ws/install/controller_manager_msgs/lib:${LD_LIBRARY_PATH} PYTHONPATH=/home/parallels/ros2_ws/install/controller_manager/local/lib/python3.10/dist-packages:/home/parallels/ros2_ws/install/controller_manager_msgs/local/lib/python3.10/dist-packages:${PYTHONPATH} /usr/bin/cmake --build /home/parallels/ros2_ws/build/effort_controllers -- -j4 -l4
[14.060s] Invoking command in '/home/parallels/ros2_ws/build/effort_controllers': AMENT_PREFIX_PATH=/home/parallels/ros2_ws/install/forward_command_controller:/home/parallels/ros2_ws/install/controller_manager:/home/parallels/ros2_ws/install/hardware_interface_testing:/home/parallels/ros2_ws/install/controller_interface:/home/parallels/ros2_ws/install/hardware_interface:/home/parallels/ros2_ws/install/ros2_control_test_assets:/home/parallels/ros2_ws/install/controller_manager_msgs:${AMENT_PREFIX_PATH} CMAKE_PREFIX_PATH=/home/parallels/ros2_ws/install/forward_command_controller:/home/parallels/ros2_ws/install/controller_manager:/home/parallels/ros2_ws/install/hardware_interface_testing:/home/parallels/ros2_ws/install/controller_interface:/home/parallels/ros2_ws/install/hardware_interface:/home/parallels/ros2_ws/install/ros2_control_test_assets:/home/parallels/ros2_ws/install/controller_manager_msgs:/usr:/opt/ros/humble LD_LIBRARY_PATH=/home/parallels/ros2_ws/install/forward_command_controller/lib:/home/parallels/ros2_ws/install/controller_manager/lib:/home/parallels/ros2_ws/install/hardware_interface_testing/lib:/home/parallels/ros2_ws/install/controller_interface/lib:/home/parallels/ros2_ws/install/hardware_interface/lib:/home/parallels/ros2_ws/install/controller_manager_msgs/lib:${LD_LIBRARY_PATH} PYTHONPATH=/home/parallels/ros2_ws/install/controller_manager/local/lib/python3.10/dist-packages:/home/parallels/ros2_ws/install/controller_manager_msgs/local/lib/python3.10/dist-packages:${PYTHONPATH} /usr/bin/cmake --install /home/parallels/ros2_ws/build/effort_controllers
[14.064s] -- Install configuration: ""
[14.064s] -- Installing: /home/parallels/ros2_ws/install/effort_controllers/share/effort_controllers/effort_controllers_plugins.xml
[14.065s] -- Installing: /home/parallels/ros2_ws/install/effort_controllers/include/effort_controllers
[14.065s] -- Installing: /home/parallels/ros2_ws/install/effort_controllers/include/effort_controllers/effort_controllers
[14.065s] -- Installing: /home/parallels/ros2_ws/install/effort_controllers/include/effort_controllers/effort_controllers/visibility_control.h
[14.065s] -- Installing: /home/parallels/ros2_ws/install/effort_controllers/include/effort_controllers/effort_controllers/joint_group_effort_controller.hpp
[14.065s] -- Installing: /home/parallels/ros2_ws/install/effort_controllers/lib/libeffort_controllers.so
[14.066s] -- Set runtime path of "/home/parallels/ros2_ws/install/effort_controllers/lib/libeffort_controllers.so" to ""
[14.066s] -- Installing: /home/parallels/ros2_ws/install/effort_controllers/share/effort_controllers/environment/library_path.sh
[14.066s] -- Installing: /home/parallels/ros2_ws/install/effort_controllers/share/effort_controllers/environment/library_path.dsv
[14.066s] -- Installing: /home/parallels/ros2_ws/install/effort_controllers/share/ament_index/resource_index/package_run_dependencies/effort_controllers
[14.066s] -- Installing: /home/parallels/ros2_ws/install/effort_controllers/share/ament_index/resource_index/parent_prefix_path/effort_controllers
[14.067s] -- Installing: /home/parallels/ros2_ws/install/effort_controllers/share/effort_controllers/environment/ament_prefix_path.sh
[14.067s] -- Installing: /home/parallels/ros2_ws/install/effort_controllers/share/effort_controllers/environment/ament_prefix_path.dsv
[14.067s] -- Installing: /home/parallels/ros2_ws/install/effort_controllers/share/effort_controllers/environment/path.sh
[14.068s] -- Installing: /home/parallels/ros2_ws/install/effort_controllers/share/effort_controllers/environment/path.dsv
[14.068s] -- Installing: /home/parallels/ros2_ws/install/effort_controllers/share/effort_controllers/local_setup.bash
[14.068s] -- Installing: /home/parallels/ros2_ws/install/effort_controllers/share/effort_controllers/local_setup.sh
[14.068s] -- Installing: /home/parallels/ros2_ws/install/effort_controllers/share/effort_controllers/local_setup.zsh
[14.068s] -- Installing: /home/parallels/ros2_ws/install/effort_controllers/share/effort_controllers/local_setup.dsv
[14.068s] -- Installing: /home/parallels/ros2_ws/install/effort_controllers/share/effort_controllers/package.dsv
[14.069s] -- Installing: /home/parallels/ros2_ws/install/effort_controllers/share/ament_index/resource_index/packages/effort_controllers
[14.069s] -- Installing: /home/parallels/ros2_ws/install/effort_controllers/share/ament_index/resource_index/controller_interface__pluginlib__plugin/effort_controllers
[14.069s] -- Installing: /home/parallels/ros2_ws/install/effort_controllers/share/effort_controllers/cmake/export_effort_controllersExport.cmake
[14.070s] -- Installing: /home/parallels/ros2_ws/install/effort_controllers/share/effort_controllers/cmake/export_effort_controllersExport-noconfig.cmake
[14.070s] -- Installing: /home/parallels/ros2_ws/install/effort_controllers/share/effort_controllers/cmake/ament_cmake_export_targets-extras.cmake
[14.070s] -- Installing: /home/parallels/ros2_ws/install/effort_controllers/share/effort_controllers/cmake/ament_cmake_export_dependencies-extras.cmake
[14.070s] -- Installing: /home/parallels/ros2_ws/install/effort_controllers/share/effort_controllers/cmake/effort_controllersConfig.cmake
[14.070s] -- Installing: /home/parallels/ros2_ws/install/effort_controllers/share/effort_controllers/cmake/effort_controllersConfig-version.cmake
[14.070s] -- Installing: /home/parallels/ros2_ws/install/effort_controllers/share/effort_controllers/package.xml
[14.077s] Invoked command in '/home/parallels/ros2_ws/build/effort_controllers' returned '0': AMENT_PREFIX_PATH=/home/parallels/ros2_ws/install/forward_command_controller:/home/parallels/ros2_ws/install/controller_manager:/home/parallels/ros2_ws/install/hardware_interface_testing:/home/parallels/ros2_ws/install/controller_interface:/home/parallels/ros2_ws/install/hardware_interface:/home/parallels/ros2_ws/install/ros2_control_test_assets:/home/parallels/ros2_ws/install/controller_manager_msgs:${AMENT_PREFIX_PATH} CMAKE_PREFIX_PATH=/home/parallels/ros2_ws/install/forward_command_controller:/home/parallels/ros2_ws/install/controller_manager:/home/parallels/ros2_ws/install/hardware_interface_testing:/home/parallels/ros2_ws/install/controller_interface:/home/parallels/ros2_ws/install/hardware_interface:/home/parallels/ros2_ws/install/ros2_control_test_assets:/home/parallels/ros2_ws/install/controller_manager_msgs:/usr:/opt/ros/humble LD_LIBRARY_PATH=/home/parallels/ros2_ws/install/forward_command_controller/lib:/home/parallels/ros2_ws/install/controller_manager/lib:/home/parallels/ros2_ws/install/hardware_interface_testing/lib:/home/parallels/ros2_ws/install/controller_interface/lib:/home/parallels/ros2_ws/install/hardware_interface/lib:/home/parallels/ros2_ws/install/controller_manager_msgs/lib:${LD_LIBRARY_PATH} PYTHONPATH=/home/parallels/ros2_ws/install/controller_manager/local/lib/python3.10/dist-packages:/home/parallels/ros2_ws/install/controller_manager_msgs/local/lib/python3.10/dist-packages:${PYTHONPATH} /usr/bin/cmake --install /home/parallels/ros2_ws/build/effort_controllers
