[0.011s] Invoking command in '/home/parallels/ros2_ws/build/joint_limits': CMAKE_PREFIX_PATH=${CMAKE_PREFIX_PATH}:/home/parallels/ros2_ws/install/rqt_joint_trajectory_controller:/home/parallels/ros2_ws/install/rqt_controller_manager:/home/parallels/ros2_ws/install/ros2controlcli:/home/parallels/ros2_ws/install/ros2_controllers_test_nodes:/home/parallels/ros2_ws/install/polygon_base:/home/parallels/ros2_ws/install/hardware_interface:/opt/ros/humble /usr/bin/cmake /home/parallels/ros2_ws/src/ros2_control/joint_limits -DCMAKE_INSTALL_PREFIX=/home/parallels/ros2_ws/install/joint_limits
[0.051s] -- The C compiler identification is GNU 11.4.0
[0.091s] -- The CXX compiler identification is GNU 11.4.0
[0.094s] -- Detecting C compiler ABI info
[0.144s] -- Detecting C compiler ABI info - done
[0.148s] -- Check for working C compiler: /usr/bin/cc - skipped
[0.149s] -- Detecting C compile features
[0.149s] -- Detecting C compile features - done
[0.151s] -- Detecting CXX compiler ABI info
[0.211s] -- Detecting CXX compiler ABI info - done
[0.216s] -- Check for working CXX compiler: /usr/bin/c++ - skipped
[0.216s] -- Detecting CXX compile features
[0.216s] -- Detecting CXX compile features - done
[0.221s] -- Found ament_cmake: 1.3.10 (/opt/ros/humble/share/ament_cmake/cmake)
[0.321s] -- Found Python3: /usr/bin/python3 (found version "3.10.12") found components: Interpreter 
[0.447s] -- Found rclcpp: 16.0.10 (/opt/ros/humble/share/rclcpp/cmake)
[0.508s] -- Found rosidl_generator_c: 3.1.5 (/opt/ros/humble/share/rosidl_generator_c/cmake)
[0.517s] -- Found rosidl_adapter: 3.1.5 (/opt/ros/humble/share/rosidl_adapter/cmake)
[0.535s] -- Found rosidl_generator_cpp: 3.1.5 (/opt/ros/humble/share/rosidl_generator_cpp/cmake)
[0.546s] -- Using all available rosidl_typesupport_c: rosidl_typesupport_fastrtps_c;rosidl_typesupport_introspection_c
[0.569s] -- Using all available rosidl_typesupport_cpp: rosidl_typesupport_fastrtps_cpp;rosidl_typesupport_introspection_cpp
[0.644s] -- Found rmw_implementation_cmake: 6.1.2 (/opt/ros/humble/share/rmw_implementation_cmake/cmake)
[0.651s] -- Found rmw_fastrtps_cpp: 6.2.7 (/opt/ros/humble/share/rmw_fastrtps_cpp/cmake)
[0.759s] -- Found OpenSSL: /usr/lib/aarch64-linux-gnu/libcrypto.so (found version "3.0.2")  
[0.782s] -- Found FastRTPS: /opt/ros/humble/include  
[0.817s] -- Using RMW implementation 'rmw_fastrtps_cpp' as default
[0.829s] -- Looking for pthread.h
[0.928s] -- Looking for pthread.h - found
[0.928s] -- Performing Test CMAKE_HAVE_LIBC_PTHREAD
[0.984s] -- Performing Test CMAKE_HAVE_LIBC_PTHREAD - Success
[0.985s] -- Found Threads: TRUE  
[1.044s] -- Found rclcpp_lifecycle: 16.0.10 (/opt/ros/humble/share/rclcpp_lifecycle/cmake)
[1.067s] -- Found ament_cmake_gtest: 1.3.10 (/opt/ros/humble/share/ament_cmake_gtest/cmake)
[1.072s] -- Found launch_testing_ament_cmake: 1.0.6 (/opt/ros/humble/share/launch_testing_ament_cmake/cmake)
[1.077s] -- Found python_cmake_module: 0.10.0 (/opt/ros/humble/share/python_cmake_module/cmake)
[1.091s] -- Found PythonInterp: /usr/bin/python3 (found suitable version "3.10.12", minimum required is "3.6") 
[1.094s] -- Found PythonLibs: /usr/lib/aarch64-linux-gnu/libpython3.10.so (found suitable version "3.10.12", minimum required is "3.5") 
[1.095s] -- Using PYTHON_EXECUTABLE: /usr/bin/python3
[1.095s] -- Using PYTHON_INCLUDE_DIRS: /usr/include/python3.10
[1.095s] -- Using PYTHON_LIBRARIES: /usr/lib/aarch64-linux-gnu/libpython3.10.so
[1.108s] -- Found PythonExtra: .so  
[1.113s] -- Found gtest sources under '/opt/ros/humble/src/gtest_vendor': C++ tests using 'Google Test' will be built
[1.175s] -- Configuring done
[1.184s] -- Generating done
[1.185s] -- Build files have been written to: /home/parallels/ros2_ws/build/joint_limits
[1.192s] Invoked command in '/home/parallels/ros2_ws/build/joint_limits' returned '0': CMAKE_PREFIX_PATH=${CMAKE_PREFIX_PATH}:/home/parallels/ros2_ws/install/rqt_joint_trajectory_controller:/home/parallels/ros2_ws/install/rqt_controller_manager:/home/parallels/ros2_ws/install/ros2controlcli:/home/parallels/ros2_ws/install/ros2_controllers_test_nodes:/home/parallels/ros2_ws/install/polygon_base:/home/parallels/ros2_ws/install/hardware_interface:/opt/ros/humble /usr/bin/cmake /home/parallels/ros2_ws/src/ros2_control/joint_limits -DCMAKE_INSTALL_PREFIX=/home/parallels/ros2_ws/install/joint_limits
[1.192s] Invoking command in '/home/parallels/ros2_ws/build/joint_limits': CMAKE_PREFIX_PATH=${CMAKE_PREFIX_PATH}:/home/parallels/ros2_ws/install/rqt_joint_trajectory_controller:/home/parallels/ros2_ws/install/rqt_controller_manager:/home/parallels/ros2_ws/install/ros2controlcli:/home/parallels/ros2_ws/install/ros2_controllers_test_nodes:/home/parallels/ros2_ws/install/polygon_base:/home/parallels/ros2_ws/install/hardware_interface:/opt/ros/humble /usr/bin/cmake --build /home/parallels/ros2_ws/build/joint_limits -- -j4 -l4
[1.231s] [ 16%] [32mBuilding CXX object gtest/CMakeFiles/gtest_main.dir/src/gtest_main.cc.o[0m
[1.235s] [ 33%] [32mBuilding CXX object gtest/CMakeFiles/gtest.dir/src/gtest-all.cc.o[0m
[1.704s] [ 50%] [32m[1mLinking CXX static library libgtest_main.a[0m
[1.737s] [ 50%] Built target gtest_main
[3.889s] [ 66%] [32m[1mLinking CXX static library libgtest.a[0m
[3.968s] [ 66%] Built target gtest
[4.050s] [ 83%] [32mBuilding CXX object CMakeFiles/joint_limits_rosparam_test.dir/test/joint_limits_rosparam_test.cpp.o[0m
[8.539s] [100%] [32m[1mLinking CXX executable joint_limits_rosparam_test[0m
[8.773s] [100%] Built target joint_limits_rosparam_test
[8.814s] Invoked command in '/home/parallels/ros2_ws/build/joint_limits' returned '0': CMAKE_PREFIX_PATH=${CMAKE_PREFIX_PATH}:/home/parallels/ros2_ws/install/rqt_joint_trajectory_controller:/home/parallels/ros2_ws/install/rqt_controller_manager:/home/parallels/ros2_ws/install/ros2controlcli:/home/parallels/ros2_ws/install/ros2_controllers_test_nodes:/home/parallels/ros2_ws/install/polygon_base:/home/parallels/ros2_ws/install/hardware_interface:/opt/ros/humble /usr/bin/cmake --build /home/parallels/ros2_ws/build/joint_limits -- -j4 -l4
[8.995s] Invoking command in '/home/parallels/ros2_ws/build/joint_limits': CMAKE_PREFIX_PATH=${CMAKE_PREFIX_PATH}:/home/parallels/ros2_ws/install/rqt_joint_trajectory_controller:/home/parallels/ros2_ws/install/rqt_controller_manager:/home/parallels/ros2_ws/install/ros2controlcli:/home/parallels/ros2_ws/install/ros2_controllers_test_nodes:/home/parallels/ros2_ws/install/polygon_base:/home/parallels/ros2_ws/install/hardware_interface:/opt/ros/humble /usr/bin/cmake --install /home/parallels/ros2_ws/build/joint_limits
[9.007s] -- Install configuration: ""
[9.007s] -- Installing: /home/parallels/ros2_ws/install/joint_limits/include
[9.011s] -- Installing: /home/parallels/ros2_ws/install/joint_limits/include/joint_limits
[9.011s] -- Installing: /home/parallels/ros2_ws/install/joint_limits/include/joint_limits/joint_limits_rosparam.hpp
[9.011s] -- Installing: /home/parallels/ros2_ws/install/joint_limits/include/joint_limits/joint_limits.hpp
[9.011s] -- Installing: /home/parallels/ros2_ws/install/joint_limits/lib/joint_limits/joint_limits_rosparam_test
[9.012s] -- Set runtime path of "/home/parallels/ros2_ws/install/joint_limits/lib/joint_limits/joint_limits_rosparam_test" to ""
[9.012s] -- Installing: /home/parallels/ros2_ws/install/joint_limits/share/joint_limits/test/joint_limits_rosparam.yaml
[9.012s] -- Installing: /home/parallels/ros2_ws/install/joint_limits/share/ament_index/resource_index/package_run_dependencies/joint_limits
[9.012s] -- Installing: /home/parallels/ros2_ws/install/joint_limits/share/ament_index/resource_index/parent_prefix_path/joint_limits
[9.012s] -- Installing: /home/parallels/ros2_ws/install/joint_limits/share/joint_limits/environment/ament_prefix_path.sh
[9.013s] -- Installing: /home/parallels/ros2_ws/install/joint_limits/share/joint_limits/environment/ament_prefix_path.dsv
[9.013s] -- Installing: /home/parallels/ros2_ws/install/joint_limits/share/joint_limits/environment/path.sh
[9.013s] -- Installing: /home/parallels/ros2_ws/install/joint_limits/share/joint_limits/environment/path.dsv
[9.013s] -- Installing: /home/parallels/ros2_ws/install/joint_limits/share/joint_limits/local_setup.bash
[9.013s] -- Installing: /home/parallels/ros2_ws/install/joint_limits/share/joint_limits/local_setup.sh
[9.013s] -- Installing: /home/parallels/ros2_ws/install/joint_limits/share/joint_limits/local_setup.zsh
[9.013s] -- Installing: /home/parallels/ros2_ws/install/joint_limits/share/joint_limits/local_setup.dsv
[9.013s] -- Installing: /home/parallels/ros2_ws/install/joint_limits/share/joint_limits/package.dsv
[9.013s] -- Installing: /home/parallels/ros2_ws/install/joint_limits/share/ament_index/resource_index/packages/joint_limits
[9.013s] -- Installing: /home/parallels/ros2_ws/install/joint_limits/share/joint_limits/cmake/ament_cmake_export_dependencies-extras.cmake
[9.013s] -- Installing: /home/parallels/ros2_ws/install/joint_limits/share/joint_limits/cmake/ament_cmake_export_include_directories-extras.cmake
[9.013s] -- Installing: /home/parallels/ros2_ws/install/joint_limits/share/joint_limits/cmake/joint_limitsConfig.cmake
[9.013s] -- Installing: /home/parallels/ros2_ws/install/joint_limits/share/joint_limits/cmake/joint_limitsConfig-version.cmake
[9.013s] -- Installing: /home/parallels/ros2_ws/install/joint_limits/share/joint_limits/package.xml
[9.014s] Invoked command in '/home/parallels/ros2_ws/build/joint_limits' returned '0': CMAKE_PREFIX_PATH=${CMAKE_PREFIX_PATH}:/home/parallels/ros2_ws/install/rqt_joint_trajectory_controller:/home/parallels/ros2_ws/install/rqt_controller_manager:/home/parallels/ros2_ws/install/ros2controlcli:/home/parallels/ros2_ws/install/ros2_controllers_test_nodes:/home/parallels/ros2_ws/install/polygon_base:/home/parallels/ros2_ws/install/hardware_interface:/opt/ros/humble /usr/bin/cmake --install /home/parallels/ros2_ws/build/joint_limits
