[0.647s] Invoking command in '/home/parallels/ros2_ws/src/turtlesim_catch_them_all': AMENT_PREFIX_PATH=/home/parallels/ros2_ws/install/my_robot_interfaces:${AMENT_PREFIX_PATH} CMAKE_PREFIX_PATH=/home/parallels/ros2_ws/install/my_robot_interfaces:/home/parallels/ros2_ws/install/urdf_sim_tutorial:/usr LD_LIBRARY_PATH=/home/parallels/ros2_ws/install/my_robot_interfaces/lib:${LD_LIBRARY_PATH} PYTHONPATH=/home/parallels/ros2_ws/build/turtlesim_catch_them_all/prefix_override:/usr/lib/python3/dist-packages/colcon_core/task/python/colcon_distutils_commands:/home/parallels/ros2_ws/install/turtlesim_catch_them_all/lib/python3.10/site-packages:/home/parallels/ros2_ws/install/my_robot_interfaces/local/lib/python3.10/dist-packages:${PYTHONPATH} /usr/bin/python3 -W ignore:setup.py install is deprecated -W ignore:easy_install command is deprecated setup.py egg_info --egg-base ../../build/turtlesim_catch_them_all build --build-base /home/parallels/ros2_ws/build/turtlesim_catch_them_all/build install --record /home/parallels/ros2_ws/build/turtlesim_catch_them_all/install.log --single-version-externally-managed install_data
[0.761s] running egg_info
[0.762s] creating ../../build/turtlesim_catch_them_all/turtlesim_catch_them_all.egg-info
[0.762s] writing ../../build/turtlesim_catch_them_all/turtlesim_catch_them_all.egg-info/PKG-INFO
[0.762s] writing dependency_links to ../../build/turtlesim_catch_them_all/turtlesim_catch_them_all.egg-info/dependency_links.txt
[0.762s] writing entry points to ../../build/turtlesim_catch_them_all/turtlesim_catch_them_all.egg-info/entry_points.txt
[0.762s] writing requirements to ../../build/turtlesim_catch_them_all/turtlesim_catch_them_all.egg-info/requires.txt
[0.762s] writing top-level names to ../../build/turtlesim_catch_them_all/turtlesim_catch_them_all.egg-info/top_level.txt
[0.762s] writing manifest file '../../build/turtlesim_catch_them_all/turtlesim_catch_them_all.egg-info/SOURCES.txt'
[0.763s] reading manifest file '../../build/turtlesim_catch_them_all/turtlesim_catch_them_all.egg-info/SOURCES.txt'
[0.763s] writing manifest file '../../build/turtlesim_catch_them_all/turtlesim_catch_them_all.egg-info/SOURCES.txt'
[0.763s] running build
[0.763s] running build_py
[0.763s] creating /home/parallels/ros2_ws/build/turtlesim_catch_them_all/build
[0.764s] creating /home/parallels/ros2_ws/build/turtlesim_catch_them_all/build/lib
[0.764s] creating /home/parallels/ros2_ws/build/turtlesim_catch_them_all/build/lib/turtlesim_catch_them_all
[0.764s] copying turtlesim_catch_them_all/turtle_controller.py -> /home/parallels/ros2_ws/build/turtlesim_catch_them_all/build/lib/turtlesim_catch_them_all
[0.764s] copying turtlesim_catch_them_all/__init__.py -> /home/parallels/ros2_ws/build/turtlesim_catch_them_all/build/lib/turtlesim_catch_them_all
[0.764s] copying turtlesim_catch_them_all/turtle_spawner.py -> /home/parallels/ros2_ws/build/turtlesim_catch_them_all/build/lib/turtlesim_catch_them_all
[0.764s] running install
[0.764s] running install_lib
[0.764s] creating /home/parallels/ros2_ws/install/turtlesim_catch_them_all/lib/python3.10/site-packages/turtlesim_catch_them_all
[0.764s] copying /home/parallels/ros2_ws/build/turtlesim_catch_them_all/build/lib/turtlesim_catch_them_all/turtle_controller.py -> /home/parallels/ros2_ws/install/turtlesim_catch_them_all/lib/python3.10/site-packages/turtlesim_catch_them_all
[0.764s] copying /home/parallels/ros2_ws/build/turtlesim_catch_them_all/build/lib/turtlesim_catch_them_all/__init__.py -> /home/parallels/ros2_ws/install/turtlesim_catch_them_all/lib/python3.10/site-packages/turtlesim_catch_them_all
[0.764s] copying /home/parallels/ros2_ws/build/turtlesim_catch_them_all/build/lib/turtlesim_catch_them_all/turtle_spawner.py -> /home/parallels/ros2_ws/install/turtlesim_catch_them_all/lib/python3.10/site-packages/turtlesim_catch_them_all
[0.764s] byte-compiling /home/parallels/ros2_ws/install/turtlesim_catch_them_all/lib/python3.10/site-packages/turtlesim_catch_them_all/turtle_controller.py to turtle_controller.cpython-310.pyc
[0.767s] byte-compiling /home/parallels/ros2_ws/install/turtlesim_catch_them_all/lib/python3.10/site-packages/turtlesim_catch_them_all/__init__.py to __init__.cpython-310.pyc
[0.767s] byte-compiling /home/parallels/ros2_ws/install/turtlesim_catch_them_all/lib/python3.10/site-packages/turtlesim_catch_them_all/turtle_spawner.py to turtle_spawner.cpython-310.pyc
[0.767s] running install_data
[0.767s] creating /home/parallels/ros2_ws/install/turtlesim_catch_them_all/share/ament_index
[0.767s] creating /home/parallels/ros2_ws/install/turtlesim_catch_them_all/share/ament_index/resource_index
[0.767s] creating /home/parallels/ros2_ws/install/turtlesim_catch_them_all/share/ament_index/resource_index/packages
[0.767s] copying resource/turtlesim_catch_them_all -> /home/parallels/ros2_ws/install/turtlesim_catch_them_all/share/ament_index/resource_index/packages
[0.767s] copying package.xml -> /home/parallels/ros2_ws/install/turtlesim_catch_them_all/share/turtlesim_catch_them_all
[0.767s] running install_egg_info
[0.767s] Copying ../../build/turtlesim_catch_them_all/turtlesim_catch_them_all.egg-info to /home/parallels/ros2_ws/install/turtlesim_catch_them_all/lib/python3.10/site-packages/turtlesim_catch_them_all-0.0.0-py3.10.egg-info
[0.767s] running install_scripts
[0.776s] Installing turtle_controll script to /home/parallels/ros2_ws/install/turtlesim_catch_them_all/lib/turtlesim_catch_them_all
[0.776s] Installing turtle_spawn script to /home/parallels/ros2_ws/install/turtlesim_catch_them_all/lib/turtlesim_catch_them_all
[0.776s] writing list of installed files to '/home/parallels/ros2_ws/build/turtlesim_catch_them_all/install.log'
[0.794s] Invoked command in '/home/parallels/ros2_ws/src/turtlesim_catch_them_all' returned '0': AMENT_PREFIX_PATH=/home/parallels/ros2_ws/install/my_robot_interfaces:${AMENT_PREFIX_PATH} CMAKE_PREFIX_PATH=/home/parallels/ros2_ws/install/my_robot_interfaces:/home/parallels/ros2_ws/install/urdf_sim_tutorial:/usr LD_LIBRARY_PATH=/home/parallels/ros2_ws/install/my_robot_interfaces/lib:${LD_LIBRARY_PATH} PYTHONPATH=/home/parallels/ros2_ws/build/turtlesim_catch_them_all/prefix_override:/usr/lib/python3/dist-packages/colcon_core/task/python/colcon_distutils_commands:/home/parallels/ros2_ws/install/turtlesim_catch_them_all/lib/python3.10/site-packages:/home/parallels/ros2_ws/install/my_robot_interfaces/local/lib/python3.10/dist-packages:${PYTHONPATH} /usr/bin/python3 -W ignore:setup.py install is deprecated -W ignore:easy_install command is deprecated setup.py egg_info --egg-base ../../build/turtlesim_catch_them_all build --build-base /home/parallels/ros2_ws/build/turtlesim_catch_them_all/build install --record /home/parallels/ros2_ws/build/turtlesim_catch_them_all/install.log --single-version-externally-managed install_data
