[0.010s] Invoking command in '/home/parallels/ros2_ws/build/polygon_base': CMAKE_PREFIX_PATH=${CMAKE_PREFIX_PATH}:/home/parallels/ros2_ws/install/turtlesim_catch_them_all:/home/parallels/ros2_ws/install/number_counter:/home/parallels/ros2_ws/install/my_py_pkg:/home/parallels/ros2_ws/install/add_two_ints:/opt/ros/humble /usr/bin/cmake /home/parallels/ros2_ws/src/polygon_base -DCMAKE_INSTALL_PREFIX=/home/parallels/ros2_ws/install/polygon_base
[0.157s] -- Found ament_cmake: 1.3.11 (/opt/ros/humble/share/ament_cmake/cmake)
[0.157s] -- Override CMake install command with custom implementation using symlinks instead of copying resources
[0.157s] -- Found pluginlib: 5.1.0 (/opt/ros/humble/share/pluginlib/cmake)
[0.157s] -- Found ament_lint_auto: 0.12.11 (/opt/ros/humble/share/ament_lint_auto/cmake)
[0.168s] -- Added test 'cppcheck' to perform static code analysis on C / C++ code
[0.169s] -- Configured cppcheck include dirs: $<BUILD_INTERFACE:/home/parallels/ros2_ws/src/polygon_base/include>
[0.169s] -- Configured cppcheck exclude dirs and/or files: 
[0.169s] -- Added test 'lint_cmake' to check CMake code style
[0.169s] -- Added test 'uncrustify' to check C / C++ code style
[0.169s] -- Configured uncrustify additional arguments: 
[0.169s] -- Added test 'xmllint' to check XML markup files
[0.171s] -- Configuring done
[0.177s] -- Generating done
[0.177s] -- Build files have been written to: /home/parallels/ros2_ws/build/polygon_base
[0.178s] Invoked command in '/home/parallels/ros2_ws/build/polygon_base' returned '0': CMAKE_PREFIX_PATH=${CMAKE_PREFIX_PATH}:/home/parallels/ros2_ws/install/turtlesim_catch_them_all:/home/parallels/ros2_ws/install/number_counter:/home/parallels/ros2_ws/install/my_py_pkg:/home/parallels/ros2_ws/install/add_two_ints:/opt/ros/humble /usr/bin/cmake /home/parallels/ros2_ws/src/polygon_base -DCMAKE_INSTALL_PREFIX=/home/parallels/ros2_ws/install/polygon_base
[0.178s] Invoking command in '/home/parallels/ros2_ws/build/polygon_base': CMAKE_PREFIX_PATH=${CMAKE_PREFIX_PATH}:/home/parallels/ros2_ws/install/turtlesim_catch_them_all:/home/parallels/ros2_ws/install/number_counter:/home/parallels/ros2_ws/install/my_py_pkg:/home/parallels/ros2_ws/install/add_two_ints:/opt/ros/humble /usr/bin/cmake --build /home/parallels/ros2_ws/build/polygon_base -- -j4 -l4
[0.206s] [35m[1mConsolidate compiler generated dependencies of target area_node[0m
[0.217s] [100%] Built target area_node
[0.234s] Invoked command in '/home/parallels/ros2_ws/build/polygon_base' returned '0': CMAKE_PREFIX_PATH=${CMAKE_PREFIX_PATH}:/home/parallels/ros2_ws/install/turtlesim_catch_them_all:/home/parallels/ros2_ws/install/number_counter:/home/parallels/ros2_ws/install/my_py_pkg:/home/parallels/ros2_ws/install/add_two_ints:/opt/ros/humble /usr/bin/cmake --build /home/parallels/ros2_ws/build/polygon_base -- -j4 -l4
[0.240s] Invoking command in '/home/parallels/ros2_ws/build/polygon_base': CMAKE_PREFIX_PATH=${CMAKE_PREFIX_PATH}:/home/parallels/ros2_ws/install/turtlesim_catch_them_all:/home/parallels/ros2_ws/install/number_counter:/home/parallels/ros2_ws/install/my_py_pkg:/home/parallels/ros2_ws/install/add_two_ints:/opt/ros/humble /usr/bin/cmake --install /home/parallels/ros2_ws/build/polygon_base
[0.242s] -- Install configuration: ""
[0.242s] -- Execute custom install script
[0.243s] -- Up-to-date symlink: /home/parallels/ros2_ws/install/polygon_base/include/polygon_base/regular_polygon.hpp
[0.243s] -- Up-to-date symlink: /home/parallels/ros2_ws/install/polygon_base/lib/polygon_base/area_node
[0.243s] -- Up-to-date symlink: /home/parallels/ros2_ws/install/polygon_base/share/ament_index/resource_index/package_run_dependencies/polygon_base
[0.244s] -- Up-to-date symlink: /home/parallels/ros2_ws/install/polygon_base/share/ament_index/resource_index/parent_prefix_path/polygon_base
[0.244s] -- Up-to-date symlink: /home/parallels/ros2_ws/install/polygon_base/share/polygon_base/environment/ament_prefix_path.sh
[0.244s] -- Up-to-date symlink: /home/parallels/ros2_ws/install/polygon_base/share/polygon_base/environment/ament_prefix_path.dsv
[0.244s] -- Up-to-date symlink: /home/parallels/ros2_ws/install/polygon_base/share/polygon_base/environment/path.sh
[0.244s] -- Up-to-date symlink: /home/parallels/ros2_ws/install/polygon_base/share/polygon_base/environment/path.dsv
[0.244s] -- Up-to-date symlink: /home/parallels/ros2_ws/install/polygon_base/share/polygon_base/local_setup.bash
[0.244s] -- Up-to-date symlink: /home/parallels/ros2_ws/install/polygon_base/share/polygon_base/local_setup.sh
[0.244s] -- Up-to-date symlink: /home/parallels/ros2_ws/install/polygon_base/share/polygon_base/local_setup.zsh
[0.244s] -- Up-to-date symlink: /home/parallels/ros2_ws/install/polygon_base/share/polygon_base/local_setup.dsv
[0.244s] -- Symlinking: /home/parallels/ros2_ws/install/polygon_base/share/polygon_base/package.dsv
[0.247s] -- Up-to-date symlink: /home/parallels/ros2_ws/install/polygon_base/share/ament_index/resource_index/packages/polygon_base
[0.247s] -- Up-to-date symlink: /home/parallels/ros2_ws/install/polygon_base/share/polygon_base/cmake/ament_cmake_export_include_directories-extras.cmake
[0.247s] -- Up-to-date symlink: /home/parallels/ros2_ws/install/polygon_base/share/polygon_base/cmake/polygon_baseConfig.cmake
[0.247s] -- Up-to-date symlink: /home/parallels/ros2_ws/install/polygon_base/share/polygon_base/cmake/polygon_baseConfig-version.cmake
[0.247s] -- Up-to-date symlink: /home/parallels/ros2_ws/install/polygon_base/share/polygon_base/package.xml
[0.248s] Invoked command in '/home/parallels/ros2_ws/build/polygon_base' returned '0': CMAKE_PREFIX_PATH=${CMAKE_PREFIX_PATH}:/home/parallels/ros2_ws/install/turtlesim_catch_them_all:/home/parallels/ros2_ws/install/number_counter:/home/parallels/ros2_ws/install/my_py_pkg:/home/parallels/ros2_ws/install/add_two_ints:/opt/ros/humble /usr/bin/cmake --install /home/parallels/ros2_ws/build/polygon_base
