-- Found ament_cmake: 1.3.10 (/opt/ros/humble/share/ament_cmake/cmake)
-- Found Python3: /usr/bin/python3 (found version "3.10.12") found components: Interpreter 
-- Configuring done
-- Generating done
-- Build files have been written to: /home/parallels/ros2_ws/build/ros2_controllers
-- Install configuration: ""
-- Installing: /home/parallels/ros2_ws/install/ros2_controllers/share/ament_index/resource_index/package_run_dependencies/ros2_controllers
-- Installing: /home/parallels/ros2_ws/install/ros2_controllers/share/ament_index/resource_index/parent_prefix_path/ros2_controllers
-- Installing: /home/parallels/ros2_ws/install/ros2_controllers/share/ros2_controllers/environment/ament_prefix_path.sh
-- Installing: /home/parallels/ros2_ws/install/ros2_controllers/share/ros2_controllers/environment/ament_prefix_path.dsv
-- Installing: /home/parallels/ros2_ws/install/ros2_controllers/share/ros2_controllers/environment/path.sh
-- Installing: /home/parallels/ros2_ws/install/ros2_controllers/share/ros2_controllers/environment/path.dsv
-- Installing: /home/parallels/ros2_ws/install/ros2_controllers/share/ros2_controllers/local_setup.bash
-- Installing: /home/parallels/ros2_ws/install/ros2_controllers/share/ros2_controllers/local_setup.sh
-- Installing: /home/parallels/ros2_ws/install/ros2_controllers/share/ros2_controllers/local_setup.zsh
-- Installing: /home/parallels/ros2_ws/install/ros2_controllers/share/ros2_controllers/local_setup.dsv
-- Installing: /home/parallels/ros2_ws/install/ros2_controllers/share/ros2_controllers/package.dsv
-- Installing: /home/parallels/ros2_ws/install/ros2_controllers/share/ament_index/resource_index/packages/ros2_controllers
-- Installing: /home/parallels/ros2_ws/install/ros2_controllers/share/ros2_controllers/cmake/ros2_controllersConfig.cmake
-- Installing: /home/parallels/ros2_ws/install/ros2_controllers/share/ros2_controllers/cmake/ros2_controllersConfig-version.cmake
-- Installing: /home/parallels/ros2_ws/install/ros2_controllers/share/ros2_controllers/package.xml
