[0.007s] Invoking command in '/home/parallels/ros2_ws/build/add_two_ints_cpp': CMAKE_PREFIX_PATH=${CMAKE_PREFIX_PATH}:/home/parallels/ros2_ws/install/rqt_joint_trajectory_controller:/home/parallels/ros2_ws/install/rqt_controller_manager:/home/parallels/ros2_ws/install/ros2controlcli:/home/parallels/ros2_ws/install/ros2_controllers_test_nodes:/home/parallels/ros2_ws/install/number_counter:/home/parallels/ros2_ws/install/my_py_pkg:/home/parallels/ros2_ws/install/add_two_ints:/opt/ros/humble /usr/bin/cmake /home/parallels/ros2_ws/src/add_two_ints_cpp -DCMAKE_INSTALL_PREFIX=/home/parallels/ros2_ws/install/add_two_ints_cpp
[0.015s] -- Found ament_cmake: 1.3.10 (/opt/ros/humble/share/ament_cmake/cmake)
[0.085s] -- Found rclcpp: 16.0.10 (/opt/ros/humble/share/rclcpp/cmake)
[0.098s] -- Found rosidl_generator_c: 3.1.5 (/opt/ros/humble/share/rosidl_generator_c/cmake)
[0.099s] -- Found rosidl_adapter: 3.1.5 (/opt/ros/humble/share/rosidl_adapter/cmake)
[0.108s] -- Found rosidl_generator_cpp: 3.1.5 (/opt/ros/humble/share/rosidl_generator_cpp/cmake)
[0.108s] -- Using all available rosidl_typesupport_c: rosidl_typesupport_fastrtps_c;rosidl_typesupport_introspection_c
[0.115s] -- Using all available rosidl_typesupport_cpp: rosidl_typesupport_fastrtps_cpp;rosidl_typesupport_introspection_cpp
[0.131s] -- Found rmw_implementation_cmake: 6.1.2 (/opt/ros/humble/share/rmw_implementation_cmake/cmake)
[0.132s] -- Found rmw_fastrtps_cpp: 6.2.7 (/opt/ros/humble/share/rmw_fastrtps_cpp/cmake)
[0.218s] -- Using RMW implementation 'rmw_fastrtps_cpp' as default
[0.244s] -- Found example_interfaces: 0.9.3 (/opt/ros/humble/share/example_interfaces/cmake)
[0.299s] -- Configuring done
[0.307s] -- Generating done
[0.308s] -- Build files have been written to: /home/parallels/ros2_ws/build/add_two_ints_cpp
[0.311s] Invoked command in '/home/parallels/ros2_ws/build/add_two_ints_cpp' returned '0': CMAKE_PREFIX_PATH=${CMAKE_PREFIX_PATH}:/home/parallels/ros2_ws/install/rqt_joint_trajectory_controller:/home/parallels/ros2_ws/install/rqt_controller_manager:/home/parallels/ros2_ws/install/ros2controlcli:/home/parallels/ros2_ws/install/ros2_controllers_test_nodes:/home/parallels/ros2_ws/install/number_counter:/home/parallels/ros2_ws/install/my_py_pkg:/home/parallels/ros2_ws/install/add_two_ints:/opt/ros/humble /usr/bin/cmake /home/parallels/ros2_ws/src/add_two_ints_cpp -DCMAKE_INSTALL_PREFIX=/home/parallels/ros2_ws/install/add_two_ints_cpp
[0.313s] Invoking command in '/home/parallels/ros2_ws/build/add_two_ints_cpp': CMAKE_PREFIX_PATH=${CMAKE_PREFIX_PATH}:/home/parallels/ros2_ws/install/rqt_joint_trajectory_controller:/home/parallels/ros2_ws/install/rqt_controller_manager:/home/parallels/ros2_ws/install/ros2controlcli:/home/parallels/ros2_ws/install/ros2_controllers_test_nodes:/home/parallels/ros2_ws/install/number_counter:/home/parallels/ros2_ws/install/my_py_pkg:/home/parallels/ros2_ws/install/add_two_ints:/opt/ros/humble /usr/bin/cmake --build /home/parallels/ros2_ws/build/add_two_ints_cpp -- -j4 -l4
[0.353s] [ 50%] [32mBuilding CXX object CMakeFiles/add_two_ints_server_cpp.dir/src/add_two_ints_server.cpp.o[0m
[1.731s] [100%] [32m[1mLinking CXX executable add_two_ints_server_cpp[0m
[1.838s] [100%] Built target add_two_ints_server_cpp
[1.844s] Invoked command in '/home/parallels/ros2_ws/build/add_two_ints_cpp' returned '0': CMAKE_PREFIX_PATH=${CMAKE_PREFIX_PATH}:/home/parallels/ros2_ws/install/rqt_joint_trajectory_controller:/home/parallels/ros2_ws/install/rqt_controller_manager:/home/parallels/ros2_ws/install/ros2controlcli:/home/parallels/ros2_ws/install/ros2_controllers_test_nodes:/home/parallels/ros2_ws/install/number_counter:/home/parallels/ros2_ws/install/my_py_pkg:/home/parallels/ros2_ws/install/add_two_ints:/opt/ros/humble /usr/bin/cmake --build /home/parallels/ros2_ws/build/add_two_ints_cpp -- -j4 -l4
[1.881s] Invoking command in '/home/parallels/ros2_ws/build/add_two_ints_cpp': CMAKE_PREFIX_PATH=${CMAKE_PREFIX_PATH}:/home/parallels/ros2_ws/install/rqt_joint_trajectory_controller:/home/parallels/ros2_ws/install/rqt_controller_manager:/home/parallels/ros2_ws/install/ros2controlcli:/home/parallels/ros2_ws/install/ros2_controllers_test_nodes:/home/parallels/ros2_ws/install/number_counter:/home/parallels/ros2_ws/install/my_py_pkg:/home/parallels/ros2_ws/install/add_two_ints:/opt/ros/humble /usr/bin/cmake --install /home/parallels/ros2_ws/build/add_two_ints_cpp
[1.885s] -- Install configuration: ""
[1.885s] -- Installing: /home/parallels/ros2_ws/install/add_two_ints_cpp/lib/add_two_ints_cpp/add_two_ints_server_cpp
[1.886s] -- Set runtime path of "/home/parallels/ros2_ws/install/add_two_ints_cpp/lib/add_two_ints_cpp/add_two_ints_server_cpp" to ""
[1.886s] -- Installing: /home/parallels/ros2_ws/install/add_two_ints_cpp/share/ament_index/resource_index/package_run_dependencies/add_two_ints_cpp
[1.886s] -- Installing: /home/parallels/ros2_ws/install/add_two_ints_cpp/share/ament_index/resource_index/parent_prefix_path/add_two_ints_cpp
[1.886s] -- Installing: /home/parallels/ros2_ws/install/add_two_ints_cpp/share/add_two_ints_cpp/environment/ament_prefix_path.sh
[1.886s] -- Installing: /home/parallels/ros2_ws/install/add_two_ints_cpp/share/add_two_ints_cpp/environment/ament_prefix_path.dsv
[1.886s] -- Installing: /home/parallels/ros2_ws/install/add_two_ints_cpp/share/add_two_ints_cpp/environment/path.sh
[1.886s] -- Installing: /home/parallels/ros2_ws/install/add_two_ints_cpp/share/add_two_ints_cpp/environment/path.dsv
[1.887s] -- Installing: /home/parallels/ros2_ws/install/add_two_ints_cpp/share/add_two_ints_cpp/local_setup.bash
[1.887s] -- Installing: /home/parallels/ros2_ws/install/add_two_ints_cpp/share/add_two_ints_cpp/local_setup.sh
[1.887s] -- Installing: /home/parallels/ros2_ws/install/add_two_ints_cpp/share/add_two_ints_cpp/local_setup.zsh
[1.887s] -- Installing: /home/parallels/ros2_ws/install/add_two_ints_cpp/share/add_two_ints_cpp/local_setup.dsv
[1.887s] -- Installing: /home/parallels/ros2_ws/install/add_two_ints_cpp/share/add_two_ints_cpp/package.dsv
[1.887s] -- Installing: /home/parallels/ros2_ws/install/add_two_ints_cpp/share/ament_index/resource_index/packages/add_two_ints_cpp
[1.887s] -- Installing: /home/parallels/ros2_ws/install/add_two_ints_cpp/share/add_two_ints_cpp/cmake/add_two_ints_cppConfig.cmake
[1.887s] -- Installing: /home/parallels/ros2_ws/install/add_two_ints_cpp/share/add_two_ints_cpp/cmake/add_two_ints_cppConfig-version.cmake
[1.887s] -- Installing: /home/parallels/ros2_ws/install/add_two_ints_cpp/share/add_two_ints_cpp/package.xml
[1.893s] Invoked command in '/home/parallels/ros2_ws/build/add_two_ints_cpp' returned '0': CMAKE_PREFIX_PATH=${CMAKE_PREFIX_PATH}:/home/parallels/ros2_ws/install/rqt_joint_trajectory_controller:/home/parallels/ros2_ws/install/rqt_controller_manager:/home/parallels/ros2_ws/install/ros2controlcli:/home/parallels/ros2_ws/install/ros2_controllers_test_nodes:/home/parallels/ros2_ws/install/number_counter:/home/parallels/ros2_ws/install/my_py_pkg:/home/parallels/ros2_ws/install/add_two_ints:/opt/ros/humble /usr/bin/cmake --install /home/parallels/ros2_ws/build/add_two_ints_cpp
