[0.019s] Invoking command in '/home/parallels/ros2_ws/build/admittance_controller': AMENT_PREFIX_PATH=/home/parallels/ros2_ws/install/joint_trajectory_controller:/home/parallels/ros2_ws/install/controller_manager:/home/parallels/ros2_ws/install/hardware_interface_testing:/home/parallels/ros2_ws/install/controller_interface:/home/parallels/ros2_ws/install/hardware_interface:/home/parallels/ros2_ws/install/ros2_control_test_assets:/home/parallels/ros2_ws/install/controller_manager_msgs:${AMENT_PREFIX_PATH} CMAKE_PREFIX_PATH=/home/parallels/ros2_ws/install/joint_trajectory_controller:/home/parallels/ros2_ws/install/controller_manager:/home/parallels/ros2_ws/install/hardware_interface_testing:/home/parallels/ros2_ws/install/controller_interface:/home/parallels/ros2_ws/install/hardware_interface:/home/parallels/ros2_ws/install/ros2_control_test_assets:/home/parallels/ros2_ws/install/controller_manager_msgs:/usr:/opt/ros/humble LD_LIBRARY_PATH=/home/parallels/ros2_ws/install/joint_trajectory_controller/lib:/home/parallels/ros2_ws/install/controller_manager/lib:/home/parallels/ros2_ws/install/hardware_interface_testing/lib:/home/parallels/ros2_ws/install/controller_interface/lib:/home/parallels/ros2_ws/install/hardware_interface/lib:/home/parallels/ros2_ws/install/controller_manager_msgs/lib:${LD_LIBRARY_PATH} PYTHONPATH=/home/parallels/ros2_ws/install/controller_manager/local/lib/python3.10/dist-packages:/home/parallels/ros2_ws/install/controller_manager_msgs/local/lib/python3.10/dist-packages:${PYTHONPATH} /usr/bin/cmake /home/parallels/ros2_ws/src/ros2_controllers/admittance_controller -DCMAKE_INSTALL_PREFIX=/home/parallels/ros2_ws/install/admittance_controller
[0.066s] -- The CXX compiler identification is GNU 11.4.0
[0.070s] -- Detecting CXX compiler ABI info
[0.126s] -- Detecting CXX compiler ABI info - done
[0.130s] -- Check for working CXX compiler: /usr/bin/c++ - skipped
[0.130s] -- Detecting CXX compile features
[0.131s] -- Detecting CXX compile features - done
[0.136s] -- Found ament_cmake: 1.3.11 (/opt/ros/humble/share/ament_cmake/cmake)
[0.235s] -- Found Python3: /usr/bin/python3 (found version "3.10.12") found components: Interpreter 
[0.338s] -- Found angles: 1.15.0 (/opt/ros/humble/share/angles/cmake)
[0.344s] -- Found control_msgs: 4.7.0 (/opt/ros/humble/share/control_msgs/cmake)
[0.398s] -- Found rosidl_generator_c: 3.1.6 (/opt/ros/humble/share/rosidl_generator_c/cmake)
[0.407s] -- Found rosidl_adapter: 3.1.6 (/opt/ros/humble/share/rosidl_adapter/cmake)
[0.419s] -- Found rosidl_generator_cpp: 3.1.6 (/opt/ros/humble/share/rosidl_generator_cpp/cmake)
[0.435s] -- Using all available rosidl_typesupport_c: rosidl_typesupport_fastrtps_c;rosidl_typesupport_introspection_c
[0.454s] -- Using all available rosidl_typesupport_cpp: rosidl_typesupport_fastrtps_cpp;rosidl_typesupport_introspection_cpp
[0.569s] -- Found control_toolbox: 3.3.0 (/opt/ros/humble/share/control_toolbox/cmake)
[0.635s] -- Found rmw_implementation_cmake: 6.1.2 (/opt/ros/humble/share/rmw_implementation_cmake/cmake)
[0.640s] -- Found rmw_fastrtps_cpp: 6.2.7 (/opt/ros/humble/share/rmw_fastrtps_cpp/cmake)
[0.706s] -- Found OpenSSL: /usr/lib/aarch64-linux-gnu/libcrypto.so (found version "3.0.2")  
[0.730s] -- Found FastRTPS: /opt/ros/humble/include  
[0.758s] -- Using RMW implementation 'rmw_fastrtps_cpp' as default
[0.769s] -- Looking for C++ include pthread.h
[0.828s] -- Looking for C++ include pthread.h - found
[0.828s] -- Performing Test CMAKE_HAVE_LIBC_PTHREAD
[0.890s] -- Performing Test CMAKE_HAVE_LIBC_PTHREAD - Success
[0.890s] -- Found Threads: TRUE  
[0.961s] -- Found parameter_traits: 0.3.9 (/opt/ros/humble/share/parameter_traits/cmake)
[0.986s] -- Found rclcpp_lifecycle: 16.0.11 (/opt/ros/humble/share/rclcpp_lifecycle/cmake)
[1.032s] -- Found controller_interface: 2.41.0 (/home/parallels/ros2_ws/install/controller_interface/share/controller_interface/cmake)
[1.040s] -- Found joint_trajectory_controller: 2.35.0 (/home/parallels/ros2_ws/install/joint_trajectory_controller/share/joint_trajectory_controller/cmake)
[1.056s] -- Found kinematics_interface: 0.3.0 (/opt/ros/humble/share/kinematics_interface/cmake)
[1.062s] -- Found tf2: 0.25.9 (/opt/ros/humble/share/tf2/cmake)
[1.069s] -- Found tf2_eigen: 0.25.9 (/opt/ros/humble/share/tf2_eigen/cmake)
[1.124s] -- Found tf2_geometry_msgs: 0.25.9 (/opt/ros/humble/share/tf2_geometry_msgs/cmake)
[1.136s] -- Found eigen3_cmake_module: 0.1.1 (/opt/ros/humble/share/eigen3_cmake_module/cmake)
[1.136s] -- Found Eigen3: TRUE (found version "3.4.0") 
[1.136s] -- Ensuring Eigen3 include directory is part of orocos-kdl CMake target
[1.141s] -- Found tf2_kdl: 0.25.9 (/opt/ros/humble/share/tf2_kdl/cmake)
[1.160s] -- Found ament_cmake_gmock: 1.3.11 (/opt/ros/humble/share/ament_cmake_gmock/cmake)
[1.161s] -- Found controller_manager: 2.41.0 (/home/parallels/ros2_ws/install/controller_manager/share/controller_manager/cmake)
[1.175s] -- Found ros2_control_test_assets: 2.41.0 (/home/parallels/ros2_ws/install/ros2_control_test_assets/share/ros2_control_test_assets/cmake)
[1.180s] -- Found kinematics_interface_kdl: 0.3.0 (/opt/ros/humble/share/kinematics_interface_kdl/cmake)
[1.205s] -- Found gmock sources under '/opt/ros/humble/src/gmock_vendor': C++ tests using 'Google Mock' will be built
[1.239s] -- The C compiler identification is GNU 11.4.0
[1.242s] -- Detecting C compiler ABI info
[1.324s] -- Detecting C compiler ABI info - done
[1.328s] -- Check for working C compiler: /usr/bin/cc - skipped
[1.328s] -- Detecting C compile features
[1.328s] -- Detecting C compile features - done
[1.343s] -- Found ament_cmake_gtest: 1.3.11 (/opt/ros/humble/share/ament_cmake_gtest/cmake)
[1.343s] -- Found gtest sources under '/opt/ros/humble/src/gtest_vendor': C++ tests using 'Google Test' will be built
[1.367s] -- Found gmock sources under '/opt/ros/humble/src/gmock_vendor': C++ tests using 'Google Mock' will be built
[1.367s] -- Found ament_cmake_gtest: 1.3.11 (/opt/ros/humble/share/ament_cmake_gtest/cmake)
[1.368s] -- Found gtest sources under '/opt/ros/humble/src/gtest_vendor': C++ tests using 'Google Test' will be built
[1.414s] -- Configuring done
[1.455s] -- Generating done
[1.462s] -- Build files have been written to: /home/parallels/ros2_ws/build/admittance_controller
[1.472s] Invoked command in '/home/parallels/ros2_ws/build/admittance_controller' returned '0': AMENT_PREFIX_PATH=/home/parallels/ros2_ws/install/joint_trajectory_controller:/home/parallels/ros2_ws/install/controller_manager:/home/parallels/ros2_ws/install/hardware_interface_testing:/home/parallels/ros2_ws/install/controller_interface:/home/parallels/ros2_ws/install/hardware_interface:/home/parallels/ros2_ws/install/ros2_control_test_assets:/home/parallels/ros2_ws/install/controller_manager_msgs:${AMENT_PREFIX_PATH} CMAKE_PREFIX_PATH=/home/parallels/ros2_ws/install/joint_trajectory_controller:/home/parallels/ros2_ws/install/controller_manager:/home/parallels/ros2_ws/install/hardware_interface_testing:/home/parallels/ros2_ws/install/controller_interface:/home/parallels/ros2_ws/install/hardware_interface:/home/parallels/ros2_ws/install/ros2_control_test_assets:/home/parallels/ros2_ws/install/controller_manager_msgs:/usr:/opt/ros/humble LD_LIBRARY_PATH=/home/parallels/ros2_ws/install/joint_trajectory_controller/lib:/home/parallels/ros2_ws/install/controller_manager/lib:/home/parallels/ros2_ws/install/hardware_interface_testing/lib:/home/parallels/ros2_ws/install/controller_interface/lib:/home/parallels/ros2_ws/install/hardware_interface/lib:/home/parallels/ros2_ws/install/controller_manager_msgs/lib:${LD_LIBRARY_PATH} PYTHONPATH=/home/parallels/ros2_ws/install/controller_manager/local/lib/python3.10/dist-packages:/home/parallels/ros2_ws/install/controller_manager_msgs/local/lib/python3.10/dist-packages:${PYTHONPATH} /usr/bin/cmake /home/parallels/ros2_ws/src/ros2_controllers/admittance_controller -DCMAKE_INSTALL_PREFIX=/home/parallels/ros2_ws/install/admittance_controller
[1.472s] Invoking command in '/home/parallels/ros2_ws/build/admittance_controller': AMENT_PREFIX_PATH=/home/parallels/ros2_ws/install/joint_trajectory_controller:/home/parallels/ros2_ws/install/controller_manager:/home/parallels/ros2_ws/install/hardware_interface_testing:/home/parallels/ros2_ws/install/controller_interface:/home/parallels/ros2_ws/install/hardware_interface:/home/parallels/ros2_ws/install/ros2_control_test_assets:/home/parallels/ros2_ws/install/controller_manager_msgs:${AMENT_PREFIX_PATH} CMAKE_PREFIX_PATH=/home/parallels/ros2_ws/install/joint_trajectory_controller:/home/parallels/ros2_ws/install/controller_manager:/home/parallels/ros2_ws/install/hardware_interface_testing:/home/parallels/ros2_ws/install/controller_interface:/home/parallels/ros2_ws/install/hardware_interface:/home/parallels/ros2_ws/install/ros2_control_test_assets:/home/parallels/ros2_ws/install/controller_manager_msgs:/usr:/opt/ros/humble LD_LIBRARY_PATH=/home/parallels/ros2_ws/install/joint_trajectory_controller/lib:/home/parallels/ros2_ws/install/controller_manager/lib:/home/parallels/ros2_ws/install/hardware_interface_testing/lib:/home/parallels/ros2_ws/install/controller_interface/lib:/home/parallels/ros2_ws/install/hardware_interface/lib:/home/parallels/ros2_ws/install/controller_manager_msgs/lib:${LD_LIBRARY_PATH} PYTHONPATH=/home/parallels/ros2_ws/install/controller_manager/local/lib/python3.10/dist-packages:/home/parallels/ros2_ws/install/controller_manager_msgs/local/lib/python3.10/dist-packages:${PYTHONPATH} /usr/bin/cmake --build /home/parallels/ros2_ws/build/admittance_controller -- -j4 -l4
[1.502s] [ 10%] [34m[1mRunning `/opt/ros/humble/bin/generate_parameter_library_cpp /home/parallels/ros2_ws/build/admittance_controller/admittance_controller_parameters/include//admittance_controller_parameters.hpp /home/parallels/ros2_ws/src/ros2_controllers/admittance_controller/src/admittance_controller_parameters.yaml `[0m
[1.786s] [ 10%] Built target admittance_controller_parameters
[1.795s] [ 20%] [32mBuilding CXX object gmock/CMakeFiles/gmock.dir/opt/ros/humble/src/gtest_vendor/src/gtest-all.cc.o[0m
[3.377s] [ 30%] [32mBuilding CXX object gmock/CMakeFiles/gmock.dir/src/gmock-all.cc.o[0m
[4.384s] [ 40%] [32m[1mLinking CXX static library libgmock.a[0m
[4.442s] [ 40%] Built target gmock
[4.454s] [ 50%] [32mBuilding CXX object CMakeFiles/admittance_controller.dir/src/admittance_controller.cpp.o[0m
[14.957s] [ 60%] [32m[1mLinking CXX shared library libadmittance_controller.so[0m
[15.569s] [ 60%] Built target admittance_controller
[15.581s] [ 70%] [32mBuilding CXX object CMakeFiles/test_load_admittance_controller.dir/test/test_load_admittance_controller.cpp.o[0m
[18.220s] [ 80%] [32m[1mLinking CXX executable test_load_admittance_controller[0m
[18.663s] [ 80%] Built target test_load_admittance_controller
[18.674s] [ 90%] [32mBuilding CXX object CMakeFiles/test_admittance_controller.dir/test/test_admittance_controller.cpp.o[0m
[27.528s] [100%] [32m[1mLinking CXX executable test_admittance_controller[0m
[28.234s] [100%] Built target test_admittance_controller
[28.249s] Invoked command in '/home/parallels/ros2_ws/build/admittance_controller' returned '0': AMENT_PREFIX_PATH=/home/parallels/ros2_ws/install/joint_trajectory_controller:/home/parallels/ros2_ws/install/controller_manager:/home/parallels/ros2_ws/install/hardware_interface_testing:/home/parallels/ros2_ws/install/controller_interface:/home/parallels/ros2_ws/install/hardware_interface:/home/parallels/ros2_ws/install/ros2_control_test_assets:/home/parallels/ros2_ws/install/controller_manager_msgs:${AMENT_PREFIX_PATH} CMAKE_PREFIX_PATH=/home/parallels/ros2_ws/install/joint_trajectory_controller:/home/parallels/ros2_ws/install/controller_manager:/home/parallels/ros2_ws/install/hardware_interface_testing:/home/parallels/ros2_ws/install/controller_interface:/home/parallels/ros2_ws/install/hardware_interface:/home/parallels/ros2_ws/install/ros2_control_test_assets:/home/parallels/ros2_ws/install/controller_manager_msgs:/usr:/opt/ros/humble LD_LIBRARY_PATH=/home/parallels/ros2_ws/install/joint_trajectory_controller/lib:/home/parallels/ros2_ws/install/controller_manager/lib:/home/parallels/ros2_ws/install/hardware_interface_testing/lib:/home/parallels/ros2_ws/install/controller_interface/lib:/home/parallels/ros2_ws/install/hardware_interface/lib:/home/parallels/ros2_ws/install/controller_manager_msgs/lib:${LD_LIBRARY_PATH} PYTHONPATH=/home/parallels/ros2_ws/install/controller_manager/local/lib/python3.10/dist-packages:/home/parallels/ros2_ws/install/controller_manager_msgs/local/lib/python3.10/dist-packages:${PYTHONPATH} /usr/bin/cmake --build /home/parallels/ros2_ws/build/admittance_controller -- -j4 -l4
[28.250s] Invoking command in '/home/parallels/ros2_ws/build/admittance_controller': AMENT_PREFIX_PATH=/home/parallels/ros2_ws/install/joint_trajectory_controller:/home/parallels/ros2_ws/install/controller_manager:/home/parallels/ros2_ws/install/hardware_interface_testing:/home/parallels/ros2_ws/install/controller_interface:/home/parallels/ros2_ws/install/hardware_interface:/home/parallels/ros2_ws/install/ros2_control_test_assets:/home/parallels/ros2_ws/install/controller_manager_msgs:${AMENT_PREFIX_PATH} CMAKE_PREFIX_PATH=/home/parallels/ros2_ws/install/joint_trajectory_controller:/home/parallels/ros2_ws/install/controller_manager:/home/parallels/ros2_ws/install/hardware_interface_testing:/home/parallels/ros2_ws/install/controller_interface:/home/parallels/ros2_ws/install/hardware_interface:/home/parallels/ros2_ws/install/ros2_control_test_assets:/home/parallels/ros2_ws/install/controller_manager_msgs:/usr:/opt/ros/humble LD_LIBRARY_PATH=/home/parallels/ros2_ws/install/joint_trajectory_controller/lib:/home/parallels/ros2_ws/install/controller_manager/lib:/home/parallels/ros2_ws/install/hardware_interface_testing/lib:/home/parallels/ros2_ws/install/controller_interface/lib:/home/parallels/ros2_ws/install/hardware_interface/lib:/home/parallels/ros2_ws/install/controller_manager_msgs/lib:${LD_LIBRARY_PATH} PYTHONPATH=/home/parallels/ros2_ws/install/controller_manager/local/lib/python3.10/dist-packages:/home/parallels/ros2_ws/install/controller_manager_msgs/local/lib/python3.10/dist-packages:${PYTHONPATH} /usr/bin/cmake --install /home/parallels/ros2_ws/build/admittance_controller
[28.254s] -- Install configuration: ""
[28.254s] -- Installing: /home/parallels/ros2_ws/install/admittance_controller/include/admittance_controller_parameters
[28.254s] -- Installing: /home/parallels/ros2_ws/install/admittance_controller/include/admittance_controller_parameters/admittance_controller_parameters.hpp
[28.254s] -- Installing: /home/parallels/ros2_ws/install/admittance_controller/share/admittance_controller/admittance_controller.xml
[28.256s] -- Installing: /home/parallels/ros2_ws/install/admittance_controller/include/admittance_controller
[28.256s] -- Installing: /home/parallels/ros2_ws/install/admittance_controller/include/admittance_controller/admittance_controller
[28.256s] -- Installing: /home/parallels/ros2_ws/install/admittance_controller/include/admittance_controller/admittance_controller/admittance_rule.hpp
[28.256s] -- Installing: /home/parallels/ros2_ws/install/admittance_controller/include/admittance_controller/admittance_controller/visibility_control.h
[28.257s] -- Installing: /home/parallels/ros2_ws/install/admittance_controller/include/admittance_controller/admittance_controller/admittance_controller.hpp
[28.257s] -- Installing: /home/parallels/ros2_ws/install/admittance_controller/include/admittance_controller/admittance_controller/admittance_rule_impl.hpp
[28.257s] -- Installing: /home/parallels/ros2_ws/install/admittance_controller/lib/libadmittance_controller.so
[28.268s] -- Set runtime path of "/home/parallels/ros2_ws/install/admittance_controller/lib/libadmittance_controller.so" to ""
[28.268s] -- Installing: /home/parallels/ros2_ws/install/admittance_controller/share/admittance_controller/environment/library_path.sh
[28.268s] -- Installing: /home/parallels/ros2_ws/install/admittance_controller/share/admittance_controller/environment/library_path.dsv
[28.269s] -- Installing: /home/parallels/ros2_ws/install/admittance_controller/share/ament_index/resource_index/package_run_dependencies/admittance_controller
[28.269s] -- Installing: /home/parallels/ros2_ws/install/admittance_controller/share/ament_index/resource_index/parent_prefix_path/admittance_controller
[28.270s] -- Installing: /home/parallels/ros2_ws/install/admittance_controller/share/admittance_controller/environment/ament_prefix_path.sh
[28.270s] -- Installing: /home/parallels/ros2_ws/install/admittance_controller/share/admittance_controller/environment/ament_prefix_path.dsv
[28.270s] -- Installing: /home/parallels/ros2_ws/install/admittance_controller/share/admittance_controller/environment/path.sh
[28.270s] -- Installing: /home/parallels/ros2_ws/install/admittance_controller/share/admittance_controller/environment/path.dsv
[28.270s] -- Installing: /home/parallels/ros2_ws/install/admittance_controller/share/admittance_controller/local_setup.bash
[28.270s] -- Installing: /home/parallels/ros2_ws/install/admittance_controller/share/admittance_controller/local_setup.sh
[28.270s] -- Installing: /home/parallels/ros2_ws/install/admittance_controller/share/admittance_controller/local_setup.zsh
[28.271s] -- Installing: /home/parallels/ros2_ws/install/admittance_controller/share/admittance_controller/local_setup.dsv
[28.271s] -- Installing: /home/parallels/ros2_ws/install/admittance_controller/share/admittance_controller/package.dsv
[28.271s] -- Installing: /home/parallels/ros2_ws/install/admittance_controller/share/ament_index/resource_index/packages/admittance_controller
[28.272s] -- Installing: /home/parallels/ros2_ws/install/admittance_controller/share/ament_index/resource_index/controller_interface__pluginlib__plugin/admittance_controller
[28.272s] -- Installing: /home/parallels/ros2_ws/install/admittance_controller/share/admittance_controller/cmake/export_admittance_controllerExport.cmake
[28.273s] -- Installing: /home/parallels/ros2_ws/install/admittance_controller/share/admittance_controller/cmake/export_admittance_controllerExport-noconfig.cmake
[28.273s] -- Installing: /home/parallels/ros2_ws/install/admittance_controller/share/admittance_controller/cmake/ament_cmake_export_targets-extras.cmake
[28.273s] -- Installing: /home/parallels/ros2_ws/install/admittance_controller/share/admittance_controller/cmake/ament_cmake_export_dependencies-extras.cmake
[28.274s] -- Installing: /home/parallels/ros2_ws/install/admittance_controller/share/admittance_controller/cmake/admittance_controllerConfig.cmake
[28.274s] -- Installing: /home/parallels/ros2_ws/install/admittance_controller/share/admittance_controller/cmake/admittance_controllerConfig-version.cmake
[28.274s] -- Installing: /home/parallels/ros2_ws/install/admittance_controller/share/admittance_controller/package.xml
[28.279s] Invoked command in '/home/parallels/ros2_ws/build/admittance_controller' returned '0': AMENT_PREFIX_PATH=/home/parallels/ros2_ws/install/joint_trajectory_controller:/home/parallels/ros2_ws/install/controller_manager:/home/parallels/ros2_ws/install/hardware_interface_testing:/home/parallels/ros2_ws/install/controller_interface:/home/parallels/ros2_ws/install/hardware_interface:/home/parallels/ros2_ws/install/ros2_control_test_assets:/home/parallels/ros2_ws/install/controller_manager_msgs:${AMENT_PREFIX_PATH} CMAKE_PREFIX_PATH=/home/parallels/ros2_ws/install/joint_trajectory_controller:/home/parallels/ros2_ws/install/controller_manager:/home/parallels/ros2_ws/install/hardware_interface_testing:/home/parallels/ros2_ws/install/controller_interface:/home/parallels/ros2_ws/install/hardware_interface:/home/parallels/ros2_ws/install/ros2_control_test_assets:/home/parallels/ros2_ws/install/controller_manager_msgs:/usr:/opt/ros/humble LD_LIBRARY_PATH=/home/parallels/ros2_ws/install/joint_trajectory_controller/lib:/home/parallels/ros2_ws/install/controller_manager/lib:/home/parallels/ros2_ws/install/hardware_interface_testing/lib:/home/parallels/ros2_ws/install/controller_interface/lib:/home/parallels/ros2_ws/install/hardware_interface/lib:/home/parallels/ros2_ws/install/controller_manager_msgs/lib:${LD_LIBRARY_PATH} PYTHONPATH=/home/parallels/ros2_ws/install/controller_manager/local/lib/python3.10/dist-packages:/home/parallels/ros2_ws/install/controller_manager_msgs/local/lib/python3.10/dist-packages:${PYTHONPATH} /usr/bin/cmake --install /home/parallels/ros2_ws/build/admittance_controller
