[0.021s] Invoking command in '/home/parallels/ros2_ws/build/tricycle_controller': AMENT_PREFIX_PATH=/home/parallels/ros2_ws/install/controller_manager:/home/parallels/ros2_ws/install/hardware_interface_testing:/home/parallels/ros2_ws/install/controller_interface:/home/parallels/ros2_ws/install/hardware_interface:/home/parallels/ros2_ws/install/ros2_control_test_assets:/home/parallels/ros2_ws/install/controller_manager_msgs:${AMENT_PREFIX_PATH} CMAKE_PREFIX_PATH=/home/parallels/ros2_ws/install/controller_manager:/home/parallels/ros2_ws/install/hardware_interface_testing:/home/parallels/ros2_ws/install/controller_interface:/home/parallels/ros2_ws/install/hardware_interface:/home/parallels/ros2_ws/install/ros2_control_test_assets:/home/parallels/ros2_ws/install/controller_manager_msgs:/usr:/opt/ros/humble LD_LIBRARY_PATH=/home/parallels/ros2_ws/install/controller_manager/lib:/home/parallels/ros2_ws/install/hardware_interface_testing/lib:/home/parallels/ros2_ws/install/controller_interface/lib:/home/parallels/ros2_ws/install/hardware_interface/lib:/home/parallels/ros2_ws/install/controller_manager_msgs/lib:${LD_LIBRARY_PATH} PYTHONPATH=/home/parallels/ros2_ws/install/controller_manager/local/lib/python3.10/dist-packages:/home/parallels/ros2_ws/install/controller_manager_msgs/local/lib/python3.10/dist-packages:${PYTHONPATH} /usr/bin/cmake /home/parallels/ros2_ws/src/ros2_controllers/tricycle_controller -DCMAKE_INSTALL_PREFIX=/home/parallels/ros2_ws/install/tricycle_controller
[0.062s] -- The CXX compiler identification is GNU 11.4.0
[0.066s] -- Detecting CXX compiler ABI info
[0.120s] -- Detecting CXX compiler ABI info - done
[0.124s] -- Check for working CXX compiler: /usr/bin/c++ - skipped
[0.125s] -- Detecting CXX compile features
[0.125s] -- Detecting CXX compile features - done
[0.130s] -- Found ament_cmake: 1.3.11 (/opt/ros/humble/share/ament_cmake/cmake)
[0.227s] -- Found Python3: /usr/bin/python3 (found version "3.10.12") found components: Interpreter 
[0.336s] -- Found ackermann_msgs: 2.0.2 (/opt/ros/humble/share/ackermann_msgs/cmake)
[0.391s] -- Found rosidl_generator_c: 3.1.6 (/opt/ros/humble/share/rosidl_generator_c/cmake)
[0.406s] -- Found rosidl_adapter: 3.1.6 (/opt/ros/humble/share/rosidl_adapter/cmake)
[0.417s] -- Found rosidl_generator_cpp: 3.1.6 (/opt/ros/humble/share/rosidl_generator_cpp/cmake)
[0.432s] -- Using all available rosidl_typesupport_c: rosidl_typesupport_fastrtps_c;rosidl_typesupport_introspection_c
[0.452s] -- Using all available rosidl_typesupport_cpp: rosidl_typesupport_fastrtps_cpp;rosidl_typesupport_introspection_cpp
[0.483s] -- Found controller_interface: 2.41.0 (/home/parallels/ros2_ws/install/controller_interface/share/controller_interface/cmake)
[0.688s] -- Found rmw_implementation_cmake: 6.1.2 (/opt/ros/humble/share/rmw_implementation_cmake/cmake)
[0.693s] -- Found rmw_fastrtps_cpp: 6.2.7 (/opt/ros/humble/share/rmw_fastrtps_cpp/cmake)
[0.730s] -- Found TinyXML2 via Config file: TinyXML2_DIR-NOTFOUND
[0.755s] -- Found OpenSSL: /usr/lib/aarch64-linux-gnu/libcrypto.so (found version "3.0.2")  
[0.757s] -- Found TinyXML2 via Config file: TinyXML2_DIR-NOTFOUND
[0.768s] -- Found FastRTPS: /opt/ros/humble/include  
[0.770s] -- Found TinyXML2 via Config file: TinyXML2_DIR-NOTFOUND
[0.775s] -- Found TinyXML2 via Config file: TinyXML2_DIR-NOTFOUND
[0.786s] -- Using RMW implementation 'rmw_fastrtps_cpp' as default
[0.798s] -- Looking for C++ include pthread.h
[0.859s] -- Looking for C++ include pthread.h - found
[0.859s] -- Performing Test CMAKE_HAVE_LIBC_PTHREAD
[0.923s] -- Performing Test CMAKE_HAVE_LIBC_PTHREAD - Success
[0.924s] -- Found Threads: TRUE  
[0.969s] -- Found nav_msgs: 4.2.4 (/opt/ros/humble/share/nav_msgs/cmake)
[0.984s] -- Found realtime_tools: 2.8.1 (/opt/ros/humble/share/realtime_tools/cmake)
[1.016s] -- Found std_srvs: 4.2.4 (/opt/ros/humble/share/std_srvs/cmake)
[1.027s] -- Found tf2: 0.25.9 (/opt/ros/humble/share/tf2/cmake)
[1.034s] -- Found tf2_msgs: 0.25.9 (/opt/ros/humble/share/tf2_msgs/cmake)
[1.060s] -- Found ament_cmake_gmock: 1.3.11 (/opt/ros/humble/share/ament_cmake_gmock/cmake)
[1.061s] -- Found controller_manager: 2.41.0 (/home/parallels/ros2_ws/install/controller_manager/share/controller_manager/cmake)
[1.076s] -- Found ros2_control_test_assets: 2.41.0 (/home/parallels/ros2_ws/install/ros2_control_test_assets/share/ros2_control_test_assets/cmake)
[1.081s] -- Found gmock sources under '/opt/ros/humble/src/gmock_vendor': C++ tests using 'Google Mock' will be built
[1.116s] -- The C compiler identification is GNU 11.4.0
[1.120s] -- Detecting C compiler ABI info
[1.175s] -- Detecting C compiler ABI info - done
[1.179s] -- Check for working C compiler: /usr/bin/cc - skipped
[1.180s] -- Detecting C compile features
[1.180s] -- Detecting C compile features - done
[1.190s] -- Found ament_cmake_gtest: 1.3.11 (/opt/ros/humble/share/ament_cmake_gtest/cmake)
[1.197s] -- Found gtest sources under '/opt/ros/humble/src/gtest_vendor': C++ tests using 'Google Test' will be built
[1.255s] -- Configuring done
[1.321s] -- Generating done
[1.332s] -- Build files have been written to: /home/parallels/ros2_ws/build/tricycle_controller
[1.343s] Invoked command in '/home/parallels/ros2_ws/build/tricycle_controller' returned '0': AMENT_PREFIX_PATH=/home/parallels/ros2_ws/install/controller_manager:/home/parallels/ros2_ws/install/hardware_interface_testing:/home/parallels/ros2_ws/install/controller_interface:/home/parallels/ros2_ws/install/hardware_interface:/home/parallels/ros2_ws/install/ros2_control_test_assets:/home/parallels/ros2_ws/install/controller_manager_msgs:${AMENT_PREFIX_PATH} CMAKE_PREFIX_PATH=/home/parallels/ros2_ws/install/controller_manager:/home/parallels/ros2_ws/install/hardware_interface_testing:/home/parallels/ros2_ws/install/controller_interface:/home/parallels/ros2_ws/install/hardware_interface:/home/parallels/ros2_ws/install/ros2_control_test_assets:/home/parallels/ros2_ws/install/controller_manager_msgs:/usr:/opt/ros/humble LD_LIBRARY_PATH=/home/parallels/ros2_ws/install/controller_manager/lib:/home/parallels/ros2_ws/install/hardware_interface_testing/lib:/home/parallels/ros2_ws/install/controller_interface/lib:/home/parallels/ros2_ws/install/hardware_interface/lib:/home/parallels/ros2_ws/install/controller_manager_msgs/lib:${LD_LIBRARY_PATH} PYTHONPATH=/home/parallels/ros2_ws/install/controller_manager/local/lib/python3.10/dist-packages:/home/parallels/ros2_ws/install/controller_manager_msgs/local/lib/python3.10/dist-packages:${PYTHONPATH} /usr/bin/cmake /home/parallels/ros2_ws/src/ros2_controllers/tricycle_controller -DCMAKE_INSTALL_PREFIX=/home/parallels/ros2_ws/install/tricycle_controller
[1.343s] Invoking command in '/home/parallels/ros2_ws/build/tricycle_controller': AMENT_PREFIX_PATH=/home/parallels/ros2_ws/install/controller_manager:/home/parallels/ros2_ws/install/hardware_interface_testing:/home/parallels/ros2_ws/install/controller_interface:/home/parallels/ros2_ws/install/hardware_interface:/home/parallels/ros2_ws/install/ros2_control_test_assets:/home/parallels/ros2_ws/install/controller_manager_msgs:${AMENT_PREFIX_PATH} CMAKE_PREFIX_PATH=/home/parallels/ros2_ws/install/controller_manager:/home/parallels/ros2_ws/install/hardware_interface_testing:/home/parallels/ros2_ws/install/controller_interface:/home/parallels/ros2_ws/install/hardware_interface:/home/parallels/ros2_ws/install/ros2_control_test_assets:/home/parallels/ros2_ws/install/controller_manager_msgs:/usr:/opt/ros/humble LD_LIBRARY_PATH=/home/parallels/ros2_ws/install/controller_manager/lib:/home/parallels/ros2_ws/install/hardware_interface_testing/lib:/home/parallels/ros2_ws/install/controller_interface/lib:/home/parallels/ros2_ws/install/hardware_interface/lib:/home/parallels/ros2_ws/install/controller_manager_msgs/lib:${LD_LIBRARY_PATH} PYTHONPATH=/home/parallels/ros2_ws/install/controller_manager/local/lib/python3.10/dist-packages:/home/parallels/ros2_ws/install/controller_manager_msgs/local/lib/python3.10/dist-packages:${PYTHONPATH} /usr/bin/cmake --build /home/parallels/ros2_ws/build/tricycle_controller -- -j4 -l4
[1.430s] [  7%] [32mBuilding CXX object CMakeFiles/tricycle_controller.dir/src/tricycle_controller.cpp.o[0m
[8.647s] [ 14%] [32mBuilding CXX object CMakeFiles/tricycle_controller.dir/src/odometry.cpp.o[0m
[9.038s] [ 21%] [32mBuilding CXX object CMakeFiles/tricycle_controller.dir/src/traction_limiter.cpp.o[0m
[9.293s] [ 28%] [32mBuilding CXX object CMakeFiles/tricycle_controller.dir/src/steering_limiter.cpp.o[0m
[9.540s] [ 35%] [32m[1mLinking CXX shared library libtricycle_controller.so[0m
[10.129s] [ 35%] Built target tricycle_controller
[10.137s] [ 42%] [32mBuilding CXX object gmock/CMakeFiles/gmock.dir/opt/ros/humble/src/gtest_vendor/src/gtest-all.cc.o[0m
[11.765s] [ 50%] [32mBuilding CXX object gmock/CMakeFiles/gmock.dir/src/gmock-all.cc.o[0m
[12.682s] [ 57%] [32m[1mLinking CXX static library libgmock.a[0m
[12.729s] [ 57%] Built target gmock
[12.743s] [ 64%] [32mBuilding CXX object gmock/CMakeFiles/gmock_main.dir/src/gmock_main.cc.o[0m
[13.332s] [ 71%] [32m[1mLinking CXX static library libgmock_main.a[0m
[13.350s] [ 71%] Built target gmock_main
[13.360s] [ 78%] [32mBuilding CXX object CMakeFiles/test_tricycle_controller.dir/test/test_tricycle_controller.cpp.o[0m
[16.968s] [ 85%] [32m[1mLinking CXX executable test_tricycle_controller[0m
[17.524s] [ 85%] Built target test_tricycle_controller
[17.534s] [ 92%] [32mBuilding CXX object CMakeFiles/test_load_tricycle_controller.dir/test/test_load_tricycle_controller.cpp.o[0m
[20.259s] [100%] [32m[1mLinking CXX executable test_load_tricycle_controller[0m
[20.784s] [100%] Built target test_load_tricycle_controller
[20.794s] Invoked command in '/home/parallels/ros2_ws/build/tricycle_controller' returned '0': AMENT_PREFIX_PATH=/home/parallels/ros2_ws/install/controller_manager:/home/parallels/ros2_ws/install/hardware_interface_testing:/home/parallels/ros2_ws/install/controller_interface:/home/parallels/ros2_ws/install/hardware_interface:/home/parallels/ros2_ws/install/ros2_control_test_assets:/home/parallels/ros2_ws/install/controller_manager_msgs:${AMENT_PREFIX_PATH} CMAKE_PREFIX_PATH=/home/parallels/ros2_ws/install/controller_manager:/home/parallels/ros2_ws/install/hardware_interface_testing:/home/parallels/ros2_ws/install/controller_interface:/home/parallels/ros2_ws/install/hardware_interface:/home/parallels/ros2_ws/install/ros2_control_test_assets:/home/parallels/ros2_ws/install/controller_manager_msgs:/usr:/opt/ros/humble LD_LIBRARY_PATH=/home/parallels/ros2_ws/install/controller_manager/lib:/home/parallels/ros2_ws/install/hardware_interface_testing/lib:/home/parallels/ros2_ws/install/controller_interface/lib:/home/parallels/ros2_ws/install/hardware_interface/lib:/home/parallels/ros2_ws/install/controller_manager_msgs/lib:${LD_LIBRARY_PATH} PYTHONPATH=/home/parallels/ros2_ws/install/controller_manager/local/lib/python3.10/dist-packages:/home/parallels/ros2_ws/install/controller_manager_msgs/local/lib/python3.10/dist-packages:${PYTHONPATH} /usr/bin/cmake --build /home/parallels/ros2_ws/build/tricycle_controller -- -j4 -l4
[20.794s] Invoking command in '/home/parallels/ros2_ws/build/tricycle_controller': AMENT_PREFIX_PATH=/home/parallels/ros2_ws/install/controller_manager:/home/parallels/ros2_ws/install/hardware_interface_testing:/home/parallels/ros2_ws/install/controller_interface:/home/parallels/ros2_ws/install/hardware_interface:/home/parallels/ros2_ws/install/ros2_control_test_assets:/home/parallels/ros2_ws/install/controller_manager_msgs:${AMENT_PREFIX_PATH} CMAKE_PREFIX_PATH=/home/parallels/ros2_ws/install/controller_manager:/home/parallels/ros2_ws/install/hardware_interface_testing:/home/parallels/ros2_ws/install/controller_interface:/home/parallels/ros2_ws/install/hardware_interface:/home/parallels/ros2_ws/install/ros2_control_test_assets:/home/parallels/ros2_ws/install/controller_manager_msgs:/usr:/opt/ros/humble LD_LIBRARY_PATH=/home/parallels/ros2_ws/install/controller_manager/lib:/home/parallels/ros2_ws/install/hardware_interface_testing/lib:/home/parallels/ros2_ws/install/controller_interface/lib:/home/parallels/ros2_ws/install/hardware_interface/lib:/home/parallels/ros2_ws/install/controller_manager_msgs/lib:${LD_LIBRARY_PATH} PYTHONPATH=/home/parallels/ros2_ws/install/controller_manager/local/lib/python3.10/dist-packages:/home/parallels/ros2_ws/install/controller_manager_msgs/local/lib/python3.10/dist-packages:${PYTHONPATH} /usr/bin/cmake --install /home/parallels/ros2_ws/build/tricycle_controller
[20.799s] -- Install configuration: ""
[20.799s] -- Installing: /home/parallels/ros2_ws/install/tricycle_controller/share/tricycle_controller/tricycle_controller.xml
[20.799s] -- Installing: /home/parallels/ros2_ws/install/tricycle_controller/include/tricycle_controller
[20.799s] -- Installing: /home/parallels/ros2_ws/install/tricycle_controller/include/tricycle_controller/tricycle_controller
[20.799s] -- Installing: /home/parallels/ros2_ws/install/tricycle_controller/include/tricycle_controller/tricycle_controller/tricycle_controller.hpp
[20.799s] -- Installing: /home/parallels/ros2_ws/install/tricycle_controller/include/tricycle_controller/tricycle_controller/odometry.hpp
[20.799s] -- Installing: /home/parallels/ros2_ws/install/tricycle_controller/include/tricycle_controller/tricycle_controller/traction_limiter.hpp
[20.799s] -- Installing: /home/parallels/ros2_ws/install/tricycle_controller/include/tricycle_controller/tricycle_controller/visibility_control.h
[20.799s] -- Installing: /home/parallels/ros2_ws/install/tricycle_controller/include/tricycle_controller/tricycle_controller/steering_limiter.hpp
[20.799s] -- Installing: /home/parallels/ros2_ws/install/tricycle_controller/lib/libtricycle_controller.so
[20.806s] -- Set runtime path of "/home/parallels/ros2_ws/install/tricycle_controller/lib/libtricycle_controller.so" to ""
[20.806s] -- Installing: /home/parallels/ros2_ws/install/tricycle_controller/share/tricycle_controller/environment/library_path.sh
[20.806s] -- Installing: /home/parallels/ros2_ws/install/tricycle_controller/share/tricycle_controller/environment/library_path.dsv
[20.806s] -- Installing: /home/parallels/ros2_ws/install/tricycle_controller/share/ament_index/resource_index/package_run_dependencies/tricycle_controller
[20.806s] -- Installing: /home/parallels/ros2_ws/install/tricycle_controller/share/ament_index/resource_index/parent_prefix_path/tricycle_controller
[20.806s] -- Installing: /home/parallels/ros2_ws/install/tricycle_controller/share/tricycle_controller/environment/ament_prefix_path.sh
[20.806s] -- Installing: /home/parallels/ros2_ws/install/tricycle_controller/share/tricycle_controller/environment/ament_prefix_path.dsv
[20.806s] -- Installing: /home/parallels/ros2_ws/install/tricycle_controller/share/tricycle_controller/environment/path.sh
[20.806s] -- Installing: /home/parallels/ros2_ws/install/tricycle_controller/share/tricycle_controller/environment/path.dsv
[20.806s] -- Installing: /home/parallels/ros2_ws/install/tricycle_controller/share/tricycle_controller/local_setup.bash
[20.806s] -- Installing: /home/parallels/ros2_ws/install/tricycle_controller/share/tricycle_controller/local_setup.sh
[20.806s] -- Installing: /home/parallels/ros2_ws/install/tricycle_controller/share/tricycle_controller/local_setup.zsh
[20.806s] -- Installing: /home/parallels/ros2_ws/install/tricycle_controller/share/tricycle_controller/local_setup.dsv
[20.806s] -- Installing: /home/parallels/ros2_ws/install/tricycle_controller/share/tricycle_controller/package.dsv
[20.807s] -- Installing: /home/parallels/ros2_ws/install/tricycle_controller/share/ament_index/resource_index/packages/tricycle_controller
[20.807s] -- Installing: /home/parallels/ros2_ws/install/tricycle_controller/share/ament_index/resource_index/controller_interface__pluginlib__plugin/tricycle_controller
[20.807s] -- Installing: /home/parallels/ros2_ws/install/tricycle_controller/share/tricycle_controller/cmake/export_tricycle_controllerExport.cmake
[20.807s] -- Installing: /home/parallels/ros2_ws/install/tricycle_controller/share/tricycle_controller/cmake/export_tricycle_controllerExport-noconfig.cmake
[20.807s] -- Installing: /home/parallels/ros2_ws/install/tricycle_controller/share/tricycle_controller/cmake/ament_cmake_export_targets-extras.cmake
[20.807s] -- Installing: /home/parallels/ros2_ws/install/tricycle_controller/share/tricycle_controller/cmake/ament_cmake_export_dependencies-extras.cmake
[20.807s] -- Installing: /home/parallels/ros2_ws/install/tricycle_controller/share/tricycle_controller/cmake/tricycle_controllerConfig.cmake
[20.807s] -- Installing: /home/parallels/ros2_ws/install/tricycle_controller/share/tricycle_controller/cmake/tricycle_controllerConfig-version.cmake
[20.807s] -- Installing: /home/parallels/ros2_ws/install/tricycle_controller/share/tricycle_controller/package.xml
[20.808s] Invoked command in '/home/parallels/ros2_ws/build/tricycle_controller' returned '0': AMENT_PREFIX_PATH=/home/parallels/ros2_ws/install/controller_manager:/home/parallels/ros2_ws/install/hardware_interface_testing:/home/parallels/ros2_ws/install/controller_interface:/home/parallels/ros2_ws/install/hardware_interface:/home/parallels/ros2_ws/install/ros2_control_test_assets:/home/parallels/ros2_ws/install/controller_manager_msgs:${AMENT_PREFIX_PATH} CMAKE_PREFIX_PATH=/home/parallels/ros2_ws/install/controller_manager:/home/parallels/ros2_ws/install/hardware_interface_testing:/home/parallels/ros2_ws/install/controller_interface:/home/parallels/ros2_ws/install/hardware_interface:/home/parallels/ros2_ws/install/ros2_control_test_assets:/home/parallels/ros2_ws/install/controller_manager_msgs:/usr:/opt/ros/humble LD_LIBRARY_PATH=/home/parallels/ros2_ws/install/controller_manager/lib:/home/parallels/ros2_ws/install/hardware_interface_testing/lib:/home/parallels/ros2_ws/install/controller_interface/lib:/home/parallels/ros2_ws/install/hardware_interface/lib:/home/parallels/ros2_ws/install/controller_manager_msgs/lib:${LD_LIBRARY_PATH} PYTHONPATH=/home/parallels/ros2_ws/install/controller_manager/local/lib/python3.10/dist-packages:/home/parallels/ros2_ws/install/controller_manager_msgs/local/lib/python3.10/dist-packages:${PYTHONPATH} /usr/bin/cmake --install /home/parallels/ros2_ws/build/tricycle_controller
