[0.039s] Invoking command in '/home/parallels/ros2_ws/ros2_humble/build/ros_gz_interfaces': CMAKE_PREFIX_PATH=${CMAKE_PREFIX_PATH}:/home/parallels/ros2_ws/ros2_humble/install/turtlesim_catch_them_all:/home/parallels/ros2_ws/ros2_humble/install/rqt_joint_trajectory_controller:/home/parallels/ros2_ws/ros2_humble/install/rqt_controller_manager:/home/parallels/ros2_ws/ros2_humble/install/ros2controlcli:/home/parallels/ros2_ws/ros2_humble/install/ros2_controllers_test_nodes:/home/parallels/ros2_ws/ros2_humble/install/number_counter:/home/parallels/ros2_ws/ros2_humble/install/my_py_pkg:/home/parallels/ros2_ws/ros2_humble/install/add_two_ints:/opt/ros/humble /usr/bin/cmake /home/parallels/ros2_ws/ros2_humble/src/ros_gz/ros_gz_interfaces -DCMAKE_INSTALL_PREFIX=/home/parallels/ros2_ws/ros2_humble/install/ros_gz_interfaces
[0.188s] -- The C compiler identification is GNU 11.4.0
[0.289s] -- The CXX compiler identification is GNU 11.4.0
[0.300s] -- Detecting C compiler ABI info
[0.361s] -- Detecting C compiler ABI info - done
[0.365s] -- Check for working C compiler: /usr/bin/cc - skipped
[0.365s] -- Detecting C compile features
[0.365s] -- Detecting C compile features - done
[0.367s] -- Detecting CXX compiler ABI info
[0.431s] -- Detecting CXX compiler ABI info - done
[0.433s] -- Check for working CXX compiler: /usr/bin/c++ - skipped
[0.434s] -- Detecting CXX compile features
[0.434s] -- Detecting CXX compile features - done
[0.462s] -- Found ament_cmake: 1.3.11 (/opt/ros/humble/share/ament_cmake/cmake)
[0.597s] -- Found Python3: /usr/bin/python3 (found version "3.10.12") found components: Interpreter 
[0.732s] -- Found builtin_interfaces: 1.2.1 (/opt/ros/humble/share/builtin_interfaces/cmake)
[0.808s] -- Found rosidl_generator_c: 3.1.6 (/opt/ros/humble/share/rosidl_generator_c/cmake)
[0.823s] -- Found rosidl_adapter: 3.1.6 (/opt/ros/humble/share/rosidl_adapter/cmake)
[0.843s] -- Found rosidl_generator_cpp: 3.1.6 (/opt/ros/humble/share/rosidl_generator_cpp/cmake)
[0.866s] -- Using all available rosidl_typesupport_c: rosidl_typesupport_fastrtps_c;rosidl_typesupport_introspection_c
[0.896s] -- Using all available rosidl_typesupport_cpp: rosidl_typesupport_fastrtps_cpp;rosidl_typesupport_introspection_cpp
[0.926s] -- Found rcl_interfaces: 1.2.1 (/opt/ros/humble/share/rcl_interfaces/cmake)
[0.956s] -- Found std_msgs: 4.2.4 (/opt/ros/humble/share/std_msgs/cmake)
[0.974s] -- Found geometry_msgs: 4.2.4 (/opt/ros/humble/share/geometry_msgs/cmake)
[0.991s] [31mCMake Error at CMakeLists.txt:17 (find_package):
[0.991s]   By not providing "Findrosidl_default_generators.cmake" in CMAKE_MODULE_PATH
[0.991s]   this project has asked CMake to find a package configuration file provided
[0.991s]   by "rosidl_default_generators", but CMake did not find one.
[0.992s] 
[0.992s]   Could not find a package configuration file provided by
[0.992s]   "rosidl_default_generators" with any of the following names:
[0.992s] 
[0.992s]     rosidl_default_generatorsConfig.cmake
[0.992s]     rosidl_default_generators-config.cmake
[0.992s] 
[0.992s]   Add the installation prefix of "rosidl_default_generators" to
[0.992s]   CMAKE_PREFIX_PATH or set "rosidl_default_generators_DIR" to a directory
[0.992s]   containing one of the above files.  If "rosidl_default_generators" provides
[0.992s]   a separate development package or SDK, be sure it has been installed.
[0.992s] 
[0.992s] [0m
[0.992s] -- Configuring incomplete, errors occurred!
[0.992s] See also "/home/parallels/ros2_ws/ros2_humble/build/ros_gz_interfaces/CMakeFiles/CMakeOutput.log".
