[0.025s] Invoking command in '/home/parallels/ros2_ws/build/polygon_plugins': CMAKE_PREFIX_PATH=/home/parallels/ros2_ws/install/polygon_base:/home/parallels/ros2_ws/install/urdf_sim_tutorial:/home/parallels/ros2_ws/install/turtlecatch_bringup:/home/parallels/ros2_ws/install/polygon_plugins:/home/parallels/ros2_ws/install/my_robot_station_bringup:/home/parallels/ros2_ws/install/my_robot_bringup:/home/parallels/ros2_ws/install/my_cpp_pkg:/home/parallels/ros2_ws/install/my_robot_interfaces:/home/parallels/ros2_ws/install/my_robot_bringup_gazebo:/home/parallels/ros2_ws/install/my_robot_description:/home/parallels/ros2_ws/install/add_two_ints_cpp:/usr:/home/parallels/ros2_ws/install/turtlesim_catch_them_all:/home/parallels/ros2_ws/install/number_counter:/home/parallels/ros2_ws/install/my_py_pkg:/home/parallels/ros2_ws/install/add_two_ints:/opt/ros/humble /usr/bin/cmake --build /home/parallels/ros2_ws/build/polygon_plugins -- -j8 -l8
[0.056s] [35m[1mConsolidate compiler generated dependencies of target polygon_plugins[0m
[0.072s] [ 50%] [32mBuilding CXX object CMakeFiles/polygon_plugins.dir/src/polygon_plugins.cpp.o[0m
[0.495s] [100%] [32m[1mLinking CXX shared library libpolygon_plugins.so[0m
[0.543s] [100%] Built target polygon_plugins
[0.547s] Invoked command in '/home/parallels/ros2_ws/build/polygon_plugins' returned '0': CMAKE_PREFIX_PATH=/home/parallels/ros2_ws/install/polygon_base:/home/parallels/ros2_ws/install/urdf_sim_tutorial:/home/parallels/ros2_ws/install/turtlecatch_bringup:/home/parallels/ros2_ws/install/polygon_plugins:/home/parallels/ros2_ws/install/my_robot_station_bringup:/home/parallels/ros2_ws/install/my_robot_bringup:/home/parallels/ros2_ws/install/my_cpp_pkg:/home/parallels/ros2_ws/install/my_robot_interfaces:/home/parallels/ros2_ws/install/my_robot_bringup_gazebo:/home/parallels/ros2_ws/install/my_robot_description:/home/parallels/ros2_ws/install/add_two_ints_cpp:/usr:/home/parallels/ros2_ws/install/turtlesim_catch_them_all:/home/parallels/ros2_ws/install/number_counter:/home/parallels/ros2_ws/install/my_py_pkg:/home/parallels/ros2_ws/install/add_two_ints:/opt/ros/humble /usr/bin/cmake --build /home/parallels/ros2_ws/build/polygon_plugins -- -j8 -l8
[0.549s] Invoking command in '/home/parallels/ros2_ws/build/polygon_plugins': CMAKE_PREFIX_PATH=/home/parallels/ros2_ws/install/polygon_base:/home/parallels/ros2_ws/install/urdf_sim_tutorial:/home/parallels/ros2_ws/install/turtlecatch_bringup:/home/parallels/ros2_ws/install/polygon_plugins:/home/parallels/ros2_ws/install/my_robot_station_bringup:/home/parallels/ros2_ws/install/my_robot_bringup:/home/parallels/ros2_ws/install/my_cpp_pkg:/home/parallels/ros2_ws/install/my_robot_interfaces:/home/parallels/ros2_ws/install/my_robot_bringup_gazebo:/home/parallels/ros2_ws/install/my_robot_description:/home/parallels/ros2_ws/install/add_two_ints_cpp:/usr:/home/parallels/ros2_ws/install/turtlesim_catch_them_all:/home/parallels/ros2_ws/install/number_counter:/home/parallels/ros2_ws/install/my_py_pkg:/home/parallels/ros2_ws/install/add_two_ints:/opt/ros/humble /usr/bin/cmake --install /home/parallels/ros2_ws/build/polygon_plugins
[0.552s] -- Install configuration: ""
[0.552s] -- Up-to-date: /home/parallels/ros2_ws/install/polygon_plugins/share/polygon_plugins/plugins.xml
[0.552s] -- Up-to-date: /home/parallels/ros2_ws/install/polygon_plugins/include
[0.552s] -- Up-to-date: /home/parallels/ros2_ws/install/polygon_plugins/include/polygon_plugins
[0.552s] -- Up-to-date: /home/parallels/ros2_ws/install/polygon_plugins/include/polygon_plugins/polygon_plugins.hpp
[0.552s] -- Up-to-date: /home/parallels/ros2_ws/install/polygon_plugins/include/polygon_plugins/visibility_control.h
[0.553s] -- Installing: /home/parallels/ros2_ws/install/polygon_plugins/lib/libpolygon_plugins.so
[0.554s] -- Set runtime path of "/home/parallels/ros2_ws/install/polygon_plugins/lib/libpolygon_plugins.so" to ""
[0.554s] -- Up-to-date: /home/parallels/ros2_ws/install/polygon_plugins/share/polygon_plugins/environment/library_path.sh
[0.554s] -- Installing: /home/parallels/ros2_ws/install/polygon_plugins/share/polygon_plugins/environment/library_path.dsv
[0.554s] -- Up-to-date: /home/parallels/ros2_ws/install/polygon_plugins/share/ament_index/resource_index/package_run_dependencies/polygon_plugins
[0.554s] -- Installing: /home/parallels/ros2_ws/install/polygon_plugins/share/ament_index/resource_index/parent_prefix_path/polygon_plugins
[0.554s] -- Up-to-date: /home/parallels/ros2_ws/install/polygon_plugins/share/polygon_plugins/environment/ament_prefix_path.sh
[0.554s] -- Installing: /home/parallels/ros2_ws/install/polygon_plugins/share/polygon_plugins/environment/ament_prefix_path.dsv
[0.554s] -- Up-to-date: /home/parallels/ros2_ws/install/polygon_plugins/share/polygon_plugins/environment/path.sh
[0.554s] -- Installing: /home/parallels/ros2_ws/install/polygon_plugins/share/polygon_plugins/environment/path.dsv
[0.554s] -- Up-to-date: /home/parallels/ros2_ws/install/polygon_plugins/share/polygon_plugins/local_setup.bash
[0.554s] -- Up-to-date: /home/parallels/ros2_ws/install/polygon_plugins/share/polygon_plugins/local_setup.sh
[0.554s] -- Up-to-date: /home/parallels/ros2_ws/install/polygon_plugins/share/polygon_plugins/local_setup.zsh
[0.554s] -- Installing: /home/parallels/ros2_ws/install/polygon_plugins/share/polygon_plugins/local_setup.dsv
[0.555s] -- Installing: /home/parallels/ros2_ws/install/polygon_plugins/share/polygon_plugins/package.dsv
[0.555s] -- Up-to-date: /home/parallels/ros2_ws/install/polygon_plugins/share/ament_index/resource_index/packages/polygon_plugins
[0.555s] -- Up-to-date: /home/parallels/ros2_ws/install/polygon_plugins/share/ament_index/resource_index/polygon_base__pluginlib__plugin/polygon_plugins
[0.555s] -- Up-to-date: /home/parallels/ros2_ws/install/polygon_plugins/share/polygon_plugins/cmake/export_polygon_pluginsExport.cmake
[0.555s] -- Up-to-date: /home/parallels/ros2_ws/install/polygon_plugins/share/polygon_plugins/cmake/export_polygon_pluginsExport-noconfig.cmake
[0.555s] -- Up-to-date: /home/parallels/ros2_ws/install/polygon_plugins/share/polygon_plugins/cmake/ament_cmake_export_include_directories-extras.cmake
[0.555s] -- Up-to-date: /home/parallels/ros2_ws/install/polygon_plugins/share/polygon_plugins/cmake/ament_cmake_export_libraries-extras.cmake
[0.555s] -- Up-to-date: /home/parallels/ros2_ws/install/polygon_plugins/share/polygon_plugins/cmake/ament_cmake_export_targets-extras.cmake
[0.555s] -- Up-to-date: /home/parallels/ros2_ws/install/polygon_plugins/share/polygon_plugins/cmake/polygon_pluginsConfig.cmake
[0.555s] -- Up-to-date: /home/parallels/ros2_ws/install/polygon_plugins/share/polygon_plugins/cmake/polygon_pluginsConfig-version.cmake
[0.555s] -- Up-to-date: /home/parallels/ros2_ws/install/polygon_plugins/share/polygon_plugins/package.xml
[0.556s] Invoked command in '/home/parallels/ros2_ws/build/polygon_plugins' returned '0': CMAKE_PREFIX_PATH=/home/parallels/ros2_ws/install/polygon_base:/home/parallels/ros2_ws/install/urdf_sim_tutorial:/home/parallels/ros2_ws/install/turtlecatch_bringup:/home/parallels/ros2_ws/install/polygon_plugins:/home/parallels/ros2_ws/install/my_robot_station_bringup:/home/parallels/ros2_ws/install/my_robot_bringup:/home/parallels/ros2_ws/install/my_cpp_pkg:/home/parallels/ros2_ws/install/my_robot_interfaces:/home/parallels/ros2_ws/install/my_robot_bringup_gazebo:/home/parallels/ros2_ws/install/my_robot_description:/home/parallels/ros2_ws/install/add_two_ints_cpp:/usr:/home/parallels/ros2_ws/install/turtlesim_catch_them_all:/home/parallels/ros2_ws/install/number_counter:/home/parallels/ros2_ws/install/my_py_pkg:/home/parallels/ros2_ws/install/add_two_ints:/opt/ros/humble /usr/bin/cmake --install /home/parallels/ros2_ws/build/polygon_plugins
