-- Found ament_cmake: 1.3.10 (/opt/ros/humble/share/ament_cmake/cmake)
-- Found rosidl_default_generators: 1.2.0 (/opt/ros/humble/share/rosidl_default_generators/cmake)
-- Using all available rosidl_typesupport_c: rosidl_typesupport_fastrtps_c;rosidl_typesupport_introspection_c
-- Found rosidl_adapter: 3.1.5 (/opt/ros/humble/share/rosidl_adapter/cmake)
-- Using all available rosidl_typesupport_cpp: rosidl_typesupport_fastrtps_cpp;rosidl_typesupport_introspection_cpp
-- Found ament_cmake_ros: 0.10.0 (/opt/ros/humble/share/ament_cmake_ros/cmake)
-- Using all available rosidl_typesupport_c: rosidl_typesupport_fastrtps_c;rosidl_typesupport_introspection_c
-- Using all available rosidl_typesupport_cpp: rosidl_typesupport_fastrtps_cpp;rosidl_typesupport_introspection_cpp
-- Found python_cmake_module: 0.10.0 (/opt/ros/humble/share/python_cmake_module/cmake)
-- Using PYTHON_EXECUTABLE: /usr/bin/python3
-- Using PYTHON_INCLUDE_DIRS: /usr/include/python3.10
-- Using PYTHON_LIBRARIES: /usr/lib/aarch64-linux-gnu/libpython3.10.so
-- Configuring done
-- Generating done
-- Build files have been written to: /home/parallels/ros2_ws/build/my_robot_interfaces
[35m[1mConsolidate compiler generated dependencies of target my_robot_interfaces__rosidl_generator_c[0m
[  2%] Built target my_robot_interfaces__cpp
[  4%] [32mBuilding C object CMakeFiles/my_robot_interfaces__rosidl_generator_c.dir/rosidl_generator_c/my_robot_interfaces/srv/detail/set_led__functions.c.o[0m
[35m[1mConsolidate compiler generated dependencies of target my_robot_interfaces__rosidl_typesupport_fastrtps_cpp[0m
[  4%] Built target ament_cmake_python_copy_my_robot_interfaces
In file included from [01m[K/home/parallels/ros2_ws/build/my_robot_interfaces/rosidl_generator_c/my_robot_interfaces/srv/detail/set_led__functions.h:19[m[K,
                 from [01m[K/home/parallels/ros2_ws/build/my_robot_interfaces/rosidl_generator_c/my_robot_interfaces/srv/detail/set_led__functions.c:4[m[K:
[01m[K/home/parallels/ros2_ws/build/my_robot_interfaces/rosidl_generator_c/my_robot_interfaces/srv/detail/set_led__struct.h:41:10:[m[K [01;31m[Kfatal error: [m[Kmy_robot_interfaces/msg/detail/string__struct.h: No such file or directory
   41 | #include [01;31m[K"my_robot_interfaces/msg/detail/string__struct.h"[m[K
      |          [01;31m[K^~~~~~~~~~~~~~~~~~~~~~~~~~~~~~~~~~~~~~~~~~~~~~~~~[m[K
compilation terminated.
gmake[2]: *** [CMakeFiles/my_robot_interfaces__rosidl_generator_c.dir/build.make:165: CMakeFiles/my_robot_interfaces__rosidl_generator_c.dir/rosidl_generator_c/my_robot_interfaces/srv/detail/set_led__functions.c.o] Error 1
gmake[1]: *** [CMakeFiles/Makefile2:213: CMakeFiles/my_robot_interfaces__rosidl_generator_c.dir/all] Error 2
gmake[1]: *** Waiting for unfinished jobs....
[35m[1mConsolidate compiler generated dependencies of target my_robot_interfaces__rosidl_typesupport_introspection_cpp[0m
[35m[1mConsolidate compiler generated dependencies of target my_robot_interfaces__rosidl_typesupport_cpp[0m
[  6%] [32mBuilding CXX object CMakeFiles/my_robot_interfaces__rosidl_typesupport_fastrtps_cpp.dir/rosidl_typesupport_fastrtps_cpp/my_robot_interfaces/srv/detail/dds_fastrtps/set_led__type_support.cpp.o[0m
[  8%] [32mBuilding CXX object CMakeFiles/my_robot_interfaces__rosidl_typesupport_cpp.dir/rosidl_typesupport_cpp/my_robot_interfaces/srv/set_led__type_support.cpp.o[0m
[ 10%] [32mBuilding CXX object CMakeFiles/my_robot_interfaces__rosidl_typesupport_introspection_cpp.dir/rosidl_typesupport_introspection_cpp/my_robot_interfaces/srv/detail/set_led__type_support.cpp.o[0m
In file included from [01m[K/home/parallels/ros2_ws/build/my_robot_interfaces/rosidl_typesupport_fastrtps_cpp/my_robot_interfaces/srv/detail/set_led__rosidl_typesupport_fastrtps_cpp.hpp:11[m[K,
                 from [01m[K/home/parallels/ros2_ws/build/my_robot_interfaces/rosidl_typesupport_fastrtps_cpp/my_robot_interfaces/srv/detail/dds_fastrtps/set_led__type_support.cpp:4[m[K:
[01m[K/home/parallels/ros2_ws/build/my_robot_interfaces/rosidl_generator_cpp/my_robot_interfaces/srv/detail/set_led__struct.hpp:134:10:[m[K [01;31m[Kfatal error: [m[Kmy_robot_interfaces/msg/detail/string__struct.hpp: No such file or directory
  134 | #include [01;31m[K"my_robot_interfaces/msg/detail/string__struct.hpp"[m[K
      |          [01;31m[K^~~~~~~~~~~~~~~~~~~~~~~~~~~~~~~~~~~~~~~~~~~~~~~~~~~[m[K
compilation terminated.
gmake[2]: *** [CMakeFiles/my_robot_interfaces__rosidl_typesupport_fastrtps_cpp.dir/build.make:133: CMakeFiles/my_robot_interfaces__rosidl_typesupport_fastrtps_cpp.dir/rosidl_typesupport_fastrtps_cpp/my_robot_interfaces/srv/detail/dds_fastrtps/set_led__type_support.cpp.o] Error 1
gmake[1]: *** [CMakeFiles/Makefile2:343: CMakeFiles/my_robot_interfaces__rosidl_typesupport_fastrtps_cpp.dir/all] Error 2
In file included from [01m[K/home/parallels/ros2_ws/build/my_robot_interfaces/rosidl_typesupport_cpp/my_robot_interfaces/srv/set_led__type_support.cpp:7[m[K:
[01m[K/home/parallels/ros2_ws/build/my_robot_interfaces/rosidl_generator_cpp/my_robot_interfaces/srv/detail/set_led__struct.hpp:134:10:[m[K [01;31m[Kfatal error: [m[Kmy_robot_interfaces/msg/detail/string__struct.hpp: No such file or directory
  134 | #include [01;31m[K"my_robot_interfaces/msg/detail/string__struct.hpp"[m[K
      |          [01;31m[K^~~~~~~~~~~~~~~~~~~~~~~~~~~~~~~~~~~~~~~~~~~~~~~~~~~[m[K
compilation terminated.
gmake[2]: *** [CMakeFiles/my_robot_interfaces__rosidl_typesupport_cpp.dir/build.make:122: CMakeFiles/my_robot_interfaces__rosidl_typesupport_cpp.dir/rosidl_typesupport_cpp/my_robot_interfaces/srv/set_led__type_support.cpp.o] Error 1
gmake[1]: *** [CMakeFiles/Makefile2:395: CMakeFiles/my_robot_interfaces__rosidl_typesupport_cpp.dir/all] Error 2
In file included from [01m[K/home/parallels/ros2_ws/build/my_robot_interfaces/rosidl_typesupport_introspection_cpp/my_robot_interfaces/srv/detail/set_led__type_support.cpp:12[m[K:
[01m[K/home/parallels/ros2_ws/build/my_robot_interfaces/rosidl_generator_cpp/my_robot_interfaces/srv/detail/set_led__struct.hpp:134:10:[m[K [01;31m[Kfatal error: [m[Kmy_robot_interfaces/msg/detail/string__struct.hpp: No such file or directory
  134 | #include [01;31m[K"my_robot_interfaces/msg/detail/string__struct.hpp"[m[K
      |          [01;31m[K^~~~~~~~~~~~~~~~~~~~~~~~~~~~~~~~~~~~~~~~~~~~~~~~~~~[m[K
compilation terminated.
gmake[2]: *** [CMakeFiles/my_robot_interfaces__rosidl_typesupport_introspection_cpp.dir/build.make:133: CMakeFiles/my_robot_interfaces__rosidl_typesupport_introspection_cpp.dir/rosidl_typesupport_introspection_cpp/my_robot_interfaces/srv/detail/set_led__type_support.cpp.o] Error 1
gmake[1]: *** [CMakeFiles/Makefile2:369: CMakeFiles/my_robot_interfaces__rosidl_typesupport_introspection_cpp.dir/all] Error 2
gmake: *** [Makefile:146: all] Error 2
