[0.036s] Invoking command in '/home/parallels/ros2_ws/ROS2_Humble/build/my_robot_lifecycle_bringup': AMENT_PREFIX_PATH=/home/parallels/ros2_ws/ROS2_Humble/install/lifecycle_py:${AMENT_PREFIX_PATH} CMAKE_PREFIX_PATH=${CMAKE_PREFIX_PATH}:/home/parallels/ros2_humble/install/lifecycle_py:/home/parallels/ros2_ws/install/turtlesim_catch_them_all:/home/parallels/ros2_ws/install/number_counter:/home/parallels/ros2_ws/install/my_py_pkg:/home/parallels/ros2_ws/install/actions_py:/home/parallels/ros2_ws/install/add_two_ints:/opt/ros/humble PYTHONPATH=/home/parallels/ros2_ws/ROS2_Humble/install/lifecycle_py/lib/python3.10/site-packages:${PYTHONPATH} /usr/bin/cmake /home/parallels/ros2_ws/ROS2_Humble/src/my_robot_lifecycle_bringup -DCMAKE_INSTALL_PREFIX=/home/parallels/ros2_ws/ROS2_Humble/install/my_robot_lifecycle_bringup
[0.125s] -- The C compiler identification is GNU 11.4.0
[0.184s] -- The CXX compiler identification is GNU 11.4.0
[0.192s] -- Detecting C compiler ABI info
[0.270s] -- Detecting C compiler ABI info - done
[0.276s] -- Check for working C compiler: /usr/bin/cc - skipped
[0.276s] -- Detecting C compile features
[0.276s] -- Detecting C compile features - done
[0.278s] -- Detecting CXX compiler ABI info
[0.435s] -- Detecting CXX compiler ABI info - done
[0.440s] -- Check for working CXX compiler: /usr/bin/c++ - skipped
[0.440s] -- Detecting CXX compile features
[0.440s] -- Detecting CXX compile features - done
[0.460s] -- Found ament_cmake: 1.3.11 (/opt/ros/humble/share/ament_cmake/cmake)
[0.656s] -- Found Python3: /usr/bin/python3 (found version "3.10.12") found components: Interpreter 
[1.028s] -- Configuring done
[1.049s] -- Generating done
[1.052s] -- Build files have been written to: /home/parallels/ros2_ws/ROS2_Humble/build/my_robot_lifecycle_bringup
[1.063s] Invoked command in '/home/parallels/ros2_ws/ROS2_Humble/build/my_robot_lifecycle_bringup' returned '0': AMENT_PREFIX_PATH=/home/parallels/ros2_ws/ROS2_Humble/install/lifecycle_py:${AMENT_PREFIX_PATH} CMAKE_PREFIX_PATH=${CMAKE_PREFIX_PATH}:/home/parallels/ros2_humble/install/lifecycle_py:/home/parallels/ros2_ws/install/turtlesim_catch_them_all:/home/parallels/ros2_ws/install/number_counter:/home/parallels/ros2_ws/install/my_py_pkg:/home/parallels/ros2_ws/install/actions_py:/home/parallels/ros2_ws/install/add_two_ints:/opt/ros/humble PYTHONPATH=/home/parallels/ros2_ws/ROS2_Humble/install/lifecycle_py/lib/python3.10/site-packages:${PYTHONPATH} /usr/bin/cmake /home/parallels/ros2_ws/ROS2_Humble/src/my_robot_lifecycle_bringup -DCMAKE_INSTALL_PREFIX=/home/parallels/ros2_ws/ROS2_Humble/install/my_robot_lifecycle_bringup
[1.064s] Invoking command in '/home/parallels/ros2_ws/ROS2_Humble/build/my_robot_lifecycle_bringup': AMENT_PREFIX_PATH=/home/parallels/ros2_ws/ROS2_Humble/install/lifecycle_py:${AMENT_PREFIX_PATH} CMAKE_PREFIX_PATH=${CMAKE_PREFIX_PATH}:/home/parallels/ros2_humble/install/lifecycle_py:/home/parallels/ros2_ws/install/turtlesim_catch_them_all:/home/parallels/ros2_ws/install/number_counter:/home/parallels/ros2_ws/install/my_py_pkg:/home/parallels/ros2_ws/install/actions_py:/home/parallels/ros2_ws/install/add_two_ints:/opt/ros/humble PYTHONPATH=/home/parallels/ros2_ws/ROS2_Humble/install/lifecycle_py/lib/python3.10/site-packages:${PYTHONPATH} /usr/bin/cmake --build /home/parallels/ros2_ws/ROS2_Humble/build/my_robot_lifecycle_bringup -- -j8 -l8
[1.236s] Invoked command in '/home/parallels/ros2_ws/ROS2_Humble/build/my_robot_lifecycle_bringup' returned '0': AMENT_PREFIX_PATH=/home/parallels/ros2_ws/ROS2_Humble/install/lifecycle_py:${AMENT_PREFIX_PATH} CMAKE_PREFIX_PATH=${CMAKE_PREFIX_PATH}:/home/parallels/ros2_humble/install/lifecycle_py:/home/parallels/ros2_ws/install/turtlesim_catch_them_all:/home/parallels/ros2_ws/install/number_counter:/home/parallels/ros2_ws/install/my_py_pkg:/home/parallels/ros2_ws/install/actions_py:/home/parallels/ros2_ws/install/add_two_ints:/opt/ros/humble PYTHONPATH=/home/parallels/ros2_ws/ROS2_Humble/install/lifecycle_py/lib/python3.10/site-packages:${PYTHONPATH} /usr/bin/cmake --build /home/parallels/ros2_ws/ROS2_Humble/build/my_robot_lifecycle_bringup -- -j8 -l8
[1.260s] Invoking command in '/home/parallels/ros2_ws/ROS2_Humble/build/my_robot_lifecycle_bringup': AMENT_PREFIX_PATH=/home/parallels/ros2_ws/ROS2_Humble/install/lifecycle_py:${AMENT_PREFIX_PATH} CMAKE_PREFIX_PATH=${CMAKE_PREFIX_PATH}:/home/parallels/ros2_humble/install/lifecycle_py:/home/parallels/ros2_ws/install/turtlesim_catch_them_all:/home/parallels/ros2_ws/install/number_counter:/home/parallels/ros2_ws/install/my_py_pkg:/home/parallels/ros2_ws/install/actions_py:/home/parallels/ros2_ws/install/add_two_ints:/opt/ros/humble PYTHONPATH=/home/parallels/ros2_ws/ROS2_Humble/install/lifecycle_py/lib/python3.10/site-packages:${PYTHONPATH} /usr/bin/cmake --install /home/parallels/ros2_ws/ROS2_Humble/build/my_robot_lifecycle_bringup
[1.272s] -- Install configuration: ""
[1.273s] -- Installing: /home/parallels/ros2_ws/ROS2_Humble/install/my_robot_lifecycle_bringup/share/my_robot_lifecycle_bringup//launch
[1.273s] -- Installing: /home/parallels/ros2_ws/ROS2_Humble/install/my_robot_lifecycle_bringup/share/my_robot_lifecycle_bringup//launch/lifecycle_test.launch.py
[1.273s] -- Installing: /home/parallels/ros2_ws/ROS2_Humble/install/my_robot_lifecycle_bringup/share/my_robot_lifecycle_bringup//launch/lifecycle_test.launch.xml
[1.274s] -- Installing: /home/parallels/ros2_ws/ROS2_Humble/install/my_robot_lifecycle_bringup/share/ament_index/resource_index/package_run_dependencies/my_robot_lifecycle_bringup
[1.274s] -- Installing: /home/parallels/ros2_ws/ROS2_Humble/install/my_robot_lifecycle_bringup/share/ament_index/resource_index/parent_prefix_path/my_robot_lifecycle_bringup
[1.275s] -- Installing: /home/parallels/ros2_ws/ROS2_Humble/install/my_robot_lifecycle_bringup/share/my_robot_lifecycle_bringup/environment/ament_prefix_path.sh
[1.275s] -- Installing: /home/parallels/ros2_ws/ROS2_Humble/install/my_robot_lifecycle_bringup/share/my_robot_lifecycle_bringup/environment/ament_prefix_path.dsv
[1.275s] -- Installing: /home/parallels/ros2_ws/ROS2_Humble/install/my_robot_lifecycle_bringup/share/my_robot_lifecycle_bringup/environment/path.sh
[1.275s] -- Installing: /home/parallels/ros2_ws/ROS2_Humble/install/my_robot_lifecycle_bringup/share/my_robot_lifecycle_bringup/environment/path.dsv
[1.275s] -- Installing: /home/parallels/ros2_ws/ROS2_Humble/install/my_robot_lifecycle_bringup/share/my_robot_lifecycle_bringup/local_setup.bash
[1.275s] -- Installing: /home/parallels/ros2_ws/ROS2_Humble/install/my_robot_lifecycle_bringup/share/my_robot_lifecycle_bringup/local_setup.sh
[1.276s] -- Installing: /home/parallels/ros2_ws/ROS2_Humble/install/my_robot_lifecycle_bringup/share/my_robot_lifecycle_bringup/local_setup.zsh
[1.276s] -- Installing: /home/parallels/ros2_ws/ROS2_Humble/install/my_robot_lifecycle_bringup/share/my_robot_lifecycle_bringup/local_setup.dsv
[1.276s] -- Installing: /home/parallels/ros2_ws/ROS2_Humble/install/my_robot_lifecycle_bringup/share/my_robot_lifecycle_bringup/package.dsv
[1.277s] -- Installing: /home/parallels/ros2_ws/ROS2_Humble/install/my_robot_lifecycle_bringup/share/ament_index/resource_index/packages/my_robot_lifecycle_bringup
[1.277s] -- Installing: /home/parallels/ros2_ws/ROS2_Humble/install/my_robot_lifecycle_bringup/share/my_robot_lifecycle_bringup/cmake/my_robot_lifecycle_bringupConfig.cmake
[1.278s] -- Installing: /home/parallels/ros2_ws/ROS2_Humble/install/my_robot_lifecycle_bringup/share/my_robot_lifecycle_bringup/cmake/my_robot_lifecycle_bringupConfig-version.cmake
[1.278s] -- Installing: /home/parallels/ros2_ws/ROS2_Humble/install/my_robot_lifecycle_bringup/share/my_robot_lifecycle_bringup/package.xml
[1.296s] Invoked command in '/home/parallels/ros2_ws/ROS2_Humble/build/my_robot_lifecycle_bringup' returned '0': AMENT_PREFIX_PATH=/home/parallels/ros2_ws/ROS2_Humble/install/lifecycle_py:${AMENT_PREFIX_PATH} CMAKE_PREFIX_PATH=${CMAKE_PREFIX_PATH}:/home/parallels/ros2_humble/install/lifecycle_py:/home/parallels/ros2_ws/install/turtlesim_catch_them_all:/home/parallels/ros2_ws/install/number_counter:/home/parallels/ros2_ws/install/my_py_pkg:/home/parallels/ros2_ws/install/actions_py:/home/parallels/ros2_ws/install/add_two_ints:/opt/ros/humble PYTHONPATH=/home/parallels/ros2_ws/ROS2_Humble/install/lifecycle_py/lib/python3.10/site-packages:${PYTHONPATH} /usr/bin/cmake --install /home/parallels/ros2_ws/ROS2_Humble/build/my_robot_lifecycle_bringup
