[0.006s] Invoking command in '/home/parallels/ros2_ws/build/my_robot_bringup_gazebo': CMAKE_PREFIX_PATH=/home/parallels/ros2_ws/install/my_robot_description:/home/parallels/ros2_ws/install/urdf_sim_tutorial:/home/parallels/ros2_ws/install/turtlecatch_bringup:/home/parallels/ros2_ws/install/polygon_plugins:/home/parallels/ros2_ws/install/polygon_base:/home/parallels/ros2_ws/install/my_robot_station_bringup:/home/parallels/ros2_ws/install/my_robot_bringup:/home/parallels/ros2_ws/install/my_cpp_pkg:/home/parallels/ros2_ws/install/my_robot_interfaces:/home/parallels/ros2_ws/install/my_robot_bringup_gazebo:/home/parallels/ros2_ws/install/add_two_ints_cpp:/usr:/usr:/usr:/usr:/usr:/home/parallels/ros2_ws/install/turtlesim_catch_them_all:/home/parallels/ros2_ws/install/number_counter:/home/parallels/ros2_ws/install/my_py_pkg:/home/parallels/ros2_ws/install/add_two_ints:/opt/ros/humble /usr/bin/cmake --build /home/parallels/ros2_ws/build/my_robot_bringup_gazebo -- -j4 -l4
[0.024s] Invoked command in '/home/parallels/ros2_ws/build/my_robot_bringup_gazebo' returned '0': CMAKE_PREFIX_PATH=/home/parallels/ros2_ws/install/my_robot_description:/home/parallels/ros2_ws/install/urdf_sim_tutorial:/home/parallels/ros2_ws/install/turtlecatch_bringup:/home/parallels/ros2_ws/install/polygon_plugins:/home/parallels/ros2_ws/install/polygon_base:/home/parallels/ros2_ws/install/my_robot_station_bringup:/home/parallels/ros2_ws/install/my_robot_bringup:/home/parallels/ros2_ws/install/my_cpp_pkg:/home/parallels/ros2_ws/install/my_robot_interfaces:/home/parallels/ros2_ws/install/my_robot_bringup_gazebo:/home/parallels/ros2_ws/install/add_two_ints_cpp:/usr:/usr:/usr:/usr:/usr:/home/parallels/ros2_ws/install/turtlesim_catch_them_all:/home/parallels/ros2_ws/install/number_counter:/home/parallels/ros2_ws/install/my_py_pkg:/home/parallels/ros2_ws/install/add_two_ints:/opt/ros/humble /usr/bin/cmake --build /home/parallels/ros2_ws/build/my_robot_bringup_gazebo -- -j4 -l4
[0.028s] Invoking command in '/home/parallels/ros2_ws/build/my_robot_bringup_gazebo': CMAKE_PREFIX_PATH=/home/parallels/ros2_ws/install/my_robot_description:/home/parallels/ros2_ws/install/urdf_sim_tutorial:/home/parallels/ros2_ws/install/turtlecatch_bringup:/home/parallels/ros2_ws/install/polygon_plugins:/home/parallels/ros2_ws/install/polygon_base:/home/parallels/ros2_ws/install/my_robot_station_bringup:/home/parallels/ros2_ws/install/my_robot_bringup:/home/parallels/ros2_ws/install/my_cpp_pkg:/home/parallels/ros2_ws/install/my_robot_interfaces:/home/parallels/ros2_ws/install/my_robot_bringup_gazebo:/home/parallels/ros2_ws/install/add_two_ints_cpp:/usr:/usr:/usr:/usr:/usr:/home/parallels/ros2_ws/install/turtlesim_catch_them_all:/home/parallels/ros2_ws/install/number_counter:/home/parallels/ros2_ws/install/my_py_pkg:/home/parallels/ros2_ws/install/add_two_ints:/opt/ros/humble /usr/bin/cmake --install /home/parallels/ros2_ws/build/my_robot_bringup_gazebo
[0.031s] -- Install configuration: ""
[0.031s] -- Execute custom install script
[0.031s] -- Up-to-date symlink: /home/parallels/ros2_ws/install/my_robot_bringup_gazebo/share/my_robot_bringup_gazebo//launch/my_robot_gazebo.launch.xml
[0.031s] -- Up-to-date symlink: /home/parallels/ros2_ws/install/my_robot_bringup_gazebo/share/my_robot_bringup_gazebo//rviz/robo_config2.rviz
[0.031s] -- Up-to-date symlink: /home/parallels/ros2_ws/install/my_robot_bringup_gazebo/share/my_robot_bringup_gazebo//config/gazebo_bridge.yaml
[0.032s] -- Up-to-date symlink: /home/parallels/ros2_ws/install/my_robot_bringup_gazebo/share/ament_index/resource_index/package_run_dependencies/my_robot_bringup_gazebo
[0.032s] -- Up-to-date symlink: /home/parallels/ros2_ws/install/my_robot_bringup_gazebo/share/ament_index/resource_index/parent_prefix_path/my_robot_bringup_gazebo
[0.032s] -- Up-to-date symlink: /home/parallels/ros2_ws/install/my_robot_bringup_gazebo/share/my_robot_bringup_gazebo/environment/ament_prefix_path.sh
[0.032s] -- Up-to-date symlink: /home/parallels/ros2_ws/install/my_robot_bringup_gazebo/share/my_robot_bringup_gazebo/environment/ament_prefix_path.dsv
[0.032s] -- Up-to-date symlink: /home/parallels/ros2_ws/install/my_robot_bringup_gazebo/share/my_robot_bringup_gazebo/environment/path.sh
[0.032s] -- Up-to-date symlink: /home/parallels/ros2_ws/install/my_robot_bringup_gazebo/share/my_robot_bringup_gazebo/environment/path.dsv
[0.032s] -- Up-to-date symlink: /home/parallels/ros2_ws/install/my_robot_bringup_gazebo/share/my_robot_bringup_gazebo/local_setup.bash
[0.032s] -- Up-to-date symlink: /home/parallels/ros2_ws/install/my_robot_bringup_gazebo/share/my_robot_bringup_gazebo/local_setup.sh
[0.032s] -- Up-to-date symlink: /home/parallels/ros2_ws/install/my_robot_bringup_gazebo/share/my_robot_bringup_gazebo/local_setup.zsh
[0.032s] -- Up-to-date symlink: /home/parallels/ros2_ws/install/my_robot_bringup_gazebo/share/my_robot_bringup_gazebo/local_setup.dsv
[0.032s] -- Symlinking: /home/parallels/ros2_ws/install/my_robot_bringup_gazebo/share/my_robot_bringup_gazebo/package.dsv
[0.036s] -- Up-to-date symlink: /home/parallels/ros2_ws/install/my_robot_bringup_gazebo/share/ament_index/resource_index/packages/my_robot_bringup_gazebo
[0.036s] -- Up-to-date symlink: /home/parallels/ros2_ws/install/my_robot_bringup_gazebo/share/my_robot_bringup_gazebo/cmake/my_robot_bringup_gazeboConfig.cmake
[0.036s] -- Up-to-date symlink: /home/parallels/ros2_ws/install/my_robot_bringup_gazebo/share/my_robot_bringup_gazebo/cmake/my_robot_bringup_gazeboConfig-version.cmake
[0.036s] -- Up-to-date symlink: /home/parallels/ros2_ws/install/my_robot_bringup_gazebo/share/my_robot_bringup_gazebo/package.xml
[0.037s] Invoked command in '/home/parallels/ros2_ws/build/my_robot_bringup_gazebo' returned '0': CMAKE_PREFIX_PATH=/home/parallels/ros2_ws/install/my_robot_description:/home/parallels/ros2_ws/install/urdf_sim_tutorial:/home/parallels/ros2_ws/install/turtlecatch_bringup:/home/parallels/ros2_ws/install/polygon_plugins:/home/parallels/ros2_ws/install/polygon_base:/home/parallels/ros2_ws/install/my_robot_station_bringup:/home/parallels/ros2_ws/install/my_robot_bringup:/home/parallels/ros2_ws/install/my_cpp_pkg:/home/parallels/ros2_ws/install/my_robot_interfaces:/home/parallels/ros2_ws/install/my_robot_bringup_gazebo:/home/parallels/ros2_ws/install/add_two_ints_cpp:/usr:/usr:/usr:/usr:/usr:/home/parallels/ros2_ws/install/turtlesim_catch_them_all:/home/parallels/ros2_ws/install/number_counter:/home/parallels/ros2_ws/install/my_py_pkg:/home/parallels/ros2_ws/install/add_two_ints:/opt/ros/humble /usr/bin/cmake --install /home/parallels/ros2_ws/build/my_robot_bringup_gazebo
