[0.024s] Invoking command in '/home/parallels/ros2_ws/build/polygon_base': CMAKE_PREFIX_PATH=${CMAKE_PREFIX_PATH}:/home/parallels/ros2_ws/install/rqt_joint_trajectory_controller:/home/parallels/ros2_ws/install/rqt_controller_manager:/home/parallels/ros2_ws/install/ros2controlcli:/home/parallels/ros2_ws/install/ros2_controllers_test_nodes:/home/parallels/ros2_ws/install/polygon_base:/home/parallels/ros2_ws/install/hardware_interface:/opt/ros/humble /usr/bin/cmake --build /home/parallels/ros2_ws/build/polygon_base -- -j4 -l4
[0.057s] [35m[1mConsolidate compiler generated dependencies of target area_node[0m
[0.070s] [100%] Built target area_node
[0.076s] Invoked command in '/home/parallels/ros2_ws/build/polygon_base' returned '0': CMAKE_PREFIX_PATH=${CMAKE_PREFIX_PATH}:/home/parallels/ros2_ws/install/rqt_joint_trajectory_controller:/home/parallels/ros2_ws/install/rqt_controller_manager:/home/parallels/ros2_ws/install/ros2controlcli:/home/parallels/ros2_ws/install/ros2_controllers_test_nodes:/home/parallels/ros2_ws/install/polygon_base:/home/parallels/ros2_ws/install/hardware_interface:/opt/ros/humble /usr/bin/cmake --build /home/parallels/ros2_ws/build/polygon_base -- -j4 -l4
[0.134s] Invoking command in '/home/parallels/ros2_ws/build/polygon_base': CMAKE_PREFIX_PATH=${CMAKE_PREFIX_PATH}:/home/parallels/ros2_ws/install/rqt_joint_trajectory_controller:/home/parallels/ros2_ws/install/rqt_controller_manager:/home/parallels/ros2_ws/install/ros2controlcli:/home/parallels/ros2_ws/install/ros2_controllers_test_nodes:/home/parallels/ros2_ws/install/polygon_base:/home/parallels/ros2_ws/install/hardware_interface:/opt/ros/humble /usr/bin/cmake --install /home/parallels/ros2_ws/build/polygon_base
[0.140s] -- Install configuration: ""
[0.140s] -- Up-to-date: /home/parallels/ros2_ws/install/polygon_base/include
[0.140s] -- Up-to-date: /home/parallels/ros2_ws/install/polygon_base/include/polygon_base
[0.141s] -- Up-to-date: /home/parallels/ros2_ws/install/polygon_base/include/polygon_base/regular_polygon.hpp
[0.142s] -- Up-to-date: /home/parallels/ros2_ws/install/polygon_base/lib/polygon_base/area_node
[0.142s] -- Up-to-date: /home/parallels/ros2_ws/install/polygon_base/share/ament_index/resource_index/package_run_dependencies/polygon_base
[0.142s] -- Up-to-date: /home/parallels/ros2_ws/install/polygon_base/share/ament_index/resource_index/parent_prefix_path/polygon_base
[0.143s] -- Up-to-date: /home/parallels/ros2_ws/install/polygon_base/share/polygon_base/environment/ament_prefix_path.sh
[0.143s] -- Up-to-date: /home/parallels/ros2_ws/install/polygon_base/share/polygon_base/environment/ament_prefix_path.dsv
[0.143s] -- Up-to-date: /home/parallels/ros2_ws/install/polygon_base/share/polygon_base/environment/path.sh
[0.143s] -- Up-to-date: /home/parallels/ros2_ws/install/polygon_base/share/polygon_base/environment/path.dsv
[0.143s] -- Up-to-date: /home/parallels/ros2_ws/install/polygon_base/share/polygon_base/local_setup.bash
[0.144s] -- Up-to-date: /home/parallels/ros2_ws/install/polygon_base/share/polygon_base/local_setup.sh
[0.144s] -- Up-to-date: /home/parallels/ros2_ws/install/polygon_base/share/polygon_base/local_setup.zsh
[0.144s] -- Up-to-date: /home/parallels/ros2_ws/install/polygon_base/share/polygon_base/local_setup.dsv
[0.145s] -- Installing: /home/parallels/ros2_ws/install/polygon_base/share/polygon_base/package.dsv
[0.147s] -- Up-to-date: /home/parallels/ros2_ws/install/polygon_base/share/ament_index/resource_index/packages/polygon_base
[0.149s] -- Up-to-date: /home/parallels/ros2_ws/install/polygon_base/share/polygon_base/cmake/ament_cmake_export_include_directories-extras.cmake
[0.149s] -- Up-to-date: /home/parallels/ros2_ws/install/polygon_base/share/polygon_base/cmake/polygon_baseConfig.cmake
[0.149s] -- Up-to-date: /home/parallels/ros2_ws/install/polygon_base/share/polygon_base/cmake/polygon_baseConfig-version.cmake
[0.149s] -- Up-to-date: /home/parallels/ros2_ws/install/polygon_base/share/polygon_base/package.xml
[0.168s] Invoked command in '/home/parallels/ros2_ws/build/polygon_base' returned '0': CMAKE_PREFIX_PATH=${CMAKE_PREFIX_PATH}:/home/parallels/ros2_ws/install/rqt_joint_trajectory_controller:/home/parallels/ros2_ws/install/rqt_controller_manager:/home/parallels/ros2_ws/install/ros2controlcli:/home/parallels/ros2_ws/install/ros2_controllers_test_nodes:/home/parallels/ros2_ws/install/polygon_base:/home/parallels/ros2_ws/install/hardware_interface:/opt/ros/humble /usr/bin/cmake --install /home/parallels/ros2_ws/build/polygon_base
