[0.340s] Invoking command in '/home/parallels/ros2_ws/ROS2_Humble/build/add_two_ints_cpp': CMAKE_PREFIX_PATH=${CMAKE_PREFIX_PATH}:/home/parallels/ros2_ws/ROS2_Humble/install/turtlesim_catch_them_all:/home/parallels/ros2_ws/ROS2_Humble/install/number_counter:/home/parallels/ros2_ws/ROS2_Humble/install/my_py_pkg:/home/parallels/ros2_ws/ROS2_Humble/install/actions_py:/home/parallels/ros2_ws/ROS2_Humble/install/lifecycle_py:/home/parallels/ros2_ws/ROS2_Humble/install/add_two_ints:/opt/ros/humble /usr/bin/cmake /home/parallels/ros2_ws/ROS2_Humble/src/add_two_ints_cpp -DCMAKE_INSTALL_PREFIX=/home/parallels/ros2_ws/ROS2_Humble/install/add_two_ints_cpp
[0.564s] -- The C compiler identification is GNU 11.4.0
[0.564s] -- The CXX compiler identification is GNU 11.4.0
[0.564s] -- Detecting C compiler ABI info
[0.564s] -- Detecting C compiler ABI info - done
[0.565s] -- Check for working C compiler: /usr/bin/cc - skipped
[0.565s] -- Detecting C compile features
[0.566s] -- Detecting C compile features - done
[0.566s] -- Detecting CXX compiler ABI info
[0.592s] -- Detecting CXX compiler ABI info - done
[0.602s] -- Check for working CXX compiler: /usr/bin/c++ - skipped
[0.602s] -- Detecting CXX compile features
[0.603s] -- Detecting CXX compile features - done
[0.614s] -- Found ament_cmake: 1.3.11 (/opt/ros/humble/share/ament_cmake/cmake)
[0.838s] -- Found Python3: /usr/bin/python3 (found version "3.10.12") found components: Interpreter 
[1.008s] -- Found rclcpp: 16.0.12 (/opt/ros/humble/share/rclcpp/cmake)
[1.130s] -- Found rosidl_generator_c: 3.1.6 (/opt/ros/humble/share/rosidl_generator_c/cmake)
[1.149s] -- Found rosidl_adapter: 3.1.6 (/opt/ros/humble/share/rosidl_adapter/cmake)
[1.177s] -- Found rosidl_generator_cpp: 3.1.6 (/opt/ros/humble/share/rosidl_generator_cpp/cmake)
[1.199s] -- Using all available rosidl_typesupport_c: rosidl_typesupport_fastrtps_c;rosidl_typesupport_introspection_c
[1.240s] -- Using all available rosidl_typesupport_cpp: rosidl_typesupport_fastrtps_cpp;rosidl_typesupport_introspection_cpp
[1.320s] -- Found rmw_implementation_cmake: 6.1.2 (/opt/ros/humble/share/rmw_implementation_cmake/cmake)
[1.321s] -- Found rmw_fastrtps_cpp: 6.2.7 (/opt/ros/humble/share/rmw_fastrtps_cpp/cmake)
[1.412s] -- Found OpenSSL: /usr/lib/aarch64-linux-gnu/libcrypto.so (found version "3.0.2")  
[1.438s] -- Found FastRTPS: /opt/ros/humble/include  
[1.475s] -- Using RMW implementation 'rmw_fastrtps_cpp' as default
[1.497s] -- Looking for pthread.h
[1.621s] -- Looking for pthread.h - found
[1.621s] -- Performing Test CMAKE_HAVE_LIBC_PTHREAD
[1.682s] -- Performing Test CMAKE_HAVE_LIBC_PTHREAD - Success
[1.683s] -- Found Threads: TRUE  
[1.751s] -- Found example_interfaces: 0.9.3 (/opt/ros/humble/share/example_interfaces/cmake)
[1.863s] -- Configuring done
[1.881s] -- Generating done
[1.888s] -- Build files have been written to: /home/parallels/ros2_ws/ROS2_Humble/build/add_two_ints_cpp
[1.905s] Invoked command in '/home/parallels/ros2_ws/ROS2_Humble/build/add_two_ints_cpp' returned '0': CMAKE_PREFIX_PATH=${CMAKE_PREFIX_PATH}:/home/parallels/ros2_ws/ROS2_Humble/install/turtlesim_catch_them_all:/home/parallels/ros2_ws/ROS2_Humble/install/number_counter:/home/parallels/ros2_ws/ROS2_Humble/install/my_py_pkg:/home/parallels/ros2_ws/ROS2_Humble/install/actions_py:/home/parallels/ros2_ws/ROS2_Humble/install/lifecycle_py:/home/parallels/ros2_ws/ROS2_Humble/install/add_two_ints:/opt/ros/humble /usr/bin/cmake /home/parallels/ros2_ws/ROS2_Humble/src/add_two_ints_cpp -DCMAKE_INSTALL_PREFIX=/home/parallels/ros2_ws/ROS2_Humble/install/add_two_ints_cpp
[1.905s] Invoking command in '/home/parallels/ros2_ws/ROS2_Humble/build/add_two_ints_cpp': CMAKE_PREFIX_PATH=${CMAKE_PREFIX_PATH}:/home/parallels/ros2_ws/ROS2_Humble/install/turtlesim_catch_them_all:/home/parallels/ros2_ws/ROS2_Humble/install/number_counter:/home/parallels/ros2_ws/ROS2_Humble/install/my_py_pkg:/home/parallels/ros2_ws/ROS2_Humble/install/actions_py:/home/parallels/ros2_ws/ROS2_Humble/install/lifecycle_py:/home/parallels/ros2_ws/ROS2_Humble/install/add_two_ints:/opt/ros/humble /usr/bin/cmake --build /home/parallels/ros2_ws/ROS2_Humble/build/add_two_ints_cpp -- -j8 -l8
[1.932s] [35m[1mConsolidate compiler generated dependencies of target add_two_ints_client[0m
[1.939s] [35m[1mConsolidate compiler generated dependencies of target add_two_ints_client_no_oop[0m
[1.943s] [ 33%] Built target add_two_ints_client
[1.945s] [35m[1mConsolidate compiler generated dependencies of target add_two_ints_server_cpp[0m
[1.976s] [ 66%] Built target add_two_ints_client_no_oop
[1.985s] [100%] Built target add_two_ints_server_cpp
[1.994s] Invoked command in '/home/parallels/ros2_ws/ROS2_Humble/build/add_two_ints_cpp' returned '0': CMAKE_PREFIX_PATH=${CMAKE_PREFIX_PATH}:/home/parallels/ros2_ws/ROS2_Humble/install/turtlesim_catch_them_all:/home/parallels/ros2_ws/ROS2_Humble/install/number_counter:/home/parallels/ros2_ws/ROS2_Humble/install/my_py_pkg:/home/parallels/ros2_ws/ROS2_Humble/install/actions_py:/home/parallels/ros2_ws/ROS2_Humble/install/lifecycle_py:/home/parallels/ros2_ws/ROS2_Humble/install/add_two_ints:/opt/ros/humble /usr/bin/cmake --build /home/parallels/ros2_ws/ROS2_Humble/build/add_two_ints_cpp -- -j8 -l8
[1.994s] Invoking command in '/home/parallels/ros2_ws/ROS2_Humble/build/add_two_ints_cpp': CMAKE_PREFIX_PATH=${CMAKE_PREFIX_PATH}:/home/parallels/ros2_ws/ROS2_Humble/install/turtlesim_catch_them_all:/home/parallels/ros2_ws/ROS2_Humble/install/number_counter:/home/parallels/ros2_ws/ROS2_Humble/install/my_py_pkg:/home/parallels/ros2_ws/ROS2_Humble/install/actions_py:/home/parallels/ros2_ws/ROS2_Humble/install/lifecycle_py:/home/parallels/ros2_ws/ROS2_Humble/install/add_two_ints:/opt/ros/humble /usr/bin/cmake --install /home/parallels/ros2_ws/ROS2_Humble/build/add_two_ints_cpp
[1.998s] -- Install configuration: ""
[1.999s] -- Up-to-date: /home/parallels/ros2_ws/ROS2_Humble/install/add_two_ints_cpp/lib/add_two_ints_cpp/add_two_ints_server_cpp
[1.999s] -- Up-to-date: /home/parallels/ros2_ws/ROS2_Humble/install/add_two_ints_cpp/lib/add_two_ints_cpp/add_two_ints_client_no_oop
[1.999s] -- Up-to-date: /home/parallels/ros2_ws/ROS2_Humble/install/add_two_ints_cpp/lib/add_two_ints_cpp/add_two_ints_client
[1.999s] -- Up-to-date: /home/parallels/ros2_ws/ROS2_Humble/install/add_two_ints_cpp/share/ament_index/resource_index/package_run_dependencies/add_two_ints_cpp
[1.999s] -- Installing: /home/parallels/ros2_ws/ROS2_Humble/install/add_two_ints_cpp/share/ament_index/resource_index/parent_prefix_path/add_two_ints_cpp
[1.999s] -- Up-to-date: /home/parallels/ros2_ws/ROS2_Humble/install/add_two_ints_cpp/share/add_two_ints_cpp/environment/ament_prefix_path.sh
[1.999s] -- Installing: /home/parallels/ros2_ws/ROS2_Humble/install/add_two_ints_cpp/share/add_two_ints_cpp/environment/ament_prefix_path.dsv
[1.999s] -- Up-to-date: /home/parallels/ros2_ws/ROS2_Humble/install/add_two_ints_cpp/share/add_two_ints_cpp/environment/path.sh
[1.999s] -- Installing: /home/parallels/ros2_ws/ROS2_Humble/install/add_two_ints_cpp/share/add_two_ints_cpp/environment/path.dsv
[1.999s] -- Up-to-date: /home/parallels/ros2_ws/ROS2_Humble/install/add_two_ints_cpp/share/add_two_ints_cpp/local_setup.bash
[1.999s] -- Up-to-date: /home/parallels/ros2_ws/ROS2_Humble/install/add_two_ints_cpp/share/add_two_ints_cpp/local_setup.sh
[1.999s] -- Up-to-date: /home/parallels/ros2_ws/ROS2_Humble/install/add_two_ints_cpp/share/add_two_ints_cpp/local_setup.zsh
[1.999s] -- Installing: /home/parallels/ros2_ws/ROS2_Humble/install/add_two_ints_cpp/share/add_two_ints_cpp/local_setup.dsv
[1.999s] -- Installing: /home/parallels/ros2_ws/ROS2_Humble/install/add_two_ints_cpp/share/add_two_ints_cpp/package.dsv
[1.999s] -- Up-to-date: /home/parallels/ros2_ws/ROS2_Humble/install/add_two_ints_cpp/share/ament_index/resource_index/packages/add_two_ints_cpp
[1.999s] -- Up-to-date: /home/parallels/ros2_ws/ROS2_Humble/install/add_two_ints_cpp/share/add_two_ints_cpp/cmake/add_two_ints_cppConfig.cmake
[2.000s] -- Up-to-date: /home/parallels/ros2_ws/ROS2_Humble/install/add_two_ints_cpp/share/add_two_ints_cpp/cmake/add_two_ints_cppConfig-version.cmake
[2.000s] -- Up-to-date: /home/parallels/ros2_ws/ROS2_Humble/install/add_two_ints_cpp/share/add_two_ints_cpp/package.xml
[2.042s] Invoked command in '/home/parallels/ros2_ws/ROS2_Humble/build/add_two_ints_cpp' returned '0': CMAKE_PREFIX_PATH=${CMAKE_PREFIX_PATH}:/home/parallels/ros2_ws/ROS2_Humble/install/turtlesim_catch_them_all:/home/parallels/ros2_ws/ROS2_Humble/install/number_counter:/home/parallels/ros2_ws/ROS2_Humble/install/my_py_pkg:/home/parallels/ros2_ws/ROS2_Humble/install/actions_py:/home/parallels/ros2_ws/ROS2_Humble/install/lifecycle_py:/home/parallels/ros2_ws/ROS2_Humble/install/add_two_ints:/opt/ros/humble /usr/bin/cmake --install /home/parallels/ros2_ws/ROS2_Humble/build/add_two_ints_cpp
