[0.064s] Invoking command in '/home/parallels/ros2_ws/ROS2_Humble/build/polygon_plugins': AMENT_PREFIX_PATH=/home/parallels/ros2_ws/ROS2_Humble/install/polygon_base:${AMENT_PREFIX_PATH} CMAKE_PREFIX_PATH=/home/parallels/ros2_ws/ROS2_Humble/install/polygon_base:/home/parallels/ros2_humble/install/lifecycle_cpp:/home/parallels/ros2_ws/install/urdf_sim_tutorial:/home/parallels/ros2_ws/install/turtlecatch_bringup:/home/parallels/ros2_ws/install/polygon_plugins:/home/parallels/ros2_ws/install/polygon_base:/home/parallels/ros2_ws/install/my_robot_station_bringup:/home/parallels/ros2_ws/install/my_robot_bringup:/home/parallels/ros2_ws/install/my_cpp_pkg:/home/parallels/ros2_ws/install/actions_cpp:/home/parallels/ros2_ws/install/my_robot_interfaces:/home/parallels/ros2_ws/install/my_robot_bringup_gazebo:/home/parallels/ros2_ws/install/my_robot_description:/home/parallels/ros2_ws/install/add_two_ints_cpp:/usr:/home/parallels/ros2_humble/install/lifecycle_py:/home/parallels/ros2_ws/install/turtlesim_catch_them_all:/home/parallels/ros2_ws/install/number_counter:/home/parallels/ros2_ws/install/my_py_pkg:/home/parallels/ros2_ws/install/actions_py:/home/parallels/ros2_ws/install/add_two_ints:/opt/ros/humble /usr/bin/cmake /home/parallels/ros2_ws/ROS2_Humble/src/polygon_plugins -DCMAKE_INSTALL_PREFIX=/home/parallels/ros2_ws/ROS2_Humble/install/polygon_plugins
[0.238s] -- The C compiler identification is GNU 11.4.0
[0.491s] -- The CXX compiler identification is GNU 11.4.0
[0.515s] -- Detecting C compiler ABI info
[0.772s] -- Detecting C compiler ABI info - done
[0.782s] -- Check for working C compiler: /usr/bin/cc - skipped
[0.783s] -- Detecting C compile features
[0.783s] -- Detecting C compile features - done
[0.787s] -- Detecting CXX compiler ABI info
[1.244s] -- Detecting CXX compiler ABI info - done
[1.249s] -- Check for working CXX compiler: /usr/bin/c++ - skipped
[1.249s] -- Detecting CXX compile features
[1.249s] -- Detecting CXX compile features - done
[1.262s] -- Found ament_cmake: 1.3.11 (/opt/ros/humble/share/ament_cmake/cmake)
[1.722s] -- Found Python3: /usr/bin/python3 (found version "3.10.12") found components: Interpreter 
[2.080s] -- Found ament_cmake_ros: 0.10.0 (/opt/ros/humble/share/ament_cmake_ros/cmake)
[2.131s] -- Found polygon_base: 0.0.0 (/home/parallels/ros2_ws/ROS2_Humble/install/polygon_base/share/polygon_base/cmake)
[2.148s] -- Found pluginlib: 5.1.0 (/opt/ros/humble/share/pluginlib/cmake)
[2.307s] -- Found ament_lint_auto: 0.12.12 (/opt/ros/humble/share/ament_lint_auto/cmake)
[2.592s] -- Added test 'cppcheck' to perform static code analysis on C / C++ code
[2.592s] -- Configured cppcheck include dirs: $<BUILD_INTERFACE:/home/parallels/ros2_ws/ROS2_Humble/src/polygon_plugins/include>
[2.593s] -- Configured cppcheck exclude dirs and/or files: 
[2.594s] -- Added test 'lint_cmake' to check CMake code style
[2.597s] -- Added test 'uncrustify' to check C / C++ code style
[2.597s] -- Configured uncrustify additional arguments: 
[2.597s] -- Added test 'xmllint' to check XML markup files
[2.599s] -- Configuring done
[2.616s] -- Generating done
[2.618s] -- Build files have been written to: /home/parallels/ros2_ws/ROS2_Humble/build/polygon_plugins
[2.638s] Invoked command in '/home/parallels/ros2_ws/ROS2_Humble/build/polygon_plugins' returned '0': AMENT_PREFIX_PATH=/home/parallels/ros2_ws/ROS2_Humble/install/polygon_base:${AMENT_PREFIX_PATH} CMAKE_PREFIX_PATH=/home/parallels/ros2_ws/ROS2_Humble/install/polygon_base:/home/parallels/ros2_humble/install/lifecycle_cpp:/home/parallels/ros2_ws/install/urdf_sim_tutorial:/home/parallels/ros2_ws/install/turtlecatch_bringup:/home/parallels/ros2_ws/install/polygon_plugins:/home/parallels/ros2_ws/install/polygon_base:/home/parallels/ros2_ws/install/my_robot_station_bringup:/home/parallels/ros2_ws/install/my_robot_bringup:/home/parallels/ros2_ws/install/my_cpp_pkg:/home/parallels/ros2_ws/install/actions_cpp:/home/parallels/ros2_ws/install/my_robot_interfaces:/home/parallels/ros2_ws/install/my_robot_bringup_gazebo:/home/parallels/ros2_ws/install/my_robot_description:/home/parallels/ros2_ws/install/add_two_ints_cpp:/usr:/home/parallels/ros2_humble/install/lifecycle_py:/home/parallels/ros2_ws/install/turtlesim_catch_them_all:/home/parallels/ros2_ws/install/number_counter:/home/parallels/ros2_ws/install/my_py_pkg:/home/parallels/ros2_ws/install/actions_py:/home/parallels/ros2_ws/install/add_two_ints:/opt/ros/humble /usr/bin/cmake /home/parallels/ros2_ws/ROS2_Humble/src/polygon_plugins -DCMAKE_INSTALL_PREFIX=/home/parallels/ros2_ws/ROS2_Humble/install/polygon_plugins
[2.639s] Invoking command in '/home/parallels/ros2_ws/ROS2_Humble/build/polygon_plugins': AMENT_PREFIX_PATH=/home/parallels/ros2_ws/ROS2_Humble/install/polygon_base:${AMENT_PREFIX_PATH} CMAKE_PREFIX_PATH=/home/parallels/ros2_ws/ROS2_Humble/install/polygon_base:/home/parallels/ros2_humble/install/lifecycle_cpp:/home/parallels/ros2_ws/install/urdf_sim_tutorial:/home/parallels/ros2_ws/install/turtlecatch_bringup:/home/parallels/ros2_ws/install/polygon_plugins:/home/parallels/ros2_ws/install/polygon_base:/home/parallels/ros2_ws/install/my_robot_station_bringup:/home/parallels/ros2_ws/install/my_robot_bringup:/home/parallels/ros2_ws/install/my_cpp_pkg:/home/parallels/ros2_ws/install/actions_cpp:/home/parallels/ros2_ws/install/my_robot_interfaces:/home/parallels/ros2_ws/install/my_robot_bringup_gazebo:/home/parallels/ros2_ws/install/my_robot_description:/home/parallels/ros2_ws/install/add_two_ints_cpp:/usr:/home/parallels/ros2_humble/install/lifecycle_py:/home/parallels/ros2_ws/install/turtlesim_catch_them_all:/home/parallels/ros2_ws/install/number_counter:/home/parallels/ros2_ws/install/my_py_pkg:/home/parallels/ros2_ws/install/actions_py:/home/parallels/ros2_ws/install/add_two_ints:/opt/ros/humble /usr/bin/cmake --build /home/parallels/ros2_ws/ROS2_Humble/build/polygon_plugins -- -j8 -l8
[2.718s] [ 50%] [32mBuilding CXX object CMakeFiles/polygon_plugins.dir/src/polygon_plugins.cpp.o[0m
[3.410s] [100%] [32m[1mLinking CXX shared library libpolygon_plugins.so[0m
[3.474s] [100%] Built target polygon_plugins
[3.509s] Invoked command in '/home/parallels/ros2_ws/ROS2_Humble/build/polygon_plugins' returned '0': AMENT_PREFIX_PATH=/home/parallels/ros2_ws/ROS2_Humble/install/polygon_base:${AMENT_PREFIX_PATH} CMAKE_PREFIX_PATH=/home/parallels/ros2_ws/ROS2_Humble/install/polygon_base:/home/parallels/ros2_humble/install/lifecycle_cpp:/home/parallels/ros2_ws/install/urdf_sim_tutorial:/home/parallels/ros2_ws/install/turtlecatch_bringup:/home/parallels/ros2_ws/install/polygon_plugins:/home/parallels/ros2_ws/install/polygon_base:/home/parallels/ros2_ws/install/my_robot_station_bringup:/home/parallels/ros2_ws/install/my_robot_bringup:/home/parallels/ros2_ws/install/my_cpp_pkg:/home/parallels/ros2_ws/install/actions_cpp:/home/parallels/ros2_ws/install/my_robot_interfaces:/home/parallels/ros2_ws/install/my_robot_bringup_gazebo:/home/parallels/ros2_ws/install/my_robot_description:/home/parallels/ros2_ws/install/add_two_ints_cpp:/usr:/home/parallels/ros2_humble/install/lifecycle_py:/home/parallels/ros2_ws/install/turtlesim_catch_them_all:/home/parallels/ros2_ws/install/number_counter:/home/parallels/ros2_ws/install/my_py_pkg:/home/parallels/ros2_ws/install/actions_py:/home/parallels/ros2_ws/install/add_two_ints:/opt/ros/humble /usr/bin/cmake --build /home/parallels/ros2_ws/ROS2_Humble/build/polygon_plugins -- -j8 -l8
[3.510s] Invoking command in '/home/parallels/ros2_ws/ROS2_Humble/build/polygon_plugins': AMENT_PREFIX_PATH=/home/parallels/ros2_ws/ROS2_Humble/install/polygon_base:${AMENT_PREFIX_PATH} CMAKE_PREFIX_PATH=/home/parallels/ros2_ws/ROS2_Humble/install/polygon_base:/home/parallels/ros2_humble/install/lifecycle_cpp:/home/parallels/ros2_ws/install/urdf_sim_tutorial:/home/parallels/ros2_ws/install/turtlecatch_bringup:/home/parallels/ros2_ws/install/polygon_plugins:/home/parallels/ros2_ws/install/polygon_base:/home/parallels/ros2_ws/install/my_robot_station_bringup:/home/parallels/ros2_ws/install/my_robot_bringup:/home/parallels/ros2_ws/install/my_cpp_pkg:/home/parallels/ros2_ws/install/actions_cpp:/home/parallels/ros2_ws/install/my_robot_interfaces:/home/parallels/ros2_ws/install/my_robot_bringup_gazebo:/home/parallels/ros2_ws/install/my_robot_description:/home/parallels/ros2_ws/install/add_two_ints_cpp:/usr:/home/parallels/ros2_humble/install/lifecycle_py:/home/parallels/ros2_ws/install/turtlesim_catch_them_all:/home/parallels/ros2_ws/install/number_counter:/home/parallels/ros2_ws/install/my_py_pkg:/home/parallels/ros2_ws/install/actions_py:/home/parallels/ros2_ws/install/add_two_ints:/opt/ros/humble /usr/bin/cmake --install /home/parallels/ros2_ws/ROS2_Humble/build/polygon_plugins
[3.515s] -- Install configuration: ""
[3.516s] -- Installing: /home/parallels/ros2_ws/ROS2_Humble/install/polygon_plugins/share/polygon_plugins/plugins.xml
[3.516s] -- Installing: /home/parallels/ros2_ws/ROS2_Humble/install/polygon_plugins/include
[3.516s] -- Installing: /home/parallels/ros2_ws/ROS2_Humble/install/polygon_plugins/include/polygon_plugins
[3.516s] -- Installing: /home/parallels/ros2_ws/ROS2_Humble/install/polygon_plugins/include/polygon_plugins/polygon_plugins.hpp
[3.516s] -- Installing: /home/parallels/ros2_ws/ROS2_Humble/install/polygon_plugins/include/polygon_plugins/visibility_control.h
[3.517s] -- Installing: /home/parallels/ros2_ws/ROS2_Humble/install/polygon_plugins/lib/libpolygon_plugins.so
[3.517s] -- Set runtime path of "/home/parallels/ros2_ws/ROS2_Humble/install/polygon_plugins/lib/libpolygon_plugins.so" to ""
[3.517s] -- Installing: /home/parallels/ros2_ws/ROS2_Humble/install/polygon_plugins/share/polygon_plugins/environment/library_path.sh
[3.517s] -- Installing: /home/parallels/ros2_ws/ROS2_Humble/install/polygon_plugins/share/polygon_plugins/environment/library_path.dsv
[3.517s] -- Installing: /home/parallels/ros2_ws/ROS2_Humble/install/polygon_plugins/share/ament_index/resource_index/package_run_dependencies/polygon_plugins
[3.517s] -- Installing: /home/parallels/ros2_ws/ROS2_Humble/install/polygon_plugins/share/ament_index/resource_index/parent_prefix_path/polygon_plugins
[3.517s] -- Installing: /home/parallels/ros2_ws/ROS2_Humble/install/polygon_plugins/share/polygon_plugins/environment/ament_prefix_path.sh
[3.517s] -- Installing: /home/parallels/ros2_ws/ROS2_Humble/install/polygon_plugins/share/polygon_plugins/environment/ament_prefix_path.dsv
[3.518s] -- Installing: /home/parallels/ros2_ws/ROS2_Humble/install/polygon_plugins/share/polygon_plugins/environment/path.sh
[3.518s] -- Installing: /home/parallels/ros2_ws/ROS2_Humble/install/polygon_plugins/share/polygon_plugins/environment/path.dsv
[3.518s] -- Installing: /home/parallels/ros2_ws/ROS2_Humble/install/polygon_plugins/share/polygon_plugins/local_setup.bash
[3.518s] -- Installing: /home/parallels/ros2_ws/ROS2_Humble/install/polygon_plugins/share/polygon_plugins/local_setup.sh
[3.518s] -- Installing: /home/parallels/ros2_ws/ROS2_Humble/install/polygon_plugins/share/polygon_plugins/local_setup.zsh
[3.518s] -- Installing: /home/parallels/ros2_ws/ROS2_Humble/install/polygon_plugins/share/polygon_plugins/local_setup.dsv
[3.518s] -- Installing: /home/parallels/ros2_ws/ROS2_Humble/install/polygon_plugins/share/polygon_plugins/package.dsv
[3.520s] -- Installing: /home/parallels/ros2_ws/ROS2_Humble/install/polygon_plugins/share/ament_index/resource_index/packages/polygon_plugins
[3.521s] -- Installing: /home/parallels/ros2_ws/ROS2_Humble/install/polygon_plugins/share/ament_index/resource_index/polygon_base__pluginlib__plugin/polygon_plugins
[3.521s] -- Installing: /home/parallels/ros2_ws/ROS2_Humble/install/polygon_plugins/share/polygon_plugins/cmake/export_polygon_pluginsExport.cmake
[3.521s] -- Installing: /home/parallels/ros2_ws/ROS2_Humble/install/polygon_plugins/share/polygon_plugins/cmake/export_polygon_pluginsExport-noconfig.cmake
[3.521s] -- Installing: /home/parallels/ros2_ws/ROS2_Humble/install/polygon_plugins/share/polygon_plugins/cmake/ament_cmake_export_include_directories-extras.cmake
[3.521s] -- Installing: /home/parallels/ros2_ws/ROS2_Humble/install/polygon_plugins/share/polygon_plugins/cmake/ament_cmake_export_libraries-extras.cmake
[3.521s] -- Installing: /home/parallels/ros2_ws/ROS2_Humble/install/polygon_plugins/share/polygon_plugins/cmake/ament_cmake_export_targets-extras.cmake
[3.521s] -- Installing: /home/parallels/ros2_ws/ROS2_Humble/install/polygon_plugins/share/polygon_plugins/cmake/polygon_pluginsConfig.cmake
[3.521s] -- Installing: /home/parallels/ros2_ws/ROS2_Humble/install/polygon_plugins/share/polygon_plugins/cmake/polygon_pluginsConfig-version.cmake
[3.522s] -- Installing: /home/parallels/ros2_ws/ROS2_Humble/install/polygon_plugins/share/polygon_plugins/package.xml
[3.522s] Invoked command in '/home/parallels/ros2_ws/ROS2_Humble/build/polygon_plugins' returned '0': AMENT_PREFIX_PATH=/home/parallels/ros2_ws/ROS2_Humble/install/polygon_base:${AMENT_PREFIX_PATH} CMAKE_PREFIX_PATH=/home/parallels/ros2_ws/ROS2_Humble/install/polygon_base:/home/parallels/ros2_humble/install/lifecycle_cpp:/home/parallels/ros2_ws/install/urdf_sim_tutorial:/home/parallels/ros2_ws/install/turtlecatch_bringup:/home/parallels/ros2_ws/install/polygon_plugins:/home/parallels/ros2_ws/install/polygon_base:/home/parallels/ros2_ws/install/my_robot_station_bringup:/home/parallels/ros2_ws/install/my_robot_bringup:/home/parallels/ros2_ws/install/my_cpp_pkg:/home/parallels/ros2_ws/install/actions_cpp:/home/parallels/ros2_ws/install/my_robot_interfaces:/home/parallels/ros2_ws/install/my_robot_bringup_gazebo:/home/parallels/ros2_ws/install/my_robot_description:/home/parallels/ros2_ws/install/add_two_ints_cpp:/usr:/home/parallels/ros2_humble/install/lifecycle_py:/home/parallels/ros2_ws/install/turtlesim_catch_them_all:/home/parallels/ros2_ws/install/number_counter:/home/parallels/ros2_ws/install/my_py_pkg:/home/parallels/ros2_ws/install/actions_py:/home/parallels/ros2_ws/install/add_two_ints:/opt/ros/humble /usr/bin/cmake --install /home/parallels/ros2_ws/ROS2_Humble/build/polygon_plugins
