[0.013s] Invoking command in '/home/parallels/ros2_ws/build/my_robot_bringup_gazebo': CMAKE_PREFIX_PATH=${CMAKE_PREFIX_PATH}:/home/parallels/ros2_ws/install/turtlesim_catch_them_all:/home/parallels/ros2_ws/install/number_counter:/home/parallels/ros2_ws/install/my_py_pkg:/home/parallels/ros2_ws/install/add_two_ints:/opt/ros/humble /usr/bin/cmake /home/parallels/ros2_ws/src/my_robot_bringup_gazebo -DCMAKE_INSTALL_PREFIX=/home/parallels/ros2_ws/install/my_robot_bringup_gazebo
[0.020s] -- Found ament_cmake: 1.3.11 (/opt/ros/humble/share/ament_cmake/cmake)
[0.095s] -- Override CMake install command with custom implementation using symlinks instead of copying resources
[0.145s] -- Configuring done
[0.146s] -- Generating done
[0.148s] -- Build files have been written to: /home/parallels/ros2_ws/build/my_robot_bringup_gazebo
[0.149s] Invoked command in '/home/parallels/ros2_ws/build/my_robot_bringup_gazebo' returned '0': CMAKE_PREFIX_PATH=${CMAKE_PREFIX_PATH}:/home/parallels/ros2_ws/install/turtlesim_catch_them_all:/home/parallels/ros2_ws/install/number_counter:/home/parallels/ros2_ws/install/my_py_pkg:/home/parallels/ros2_ws/install/add_two_ints:/opt/ros/humble /usr/bin/cmake /home/parallels/ros2_ws/src/my_robot_bringup_gazebo -DCMAKE_INSTALL_PREFIX=/home/parallels/ros2_ws/install/my_robot_bringup_gazebo
[0.150s] Invoking command in '/home/parallels/ros2_ws/build/my_robot_bringup_gazebo': CMAKE_PREFIX_PATH=${CMAKE_PREFIX_PATH}:/home/parallels/ros2_ws/install/turtlesim_catch_them_all:/home/parallels/ros2_ws/install/number_counter:/home/parallels/ros2_ws/install/my_py_pkg:/home/parallels/ros2_ws/install/add_two_ints:/opt/ros/humble /usr/bin/cmake --build /home/parallels/ros2_ws/build/my_robot_bringup_gazebo -- -j4 -l4
[0.177s] Invoked command in '/home/parallels/ros2_ws/build/my_robot_bringup_gazebo' returned '0': CMAKE_PREFIX_PATH=${CMAKE_PREFIX_PATH}:/home/parallels/ros2_ws/install/turtlesim_catch_them_all:/home/parallels/ros2_ws/install/number_counter:/home/parallels/ros2_ws/install/my_py_pkg:/home/parallels/ros2_ws/install/add_two_ints:/opt/ros/humble /usr/bin/cmake --build /home/parallels/ros2_ws/build/my_robot_bringup_gazebo -- -j4 -l4
[0.177s] Invoking command in '/home/parallels/ros2_ws/build/my_robot_bringup_gazebo': CMAKE_PREFIX_PATH=${CMAKE_PREFIX_PATH}:/home/parallels/ros2_ws/install/turtlesim_catch_them_all:/home/parallels/ros2_ws/install/number_counter:/home/parallels/ros2_ws/install/my_py_pkg:/home/parallels/ros2_ws/install/add_two_ints:/opt/ros/humble /usr/bin/cmake --install /home/parallels/ros2_ws/build/my_robot_bringup_gazebo
[0.180s] -- Install configuration: ""
[0.181s] -- Execute custom install script
[0.181s] -- Up-to-date symlink: /home/parallels/ros2_ws/install/my_robot_bringup_gazebo/share/my_robot_bringup_gazebo//launch/display.launch.xml
[0.181s] -- Up-to-date symlink: /home/parallels/ros2_ws/install/my_robot_bringup_gazebo/share/ament_index/resource_index/package_run_dependencies/my_robot_bringup_gazebo
[0.182s] -- Up-to-date symlink: /home/parallels/ros2_ws/install/my_robot_bringup_gazebo/share/ament_index/resource_index/parent_prefix_path/my_robot_bringup_gazebo
[0.182s] -- Up-to-date symlink: /home/parallels/ros2_ws/install/my_robot_bringup_gazebo/share/my_robot_bringup_gazebo/environment/ament_prefix_path.sh
[0.182s] -- Up-to-date symlink: /home/parallels/ros2_ws/install/my_robot_bringup_gazebo/share/my_robot_bringup_gazebo/environment/ament_prefix_path.dsv
[0.182s] -- Up-to-date symlink: /home/parallels/ros2_ws/install/my_robot_bringup_gazebo/share/my_robot_bringup_gazebo/environment/path.sh
[0.183s] -- Up-to-date symlink: /home/parallels/ros2_ws/install/my_robot_bringup_gazebo/share/my_robot_bringup_gazebo/environment/path.dsv
[0.183s] -- Up-to-date symlink: /home/parallels/ros2_ws/install/my_robot_bringup_gazebo/share/my_robot_bringup_gazebo/local_setup.bash
[0.183s] -- Up-to-date symlink: /home/parallels/ros2_ws/install/my_robot_bringup_gazebo/share/my_robot_bringup_gazebo/local_setup.sh
[0.183s] -- Up-to-date symlink: /home/parallels/ros2_ws/install/my_robot_bringup_gazebo/share/my_robot_bringup_gazebo/local_setup.zsh
[0.183s] -- Up-to-date symlink: /home/parallels/ros2_ws/install/my_robot_bringup_gazebo/share/my_robot_bringup_gazebo/local_setup.dsv
[0.183s] -- Symlinking: /home/parallels/ros2_ws/install/my_robot_bringup_gazebo/share/my_robot_bringup_gazebo/package.dsv
[0.188s] -- Up-to-date symlink: /home/parallels/ros2_ws/install/my_robot_bringup_gazebo/share/ament_index/resource_index/packages/my_robot_bringup_gazebo
[0.188s] -- Up-to-date symlink: /home/parallels/ros2_ws/install/my_robot_bringup_gazebo/share/my_robot_bringup_gazebo/cmake/my_robot_bringup_gazeboConfig.cmake
[0.188s] -- Up-to-date symlink: /home/parallels/ros2_ws/install/my_robot_bringup_gazebo/share/my_robot_bringup_gazebo/cmake/my_robot_bringup_gazeboConfig-version.cmake
[0.188s] -- Up-to-date symlink: /home/parallels/ros2_ws/install/my_robot_bringup_gazebo/share/my_robot_bringup_gazebo/package.xml
[0.189s] Invoked command in '/home/parallels/ros2_ws/build/my_robot_bringup_gazebo' returned '0': CMAKE_PREFIX_PATH=${CMAKE_PREFIX_PATH}:/home/parallels/ros2_ws/install/turtlesim_catch_them_all:/home/parallels/ros2_ws/install/number_counter:/home/parallels/ros2_ws/install/my_py_pkg:/home/parallels/ros2_ws/install/add_two_ints:/opt/ros/humble /usr/bin/cmake --install /home/parallels/ros2_ws/build/my_robot_bringup_gazebo
