[0.012s] Invoking command in '/home/parallels/ros2_ws/build/diff_drive_controller': AMENT_PREFIX_PATH=/home/parallels/ros2_ws/install/controller_manager:/home/parallels/ros2_ws/install/hardware_interface_testing:/home/parallels/ros2_ws/install/controller_interface:/home/parallels/ros2_ws/install/hardware_interface:/home/parallels/ros2_ws/install/ros2_control_test_assets:/home/parallels/ros2_ws/install/controller_manager_msgs:${AMENT_PREFIX_PATH} CMAKE_PREFIX_PATH=/home/parallels/ros2_ws/install/controller_manager:/home/parallels/ros2_ws/install/hardware_interface_testing:/home/parallels/ros2_ws/install/controller_interface:/home/parallels/ros2_ws/install/hardware_interface:/home/parallels/ros2_ws/install/ros2_control_test_assets:/home/parallels/ros2_ws/install/controller_manager_msgs:/usr:/opt/ros/humble LD_LIBRARY_PATH=/home/parallels/ros2_ws/install/controller_manager/lib:/home/parallels/ros2_ws/install/hardware_interface_testing/lib:/home/parallels/ros2_ws/install/controller_interface/lib:/home/parallels/ros2_ws/install/hardware_interface/lib:/home/parallels/ros2_ws/install/controller_manager_msgs/lib:${LD_LIBRARY_PATH} PYTHONPATH=/home/parallels/ros2_ws/install/controller_manager/local/lib/python3.10/dist-packages:/home/parallels/ros2_ws/install/controller_manager_msgs/local/lib/python3.10/dist-packages:${PYTHONPATH} /usr/bin/cmake /home/parallels/ros2_ws/src/ros2_controllers/diff_drive_controller -DCMAKE_INSTALL_PREFIX=/home/parallels/ros2_ws/install/diff_drive_controller
[0.061s] -- The CXX compiler identification is GNU 11.4.0
[0.070s] -- Detecting CXX compiler ABI info
[0.135s] -- Detecting CXX compiler ABI info - done
[0.139s] -- Check for working CXX compiler: /usr/bin/c++ - skipped
[0.140s] -- Detecting CXX compile features
[0.141s] -- Detecting CXX compile features - done
[0.162s] -- Found ament_cmake: 1.3.11 (/opt/ros/humble/share/ament_cmake/cmake)
[0.262s] -- Found Python3: /usr/bin/python3 (found version "3.10.12") found components: Interpreter 
[0.399s] -- Found controller_interface: 2.41.0 (/home/parallels/ros2_ws/install/controller_interface/share/controller_interface/cmake)
[0.477s] -- Found rosidl_generator_c: 3.1.6 (/opt/ros/humble/share/rosidl_generator_c/cmake)
[0.489s] -- Found rosidl_adapter: 3.1.6 (/opt/ros/humble/share/rosidl_adapter/cmake)
[0.503s] -- Found rosidl_generator_cpp: 3.1.6 (/opt/ros/humble/share/rosidl_generator_cpp/cmake)
[0.524s] -- Using all available rosidl_typesupport_c: rosidl_typesupport_fastrtps_c;rosidl_typesupport_introspection_c
[0.547s] -- Using all available rosidl_typesupport_cpp: rosidl_typesupport_fastrtps_cpp;rosidl_typesupport_introspection_cpp
[0.805s] -- Found rmw_implementation_cmake: 6.1.2 (/opt/ros/humble/share/rmw_implementation_cmake/cmake)
[0.811s] -- Found rmw_fastrtps_cpp: 6.2.7 (/opt/ros/humble/share/rmw_fastrtps_cpp/cmake)
[0.852s] -- Found TinyXML2 via Config file: TinyXML2_DIR-NOTFOUND
[0.897s] -- Found OpenSSL: /usr/lib/aarch64-linux-gnu/libcrypto.so (found version "3.0.2")  
[0.900s] -- Found TinyXML2 via Config file: TinyXML2_DIR-NOTFOUND
[0.913s] -- Found FastRTPS: /opt/ros/humble/include  
[0.915s] -- Found TinyXML2 via Config file: TinyXML2_DIR-NOTFOUND
[0.920s] -- Found TinyXML2 via Config file: TinyXML2_DIR-NOTFOUND
[0.925s] -- Using RMW implementation 'rmw_fastrtps_cpp' as default
[0.941s] -- Looking for C++ include pthread.h
[1.006s] -- Looking for C++ include pthread.h - found
[1.006s] -- Performing Test CMAKE_HAVE_LIBC_PTHREAD
[1.066s] -- Performing Test CMAKE_HAVE_LIBC_PTHREAD - Success
[1.067s] -- Found Threads: TRUE  
[1.122s] -- Found generate_parameter_library: 0.3.9 (/opt/ros/humble/share/generate_parameter_library/cmake)
[1.127s] -- Found parameter_traits: 0.3.9 (/opt/ros/humble/share/parameter_traits/cmake)
[1.155s] -- Found nav_msgs: 4.2.4 (/opt/ros/humble/share/nav_msgs/cmake)
[1.172s] -- Found realtime_tools: 2.8.1 (/opt/ros/humble/share/realtime_tools/cmake)
[1.199s] -- Found tf2: 0.25.9 (/opt/ros/humble/share/tf2/cmake)
[1.206s] -- Found tf2_msgs: 0.25.9 (/opt/ros/humble/share/tf2_msgs/cmake)
[1.234s] -- Found ament_cmake_gmock: 1.3.11 (/opt/ros/humble/share/ament_cmake_gmock/cmake)
[1.235s] -- Found controller_manager: 2.41.0 (/home/parallels/ros2_ws/install/controller_manager/share/controller_manager/cmake)
[1.252s] -- Found ros2_control_test_assets: 2.41.0 (/home/parallels/ros2_ws/install/ros2_control_test_assets/share/ros2_control_test_assets/cmake)
[1.257s] -- Found gmock sources under '/opt/ros/humble/src/gmock_vendor': C++ tests using 'Google Mock' will be built
[1.287s] -- The C compiler identification is GNU 11.4.0
[1.300s] -- Detecting C compiler ABI info
[1.389s] -- Detecting C compiler ABI info - done
[1.402s] -- Check for working C compiler: /usr/bin/cc - skipped
[1.402s] -- Detecting C compile features
[1.402s] -- Detecting C compile features - done
[1.413s] -- Found ament_cmake_gtest: 1.3.11 (/opt/ros/humble/share/ament_cmake_gtest/cmake)
[1.414s] -- Found gtest sources under '/opt/ros/humble/src/gtest_vendor': C++ tests using 'Google Test' will be built
[1.486s] -- Configuring done
[1.544s] -- Generating done
[1.551s] -- Build files have been written to: /home/parallels/ros2_ws/build/diff_drive_controller
[1.561s] Invoked command in '/home/parallels/ros2_ws/build/diff_drive_controller' returned '0': AMENT_PREFIX_PATH=/home/parallels/ros2_ws/install/controller_manager:/home/parallels/ros2_ws/install/hardware_interface_testing:/home/parallels/ros2_ws/install/controller_interface:/home/parallels/ros2_ws/install/hardware_interface:/home/parallels/ros2_ws/install/ros2_control_test_assets:/home/parallels/ros2_ws/install/controller_manager_msgs:${AMENT_PREFIX_PATH} CMAKE_PREFIX_PATH=/home/parallels/ros2_ws/install/controller_manager:/home/parallels/ros2_ws/install/hardware_interface_testing:/home/parallels/ros2_ws/install/controller_interface:/home/parallels/ros2_ws/install/hardware_interface:/home/parallels/ros2_ws/install/ros2_control_test_assets:/home/parallels/ros2_ws/install/controller_manager_msgs:/usr:/opt/ros/humble LD_LIBRARY_PATH=/home/parallels/ros2_ws/install/controller_manager/lib:/home/parallels/ros2_ws/install/hardware_interface_testing/lib:/home/parallels/ros2_ws/install/controller_interface/lib:/home/parallels/ros2_ws/install/hardware_interface/lib:/home/parallels/ros2_ws/install/controller_manager_msgs/lib:${LD_LIBRARY_PATH} PYTHONPATH=/home/parallels/ros2_ws/install/controller_manager/local/lib/python3.10/dist-packages:/home/parallels/ros2_ws/install/controller_manager_msgs/local/lib/python3.10/dist-packages:${PYTHONPATH} /usr/bin/cmake /home/parallels/ros2_ws/src/ros2_controllers/diff_drive_controller -DCMAKE_INSTALL_PREFIX=/home/parallels/ros2_ws/install/diff_drive_controller
[1.561s] Invoking command in '/home/parallels/ros2_ws/build/diff_drive_controller': AMENT_PREFIX_PATH=/home/parallels/ros2_ws/install/controller_manager:/home/parallels/ros2_ws/install/hardware_interface_testing:/home/parallels/ros2_ws/install/controller_interface:/home/parallels/ros2_ws/install/hardware_interface:/home/parallels/ros2_ws/install/ros2_control_test_assets:/home/parallels/ros2_ws/install/controller_manager_msgs:${AMENT_PREFIX_PATH} CMAKE_PREFIX_PATH=/home/parallels/ros2_ws/install/controller_manager:/home/parallels/ros2_ws/install/hardware_interface_testing:/home/parallels/ros2_ws/install/controller_interface:/home/parallels/ros2_ws/install/hardware_interface:/home/parallels/ros2_ws/install/ros2_control_test_assets:/home/parallels/ros2_ws/install/controller_manager_msgs:/usr:/opt/ros/humble LD_LIBRARY_PATH=/home/parallels/ros2_ws/install/controller_manager/lib:/home/parallels/ros2_ws/install/hardware_interface_testing/lib:/home/parallels/ros2_ws/install/controller_interface/lib:/home/parallels/ros2_ws/install/hardware_interface/lib:/home/parallels/ros2_ws/install/controller_manager_msgs/lib:${LD_LIBRARY_PATH} PYTHONPATH=/home/parallels/ros2_ws/install/controller_manager/local/lib/python3.10/dist-packages:/home/parallels/ros2_ws/install/controller_manager_msgs/local/lib/python3.10/dist-packages:${PYTHONPATH} /usr/bin/cmake --build /home/parallels/ros2_ws/build/diff_drive_controller -- -j4 -l4
[1.602s] [  7%] [34m[1mRunning `/opt/ros/humble/bin/generate_parameter_library_cpp /home/parallels/ros2_ws/build/diff_drive_controller/diff_drive_controller_parameters/include//diff_drive_controller_parameters.hpp /home/parallels/ros2_ws/src/ros2_controllers/diff_drive_controller/src/diff_drive_controller_parameter.yaml `[0m
[2.080s] [  7%] Built target diff_drive_controller_parameters
[2.110s] [ 14%] [32mBuilding CXX object gmock/CMakeFiles/gmock.dir/opt/ros/humble/src/gtest_vendor/src/gtest-all.cc.o[0m
[3.747s] [ 21%] [32mBuilding CXX object gmock/CMakeFiles/gmock.dir/src/gmock-all.cc.o[0m
[4.658s] [ 28%] [32m[1mLinking CXX static library libgmock.a[0m
[4.707s] [ 28%] Built target gmock
[4.722s] [ 35%] [32mBuilding CXX object CMakeFiles/diff_drive_controller.dir/src/diff_drive_controller.cpp.o[0m
[12.098s] [ 42%] [32mBuilding CXX object CMakeFiles/diff_drive_controller.dir/src/odometry.cpp.o[0m
[12.508s] [ 50%] [32mBuilding CXX object CMakeFiles/diff_drive_controller.dir/src/speed_limiter.cpp.o[0m
[12.752s] [ 57%] [32m[1mLinking CXX shared library libdiff_drive_controller.so[0m
[13.335s] [ 57%] Built target diff_drive_controller
[13.348s] [ 64%] [32mBuilding CXX object CMakeFiles/test_load_diff_drive_controller.dir/test/test_load_diff_drive_controller.cpp.o[0m
[16.323s] [ 71%] [32m[1mLinking CXX executable test_load_diff_drive_controller[0m
[16.772s] [ 71%] Built target test_load_diff_drive_controller
[16.782s] [ 78%] [32mBuilding CXX object gmock/CMakeFiles/gmock_main.dir/src/gmock_main.cc.o[0m
[17.360s] [ 85%] [32m[1mLinking CXX static library libgmock_main.a[0m
[17.376s] [ 85%] Built target gmock_main
[17.387s] [ 92%] [32mBuilding CXX object CMakeFiles/test_diff_drive_controller.dir/test/test_diff_drive_controller.cpp.o[0m
[21.597s] [100%] [32m[1mLinking CXX executable test_diff_drive_controller[0m
[22.191s] [100%] Built target test_diff_drive_controller
[22.207s] Invoked command in '/home/parallels/ros2_ws/build/diff_drive_controller' returned '0': AMENT_PREFIX_PATH=/home/parallels/ros2_ws/install/controller_manager:/home/parallels/ros2_ws/install/hardware_interface_testing:/home/parallels/ros2_ws/install/controller_interface:/home/parallels/ros2_ws/install/hardware_interface:/home/parallels/ros2_ws/install/ros2_control_test_assets:/home/parallels/ros2_ws/install/controller_manager_msgs:${AMENT_PREFIX_PATH} CMAKE_PREFIX_PATH=/home/parallels/ros2_ws/install/controller_manager:/home/parallels/ros2_ws/install/hardware_interface_testing:/home/parallels/ros2_ws/install/controller_interface:/home/parallels/ros2_ws/install/hardware_interface:/home/parallels/ros2_ws/install/ros2_control_test_assets:/home/parallels/ros2_ws/install/controller_manager_msgs:/usr:/opt/ros/humble LD_LIBRARY_PATH=/home/parallels/ros2_ws/install/controller_manager/lib:/home/parallels/ros2_ws/install/hardware_interface_testing/lib:/home/parallels/ros2_ws/install/controller_interface/lib:/home/parallels/ros2_ws/install/hardware_interface/lib:/home/parallels/ros2_ws/install/controller_manager_msgs/lib:${LD_LIBRARY_PATH} PYTHONPATH=/home/parallels/ros2_ws/install/controller_manager/local/lib/python3.10/dist-packages:/home/parallels/ros2_ws/install/controller_manager_msgs/local/lib/python3.10/dist-packages:${PYTHONPATH} /usr/bin/cmake --build /home/parallels/ros2_ws/build/diff_drive_controller -- -j4 -l4
[22.207s] Invoking command in '/home/parallels/ros2_ws/build/diff_drive_controller': AMENT_PREFIX_PATH=/home/parallels/ros2_ws/install/controller_manager:/home/parallels/ros2_ws/install/hardware_interface_testing:/home/parallels/ros2_ws/install/controller_interface:/home/parallels/ros2_ws/install/hardware_interface:/home/parallels/ros2_ws/install/ros2_control_test_assets:/home/parallels/ros2_ws/install/controller_manager_msgs:${AMENT_PREFIX_PATH} CMAKE_PREFIX_PATH=/home/parallels/ros2_ws/install/controller_manager:/home/parallels/ros2_ws/install/hardware_interface_testing:/home/parallels/ros2_ws/install/controller_interface:/home/parallels/ros2_ws/install/hardware_interface:/home/parallels/ros2_ws/install/ros2_control_test_assets:/home/parallels/ros2_ws/install/controller_manager_msgs:/usr:/opt/ros/humble LD_LIBRARY_PATH=/home/parallels/ros2_ws/install/controller_manager/lib:/home/parallels/ros2_ws/install/hardware_interface_testing/lib:/home/parallels/ros2_ws/install/controller_interface/lib:/home/parallels/ros2_ws/install/hardware_interface/lib:/home/parallels/ros2_ws/install/controller_manager_msgs/lib:${LD_LIBRARY_PATH} PYTHONPATH=/home/parallels/ros2_ws/install/controller_manager/local/lib/python3.10/dist-packages:/home/parallels/ros2_ws/install/controller_manager_msgs/local/lib/python3.10/dist-packages:${PYTHONPATH} /usr/bin/cmake --install /home/parallels/ros2_ws/build/diff_drive_controller
[22.212s] -- Install configuration: ""
[22.212s] -- Installing: /home/parallels/ros2_ws/install/diff_drive_controller/include/diff_drive_controller_parameters
[22.212s] -- Installing: /home/parallels/ros2_ws/install/diff_drive_controller/include/diff_drive_controller_parameters/diff_drive_controller_parameters.hpp
[22.212s] -- Installing: /home/parallels/ros2_ws/install/diff_drive_controller/share/diff_drive_controller/diff_drive_plugin.xml
[22.212s] -- Installing: /home/parallels/ros2_ws/install/diff_drive_controller/include/diff_drive_controller
[22.212s] -- Installing: /home/parallels/ros2_ws/install/diff_drive_controller/include/diff_drive_controller/diff_drive_controller
[22.212s] -- Installing: /home/parallels/ros2_ws/install/diff_drive_controller/include/diff_drive_controller/diff_drive_controller/diff_drive_controller.hpp
[22.212s] -- Installing: /home/parallels/ros2_ws/install/diff_drive_controller/include/diff_drive_controller/diff_drive_controller/odometry.hpp
[22.212s] -- Installing: /home/parallels/ros2_ws/install/diff_drive_controller/include/diff_drive_controller/diff_drive_controller/visibility_control.h
[22.212s] -- Installing: /home/parallels/ros2_ws/install/diff_drive_controller/include/diff_drive_controller/diff_drive_controller/speed_limiter.hpp
[22.212s] -- Installing: /home/parallels/ros2_ws/install/diff_drive_controller/lib/libdiff_drive_controller.so
[22.217s] -- Set runtime path of "/home/parallels/ros2_ws/install/diff_drive_controller/lib/libdiff_drive_controller.so" to ""
[22.217s] -- Installing: /home/parallels/ros2_ws/install/diff_drive_controller/share/diff_drive_controller/environment/library_path.sh
[22.218s] -- Installing: /home/parallels/ros2_ws/install/diff_drive_controller/share/diff_drive_controller/environment/library_path.dsv
[22.218s] -- Installing: /home/parallels/ros2_ws/install/diff_drive_controller/share/ament_index/resource_index/package_run_dependencies/diff_drive_controller
[22.218s] -- Installing: /home/parallels/ros2_ws/install/diff_drive_controller/share/ament_index/resource_index/parent_prefix_path/diff_drive_controller
[22.218s] -- Installing: /home/parallels/ros2_ws/install/diff_drive_controller/share/diff_drive_controller/environment/ament_prefix_path.sh
[22.218s] -- Installing: /home/parallels/ros2_ws/install/diff_drive_controller/share/diff_drive_controller/environment/ament_prefix_path.dsv
[22.218s] -- Installing: /home/parallels/ros2_ws/install/diff_drive_controller/share/diff_drive_controller/environment/path.sh
[22.218s] -- Installing: /home/parallels/ros2_ws/install/diff_drive_controller/share/diff_drive_controller/environment/path.dsv
[22.218s] -- Installing: /home/parallels/ros2_ws/install/diff_drive_controller/share/diff_drive_controller/local_setup.bash
[22.218s] -- Installing: /home/parallels/ros2_ws/install/diff_drive_controller/share/diff_drive_controller/local_setup.sh
[22.219s] -- Installing: /home/parallels/ros2_ws/install/diff_drive_controller/share/diff_drive_controller/local_setup.zsh
[22.219s] -- Installing: /home/parallels/ros2_ws/install/diff_drive_controller/share/diff_drive_controller/local_setup.dsv
[22.219s] -- Installing: /home/parallels/ros2_ws/install/diff_drive_controller/share/diff_drive_controller/package.dsv
[22.219s] -- Installing: /home/parallels/ros2_ws/install/diff_drive_controller/share/ament_index/resource_index/packages/diff_drive_controller
[22.219s] -- Installing: /home/parallels/ros2_ws/install/diff_drive_controller/share/ament_index/resource_index/controller_interface__pluginlib__plugin/diff_drive_controller
[22.219s] -- Installing: /home/parallels/ros2_ws/install/diff_drive_controller/share/diff_drive_controller/cmake/export_diff_drive_controllerExport.cmake
[22.219s] -- Installing: /home/parallels/ros2_ws/install/diff_drive_controller/share/diff_drive_controller/cmake/export_diff_drive_controllerExport-noconfig.cmake
[22.219s] -- Installing: /home/parallels/ros2_ws/install/diff_drive_controller/share/diff_drive_controller/cmake/ament_cmake_export_targets-extras.cmake
[22.219s] -- Installing: /home/parallels/ros2_ws/install/diff_drive_controller/share/diff_drive_controller/cmake/ament_cmake_export_dependencies-extras.cmake
[22.219s] -- Installing: /home/parallels/ros2_ws/install/diff_drive_controller/share/diff_drive_controller/cmake/diff_drive_controllerConfig.cmake
[22.219s] -- Installing: /home/parallels/ros2_ws/install/diff_drive_controller/share/diff_drive_controller/cmake/diff_drive_controllerConfig-version.cmake
[22.219s] -- Installing: /home/parallels/ros2_ws/install/diff_drive_controller/share/diff_drive_controller/package.xml
[22.227s] Invoked command in '/home/parallels/ros2_ws/build/diff_drive_controller' returned '0': AMENT_PREFIX_PATH=/home/parallels/ros2_ws/install/controller_manager:/home/parallels/ros2_ws/install/hardware_interface_testing:/home/parallels/ros2_ws/install/controller_interface:/home/parallels/ros2_ws/install/hardware_interface:/home/parallels/ros2_ws/install/ros2_control_test_assets:/home/parallels/ros2_ws/install/controller_manager_msgs:${AMENT_PREFIX_PATH} CMAKE_PREFIX_PATH=/home/parallels/ros2_ws/install/controller_manager:/home/parallels/ros2_ws/install/hardware_interface_testing:/home/parallels/ros2_ws/install/controller_interface:/home/parallels/ros2_ws/install/hardware_interface:/home/parallels/ros2_ws/install/ros2_control_test_assets:/home/parallels/ros2_ws/install/controller_manager_msgs:/usr:/opt/ros/humble LD_LIBRARY_PATH=/home/parallels/ros2_ws/install/controller_manager/lib:/home/parallels/ros2_ws/install/hardware_interface_testing/lib:/home/parallels/ros2_ws/install/controller_interface/lib:/home/parallels/ros2_ws/install/hardware_interface/lib:/home/parallels/ros2_ws/install/controller_manager_msgs/lib:${LD_LIBRARY_PATH} PYTHONPATH=/home/parallels/ros2_ws/install/controller_manager/local/lib/python3.10/dist-packages:/home/parallels/ros2_ws/install/controller_manager_msgs/local/lib/python3.10/dist-packages:${PYTHONPATH} /usr/bin/cmake --install /home/parallels/ros2_ws/build/diff_drive_controller
