[0.030s] Invoking command in '/home/parallels/ros2_ws/build/polygon_plugins': CMAKE_PREFIX_PATH=/home/parallels/ros2_ws/install/polygon_base:/home/parallels/ros2_ws/install/urdf_sim_tutorial:/home/parallels/ros2_ws/install/turtlecatch_bringup:/home/parallels/ros2_ws/install/polygon_plugins:/home/parallels/ros2_ws/install/my_robot_station_bringup:/home/parallels/ros2_ws/install/my_robot_bringup:/home/parallels/ros2_ws/install/my_cpp_pkg:/home/parallels/ros2_ws/install/my_robot_interfaces:/home/parallels/ros2_ws/install/my_robot_bringup_gazebo:/home/parallels/ros2_ws/install/my_robot_description:/home/parallels/ros2_ws/install/add_two_ints_cpp:/usr:/home/parallels/ros2_ws/install/turtlesim_catch_them_all:/home/parallels/ros2_ws/install/number_counter:/home/parallels/ros2_ws/install/my_py_pkg:/home/parallels/ros2_ws/install/add_two_ints:/opt/ros/humble /usr/bin/cmake /home/parallels/ros2_ws/src/polygon_plugins -DCMAKE_INSTALL_PREFIX=/home/parallels/ros2_ws/install/polygon_plugins
[0.079s] -- The C compiler identification is GNU 11.4.0
[0.118s] -- The CXX compiler identification is GNU 11.4.0
[0.121s] -- Detecting C compiler ABI info
[0.179s] -- Detecting C compiler ABI info - done
[0.182s] -- Check for working C compiler: /usr/bin/cc - skipped
[0.182s] -- Detecting C compile features
[0.183s] -- Detecting C compile features - done
[0.184s] -- Detecting CXX compiler ABI info
[0.235s] -- Detecting CXX compiler ABI info - done
[0.239s] -- Check for working CXX compiler: /usr/bin/c++ - skipped
[0.239s] -- Detecting CXX compile features
[0.239s] -- Detecting CXX compile features - done
[0.245s] -- Found ament_cmake: 1.3.11 (/opt/ros/humble/share/ament_cmake/cmake)
[0.347s] -- Found Python3: /usr/bin/python3 (found version "3.10.12") found components: Interpreter 
[0.468s] -- Found ament_cmake_ros: 0.10.0 (/opt/ros/humble/share/ament_cmake_ros/cmake)
[0.484s] -- Found polygon_base: 0.0.0 (/home/parallels/ros2_ws/install/polygon_base/share/polygon_base/cmake)
[0.489s] -- Found pluginlib: 5.1.0 (/opt/ros/humble/share/pluginlib/cmake)
[0.541s] -- Found ament_lint_auto: 0.12.12 (/opt/ros/humble/share/ament_lint_auto/cmake)
[0.610s] -- Added test 'cppcheck' to perform static code analysis on C / C++ code
[0.610s] -- Configured cppcheck include dirs: $<BUILD_INTERFACE:/home/parallels/ros2_ws/src/polygon_plugins/include>
[0.610s] -- Configured cppcheck exclude dirs and/or files: 
[0.610s] -- Added test 'lint_cmake' to check CMake code style
[0.611s] -- Added test 'uncrustify' to check C / C++ code style
[0.611s] -- Configured uncrustify additional arguments: 
[0.611s] -- Added test 'xmllint' to check XML markup files
[0.612s] -- Configuring done
[0.615s] -- Generating done
[0.616s] -- Build files have been written to: /home/parallels/ros2_ws/build/polygon_plugins
