[0.006s] Invoking command in '/home/parallels/ros2_ws/build/add_two_ints_cpp': CMAKE_PREFIX_PATH=${CMAKE_PREFIX_PATH}:/opt/ros/humble /usr/bin/cmake --build /home/parallels/ros2_ws/build/add_two_ints_cpp -- -j4 -l4
[0.031s] [35m[1mConsolidate compiler generated dependencies of target add_two_ints_client[0m
[0.034s] [35m[1mConsolidate compiler generated dependencies of target add_two_ints_client_no_oop[0m
[0.035s] [35m[1mConsolidate compiler generated dependencies of target add_two_ints_server_cpp[0m
[0.041s] [ 33%] Built target add_two_ints_client
[0.042s] [ 66%] Built target add_two_ints_client_no_oop
[0.042s] [100%] Built target add_two_ints_server_cpp
[0.046s] Invoked command in '/home/parallels/ros2_ws/build/add_two_ints_cpp' returned '0': CMAKE_PREFIX_PATH=${CMAKE_PREFIX_PATH}:/opt/ros/humble /usr/bin/cmake --build /home/parallels/ros2_ws/build/add_two_ints_cpp -- -j4 -l4
[0.050s] Invoking command in '/home/parallels/ros2_ws/build/add_two_ints_cpp': CMAKE_PREFIX_PATH=${CMAKE_PREFIX_PATH}:/opt/ros/humble /usr/bin/cmake --install /home/parallels/ros2_ws/build/add_two_ints_cpp
[0.052s] -- Install configuration: ""
[0.054s] -- Up-to-date: /home/parallels/ros2_ws/install/add_two_ints_cpp/lib/add_two_ints_cpp/add_two_ints_server_cpp
[0.055s] -- Up-to-date: /home/parallels/ros2_ws/install/add_two_ints_cpp/lib/add_two_ints_cpp/add_two_ints_client_no_oop
[0.055s] -- Up-to-date: /home/parallels/ros2_ws/install/add_two_ints_cpp/lib/add_two_ints_cpp/add_two_ints_client
[0.056s] -- Up-to-date: /home/parallels/ros2_ws/install/add_two_ints_cpp/share/ament_index/resource_index/package_run_dependencies/add_two_ints_cpp
[0.056s] -- Up-to-date: /home/parallels/ros2_ws/install/add_two_ints_cpp/share/ament_index/resource_index/parent_prefix_path/add_two_ints_cpp
[0.056s] -- Up-to-date: /home/parallels/ros2_ws/install/add_two_ints_cpp/share/add_two_ints_cpp/environment/ament_prefix_path.sh
[0.056s] -- Up-to-date: /home/parallels/ros2_ws/install/add_two_ints_cpp/share/add_two_ints_cpp/environment/ament_prefix_path.dsv
[0.056s] -- Up-to-date: /home/parallels/ros2_ws/install/add_two_ints_cpp/share/add_two_ints_cpp/environment/path.sh
[0.056s] -- Up-to-date: /home/parallels/ros2_ws/install/add_two_ints_cpp/share/add_two_ints_cpp/environment/path.dsv
[0.057s] -- Up-to-date: /home/parallels/ros2_ws/install/add_two_ints_cpp/share/add_two_ints_cpp/local_setup.bash
[0.057s] -- Up-to-date: /home/parallels/ros2_ws/install/add_two_ints_cpp/share/add_two_ints_cpp/local_setup.sh
[0.057s] -- Up-to-date: /home/parallels/ros2_ws/install/add_two_ints_cpp/share/add_two_ints_cpp/local_setup.zsh
[0.057s] -- Up-to-date: /home/parallels/ros2_ws/install/add_two_ints_cpp/share/add_two_ints_cpp/local_setup.dsv
[0.057s] -- Installing: /home/parallels/ros2_ws/install/add_two_ints_cpp/share/add_two_ints_cpp/package.dsv
[0.057s] -- Up-to-date: /home/parallels/ros2_ws/install/add_two_ints_cpp/share/ament_index/resource_index/packages/add_two_ints_cpp
[0.057s] -- Up-to-date: /home/parallels/ros2_ws/install/add_two_ints_cpp/share/add_two_ints_cpp/cmake/add_two_ints_cppConfig.cmake
[0.057s] -- Up-to-date: /home/parallels/ros2_ws/install/add_two_ints_cpp/share/add_two_ints_cpp/cmake/add_two_ints_cppConfig-version.cmake
[0.057s] -- Up-to-date: /home/parallels/ros2_ws/install/add_two_ints_cpp/share/add_two_ints_cpp/package.xml
[0.058s] Invoked command in '/home/parallels/ros2_ws/build/add_two_ints_cpp' returned '0': CMAKE_PREFIX_PATH=${CMAKE_PREFIX_PATH}:/opt/ros/humble /usr/bin/cmake --install /home/parallels/ros2_ws/build/add_two_ints_cpp
