[0.209s] Invoking command in '/home/parallels/ros2_ws/build/add_two_ints_cpp': CMAKE_PREFIX_PATH=${CMAKE_PREFIX_PATH}:/home/parallels/ros2_ws/install/turtlesim_catch_them_all:/home/parallels/ros2_ws/install/number_counter:/home/parallels/ros2_ws/install/my_py_pkg:/home/parallels/ros2_ws/install/add_two_ints:/opt/ros/humble /usr/bin/cmake /home/parallels/ros2_ws/src/add_two_ints_cpp -DCMAKE_INSTALL_PREFIX=/home/parallels/ros2_ws/install/add_two_ints_cpp
[0.390s] -- The C compiler identification is GNU 11.4.0
[0.391s] -- The CXX compiler identification is GNU 11.4.0
[0.391s] -- Detecting C compiler ABI info
[0.391s] -- Detecting C compiler ABI info - done
[0.391s] -- Check for working C compiler: /usr/bin/cc - skipped
[0.391s] -- Detecting C compile features
[0.391s] -- Detecting C compile features - done
[0.391s] -- Detecting CXX compiler ABI info
[0.432s] -- Detecting CXX compiler ABI info - done
[0.440s] -- Check for working CXX compiler: /usr/bin/c++ - skipped
[0.440s] -- Detecting CXX compile features
[0.440s] -- Detecting CXX compile features - done
[0.443s] -- Found ament_cmake: 1.3.11 (/opt/ros/humble/share/ament_cmake/cmake)
[0.633s] -- Found Python3: /usr/bin/python3 (found version "3.10.12") found components: Interpreter 
[0.782s] -- Found rclcpp: 16.0.12 (/opt/ros/humble/share/rclcpp/cmake)
[0.865s] -- Found rosidl_generator_c: 3.1.6 (/opt/ros/humble/share/rosidl_generator_c/cmake)
[0.877s] -- Found rosidl_adapter: 3.1.6 (/opt/ros/humble/share/rosidl_adapter/cmake)
[0.891s] -- Found rosidl_generator_cpp: 3.1.6 (/opt/ros/humble/share/rosidl_generator_cpp/cmake)
[0.907s] -- Using all available rosidl_typesupport_c: rosidl_typesupport_fastrtps_c;rosidl_typesupport_introspection_c
[0.937s] -- Using all available rosidl_typesupport_cpp: rosidl_typesupport_fastrtps_cpp;rosidl_typesupport_introspection_cpp
[1.030s] -- Found rmw_implementation_cmake: 6.1.2 (/opt/ros/humble/share/rmw_implementation_cmake/cmake)
[1.038s] -- Found rmw_fastrtps_cpp: 6.2.7 (/opt/ros/humble/share/rmw_fastrtps_cpp/cmake)
[1.136s] -- Found OpenSSL: /usr/lib/aarch64-linux-gnu/libcrypto.so (found version "3.0.2")  
[1.158s] -- Found FastRTPS: /opt/ros/humble/include  
[1.187s] -- Using RMW implementation 'rmw_fastrtps_cpp' as default
[1.200s] -- Looking for pthread.h
[1.241s] -- Looking for pthread.h - found
[1.241s] -- Performing Test CMAKE_HAVE_LIBC_PTHREAD
[1.286s] -- Performing Test CMAKE_HAVE_LIBC_PTHREAD - Success
[1.286s] -- Found Threads: TRUE  
[1.360s] -- Found example_interfaces: 0.9.3 (/opt/ros/humble/share/example_interfaces/cmake)
[1.461s] -- Configuring done
[1.473s] -- Generating done
[1.476s] -- Build files have been written to: /home/parallels/ros2_ws/build/add_two_ints_cpp
[1.482s] Invoked command in '/home/parallels/ros2_ws/build/add_two_ints_cpp' returned '0': CMAKE_PREFIX_PATH=${CMAKE_PREFIX_PATH}:/home/parallels/ros2_ws/install/turtlesim_catch_them_all:/home/parallels/ros2_ws/install/number_counter:/home/parallels/ros2_ws/install/my_py_pkg:/home/parallels/ros2_ws/install/add_two_ints:/opt/ros/humble /usr/bin/cmake /home/parallels/ros2_ws/src/add_two_ints_cpp -DCMAKE_INSTALL_PREFIX=/home/parallels/ros2_ws/install/add_two_ints_cpp
[1.483s] Invoking command in '/home/parallels/ros2_ws/build/add_two_ints_cpp': CMAKE_PREFIX_PATH=${CMAKE_PREFIX_PATH}:/home/parallels/ros2_ws/install/turtlesim_catch_them_all:/home/parallels/ros2_ws/install/number_counter:/home/parallels/ros2_ws/install/my_py_pkg:/home/parallels/ros2_ws/install/add_two_ints:/opt/ros/humble /usr/bin/cmake --build /home/parallels/ros2_ws/build/add_two_ints_cpp -- -j8 -l8
[1.504s] [35m[1mConsolidate compiler generated dependencies of target add_two_ints_client_no_oop[0m
[1.506s] [35m[1mConsolidate compiler generated dependencies of target add_two_ints_client[0m
[1.507s] [35m[1mConsolidate compiler generated dependencies of target add_two_ints_server_cpp[0m
[1.519s] [ 33%] Built target add_two_ints_client
[1.521s] [ 66%] Built target add_two_ints_client_no_oop
[1.521s] [100%] Built target add_two_ints_server_cpp
[1.534s] Invoked command in '/home/parallels/ros2_ws/build/add_two_ints_cpp' returned '0': CMAKE_PREFIX_PATH=${CMAKE_PREFIX_PATH}:/home/parallels/ros2_ws/install/turtlesim_catch_them_all:/home/parallels/ros2_ws/install/number_counter:/home/parallels/ros2_ws/install/my_py_pkg:/home/parallels/ros2_ws/install/add_two_ints:/opt/ros/humble /usr/bin/cmake --build /home/parallels/ros2_ws/build/add_two_ints_cpp -- -j8 -l8
[1.536s] Invoking command in '/home/parallels/ros2_ws/build/add_two_ints_cpp': CMAKE_PREFIX_PATH=${CMAKE_PREFIX_PATH}:/home/parallels/ros2_ws/install/turtlesim_catch_them_all:/home/parallels/ros2_ws/install/number_counter:/home/parallels/ros2_ws/install/my_py_pkg:/home/parallels/ros2_ws/install/add_two_ints:/opt/ros/humble /usr/bin/cmake --install /home/parallels/ros2_ws/build/add_two_ints_cpp
[1.542s] -- Install configuration: ""
[1.542s] -- Up-to-date: /home/parallels/ros2_ws/install/add_two_ints_cpp/lib/add_two_ints_cpp/add_two_ints_server_cpp
[1.542s] -- Up-to-date: /home/parallels/ros2_ws/install/add_two_ints_cpp/lib/add_two_ints_cpp/add_two_ints_client_no_oop
[1.542s] -- Up-to-date: /home/parallels/ros2_ws/install/add_two_ints_cpp/lib/add_two_ints_cpp/add_two_ints_client
[1.542s] -- Up-to-date: /home/parallels/ros2_ws/install/add_two_ints_cpp/share/ament_index/resource_index/package_run_dependencies/add_two_ints_cpp
[1.543s] -- Up-to-date: /home/parallels/ros2_ws/install/add_two_ints_cpp/share/ament_index/resource_index/parent_prefix_path/add_two_ints_cpp
[1.543s] -- Up-to-date: /home/parallels/ros2_ws/install/add_two_ints_cpp/share/add_two_ints_cpp/environment/ament_prefix_path.sh
[1.543s] -- Installing: /home/parallels/ros2_ws/install/add_two_ints_cpp/share/add_two_ints_cpp/environment/ament_prefix_path.dsv
[1.543s] -- Up-to-date: /home/parallels/ros2_ws/install/add_two_ints_cpp/share/add_two_ints_cpp/environment/path.sh
[1.543s] -- Installing: /home/parallels/ros2_ws/install/add_two_ints_cpp/share/add_two_ints_cpp/environment/path.dsv
[1.543s] -- Up-to-date: /home/parallels/ros2_ws/install/add_two_ints_cpp/share/add_two_ints_cpp/local_setup.bash
[1.543s] -- Up-to-date: /home/parallels/ros2_ws/install/add_two_ints_cpp/share/add_two_ints_cpp/local_setup.sh
[1.543s] -- Up-to-date: /home/parallels/ros2_ws/install/add_two_ints_cpp/share/add_two_ints_cpp/local_setup.zsh
[1.543s] -- Installing: /home/parallels/ros2_ws/install/add_two_ints_cpp/share/add_two_ints_cpp/local_setup.dsv
[1.543s] -- Installing: /home/parallels/ros2_ws/install/add_two_ints_cpp/share/add_two_ints_cpp/package.dsv
[1.543s] -- Up-to-date: /home/parallels/ros2_ws/install/add_two_ints_cpp/share/ament_index/resource_index/packages/add_two_ints_cpp
[1.543s] -- Up-to-date: /home/parallels/ros2_ws/install/add_two_ints_cpp/share/add_two_ints_cpp/cmake/add_two_ints_cppConfig.cmake
[1.543s] -- Up-to-date: /home/parallels/ros2_ws/install/add_two_ints_cpp/share/add_two_ints_cpp/cmake/add_two_ints_cppConfig-version.cmake
[1.544s] -- Up-to-date: /home/parallels/ros2_ws/install/add_two_ints_cpp/share/add_two_ints_cpp/package.xml
[1.545s] Invoked command in '/home/parallels/ros2_ws/build/add_two_ints_cpp' returned '0': CMAKE_PREFIX_PATH=${CMAKE_PREFIX_PATH}:/home/parallels/ros2_ws/install/turtlesim_catch_them_all:/home/parallels/ros2_ws/install/number_counter:/home/parallels/ros2_ws/install/my_py_pkg:/home/parallels/ros2_ws/install/add_two_ints:/opt/ros/humble /usr/bin/cmake --install /home/parallels/ros2_ws/build/add_two_ints_cpp
