[0.183s] Invoking command in '/home/parallels/ros2_ws/build/add_two_ints_cpp': CMAKE_PREFIX_PATH=${CMAKE_PREFIX_PATH}:/home/parallels/ros2_ws/install/turtlesim_catch_them_all:/home/parallels/ros2_ws/install/number_counter:/home/parallels/ros2_ws/install/my_py_pkg:/home/parallels/ros2_ws/install/add_two_ints:/opt/ros/humble /usr/bin/cmake /home/parallels/ros2_ws/src/add_two_ints_cpp -DCMAKE_INSTALL_PREFIX=/home/parallels/ros2_ws/install/add_two_ints_cpp
[0.393s] -- The C compiler identification is GNU 11.4.0
[0.393s] -- The CXX compiler identification is GNU 11.4.0
[0.393s] -- Detecting C compiler ABI info
[0.394s] -- Detecting C compiler ABI info - done
[0.394s] -- Check for working C compiler: /usr/bin/cc - skipped
[0.394s] -- Detecting C compile features
[0.394s] -- Detecting C compile features - done
[0.394s] -- Detecting CXX compiler ABI info
[0.476s] -- Detecting CXX compiler ABI info - done
[0.481s] -- Check for working CXX compiler: /usr/bin/c++ - skipped
[0.481s] -- Detecting CXX compile features
[0.481s] -- Detecting CXX compile features - done
[0.491s] -- Found ament_cmake: 1.3.11 (/opt/ros/humble/share/ament_cmake/cmake)
[0.662s] -- Found Python3: /usr/bin/python3 (found version "3.10.12") found components: Interpreter 
[0.809s] -- Found rclcpp: 16.0.12 (/opt/ros/humble/share/rclcpp/cmake)
[0.922s] -- Found rosidl_generator_c: 3.1.6 (/opt/ros/humble/share/rosidl_generator_c/cmake)
[0.940s] -- Found rosidl_adapter: 3.1.6 (/opt/ros/humble/share/rosidl_adapter/cmake)
[0.951s] -- Found rosidl_generator_cpp: 3.1.6 (/opt/ros/humble/share/rosidl_generator_cpp/cmake)
[0.970s] -- Using all available rosidl_typesupport_c: rosidl_typesupport_fastrtps_c;rosidl_typesupport_introspection_c
[1.003s] -- Using all available rosidl_typesupport_cpp: rosidl_typesupport_fastrtps_cpp;rosidl_typesupport_introspection_cpp
[1.083s] -- Found rmw_implementation_cmake: 6.1.2 (/opt/ros/humble/share/rmw_implementation_cmake/cmake)
[1.093s] -- Found rmw_fastrtps_cpp: 6.2.7 (/opt/ros/humble/share/rmw_fastrtps_cpp/cmake)
[1.187s] -- Found OpenSSL: /usr/lib/aarch64-linux-gnu/libcrypto.so (found version "3.0.2")  
[1.211s] -- Found FastRTPS: /opt/ros/humble/include  
[1.243s] -- Using RMW implementation 'rmw_fastrtps_cpp' as default
[1.255s] -- Looking for pthread.h
[1.295s] -- Looking for pthread.h - found
[1.295s] -- Performing Test CMAKE_HAVE_LIBC_PTHREAD
[1.333s] -- Performing Test CMAKE_HAVE_LIBC_PTHREAD - Success
[1.334s] -- Found Threads: TRUE  
[1.391s] -- Found example_interfaces: 0.9.3 (/opt/ros/humble/share/example_interfaces/cmake)
[1.469s] -- Configuring done
[1.485s] -- Generating done
[1.490s] -- Build files have been written to: /home/parallels/ros2_ws/build/add_two_ints_cpp
[1.498s] Invoked command in '/home/parallels/ros2_ws/build/add_two_ints_cpp' returned '0': CMAKE_PREFIX_PATH=${CMAKE_PREFIX_PATH}:/home/parallels/ros2_ws/install/turtlesim_catch_them_all:/home/parallels/ros2_ws/install/number_counter:/home/parallels/ros2_ws/install/my_py_pkg:/home/parallels/ros2_ws/install/add_two_ints:/opt/ros/humble /usr/bin/cmake /home/parallels/ros2_ws/src/add_two_ints_cpp -DCMAKE_INSTALL_PREFIX=/home/parallels/ros2_ws/install/add_two_ints_cpp
[1.500s] Invoking command in '/home/parallels/ros2_ws/build/add_two_ints_cpp': CMAKE_PREFIX_PATH=${CMAKE_PREFIX_PATH}:/home/parallels/ros2_ws/install/turtlesim_catch_them_all:/home/parallels/ros2_ws/install/number_counter:/home/parallels/ros2_ws/install/my_py_pkg:/home/parallels/ros2_ws/install/add_two_ints:/opt/ros/humble /usr/bin/cmake --build /home/parallels/ros2_ws/build/add_two_ints_cpp -- -j8 -l8
[1.523s] [35m[1mConsolidate compiler generated dependencies of target add_two_ints_client_no_oop[0m
[1.523s] [35m[1mConsolidate compiler generated dependencies of target add_two_ints_client[0m
[1.531s] [35m[1mConsolidate compiler generated dependencies of target add_two_ints_server_cpp[0m
[1.535s] [ 33%] Built target add_two_ints_client
[1.537s] [ 66%] Built target add_two_ints_client_no_oop
[1.545s] [100%] Built target add_two_ints_server_cpp
