[0.309s] Invoking command in '/home/parallels/ros2_ws/ROS2_Humble/build/lifecycle_py': PYTHONPATH=/home/parallels/ros2_ws/ROS2_Humble/build/lifecycle_py/prefix_override:/usr/lib/python3/dist-packages/colcon_core/task/python/colcon_distutils_commands:/home/parallels/ros2_ws/ROS2_Humble/install/lifecycle_py/lib/python3.10/site-packages:${PYTHONPATH} /usr/bin/python3 -W ignore:setup.py install is deprecated -W ignore:easy_install command is deprecated setup.py develop --editable --build-directory /home/parallels/ros2_ws/ROS2_Humble/build/lifecycle_py/build --no-deps symlink_data
[0.436s] running develop
[0.510s] running egg_info
[0.510s] writing lifecycle_py.egg-info/PKG-INFO
[0.510s] writing dependency_links to lifecycle_py.egg-info/dependency_links.txt
[0.510s] writing entry points to lifecycle_py.egg-info/entry_points.txt
[0.510s] writing requirements to lifecycle_py.egg-info/requires.txt
[0.510s] writing top-level names to lifecycle_py.egg-info/top_level.txt
[0.511s] reading manifest file 'lifecycle_py.egg-info/SOURCES.txt'
[0.511s] writing manifest file 'lifecycle_py.egg-info/SOURCES.txt'
[0.512s] running build_ext
[0.512s] Creating /home/parallels/ros2_ws/ROS2_Humble/install/lifecycle_py/lib/python3.10/site-packages/lifecycle-py.egg-link (link to .)
[0.512s] Installing lifecycle_node_manager script to /home/parallels/ros2_ws/ROS2_Humble/install/lifecycle_py/lib/lifecycle_py
[0.512s] Installing number_publisher script to /home/parallels/ros2_ws/ROS2_Humble/install/lifecycle_py/lib/lifecycle_py
[0.512s] Installing reach_until_server script to /home/parallels/ros2_ws/ROS2_Humble/install/lifecycle_py/lib/lifecycle_py
[0.512s] Installing reach_until_startup script to /home/parallels/ros2_ws/ROS2_Humble/install/lifecycle_py/lib/lifecycle_py
[0.513s] 
[0.513s] Installed /home/parallels/ros2_ws/ROS2_Humble/build/lifecycle_py
[0.513s] running symlink_data
[0.527s] Invoked command in '/home/parallels/ros2_ws/ROS2_Humble/build/lifecycle_py' returned '0': PYTHONPATH=/home/parallels/ros2_ws/ROS2_Humble/build/lifecycle_py/prefix_override:/usr/lib/python3/dist-packages/colcon_core/task/python/colcon_distutils_commands:/home/parallels/ros2_ws/ROS2_Humble/install/lifecycle_py/lib/python3.10/site-packages:${PYTHONPATH} /usr/bin/python3 -W ignore:setup.py install is deprecated -W ignore:easy_install command is deprecated setup.py develop --editable --build-directory /home/parallels/ros2_ws/ROS2_Humble/build/lifecycle_py/build --no-deps symlink_data
