-- Found ament_cmake: 1.3.11 (/opt/ros/humble/share/ament_cmake/cmake)
-- Found pluginlib: 5.1.0 (/opt/ros/humble/share/pluginlib/cmake)
-- Found ament_lint_auto: 0.12.11 (/opt/ros/humble/share/ament_lint_auto/cmake)
-- Configuring done
-- Generating done
-- Build files have been written to: /home/parallels/ros2_ws/build/polygon_base
[ 50%] [32mBuilding CXX object CMakeFiles/area_node.dir/src/area_node.cpp.o[0m
[100%] [32m[1mLinking CXX executable area_node[0m
[100%] Built target area_node
-- Install configuration: ""
-- Installing: /home/parallels/ros2_ws/install/polygon_base/include
-- Installing: /home/parallels/ros2_ws/install/polygon_base/include/polygon_base
-- Installing: /home/parallels/ros2_ws/install/polygon_base/include/polygon_base/regular_polygon.hpp
-- Installing: /home/parallels/ros2_ws/install/polygon_base/lib/polygon_base/area_node
-- Set runtime path of "/home/parallels/ros2_ws/install/polygon_base/lib/polygon_base/area_node" to ""
-- Installing: /home/parallels/ros2_ws/install/polygon_base/share/ament_index/resource_index/package_run_dependencies/polygon_base
-- Installing: /home/parallels/ros2_ws/install/polygon_base/share/ament_index/resource_index/parent_prefix_path/polygon_base
-- Installing: /home/parallels/ros2_ws/install/polygon_base/share/polygon_base/environment/ament_prefix_path.sh
-- Installing: /home/parallels/ros2_ws/install/polygon_base/share/polygon_base/environment/ament_prefix_path.dsv
-- Installing: /home/parallels/ros2_ws/install/polygon_base/share/polygon_base/environment/path.sh
-- Installing: /home/parallels/ros2_ws/install/polygon_base/share/polygon_base/environment/path.dsv
-- Installing: /home/parallels/ros2_ws/install/polygon_base/share/polygon_base/local_setup.bash
-- Installing: /home/parallels/ros2_ws/install/polygon_base/share/polygon_base/local_setup.sh
-- Installing: /home/parallels/ros2_ws/install/polygon_base/share/polygon_base/local_setup.zsh
-- Installing: /home/parallels/ros2_ws/install/polygon_base/share/polygon_base/local_setup.dsv
-- Installing: /home/parallels/ros2_ws/install/polygon_base/share/polygon_base/package.dsv
-- Installing: /home/parallels/ros2_ws/install/polygon_base/share/ament_index/resource_index/packages/polygon_base
-- Installing: /home/parallels/ros2_ws/install/polygon_base/share/polygon_base/cmake/ament_cmake_export_include_directories-extras.cmake
-- Installing: /home/parallels/ros2_ws/install/polygon_base/share/polygon_base/cmake/polygon_baseConfig.cmake
-- Installing: /home/parallels/ros2_ws/install/polygon_base/share/polygon_base/cmake/polygon_baseConfig-version.cmake
-- Installing: /home/parallels/ros2_ws/install/polygon_base/share/polygon_base/package.xml
