[0.010s] Invoking command in '/home/parallels/ros2_ws/build/polygon_base': CMAKE_PREFIX_PATH=${CMAKE_PREFIX_PATH}:/opt/ros/humble /usr/bin/cmake /home/parallels/ros2_ws/src/polygon_base -DCMAKE_INSTALL_PREFIX=/home/parallels/ros2_ws/install/polygon_base
[0.132s] -- Found ament_cmake: 1.3.11 (/opt/ros/humble/share/ament_cmake/cmake)
[0.133s] -- Found pluginlib: 5.1.0 (/opt/ros/humble/share/pluginlib/cmake)
[0.136s] -- Found ament_lint_auto: 0.12.11 (/opt/ros/humble/share/ament_lint_auto/cmake)
[0.194s] -- Configuring done
[0.207s] -- Generating done
[0.207s] -- Build files have been written to: /home/parallels/ros2_ws/build/polygon_base
[0.208s] Invoked command in '/home/parallels/ros2_ws/build/polygon_base' returned '0': CMAKE_PREFIX_PATH=${CMAKE_PREFIX_PATH}:/opt/ros/humble /usr/bin/cmake /home/parallels/ros2_ws/src/polygon_base -DCMAKE_INSTALL_PREFIX=/home/parallels/ros2_ws/install/polygon_base
[0.209s] Invoking command in '/home/parallels/ros2_ws/build/polygon_base': CMAKE_PREFIX_PATH=${CMAKE_PREFIX_PATH}:/opt/ros/humble /usr/bin/cmake --build /home/parallels/ros2_ws/build/polygon_base -- -j4 -l4
[0.244s] [ 50%] [32mBuilding CXX object CMakeFiles/area_node.dir/src/area_node.cpp.o[0m
[2.328s] [100%] [32m[1mLinking CXX executable area_node[0m
[2.660s] [100%] Built target area_node
[2.704s] Invoked command in '/home/parallels/ros2_ws/build/polygon_base' returned '0': CMAKE_PREFIX_PATH=${CMAKE_PREFIX_PATH}:/opt/ros/humble /usr/bin/cmake --build /home/parallels/ros2_ws/build/polygon_base -- -j4 -l4
[2.704s] Invoking command in '/home/parallels/ros2_ws/build/polygon_base': CMAKE_PREFIX_PATH=${CMAKE_PREFIX_PATH}:/opt/ros/humble /usr/bin/cmake --install /home/parallels/ros2_ws/build/polygon_base
[2.716s] -- Install configuration: ""
[2.717s] -- Installing: /home/parallels/ros2_ws/install/polygon_base/include
[2.717s] -- Installing: /home/parallels/ros2_ws/install/polygon_base/include/polygon_base
[2.717s] -- Installing: /home/parallels/ros2_ws/install/polygon_base/include/polygon_base/regular_polygon.hpp
[2.717s] -- Installing: /home/parallels/ros2_ws/install/polygon_base/lib/polygon_base/area_node
[2.723s] -- Set runtime path of "/home/parallels/ros2_ws/install/polygon_base/lib/polygon_base/area_node" to ""
[2.723s] -- Installing: /home/parallels/ros2_ws/install/polygon_base/share/ament_index/resource_index/package_run_dependencies/polygon_base
[2.723s] -- Installing: /home/parallels/ros2_ws/install/polygon_base/share/ament_index/resource_index/parent_prefix_path/polygon_base
[2.723s] -- Installing: /home/parallels/ros2_ws/install/polygon_base/share/polygon_base/environment/ament_prefix_path.sh
[2.723s] -- Installing: /home/parallels/ros2_ws/install/polygon_base/share/polygon_base/environment/ament_prefix_path.dsv
[2.723s] -- Installing: /home/parallels/ros2_ws/install/polygon_base/share/polygon_base/environment/path.sh
[2.723s] -- Installing: /home/parallels/ros2_ws/install/polygon_base/share/polygon_base/environment/path.dsv
[2.723s] -- Installing: /home/parallels/ros2_ws/install/polygon_base/share/polygon_base/local_setup.bash
[2.723s] -- Installing: /home/parallels/ros2_ws/install/polygon_base/share/polygon_base/local_setup.sh
[2.723s] -- Installing: /home/parallels/ros2_ws/install/polygon_base/share/polygon_base/local_setup.zsh
[2.724s] -- Installing: /home/parallels/ros2_ws/install/polygon_base/share/polygon_base/local_setup.dsv
[2.724s] -- Installing: /home/parallels/ros2_ws/install/polygon_base/share/polygon_base/package.dsv
[2.724s] -- Installing: /home/parallels/ros2_ws/install/polygon_base/share/ament_index/resource_index/packages/polygon_base
[2.724s] -- Installing: /home/parallels/ros2_ws/install/polygon_base/share/polygon_base/cmake/ament_cmake_export_include_directories-extras.cmake
[2.724s] -- Installing: /home/parallels/ros2_ws/install/polygon_base/share/polygon_base/cmake/polygon_baseConfig.cmake
[2.724s] -- Installing: /home/parallels/ros2_ws/install/polygon_base/share/polygon_base/cmake/polygon_baseConfig-version.cmake
[2.724s] -- Installing: /home/parallels/ros2_ws/install/polygon_base/share/polygon_base/package.xml
[2.729s] Invoked command in '/home/parallels/ros2_ws/build/polygon_base' returned '0': CMAKE_PREFIX_PATH=${CMAKE_PREFIX_PATH}:/opt/ros/humble /usr/bin/cmake --install /home/parallels/ros2_ws/build/polygon_base
