[0.009s] Invoking command in '/home/parallels/ros2_ws/build/hardware_interface': AMENT_PREFIX_PATH=/home/parallels/ros2_ws/install/ros2_control_test_assets:${AMENT_PREFIX_PATH} CMAKE_PREFIX_PATH=/home/parallels/ros2_ws/install/ros2_control_test_assets:/usr:/opt/ros/humble /usr/bin/cmake /home/parallels/ros2_ws/src/ros2_control/hardware_interface -DCMAKE_INSTALL_PREFIX=/home/parallels/ros2_ws/install/hardware_interface
[0.063s] -- The C compiler identification is GNU 11.4.0
[0.100s] -- The CXX compiler identification is GNU 11.4.0
[0.103s] -- Detecting C compiler ABI info
[0.152s] -- Detecting C compiler ABI info - done
[0.157s] -- Check for working C compiler: /usr/bin/cc - skipped
[0.157s] -- Detecting C compile features
[0.157s] -- Detecting C compile features - done
[0.159s] -- Detecting CXX compiler ABI info
[0.201s] -- Detecting CXX compiler ABI info - done
[0.205s] -- Check for working CXX compiler: /usr/bin/c++ - skipped
[0.205s] -- Detecting CXX compile features
[0.205s] -- Detecting CXX compile features - done
[0.210s] -- Found ament_cmake: 1.3.11 (/opt/ros/humble/share/ament_cmake/cmake)
[0.288s] -- Found Python3: /usr/bin/python3 (found version "3.10.12") found components: Interpreter 
[0.382s] -- Found control_msgs: 4.7.0 (/opt/ros/humble/share/control_msgs/cmake)
[0.435s] -- Found rosidl_generator_c: 3.1.6 (/opt/ros/humble/share/rosidl_generator_c/cmake)
[0.444s] -- Found rosidl_adapter: 3.1.6 (/opt/ros/humble/share/rosidl_adapter/cmake)
[0.467s] -- Found rosidl_generator_cpp: 3.1.6 (/opt/ros/humble/share/rosidl_generator_cpp/cmake)
[0.480s] -- Using all available rosidl_typesupport_c: rosidl_typesupport_fastrtps_c;rosidl_typesupport_introspection_c
[0.513s] -- Using all available rosidl_typesupport_cpp: rosidl_typesupport_fastrtps_cpp;rosidl_typesupport_introspection_cpp
[0.678s] -- Found lifecycle_msgs: 1.2.1 (/opt/ros/humble/share/lifecycle_msgs/cmake)
[0.704s] -- Found pluginlib: 5.1.0 (/opt/ros/humble/share/pluginlib/cmake)
[0.781s] -- Found rclcpp_lifecycle: 16.0.11 (/opt/ros/humble/share/rclcpp_lifecycle/cmake)
[0.901s] -- Found rmw_implementation_cmake: 6.1.2 (/opt/ros/humble/share/rmw_implementation_cmake/cmake)
[0.914s] -- Found rmw_fastrtps_cpp: 6.2.7 (/opt/ros/humble/share/rmw_fastrtps_cpp/cmake)
[0.979s] -- Found TinyXML2 via Config file: TinyXML2_DIR-NOTFOUND
[1.190s] -- Found OpenSSL: /usr/lib/aarch64-linux-gnu/libcrypto.so (found version "3.0.2")  
[1.192s] -- Found TinyXML2 via Config file: TinyXML2_DIR-NOTFOUND
[1.212s] -- Found FastRTPS: /opt/ros/humble/include  
[1.223s] -- Found TinyXML2 via Config file: TinyXML2_DIR-NOTFOUND
[1.229s] -- Found TinyXML2 via Config file: TinyXML2_DIR-NOTFOUND
[1.245s] -- Using RMW implementation 'rmw_fastrtps_cpp' as default
[1.262s] -- Looking for pthread.h
[1.424s] -- Looking for pthread.h - found
[1.424s] -- Performing Test CMAKE_HAVE_LIBC_PTHREAD
[1.638s] -- Performing Test CMAKE_HAVE_LIBC_PTHREAD - Success
[1.639s] -- Found Threads: TRUE  
[1.729s] -- Found TinyXML2 via Config file: TinyXML2_DIR-NOTFOUND
[1.735s] -- Found ament_cmake_gmock: 1.3.11 (/opt/ros/humble/share/ament_cmake_gmock/cmake)
[1.736s] -- Found ros2_control_test_assets: 2.41.0 (/home/parallels/ros2_ws/install/ros2_control_test_assets/share/ros2_control_test_assets/cmake)
[1.750s] -- Found gmock sources under '/opt/ros/humble/src/gmock_vendor': C++ tests using 'Google Mock' will be built
[1.783s] -- Found ament_cmake_gtest: 1.3.11 (/opt/ros/humble/share/ament_cmake_gtest/cmake)
[1.784s] -- Found gtest sources under '/opt/ros/humble/src/gtest_vendor': C++ tests using 'Google Test' will be built
[1.869s] -- Configuring done
[1.922s] -- Generating done
[1.947s] -- Build files have been written to: /home/parallels/ros2_ws/build/hardware_interface
[1.961s] Invoked command in '/home/parallels/ros2_ws/build/hardware_interface' returned '0': AMENT_PREFIX_PATH=/home/parallels/ros2_ws/install/ros2_control_test_assets:${AMENT_PREFIX_PATH} CMAKE_PREFIX_PATH=/home/parallels/ros2_ws/install/ros2_control_test_assets:/usr:/opt/ros/humble /usr/bin/cmake /home/parallels/ros2_ws/src/ros2_control/hardware_interface -DCMAKE_INSTALL_PREFIX=/home/parallels/ros2_ws/install/hardware_interface
[1.962s] Invoking command in '/home/parallels/ros2_ws/build/hardware_interface': AMENT_PREFIX_PATH=/home/parallels/ros2_ws/install/ros2_control_test_assets:${AMENT_PREFIX_PATH} CMAKE_PREFIX_PATH=/home/parallels/ros2_ws/install/ros2_control_test_assets:/usr:/opt/ros/humble /usr/bin/cmake --build /home/parallels/ros2_ws/build/hardware_interface -- -j4 -l4
[2.065s] [  2%] [32mBuilding CXX object gmock/CMakeFiles/gmock_main.dir/src/gmock_main.cc.o[0m
[2.088s] [  5%] [32mBuilding CXX object CMakeFiles/hardware_interface.dir/src/actuator.cpp.o[0m
[2.095s] [  8%] [32mBuilding CXX object CMakeFiles/hardware_interface.dir/src/component_parser.cpp.o[0m
[2.108s] [ 11%] [32mBuilding CXX object gmock/CMakeFiles/gmock.dir/opt/ros/humble/src/gtest_vendor/src/gtest-all.cc.o[0m
[3.535s] [ 14%] [32mBuilding CXX object CMakeFiles/hardware_interface.dir/src/resource_manager.cpp.o[0m
[4.000s] [ 17%] [32m[1mLinking CXX static library libgmock_main.a[0m
[4.148s] [ 17%] Built target gmock_main
[4.179s] [ 20%] [32mBuilding CXX object CMakeFiles/hardware_interface.dir/src/sensor.cpp.o[0m
[6.081s] [ 23%] [32mBuilding CXX object CMakeFiles/hardware_interface.dir/src/system.cpp.o[0m
[6.279s] [ 26%] [32mBuilding CXX object CMakeFiles/hardware_interface.dir/src/lexical_casts.cpp.o[0m
[6.715s] [ 29%] [32mBuilding CXX object gmock/CMakeFiles/gmock.dir/src/gmock-all.cc.o[0m
[8.505s] [ 32%] [32m[1mLinking CXX static library libgmock.a[0m
[8.655s] [ 32%] Built target gmock
[8.767s] [ 35%] [32mBuilding CXX object CMakeFiles/test_macros.dir/test/test_macros.cpp.o[0m
[9.572s] [ 38%] [32m[1mLinking CXX shared library libhardware_interface.so[0m
[9.945s] [ 41%] [32m[1mLinking CXX executable test_macros[0m
[10.162s] [ 41%] Built target hardware_interface
[10.183s] [ 41%] Built target test_macros
[10.198s] [ 44%] [32mBuilding CXX object CMakeFiles/test_inst_hardwares.dir/test/test_inst_hardwares.cpp.o[0m
[10.198s] [ 47%] [32mBuilding CXX object CMakeFiles/fake_components.dir/src/mock_components/generic_system.cpp.o[0m
[10.227s] [ 50%] [32mBuilding CXX object CMakeFiles/mock_components.dir/src/mock_components/generic_system.cpp.o[0m
[10.228s] [ 52%] [32mBuilding CXX object CMakeFiles/test_joint_handle.dir/test/test_handle.cpp.o[0m
[11.688s] [ 55%] [32m[1mLinking CXX executable test_joint_handle[0m
[11.925s] [ 55%] Built target test_joint_handle
[11.937s] [ 58%] [32m[1mLinking CXX executable test_inst_hardwares[0m
[11.964s] [ 61%] [32mBuilding CXX object CMakeFiles/test_component_interfaces.dir/test/test_component_interfaces.cpp.o[0m
[12.043s] [ 64%] [32m[1mLinking CXX shared library libmock_components.so[0m
[12.151s] [ 67%] [32mBuilding CXX object CMakeFiles/fake_components.dir/src/mock_components/fake_generic_system.cpp.o[0m
[12.219s] [ 67%] Built target test_inst_hardwares
[12.284s] [ 70%] [32mBuilding CXX object CMakeFiles/test_component_parser.dir/test/test_component_parser.cpp.o[0m
[12.344s] [ 70%] Built target mock_components
[12.463s] [ 73%] [32mBuilding CXX object CMakeFiles/test_hardware_components.dir/test/test_hardware_components/test_single_joint_actuator.cpp.o[0m
[13.512s] [ 76%] [32m[1mLinking CXX shared library libfake_components.so[0m
[13.832s] [ 76%] Built target fake_components
[13.935s] [ 79%] [32mBuilding CXX object CMakeFiles/test_generic_system.dir/test/mock_components/test_generic_system.cpp.o[0m
[14.014s] [ 82%] [32mBuilding CXX object CMakeFiles/test_hardware_components.dir/test/test_hardware_components/test_force_torque_sensor.cpp.o[0m
[14.893s] [ 85%] [32m[1mLinking CXX executable test_component_parser[0m
[14.971s] [ 88%] [32m[1mLinking CXX executable test_component_interfaces[0m
[15.471s] [ 88%] Built target test_component_parser
[15.508s] [ 91%] [32mBuilding CXX object CMakeFiles/test_hardware_components.dir/test/test_hardware_components/test_two_joint_system.cpp.o[0m
[15.648s] [ 94%] [32mBuilding CXX object CMakeFiles/test_hardware_components.dir/test/test_hardware_components/test_system_with_command_modes.cpp.o[0m
[15.720s] [ 94%] Built target test_component_interfaces
[17.854s] [ 97%] [32m[1mLinking CXX shared library libtest_hardware_components.so[0m
[17.952s] [100%] [32m[1mLinking CXX executable test_generic_system[0m
[18.396s] [100%] Built target test_hardware_components
[18.503s] [100%] Built target test_generic_system
[18.548s] Invoked command in '/home/parallels/ros2_ws/build/hardware_interface' returned '0': AMENT_PREFIX_PATH=/home/parallels/ros2_ws/install/ros2_control_test_assets:${AMENT_PREFIX_PATH} CMAKE_PREFIX_PATH=/home/parallels/ros2_ws/install/ros2_control_test_assets:/usr:/opt/ros/humble /usr/bin/cmake --build /home/parallels/ros2_ws/build/hardware_interface -- -j4 -l4
[18.558s] Invoking command in '/home/parallels/ros2_ws/build/hardware_interface': AMENT_PREFIX_PATH=/home/parallels/ros2_ws/install/ros2_control_test_assets:${AMENT_PREFIX_PATH} CMAKE_PREFIX_PATH=/home/parallels/ros2_ws/install/ros2_control_test_assets:/usr:/opt/ros/humble /usr/bin/cmake --install /home/parallels/ros2_ws/build/hardware_interface
[18.560s] -- Install configuration: ""
[18.560s] -- Installing: /home/parallels/ros2_ws/install/hardware_interface/share/hardware_interface/mock_components_plugin_description.xml
[18.560s] -- Installing: /home/parallels/ros2_ws/install/hardware_interface/share/hardware_interface/fake_components_plugin_description.xml
[18.560s] -- Installing: /home/parallels/ros2_ws/install/hardware_interface/include
[18.560s] -- Installing: /home/parallels/ros2_ws/install/hardware_interface/include/hardware_interface
[18.560s] -- Installing: /home/parallels/ros2_ws/install/hardware_interface/include/hardware_interface/system_interface.hpp
[18.561s] -- Installing: /home/parallels/ros2_ws/install/hardware_interface/include/hardware_interface/actuator_interface.hpp
[18.563s] -- Installing: /home/parallels/ros2_ws/install/hardware_interface/include/hardware_interface/loaned_state_interface.hpp
[18.563s] -- Installing: /home/parallels/ros2_ws/install/hardware_interface/include/hardware_interface/hardware_component_info.hpp
[18.563s] -- Installing: /home/parallels/ros2_ws/install/hardware_interface/include/hardware_interface/handle.hpp
[18.567s] -- Installing: /home/parallels/ros2_ws/install/hardware_interface/include/hardware_interface/resource_manager.hpp
[18.567s] -- Installing: /home/parallels/ros2_ws/install/hardware_interface/include/hardware_interface/sensor_interface.hpp
[18.567s] -- Installing: /home/parallels/ros2_ws/install/hardware_interface/include/hardware_interface/visibility_control.h
[18.567s] -- Installing: /home/parallels/ros2_ws/install/hardware_interface/include/hardware_interface/sensor.hpp
[18.567s] -- Installing: /home/parallels/ros2_ws/install/hardware_interface/include/hardware_interface/actuator.hpp
[18.568s] -- Installing: /home/parallels/ros2_ws/install/hardware_interface/include/hardware_interface/controller_info.hpp
[18.569s] -- Installing: /home/parallels/ros2_ws/install/hardware_interface/include/hardware_interface/macros.hpp
[18.569s] -- Installing: /home/parallels/ros2_ws/install/hardware_interface/include/hardware_interface/system.hpp
[18.569s] -- Installing: /home/parallels/ros2_ws/install/hardware_interface/include/hardware_interface/loaned_command_interface.hpp
[18.570s] -- Installing: /home/parallels/ros2_ws/install/hardware_interface/include/hardware_interface/types
[18.570s] -- Installing: /home/parallels/ros2_ws/install/hardware_interface/include/hardware_interface/types/hardware_interface_type_values.hpp
[18.570s] -- Installing: /home/parallels/ros2_ws/install/hardware_interface/include/hardware_interface/types/hardware_interface_return_values.hpp
[18.570s] -- Installing: /home/parallels/ros2_ws/install/hardware_interface/include/hardware_interface/types/lifecycle_state_names.hpp
[18.570s] -- Installing: /home/parallels/ros2_ws/install/hardware_interface/include/hardware_interface/component_parser.hpp
[18.570s] -- Installing: /home/parallels/ros2_ws/install/hardware_interface/include/hardware_interface/lexical_casts.hpp
[18.570s] -- Installing: /home/parallels/ros2_ws/install/hardware_interface/include/hardware_interface/hardware_info.hpp
[18.570s] -- Installing: /home/parallels/ros2_ws/install/hardware_interface/include/mock_components
[18.570s] -- Installing: /home/parallels/ros2_ws/install/hardware_interface/include/mock_components/generic_system.hpp
[18.570s] -- Installing: /home/parallels/ros2_ws/install/hardware_interface/include/mock_components/visibility_control.h
[18.571s] -- Installing: /home/parallels/ros2_ws/install/hardware_interface/include/fake_components
[18.571s] -- Installing: /home/parallels/ros2_ws/install/hardware_interface/include/fake_components/generic_system.hpp
[18.571s] -- Installing: /home/parallels/ros2_ws/install/hardware_interface/include/fake_components/visibility_control.h
[18.571s] -- Installing: /home/parallels/ros2_ws/install/hardware_interface/lib/libfake_components.so
[18.573s] -- Set runtime path of "/home/parallels/ros2_ws/install/hardware_interface/lib/libfake_components.so" to ""
[18.573s] -- Installing: /home/parallels/ros2_ws/install/hardware_interface/lib/libmock_components.so
[18.576s] -- Set runtime path of "/home/parallels/ros2_ws/install/hardware_interface/lib/libmock_components.so" to ""
[18.576s] -- Installing: /home/parallels/ros2_ws/install/hardware_interface/lib/libhardware_interface.so
[18.580s] -- Set runtime path of "/home/parallels/ros2_ws/install/hardware_interface/lib/libhardware_interface.so" to ""
[18.580s] -- Installing: /home/parallels/ros2_ws/install/hardware_interface/lib/libtest_hardware_components.so
[18.580s] -- Set runtime path of "/home/parallels/ros2_ws/install/hardware_interface/lib/libtest_hardware_components.so" to ""
[18.581s] -- Installing: /home/parallels/ros2_ws/install/hardware_interface/share/hardware_interface/test/test_hardware_components/test_hardware_components.xml
[18.582s] -- Installing: /home/parallels/ros2_ws/install/hardware_interface/share/hardware_interface/environment/library_path.sh
[18.582s] -- Installing: /home/parallels/ros2_ws/install/hardware_interface/share/hardware_interface/environment/library_path.dsv
[18.583s] -- Installing: /home/parallels/ros2_ws/install/hardware_interface/share/ament_index/resource_index/package_run_dependencies/hardware_interface
[18.584s] -- Installing: /home/parallels/ros2_ws/install/hardware_interface/share/ament_index/resource_index/parent_prefix_path/hardware_interface
[18.585s] -- Installing: /home/parallels/ros2_ws/install/hardware_interface/share/hardware_interface/environment/ament_prefix_path.sh
[18.586s] -- Installing: /home/parallels/ros2_ws/install/hardware_interface/share/hardware_interface/environment/ament_prefix_path.dsv
[18.586s] -- Installing: /home/parallels/ros2_ws/install/hardware_interface/share/hardware_interface/environment/path.sh
[18.588s] -- Installing: /home/parallels/ros2_ws/install/hardware_interface/share/hardware_interface/environment/path.dsv
[18.588s] -- Installing: /home/parallels/ros2_ws/install/hardware_interface/share/hardware_interface/local_setup.bash
[18.588s] -- Installing: /home/parallels/ros2_ws/install/hardware_interface/share/hardware_interface/local_setup.sh
[18.588s] -- Installing: /home/parallels/ros2_ws/install/hardware_interface/share/hardware_interface/local_setup.zsh
[18.588s] -- Installing: /home/parallels/ros2_ws/install/hardware_interface/share/hardware_interface/local_setup.dsv
[18.589s] -- Installing: /home/parallels/ros2_ws/install/hardware_interface/share/hardware_interface/package.dsv
[18.589s] -- Installing: /home/parallels/ros2_ws/install/hardware_interface/share/ament_index/resource_index/packages/hardware_interface
[18.589s] -- Installing: /home/parallels/ros2_ws/install/hardware_interface/share/ament_index/resource_index/hardware_interface__pluginlib__plugin/hardware_interface
[18.590s] -- Installing: /home/parallels/ros2_ws/install/hardware_interface/share/hardware_interface/cmake/ament_cmake_export_include_directories-extras.cmake
[18.590s] -- Installing: /home/parallels/ros2_ws/install/hardware_interface/share/hardware_interface/cmake/ament_cmake_export_libraries-extras.cmake
[18.590s] -- Installing: /home/parallels/ros2_ws/install/hardware_interface/share/hardware_interface/cmake/ament_cmake_export_dependencies-extras.cmake
[18.590s] -- Installing: /home/parallels/ros2_ws/install/hardware_interface/share/hardware_interface/cmake/hardware_interfaceConfig.cmake
[18.590s] -- Installing: /home/parallels/ros2_ws/install/hardware_interface/share/hardware_interface/cmake/hardware_interfaceConfig-version.cmake
[18.590s] -- Installing: /home/parallels/ros2_ws/install/hardware_interface/share/hardware_interface/package.xml
[18.596s] Invoked command in '/home/parallels/ros2_ws/build/hardware_interface' returned '0': AMENT_PREFIX_PATH=/home/parallels/ros2_ws/install/ros2_control_test_assets:${AMENT_PREFIX_PATH} CMAKE_PREFIX_PATH=/home/parallels/ros2_ws/install/ros2_control_test_assets:/usr:/opt/ros/humble /usr/bin/cmake --install /home/parallels/ros2_ws/build/hardware_interface
