[0.008s] Invoking command in '/home/parallels/ros2_ws/build/actions_cpp': CMAKE_PREFIX_PATH=/home/parallels/ros2_ws/install/my_robot_interfaces:/home/parallels/ros2_ws/install/actions_cpp:/home/parallels/ros2_ws/install/urdf_sim_tutorial:/home/parallels/ros2_ws/install/turtlecatch_bringup:/home/parallels/ros2_ws/install/polygon_plugins:/home/parallels/ros2_ws/install/polygon_base:/home/parallels/ros2_ws/install/my_robot_station_bringup:/home/parallels/ros2_ws/install/my_robot_bringup:/home/parallels/ros2_ws/install/my_cpp_pkg:/home/parallels/ros2_ws/install/my_robot_bringup_gazebo:/home/parallels/ros2_ws/install/my_robot_description:/home/parallels/ros2_ws/install/add_two_ints_cpp:/usr:/usr:/home/parallels/ros2_ws/install/turtlesim_catch_them_all:/home/parallels/ros2_ws/install/number_counter:/home/parallels/ros2_ws/install/my_py_pkg:/home/parallels/ros2_ws/install/actions_py:/home/parallels/ros2_ws/install/add_two_ints:/opt/ros/humble LD_LIBRARY_PATH=/home/parallels/ros2_ws/install/my_robot_interfaces/lib:/home/parallels/ros2_ws/install/polygon_plugins/lib:/opt/ros/humble/opt/rviz_ogre_vendor/lib:/opt/ros/humble/lib/aarch64-linux-gnu:/opt/ros/humble/lib /usr/bin/cmake --build /home/parallels/ros2_ws/build/actions_cpp -- -j8 -l8
[0.027s] [35m[1mConsolidate compiler generated dependencies of target count_until_client[0m
[0.035s] [ 50%] Built target count_until_server
[0.038s] [ 75%] [32mBuilding CXX object CMakeFiles/count_until_client.dir/src/count_until_client.cpp.o[0m
[1.183s] [01m[K/home/parallels/ros2_ws/src/actions_cpp/src/count_until_client.cpp:[m[K In member function ‘[01m[Kvoid CountUntilClientNode::send_goal(int, double)[m[K’:
[1.183s] [01m[K/home/parallels/ros2_ws/src/actions_cpp/src/count_until_client.cpp:28:98:[m[K [01;31m[Kerror: [m[Kno match for ‘[01m[Koperator=[m[K’ (operand types are ‘[01m[Krclcpp_action::Client<my_robot_interfaces::action::CountUntil>::ResultCallback[m[K’ {aka ‘[01m[Kstd::function<void(const rclcpp_action::ClientGoalHandle<my_robot_interfaces::action::CountUntil>::WrappedResult&)>[m[K’} and ‘[01m[Kstd::_Bind_helper<false, void (CountUntilClientNode::*)(const std::shared_ptr<rclcpp_action::ClientGoalHandle<my_robot_interfaces::action::CountUntil> >&), CountUntilClientNode*, const std::_Placeholder<1>&>::type[m[K’)
[1.183s]    28 |         options.result_callback = std::bind(&CountUntilClientNode::goal_response_callback,this,_1[01;31m[K)[m[K;
[1.183s]       |                                                                                                  [01;31m[K^[m[K
[1.183s] In file included from [01m[K/usr/include/c++/11/future:47[m[K,
[1.183s]                  from [01m[K/opt/ros/humble/include/rclcpp/rclcpp/executors.hpp:18[m[K,
[1.183s]                  from [01m[K/opt/ros/humble/include/rclcpp/rclcpp/rclcpp.hpp:155[m[K,
[1.183s]                  from [01m[K/home/parallels/ros2_ws/src/actions_cpp/src/count_until_client.cpp:1[m[K:
[1.184s] [01m[K/usr/include/c++/11/bits/std_function.h:530:9:[m[K [01;36m[Knote: [m[Kcandidate: ‘[01m[Ktemplate<class _Functor> std::function<_Res(_ArgTypes ...)>::_Requires<std::function<_Res(_ArgTypes ...)>::_Callable<_Functor>, std::function<_Res(_ArgTypes ...)>&> std::function<_Res(_ArgTypes ...)>::operator=(_Functor&&) [with _Functor = _Functor; _Res = void; _ArgTypes = {const rclcpp_action::ClientGoalHandle<my_robot_interfaces::action::CountUntil>::WrappedResult&}][m[K’
[1.184s]   530 |         [01;36m[Koperator[m[K=(_Functor&& __f)
[1.184s]       |         [01;36m[K^~~~~~~~[m[K
[1.184s] [01m[K/usr/include/c++/11/bits/std_function.h:530:9:[m[K [01;36m[Knote: [m[K  template argument deduction/substitution failed:
[1.184s] In file included from [01m[K/usr/include/c++/11/bits/move.h:57[m[K,
[1.184s]                  from [01m[K/usr/include/c++/11/bits/stl_pair.h:59[m[K,
[1.184s]                  from [01m[K/usr/include/c++/11/bits/stl_algobase.h:64[m[K,
[1.184s]                  from [01m[K/usr/include/c++/11/memory:63[m[K,
[1.184s]                  from [01m[K/opt/ros/humble/include/rclcpp/rclcpp/rclcpp.hpp:153[m[K,
[1.184s]                  from [01m[K/home/parallels/ros2_ws/src/actions_cpp/src/count_until_client.cpp:1[m[K:
[1.184s] /usr/include/c++/11/type_traits: In substitution of ‘[01m[Ktemplate<bool _Cond, class _Tp> using __enable_if_t = typename std::enable_if::type [with bool _Cond = false; _Tp = std::function<void(const rclcpp_action::ClientGoalHandle<my_robot_interfaces::action::CountUntil>::WrappedResult&)>&][m[K’:
[1.184s] [01m[K/usr/include/c++/11/bits/std_function.h:353:8:[m[K   required by substitution of ‘[01m[Ktemplate<class _Res, class ... _ArgTypes> template<class _Cond, class _Tp> using _Requires = std::__enable_if_t<_Cond::value, _Tp> [with _Cond = std::function<void(const rclcpp_action::ClientGoalHandle<my_robot_interfaces::action::CountUntil>::WrappedResult&)>::_Callable<std::_Bind<void (CountUntilClientNode::*(CountUntilClientNode*, std::_Placeholder<1>))(const std::shared_ptr<rclcpp_action::ClientGoalHandle<my_robot_interfaces::action::CountUntil> >&)>, std::_Bind<void (CountUntilClientNode::*(CountUntilClientNode*, std::_Placeholder<1>))(const std::shared_ptr<rclcpp_action::ClientGoalHandle<my_robot_interfaces::action::CountUntil> >&)>, std::__invoke_result<std::_Bind<void (CountUntilClientNode::*(CountUntilClientNode*, std::_Placeholder<1>))(const std::shared_ptr<rclcpp_action::ClientGoalHandle<my_robot_interfaces::action::CountUntil> >&)>&, const rclcpp_action::ClientGoalHandle<my_robot_interfaces::action::CountUntil>::WrappedResult&> >; _Tp = std::function<void(const rclcpp_action::ClientGoalHandle<my_robot_interfaces::action::CountUntil>::WrappedResult&)>&; _Res = void; _ArgTypes = {const rclcpp_action::ClientGoalHandle<my_robot_interfaces::action::CountUntil>::WrappedResult&}][m[K’
[1.184s] [01m[K/usr/include/c++/11/bits/std_function.h:530:2:[m[K   required by substitution of ‘[01m[Ktemplate<class _Functor> std::function<void(const rclcpp_action::ClientGoalHandle<my_robot_interfaces::action::CountUntil>::WrappedResult&)>::_Requires<std::function<void(const rclcpp_action::ClientGoalHandle<my_robot_interfaces::action::CountUntil>::WrappedResult&)>::_Callable<_Functor, typename std::enable_if<(! std::is_same<typename std::remove_cv<typename std::remove_reference<_Tp>::type>::type, std::function<void(const rclcpp_action::ClientGoalHandle<my_robot_interfaces::action::CountUntil>::WrappedResult&)> >::value), std::decay<_Tp> >::type::type, std::__invoke_result<typename std::enable_if<(! std::is_same<typename std::remove_cv<typename std::remove_reference<_Tp>::type>::type, std::function<void(const rclcpp_action::ClientGoalHandle<my_robot_interfaces::action::CountUntil>::WrappedResult&)> >::value), std::decay<_Tp> >::type::type&, const rclcpp_action::ClientGoalHandle<my_robot_interfaces::action::CountUntil>::WrappedResult&> >, std::function<void(const rclcpp_action::ClientGoalHandle<my_robot_interfaces::action::CountUntil>::WrappedResult&)>&> std::function<void(const rclcpp_action::ClientGoalHandle<my_robot_interfaces::action::CountUntil>::WrappedResult&)>::operator=<_Functor>(_Functor&&) [with _Functor = std::_Bind<void (CountUntilClientNode::*(CountUntilClientNode*, std::_Placeholder<1>))(const std::shared_ptr<rclcpp_action::ClientGoalHandle<my_robot_interfaces::action::CountUntil> >&)>][m[K’
[1.184s] [01m[K/home/parallels/ros2_ws/src/actions_cpp/src/count_until_client.cpp:28:98:[m[K   required from here
[1.184s] [01m[K/usr/include/c++/11/type_traits:2205:11:[m[K [01;31m[Kerror: [m[Kno type named ‘[01m[Ktype[m[K’ in ‘[01m[Kstruct std::enable_if<false, std::function<void(const rclcpp_action::ClientGoalHandle<my_robot_interfaces::action::CountUntil>::WrappedResult&)>&>[m[K’
[1.184s]  2205 |     using [01;31m[K__enable_if_t[m[K = typename enable_if<_Cond, _Tp>::type;
[1.184s]       |           [01;31m[K^~~~~~~~~~~~~[m[K
[1.184s] In file included from [01m[K/usr/include/c++/11/future:47[m[K,
[1.184s]                  from [01m[K/opt/ros/humble/include/rclcpp/rclcpp/executors.hpp:18[m[K,
[1.184s]                  from [01m[K/opt/ros/humble/include/rclcpp/rclcpp/rclcpp.hpp:155[m[K,
[1.184s]                  from [01m[K/home/parallels/ros2_ws/src/actions_cpp/src/count_until_client.cpp:1[m[K:
[1.184s] [01m[K/usr/include/c++/11/bits/std_function.h:540:9:[m[K [01;36m[Knote: [m[Kcandidate: ‘[01m[Ktemplate<class _Functor> std::function<_Res(_ArgTypes ...)>& std::function<_Res(_ArgTypes ...)>::operator=(std::reference_wrapper<_Functor>) [with _Functor = _Functor; _Res = void; _ArgTypes = {const rclcpp_action::ClientGoalHandle<my_robot_interfaces::action::CountUntil>::WrappedResult&}][m[K’
[1.184s]   540 |         [01;36m[Koperator[m[K=(reference_wrapper<_Functor> __f) noexcept
[1.184s]       |         [01;36m[K^~~~~~~~[m[K
[1.184s] [01m[K/usr/include/c++/11/bits/std_function.h:540:9:[m[K [01;36m[Knote: [m[K  template argument deduction/substitution failed:
[1.184s] [01m[K/home/parallels/ros2_ws/src/actions_cpp/src/count_until_client.cpp:28:98:[m[K [01;36m[Knote: [m[K  ‘[01m[Kstd::_Bind<void (CountUntilClientNode::*(CountUntilClientNode*, std::_Placeholder<1>))(const std::shared_ptr<rclcpp_action::ClientGoalHandle<my_robot_interfaces::action::CountUntil> >&)>[m[K’ is not derived from ‘[01m[Kstd::reference_wrapper<_Tp>[m[K’
[1.184s]    28 |         options.result_callback = std::bind(&CountUntilClientNode::goal_response_callback,this,_1[01;36m[K)[m[K;
[1.184s]       |                                                                                                  [01;36m[K^[m[K
[1.184s] In file included from [01m[K/usr/include/c++/11/future:47[m[K,
[1.184s]                  from [01m[K/opt/ros/humble/include/rclcpp/rclcpp/executors.hpp:18[m[K,
[1.184s]                  from [01m[K/opt/ros/humble/include/rclcpp/rclcpp/rclcpp.hpp:155[m[K,
[1.184s]                  from [01m[K/home/parallels/ros2_ws/src/actions_cpp/src/count_until_client.cpp:1[m[K:
[1.184s] [01m[K/usr/include/c++/11/bits/std_function.h:469:7:[m[K [01;36m[Knote: [m[Kcandidate: ‘[01m[Kstd::function<_Res(_ArgTypes ...)>& std::function<_Res(_ArgTypes ...)>::operator=(const std::function<_Res(_ArgTypes ...)>&) [with _Res = void; _ArgTypes = {const rclcpp_action::ClientGoalHandle<my_robot_interfaces::action::CountUntil>::WrappedResult&}][m[K’
[1.184s]   469 |       [01;36m[Koperator[m[K=(const function& __x)
[1.184s]       |       [01;36m[K^~~~~~~~[m[K
[1.184s] [01m[K/usr/include/c++/11/bits/std_function.h:469:33:[m[K [01;36m[Knote: [m[K  no known conversion for argument 1 from ‘[01m[Kstd::_Bind_helper<false, void (CountUntilClientNode::*)(const std::shared_ptr<rclcpp_action::ClientGoalHandle<my_robot_interfaces::action::CountUntil> >&), CountUntilClientNode*, const std::_Placeholder<1>&>::type[m[K’ to ‘[01m[Kconst std::function<void(const rclcpp_action::ClientGoalHandle<my_robot_interfaces::action::CountUntil>::WrappedResult&)>&[m[K’
[1.184s]   469 |       operator=([01;36m[Kconst function& __x[m[K)
[1.184s]       |                 [01;36m[K~~~~~~~~~~~~~~~~^~~[m[K
[1.184s] [01m[K/usr/include/c++/11/bits/std_function.h:487:7:[m[K [01;36m[Knote: [m[Kcandidate: ‘[01m[Kstd::function<_Res(_ArgTypes ...)>& std::function<_Res(_ArgTypes ...)>::operator=(std::function<_Res(_ArgTypes ...)>&&) [with _Res = void; _ArgTypes = {const rclcpp_action::ClientGoalHandle<my_robot_interfaces::action::CountUntil>::WrappedResult&}][m[K’
[1.184s]   487 |       [01;36m[Koperator[m[K=(function&& __x) noexcept
[1.185s]       |       [01;36m[K^~~~~~~~[m[K
[1.185s] [01m[K/usr/include/c++/11/bits/std_function.h:487:28:[m[K [01;36m[Knote: [m[K  no known conversion for argument 1 from ‘[01m[Kstd::_Bind_helper<false, void (CountUntilClientNode::*)(const std::shared_ptr<rclcpp_action::ClientGoalHandle<my_robot_interfaces::action::CountUntil> >&), CountUntilClientNode*, const std::_Placeholder<1>&>::type[m[K’ to ‘[01m[Kstd::function<void(const rclcpp_action::ClientGoalHandle<my_robot_interfaces::action::CountUntil>::WrappedResult&)>&&[m[K’
[1.185s]   487 |       operator=([01;36m[Kfunction&& __x[m[K) noexcept
[1.185s]       |                 [01;36m[K~~~~~~~~~~~^~~[m[K
[1.185s] [01m[K/usr/include/c++/11/bits/std_function.h:501:7:[m[K [01;36m[Knote: [m[Kcandidate: ‘[01m[Kstd::function<_Res(_ArgTypes ...)>& std::function<_Res(_ArgTypes ...)>::operator=(std::nullptr_t) [with _Res = void; _ArgTypes = {const rclcpp_action::ClientGoalHandle<my_robot_interfaces::action::CountUntil>::WrappedResult&}; std::nullptr_t = std::nullptr_t][m[K’
[1.185s]   501 |       [01;36m[Koperator[m[K=(nullptr_t) noexcept
[1.185s]       |       [01;36m[K^~~~~~~~[m[K
[1.185s] [01m[K/usr/include/c++/11/bits/std_function.h:501:17:[m[K [01;36m[Knote: [m[K  no known conversion for argument 1 from ‘[01m[Kstd::_Bind_helper<false, void (CountUntilClientNode::*)(const std::shared_ptr<rclcpp_action::ClientGoalHandle<my_robot_interfaces::action::CountUntil> >&), CountUntilClientNode*, const std::_Placeholder<1>&>::type[m[K’ to ‘[01m[Kstd::nullptr_t[m[K’
[1.185s]   501 |       operator=([01;36m[Knullptr_t[m[K) noexcept
[1.185s]       |                 [01;36m[K^~~~~~~~~[m[K
[1.504s] gmake[2]: *** [CMakeFiles/count_until_client.dir/build.make:76: CMakeFiles/count_until_client.dir/src/count_until_client.cpp.o] Error 1
[1.504s] gmake[1]: *** [CMakeFiles/Makefile2:165: CMakeFiles/count_until_client.dir/all] Error 2
[1.504s] gmake: *** [Makefile:146: all] Error 2
[1.505s] Invoked command in '/home/parallels/ros2_ws/build/actions_cpp' returned '2': CMAKE_PREFIX_PATH=/home/parallels/ros2_ws/install/my_robot_interfaces:/home/parallels/ros2_ws/install/actions_cpp:/home/parallels/ros2_ws/install/urdf_sim_tutorial:/home/parallels/ros2_ws/install/turtlecatch_bringup:/home/parallels/ros2_ws/install/polygon_plugins:/home/parallels/ros2_ws/install/polygon_base:/home/parallels/ros2_ws/install/my_robot_station_bringup:/home/parallels/ros2_ws/install/my_robot_bringup:/home/parallels/ros2_ws/install/my_cpp_pkg:/home/parallels/ros2_ws/install/my_robot_bringup_gazebo:/home/parallels/ros2_ws/install/my_robot_description:/home/parallels/ros2_ws/install/add_two_ints_cpp:/usr:/usr:/home/parallels/ros2_ws/install/turtlesim_catch_them_all:/home/parallels/ros2_ws/install/number_counter:/home/parallels/ros2_ws/install/my_py_pkg:/home/parallels/ros2_ws/install/actions_py:/home/parallels/ros2_ws/install/add_two_ints:/opt/ros/humble LD_LIBRARY_PATH=/home/parallels/ros2_ws/install/my_robot_interfaces/lib:/home/parallels/ros2_ws/install/polygon_plugins/lib:/opt/ros/humble/opt/rviz_ogre_vendor/lib:/opt/ros/humble/lib/aarch64-linux-gnu:/opt/ros/humble/lib /usr/bin/cmake --build /home/parallels/ros2_ws/build/actions_cpp -- -j8 -l8
