-- The C compiler identification is AppleClang 16.0.0.16000026
-- The CXX compiler identification is AppleClang 16.0.0.16000026
-- Detecting C compiler ABI info
-- Detecting C compiler ABI info - done
-- Check for working C compiler: /usr/bin/cc - skipped
-- Detecting C compile features
-- Detecting C compile features - done
-- Detecting CXX compiler ABI info
-- Detecting CXX compiler ABI info - done
-- Check for working CXX compiler: /usr/bin/c++ - skipped
-- Detecting CXX compile features
-- Detecting CXX compile features - done
-- Found moveit_common: 2.5.9 (/Users/dhruvpatel29/humble-ros2/install/moveit_common/share/moveit_common/cmake)
-- Found ament_cmake: 1.3.11 (/Users/dhruvpatel29/humble-ros2/install/ament_cmake/share/ament_cmake/cmake)
-- Found Python3: /Library/Frameworks/Python.framework/Versions/3.11/bin/python3 (found version "3.11.9") found components: Interpreter
-- Found Boost: /opt/homebrew/lib/cmake/Boost-1.88.0/BoostConfig.cmake (found version "1.88.0") found components: system filesystem date_time thread
-- Found control_msgs: 4.8.0 (/Users/dhruvpatel29/humble-ros2/install/control_msgs/share/control_msgs/cmake)
-- Found rosidl_generator_c: 3.1.6 (/Users/dhruvpatel29/humble-ros2/install/rosidl_generator_c/share/rosidl_generator_c/cmake)
-- Found rosidl_adapter: 3.1.6 (/Users/dhruvpatel29/humble-ros2/install/rosidl_adapter/share/rosidl_adapter/cmake)
-- Found rosidl_generator_cpp: 3.1.6 (/Users/dhruvpatel29/humble-ros2/install/rosidl_generator_cpp/share/rosidl_generator_cpp/cmake)
-- Using all available rosidl_typesupport_c: rosidl_typesupport_introspection_c;rosidl_typesupport_fastrtps_c
-- Using all available rosidl_typesupport_cpp: rosidl_typesupport_introspection_cpp;rosidl_typesupport_fastrtps_cpp
-- Found moveit_core: 2.5.9 (/Users/dhruvpatel29/humble-ros2/install/moveit_core/share/moveit_core/cmake)
-- Found Boost: /opt/homebrew/lib/cmake/Boost-1.88.0/BoostConfig.cmake (found version "1.88.0") found components: chrono date_time filesystem iostreams program_options regex serialization system thread
-- Found parameter_traits: 0.4.0 (/Users/dhruvpatel29/humble-ros2/install/parameter_traits/share/parameter_traits/cmake)
-- Found rmw_implementation_cmake: 6.1.2 (/Users/dhruvpatel29/humble-ros2/install/rmw_implementation_cmake/share/rmw_implementation_cmake/cmake)
-- Found rmw_fastrtps_cpp: 6.2.7 (/Users/dhruvpatel29/humble-ros2/install/rmw_fastrtps_cpp/share/rmw_fastrtps_cpp/cmake)
-- Found OpenSSL: /opt/homebrew/opt/openssl@3/lib/libcrypto.dylib (found version "3.5.0")
-- Found FastRTPS: /Users/dhruvpatel29/humble-ros2/install/fastrtps/include
-- Using RMW implementation 'rmw_fastrtps_cpp' as default
-- Found Threads: TRUE
-- Found rclcpp_lifecycle: 16.0.12 (/Users/dhruvpatel29/humble-ros2/install/rclcpp_lifecycle/share/rclcpp_lifecycle/cmake)
-- Found Boost: /opt/homebrew/lib/cmake/Boost-1.88.0/BoostConfig.cmake (found version "1.88.0") found components: random
-- library: /Library/Developer/CommandLineTools/SDKs/MacOSX.sdk/usr/lib/libcurl.tbd
-- Found Eigen3: TRUE (found version "3.4.0")
-- Ensuring Eigen3 include directory is part of orocos-kdl CMake target
-- Configuring incomplete, errors occurred!
