[0.798s] Invoking command in '/home/parallels/ros2_ws/src/add_two_ints': PYTHONPATH=/home/parallels/ros2_ws/build/add_two_ints/prefix_override:/usr/lib/python3/dist-packages/colcon_core/task/python/colcon_distutils_commands:/home/parallels/ros2_ws/install/add_two_ints/lib/python3.10/site-packages:${PYTHONPATH} /usr/bin/python3 -W ignore:setup.py install is deprecated -W ignore:easy_install command is deprecated setup.py egg_info --egg-base ../../build/add_two_ints build --build-base /home/parallels/ros2_ws/build/add_two_ints/build install --record /home/parallels/ros2_ws/build/add_two_ints/install.log --single-version-externally-managed install_data
[0.994s] running egg_info
[0.994s] writing ../../build/add_two_ints/add_two_ints.egg-info/PKG-INFO
[0.994s] writing dependency_links to ../../build/add_two_ints/add_two_ints.egg-info/dependency_links.txt
[0.994s] writing entry points to ../../build/add_two_ints/add_two_ints.egg-info/entry_points.txt
[0.994s] writing requirements to ../../build/add_two_ints/add_two_ints.egg-info/requires.txt
[0.994s] writing top-level names to ../../build/add_two_ints/add_two_ints.egg-info/top_level.txt
[0.995s] reading manifest file '../../build/add_two_ints/add_two_ints.egg-info/SOURCES.txt'
[0.996s] writing manifest file '../../build/add_two_ints/add_two_ints.egg-info/SOURCES.txt'
[0.996s] running build
[0.996s] running build_py
[0.997s] running install
[0.997s] running install_lib
[0.998s] running install_data
[0.998s] running install_egg_info
[0.999s] removing '/home/parallels/ros2_ws/install/add_two_ints/lib/python3.10/site-packages/add_two_ints-0.0.0-py3.10.egg-info' (and everything under it)
[0.999s] Copying ../../build/add_two_ints/add_two_ints.egg-info to /home/parallels/ros2_ws/install/add_two_ints/lib/python3.10/site-packages/add_two_ints-0.0.0-py3.10.egg-info
[1.000s] running install_scripts
[1.024s] Installing add_two_ints_client script to /home/parallels/ros2_ws/install/add_two_ints/lib/add_two_ints
[1.024s] Installing add_two_ints_client_no_oop script to /home/parallels/ros2_ws/install/add_two_ints/lib/add_two_ints
[1.024s] Installing add_two_ints_server script to /home/parallels/ros2_ws/install/add_two_ints/lib/add_two_ints
[1.024s] writing list of installed files to '/home/parallels/ros2_ws/build/add_two_ints/install.log'
[1.035s] Invoked command in '/home/parallels/ros2_ws/src/add_two_ints' returned '0': PYTHONPATH=/home/parallels/ros2_ws/build/add_two_ints/prefix_override:/usr/lib/python3/dist-packages/colcon_core/task/python/colcon_distutils_commands:/home/parallels/ros2_ws/install/add_two_ints/lib/python3.10/site-packages:${PYTHONPATH} /usr/bin/python3 -W ignore:setup.py install is deprecated -W ignore:easy_install command is deprecated setup.py egg_info --egg-base ../../build/add_two_ints build --build-base /home/parallels/ros2_ws/build/add_two_ints/build install --record /home/parallels/ros2_ws/build/add_two_ints/install.log --single-version-externally-managed install_data
