[0.339s] Invoking command in '/home/parallels/ros2_ws/build/my_py_pkg': PYTHONPATH=/home/parallels/ros2_ws/build/my_py_pkg/prefix_override:/usr/lib/python3/dist-packages/colcon_core/task/python/colcon_distutils_commands:/home/parallels/ros2_ws/install/my_py_pkg/lib/python3.10/site-packages:${PYTHONPATH} /usr/bin/python3 -W ignore:setup.py install is deprecated setup.py develop --editable --build-directory /home/parallels/ros2_ws/build/my_py_pkg/build --no-deps symlink_data --force
[0.459s] running develop
[0.460s] /usr/lib/python3/dist-packages/setuptools/command/easy_install.py:158: EasyInstallDeprecationWarning: easy_install command is deprecated. Use build and pip and other standards-based tools.
[0.460s]   warnings.warn(
[0.524s] running egg_info
[0.524s] writing my_py_pkg.egg-info/PKG-INFO
[0.524s] writing dependency_links to my_py_pkg.egg-info/dependency_links.txt
[0.524s] writing entry points to my_py_pkg.egg-info/entry_points.txt
[0.524s] writing requirements to my_py_pkg.egg-info/requires.txt
[0.525s] writing top-level names to my_py_pkg.egg-info/top_level.txt
[0.526s] reading manifest file 'my_py_pkg.egg-info/SOURCES.txt'
[0.526s] writing manifest file 'my_py_pkg.egg-info/SOURCES.txt'
[0.527s] running build_ext
[0.527s] Creating /home/parallels/ros2_ws/install/my_py_pkg/lib/python3.10/site-packages/my-py-pkg.egg-link (link to .)
[0.527s] Installing py_node = my_py_pkg.my_first_node:mainrobot_news_station script to /home/parallels/ros2_ws/install/my_py_pkg/lib/my_py_pkg
[0.527s] 
[0.527s] Installed /home/parallels/ros2_ws/build/my_py_pkg
[0.527s] running symlink_data
[0.527s] symbolically linking /home/parallels/ros2_ws/build/my_py_pkg/resource/my_py_pkg -> /home/parallels/ros2_ws/install/my_py_pkg/share/ament_index/resource_index/packages
[0.528s] symbolically linking /home/parallels/ros2_ws/build/my_py_pkg/package.xml -> /home/parallels/ros2_ws/install/my_py_pkg/share/my_py_pkg
[0.541s] Invoked command in '/home/parallels/ros2_ws/build/my_py_pkg' returned '0': PYTHONPATH=/home/parallels/ros2_ws/build/my_py_pkg/prefix_override:/usr/lib/python3/dist-packages/colcon_core/task/python/colcon_distutils_commands:/home/parallels/ros2_ws/install/my_py_pkg/lib/python3.10/site-packages:${PYTHONPATH} /usr/bin/python3 -W ignore:setup.py install is deprecated setup.py develop --editable --build-directory /home/parallels/ros2_ws/build/my_py_pkg/build --no-deps symlink_data --force
