[0.023s] Invoking command in '/home/parallels/ros2_ws/build/my_robot_interfaces': CMAKE_PREFIX_PATH=${CMAKE_PREFIX_PATH}:/home/parallels/ros2_ws/install/turtlesim_catch_them_all:/home/parallels/ros2_ws/install/rqt_joint_trajectory_controller:/home/parallels/ros2_ws/install/rqt_controller_manager:/home/parallels/ros2_ws/install/ros2controlcli:/home/parallels/ros2_ws/install/ros2_controllers_test_nodes:/home/parallels/ros2_ws/install/number_counter:/home/parallels/ros2_ws/install/my_py_pkg:/home/parallels/ros2_ws/install/add_two_ints:/opt/ros/humble /usr/bin/cmake /home/parallels/ros2_ws/src/my_robot_interfaces -DCMAKE_INSTALL_PREFIX=/home/parallels/ros2_ws/install/my_robot_interfaces
[0.051s] -- Found ament_cmake: 1.3.11 (/opt/ros/humble/share/ament_cmake/cmake)
[0.208s] [31mCMake Error at CMakeLists.txt:10 (find_package):
[0.208s]   By not providing "Findrosidl_default_generators.cmake" in CMAKE_MODULE_PATH
[0.208s]   this project has asked CMake to find a package configuration file provided
[0.208s]   by "rosidl_default_generators", but CMake did not find one.
[0.208s] 
[0.208s]   Could not find a package configuration file provided by
[0.208s]   "rosidl_default_generators" with any of the following names:
[0.208s] 
[0.208s]     rosidl_default_generatorsConfig.cmake
[0.208s]     rosidl_default_generators-config.cmake
[0.208s] 
[0.208s]   Add the installation prefix of "rosidl_default_generators" to
[0.208s]   CMAKE_PREFIX_PATH or set "rosidl_default_generators_DIR" to a directory
[0.208s]   containing one of the above files.  If "rosidl_default_generators" provides
[0.208s]   a separate development package or SDK, be sure it has been installed.
[0.208s] 
[0.208s] [0m
[0.211s] -- Configuring incomplete, errors occurred!
[0.211s] See also "/home/parallels/ros2_ws/build/my_robot_interfaces/CMakeFiles/CMakeOutput.log".
[0.223s] Invoked command in '/home/parallels/ros2_ws/build/my_robot_interfaces' returned '1': CMAKE_PREFIX_PATH=${CMAKE_PREFIX_PATH}:/home/parallels/ros2_ws/install/turtlesim_catch_them_all:/home/parallels/ros2_ws/install/rqt_joint_trajectory_controller:/home/parallels/ros2_ws/install/rqt_controller_manager:/home/parallels/ros2_ws/install/ros2controlcli:/home/parallels/ros2_ws/install/ros2_controllers_test_nodes:/home/parallels/ros2_ws/install/number_counter:/home/parallels/ros2_ws/install/my_py_pkg:/home/parallels/ros2_ws/install/add_two_ints:/opt/ros/humble /usr/bin/cmake /home/parallels/ros2_ws/src/my_robot_interfaces -DCMAKE_INSTALL_PREFIX=/home/parallels/ros2_ws/install/my_robot_interfaces
