[0.010s] Invoking command in '/home/parallels/ros2_ws/build/my_cpp_pkg': CMAKE_PREFIX_PATH=/home/parallels/ros2_ws/install/my_robot_interfaces:/home/parallels/ros2_ws/install/my_robot_station_bringup:/home/parallels/ros2_ws/install/ros2_controllers:/home/parallels/ros2_ws/install/ign_ros2_control_demos:/home/parallels/ros2_ws/install/velocity_controllers:/home/parallels/ros2_ws/install/tricycle_steering_controller:/home/parallels/ros2_ws/install/tricycle_controller:/home/parallels/ros2_ws/install/ros2_control:/home/parallels/ros2_ws/install/transmission_interface:/home/parallels/ros2_ws/install/bicycle_steering_controller:/home/parallels/ros2_ws/install/ackermann_steering_controller:/home/parallels/ros2_ws/install/steering_controllers_library:/home/parallels/ros2_ws/install/gz_ros2_control_tests:/home/parallels/ros2_ws/install/ign_ros2_control:/home/parallels/ros2_ws/install/hardware_interface_testing:/home/parallels/ros2_ws/install/controller_manager:/home/parallels/ros2_ws/install/ros2_control_test_assets:/home/parallels/ros2_ws/install/range_sensor_broadcaster:/home/parallels/ros2_ws/install/position_controllers:/home/parallels/ros2_ws/install/polygon_plugins:/home/parallels/ros2_ws/install/polygon_base:/home/parallels/ros2_ws/install/my_cpp_pkg:/home/parallels/ros2_ws/install/my_robot_bringup:/home/parallels/ros2_ws/install/admittance_controller:/home/parallels/ros2_ws/install/joint_trajectory_controller:/home/parallels/ros2_ws/install/joint_state_broadcaster:/home/parallels/ros2_ws/install/joint_limits:/home/parallels/ros2_ws/install/imu_sensor_broadcaster:/home/parallels/ros2_ws/install/gripper_controllers:/home/parallels/ros2_ws/install/effort_controllers:/home/parallels/ros2_ws/install/forward_command_controller:/home/parallels/ros2_ws/install/force_torque_sensor_broadcaster:/home/parallels/ros2_ws/install/diff_drive_controller:/home/parallels/ros2_ws/install/controller_interface:/home/parallels/ros2_ws/install/hardware_interface:/home/parallels/ros2_ws/install/controller_manager_msgs:/home/parallels/ros2_ws/install/add_two_ints_cpp:/usr:/usr:/usr:/home/parallels/ros2_ws/install/rqt_joint_trajectory_controller:/home/parallels/ros2_ws/install/rqt_controller_manager:/home/parallels/ros2_ws/install/ros2controlcli:/home/parallels/ros2_ws/install/ros2_controllers_test_nodes:/home/parallels/ros2_ws/install/number_counter:/home/parallels/ros2_ws/install/my_py_pkg:/home/parallels/ros2_ws/install/add_two_ints:/opt/ros/humble LD_LIBRARY_PATH=/home/parallels/ros2_ws/install/my_robot_interfaces/lib:/home/parallels/ros2_ws/install/velocity_controllers/lib:/home/parallels/ros2_ws/install/tricycle_steering_controller/lib:/home/parallels/ros2_ws/install/tricycle_controller/lib:/home/parallels/ros2_ws/install/transmission_interface/lib:/home/parallels/ros2_ws/install/bicycle_steering_controller/lib:/home/parallels/ros2_ws/install/ackermann_steering_controller/lib:/home/parallels/ros2_ws/install/steering_controllers_library/lib:/home/parallels/ros2_ws/install/ign_ros2_control/lib:/home/parallels/ros2_ws/install/hardware_interface_testing/lib:/home/parallels/ros2_ws/install/controller_manager/lib:/home/parallels/ros2_ws/install/range_sensor_broadcaster/lib:/home/parallels/ros2_ws/install/position_controllers/lib:/home/parallels/ros2_ws/install/polygon_plugins/lib:/home/parallels/ros2_ws/install/admittance_controller/lib:/home/parallels/ros2_ws/install/joint_trajectory_controller/lib:/home/parallels/ros2_ws/install/joint_state_broadcaster/lib:/home/parallels/ros2_ws/install/imu_sensor_broadcaster/lib:/home/parallels/ros2_ws/install/gripper_controllers/lib:/home/parallels/ros2_ws/install/effort_controllers/lib:/home/parallels/ros2_ws/install/forward_command_controller/lib:/home/parallels/ros2_ws/install/force_torque_sensor_broadcaster/lib:/home/parallels/ros2_ws/install/diff_drive_controller/lib:/home/parallels/ros2_ws/install/controller_interface/lib:/home/parallels/ros2_ws/install/hardware_interface/lib:/home/parallels/ros2_ws/install/controller_manager_msgs/lib:/opt/ros/humble/opt/rviz_ogre_vendor/lib:/opt/ros/humble/lib/aarch64-linux-gnu:/opt/ros/humble/lib /usr/bin/cmake --build /home/parallels/ros2_ws/build/my_cpp_pkg -- -j4 -l4
[0.043s] -- Found ament_cmake: 1.3.10 (/opt/ros/humble/share/ament_cmake/cmake)
[0.113s] -- Found rclcpp: 16.0.10 (/opt/ros/humble/share/rclcpp/cmake)
[0.136s] -- Found rosidl_generator_c: 3.1.5 (/opt/ros/humble/share/rosidl_generator_c/cmake)
[0.138s] -- Found rosidl_adapter: 3.1.5 (/opt/ros/humble/share/rosidl_adapter/cmake)
[0.142s] -- Found rosidl_generator_cpp: 3.1.5 (/opt/ros/humble/share/rosidl_generator_cpp/cmake)
[0.150s] -- Using all available rosidl_typesupport_c: rosidl_typesupport_fastrtps_c;rosidl_typesupport_introspection_c
[0.159s] -- Using all available rosidl_typesupport_cpp: rosidl_typesupport_fastrtps_cpp;rosidl_typesupport_introspection_cpp
[0.183s] -- Found rmw_implementation_cmake: 6.1.2 (/opt/ros/humble/share/rmw_implementation_cmake/cmake)
[0.185s] -- Found rmw_fastrtps_cpp: 6.2.7 (/opt/ros/humble/share/rmw_fastrtps_cpp/cmake)
[0.270s] -- Using RMW implementation 'rmw_fastrtps_cpp' as default
[0.305s] -- Found example_interfaces: 0.9.3 (/opt/ros/humble/share/example_interfaces/cmake)
[0.330s] -- Found my_robot_interfaces: 0.0.0 (/home/parallels/ros2_ws/install/my_robot_interfaces/share/my_robot_interfaces/cmake)
[0.383s] -- Configuring done
[0.385s] [33mCMake Warning (dev) at CMakeLists.txt:24 (add_executable):
[0.385s]   Policy CMP0115 is not set: Source file extensions must be explicit.  Run
[0.385s]   "cmake --help-policy CMP0115" for policy details.  Use the cmake_policy
[0.385s]   command to set the policy and suppress this warning.
[0.385s] 
[0.385s]   File:
[0.385s] 
[0.385s]     /home/parallels/ros2_ws/src/my_cpp_pkg/src/hardwareStatus_pub.cpp
[0.386s] This warning is for project developers.  Use -Wno-dev to suppress it.
[0.386s] [0m
[0.386s] [33mCMake Warning (dev) at CMakeLists.txt:27 (add_executable):
[0.386s]   Policy CMP0115 is not set: Source file extensions must be explicit.  Run
[0.386s]   "cmake --help-policy CMP0115" for policy details.  Use the cmake_policy
[0.386s]   command to set the policy and suppress this warning.
[0.386s] 
[0.386s]   File:
[0.386s] 
[0.386s]     /home/parallels/ros2_ws/src/my_cpp_pkg/src/hardwarestatus_sub.cpp
[0.386s] This warning is for project developers.  Use -Wno-dev to suppress it.
[0.386s] [0m
[0.386s] [33mCMake Warning (dev) at CMakeLists.txt:30 (add_executable):
[0.386s]   Policy CMP0115 is not set: Source file extensions must be explicit.  Run
[0.386s]   "cmake --help-policy CMP0115" for policy details.  Use the cmake_policy
[0.386s]   command to set the policy and suppress this warning.
[0.386s] 
[0.386s]   File:
[0.386s] 
[0.386s]     /home/parallels/ros2_ws/src/my_cpp_pkg/src/battery_node.cpp
[0.386s] This warning is for project developers.  Use -Wno-dev to suppress it.
[0.386s] [0m
[0.386s] [33mCMake Warning (dev) at CMakeLists.txt:33 (add_executable):
[0.386s]   Policy CMP0115 is not set: Source file extensions must be explicit.  Run
[0.386s]   "cmake --help-policy CMP0115" for policy details.  Use the cmake_policy
[0.386s]   command to set the policy and suppress this warning.
[0.386s] 
[0.386s]   File:
[0.386s] 
[0.386s]     /home/parallels/ros2_ws/src/my_cpp_pkg/src/LED_panel.cpp
[0.386s] This warning is for project developers.  Use -Wno-dev to suppress it.
[0.386s] [0m
[0.402s] -- Generating done
[0.404s] -- Build files have been written to: /home/parallels/ros2_ws/build/my_cpp_pkg
[0.420s] [35m[1mConsolidate compiler generated dependencies of target cpp_node[0m
[0.421s] [35m[1mConsolidate compiler generated dependencies of target smartphone[0m
[0.428s] [35m[1mConsolidate compiler generated dependencies of target robot_radio_station[0m
[0.431s] [35m[1mConsolidate compiler generated dependencies of target hardwarestatus_pub[0m
[0.438s] [  7%] [32mBuilding CXX object CMakeFiles/smartphone.dir/src/smartphone.cpp.o[0m
[0.442s] [ 14%] [32mBuilding CXX object CMakeFiles/cpp_node.dir/src/my_first_node.cpp.o[0m
[0.450s] [ 21%] [32mBuilding CXX object CMakeFiles/hardwarestatus_pub.dir/src/hardwareStatus_pub.cpp.o[0m
[0.461s] [ 28%] [32mBuilding CXX object CMakeFiles/robot_radio_station.dir/src/robot_radio_station.cpp.o[0m
[3.009s] [ 35%] [32m[1mLinking CXX executable cpp_node[0m
[3.187s] [ 35%] Built target cpp_node
[3.222s] [35m[1mConsolidate compiler generated dependencies of target hardwarestatus_sub[0m
[3.335s] [ 42%] [32mBuilding CXX object CMakeFiles/hardwarestatus_sub.dir/src/hardwarestatus_sub.cpp.o[0m
[3.767s] [ 50%] [32m[1mLinking CXX executable robot_radio_station[0m
[3.890s] [ 57%] [32m[1mLinking CXX executable hardwarestatus_pub[0m
[4.082s] [ 57%] Built target robot_radio_station
[4.117s] [35m[1mConsolidate compiler generated dependencies of target client_battery[0m
[4.121s] [ 57%] Built target hardwarestatus_pub
[4.139s] [35m[1mConsolidate compiler generated dependencies of target LED_panel[0m
[4.145s] [ 64%] [32mBuilding CXX object CMakeFiles/client_battery.dir/src/battery_node.cpp.o[0m
[4.172s] [ 71%] [32mBuilding CXX object CMakeFiles/LED_panel.dir/src/LED_panel.cpp.o[0m
[6.350s] [ 78%] [32m[1mLinking CXX executable smartphone[0m
[6.686s] [ 85%] [32m[1mLinking CXX executable client_battery[0m
[6.699s] [ 85%] Built target smartphone
[6.818s] [ 85%] Built target client_battery
[7.747s] [ 92%] [32m[1mLinking CXX executable LED_panel[0m
[7.882s] [ 92%] Built target LED_panel
[8.737s] [100%] [32m[1mLinking CXX executable hardwarestatus_sub[0m
[8.952s] [100%] Built target hardwarestatus_sub
[9.006s] Invoked command in '/home/parallels/ros2_ws/build/my_cpp_pkg' returned '0': CMAKE_PREFIX_PATH=/home/parallels/ros2_ws/install/my_robot_interfaces:/home/parallels/ros2_ws/install/my_robot_station_bringup:/home/parallels/ros2_ws/install/ros2_controllers:/home/parallels/ros2_ws/install/ign_ros2_control_demos:/home/parallels/ros2_ws/install/velocity_controllers:/home/parallels/ros2_ws/install/tricycle_steering_controller:/home/parallels/ros2_ws/install/tricycle_controller:/home/parallels/ros2_ws/install/ros2_control:/home/parallels/ros2_ws/install/transmission_interface:/home/parallels/ros2_ws/install/bicycle_steering_controller:/home/parallels/ros2_ws/install/ackermann_steering_controller:/home/parallels/ros2_ws/install/steering_controllers_library:/home/parallels/ros2_ws/install/gz_ros2_control_tests:/home/parallels/ros2_ws/install/ign_ros2_control:/home/parallels/ros2_ws/install/hardware_interface_testing:/home/parallels/ros2_ws/install/controller_manager:/home/parallels/ros2_ws/install/ros2_control_test_assets:/home/parallels/ros2_ws/install/range_sensor_broadcaster:/home/parallels/ros2_ws/install/position_controllers:/home/parallels/ros2_ws/install/polygon_plugins:/home/parallels/ros2_ws/install/polygon_base:/home/parallels/ros2_ws/install/my_cpp_pkg:/home/parallels/ros2_ws/install/my_robot_bringup:/home/parallels/ros2_ws/install/admittance_controller:/home/parallels/ros2_ws/install/joint_trajectory_controller:/home/parallels/ros2_ws/install/joint_state_broadcaster:/home/parallels/ros2_ws/install/joint_limits:/home/parallels/ros2_ws/install/imu_sensor_broadcaster:/home/parallels/ros2_ws/install/gripper_controllers:/home/parallels/ros2_ws/install/effort_controllers:/home/parallels/ros2_ws/install/forward_command_controller:/home/parallels/ros2_ws/install/force_torque_sensor_broadcaster:/home/parallels/ros2_ws/install/diff_drive_controller:/home/parallels/ros2_ws/install/controller_interface:/home/parallels/ros2_ws/install/hardware_interface:/home/parallels/ros2_ws/install/controller_manager_msgs:/home/parallels/ros2_ws/install/add_two_ints_cpp:/usr:/usr:/usr:/home/parallels/ros2_ws/install/rqt_joint_trajectory_controller:/home/parallels/ros2_ws/install/rqt_controller_manager:/home/parallels/ros2_ws/install/ros2controlcli:/home/parallels/ros2_ws/install/ros2_controllers_test_nodes:/home/parallels/ros2_ws/install/number_counter:/home/parallels/ros2_ws/install/my_py_pkg:/home/parallels/ros2_ws/install/add_two_ints:/opt/ros/humble LD_LIBRARY_PATH=/home/parallels/ros2_ws/install/my_robot_interfaces/lib:/home/parallels/ros2_ws/install/velocity_controllers/lib:/home/parallels/ros2_ws/install/tricycle_steering_controller/lib:/home/parallels/ros2_ws/install/tricycle_controller/lib:/home/parallels/ros2_ws/install/transmission_interface/lib:/home/parallels/ros2_ws/install/bicycle_steering_controller/lib:/home/parallels/ros2_ws/install/ackermann_steering_controller/lib:/home/parallels/ros2_ws/install/steering_controllers_library/lib:/home/parallels/ros2_ws/install/ign_ros2_control/lib:/home/parallels/ros2_ws/install/hardware_interface_testing/lib:/home/parallels/ros2_ws/install/controller_manager/lib:/home/parallels/ros2_ws/install/range_sensor_broadcaster/lib:/home/parallels/ros2_ws/install/position_controllers/lib:/home/parallels/ros2_ws/install/polygon_plugins/lib:/home/parallels/ros2_ws/install/admittance_controller/lib:/home/parallels/ros2_ws/install/joint_trajectory_controller/lib:/home/parallels/ros2_ws/install/joint_state_broadcaster/lib:/home/parallels/ros2_ws/install/imu_sensor_broadcaster/lib:/home/parallels/ros2_ws/install/gripper_controllers/lib:/home/parallels/ros2_ws/install/effort_controllers/lib:/home/parallels/ros2_ws/install/forward_command_controller/lib:/home/parallels/ros2_ws/install/force_torque_sensor_broadcaster/lib:/home/parallels/ros2_ws/install/diff_drive_controller/lib:/home/parallels/ros2_ws/install/controller_interface/lib:/home/parallels/ros2_ws/install/hardware_interface/lib:/home/parallels/ros2_ws/install/controller_manager_msgs/lib:/opt/ros/humble/opt/rviz_ogre_vendor/lib:/opt/ros/humble/lib/aarch64-linux-gnu:/opt/ros/humble/lib /usr/bin/cmake --build /home/parallels/ros2_ws/build/my_cpp_pkg -- -j4 -l4
[9.062s] Invoking command in '/home/parallels/ros2_ws/build/my_cpp_pkg': CMAKE_PREFIX_PATH=/home/parallels/ros2_ws/install/my_robot_interfaces:/home/parallels/ros2_ws/install/my_robot_station_bringup:/home/parallels/ros2_ws/install/ros2_controllers:/home/parallels/ros2_ws/install/ign_ros2_control_demos:/home/parallels/ros2_ws/install/velocity_controllers:/home/parallels/ros2_ws/install/tricycle_steering_controller:/home/parallels/ros2_ws/install/tricycle_controller:/home/parallels/ros2_ws/install/ros2_control:/home/parallels/ros2_ws/install/transmission_interface:/home/parallels/ros2_ws/install/bicycle_steering_controller:/home/parallels/ros2_ws/install/ackermann_steering_controller:/home/parallels/ros2_ws/install/steering_controllers_library:/home/parallels/ros2_ws/install/gz_ros2_control_tests:/home/parallels/ros2_ws/install/ign_ros2_control:/home/parallels/ros2_ws/install/hardware_interface_testing:/home/parallels/ros2_ws/install/controller_manager:/home/parallels/ros2_ws/install/ros2_control_test_assets:/home/parallels/ros2_ws/install/range_sensor_broadcaster:/home/parallels/ros2_ws/install/position_controllers:/home/parallels/ros2_ws/install/polygon_plugins:/home/parallels/ros2_ws/install/polygon_base:/home/parallels/ros2_ws/install/my_cpp_pkg:/home/parallels/ros2_ws/install/my_robot_bringup:/home/parallels/ros2_ws/install/admittance_controller:/home/parallels/ros2_ws/install/joint_trajectory_controller:/home/parallels/ros2_ws/install/joint_state_broadcaster:/home/parallels/ros2_ws/install/joint_limits:/home/parallels/ros2_ws/install/imu_sensor_broadcaster:/home/parallels/ros2_ws/install/gripper_controllers:/home/parallels/ros2_ws/install/effort_controllers:/home/parallels/ros2_ws/install/forward_command_controller:/home/parallels/ros2_ws/install/force_torque_sensor_broadcaster:/home/parallels/ros2_ws/install/diff_drive_controller:/home/parallels/ros2_ws/install/controller_interface:/home/parallels/ros2_ws/install/hardware_interface:/home/parallels/ros2_ws/install/controller_manager_msgs:/home/parallels/ros2_ws/install/add_two_ints_cpp:/usr:/usr:/usr:/home/parallels/ros2_ws/install/rqt_joint_trajectory_controller:/home/parallels/ros2_ws/install/rqt_controller_manager:/home/parallels/ros2_ws/install/ros2controlcli:/home/parallels/ros2_ws/install/ros2_controllers_test_nodes:/home/parallels/ros2_ws/install/number_counter:/home/parallels/ros2_ws/install/my_py_pkg:/home/parallels/ros2_ws/install/add_two_ints:/opt/ros/humble LD_LIBRARY_PATH=/home/parallels/ros2_ws/install/my_robot_interfaces/lib:/home/parallels/ros2_ws/install/velocity_controllers/lib:/home/parallels/ros2_ws/install/tricycle_steering_controller/lib:/home/parallels/ros2_ws/install/tricycle_controller/lib:/home/parallels/ros2_ws/install/transmission_interface/lib:/home/parallels/ros2_ws/install/bicycle_steering_controller/lib:/home/parallels/ros2_ws/install/ackermann_steering_controller/lib:/home/parallels/ros2_ws/install/steering_controllers_library/lib:/home/parallels/ros2_ws/install/ign_ros2_control/lib:/home/parallels/ros2_ws/install/hardware_interface_testing/lib:/home/parallels/ros2_ws/install/controller_manager/lib:/home/parallels/ros2_ws/install/range_sensor_broadcaster/lib:/home/parallels/ros2_ws/install/position_controllers/lib:/home/parallels/ros2_ws/install/polygon_plugins/lib:/home/parallels/ros2_ws/install/admittance_controller/lib:/home/parallels/ros2_ws/install/joint_trajectory_controller/lib:/home/parallels/ros2_ws/install/joint_state_broadcaster/lib:/home/parallels/ros2_ws/install/imu_sensor_broadcaster/lib:/home/parallels/ros2_ws/install/gripper_controllers/lib:/home/parallels/ros2_ws/install/effort_controllers/lib:/home/parallels/ros2_ws/install/forward_command_controller/lib:/home/parallels/ros2_ws/install/force_torque_sensor_broadcaster/lib:/home/parallels/ros2_ws/install/diff_drive_controller/lib:/home/parallels/ros2_ws/install/controller_interface/lib:/home/parallels/ros2_ws/install/hardware_interface/lib:/home/parallels/ros2_ws/install/controller_manager_msgs/lib:/opt/ros/humble/opt/rviz_ogre_vendor/lib:/opt/ros/humble/lib/aarch64-linux-gnu:/opt/ros/humble/lib /usr/bin/cmake --install /home/parallels/ros2_ws/build/my_cpp_pkg
[9.066s] -- Install configuration: ""
[9.068s] -- Installing: /home/parallels/ros2_ws/install/my_cpp_pkg/lib/my_cpp_pkg/cpp_node
[9.069s] -- Set runtime path of "/home/parallels/ros2_ws/install/my_cpp_pkg/lib/my_cpp_pkg/cpp_node" to ""
[9.072s] -- Installing: /home/parallels/ros2_ws/install/my_cpp_pkg/lib/my_cpp_pkg/robot_radio_station
[9.075s] -- Set runtime path of "/home/parallels/ros2_ws/install/my_cpp_pkg/lib/my_cpp_pkg/robot_radio_station" to ""
[9.076s] -- Installing: /home/parallels/ros2_ws/install/my_cpp_pkg/lib/my_cpp_pkg/smartphone
[9.079s] -- Set runtime path of "/home/parallels/ros2_ws/install/my_cpp_pkg/lib/my_cpp_pkg/smartphone" to ""
[9.079s] -- Installing: /home/parallels/ros2_ws/install/my_cpp_pkg/lib/my_cpp_pkg/hardwarestatus_pub
[9.081s] -- Set runtime path of "/home/parallels/ros2_ws/install/my_cpp_pkg/lib/my_cpp_pkg/hardwarestatus_pub" to ""
[9.082s] -- Installing: /home/parallels/ros2_ws/install/my_cpp_pkg/lib/my_cpp_pkg/hardwarestatus_sub
[9.085s] -- Set runtime path of "/home/parallels/ros2_ws/install/my_cpp_pkg/lib/my_cpp_pkg/hardwarestatus_sub" to ""
[9.086s] -- Installing: /home/parallels/ros2_ws/install/my_cpp_pkg/lib/my_cpp_pkg/client_battery
[9.086s] -- Set runtime path of "/home/parallels/ros2_ws/install/my_cpp_pkg/lib/my_cpp_pkg/client_battery" to ""
[9.087s] -- Installing: /home/parallels/ros2_ws/install/my_cpp_pkg/lib/my_cpp_pkg/LED_panel
[9.089s] -- Set runtime path of "/home/parallels/ros2_ws/install/my_cpp_pkg/lib/my_cpp_pkg/LED_panel" to ""
[9.089s] -- Installing: /home/parallels/ros2_ws/install/my_cpp_pkg/share/ament_index/resource_index/package_run_dependencies/my_cpp_pkg
[9.089s] -- Installing: /home/parallels/ros2_ws/install/my_cpp_pkg/share/ament_index/resource_index/parent_prefix_path/my_cpp_pkg
[9.091s] -- Installing: /home/parallels/ros2_ws/install/my_cpp_pkg/share/my_cpp_pkg/environment/ament_prefix_path.sh
[9.091s] -- Installing: /home/parallels/ros2_ws/install/my_cpp_pkg/share/my_cpp_pkg/environment/ament_prefix_path.dsv
[9.091s] -- Installing: /home/parallels/ros2_ws/install/my_cpp_pkg/share/my_cpp_pkg/environment/path.sh
[9.091s] -- Installing: /home/parallels/ros2_ws/install/my_cpp_pkg/share/my_cpp_pkg/environment/path.dsv
[9.092s] -- Installing: /home/parallels/ros2_ws/install/my_cpp_pkg/share/my_cpp_pkg/local_setup.bash
[9.092s] -- Installing: /home/parallels/ros2_ws/install/my_cpp_pkg/share/my_cpp_pkg/local_setup.sh
[9.092s] -- Installing: /home/parallels/ros2_ws/install/my_cpp_pkg/share/my_cpp_pkg/local_setup.zsh
[9.092s] -- Installing: /home/parallels/ros2_ws/install/my_cpp_pkg/share/my_cpp_pkg/local_setup.dsv
[9.092s] -- Installing: /home/parallels/ros2_ws/install/my_cpp_pkg/share/my_cpp_pkg/package.dsv
[9.092s] -- Installing: /home/parallels/ros2_ws/install/my_cpp_pkg/share/ament_index/resource_index/packages/my_cpp_pkg
[9.093s] -- Installing: /home/parallels/ros2_ws/install/my_cpp_pkg/share/my_cpp_pkg/cmake/my_cpp_pkgConfig.cmake
[9.093s] -- Installing: /home/parallels/ros2_ws/install/my_cpp_pkg/share/my_cpp_pkg/cmake/my_cpp_pkgConfig-version.cmake
[9.093s] -- Installing: /home/parallels/ros2_ws/install/my_cpp_pkg/share/my_cpp_pkg/package.xml
[9.105s] Invoked command in '/home/parallels/ros2_ws/build/my_cpp_pkg' returned '0': CMAKE_PREFIX_PATH=/home/parallels/ros2_ws/install/my_robot_interfaces:/home/parallels/ros2_ws/install/my_robot_station_bringup:/home/parallels/ros2_ws/install/ros2_controllers:/home/parallels/ros2_ws/install/ign_ros2_control_demos:/home/parallels/ros2_ws/install/velocity_controllers:/home/parallels/ros2_ws/install/tricycle_steering_controller:/home/parallels/ros2_ws/install/tricycle_controller:/home/parallels/ros2_ws/install/ros2_control:/home/parallels/ros2_ws/install/transmission_interface:/home/parallels/ros2_ws/install/bicycle_steering_controller:/home/parallels/ros2_ws/install/ackermann_steering_controller:/home/parallels/ros2_ws/install/steering_controllers_library:/home/parallels/ros2_ws/install/gz_ros2_control_tests:/home/parallels/ros2_ws/install/ign_ros2_control:/home/parallels/ros2_ws/install/hardware_interface_testing:/home/parallels/ros2_ws/install/controller_manager:/home/parallels/ros2_ws/install/ros2_control_test_assets:/home/parallels/ros2_ws/install/range_sensor_broadcaster:/home/parallels/ros2_ws/install/position_controllers:/home/parallels/ros2_ws/install/polygon_plugins:/home/parallels/ros2_ws/install/polygon_base:/home/parallels/ros2_ws/install/my_cpp_pkg:/home/parallels/ros2_ws/install/my_robot_bringup:/home/parallels/ros2_ws/install/admittance_controller:/home/parallels/ros2_ws/install/joint_trajectory_controller:/home/parallels/ros2_ws/install/joint_state_broadcaster:/home/parallels/ros2_ws/install/joint_limits:/home/parallels/ros2_ws/install/imu_sensor_broadcaster:/home/parallels/ros2_ws/install/gripper_controllers:/home/parallels/ros2_ws/install/effort_controllers:/home/parallels/ros2_ws/install/forward_command_controller:/home/parallels/ros2_ws/install/force_torque_sensor_broadcaster:/home/parallels/ros2_ws/install/diff_drive_controller:/home/parallels/ros2_ws/install/controller_interface:/home/parallels/ros2_ws/install/hardware_interface:/home/parallels/ros2_ws/install/controller_manager_msgs:/home/parallels/ros2_ws/install/add_two_ints_cpp:/usr:/usr:/usr:/home/parallels/ros2_ws/install/rqt_joint_trajectory_controller:/home/parallels/ros2_ws/install/rqt_controller_manager:/home/parallels/ros2_ws/install/ros2controlcli:/home/parallels/ros2_ws/install/ros2_controllers_test_nodes:/home/parallels/ros2_ws/install/number_counter:/home/parallels/ros2_ws/install/my_py_pkg:/home/parallels/ros2_ws/install/add_two_ints:/opt/ros/humble LD_LIBRARY_PATH=/home/parallels/ros2_ws/install/my_robot_interfaces/lib:/home/parallels/ros2_ws/install/velocity_controllers/lib:/home/parallels/ros2_ws/install/tricycle_steering_controller/lib:/home/parallels/ros2_ws/install/tricycle_controller/lib:/home/parallels/ros2_ws/install/transmission_interface/lib:/home/parallels/ros2_ws/install/bicycle_steering_controller/lib:/home/parallels/ros2_ws/install/ackermann_steering_controller/lib:/home/parallels/ros2_ws/install/steering_controllers_library/lib:/home/parallels/ros2_ws/install/ign_ros2_control/lib:/home/parallels/ros2_ws/install/hardware_interface_testing/lib:/home/parallels/ros2_ws/install/controller_manager/lib:/home/parallels/ros2_ws/install/range_sensor_broadcaster/lib:/home/parallels/ros2_ws/install/position_controllers/lib:/home/parallels/ros2_ws/install/polygon_plugins/lib:/home/parallels/ros2_ws/install/admittance_controller/lib:/home/parallels/ros2_ws/install/joint_trajectory_controller/lib:/home/parallels/ros2_ws/install/joint_state_broadcaster/lib:/home/parallels/ros2_ws/install/imu_sensor_broadcaster/lib:/home/parallels/ros2_ws/install/gripper_controllers/lib:/home/parallels/ros2_ws/install/effort_controllers/lib:/home/parallels/ros2_ws/install/forward_command_controller/lib:/home/parallels/ros2_ws/install/force_torque_sensor_broadcaster/lib:/home/parallels/ros2_ws/install/diff_drive_controller/lib:/home/parallels/ros2_ws/install/controller_interface/lib:/home/parallels/ros2_ws/install/hardware_interface/lib:/home/parallels/ros2_ws/install/controller_manager_msgs/lib:/opt/ros/humble/opt/rviz_ogre_vendor/lib:/opt/ros/humble/lib/aarch64-linux-gnu:/opt/ros/humble/lib /usr/bin/cmake --install /home/parallels/ros2_ws/build/my_cpp_pkg
