-- Found ament_cmake: 1.3.10 (/opt/ros/humble/share/ament_cmake/cmake)
-- Found rclcpp: 16.0.10 (/opt/ros/humble/share/rclcpp/cmake)
-- Found rosidl_generator_c: 3.1.5 (/opt/ros/humble/share/rosidl_generator_c/cmake)
-- Found rosidl_adapter: 3.1.5 (/opt/ros/humble/share/rosidl_adapter/cmake)
-- Found rosidl_generator_cpp: 3.1.5 (/opt/ros/humble/share/rosidl_generator_cpp/cmake)
-- Using all available rosidl_typesupport_c: rosidl_typesupport_fastrtps_c;rosidl_typesupport_introspection_c
-- Using all available rosidl_typesupport_cpp: rosidl_typesupport_fastrtps_cpp;rosidl_typesupport_introspection_cpp
-- Found rmw_implementation_cmake: 6.1.2 (/opt/ros/humble/share/rmw_implementation_cmake/cmake)
-- Found rmw_fastrtps_cpp: 6.2.7 (/opt/ros/humble/share/rmw_fastrtps_cpp/cmake)
-- Using RMW implementation 'rmw_fastrtps_cpp' as default
-- Found example_interfaces: 0.9.3 (/opt/ros/humble/share/example_interfaces/cmake)
-- Configuring done
-- Generating done
-- Build files have been written to: /home/parallels/ros2_ws/build/my_cpp_pkg
[35m[1mConsolidate compiler generated dependencies of target robot_radio_station[0m
[35m[1mConsolidate compiler generated dependencies of target cpp_node[0m
[ 16%] [32mBuilding CXX object CMakeFiles/smartphone.dir/src/smartphone.cpp.o[0m
[ 50%] Built target robot_radio_station
[ 83%] Built target cpp_node
[01m[K/home/parallels/ros2_ws/src/my_cpp_pkg/src/smartphone.cpp:[m[K In constructor ‘[01m[Ksmartphone::smartphone()[m[K’:
[01m[K/home/parallels/ros2_ws/src/my_cpp_pkg/src/smartphone.cpp:9:118:[m[K [01;31m[Kerror: [m[Kno matching function for call to ‘[01m[Ksmartphone::callBackRobotNews()[m[K’
    9 |         subscriber_ = this->create_subscription<example_interfaces::msg::String>("robot_news",[01;31m[Kthis->callBackRobotNews()[m[K,10);
      |                                                                                               [01;31m[K~~~~~~~~~~~~~~~~~~~~~~~^~[m[K
[01m[K/home/parallels/ros2_ws/src/my_cpp_pkg/src/smartphone.cpp:13:10:[m[K [01;36m[Knote: [m[Kcandidate: ‘[01m[Kvoid smartphone::callBackRobotNews(example_interfaces::msg::String_<std::allocator<void> >::SharedPtr)[m[K’
   13 |     void [01;36m[KcallBackRobotNews[m[K(const example_interfaces::msg::String::SharedPtr msg){
      |          [01;36m[K^~~~~~~~~~~~~~~~~[m[K
[01m[K/home/parallels/ros2_ws/src/my_cpp_pkg/src/smartphone.cpp:13:10:[m[K [01;36m[Knote: [m[K  candidate expects 1 argument, 0 provided
gmake[2]: *** [CMakeFiles/smartphone.dir/build.make:76: CMakeFiles/smartphone.dir/src/smartphone.cpp.o] Error 1
gmake[1]: *** [CMakeFiles/Makefile2:193: CMakeFiles/smartphone.dir/all] Error 2
gmake: *** [Makefile:146: all] Error 2
