[0.006s] Invoking command in '/home/parallels/ros2_ws/ROS2_Humble/build/components_cpp': CMAKE_PREFIX_PATH=${CMAKE_PREFIX_PATH}:/home/parallels/ros2_ws/ROS2_Humble/install/components_py:/home/parallels/ros2_ws/ROS2_Humble/install/turtlesim_catch_them_all:/home/parallels/ros2_ws/ROS2_Humble/install/number_counter:/home/parallels/ros2_ws/ROS2_Humble/install/my_py_pkg:/home/parallels/ros2_ws/ROS2_Humble/install/actions_py:/home/parallels/ros2_ws/ROS2_Humble/install/lifecycle_py:/home/parallels/ros2_ws/ROS2_Humble/install/executors_py:/home/parallels/ros2_ws/ROS2_Humble/install/add_two_ints:/opt/ros/humble /usr/bin/cmake /home/parallels/ros2_ws/ROS2_Humble/src/components_cpp -DCMAKE_INSTALL_PREFIX=/home/parallels/ros2_ws/ROS2_Humble/install/components_cpp
[0.081s] -- The C compiler identification is GNU 11.4.0
[0.136s] -- The CXX compiler identification is GNU 11.4.0
[0.147s] -- Detecting C compiler ABI info
[0.192s] -- Detecting C compiler ABI info - done
[0.196s] -- Check for working C compiler: /usr/bin/cc - skipped
[0.196s] -- Detecting C compile features
[0.197s] -- Detecting C compile features - done
[0.199s] -- Detecting CXX compiler ABI info
[0.236s] -- Detecting CXX compiler ABI info - done
[0.240s] -- Check for working CXX compiler: /usr/bin/c++ - skipped
[0.240s] -- Detecting CXX compile features
[0.240s] -- Detecting CXX compile features - done
[0.253s] -- Found ament_cmake: 1.3.11 (/opt/ros/humble/share/ament_cmake/cmake)
[0.343s] -- Found Python3: /usr/bin/python3 (found version "3.10.12") found components: Interpreter 
[0.461s] -- Found rclcpp: 16.0.12 (/opt/ros/humble/share/rclcpp/cmake)
[0.554s] -- Found rosidl_generator_c: 3.1.6 (/opt/ros/humble/share/rosidl_generator_c/cmake)
[0.568s] -- Found rosidl_adapter: 3.1.6 (/opt/ros/humble/share/rosidl_adapter/cmake)
[0.584s] -- Found rosidl_generator_cpp: 3.1.6 (/opt/ros/humble/share/rosidl_generator_cpp/cmake)
[0.604s] -- Using all available rosidl_typesupport_c: rosidl_typesupport_fastrtps_c;rosidl_typesupport_introspection_c
[0.628s] -- Using all available rosidl_typesupport_cpp: rosidl_typesupport_fastrtps_cpp;rosidl_typesupport_introspection_cpp
[0.718s] -- Found rmw_implementation_cmake: 6.1.2 (/opt/ros/humble/share/rmw_implementation_cmake/cmake)
[0.726s] -- Found rmw_fastrtps_cpp: 6.2.7 (/opt/ros/humble/share/rmw_fastrtps_cpp/cmake)
[0.805s] -- Found OpenSSL: /usr/lib/aarch64-linux-gnu/libcrypto.so (found version "3.0.2")  
[0.826s] -- Found FastRTPS: /opt/ros/humble/include  
[0.853s] -- Using RMW implementation 'rmw_fastrtps_cpp' as default
[0.869s] -- Looking for pthread.h
[0.902s] -- Looking for pthread.h - found
[0.902s] -- Performing Test CMAKE_HAVE_LIBC_PTHREAD
[0.936s] -- Performing Test CMAKE_HAVE_LIBC_PTHREAD - Success
[0.937s] -- Found Threads: TRUE  
[1.039s] -- Configuring done
[1.046s] -- Generating done
[1.048s] -- Build files have been written to: /home/parallels/ros2_ws/ROS2_Humble/build/components_cpp
[1.053s] Invoked command in '/home/parallels/ros2_ws/ROS2_Humble/build/components_cpp' returned '0': CMAKE_PREFIX_PATH=${CMAKE_PREFIX_PATH}:/home/parallels/ros2_ws/ROS2_Humble/install/components_py:/home/parallels/ros2_ws/ROS2_Humble/install/turtlesim_catch_them_all:/home/parallels/ros2_ws/ROS2_Humble/install/number_counter:/home/parallels/ros2_ws/ROS2_Humble/install/my_py_pkg:/home/parallels/ros2_ws/ROS2_Humble/install/actions_py:/home/parallels/ros2_ws/ROS2_Humble/install/lifecycle_py:/home/parallels/ros2_ws/ROS2_Humble/install/executors_py:/home/parallels/ros2_ws/ROS2_Humble/install/add_two_ints:/opt/ros/humble /usr/bin/cmake /home/parallels/ros2_ws/ROS2_Humble/src/components_cpp -DCMAKE_INSTALL_PREFIX=/home/parallels/ros2_ws/ROS2_Humble/install/components_cpp
[1.055s] Invoking command in '/home/parallels/ros2_ws/ROS2_Humble/build/components_cpp': CMAKE_PREFIX_PATH=${CMAKE_PREFIX_PATH}:/home/parallels/ros2_ws/ROS2_Humble/install/components_py:/home/parallels/ros2_ws/ROS2_Humble/install/turtlesim_catch_them_all:/home/parallels/ros2_ws/ROS2_Humble/install/number_counter:/home/parallels/ros2_ws/ROS2_Humble/install/my_py_pkg:/home/parallels/ros2_ws/ROS2_Humble/install/actions_py:/home/parallels/ros2_ws/ROS2_Humble/install/lifecycle_py:/home/parallels/ros2_ws/ROS2_Humble/install/executors_py:/home/parallels/ros2_ws/ROS2_Humble/install/add_two_ints:/opt/ros/humble /usr/bin/cmake --build /home/parallels/ros2_ws/ROS2_Humble/build/components_cpp -- -j8 -l8
[1.075s] [ 50%] [32mBuilding CXX object CMakeFiles/manual_composition.dir/src/node1.cpp.o[0m
[1.075s] [ 25%] [32mBuilding CXX object CMakeFiles/manual_composition.dir/src/manual_composition.cpp.o[0m
[1.075s] [ 75%] [32mBuilding CXX object CMakeFiles/manual_composition.dir/src/node2.cpp.o[0m
[2.895s] [100%] [32m[1mLinking CXX executable manual_composition[0m
[2.971s] [100%] Built target manual_composition
[2.977s] Invoked command in '/home/parallels/ros2_ws/ROS2_Humble/build/components_cpp' returned '0': CMAKE_PREFIX_PATH=${CMAKE_PREFIX_PATH}:/home/parallels/ros2_ws/ROS2_Humble/install/components_py:/home/parallels/ros2_ws/ROS2_Humble/install/turtlesim_catch_them_all:/home/parallels/ros2_ws/ROS2_Humble/install/number_counter:/home/parallels/ros2_ws/ROS2_Humble/install/my_py_pkg:/home/parallels/ros2_ws/ROS2_Humble/install/actions_py:/home/parallels/ros2_ws/ROS2_Humble/install/lifecycle_py:/home/parallels/ros2_ws/ROS2_Humble/install/executors_py:/home/parallels/ros2_ws/ROS2_Humble/install/add_two_ints:/opt/ros/humble /usr/bin/cmake --build /home/parallels/ros2_ws/ROS2_Humble/build/components_cpp -- -j8 -l8
[2.981s] Invoking command in '/home/parallels/ros2_ws/ROS2_Humble/build/components_cpp': CMAKE_PREFIX_PATH=${CMAKE_PREFIX_PATH}:/home/parallels/ros2_ws/ROS2_Humble/install/components_py:/home/parallels/ros2_ws/ROS2_Humble/install/turtlesim_catch_them_all:/home/parallels/ros2_ws/ROS2_Humble/install/number_counter:/home/parallels/ros2_ws/ROS2_Humble/install/my_py_pkg:/home/parallels/ros2_ws/ROS2_Humble/install/actions_py:/home/parallels/ros2_ws/ROS2_Humble/install/lifecycle_py:/home/parallels/ros2_ws/ROS2_Humble/install/executors_py:/home/parallels/ros2_ws/ROS2_Humble/install/add_two_ints:/opt/ros/humble /usr/bin/cmake --install /home/parallels/ros2_ws/ROS2_Humble/build/components_cpp
[2.984s] -- Install configuration: ""
[2.984s] -- Installing: /home/parallels/ros2_ws/ROS2_Humble/install/components_cpp/lib/components_cpp/manual_composition
[2.984s] -- Set runtime path of "/home/parallels/ros2_ws/ROS2_Humble/install/components_cpp/lib/components_cpp/manual_composition" to ""
[2.984s] -- Installing: /home/parallels/ros2_ws/ROS2_Humble/install/components_cpp/share/ament_index/resource_index/package_run_dependencies/components_cpp
[2.984s] -- Installing: /home/parallels/ros2_ws/ROS2_Humble/install/components_cpp/share/ament_index/resource_index/parent_prefix_path/components_cpp
[2.985s] -- Installing: /home/parallels/ros2_ws/ROS2_Humble/install/components_cpp/share/components_cpp/environment/ament_prefix_path.sh
[2.985s] -- Installing: /home/parallels/ros2_ws/ROS2_Humble/install/components_cpp/share/components_cpp/environment/ament_prefix_path.dsv
[2.985s] -- Installing: /home/parallels/ros2_ws/ROS2_Humble/install/components_cpp/share/components_cpp/environment/path.sh
[2.985s] -- Installing: /home/parallels/ros2_ws/ROS2_Humble/install/components_cpp/share/components_cpp/environment/path.dsv
[2.985s] -- Installing: /home/parallels/ros2_ws/ROS2_Humble/install/components_cpp/share/components_cpp/local_setup.bash
[2.985s] -- Installing: /home/parallels/ros2_ws/ROS2_Humble/install/components_cpp/share/components_cpp/local_setup.sh
[2.985s] -- Installing: /home/parallels/ros2_ws/ROS2_Humble/install/components_cpp/share/components_cpp/local_setup.zsh
[2.985s] -- Installing: /home/parallels/ros2_ws/ROS2_Humble/install/components_cpp/share/components_cpp/local_setup.dsv
[2.985s] -- Installing: /home/parallels/ros2_ws/ROS2_Humble/install/components_cpp/share/components_cpp/package.dsv
[2.985s] -- Installing: /home/parallels/ros2_ws/ROS2_Humble/install/components_cpp/share/ament_index/resource_index/packages/components_cpp
[2.985s] -- Installing: /home/parallels/ros2_ws/ROS2_Humble/install/components_cpp/share/components_cpp/cmake/components_cppConfig.cmake
[2.986s] -- Installing: /home/parallels/ros2_ws/ROS2_Humble/install/components_cpp/share/components_cpp/cmake/components_cppConfig-version.cmake
[2.986s] -- Installing: /home/parallels/ros2_ws/ROS2_Humble/install/components_cpp/share/components_cpp/package.xml
[2.986s] Invoked command in '/home/parallels/ros2_ws/ROS2_Humble/build/components_cpp' returned '0': CMAKE_PREFIX_PATH=${CMAKE_PREFIX_PATH}:/home/parallels/ros2_ws/ROS2_Humble/install/components_py:/home/parallels/ros2_ws/ROS2_Humble/install/turtlesim_catch_them_all:/home/parallels/ros2_ws/ROS2_Humble/install/number_counter:/home/parallels/ros2_ws/ROS2_Humble/install/my_py_pkg:/home/parallels/ros2_ws/ROS2_Humble/install/actions_py:/home/parallels/ros2_ws/ROS2_Humble/install/lifecycle_py:/home/parallels/ros2_ws/ROS2_Humble/install/executors_py:/home/parallels/ros2_ws/ROS2_Humble/install/add_two_ints:/opt/ros/humble /usr/bin/cmake --install /home/parallels/ros2_ws/ROS2_Humble/build/components_cpp
