[0.695s] Invoking command in '/home/parallels/ros2_ws/ROS2_Humble/src/my_py_pkg': AMENT_PREFIX_PATH=/home/parallels/ros2_ws/ROS2_Humble/install/my_robot_interfaces:${AMENT_PREFIX_PATH} CMAKE_PREFIX_PATH=/home/parallels/ros2_ws/ROS2_Humble/install/my_robot_interfaces:/home/parallels/ros2_humble/install/lifecycle_cpp:/home/parallels/ros2_ws/install/urdf_sim_tutorial:/home/parallels/ros2_ws/install/turtlecatch_bringup:/home/parallels/ros2_ws/install/polygon_plugins:/home/parallels/ros2_ws/install/polygon_base:/home/parallels/ros2_ws/install/my_robot_station_bringup:/home/parallels/ros2_ws/install/my_robot_bringup:/home/parallels/ros2_ws/install/my_cpp_pkg:/home/parallels/ros2_ws/install/actions_cpp:/home/parallels/ros2_ws/install/my_robot_interfaces:/home/parallels/ros2_ws/install/my_robot_bringup_gazebo:/home/parallels/ros2_ws/install/my_robot_description:/home/parallels/ros2_ws/install/add_two_ints_cpp:/usr LD_LIBRARY_PATH=/home/parallels/ros2_ws/ROS2_Humble/install/my_robot_interfaces/lib:${LD_LIBRARY_PATH} PYTHONPATH=/home/parallels/ros2_ws/ROS2_Humble/build/my_py_pkg/prefix_override:/usr/lib/python3/dist-packages/colcon_core/task/python/colcon_distutils_commands:/home/parallels/ros2_ws/ROS2_Humble/install/my_py_pkg/lib/python3.10/site-packages:/home/parallels/ros2_ws/ROS2_Humble/install/my_robot_interfaces/local/lib/python3.10/dist-packages:${PYTHONPATH} /usr/bin/python3 -W ignore:setup.py install is deprecated -W ignore:easy_install command is deprecated setup.py egg_info --egg-base ../../build/my_py_pkg build --build-base /home/parallels/ros2_ws/ROS2_Humble/build/my_py_pkg/build install --record /home/parallels/ros2_ws/ROS2_Humble/build/my_py_pkg/install.log --single-version-externally-managed install_data
[0.838s] running egg_info
[0.838s] creating ../../build/my_py_pkg/my_py_pkg.egg-info
[0.839s] writing ../../build/my_py_pkg/my_py_pkg.egg-info/PKG-INFO
[0.839s] writing dependency_links to ../../build/my_py_pkg/my_py_pkg.egg-info/dependency_links.txt
[0.839s] writing entry points to ../../build/my_py_pkg/my_py_pkg.egg-info/entry_points.txt
[0.839s] writing requirements to ../../build/my_py_pkg/my_py_pkg.egg-info/requires.txt
[0.839s] writing top-level names to ../../build/my_py_pkg/my_py_pkg.egg-info/top_level.txt
[0.839s] writing manifest file '../../build/my_py_pkg/my_py_pkg.egg-info/SOURCES.txt'
[0.841s] reading manifest file '../../build/my_py_pkg/my_py_pkg.egg-info/SOURCES.txt'
[0.842s] writing manifest file '../../build/my_py_pkg/my_py_pkg.egg-info/SOURCES.txt'
[0.842s] running build
[0.842s] running build_py
[0.842s] creating /home/parallels/ros2_ws/ROS2_Humble/build/my_py_pkg/build
[0.843s] creating /home/parallels/ros2_ws/ROS2_Humble/build/my_py_pkg/build/lib
[0.843s] creating /home/parallels/ros2_ws/ROS2_Humble/build/my_py_pkg/build/lib/my_py_pkg
[0.843s] copying my_py_pkg/__init__.py -> /home/parallels/ros2_ws/ROS2_Humble/build/my_py_pkg/build/lib/my_py_pkg
[0.843s] copying my_py_pkg/HardwareStatus_publisher.py -> /home/parallels/ros2_ws/ROS2_Humble/build/my_py_pkg/build/lib/my_py_pkg
[0.843s] copying my_py_pkg/robot_news_station.py -> /home/parallels/ros2_ws/ROS2_Humble/build/my_py_pkg/build/lib/my_py_pkg
[0.843s] copying my_py_pkg/hardwarestatus_sub.py -> /home/parallels/ros2_ws/ROS2_Humble/build/my_py_pkg/build/lib/my_py_pkg
[0.843s] copying my_py_pkg/smartphone.py -> /home/parallels/ros2_ws/ROS2_Humble/build/my_py_pkg/build/lib/my_py_pkg
[0.844s] copying my_py_pkg/my_first_node.py -> /home/parallels/ros2_ws/ROS2_Humble/build/my_py_pkg/build/lib/my_py_pkg
[0.844s] copying my_py_pkg/python_temp.py -> /home/parallels/ros2_ws/ROS2_Humble/build/my_py_pkg/build/lib/my_py_pkg
[0.844s] running install
[0.845s] running install_lib
[0.846s] creating /home/parallels/ros2_ws/ROS2_Humble/install/my_py_pkg/lib/python3.10/site-packages/my_py_pkg
[0.846s] copying /home/parallels/ros2_ws/ROS2_Humble/build/my_py_pkg/build/lib/my_py_pkg/__init__.py -> /home/parallels/ros2_ws/ROS2_Humble/install/my_py_pkg/lib/python3.10/site-packages/my_py_pkg
[0.846s] copying /home/parallels/ros2_ws/ROS2_Humble/build/my_py_pkg/build/lib/my_py_pkg/HardwareStatus_publisher.py -> /home/parallels/ros2_ws/ROS2_Humble/install/my_py_pkg/lib/python3.10/site-packages/my_py_pkg
[0.846s] copying /home/parallels/ros2_ws/ROS2_Humble/build/my_py_pkg/build/lib/my_py_pkg/robot_news_station.py -> /home/parallels/ros2_ws/ROS2_Humble/install/my_py_pkg/lib/python3.10/site-packages/my_py_pkg
[0.846s] copying /home/parallels/ros2_ws/ROS2_Humble/build/my_py_pkg/build/lib/my_py_pkg/hardwarestatus_sub.py -> /home/parallels/ros2_ws/ROS2_Humble/install/my_py_pkg/lib/python3.10/site-packages/my_py_pkg
[0.846s] copying /home/parallels/ros2_ws/ROS2_Humble/build/my_py_pkg/build/lib/my_py_pkg/smartphone.py -> /home/parallels/ros2_ws/ROS2_Humble/install/my_py_pkg/lib/python3.10/site-packages/my_py_pkg
[0.846s] copying /home/parallels/ros2_ws/ROS2_Humble/build/my_py_pkg/build/lib/my_py_pkg/my_first_node.py -> /home/parallels/ros2_ws/ROS2_Humble/install/my_py_pkg/lib/python3.10/site-packages/my_py_pkg
[0.847s] copying /home/parallels/ros2_ws/ROS2_Humble/build/my_py_pkg/build/lib/my_py_pkg/python_temp.py -> /home/parallels/ros2_ws/ROS2_Humble/install/my_py_pkg/lib/python3.10/site-packages/my_py_pkg
[0.847s] byte-compiling /home/parallels/ros2_ws/ROS2_Humble/install/my_py_pkg/lib/python3.10/site-packages/my_py_pkg/__init__.py to __init__.cpython-310.pyc
[0.847s] byte-compiling /home/parallels/ros2_ws/ROS2_Humble/install/my_py_pkg/lib/python3.10/site-packages/my_py_pkg/HardwareStatus_publisher.py to HardwareStatus_publisher.cpython-310.pyc
[0.847s] byte-compiling /home/parallels/ros2_ws/ROS2_Humble/install/my_py_pkg/lib/python3.10/site-packages/my_py_pkg/robot_news_station.py to robot_news_station.cpython-310.pyc
[0.847s] byte-compiling /home/parallels/ros2_ws/ROS2_Humble/install/my_py_pkg/lib/python3.10/site-packages/my_py_pkg/hardwarestatus_sub.py to hardwarestatus_sub.cpython-310.pyc
[0.847s] byte-compiling /home/parallels/ros2_ws/ROS2_Humble/install/my_py_pkg/lib/python3.10/site-packages/my_py_pkg/smartphone.py to smartphone.cpython-310.pyc
[0.847s] byte-compiling /home/parallels/ros2_ws/ROS2_Humble/install/my_py_pkg/lib/python3.10/site-packages/my_py_pkg/my_first_node.py to my_first_node.cpython-310.pyc
[0.847s] byte-compiling /home/parallels/ros2_ws/ROS2_Humble/install/my_py_pkg/lib/python3.10/site-packages/my_py_pkg/python_temp.py to python_temp.cpython-310.pyc
[0.847s] running install_data
[0.847s] creating /home/parallels/ros2_ws/ROS2_Humble/install/my_py_pkg/share/ament_index
[0.848s] creating /home/parallels/ros2_ws/ROS2_Humble/install/my_py_pkg/share/ament_index/resource_index
[0.848s] creating /home/parallels/ros2_ws/ROS2_Humble/install/my_py_pkg/share/ament_index/resource_index/packages
[0.848s] copying resource/my_py_pkg -> /home/parallels/ros2_ws/ROS2_Humble/install/my_py_pkg/share/ament_index/resource_index/packages
[0.848s] copying package.xml -> /home/parallels/ros2_ws/ROS2_Humble/install/my_py_pkg/share/my_py_pkg
[0.848s] running install_egg_info
[0.848s] Copying ../../build/my_py_pkg/my_py_pkg.egg-info to /home/parallels/ros2_ws/ROS2_Humble/install/my_py_pkg/lib/python3.10/site-packages/my_py_pkg-0.0.0-py3.10.egg-info
[0.849s] running install_scripts
[0.871s] Installing HardwareStatus_pub script to /home/parallels/ros2_ws/ROS2_Humble/install/my_py_pkg/lib/my_py_pkg
[0.871s] Installing hardware_status_sub script to /home/parallels/ros2_ws/ROS2_Humble/install/my_py_pkg/lib/my_py_pkg
[0.872s] Installing py_node script to /home/parallels/ros2_ws/ROS2_Humble/install/my_py_pkg/lib/my_py_pkg
[0.872s] Installing robot_news_station script to /home/parallels/ros2_ws/ROS2_Humble/install/my_py_pkg/lib/my_py_pkg
[0.872s] Installing smartphone script to /home/parallels/ros2_ws/ROS2_Humble/install/my_py_pkg/lib/my_py_pkg
[0.872s] writing list of installed files to '/home/parallels/ros2_ws/ROS2_Humble/build/my_py_pkg/install.log'
[0.887s] Invoked command in '/home/parallels/ros2_ws/ROS2_Humble/src/my_py_pkg' returned '0': AMENT_PREFIX_PATH=/home/parallels/ros2_ws/ROS2_Humble/install/my_robot_interfaces:${AMENT_PREFIX_PATH} CMAKE_PREFIX_PATH=/home/parallels/ros2_ws/ROS2_Humble/install/my_robot_interfaces:/home/parallels/ros2_humble/install/lifecycle_cpp:/home/parallels/ros2_ws/install/urdf_sim_tutorial:/home/parallels/ros2_ws/install/turtlecatch_bringup:/home/parallels/ros2_ws/install/polygon_plugins:/home/parallels/ros2_ws/install/polygon_base:/home/parallels/ros2_ws/install/my_robot_station_bringup:/home/parallels/ros2_ws/install/my_robot_bringup:/home/parallels/ros2_ws/install/my_cpp_pkg:/home/parallels/ros2_ws/install/actions_cpp:/home/parallels/ros2_ws/install/my_robot_interfaces:/home/parallels/ros2_ws/install/my_robot_bringup_gazebo:/home/parallels/ros2_ws/install/my_robot_description:/home/parallels/ros2_ws/install/add_two_ints_cpp:/usr LD_LIBRARY_PATH=/home/parallels/ros2_ws/ROS2_Humble/install/my_robot_interfaces/lib:${LD_LIBRARY_PATH} PYTHONPATH=/home/parallels/ros2_ws/ROS2_Humble/build/my_py_pkg/prefix_override:/usr/lib/python3/dist-packages/colcon_core/task/python/colcon_distutils_commands:/home/parallels/ros2_ws/ROS2_Humble/install/my_py_pkg/lib/python3.10/site-packages:/home/parallels/ros2_ws/ROS2_Humble/install/my_robot_interfaces/local/lib/python3.10/dist-packages:${PYTHONPATH} /usr/bin/python3 -W ignore:setup.py install is deprecated -W ignore:easy_install command is deprecated setup.py egg_info --egg-base ../../build/my_py_pkg build --build-base /home/parallels/ros2_ws/ROS2_Humble/build/my_py_pkg/build install --record /home/parallels/ros2_ws/ROS2_Humble/build/my_py_pkg/install.log --single-version-externally-managed install_data
