[0.032s] Invoking command in '/home/parallels/ros2_ws/ROS2_Humble/build/polygon_plugins': AMENT_PREFIX_PATH=/home/parallels/ros2_ws/ROS2_Humble/install/polygon_base:${AMENT_PREFIX_PATH} CMAKE_PREFIX_PATH=/home/parallels/ros2_ws/ROS2_Humble/install/polygon_base:/home/parallels/ros2_humble/install/lifecycle_cpp:/home/parallels/ros2_ws/install/urdf_sim_tutorial:/home/parallels/ros2_ws/install/turtlecatch_bringup:/home/parallels/ros2_ws/install/polygon_plugins:/home/parallels/ros2_ws/install/polygon_base:/home/parallels/ros2_ws/install/my_robot_station_bringup:/home/parallels/ros2_ws/install/my_robot_bringup:/home/parallels/ros2_ws/install/my_cpp_pkg:/home/parallels/ros2_ws/install/actions_cpp:/home/parallels/ros2_ws/install/my_robot_interfaces:/home/parallels/ros2_ws/install/my_robot_bringup_gazebo:/home/parallels/ros2_ws/install/my_robot_description:/home/parallels/ros2_ws/install/add_two_ints_cpp:/usr:/home/parallels/ros2_humble/install/lifecycle_py:/home/parallels/ros2_ws/install/turtlesim_catch_them_all:/home/parallels/ros2_ws/install/number_counter:/home/parallels/ros2_ws/install/my_py_pkg:/home/parallels/ros2_ws/install/actions_py:/home/parallels/ros2_ws/install/add_two_ints:/opt/ros/humble /usr/bin/cmake /home/parallels/ros2_ws/ROS2_Humble/src/polygon_plugins -DCMAKE_INSTALL_PREFIX=/home/parallels/ros2_ws/ROS2_Humble/install/polygon_plugins
[0.077s] -- The C compiler identification is GNU 11.4.0
[0.123s] -- The CXX compiler identification is GNU 11.4.0
[0.127s] -- Detecting C compiler ABI info
[0.181s] -- Detecting C compiler ABI info - done
[0.185s] -- Check for working C compiler: /usr/bin/cc - skipped
[0.185s] -- Detecting C compile features
[0.185s] -- Detecting C compile features - done
[0.187s] -- Detecting CXX compiler ABI info
[0.256s] -- Detecting CXX compiler ABI info - done
[0.262s] -- Check for working CXX compiler: /usr/bin/c++ - skipped
[0.262s] -- Detecting CXX compile features
[0.263s] -- Detecting CXX compile features - done
[0.273s] -- Found ament_cmake: 1.3.11 (/opt/ros/humble/share/ament_cmake/cmake)
[0.394s] -- Found Python3: /usr/bin/python3 (found version "3.10.12") found components: Interpreter 
[0.546s] -- Found ament_cmake_ros: 0.10.0 (/opt/ros/humble/share/ament_cmake_ros/cmake)
[0.561s] -- Found polygon_base: 0.0.0 (/home/parallels/ros2_ws/ROS2_Humble/install/polygon_base/share/polygon_base/cmake)
[0.566s] -- Found pluginlib: 5.1.0 (/opt/ros/humble/share/pluginlib/cmake)
[0.620s] -- Found ament_lint_auto: 0.12.12 (/opt/ros/humble/share/ament_lint_auto/cmake)
[0.714s] -- Added test 'cppcheck' to perform static code analysis on C / C++ code
[0.714s] -- Configured cppcheck include dirs: $<BUILD_INTERFACE:/home/parallels/ros2_ws/ROS2_Humble/src/polygon_plugins/include>
[0.714s] -- Configured cppcheck exclude dirs and/or files: 
[0.724s] -- Added test 'lint_cmake' to check CMake code style
[0.724s] -- Added test 'uncrustify' to check C / C++ code style
[0.724s] -- Configured uncrustify additional arguments: 
[0.724s] -- Added test 'xmllint' to check XML markup files
[0.725s] -- Configuring done
[0.728s] -- Generating done
[0.732s] -- Build files have been written to: /home/parallels/ros2_ws/ROS2_Humble/build/polygon_plugins
[0.743s] Invoked command in '/home/parallels/ros2_ws/ROS2_Humble/build/polygon_plugins' returned '0': AMENT_PREFIX_PATH=/home/parallels/ros2_ws/ROS2_Humble/install/polygon_base:${AMENT_PREFIX_PATH} CMAKE_PREFIX_PATH=/home/parallels/ros2_ws/ROS2_Humble/install/polygon_base:/home/parallels/ros2_humble/install/lifecycle_cpp:/home/parallels/ros2_ws/install/urdf_sim_tutorial:/home/parallels/ros2_ws/install/turtlecatch_bringup:/home/parallels/ros2_ws/install/polygon_plugins:/home/parallels/ros2_ws/install/polygon_base:/home/parallels/ros2_ws/install/my_robot_station_bringup:/home/parallels/ros2_ws/install/my_robot_bringup:/home/parallels/ros2_ws/install/my_cpp_pkg:/home/parallels/ros2_ws/install/actions_cpp:/home/parallels/ros2_ws/install/my_robot_interfaces:/home/parallels/ros2_ws/install/my_robot_bringup_gazebo:/home/parallels/ros2_ws/install/my_robot_description:/home/parallels/ros2_ws/install/add_two_ints_cpp:/usr:/home/parallels/ros2_humble/install/lifecycle_py:/home/parallels/ros2_ws/install/turtlesim_catch_them_all:/home/parallels/ros2_ws/install/number_counter:/home/parallels/ros2_ws/install/my_py_pkg:/home/parallels/ros2_ws/install/actions_py:/home/parallels/ros2_ws/install/add_two_ints:/opt/ros/humble /usr/bin/cmake /home/parallels/ros2_ws/ROS2_Humble/src/polygon_plugins -DCMAKE_INSTALL_PREFIX=/home/parallels/ros2_ws/ROS2_Humble/install/polygon_plugins
[0.744s] Invoking command in '/home/parallels/ros2_ws/ROS2_Humble/build/polygon_plugins': AMENT_PREFIX_PATH=/home/parallels/ros2_ws/ROS2_Humble/install/polygon_base:${AMENT_PREFIX_PATH} CMAKE_PREFIX_PATH=/home/parallels/ros2_ws/ROS2_Humble/install/polygon_base:/home/parallels/ros2_humble/install/lifecycle_cpp:/home/parallels/ros2_ws/install/urdf_sim_tutorial:/home/parallels/ros2_ws/install/turtlecatch_bringup:/home/parallels/ros2_ws/install/polygon_plugins:/home/parallels/ros2_ws/install/polygon_base:/home/parallels/ros2_ws/install/my_robot_station_bringup:/home/parallels/ros2_ws/install/my_robot_bringup:/home/parallels/ros2_ws/install/my_cpp_pkg:/home/parallels/ros2_ws/install/actions_cpp:/home/parallels/ros2_ws/install/my_robot_interfaces:/home/parallels/ros2_ws/install/my_robot_bringup_gazebo:/home/parallels/ros2_ws/install/my_robot_description:/home/parallels/ros2_ws/install/add_two_ints_cpp:/usr:/home/parallels/ros2_humble/install/lifecycle_py:/home/parallels/ros2_ws/install/turtlesim_catch_them_all:/home/parallels/ros2_ws/install/number_counter:/home/parallels/ros2_ws/install/my_py_pkg:/home/parallels/ros2_ws/install/actions_py:/home/parallels/ros2_ws/install/add_two_ints:/opt/ros/humble /usr/bin/cmake --build /home/parallels/ros2_ws/ROS2_Humble/build/polygon_plugins -- -j8 -l8
[0.780s] [35m[1mConsolidate compiler generated dependencies of target polygon_plugins[0m
[0.799s] [100%] Built target polygon_plugins
[1.260s] Invoked command in '/home/parallels/ros2_ws/ROS2_Humble/build/polygon_plugins' returned '0': AMENT_PREFIX_PATH=/home/parallels/ros2_ws/ROS2_Humble/install/polygon_base:${AMENT_PREFIX_PATH} CMAKE_PREFIX_PATH=/home/parallels/ros2_ws/ROS2_Humble/install/polygon_base:/home/parallels/ros2_humble/install/lifecycle_cpp:/home/parallels/ros2_ws/install/urdf_sim_tutorial:/home/parallels/ros2_ws/install/turtlecatch_bringup:/home/parallels/ros2_ws/install/polygon_plugins:/home/parallels/ros2_ws/install/polygon_base:/home/parallels/ros2_ws/install/my_robot_station_bringup:/home/parallels/ros2_ws/install/my_robot_bringup:/home/parallels/ros2_ws/install/my_cpp_pkg:/home/parallels/ros2_ws/install/actions_cpp:/home/parallels/ros2_ws/install/my_robot_interfaces:/home/parallels/ros2_ws/install/my_robot_bringup_gazebo:/home/parallels/ros2_ws/install/my_robot_description:/home/parallels/ros2_ws/install/add_two_ints_cpp:/usr:/home/parallels/ros2_humble/install/lifecycle_py:/home/parallels/ros2_ws/install/turtlesim_catch_them_all:/home/parallels/ros2_ws/install/number_counter:/home/parallels/ros2_ws/install/my_py_pkg:/home/parallels/ros2_ws/install/actions_py:/home/parallels/ros2_ws/install/add_two_ints:/opt/ros/humble /usr/bin/cmake --build /home/parallels/ros2_ws/ROS2_Humble/build/polygon_plugins -- -j8 -l8
[1.261s] Invoking command in '/home/parallels/ros2_ws/ROS2_Humble/build/polygon_plugins': AMENT_PREFIX_PATH=/home/parallels/ros2_ws/ROS2_Humble/install/polygon_base:${AMENT_PREFIX_PATH} CMAKE_PREFIX_PATH=/home/parallels/ros2_ws/ROS2_Humble/install/polygon_base:/home/parallels/ros2_humble/install/lifecycle_cpp:/home/parallels/ros2_ws/install/urdf_sim_tutorial:/home/parallels/ros2_ws/install/turtlecatch_bringup:/home/parallels/ros2_ws/install/polygon_plugins:/home/parallels/ros2_ws/install/polygon_base:/home/parallels/ros2_ws/install/my_robot_station_bringup:/home/parallels/ros2_ws/install/my_robot_bringup:/home/parallels/ros2_ws/install/my_cpp_pkg:/home/parallels/ros2_ws/install/actions_cpp:/home/parallels/ros2_ws/install/my_robot_interfaces:/home/parallels/ros2_ws/install/my_robot_bringup_gazebo:/home/parallels/ros2_ws/install/my_robot_description:/home/parallels/ros2_ws/install/add_two_ints_cpp:/usr:/home/parallels/ros2_humble/install/lifecycle_py:/home/parallels/ros2_ws/install/turtlesim_catch_them_all:/home/parallels/ros2_ws/install/number_counter:/home/parallels/ros2_ws/install/my_py_pkg:/home/parallels/ros2_ws/install/actions_py:/home/parallels/ros2_ws/install/add_two_ints:/opt/ros/humble /usr/bin/cmake --install /home/parallels/ros2_ws/ROS2_Humble/build/polygon_plugins
[1.266s] -- Install configuration: ""
[1.266s] -- Up-to-date: /home/parallels/ros2_ws/ROS2_Humble/install/polygon_plugins/share/polygon_plugins/plugins.xml
[1.266s] -- Up-to-date: /home/parallels/ros2_ws/ROS2_Humble/install/polygon_plugins/include
[1.266s] -- Up-to-date: /home/parallels/ros2_ws/ROS2_Humble/install/polygon_plugins/include/polygon_plugins
[1.266s] -- Up-to-date: /home/parallels/ros2_ws/ROS2_Humble/install/polygon_plugins/include/polygon_plugins/polygon_plugins.hpp
[1.266s] -- Up-to-date: /home/parallels/ros2_ws/ROS2_Humble/install/polygon_plugins/include/polygon_plugins/visibility_control.h
[1.266s] -- Up-to-date: /home/parallels/ros2_ws/ROS2_Humble/install/polygon_plugins/lib/libpolygon_plugins.so
[1.266s] -- Up-to-date: /home/parallels/ros2_ws/ROS2_Humble/install/polygon_plugins/share/polygon_plugins/environment/library_path.sh
[1.267s] -- Installing: /home/parallels/ros2_ws/ROS2_Humble/install/polygon_plugins/share/polygon_plugins/environment/library_path.dsv
[1.267s] -- Up-to-date: /home/parallels/ros2_ws/ROS2_Humble/install/polygon_plugins/share/ament_index/resource_index/package_run_dependencies/polygon_plugins
[1.267s] -- Up-to-date: /home/parallels/ros2_ws/ROS2_Humble/install/polygon_plugins/share/ament_index/resource_index/parent_prefix_path/polygon_plugins
[1.267s] -- Up-to-date: /home/parallels/ros2_ws/ROS2_Humble/install/polygon_plugins/share/polygon_plugins/environment/ament_prefix_path.sh
[1.267s] -- Installing: /home/parallels/ros2_ws/ROS2_Humble/install/polygon_plugins/share/polygon_plugins/environment/ament_prefix_path.dsv
[1.267s] -- Up-to-date: /home/parallels/ros2_ws/ROS2_Humble/install/polygon_plugins/share/polygon_plugins/environment/path.sh
[1.267s] -- Installing: /home/parallels/ros2_ws/ROS2_Humble/install/polygon_plugins/share/polygon_plugins/environment/path.dsv
[1.267s] -- Up-to-date: /home/parallels/ros2_ws/ROS2_Humble/install/polygon_plugins/share/polygon_plugins/local_setup.bash
[1.267s] -- Up-to-date: /home/parallels/ros2_ws/ROS2_Humble/install/polygon_plugins/share/polygon_plugins/local_setup.sh
[1.267s] -- Up-to-date: /home/parallels/ros2_ws/ROS2_Humble/install/polygon_plugins/share/polygon_plugins/local_setup.zsh
[1.267s] -- Installing: /home/parallels/ros2_ws/ROS2_Humble/install/polygon_plugins/share/polygon_plugins/local_setup.dsv
[1.268s] -- Installing: /home/parallels/ros2_ws/ROS2_Humble/install/polygon_plugins/share/polygon_plugins/package.dsv
[1.268s] -- Up-to-date: /home/parallels/ros2_ws/ROS2_Humble/install/polygon_plugins/share/ament_index/resource_index/packages/polygon_plugins
[1.268s] -- Up-to-date: /home/parallels/ros2_ws/ROS2_Humble/install/polygon_plugins/share/ament_index/resource_index/polygon_base__pluginlib__plugin/polygon_plugins
[1.268s] -- Up-to-date: /home/parallels/ros2_ws/ROS2_Humble/install/polygon_plugins/share/polygon_plugins/cmake/export_polygon_pluginsExport.cmake
[1.268s] -- Up-to-date: /home/parallels/ros2_ws/ROS2_Humble/install/polygon_plugins/share/polygon_plugins/cmake/export_polygon_pluginsExport-noconfig.cmake
[1.268s] -- Up-to-date: /home/parallels/ros2_ws/ROS2_Humble/install/polygon_plugins/share/polygon_plugins/cmake/ament_cmake_export_include_directories-extras.cmake
[1.268s] -- Up-to-date: /home/parallels/ros2_ws/ROS2_Humble/install/polygon_plugins/share/polygon_plugins/cmake/ament_cmake_export_libraries-extras.cmake
[1.268s] -- Up-to-date: /home/parallels/ros2_ws/ROS2_Humble/install/polygon_plugins/share/polygon_plugins/cmake/ament_cmake_export_targets-extras.cmake
[1.268s] -- Up-to-date: /home/parallels/ros2_ws/ROS2_Humble/install/polygon_plugins/share/polygon_plugins/cmake/polygon_pluginsConfig.cmake
[1.269s] -- Up-to-date: /home/parallels/ros2_ws/ROS2_Humble/install/polygon_plugins/share/polygon_plugins/cmake/polygon_pluginsConfig-version.cmake
[1.269s] -- Up-to-date: /home/parallels/ros2_ws/ROS2_Humble/install/polygon_plugins/share/polygon_plugins/package.xml
[1.280s] Invoked command in '/home/parallels/ros2_ws/ROS2_Humble/build/polygon_plugins' returned '0': AMENT_PREFIX_PATH=/home/parallels/ros2_ws/ROS2_Humble/install/polygon_base:${AMENT_PREFIX_PATH} CMAKE_PREFIX_PATH=/home/parallels/ros2_ws/ROS2_Humble/install/polygon_base:/home/parallels/ros2_humble/install/lifecycle_cpp:/home/parallels/ros2_ws/install/urdf_sim_tutorial:/home/parallels/ros2_ws/install/turtlecatch_bringup:/home/parallels/ros2_ws/install/polygon_plugins:/home/parallels/ros2_ws/install/polygon_base:/home/parallels/ros2_ws/install/my_robot_station_bringup:/home/parallels/ros2_ws/install/my_robot_bringup:/home/parallels/ros2_ws/install/my_cpp_pkg:/home/parallels/ros2_ws/install/actions_cpp:/home/parallels/ros2_ws/install/my_robot_interfaces:/home/parallels/ros2_ws/install/my_robot_bringup_gazebo:/home/parallels/ros2_ws/install/my_robot_description:/home/parallels/ros2_ws/install/add_two_ints_cpp:/usr:/home/parallels/ros2_humble/install/lifecycle_py:/home/parallels/ros2_ws/install/turtlesim_catch_them_all:/home/parallels/ros2_ws/install/number_counter:/home/parallels/ros2_ws/install/my_py_pkg:/home/parallels/ros2_ws/install/actions_py:/home/parallels/ros2_ws/install/add_two_ints:/opt/ros/humble /usr/bin/cmake --install /home/parallels/ros2_ws/ROS2_Humble/build/polygon_plugins
