[0.679s] Invoking command in '/home/parallels/ros2_ws/ROS2_Humble/src/actions_py': AMENT_PREFIX_PATH=/home/parallels/ros2_ws/ROS2_Humble/install/my_robot_interfaces:${AMENT_PREFIX_PATH} CMAKE_PREFIX_PATH=/home/parallels/ros2_ws/ROS2_Humble/install/my_robot_interfaces:/home/parallels/ros2_humble/install/lifecycle_cpp:/home/parallels/ros2_ws/install/urdf_sim_tutorial:/home/parallels/ros2_ws/install/turtlecatch_bringup:/home/parallels/ros2_ws/install/polygon_plugins:/home/parallels/ros2_ws/install/polygon_base:/home/parallels/ros2_ws/install/my_robot_station_bringup:/home/parallels/ros2_ws/install/my_robot_bringup:/home/parallels/ros2_ws/install/my_cpp_pkg:/home/parallels/ros2_ws/install/actions_cpp:/home/parallels/ros2_ws/install/my_robot_interfaces:/home/parallels/ros2_ws/install/my_robot_bringup_gazebo:/home/parallels/ros2_ws/install/my_robot_description:/home/parallels/ros2_ws/install/add_two_ints_cpp:/usr LD_LIBRARY_PATH=/home/parallels/ros2_ws/ROS2_Humble/install/my_robot_interfaces/lib:${LD_LIBRARY_PATH} PYTHONPATH=/home/parallels/ros2_ws/ROS2_Humble/build/actions_py/prefix_override:/usr/lib/python3/dist-packages/colcon_core/task/python/colcon_distutils_commands:/home/parallels/ros2_ws/ROS2_Humble/install/actions_py/lib/python3.10/site-packages:/home/parallels/ros2_ws/ROS2_Humble/install/my_robot_interfaces/local/lib/python3.10/dist-packages:${PYTHONPATH} /usr/bin/python3 -W ignore:setup.py install is deprecated -W ignore:easy_install command is deprecated setup.py egg_info --egg-base ../../build/actions_py build --build-base /home/parallels/ros2_ws/ROS2_Humble/build/actions_py/build install --record /home/parallels/ros2_ws/ROS2_Humble/build/actions_py/install.log --single-version-externally-managed install_data
[0.829s] running egg_info
[0.830s] creating ../../build/actions_py/actions_py.egg-info
[0.830s] writing ../../build/actions_py/actions_py.egg-info/PKG-INFO
[0.830s] writing dependency_links to ../../build/actions_py/actions_py.egg-info/dependency_links.txt
[0.830s] writing entry points to ../../build/actions_py/actions_py.egg-info/entry_points.txt
[0.830s] writing requirements to ../../build/actions_py/actions_py.egg-info/requires.txt
[0.830s] writing top-level names to ../../build/actions_py/actions_py.egg-info/top_level.txt
[0.830s] writing manifest file '../../build/actions_py/actions_py.egg-info/SOURCES.txt'
[0.833s] reading manifest file '../../build/actions_py/actions_py.egg-info/SOURCES.txt'
[0.833s] writing manifest file '../../build/actions_py/actions_py.egg-info/SOURCES.txt'
[0.833s] running build
[0.833s] running build_py
[0.833s] creating /home/parallels/ros2_ws/ROS2_Humble/build/actions_py/build
[0.833s] creating /home/parallels/ros2_ws/ROS2_Humble/build/actions_py/build/lib
[0.833s] creating /home/parallels/ros2_ws/ROS2_Humble/build/actions_py/build/lib/actions_py
[0.833s] copying actions_py/count_until_client.py -> /home/parallels/ros2_ws/ROS2_Humble/build/actions_py/build/lib/actions_py
[0.834s] copying actions_py/reach_until_server.py -> /home/parallels/ros2_ws/ROS2_Humble/build/actions_py/build/lib/actions_py
[0.834s] copying actions_py/__init__.py -> /home/parallels/ros2_ws/ROS2_Humble/build/actions_py/build/lib/actions_py
[0.834s] copying actions_py/count_until_server.py -> /home/parallels/ros2_ws/ROS2_Humble/build/actions_py/build/lib/actions_py
[0.834s] copying actions_py/reach_until_client.py -> /home/parallels/ros2_ws/ROS2_Humble/build/actions_py/build/lib/actions_py
[0.834s] running install
[0.834s] running install_lib
[0.835s] creating /home/parallels/ros2_ws/ROS2_Humble/install/actions_py/lib/python3.10/site-packages/actions_py
[0.835s] copying /home/parallels/ros2_ws/ROS2_Humble/build/actions_py/build/lib/actions_py/count_until_client.py -> /home/parallels/ros2_ws/ROS2_Humble/install/actions_py/lib/python3.10/site-packages/actions_py
[0.835s] copying /home/parallels/ros2_ws/ROS2_Humble/build/actions_py/build/lib/actions_py/reach_until_server.py -> /home/parallels/ros2_ws/ROS2_Humble/install/actions_py/lib/python3.10/site-packages/actions_py
[0.835s] copying /home/parallels/ros2_ws/ROS2_Humble/build/actions_py/build/lib/actions_py/__init__.py -> /home/parallels/ros2_ws/ROS2_Humble/install/actions_py/lib/python3.10/site-packages/actions_py
[0.835s] copying /home/parallels/ros2_ws/ROS2_Humble/build/actions_py/build/lib/actions_py/count_until_server.py -> /home/parallels/ros2_ws/ROS2_Humble/install/actions_py/lib/python3.10/site-packages/actions_py
[0.835s] copying /home/parallels/ros2_ws/ROS2_Humble/build/actions_py/build/lib/actions_py/reach_until_client.py -> /home/parallels/ros2_ws/ROS2_Humble/install/actions_py/lib/python3.10/site-packages/actions_py
[0.835s] byte-compiling /home/parallels/ros2_ws/ROS2_Humble/install/actions_py/lib/python3.10/site-packages/actions_py/count_until_client.py to count_until_client.cpython-310.pyc
[0.836s] byte-compiling /home/parallels/ros2_ws/ROS2_Humble/install/actions_py/lib/python3.10/site-packages/actions_py/reach_until_server.py to reach_until_server.cpython-310.pyc
[0.836s] byte-compiling /home/parallels/ros2_ws/ROS2_Humble/install/actions_py/lib/python3.10/site-packages/actions_py/__init__.py to __init__.cpython-310.pyc
[0.837s] byte-compiling /home/parallels/ros2_ws/ROS2_Humble/install/actions_py/lib/python3.10/site-packages/actions_py/count_until_server.py to count_until_server.cpython-310.pyc
[0.837s] byte-compiling /home/parallels/ros2_ws/ROS2_Humble/install/actions_py/lib/python3.10/site-packages/actions_py/reach_until_client.py to reach_until_client.cpython-310.pyc
[0.837s] running install_data
[0.837s] creating /home/parallels/ros2_ws/ROS2_Humble/install/actions_py/share/ament_index
[0.837s] creating /home/parallels/ros2_ws/ROS2_Humble/install/actions_py/share/ament_index/resource_index
[0.837s] creating /home/parallels/ros2_ws/ROS2_Humble/install/actions_py/share/ament_index/resource_index/packages
[0.837s] copying resource/actions_py -> /home/parallels/ros2_ws/ROS2_Humble/install/actions_py/share/ament_index/resource_index/packages
[0.837s] copying package.xml -> /home/parallels/ros2_ws/ROS2_Humble/install/actions_py/share/actions_py
[0.837s] running install_egg_info
[0.838s] Copying ../../build/actions_py/actions_py.egg-info to /home/parallels/ros2_ws/ROS2_Humble/install/actions_py/lib/python3.10/site-packages/actions_py-0.0.0-py3.10.egg-info
[0.838s] running install_scripts
[0.860s] Installing count_until_client script to /home/parallels/ros2_ws/ROS2_Humble/install/actions_py/lib/actions_py
[0.860s] Installing count_until_server script to /home/parallels/ros2_ws/ROS2_Humble/install/actions_py/lib/actions_py
[0.860s] Installing reach_until_client script to /home/parallels/ros2_ws/ROS2_Humble/install/actions_py/lib/actions_py
[0.860s] Installing reach_until_server script to /home/parallels/ros2_ws/ROS2_Humble/install/actions_py/lib/actions_py
[0.860s] writing list of installed files to '/home/parallels/ros2_ws/ROS2_Humble/build/actions_py/install.log'
[0.863s] Invoked command in '/home/parallels/ros2_ws/ROS2_Humble/src/actions_py' returned '0': AMENT_PREFIX_PATH=/home/parallels/ros2_ws/ROS2_Humble/install/my_robot_interfaces:${AMENT_PREFIX_PATH} CMAKE_PREFIX_PATH=/home/parallels/ros2_ws/ROS2_Humble/install/my_robot_interfaces:/home/parallels/ros2_humble/install/lifecycle_cpp:/home/parallels/ros2_ws/install/urdf_sim_tutorial:/home/parallels/ros2_ws/install/turtlecatch_bringup:/home/parallels/ros2_ws/install/polygon_plugins:/home/parallels/ros2_ws/install/polygon_base:/home/parallels/ros2_ws/install/my_robot_station_bringup:/home/parallels/ros2_ws/install/my_robot_bringup:/home/parallels/ros2_ws/install/my_cpp_pkg:/home/parallels/ros2_ws/install/actions_cpp:/home/parallels/ros2_ws/install/my_robot_interfaces:/home/parallels/ros2_ws/install/my_robot_bringup_gazebo:/home/parallels/ros2_ws/install/my_robot_description:/home/parallels/ros2_ws/install/add_two_ints_cpp:/usr LD_LIBRARY_PATH=/home/parallels/ros2_ws/ROS2_Humble/install/my_robot_interfaces/lib:${LD_LIBRARY_PATH} PYTHONPATH=/home/parallels/ros2_ws/ROS2_Humble/build/actions_py/prefix_override:/usr/lib/python3/dist-packages/colcon_core/task/python/colcon_distutils_commands:/home/parallels/ros2_ws/ROS2_Humble/install/actions_py/lib/python3.10/site-packages:/home/parallels/ros2_ws/ROS2_Humble/install/my_robot_interfaces/local/lib/python3.10/dist-packages:${PYTHONPATH} /usr/bin/python3 -W ignore:setup.py install is deprecated -W ignore:easy_install command is deprecated setup.py egg_info --egg-base ../../build/actions_py build --build-base /home/parallels/ros2_ws/ROS2_Humble/build/actions_py/build install --record /home/parallels/ros2_ws/ROS2_Humble/build/actions_py/install.log --single-version-externally-managed install_data
