[0.321s] Invoking command in '/home/parallels/ros2_ws/build/urdf_sim_tutorial': CMAKE_PREFIX_PATH=${CMAKE_PREFIX_PATH}:/home/parallels/ros2_ws/install/turtlesim_catch_them_all:/home/parallels/ros2_ws/install/number_counter:/home/parallels/ros2_ws/install/my_py_pkg:/home/parallels/ros2_ws/install/add_two_ints:/opt/ros/humble /usr/bin/cmake /home/parallels/ros2_ws/src/urdf_sim_tutorial -DCMAKE_INSTALL_PREFIX=/home/parallels/ros2_ws/install/urdf_sim_tutorial
[0.371s] -- The C compiler identification is GNU 11.4.0
[0.429s] -- The CXX compiler identification is GNU 11.4.0
[0.451s] -- Detecting C compiler ABI info
[0.555s] -- Detecting C compiler ABI info - done
[0.562s] -- Check for working C compiler: /usr/bin/cc - skipped
[0.562s] -- Detecting C compile features
[0.563s] -- Detecting C compile features - done
[0.564s] -- Detecting CXX compiler ABI info
[0.681s] -- Detecting CXX compiler ABI info - done
[0.682s] -- Check for working CXX compiler: /usr/bin/c++ - skipped
[0.682s] -- Detecting CXX compile features
[0.682s] -- Detecting CXX compile features - done
[0.694s] -- Found ament_cmake: 1.3.11 (/opt/ros/humble/share/ament_cmake/cmake)
[0.813s] -- Found Python3: /usr/bin/python3 (found version "3.10.12") found components: Interpreter 
[0.985s] -- Configuring done
[0.990s] -- Generating done
[0.990s] -- Build files have been written to: /home/parallels/ros2_ws/build/urdf_sim_tutorial
[0.997s] Invoked command in '/home/parallels/ros2_ws/build/urdf_sim_tutorial' returned '0': CMAKE_PREFIX_PATH=${CMAKE_PREFIX_PATH}:/home/parallels/ros2_ws/install/turtlesim_catch_them_all:/home/parallels/ros2_ws/install/number_counter:/home/parallels/ros2_ws/install/my_py_pkg:/home/parallels/ros2_ws/install/add_two_ints:/opt/ros/humble /usr/bin/cmake /home/parallels/ros2_ws/src/urdf_sim_tutorial -DCMAKE_INSTALL_PREFIX=/home/parallels/ros2_ws/install/urdf_sim_tutorial
[0.997s] Invoking command in '/home/parallels/ros2_ws/build/urdf_sim_tutorial': CMAKE_PREFIX_PATH=${CMAKE_PREFIX_PATH}:/home/parallels/ros2_ws/install/turtlesim_catch_them_all:/home/parallels/ros2_ws/install/number_counter:/home/parallels/ros2_ws/install/my_py_pkg:/home/parallels/ros2_ws/install/add_two_ints:/opt/ros/humble /usr/bin/cmake --build /home/parallels/ros2_ws/build/urdf_sim_tutorial -- -j8 -l8
[1.035s] Invoked command in '/home/parallels/ros2_ws/build/urdf_sim_tutorial' returned '0': CMAKE_PREFIX_PATH=${CMAKE_PREFIX_PATH}:/home/parallels/ros2_ws/install/turtlesim_catch_them_all:/home/parallels/ros2_ws/install/number_counter:/home/parallels/ros2_ws/install/my_py_pkg:/home/parallels/ros2_ws/install/add_two_ints:/opt/ros/humble /usr/bin/cmake --build /home/parallels/ros2_ws/build/urdf_sim_tutorial -- -j8 -l8
[1.037s] Invoking command in '/home/parallels/ros2_ws/build/urdf_sim_tutorial': CMAKE_PREFIX_PATH=${CMAKE_PREFIX_PATH}:/home/parallels/ros2_ws/install/turtlesim_catch_them_all:/home/parallels/ros2_ws/install/number_counter:/home/parallels/ros2_ws/install/my_py_pkg:/home/parallels/ros2_ws/install/add_two_ints:/opt/ros/humble /usr/bin/cmake --install /home/parallels/ros2_ws/build/urdf_sim_tutorial
[1.040s] -- Install configuration: ""
[1.040s] -- Up-to-date: /home/parallels/ros2_ws/install/urdf_sim_tutorial/share/urdf_sim_tutorial/config
[1.040s] -- Up-to-date: /home/parallels/ros2_ws/install/urdf_sim_tutorial/share/urdf_sim_tutorial/config/mimic-gripper.yaml
[1.040s] -- Up-to-date: /home/parallels/ros2_ws/install/urdf_sim_tutorial/share/urdf_sim_tutorial/config/joints.yaml
[1.040s] -- Up-to-date: /home/parallels/ros2_ws/install/urdf_sim_tutorial/share/urdf_sim_tutorial/config/diffdrive.yaml
[1.041s] -- Up-to-date: /home/parallels/ros2_ws/install/urdf_sim_tutorial/share/urdf_sim_tutorial/config/gripper.yaml
[1.041s] -- Up-to-date: /home/parallels/ros2_ws/install/urdf_sim_tutorial/share/urdf_sim_tutorial/config/09a-minimal.yaml
[1.041s] -- Up-to-date: /home/parallels/ros2_ws/install/urdf_sim_tutorial/share/urdf_sim_tutorial/config/head.yaml
[1.041s] -- Up-to-date: /home/parallels/ros2_ws/install/urdf_sim_tutorial/share/urdf_sim_tutorial/launch
[1.041s] -- Up-to-date: /home/parallels/ros2_ws/install/urdf_sim_tutorial/share/urdf_sim_tutorial/launch/09-joints.launch.py
[1.041s] -- Up-to-date: /home/parallels/ros2_ws/install/urdf_sim_tutorial/share/urdf_sim_tutorial/launch/09a-minimal.launch.py
[1.041s] -- Up-to-date: /home/parallels/ros2_ws/install/urdf_sim_tutorial/share/urdf_sim_tutorial/launch/10-head.launch.py
[1.041s] -- Up-to-date: /home/parallels/ros2_ws/install/urdf_sim_tutorial/share/urdf_sim_tutorial/launch/gazebo.launch.py
[1.041s] -- Up-to-date: /home/parallels/ros2_ws/install/urdf_sim_tutorial/share/urdf_sim_tutorial/launch/12-gripper.launch.py
[1.041s] -- Up-to-date: /home/parallels/ros2_ws/install/urdf_sim_tutorial/share/urdf_sim_tutorial/launch/13-diffdrive.launch.py
[1.041s] -- Up-to-date: /home/parallels/ros2_ws/install/urdf_sim_tutorial/share/urdf_sim_tutorial/rviz
[1.041s] -- Up-to-date: /home/parallels/ros2_ws/install/urdf_sim_tutorial/share/urdf_sim_tutorial/rviz/odom_urdf.rviz
[1.041s] -- Up-to-date: /home/parallels/ros2_ws/install/urdf_sim_tutorial/share/urdf_sim_tutorial/urdf
[1.041s] -- Up-to-date: /home/parallels/ros2_ws/install/urdf_sim_tutorial/share/urdf_sim_tutorial/urdf/13-diffdrive.urdf.xacro
[1.041s] -- Up-to-date: /home/parallels/ros2_ws/install/urdf_sim_tutorial/share/urdf_sim_tutorial/urdf/09-publishjoints.urdf.xacro
[1.041s] -- Up-to-date: /home/parallels/ros2_ws/install/urdf_sim_tutorial/share/urdf_sim_tutorial/urdf/09a-minimal.urdf.xacro
[1.041s] -- Up-to-date: /home/parallels/ros2_ws/install/urdf_sim_tutorial/share/urdf_sim_tutorial/urdf/12-gripper.urdf.xacro
[1.042s] -- Up-to-date: /home/parallels/ros2_ws/install/urdf_sim_tutorial/share/urdf_sim_tutorial/urdf/12a-mimic-gripper.urdf.xacro
[1.042s] -- Up-to-date: /home/parallels/ros2_ws/install/urdf_sim_tutorial/share/urdf_sim_tutorial/urdf/11-limittransmission.urdf.xacro
[1.042s] -- Up-to-date: /home/parallels/ros2_ws/install/urdf_sim_tutorial/share/urdf_sim_tutorial/urdf/10-firsttransmission.urdf.xacro
[1.042s] -- Up-to-date: /home/parallels/ros2_ws/install/urdf_sim_tutorial/share/ament_index/resource_index/package_run_dependencies/urdf_sim_tutorial
[1.042s] -- Up-to-date: /home/parallels/ros2_ws/install/urdf_sim_tutorial/share/ament_index/resource_index/parent_prefix_path/urdf_sim_tutorial
[1.042s] -- Up-to-date: /home/parallels/ros2_ws/install/urdf_sim_tutorial/share/urdf_sim_tutorial/environment/ament_prefix_path.sh
[1.042s] -- Installing: /home/parallels/ros2_ws/install/urdf_sim_tutorial/share/urdf_sim_tutorial/environment/ament_prefix_path.dsv
[1.042s] -- Up-to-date: /home/parallels/ros2_ws/install/urdf_sim_tutorial/share/urdf_sim_tutorial/environment/path.sh
[1.042s] -- Installing: /home/parallels/ros2_ws/install/urdf_sim_tutorial/share/urdf_sim_tutorial/environment/path.dsv
[1.042s] -- Up-to-date: /home/parallels/ros2_ws/install/urdf_sim_tutorial/share/urdf_sim_tutorial/local_setup.bash
[1.042s] -- Up-to-date: /home/parallels/ros2_ws/install/urdf_sim_tutorial/share/urdf_sim_tutorial/local_setup.sh
[1.043s] -- Up-to-date: /home/parallels/ros2_ws/install/urdf_sim_tutorial/share/urdf_sim_tutorial/local_setup.zsh
[1.043s] -- Installing: /home/parallels/ros2_ws/install/urdf_sim_tutorial/share/urdf_sim_tutorial/local_setup.dsv
[1.043s] -- Installing: /home/parallels/ros2_ws/install/urdf_sim_tutorial/share/urdf_sim_tutorial/package.dsv
[1.043s] -- Up-to-date: /home/parallels/ros2_ws/install/urdf_sim_tutorial/share/ament_index/resource_index/packages/urdf_sim_tutorial
[1.043s] -- Up-to-date: /home/parallels/ros2_ws/install/urdf_sim_tutorial/share/urdf_sim_tutorial/cmake/urdf_sim_tutorialConfig.cmake
[1.043s] -- Up-to-date: /home/parallels/ros2_ws/install/urdf_sim_tutorial/share/urdf_sim_tutorial/cmake/urdf_sim_tutorialConfig-version.cmake
[1.043s] -- Up-to-date: /home/parallels/ros2_ws/install/urdf_sim_tutorial/share/urdf_sim_tutorial/package.xml
[1.045s] Invoked command in '/home/parallels/ros2_ws/build/urdf_sim_tutorial' returned '0': CMAKE_PREFIX_PATH=${CMAKE_PREFIX_PATH}:/home/parallels/ros2_ws/install/turtlesim_catch_them_all:/home/parallels/ros2_ws/install/number_counter:/home/parallels/ros2_ws/install/my_py_pkg:/home/parallels/ros2_ws/install/add_two_ints:/opt/ros/humble /usr/bin/cmake --install /home/parallels/ros2_ws/build/urdf_sim_tutorial
