[35m[1mConsolidate compiler generated dependencies of target final_project[0m
[ 50%] [32mBuilding CXX object CMakeFiles/final_project.dir/src/final_project.cpp.o[0m
[100%] [32m[1mLinking CXX executable final_project[0m
[100%] Built target final_project
-- Install configuration: ""
-- Installing: /home/parallels/ros2_ws/ROS2_Humble/install/turtlesim_final/lib/turtlesim_final/final_project
-- Set runtime path of "/home/parallels/ros2_ws/ROS2_Humble/install/turtlesim_final/lib/turtlesim_final/final_project" to ""
-- Up-to-date: /home/parallels/ros2_ws/ROS2_Humble/install/turtlesim_final/share/ament_index/resource_index/package_run_dependencies/turtlesim_final
-- Up-to-date: /home/parallels/ros2_ws/ROS2_Humble/install/turtlesim_final/share/ament_index/resource_index/parent_prefix_path/turtlesim_final
-- Up-to-date: /home/parallels/ros2_ws/ROS2_Humble/install/turtlesim_final/share/turtlesim_final/environment/ament_prefix_path.sh
-- Up-to-date: /home/parallels/ros2_ws/ROS2_Humble/install/turtlesim_final/share/turtlesim_final/environment/ament_prefix_path.dsv
-- Up-to-date: /home/parallels/ros2_ws/ROS2_Humble/install/turtlesim_final/share/turtlesim_final/environment/path.sh
-- Up-to-date: /home/parallels/ros2_ws/ROS2_Humble/install/turtlesim_final/share/turtlesim_final/environment/path.dsv
-- Up-to-date: /home/parallels/ros2_ws/ROS2_Humble/install/turtlesim_final/share/turtlesim_final/local_setup.bash
-- Up-to-date: /home/parallels/ros2_ws/ROS2_Humble/install/turtlesim_final/share/turtlesim_final/local_setup.sh
-- Up-to-date: /home/parallels/ros2_ws/ROS2_Humble/install/turtlesim_final/share/turtlesim_final/local_setup.zsh
-- Up-to-date: /home/parallels/ros2_ws/ROS2_Humble/install/turtlesim_final/share/turtlesim_final/local_setup.dsv
-- Installing: /home/parallels/ros2_ws/ROS2_Humble/install/turtlesim_final/share/turtlesim_final/package.dsv
-- Up-to-date: /home/parallels/ros2_ws/ROS2_Humble/install/turtlesim_final/share/ament_index/resource_index/packages/turtlesim_final
-- Up-to-date: /home/parallels/ros2_ws/ROS2_Humble/install/turtlesim_final/share/turtlesim_final/cmake/turtlesim_finalConfig.cmake
-- Up-to-date: /home/parallels/ros2_ws/ROS2_Humble/install/turtlesim_final/share/turtlesim_final/cmake/turtlesim_finalConfig-version.cmake
-- Up-to-date: /home/parallels/ros2_ws/ROS2_Humble/install/turtlesim_final/share/turtlesim_final/package.xml
