[0.893s] Invoking command in '/home/parallels/ros2_ws/src/ros2_control/ros2controlcli': AMENT_PREFIX_PATH=/home/parallels/ros2_ws/install/controller_manager:/home/parallels/ros2_ws/install/hardware_interface_testing:/home/parallels/ros2_ws/install/controller_interface:/home/parallels/ros2_ws/install/hardware_interface:/home/parallels/ros2_ws/install/ros2_control_test_assets:/home/parallels/ros2_ws/install/controller_manager_msgs:${AMENT_PREFIX_PATH} CMAKE_PREFIX_PATH=/home/parallels/ros2_ws/install/controller_manager:/home/parallels/ros2_ws/install/hardware_interface_testing:/home/parallels/ros2_ws/install/controller_interface:/home/parallels/ros2_ws/install/hardware_interface:/home/parallels/ros2_ws/install/ros2_control_test_assets:/home/parallels/ros2_ws/install/controller_manager_msgs${CMAKE_PREFIX_PATH} LD_LIBRARY_PATH=/home/parallels/ros2_ws/install/controller_manager/lib:/home/parallels/ros2_ws/install/hardware_interface_testing/lib:/home/parallels/ros2_ws/install/controller_interface/lib:/home/parallels/ros2_ws/install/hardware_interface/lib:/home/parallels/ros2_ws/install/controller_manager_msgs/lib:${LD_LIBRARY_PATH} PYTHONPATH=/home/parallels/ros2_ws/build/ros2controlcli/prefix_override:/usr/lib/python3/dist-packages/colcon_core/task/python/colcon_distutils_commands:/home/parallels/ros2_ws/install/ros2controlcli/lib/python3.10/site-packages:/home/parallels/ros2_ws/install/controller_manager/local/lib/python3.10/dist-packages:/home/parallels/ros2_ws/install/controller_manager_msgs/local/lib/python3.10/dist-packages:${PYTHONPATH} /usr/bin/python3 -W ignore:setup.py install is deprecated -W ignore:easy_install command is deprecated setup.py egg_info --egg-base ../../../build/ros2controlcli build --build-base /home/parallels/ros2_ws/build/ros2controlcli/build install --record /home/parallels/ros2_ws/build/ros2controlcli/install.log --single-version-externally-managed install_data
[1.034s] running egg_info
[1.034s] creating ../../../build/ros2controlcli/ros2controlcli.egg-info
[1.034s] writing ../../../build/ros2controlcli/ros2controlcli.egg-info/PKG-INFO
[1.034s] writing dependency_links to ../../../build/ros2controlcli/ros2controlcli.egg-info/dependency_links.txt
[1.034s] writing entry points to ../../../build/ros2controlcli/ros2controlcli.egg-info/entry_points.txt
[1.034s] writing requirements to ../../../build/ros2controlcli/ros2controlcli.egg-info/requires.txt
[1.034s] writing top-level names to ../../../build/ros2controlcli/ros2controlcli.egg-info/top_level.txt
[1.034s] writing manifest file '../../../build/ros2controlcli/ros2controlcli.egg-info/SOURCES.txt'
[1.035s] reading manifest file '../../../build/ros2controlcli/ros2controlcli.egg-info/SOURCES.txt'
[1.036s] writing manifest file '../../../build/ros2controlcli/ros2controlcli.egg-info/SOURCES.txt'
[1.036s] running build
[1.036s] running build_py
[1.036s] creating /home/parallels/ros2_ws/build/ros2controlcli/build
[1.036s] creating /home/parallels/ros2_ws/build/ros2controlcli/build/lib
[1.036s] creating /home/parallels/ros2_ws/build/ros2controlcli/build/lib/ros2controlcli
[1.036s] copying ros2controlcli/__init__.py -> /home/parallels/ros2_ws/build/ros2controlcli/build/lib/ros2controlcli
[1.036s] creating /home/parallels/ros2_ws/build/ros2controlcli/build/lib/ros2controlcli/api
[1.036s] copying ros2controlcli/api/__init__.py -> /home/parallels/ros2_ws/build/ros2controlcli/build/lib/ros2controlcli/api
[1.038s] creating /home/parallels/ros2_ws/build/ros2controlcli/build/lib/ros2controlcli/verb
[1.038s] copying ros2controlcli/verb/unload_controller.py -> /home/parallels/ros2_ws/build/ros2controlcli/build/lib/ros2controlcli/verb
[1.039s] copying ros2controlcli/verb/reload_controller_libraries.py -> /home/parallels/ros2_ws/build/ros2controlcli/build/lib/ros2controlcli/verb
[1.040s] copying ros2controlcli/verb/list_controller_types.py -> /home/parallels/ros2_ws/build/ros2controlcli/build/lib/ros2controlcli/verb
[1.040s] copying ros2controlcli/verb/view_controller_chains.py -> /home/parallels/ros2_ws/build/ros2controlcli/build/lib/ros2controlcli/verb
[1.040s] copying ros2controlcli/verb/__init__.py -> /home/parallels/ros2_ws/build/ros2controlcli/build/lib/ros2controlcli/verb
[1.040s] copying ros2controlcli/verb/set_hardware_component_state.py -> /home/parallels/ros2_ws/build/ros2controlcli/build/lib/ros2controlcli/verb
[1.040s] copying ros2controlcli/verb/list_controllers.py -> /home/parallels/ros2_ws/build/ros2controlcli/build/lib/ros2controlcli/verb
[1.040s] copying ros2controlcli/verb/switch_controllers.py -> /home/parallels/ros2_ws/build/ros2controlcli/build/lib/ros2controlcli/verb
[1.040s] copying ros2controlcli/verb/list_hardware_interfaces.py -> /home/parallels/ros2_ws/build/ros2controlcli/build/lib/ros2controlcli/verb
[1.040s] copying ros2controlcli/verb/set_controller_state.py -> /home/parallels/ros2_ws/build/ros2controlcli/build/lib/ros2controlcli/verb
[1.041s] copying ros2controlcli/verb/load_controller.py -> /home/parallels/ros2_ws/build/ros2controlcli/build/lib/ros2controlcli/verb
[1.041s] copying ros2controlcli/verb/list_hardware_components.py -> /home/parallels/ros2_ws/build/ros2controlcli/build/lib/ros2controlcli/verb
[1.041s] creating /home/parallels/ros2_ws/build/ros2controlcli/build/lib/ros2controlcli/command
[1.041s] copying ros2controlcli/command/control.py -> /home/parallels/ros2_ws/build/ros2controlcli/build/lib/ros2controlcli/command
[1.041s] copying ros2controlcli/command/__init__.py -> /home/parallels/ros2_ws/build/ros2controlcli/build/lib/ros2controlcli/command
[1.041s] running install
[1.042s] running install_lib
[1.042s] creating /home/parallels/ros2_ws/install/ros2controlcli/lib/python3.10/site-packages/ros2controlcli
[1.042s] creating /home/parallels/ros2_ws/install/ros2controlcli/lib/python3.10/site-packages/ros2controlcli/api
[1.042s] copying /home/parallels/ros2_ws/build/ros2controlcli/build/lib/ros2controlcli/api/__init__.py -> /home/parallels/ros2_ws/install/ros2controlcli/lib/python3.10/site-packages/ros2controlcli/api
[1.042s] copying /home/parallels/ros2_ws/build/ros2controlcli/build/lib/ros2controlcli/__init__.py -> /home/parallels/ros2_ws/install/ros2controlcli/lib/python3.10/site-packages/ros2controlcli
[1.043s] creating /home/parallels/ros2_ws/install/ros2controlcli/lib/python3.10/site-packages/ros2controlcli/verb
[1.043s] copying /home/parallels/ros2_ws/build/ros2controlcli/build/lib/ros2controlcli/verb/unload_controller.py -> /home/parallels/ros2_ws/install/ros2controlcli/lib/python3.10/site-packages/ros2controlcli/verb
[1.043s] copying /home/parallels/ros2_ws/build/ros2controlcli/build/lib/ros2controlcli/verb/reload_controller_libraries.py -> /home/parallels/ros2_ws/install/ros2controlcli/lib/python3.10/site-packages/ros2controlcli/verb
[1.043s] copying /home/parallels/ros2_ws/build/ros2controlcli/build/lib/ros2controlcli/verb/list_controller_types.py -> /home/parallels/ros2_ws/install/ros2controlcli/lib/python3.10/site-packages/ros2controlcli/verb
[1.043s] copying /home/parallels/ros2_ws/build/ros2controlcli/build/lib/ros2controlcli/verb/view_controller_chains.py -> /home/parallels/ros2_ws/install/ros2controlcli/lib/python3.10/site-packages/ros2controlcli/verb
[1.043s] copying /home/parallels/ros2_ws/build/ros2controlcli/build/lib/ros2controlcli/verb/__init__.py -> /home/parallels/ros2_ws/install/ros2controlcli/lib/python3.10/site-packages/ros2controlcli/verb
[1.043s] copying /home/parallels/ros2_ws/build/ros2controlcli/build/lib/ros2controlcli/verb/set_hardware_component_state.py -> /home/parallels/ros2_ws/install/ros2controlcli/lib/python3.10/site-packages/ros2controlcli/verb
[1.043s] copying /home/parallels/ros2_ws/build/ros2controlcli/build/lib/ros2controlcli/verb/list_controllers.py -> /home/parallels/ros2_ws/install/ros2controlcli/lib/python3.10/site-packages/ros2controlcli/verb
[1.043s] copying /home/parallels/ros2_ws/build/ros2controlcli/build/lib/ros2controlcli/verb/switch_controllers.py -> /home/parallels/ros2_ws/install/ros2controlcli/lib/python3.10/site-packages/ros2controlcli/verb
[1.043s] copying /home/parallels/ros2_ws/build/ros2controlcli/build/lib/ros2controlcli/verb/list_hardware_interfaces.py -> /home/parallels/ros2_ws/install/ros2controlcli/lib/python3.10/site-packages/ros2controlcli/verb
[1.043s] copying /home/parallels/ros2_ws/build/ros2controlcli/build/lib/ros2controlcli/verb/set_controller_state.py -> /home/parallels/ros2_ws/install/ros2controlcli/lib/python3.10/site-packages/ros2controlcli/verb
[1.043s] copying /home/parallels/ros2_ws/build/ros2controlcli/build/lib/ros2controlcli/verb/load_controller.py -> /home/parallels/ros2_ws/install/ros2controlcli/lib/python3.10/site-packages/ros2controlcli/verb
[1.043s] copying /home/parallels/ros2_ws/build/ros2controlcli/build/lib/ros2controlcli/verb/list_hardware_components.py -> /home/parallels/ros2_ws/install/ros2controlcli/lib/python3.10/site-packages/ros2controlcli/verb
[1.043s] creating /home/parallels/ros2_ws/install/ros2controlcli/lib/python3.10/site-packages/ros2controlcli/command
[1.043s] copying /home/parallels/ros2_ws/build/ros2controlcli/build/lib/ros2controlcli/command/control.py -> /home/parallels/ros2_ws/install/ros2controlcli/lib/python3.10/site-packages/ros2controlcli/command
[1.043s] copying /home/parallels/ros2_ws/build/ros2controlcli/build/lib/ros2controlcli/command/__init__.py -> /home/parallels/ros2_ws/install/ros2controlcli/lib/python3.10/site-packages/ros2controlcli/command
[1.044s] byte-compiling /home/parallels/ros2_ws/install/ros2controlcli/lib/python3.10/site-packages/ros2controlcli/api/__init__.py to __init__.cpython-310.pyc
[1.044s] byte-compiling /home/parallels/ros2_ws/install/ros2controlcli/lib/python3.10/site-packages/ros2controlcli/__init__.py to __init__.cpython-310.pyc
[1.044s] byte-compiling /home/parallels/ros2_ws/install/ros2controlcli/lib/python3.10/site-packages/ros2controlcli/verb/unload_controller.py to unload_controller.cpython-310.pyc
[1.044s] byte-compiling /home/parallels/ros2_ws/install/ros2controlcli/lib/python3.10/site-packages/ros2controlcli/verb/reload_controller_libraries.py to reload_controller_libraries.cpython-310.pyc
[1.044s] byte-compiling /home/parallels/ros2_ws/install/ros2controlcli/lib/python3.10/site-packages/ros2controlcli/verb/list_controller_types.py to list_controller_types.cpython-310.pyc
[1.045s] byte-compiling /home/parallels/ros2_ws/install/ros2controlcli/lib/python3.10/site-packages/ros2controlcli/verb/view_controller_chains.py to view_controller_chains.cpython-310.pyc
[1.045s] byte-compiling /home/parallels/ros2_ws/install/ros2controlcli/lib/python3.10/site-packages/ros2controlcli/verb/__init__.py to __init__.cpython-310.pyc
[1.045s] byte-compiling /home/parallels/ros2_ws/install/ros2controlcli/lib/python3.10/site-packages/ros2controlcli/verb/set_hardware_component_state.py to set_hardware_component_state.cpython-310.pyc
[1.045s] byte-compiling /home/parallels/ros2_ws/install/ros2controlcli/lib/python3.10/site-packages/ros2controlcli/verb/list_controllers.py to list_controllers.cpython-310.pyc
[1.046s] byte-compiling /home/parallels/ros2_ws/install/ros2controlcli/lib/python3.10/site-packages/ros2controlcli/verb/switch_controllers.py to switch_controllers.cpython-310.pyc
[1.046s] byte-compiling /home/parallels/ros2_ws/install/ros2controlcli/lib/python3.10/site-packages/ros2controlcli/verb/list_hardware_interfaces.py to list_hardware_interfaces.cpython-310.pyc
[1.046s] byte-compiling /home/parallels/ros2_ws/install/ros2controlcli/lib/python3.10/site-packages/ros2controlcli/verb/set_controller_state.py to set_controller_state.cpython-310.pyc
[1.046s] byte-compiling /home/parallels/ros2_ws/install/ros2controlcli/lib/python3.10/site-packages/ros2controlcli/verb/load_controller.py to load_controller.cpython-310.pyc
[1.046s] byte-compiling /home/parallels/ros2_ws/install/ros2controlcli/lib/python3.10/site-packages/ros2controlcli/verb/list_hardware_components.py to list_hardware_components.cpython-310.pyc
[1.047s] byte-compiling /home/parallels/ros2_ws/install/ros2controlcli/lib/python3.10/site-packages/ros2controlcli/command/control.py to control.cpython-310.pyc
[1.047s] byte-compiling /home/parallels/ros2_ws/install/ros2controlcli/lib/python3.10/site-packages/ros2controlcli/command/__init__.py to __init__.cpython-310.pyc
[1.047s] running install_data
[1.047s] copying package.xml -> /home/parallels/ros2_ws/install/ros2controlcli/share/ros2controlcli
[1.047s] creating /home/parallels/ros2_ws/install/ros2controlcli/share/ament_index
[1.047s] creating /home/parallels/ros2_ws/install/ros2controlcli/share/ament_index/resource_index
[1.047s] creating /home/parallels/ros2_ws/install/ros2controlcli/share/ament_index/resource_index/packages
[1.047s] copying resource/ros2controlcli -> /home/parallels/ros2_ws/install/ros2controlcli/share/ament_index/resource_index/packages
[1.047s] running install_egg_info
[1.048s] Copying ../../../build/ros2controlcli/ros2controlcli.egg-info to /home/parallels/ros2_ws/install/ros2controlcli/lib/python3.10/site-packages/ros2controlcli-2.41.0-py3.10.egg-info
[1.048s] running install_scripts
[1.059s] writing list of installed files to '/home/parallels/ros2_ws/build/ros2controlcli/install.log'
[1.077s] Invoked command in '/home/parallels/ros2_ws/src/ros2_control/ros2controlcli' returned '0': AMENT_PREFIX_PATH=/home/parallels/ros2_ws/install/controller_manager:/home/parallels/ros2_ws/install/hardware_interface_testing:/home/parallels/ros2_ws/install/controller_interface:/home/parallels/ros2_ws/install/hardware_interface:/home/parallels/ros2_ws/install/ros2_control_test_assets:/home/parallels/ros2_ws/install/controller_manager_msgs:${AMENT_PREFIX_PATH} CMAKE_PREFIX_PATH=/home/parallels/ros2_ws/install/controller_manager:/home/parallels/ros2_ws/install/hardware_interface_testing:/home/parallels/ros2_ws/install/controller_interface:/home/parallels/ros2_ws/install/hardware_interface:/home/parallels/ros2_ws/install/ros2_control_test_assets:/home/parallels/ros2_ws/install/controller_manager_msgs${CMAKE_PREFIX_PATH} LD_LIBRARY_PATH=/home/parallels/ros2_ws/install/controller_manager/lib:/home/parallels/ros2_ws/install/hardware_interface_testing/lib:/home/parallels/ros2_ws/install/controller_interface/lib:/home/parallels/ros2_ws/install/hardware_interface/lib:/home/parallels/ros2_ws/install/controller_manager_msgs/lib:${LD_LIBRARY_PATH} PYTHONPATH=/home/parallels/ros2_ws/build/ros2controlcli/prefix_override:/usr/lib/python3/dist-packages/colcon_core/task/python/colcon_distutils_commands:/home/parallels/ros2_ws/install/ros2controlcli/lib/python3.10/site-packages:/home/parallels/ros2_ws/install/controller_manager/local/lib/python3.10/dist-packages:/home/parallels/ros2_ws/install/controller_manager_msgs/local/lib/python3.10/dist-packages:${PYTHONPATH} /usr/bin/python3 -W ignore:setup.py install is deprecated -W ignore:easy_install command is deprecated setup.py egg_info --egg-base ../../../build/ros2controlcli build --build-base /home/parallels/ros2_ws/build/ros2controlcli/build install --record /home/parallels/ros2_ws/build/ros2controlcli/install.log --single-version-externally-managed install_data
