[0.747s] Invoking command in '/home/parallels/ros2_ws/src/ros2_control/rqt_controller_manager': AMENT_PREFIX_PATH=/home/parallels/ros2_ws/install/controller_manager:/home/parallels/ros2_ws/install/hardware_interface_testing:/home/parallels/ros2_ws/install/controller_interface:/home/parallels/ros2_ws/install/hardware_interface:/home/parallels/ros2_ws/install/ros2_control_test_assets:/home/parallels/ros2_ws/install/controller_manager_msgs:${AMENT_PREFIX_PATH} CMAKE_PREFIX_PATH=/home/parallels/ros2_ws/install/controller_manager:/home/parallels/ros2_ws/install/hardware_interface_testing:/home/parallels/ros2_ws/install/controller_interface:/home/parallels/ros2_ws/install/hardware_interface:/home/parallels/ros2_ws/install/ros2_control_test_assets:/home/parallels/ros2_ws/install/controller_manager_msgs${CMAKE_PREFIX_PATH} LD_LIBRARY_PATH=/home/parallels/ros2_ws/install/controller_manager/lib:/home/parallels/ros2_ws/install/hardware_interface_testing/lib:/home/parallels/ros2_ws/install/controller_interface/lib:/home/parallels/ros2_ws/install/hardware_interface/lib:/home/parallels/ros2_ws/install/controller_manager_msgs/lib:${LD_LIBRARY_PATH} PYTHONPATH=/home/parallels/ros2_ws/build/rqt_controller_manager/prefix_override:/usr/lib/python3/dist-packages/colcon_core/task/python/colcon_distutils_commands:/home/parallels/ros2_ws/install/rqt_controller_manager/lib/python3.10/site-packages:/home/parallels/ros2_ws/install/controller_manager/local/lib/python3.10/dist-packages:/home/parallels/ros2_ws/install/controller_manager_msgs/local/lib/python3.10/dist-packages:${PYTHONPATH} /usr/bin/python3 -W ignore:setup.py install is deprecated -W ignore:easy_install command is deprecated setup.py egg_info --egg-base ../../../build/rqt_controller_manager build --build-base /home/parallels/ros2_ws/build/rqt_controller_manager/build install --record /home/parallels/ros2_ws/build/rqt_controller_manager/install.log --single-version-externally-managed install_data
[0.878s] running egg_info
[0.879s] creating ../../../build/rqt_controller_manager/rqt_controller_manager.egg-info
[0.879s] writing ../../../build/rqt_controller_manager/rqt_controller_manager.egg-info/PKG-INFO
[0.879s] writing dependency_links to ../../../build/rqt_controller_manager/rqt_controller_manager.egg-info/dependency_links.txt
[0.879s] writing entry points to ../../../build/rqt_controller_manager/rqt_controller_manager.egg-info/entry_points.txt
[0.879s] writing requirements to ../../../build/rqt_controller_manager/rqt_controller_manager.egg-info/requires.txt
[0.879s] writing top-level names to ../../../build/rqt_controller_manager/rqt_controller_manager.egg-info/top_level.txt
[0.879s] writing manifest file '../../../build/rqt_controller_manager/rqt_controller_manager.egg-info/SOURCES.txt'
[0.881s] reading manifest file '../../../build/rqt_controller_manager/rqt_controller_manager.egg-info/SOURCES.txt'
[0.881s] writing manifest file '../../../build/rqt_controller_manager/rqt_controller_manager.egg-info/SOURCES.txt'
[0.881s] running build
[0.881s] running build_py
[0.881s] creating /home/parallels/ros2_ws/build/rqt_controller_manager/build
[0.882s] creating /home/parallels/ros2_ws/build/rqt_controller_manager/build/lib
[0.882s] creating /home/parallels/ros2_ws/build/rqt_controller_manager/build/lib/rqt_controller_manager
[0.882s] copying rqt_controller_manager/__init__.py -> /home/parallels/ros2_ws/build/rqt_controller_manager/build/lib/rqt_controller_manager
[0.882s] copying rqt_controller_manager/update_combo.py -> /home/parallels/ros2_ws/build/rqt_controller_manager/build/lib/rqt_controller_manager
[0.882s] copying rqt_controller_manager/controller_manager.py -> /home/parallels/ros2_ws/build/rqt_controller_manager/build/lib/rqt_controller_manager
[0.883s] copying rqt_controller_manager/main.py -> /home/parallels/ros2_ws/build/rqt_controller_manager/build/lib/rqt_controller_manager
[0.883s] running install
[0.883s] running install_lib
[0.884s] creating /home/parallels/ros2_ws/install/rqt_controller_manager/lib/python3.10/site-packages/rqt_controller_manager
[0.884s] copying /home/parallels/ros2_ws/build/rqt_controller_manager/build/lib/rqt_controller_manager/__init__.py -> /home/parallels/ros2_ws/install/rqt_controller_manager/lib/python3.10/site-packages/rqt_controller_manager
[0.884s] copying /home/parallels/ros2_ws/build/rqt_controller_manager/build/lib/rqt_controller_manager/update_combo.py -> /home/parallels/ros2_ws/install/rqt_controller_manager/lib/python3.10/site-packages/rqt_controller_manager
[0.884s] copying /home/parallels/ros2_ws/build/rqt_controller_manager/build/lib/rqt_controller_manager/controller_manager.py -> /home/parallels/ros2_ws/install/rqt_controller_manager/lib/python3.10/site-packages/rqt_controller_manager
[0.884s] copying /home/parallels/ros2_ws/build/rqt_controller_manager/build/lib/rqt_controller_manager/main.py -> /home/parallels/ros2_ws/install/rqt_controller_manager/lib/python3.10/site-packages/rqt_controller_manager
[0.885s] byte-compiling /home/parallels/ros2_ws/install/rqt_controller_manager/lib/python3.10/site-packages/rqt_controller_manager/__init__.py to __init__.cpython-310.pyc
[0.885s] byte-compiling /home/parallels/ros2_ws/install/rqt_controller_manager/lib/python3.10/site-packages/rqt_controller_manager/update_combo.py to update_combo.cpython-310.pyc
[0.885s] byte-compiling /home/parallels/ros2_ws/install/rqt_controller_manager/lib/python3.10/site-packages/rqt_controller_manager/controller_manager.py to controller_manager.cpython-310.pyc
[0.887s] byte-compiling /home/parallels/ros2_ws/install/rqt_controller_manager/lib/python3.10/site-packages/rqt_controller_manager/main.py to main.cpython-310.pyc
[0.887s] running install_data
[0.887s] creating /home/parallels/ros2_ws/install/rqt_controller_manager/share/ament_index
[0.887s] creating /home/parallels/ros2_ws/install/rqt_controller_manager/share/ament_index/resource_index
[0.887s] creating /home/parallels/ros2_ws/install/rqt_controller_manager/share/ament_index/resource_index/packages
[0.887s] copying resource/rqt_controller_manager -> /home/parallels/ros2_ws/install/rqt_controller_manager/share/ament_index/resource_index/packages
[0.887s] copying package.xml -> /home/parallels/ros2_ws/install/rqt_controller_manager/share/rqt_controller_manager
[0.887s] creating /home/parallels/ros2_ws/install/rqt_controller_manager/share/rqt_controller_manager/resource
[0.887s] copying resource/led_green.png -> /home/parallels/ros2_ws/install/rqt_controller_manager/share/rqt_controller_manager/resource
[0.888s] copying resource/led_off.png -> /home/parallels/ros2_ws/install/rqt_controller_manager/share/rqt_controller_manager/resource
[0.888s] copying resource/led_red.png -> /home/parallels/ros2_ws/install/rqt_controller_manager/share/rqt_controller_manager/resource
[0.888s] copying resource/controller_manager.ui -> /home/parallels/ros2_ws/install/rqt_controller_manager/share/rqt_controller_manager/resource
[0.888s] copying resource/controller_info.ui -> /home/parallels/ros2_ws/install/rqt_controller_manager/share/rqt_controller_manager/resource
[0.888s] copying resource/cm_icon.png -> /home/parallels/ros2_ws/install/rqt_controller_manager/share/rqt_controller_manager/resource
[0.889s] copying plugin.xml -> /home/parallels/ros2_ws/install/rqt_controller_manager/share/rqt_controller_manager
[0.889s] running install_egg_info
[0.890s] Copying ../../../build/rqt_controller_manager/rqt_controller_manager.egg-info to /home/parallels/ros2_ws/install/rqt_controller_manager/lib/python3.10/site-packages/rqt_controller_manager-2.41.0-py3.10.egg-info
[0.890s] running install_scripts
[0.901s] Installing rqt_controller_manager script to /home/parallels/ros2_ws/install/rqt_controller_manager/lib/rqt_controller_manager
[0.902s] writing list of installed files to '/home/parallels/ros2_ws/build/rqt_controller_manager/install.log'
[0.920s] Invoked command in '/home/parallels/ros2_ws/src/ros2_control/rqt_controller_manager' returned '0': AMENT_PREFIX_PATH=/home/parallels/ros2_ws/install/controller_manager:/home/parallels/ros2_ws/install/hardware_interface_testing:/home/parallels/ros2_ws/install/controller_interface:/home/parallels/ros2_ws/install/hardware_interface:/home/parallels/ros2_ws/install/ros2_control_test_assets:/home/parallels/ros2_ws/install/controller_manager_msgs:${AMENT_PREFIX_PATH} CMAKE_PREFIX_PATH=/home/parallels/ros2_ws/install/controller_manager:/home/parallels/ros2_ws/install/hardware_interface_testing:/home/parallels/ros2_ws/install/controller_interface:/home/parallels/ros2_ws/install/hardware_interface:/home/parallels/ros2_ws/install/ros2_control_test_assets:/home/parallels/ros2_ws/install/controller_manager_msgs${CMAKE_PREFIX_PATH} LD_LIBRARY_PATH=/home/parallels/ros2_ws/install/controller_manager/lib:/home/parallels/ros2_ws/install/hardware_interface_testing/lib:/home/parallels/ros2_ws/install/controller_interface/lib:/home/parallels/ros2_ws/install/hardware_interface/lib:/home/parallels/ros2_ws/install/controller_manager_msgs/lib:${LD_LIBRARY_PATH} PYTHONPATH=/home/parallels/ros2_ws/build/rqt_controller_manager/prefix_override:/usr/lib/python3/dist-packages/colcon_core/task/python/colcon_distutils_commands:/home/parallels/ros2_ws/install/rqt_controller_manager/lib/python3.10/site-packages:/home/parallels/ros2_ws/install/controller_manager/local/lib/python3.10/dist-packages:/home/parallels/ros2_ws/install/controller_manager_msgs/local/lib/python3.10/dist-packages:${PYTHONPATH} /usr/bin/python3 -W ignore:setup.py install is deprecated -W ignore:easy_install command is deprecated setup.py egg_info --egg-base ../../../build/rqt_controller_manager build --build-base /home/parallels/ros2_ws/build/rqt_controller_manager/build install --record /home/parallels/ros2_ws/build/rqt_controller_manager/install.log --single-version-externally-managed install_data
