[0.012s] Invoking command in '/home/parallels/ros2_ws/build/my_robot_station_bringup': AMENT_PREFIX_PATH=/home/parallels/ros2_ws/install/my_cpp_pkg:/home/parallels/ros2_ws/install/my_robot_interfaces:${AMENT_PREFIX_PATH} CMAKE_PREFIX_PATH=/home/parallels/ros2_ws/install/my_cpp_pkg:/home/parallels/ros2_ws/install/my_robot_interfaces:/usr:/opt/ros/humble LD_LIBRARY_PATH=/home/parallels/ros2_ws/install/my_robot_interfaces/lib:${LD_LIBRARY_PATH} PYTHONPATH=/home/parallels/ros2_ws/install/my_robot_interfaces/local/lib/python3.10/dist-packages:${PYTHONPATH} /usr/bin/cmake /home/parallels/ros2_ws/src/my_robot_station_bringup -DCMAKE_INSTALL_PREFIX=/home/parallels/ros2_ws/install/my_robot_station_bringup
[0.052s] -- The C compiler identification is GNU 11.4.0
[0.089s] -- The CXX compiler identification is GNU 11.4.0
[0.099s] -- Detecting C compiler ABI info
[0.132s] -- Detecting C compiler ABI info - done
[0.136s] -- Check for working C compiler: /usr/bin/cc - skipped
[0.136s] -- Detecting C compile features
[0.137s] -- Detecting C compile features - done
[0.140s] -- Detecting CXX compiler ABI info
[0.185s] -- Detecting CXX compiler ABI info - done
[0.190s] -- Check for working CXX compiler: /usr/bin/c++ - skipped
[0.190s] -- Detecting CXX compile features
[0.196s] -- Detecting CXX compile features - done
[0.201s] -- Found ament_cmake: 1.3.11 (/opt/ros/humble/share/ament_cmake/cmake)
[0.282s] -- Found Python3: /usr/bin/python3 (found version "3.10.12") found components: Interpreter 
[0.408s] -- Configuring done
[0.409s] -- Generating done
[0.410s] -- Build files have been written to: /home/parallels/ros2_ws/build/my_robot_station_bringup
[0.412s] Invoked command in '/home/parallels/ros2_ws/build/my_robot_station_bringup' returned '0': AMENT_PREFIX_PATH=/home/parallels/ros2_ws/install/my_cpp_pkg:/home/parallels/ros2_ws/install/my_robot_interfaces:${AMENT_PREFIX_PATH} CMAKE_PREFIX_PATH=/home/parallels/ros2_ws/install/my_cpp_pkg:/home/parallels/ros2_ws/install/my_robot_interfaces:/usr:/opt/ros/humble LD_LIBRARY_PATH=/home/parallels/ros2_ws/install/my_robot_interfaces/lib:${LD_LIBRARY_PATH} PYTHONPATH=/home/parallels/ros2_ws/install/my_robot_interfaces/local/lib/python3.10/dist-packages:${PYTHONPATH} /usr/bin/cmake /home/parallels/ros2_ws/src/my_robot_station_bringup -DCMAKE_INSTALL_PREFIX=/home/parallels/ros2_ws/install/my_robot_station_bringup
[0.413s] Invoking command in '/home/parallels/ros2_ws/build/my_robot_station_bringup': AMENT_PREFIX_PATH=/home/parallels/ros2_ws/install/my_cpp_pkg:/home/parallels/ros2_ws/install/my_robot_interfaces:${AMENT_PREFIX_PATH} CMAKE_PREFIX_PATH=/home/parallels/ros2_ws/install/my_cpp_pkg:/home/parallels/ros2_ws/install/my_robot_interfaces:/usr:/opt/ros/humble LD_LIBRARY_PATH=/home/parallels/ros2_ws/install/my_robot_interfaces/lib:${LD_LIBRARY_PATH} PYTHONPATH=/home/parallels/ros2_ws/install/my_robot_interfaces/local/lib/python3.10/dist-packages:${PYTHONPATH} /usr/bin/cmake --build /home/parallels/ros2_ws/build/my_robot_station_bringup -- -j4 -l4
[0.428s] Invoked command in '/home/parallels/ros2_ws/build/my_robot_station_bringup' returned '0': AMENT_PREFIX_PATH=/home/parallels/ros2_ws/install/my_cpp_pkg:/home/parallels/ros2_ws/install/my_robot_interfaces:${AMENT_PREFIX_PATH} CMAKE_PREFIX_PATH=/home/parallels/ros2_ws/install/my_cpp_pkg:/home/parallels/ros2_ws/install/my_robot_interfaces:/usr:/opt/ros/humble LD_LIBRARY_PATH=/home/parallels/ros2_ws/install/my_robot_interfaces/lib:${LD_LIBRARY_PATH} PYTHONPATH=/home/parallels/ros2_ws/install/my_robot_interfaces/local/lib/python3.10/dist-packages:${PYTHONPATH} /usr/bin/cmake --build /home/parallels/ros2_ws/build/my_robot_station_bringup -- -j4 -l4
[0.428s] Invoking command in '/home/parallels/ros2_ws/build/my_robot_station_bringup': AMENT_PREFIX_PATH=/home/parallels/ros2_ws/install/my_cpp_pkg:/home/parallels/ros2_ws/install/my_robot_interfaces:${AMENT_PREFIX_PATH} CMAKE_PREFIX_PATH=/home/parallels/ros2_ws/install/my_cpp_pkg:/home/parallels/ros2_ws/install/my_robot_interfaces:/usr:/opt/ros/humble LD_LIBRARY_PATH=/home/parallels/ros2_ws/install/my_robot_interfaces/lib:${LD_LIBRARY_PATH} PYTHONPATH=/home/parallels/ros2_ws/install/my_robot_interfaces/local/lib/python3.10/dist-packages:${PYTHONPATH} /usr/bin/cmake --install /home/parallels/ros2_ws/build/my_robot_station_bringup
[0.430s] -- Install configuration: ""
[0.430s] -- Installing: /home/parallels/ros2_ws/install/my_robot_station_bringup/share/my_robot_station_bringup/launch
[0.430s] -- Installing: /home/parallels/ros2_ws/install/my_robot_station_bringup/share/my_robot_station_bringup/launch/robot_station.launch.py
[0.432s] -- Installing: /home/parallels/ros2_ws/install/my_robot_station_bringup/share/ament_index/resource_index/package_run_dependencies/my_robot_station_bringup
[0.432s] -- Installing: /home/parallels/ros2_ws/install/my_robot_station_bringup/share/ament_index/resource_index/parent_prefix_path/my_robot_station_bringup
[0.432s] -- Installing: /home/parallels/ros2_ws/install/my_robot_station_bringup/share/my_robot_station_bringup/environment/ament_prefix_path.sh
[0.432s] -- Installing: /home/parallels/ros2_ws/install/my_robot_station_bringup/share/my_robot_station_bringup/environment/ament_prefix_path.dsv
[0.432s] -- Installing: /home/parallels/ros2_ws/install/my_robot_station_bringup/share/my_robot_station_bringup/environment/path.sh
[0.432s] -- Installing: /home/parallels/ros2_ws/install/my_robot_station_bringup/share/my_robot_station_bringup/environment/path.dsv
[0.432s] -- Installing: /home/parallels/ros2_ws/install/my_robot_station_bringup/share/my_robot_station_bringup/local_setup.bash
[0.432s] -- Installing: /home/parallels/ros2_ws/install/my_robot_station_bringup/share/my_robot_station_bringup/local_setup.sh
[0.433s] -- Installing: /home/parallels/ros2_ws/install/my_robot_station_bringup/share/my_robot_station_bringup/local_setup.zsh
[0.433s] -- Installing: /home/parallels/ros2_ws/install/my_robot_station_bringup/share/my_robot_station_bringup/local_setup.dsv
[0.433s] -- Installing: /home/parallels/ros2_ws/install/my_robot_station_bringup/share/my_robot_station_bringup/package.dsv
[0.433s] -- Installing: /home/parallels/ros2_ws/install/my_robot_station_bringup/share/ament_index/resource_index/packages/my_robot_station_bringup
[0.433s] -- Installing: /home/parallels/ros2_ws/install/my_robot_station_bringup/share/my_robot_station_bringup/cmake/my_robot_station_bringupConfig.cmake
[0.433s] -- Installing: /home/parallels/ros2_ws/install/my_robot_station_bringup/share/my_robot_station_bringup/cmake/my_robot_station_bringupConfig-version.cmake
[0.433s] -- Installing: /home/parallels/ros2_ws/install/my_robot_station_bringup/share/my_robot_station_bringup/package.xml
[0.437s] Invoked command in '/home/parallels/ros2_ws/build/my_robot_station_bringup' returned '0': AMENT_PREFIX_PATH=/home/parallels/ros2_ws/install/my_cpp_pkg:/home/parallels/ros2_ws/install/my_robot_interfaces:${AMENT_PREFIX_PATH} CMAKE_PREFIX_PATH=/home/parallels/ros2_ws/install/my_cpp_pkg:/home/parallels/ros2_ws/install/my_robot_interfaces:/usr:/opt/ros/humble LD_LIBRARY_PATH=/home/parallels/ros2_ws/install/my_robot_interfaces/lib:${LD_LIBRARY_PATH} PYTHONPATH=/home/parallels/ros2_ws/install/my_robot_interfaces/local/lib/python3.10/dist-packages:${PYTHONPATH} /usr/bin/cmake --install /home/parallels/ros2_ws/build/my_robot_station_bringup
