-- The C compiler identification is GNU 11.4.0
-- The CXX compiler identification is GNU 11.4.0
-- Detecting C compiler ABI info
-- Detecting C compiler ABI info - done
-- Check for working C compiler: /usr/bin/cc - skipped
-- Detecting C compile features
-- Detecting C compile features - done
-- Detecting CXX compiler ABI info
-- Detecting CXX compiler ABI info - done
-- Check for working CXX compiler: /usr/bin/c++ - skipped
-- Detecting CXX compile features
-- Detecting CXX compile features - done
-- Found ament_cmake: 1.3.11 (/opt/ros/humble/share/ament_cmake/cmake)
-- Found Python3: /usr/bin/python3 (found version "3.10.12") found components: Interpreter 
-- Found pluginlib: 5.1.0 (/opt/ros/humble/share/pluginlib/cmake)
-- Found ament_lint_auto: 0.12.12 (/opt/ros/humble/share/ament_lint_auto/cmake)
-- Added test 'cppcheck' to perform static code analysis on C / C++ code
-- Configured cppcheck include dirs: $<BUILD_INTERFACE:/home/parallels/ros2_ws/ROS2_Humble/src/polygon_base/include>
-- Configured cppcheck exclude dirs and/or files: 
-- Added test 'lint_cmake' to check CMake code style
-- Added test 'uncrustify' to check C / C++ code style
-- Configured uncrustify additional arguments: 
-- Added test 'xmllint' to check XML markup files
-- Configuring done
-- Generating done
-- Build files have been written to: /home/parallels/ros2_ws/ROS2_Humble/build/polygon_base
[35m[1mConsolidate compiler generated dependencies of target area_node[0m
[100%] Built target area_node
-- Install configuration: ""
-- Up-to-date: /home/parallels/ros2_ws/ROS2_Humble/install/polygon_base/include
-- Up-to-date: /home/parallels/ros2_ws/ROS2_Humble/install/polygon_base/include/polygon_base
-- Up-to-date: /home/parallels/ros2_ws/ROS2_Humble/install/polygon_base/include/polygon_base/regular_polygon.hpp
-- Up-to-date: /home/parallels/ros2_ws/ROS2_Humble/install/polygon_base/lib/polygon_base/area_node
-- Up-to-date: /home/parallels/ros2_ws/ROS2_Humble/install/polygon_base/share/ament_index/resource_index/package_run_dependencies/polygon_base
-- Installing: /home/parallels/ros2_ws/ROS2_Humble/install/polygon_base/share/ament_index/resource_index/parent_prefix_path/polygon_base
-- Up-to-date: /home/parallels/ros2_ws/ROS2_Humble/install/polygon_base/share/polygon_base/environment/ament_prefix_path.sh
-- Installing: /home/parallels/ros2_ws/ROS2_Humble/install/polygon_base/share/polygon_base/environment/ament_prefix_path.dsv
-- Up-to-date: /home/parallels/ros2_ws/ROS2_Humble/install/polygon_base/share/polygon_base/environment/path.sh
-- Installing: /home/parallels/ros2_ws/ROS2_Humble/install/polygon_base/share/polygon_base/environment/path.dsv
-- Up-to-date: /home/parallels/ros2_ws/ROS2_Humble/install/polygon_base/share/polygon_base/local_setup.bash
-- Up-to-date: /home/parallels/ros2_ws/ROS2_Humble/install/polygon_base/share/polygon_base/local_setup.sh
-- Up-to-date: /home/parallels/ros2_ws/ROS2_Humble/install/polygon_base/share/polygon_base/local_setup.zsh
-- Installing: /home/parallels/ros2_ws/ROS2_Humble/install/polygon_base/share/polygon_base/local_setup.dsv
-- Installing: /home/parallels/ros2_ws/ROS2_Humble/install/polygon_base/share/polygon_base/package.dsv
-- Up-to-date: /home/parallels/ros2_ws/ROS2_Humble/install/polygon_base/share/ament_index/resource_index/packages/polygon_base
-- Up-to-date: /home/parallels/ros2_ws/ROS2_Humble/install/polygon_base/share/polygon_base/cmake/ament_cmake_export_include_directories-extras.cmake
-- Up-to-date: /home/parallels/ros2_ws/ROS2_Humble/install/polygon_base/share/polygon_base/cmake/polygon_baseConfig.cmake
-- Up-to-date: /home/parallels/ros2_ws/ROS2_Humble/install/polygon_base/share/polygon_base/cmake/polygon_baseConfig-version.cmake
-- Up-to-date: /home/parallels/ros2_ws/ROS2_Humble/install/polygon_base/share/polygon_base/package.xml
