[0.828s] Invoking command in '/home/parallels/ros2_ws/ROS2_Humble/src/lifecycle_py': PYTHONPATH=/home/parallels/ros2_ws/ROS2_Humble/build/lifecycle_py/prefix_override:/usr/lib/python3/dist-packages/colcon_core/task/python/colcon_distutils_commands:/home/parallels/ros2_ws/ROS2_Humble/install/lifecycle_py/lib/python3.10/site-packages:${PYTHONPATH} /usr/bin/python3 -W ignore:setup.py install is deprecated -W ignore:easy_install command is deprecated setup.py egg_info --egg-base ../../build/lifecycle_py build --build-base /home/parallels/ros2_ws/ROS2_Humble/build/lifecycle_py/build install --record /home/parallels/ros2_ws/ROS2_Humble/build/lifecycle_py/install.log --single-version-externally-managed install_data
[1.106s] running egg_info
[1.106s] creating ../../build/lifecycle_py/lifecycle_py.egg-info
[1.106s] writing ../../build/lifecycle_py/lifecycle_py.egg-info/PKG-INFO
[1.106s] writing dependency_links to ../../build/lifecycle_py/lifecycle_py.egg-info/dependency_links.txt
[1.106s] writing entry points to ../../build/lifecycle_py/lifecycle_py.egg-info/entry_points.txt
[1.106s] writing requirements to ../../build/lifecycle_py/lifecycle_py.egg-info/requires.txt
[1.106s] writing top-level names to ../../build/lifecycle_py/lifecycle_py.egg-info/top_level.txt
[1.106s] writing manifest file '../../build/lifecycle_py/lifecycle_py.egg-info/SOURCES.txt'
[1.107s] reading manifest file '../../build/lifecycle_py/lifecycle_py.egg-info/SOURCES.txt'
[1.108s] writing manifest file '../../build/lifecycle_py/lifecycle_py.egg-info/SOURCES.txt'
[1.108s] running build
[1.108s] running build_py
[1.109s] creating /home/parallels/ros2_ws/ROS2_Humble/build/lifecycle_py/build
[1.110s] creating /home/parallels/ros2_ws/ROS2_Humble/build/lifecycle_py/build/lib
[1.110s] creating /home/parallels/ros2_ws/ROS2_Humble/build/lifecycle_py/build/lib/lifecycle_py
[1.111s] copying lifecycle_py/number_publisher.py -> /home/parallels/ros2_ws/ROS2_Humble/build/lifecycle_py/build/lib/lifecycle_py
[1.111s] copying lifecycle_py/__init__.py -> /home/parallels/ros2_ws/ROS2_Humble/build/lifecycle_py/build/lib/lifecycle_py
[1.111s] running install
[1.111s] running install_lib
[1.112s] creating /home/parallels/ros2_ws/ROS2_Humble/install/lifecycle_py/lib/python3.10/site-packages/lifecycle_py
[1.112s] copying /home/parallels/ros2_ws/ROS2_Humble/build/lifecycle_py/build/lib/lifecycle_py/number_publisher.py -> /home/parallels/ros2_ws/ROS2_Humble/install/lifecycle_py/lib/python3.10/site-packages/lifecycle_py
[1.112s] copying /home/parallels/ros2_ws/ROS2_Humble/build/lifecycle_py/build/lib/lifecycle_py/__init__.py -> /home/parallels/ros2_ws/ROS2_Humble/install/lifecycle_py/lib/python3.10/site-packages/lifecycle_py
[1.112s] byte-compiling /home/parallels/ros2_ws/ROS2_Humble/install/lifecycle_py/lib/python3.10/site-packages/lifecycle_py/number_publisher.py to number_publisher.cpython-310.pyc
[1.113s] byte-compiling /home/parallels/ros2_ws/ROS2_Humble/install/lifecycle_py/lib/python3.10/site-packages/lifecycle_py/__init__.py to __init__.cpython-310.pyc
[1.113s] running install_data
[1.113s] creating /home/parallels/ros2_ws/ROS2_Humble/install/lifecycle_py/share/ament_index
[1.113s] creating /home/parallels/ros2_ws/ROS2_Humble/install/lifecycle_py/share/ament_index/resource_index
[1.113s] creating /home/parallels/ros2_ws/ROS2_Humble/install/lifecycle_py/share/ament_index/resource_index/packages
[1.113s] copying resource/lifecycle_py -> /home/parallels/ros2_ws/ROS2_Humble/install/lifecycle_py/share/ament_index/resource_index/packages
[1.113s] copying package.xml -> /home/parallels/ros2_ws/ROS2_Humble/install/lifecycle_py/share/lifecycle_py
[1.113s] running install_egg_info
[1.114s] Copying ../../build/lifecycle_py/lifecycle_py.egg-info to /home/parallels/ros2_ws/ROS2_Humble/install/lifecycle_py/lib/python3.10/site-packages/lifecycle_py-0.0.0-py3.10.egg-info
[1.115s] running install_scripts
[1.130s] Installing number_publisher script to /home/parallels/ros2_ws/ROS2_Humble/install/lifecycle_py/lib/lifecycle_py
[1.130s] writing list of installed files to '/home/parallels/ros2_ws/ROS2_Humble/build/lifecycle_py/install.log'
[1.164s] Invoked command in '/home/parallels/ros2_ws/ROS2_Humble/src/lifecycle_py' returned '0': PYTHONPATH=/home/parallels/ros2_ws/ROS2_Humble/build/lifecycle_py/prefix_override:/usr/lib/python3/dist-packages/colcon_core/task/python/colcon_distutils_commands:/home/parallels/ros2_ws/ROS2_Humble/install/lifecycle_py/lib/python3.10/site-packages:${PYTHONPATH} /usr/bin/python3 -W ignore:setup.py install is deprecated -W ignore:easy_install command is deprecated setup.py egg_info --egg-base ../../build/lifecycle_py build --build-base /home/parallels/ros2_ws/ROS2_Humble/build/lifecycle_py/build install --record /home/parallels/ros2_ws/ROS2_Humble/build/lifecycle_py/install.log --single-version-externally-managed install_data
