[0.010s] Invoking command in '/home/parallels/ros2_ws/build/my_robot_bringup_gazebo': CMAKE_PREFIX_PATH=/home/parallels/ros2_ws/install/my_robot_description:/home/parallels/ros2_ws/install/urdf_sim_tutorial:/home/parallels/ros2_ws/install/turtlecatch_bringup:/home/parallels/ros2_ws/install/polygon_plugins:/home/parallels/ros2_ws/install/polygon_base:/home/parallels/ros2_ws/install/my_robot_station_bringup:/home/parallels/ros2_ws/install/my_robot_bringup:/home/parallels/ros2_ws/install/my_cpp_pkg:/home/parallels/ros2_ws/install/my_robot_interfaces:/home/parallels/ros2_ws/install/my_robot_bringup_gazebo:/home/parallels/ros2_ws/install/add_two_ints_cpp:/usr:/home/parallels/ros2_ws/install/turtlesim_catch_them_all:/home/parallels/ros2_ws/install/number_counter:/home/parallels/ros2_ws/install/my_py_pkg:/home/parallels/ros2_ws/install/add_two_ints:/opt/ros/humble /usr/bin/cmake /home/parallels/ros2_ws/src/my_robot_bringup_gazebo -DCMAKE_INSTALL_PREFIX=/home/parallels/ros2_ws/install/my_robot_bringup_gazebo
[0.108s] -- The C compiler identification is GNU 11.4.0
[0.147s] -- The CXX compiler identification is GNU 11.4.0
[0.155s] -- Detecting C compiler ABI info
[0.216s] -- Detecting C compiler ABI info - done
[0.221s] -- Check for working C compiler: /usr/bin/cc - skipped
[0.223s] -- Detecting C compile features
[0.223s] -- Detecting C compile features - done
[0.224s] -- Detecting CXX compiler ABI info
[0.303s] -- Detecting CXX compiler ABI info - done
[0.313s] -- Check for working CXX compiler: /usr/bin/c++ - skipped
[0.313s] -- Detecting CXX compile features
[0.314s] -- Detecting CXX compile features - done
[0.317s] -- Found ament_cmake: 1.3.11 (/opt/ros/humble/share/ament_cmake/cmake)
[0.431s] -- Found Python3: /usr/bin/python3 (found version "3.10.12") found components: Interpreter 
[0.595s] -- Configuring done
[0.598s] -- Generating done
[0.599s] -- Build files have been written to: /home/parallels/ros2_ws/build/my_robot_bringup_gazebo
[0.602s] Invoked command in '/home/parallels/ros2_ws/build/my_robot_bringup_gazebo' returned '0': CMAKE_PREFIX_PATH=/home/parallels/ros2_ws/install/my_robot_description:/home/parallels/ros2_ws/install/urdf_sim_tutorial:/home/parallels/ros2_ws/install/turtlecatch_bringup:/home/parallels/ros2_ws/install/polygon_plugins:/home/parallels/ros2_ws/install/polygon_base:/home/parallels/ros2_ws/install/my_robot_station_bringup:/home/parallels/ros2_ws/install/my_robot_bringup:/home/parallels/ros2_ws/install/my_cpp_pkg:/home/parallels/ros2_ws/install/my_robot_interfaces:/home/parallels/ros2_ws/install/my_robot_bringup_gazebo:/home/parallels/ros2_ws/install/add_two_ints_cpp:/usr:/home/parallels/ros2_ws/install/turtlesim_catch_them_all:/home/parallels/ros2_ws/install/number_counter:/home/parallels/ros2_ws/install/my_py_pkg:/home/parallels/ros2_ws/install/add_two_ints:/opt/ros/humble /usr/bin/cmake /home/parallels/ros2_ws/src/my_robot_bringup_gazebo -DCMAKE_INSTALL_PREFIX=/home/parallels/ros2_ws/install/my_robot_bringup_gazebo
[0.603s] Invoking command in '/home/parallels/ros2_ws/build/my_robot_bringup_gazebo': CMAKE_PREFIX_PATH=/home/parallels/ros2_ws/install/my_robot_description:/home/parallels/ros2_ws/install/urdf_sim_tutorial:/home/parallels/ros2_ws/install/turtlecatch_bringup:/home/parallels/ros2_ws/install/polygon_plugins:/home/parallels/ros2_ws/install/polygon_base:/home/parallels/ros2_ws/install/my_robot_station_bringup:/home/parallels/ros2_ws/install/my_robot_bringup:/home/parallels/ros2_ws/install/my_cpp_pkg:/home/parallels/ros2_ws/install/my_robot_interfaces:/home/parallels/ros2_ws/install/my_robot_bringup_gazebo:/home/parallels/ros2_ws/install/add_two_ints_cpp:/usr:/home/parallels/ros2_ws/install/turtlesim_catch_them_all:/home/parallels/ros2_ws/install/number_counter:/home/parallels/ros2_ws/install/my_py_pkg:/home/parallels/ros2_ws/install/add_two_ints:/opt/ros/humble /usr/bin/cmake --build /home/parallels/ros2_ws/build/my_robot_bringup_gazebo -- -j8 -l8
[0.618s] Invoked command in '/home/parallels/ros2_ws/build/my_robot_bringup_gazebo' returned '0': CMAKE_PREFIX_PATH=/home/parallels/ros2_ws/install/my_robot_description:/home/parallels/ros2_ws/install/urdf_sim_tutorial:/home/parallels/ros2_ws/install/turtlecatch_bringup:/home/parallels/ros2_ws/install/polygon_plugins:/home/parallels/ros2_ws/install/polygon_base:/home/parallels/ros2_ws/install/my_robot_station_bringup:/home/parallels/ros2_ws/install/my_robot_bringup:/home/parallels/ros2_ws/install/my_cpp_pkg:/home/parallels/ros2_ws/install/my_robot_interfaces:/home/parallels/ros2_ws/install/my_robot_bringup_gazebo:/home/parallels/ros2_ws/install/add_two_ints_cpp:/usr:/home/parallels/ros2_ws/install/turtlesim_catch_them_all:/home/parallels/ros2_ws/install/number_counter:/home/parallels/ros2_ws/install/my_py_pkg:/home/parallels/ros2_ws/install/add_two_ints:/opt/ros/humble /usr/bin/cmake --build /home/parallels/ros2_ws/build/my_robot_bringup_gazebo -- -j8 -l8
[0.620s] Invoking command in '/home/parallels/ros2_ws/build/my_robot_bringup_gazebo': CMAKE_PREFIX_PATH=/home/parallels/ros2_ws/install/my_robot_description:/home/parallels/ros2_ws/install/urdf_sim_tutorial:/home/parallels/ros2_ws/install/turtlecatch_bringup:/home/parallels/ros2_ws/install/polygon_plugins:/home/parallels/ros2_ws/install/polygon_base:/home/parallels/ros2_ws/install/my_robot_station_bringup:/home/parallels/ros2_ws/install/my_robot_bringup:/home/parallels/ros2_ws/install/my_cpp_pkg:/home/parallels/ros2_ws/install/my_robot_interfaces:/home/parallels/ros2_ws/install/my_robot_bringup_gazebo:/home/parallels/ros2_ws/install/add_two_ints_cpp:/usr:/home/parallels/ros2_ws/install/turtlesim_catch_them_all:/home/parallels/ros2_ws/install/number_counter:/home/parallels/ros2_ws/install/my_py_pkg:/home/parallels/ros2_ws/install/add_two_ints:/opt/ros/humble /usr/bin/cmake --install /home/parallels/ros2_ws/build/my_robot_bringup_gazebo
[0.622s] -- Install configuration: ""
[0.623s] -- Up-to-date: /home/parallels/ros2_ws/install/my_robot_bringup_gazebo/share/my_robot_bringup_gazebo//launch
[0.623s] -- Up-to-date: /home/parallels/ros2_ws/install/my_robot_bringup_gazebo/share/my_robot_bringup_gazebo//rviz
[0.623s] -- Up-to-date: /home/parallels/ros2_ws/install/my_robot_bringup_gazebo/share/my_robot_bringup_gazebo//config
[0.624s] -- Installing: /home/parallels/ros2_ws/install/my_robot_bringup_gazebo/share/my_robot_bringup_gazebo/package.dsv
[0.624s] Invoked command in '/home/parallels/ros2_ws/build/my_robot_bringup_gazebo' returned '0': CMAKE_PREFIX_PATH=/home/parallels/ros2_ws/install/my_robot_description:/home/parallels/ros2_ws/install/urdf_sim_tutorial:/home/parallels/ros2_ws/install/turtlecatch_bringup:/home/parallels/ros2_ws/install/polygon_plugins:/home/parallels/ros2_ws/install/polygon_base:/home/parallels/ros2_ws/install/my_robot_station_bringup:/home/parallels/ros2_ws/install/my_robot_bringup:/home/parallels/ros2_ws/install/my_cpp_pkg:/home/parallels/ros2_ws/install/my_robot_interfaces:/home/parallels/ros2_ws/install/my_robot_bringup_gazebo:/home/parallels/ros2_ws/install/add_two_ints_cpp:/usr:/home/parallels/ros2_ws/install/turtlesim_catch_them_all:/home/parallels/ros2_ws/install/number_counter:/home/parallels/ros2_ws/install/my_py_pkg:/home/parallels/ros2_ws/install/add_two_ints:/opt/ros/humble /usr/bin/cmake --install /home/parallels/ros2_ws/build/my_robot_bringup_gazebo
