[0.010s] Invoking command in '/home/parallels/ros2_ws/build/controller_manager': AMENT_PREFIX_PATH=/home/parallels/ros2_ws/install/hardware_interface_testing:/home/parallels/ros2_ws/install/controller_interface:/home/parallels/ros2_ws/install/hardware_interface:/home/parallels/ros2_ws/install/ros2_control_test_assets:/home/parallels/ros2_ws/install/controller_manager_msgs:${AMENT_PREFIX_PATH} CMAKE_PREFIX_PATH=/home/parallels/ros2_ws/install/hardware_interface_testing:/home/parallels/ros2_ws/install/controller_interface:/home/parallels/ros2_ws/install/hardware_interface:/home/parallels/ros2_ws/install/ros2_control_test_assets:/home/parallels/ros2_ws/install/controller_manager_msgs:/usr:/opt/ros/humble LD_LIBRARY_PATH=/home/parallels/ros2_ws/install/hardware_interface_testing/lib:/home/parallels/ros2_ws/install/controller_interface/lib:/home/parallels/ros2_ws/install/hardware_interface/lib:/home/parallels/ros2_ws/install/controller_manager_msgs/lib:${LD_LIBRARY_PATH} PYTHONPATH=/home/parallels/ros2_ws/install/controller_manager_msgs/local/lib/python3.10/dist-packages:${PYTHONPATH} /usr/bin/cmake --build /home/parallels/ros2_ws/build/controller_manager -- -j4 -l4
[0.038s] [35m[1mConsolidate compiler generated dependencies of target gmock_main[0m
[0.039s] [35m[1mConsolidate compiler generated dependencies of target controller_manager[0m
[0.042s] [35m[1mConsolidate compiler generated dependencies of target gmock[0m
[0.044s] [  5%] Built target gmock_main
[0.048s] [  5%] Built target ament_cmake_python_copy_controller_manager_setup
[0.049s] [ 14%] Built target gmock
[0.051s] [ 20%] Built target controller_manager
[0.057s] [35m[1mConsolidate compiler generated dependencies of target ros2_control_node[0m
[0.057s] [35m[1mConsolidate compiler generated dependencies of target test_controller[0m
[0.057s] [35m[1mConsolidate compiler generated dependencies of target test_controller_failed_init[0m
[0.059s] [ 20%] Built target ament_cmake_python_copy_controller_manager
[0.066s] [35m[1mConsolidate compiler generated dependencies of target test_chainable_controller[0m
[0.068s] [ 25%] Built target test_controller
[0.068s] [ 31%] Built target test_controller_failed_init
[0.071s] [ 37%] Built target ros2_control_node
[0.074s] [ 42%] Built target test_chainable_controller
[0.075s] [35m[1mConsolidate compiler generated dependencies of target test_controller_with_interfaces[0m
[0.075s] [35m[1mConsolidate compiler generated dependencies of target test_controller_manager_urdf_passing[0m
[0.080s] [35m[1mConsolidate compiler generated dependencies of target test_hardware_management_srvs[0m
[0.081s] [35m[1mConsolidate compiler generated dependencies of target test_spawner_unspawner[0m
[0.084s] [ 48%] Built target test_controller_with_interfaces
[0.086s] [ 54%] Built target test_controller_manager_urdf_passing
[0.090s] [ 60%] Built target test_hardware_management_srvs
[0.090s] [ 65%] Built target test_spawner_unspawner
[0.096s] [35m[1mConsolidate compiler generated dependencies of target test_controller_manager[0m
[0.096s] [35m[1mConsolidate compiler generated dependencies of target test_controller_manager_with_namespace.cpp[0m
[0.108s] [ 77%] Built target test_controller_manager_with_namespace.cpp
[0.108s] [ 77%] Built target test_controller_manager
[0.115s] [35m[1mConsolidate compiler generated dependencies of target test_controllers_chaining_with_controller_manager[0m
[0.120s] [35m[1mConsolidate compiler generated dependencies of target test_load_controller[0m
[0.125s] [ 82%] Built target test_controllers_chaining_with_controller_manager
[0.130s] [ 88%] Built target test_load_controller
[0.131s] [35m[1mConsolidate compiler generated dependencies of target test_controller_manager_srvs[0m
[0.135s] [35m[1mConsolidate compiler generated dependencies of target test_release_interfaces[0m
[0.143s] [ 94%] Built target test_controller_manager_srvs
[0.150s] [100%] Built target test_release_interfaces
[0.203s] running egg_info
[0.203s] writing controller_manager.egg-info/PKG-INFO
[0.203s] writing dependency_links to controller_manager.egg-info/dependency_links.txt
[0.203s] writing entry points to controller_manager.egg-info/entry_points.txt
[0.203s] writing top-level names to controller_manager.egg-info/top_level.txt
[0.204s] reading manifest file 'controller_manager.egg-info/SOURCES.txt'
[0.204s] writing manifest file 'controller_manager.egg-info/SOURCES.txt'
[0.217s] running install_scripts
[0.217s] [100%] Built target ament_cmake_python_build_controller_manager_egg
[0.227s] running egg_info
[0.227s] writing controller_manager.egg-info/PKG-INFO
[0.227s] writing dependency_links to controller_manager.egg-info/dependency_links.txt
[0.228s] writing entry points to controller_manager.egg-info/entry_points.txt
[0.228s] writing top-level names to controller_manager.egg-info/top_level.txt
[0.229s] reading manifest file 'controller_manager.egg-info/SOURCES.txt'
[0.229s] writing manifest file 'controller_manager.egg-info/SOURCES.txt'
[0.229s] Installing hardware_spawner script to scripts
[0.230s] Installing spawner script to scripts
[0.230s] Installing unspawner script to scripts
[0.245s] [100%] Built target ament_cmake_python_build_controller_manager_scripts
[0.250s] Invoked command in '/home/parallels/ros2_ws/build/controller_manager' returned '0': AMENT_PREFIX_PATH=/home/parallels/ros2_ws/install/hardware_interface_testing:/home/parallels/ros2_ws/install/controller_interface:/home/parallels/ros2_ws/install/hardware_interface:/home/parallels/ros2_ws/install/ros2_control_test_assets:/home/parallels/ros2_ws/install/controller_manager_msgs:${AMENT_PREFIX_PATH} CMAKE_PREFIX_PATH=/home/parallels/ros2_ws/install/hardware_interface_testing:/home/parallels/ros2_ws/install/controller_interface:/home/parallels/ros2_ws/install/hardware_interface:/home/parallels/ros2_ws/install/ros2_control_test_assets:/home/parallels/ros2_ws/install/controller_manager_msgs:/usr:/opt/ros/humble LD_LIBRARY_PATH=/home/parallels/ros2_ws/install/hardware_interface_testing/lib:/home/parallels/ros2_ws/install/controller_interface/lib:/home/parallels/ros2_ws/install/hardware_interface/lib:/home/parallels/ros2_ws/install/controller_manager_msgs/lib:${LD_LIBRARY_PATH} PYTHONPATH=/home/parallels/ros2_ws/install/controller_manager_msgs/local/lib/python3.10/dist-packages:${PYTHONPATH} /usr/bin/cmake --build /home/parallels/ros2_ws/build/controller_manager -- -j4 -l4
[0.255s] Invoking command in '/home/parallels/ros2_ws/build/controller_manager': AMENT_PREFIX_PATH=/home/parallels/ros2_ws/install/hardware_interface_testing:/home/parallels/ros2_ws/install/controller_interface:/home/parallels/ros2_ws/install/hardware_interface:/home/parallels/ros2_ws/install/ros2_control_test_assets:/home/parallels/ros2_ws/install/controller_manager_msgs:${AMENT_PREFIX_PATH} CMAKE_PREFIX_PATH=/home/parallels/ros2_ws/install/hardware_interface_testing:/home/parallels/ros2_ws/install/controller_interface:/home/parallels/ros2_ws/install/hardware_interface:/home/parallels/ros2_ws/install/ros2_control_test_assets:/home/parallels/ros2_ws/install/controller_manager_msgs:/usr:/opt/ros/humble LD_LIBRARY_PATH=/home/parallels/ros2_ws/install/hardware_interface_testing/lib:/home/parallels/ros2_ws/install/controller_interface/lib:/home/parallels/ros2_ws/install/hardware_interface/lib:/home/parallels/ros2_ws/install/controller_manager_msgs/lib:${LD_LIBRARY_PATH} PYTHONPATH=/home/parallels/ros2_ws/install/controller_manager_msgs/local/lib/python3.10/dist-packages:${PYTHONPATH} /usr/bin/cmake --install /home/parallels/ros2_ws/build/controller_manager
[0.257s] -- Install configuration: ""
[0.258s] -- Up-to-date: /home/parallels/ros2_ws/install/controller_manager/lib/libcontroller_manager.so
[0.258s] -- Up-to-date: /home/parallels/ros2_ws/install/controller_manager/lib/controller_manager/ros2_control_node
[0.258s] -- Up-to-date: /home/parallels/ros2_ws/install/controller_manager/include
[0.258s] -- Up-to-date: /home/parallels/ros2_ws/install/controller_manager/include/controller_manager
[0.259s] -- Up-to-date: /home/parallels/ros2_ws/install/controller_manager/include/controller_manager/controller_spec.hpp
[0.259s] -- Up-to-date: /home/parallels/ros2_ws/install/controller_manager/include/controller_manager/visibility_control.h
[0.259s] -- Up-to-date: /home/parallels/ros2_ws/install/controller_manager/include/controller_manager/controller_manager.hpp
[0.259s] -- Up-to-date: /home/parallels/ros2_ws/install/controller_manager/share/controller_manager/test/test_controller/test_controller.xml
[0.259s] -- Up-to-date: /home/parallels/ros2_ws/install/controller_manager/lib/libtest_controller.so
[0.260s] -- Up-to-date: /home/parallels/ros2_ws/install/controller_manager/share/controller_manager/test/test_controller_failed_init/test_controller_failed_init.xml
[0.261s] -- Up-to-date: /home/parallels/ros2_ws/install/controller_manager/lib/libtest_controller_failed_init.so
[0.261s] -- Up-to-date: /home/parallels/ros2_ws/install/controller_manager/share/controller_manager/test/test_chainable_controller/test_chainable_controller.xml
[0.261s] -- Up-to-date: /home/parallels/ros2_ws/install/controller_manager/lib/libtest_chainable_controller.so
[0.261s] -- Up-to-date: /home/parallels/ros2_ws/install/controller_manager/share/controller_manager/test/test_controller_with_interfaces/test_controller_with_interfaces.xml
[0.262s] -- Up-to-date: /home/parallels/ros2_ws/install/controller_manager/lib/libtest_controller_with_interfaces.so
[0.262s] -- Up-to-date: /home/parallels/ros2_ws/install/controller_manager/share/controller_manager/environment/pythonpath.sh
[0.262s] -- Up-to-date: /home/parallels/ros2_ws/install/controller_manager/share/controller_manager/environment/pythonpath.dsv
[0.262s] -- Up-to-date: /home/parallels/ros2_ws/install/controller_manager/local/lib/python3.10/dist-packages/controller_manager-2.41.0-py3.10.egg-info
[0.263s] -- Installing: /home/parallels/ros2_ws/install/controller_manager/local/lib/python3.10/dist-packages/controller_manager-2.41.0-py3.10.egg-info/PKG-INFO
[0.263s] -- Installing: /home/parallels/ros2_ws/install/controller_manager/local/lib/python3.10/dist-packages/controller_manager-2.41.0-py3.10.egg-info/SOURCES.txt
[0.263s] -- Installing: /home/parallels/ros2_ws/install/controller_manager/local/lib/python3.10/dist-packages/controller_manager-2.41.0-py3.10.egg-info/entry_points.txt
[0.263s] -- Installing: /home/parallels/ros2_ws/install/controller_manager/local/lib/python3.10/dist-packages/controller_manager-2.41.0-py3.10.egg-info/top_level.txt
[0.263s] -- Installing: /home/parallels/ros2_ws/install/controller_manager/local/lib/python3.10/dist-packages/controller_manager-2.41.0-py3.10.egg-info/dependency_links.txt
[0.263s] -- Up-to-date: /home/parallels/ros2_ws/install/controller_manager/lib/controller_manager/
[0.263s] -- Installing: /home/parallels/ros2_ws/install/controller_manager/lib/controller_manager//hardware_spawner
[0.263s] -- Installing: /home/parallels/ros2_ws/install/controller_manager/lib/controller_manager//spawner
[0.263s] -- Installing: /home/parallels/ros2_ws/install/controller_manager/lib/controller_manager//unspawner
[0.263s] -- Up-to-date: /home/parallels/ros2_ws/install/controller_manager/local/lib/python3.10/dist-packages/controller_manager
[0.263s] -- Up-to-date: /home/parallels/ros2_ws/install/controller_manager/local/lib/python3.10/dist-packages/controller_manager/unspawner.py
[0.263s] -- Up-to-date: /home/parallels/ros2_ws/install/controller_manager/local/lib/python3.10/dist-packages/controller_manager/__init__.py
[0.263s] -- Up-to-date: /home/parallels/ros2_ws/install/controller_manager/local/lib/python3.10/dist-packages/controller_manager/controller_manager_services.py
[0.263s] -- Up-to-date: /home/parallels/ros2_ws/install/controller_manager/local/lib/python3.10/dist-packages/controller_manager/spawner.py
[0.263s] -- Up-to-date: /home/parallels/ros2_ws/install/controller_manager/local/lib/python3.10/dist-packages/controller_manager/launch_utils.py
[0.263s] -- Up-to-date: /home/parallels/ros2_ws/install/controller_manager/local/lib/python3.10/dist-packages/controller_manager/hardware_spawner.py
[0.277s] Listing '/home/parallels/ros2_ws/install/controller_manager/local/lib/python3.10/dist-packages/controller_manager'...
[0.280s] -- Up-to-date: /home/parallels/ros2_ws/install/controller_manager/share/controller_manager/environment/library_path.sh
[0.280s] -- Up-to-date: /home/parallels/ros2_ws/install/controller_manager/share/controller_manager/environment/library_path.dsv
[0.280s] -- Up-to-date: /home/parallels/ros2_ws/install/controller_manager/share/ament_index/resource_index/package_run_dependencies/controller_manager
[0.280s] -- Up-to-date: /home/parallels/ros2_ws/install/controller_manager/share/ament_index/resource_index/parent_prefix_path/controller_manager
[0.280s] -- Up-to-date: /home/parallels/ros2_ws/install/controller_manager/share/controller_manager/environment/ament_prefix_path.sh
[0.280s] -- Up-to-date: /home/parallels/ros2_ws/install/controller_manager/share/controller_manager/environment/ament_prefix_path.dsv
[0.280s] -- Up-to-date: /home/parallels/ros2_ws/install/controller_manager/share/controller_manager/environment/path.sh
[0.280s] -- Up-to-date: /home/parallels/ros2_ws/install/controller_manager/share/controller_manager/environment/path.dsv
[0.280s] -- Up-to-date: /home/parallels/ros2_ws/install/controller_manager/share/controller_manager/local_setup.bash
[0.280s] -- Up-to-date: /home/parallels/ros2_ws/install/controller_manager/share/controller_manager/local_setup.sh
[0.280s] -- Up-to-date: /home/parallels/ros2_ws/install/controller_manager/share/controller_manager/local_setup.zsh
[0.280s] -- Up-to-date: /home/parallels/ros2_ws/install/controller_manager/share/controller_manager/local_setup.dsv
[0.280s] -- Installing: /home/parallels/ros2_ws/install/controller_manager/share/controller_manager/package.dsv
[0.280s] -- Up-to-date: /home/parallels/ros2_ws/install/controller_manager/share/ament_index/resource_index/packages/controller_manager
[0.280s] -- Up-to-date: /home/parallels/ros2_ws/install/controller_manager/share/ament_index/resource_index/controller_interface__pluginlib__plugin/controller_manager
[0.281s] -- Up-to-date: /home/parallels/ros2_ws/install/controller_manager/share/controller_manager/cmake/ament_cmake_export_libraries-extras.cmake
[0.281s] -- Up-to-date: /home/parallels/ros2_ws/install/controller_manager/share/controller_manager/cmake/ament_cmake_export_include_directories-extras.cmake
[0.281s] -- Up-to-date: /home/parallels/ros2_ws/install/controller_manager/share/controller_manager/cmake/ament_cmake_export_dependencies-extras.cmake
[0.281s] -- Up-to-date: /home/parallels/ros2_ws/install/controller_manager/share/controller_manager/cmake/controller_managerConfig.cmake
[0.281s] -- Up-to-date: /home/parallels/ros2_ws/install/controller_manager/share/controller_manager/cmake/controller_managerConfig-version.cmake
[0.281s] -- Up-to-date: /home/parallels/ros2_ws/install/controller_manager/share/controller_manager/package.xml
[0.282s] Invoked command in '/home/parallels/ros2_ws/build/controller_manager' returned '0': AMENT_PREFIX_PATH=/home/parallels/ros2_ws/install/hardware_interface_testing:/home/parallels/ros2_ws/install/controller_interface:/home/parallels/ros2_ws/install/hardware_interface:/home/parallels/ros2_ws/install/ros2_control_test_assets:/home/parallels/ros2_ws/install/controller_manager_msgs:${AMENT_PREFIX_PATH} CMAKE_PREFIX_PATH=/home/parallels/ros2_ws/install/hardware_interface_testing:/home/parallels/ros2_ws/install/controller_interface:/home/parallels/ros2_ws/install/hardware_interface:/home/parallels/ros2_ws/install/ros2_control_test_assets:/home/parallels/ros2_ws/install/controller_manager_msgs:/usr:/opt/ros/humble LD_LIBRARY_PATH=/home/parallels/ros2_ws/install/hardware_interface_testing/lib:/home/parallels/ros2_ws/install/controller_interface/lib:/home/parallels/ros2_ws/install/hardware_interface/lib:/home/parallels/ros2_ws/install/controller_manager_msgs/lib:${LD_LIBRARY_PATH} PYTHONPATH=/home/parallels/ros2_ws/install/controller_manager_msgs/local/lib/python3.10/dist-packages:${PYTHONPATH} /usr/bin/cmake --install /home/parallels/ros2_ws/build/controller_manager
