[0.019s] Invoking command in '/home/parallels/ros2_ws/ROS2_Humble/build/turtlesim_final': CMAKE_PREFIX_PATH=/home/parallels/ros2_ws/ROS2_Humble/install/my_robot_interfaces:/home/parallels/ros2_ws/ROS2_Humble/install/turtlesim_final:/home/parallels/ros2_ws/ROS2_Humble/install/turtlecatch_bringup:/home/parallels/ros2_ws/ROS2_Humble/install/polygon_plugins:/home/parallels/ros2_ws/ROS2_Humble/install/polygon_base:/home/parallels/ros2_ws/ROS2_Humble/install/my_robot_station_bringup:/home/parallels/ros2_ws/ROS2_Humble/install/my_robot_lifecycle_bringup:/home/parallels/ros2_ws/ROS2_Humble/install/my_robot_bringup:/home/parallels/ros2_ws/ROS2_Humble/install/my_cpp_pkg:/home/parallels/ros2_ws/ROS2_Humble/install/actions_cpp:/home/parallels/ros2_ws/ROS2_Humble/install/my_robot_bringup_gazebo:/home/parallels/ros2_ws/ROS2_Humble/install/my_robot_description:/home/parallels/ros2_ws/ROS2_Humble/install/lifecycle_cpp:/home/parallels/ros2_ws/ROS2_Humble/install/components_cpp:/home/parallels/ros2_ws/ROS2_Humble/install/add_two_ints_cpp:/usr:/home/parallels/ros2_ws/ROS2_Humble/install/turtlesim_catch_them_all:/home/parallels/ros2_ws/ROS2_Humble/install/number_counter:/home/parallels/ros2_ws/ROS2_Humble/install/my_py_pkg:/home/parallels/ros2_ws/ROS2_Humble/install/actions_py:/home/parallels/ros2_ws/ROS2_Humble/install/lifecycle_py:/home/parallels/ros2_ws/ROS2_Humble/install/executors_py:/home/parallels/ros2_ws/ROS2_Humble/install/components_py:/home/parallels/ros2_ws/ROS2_Humble/install/add_two_ints:/opt/ros/humble LD_LIBRARY_PATH=/home/parallels/ros2_ws/ROS2_Humble/install/my_robot_interfaces/lib:/home/parallels/ros2_ws/ROS2_Humble/install/turtlesim_final/lib:/home/parallels/ros2_ws/ROS2_Humble/install/polygon_plugins/lib:/home/parallels/ros2_ws/ROS2_Humble/install/components_cpp/lib:/opt/ros/humble/opt/rviz_ogre_vendor/lib:/opt/ros/humble/lib/aarch64-linux-gnu:/opt/ros/humble/lib /usr/bin/cmake --build /home/parallels/ros2_ws/ROS2_Humble/build/turtlesim_final -- -j8 -l8
[0.092s] -- Found ament_cmake: 1.3.11 (/opt/ros/humble/share/ament_cmake/cmake)
[0.355s] -- Found rclcpp: 16.0.12 (/opt/ros/humble/share/rclcpp/cmake)
[0.437s] -- Found rosidl_generator_c: 3.1.6 (/opt/ros/humble/share/rosidl_generator_c/cmake)
[0.442s] -- Found rosidl_adapter: 3.1.6 (/opt/ros/humble/share/rosidl_adapter/cmake)
[0.460s] -- Found rosidl_generator_cpp: 3.1.6 (/opt/ros/humble/share/rosidl_generator_cpp/cmake)
[0.478s] -- Using all available rosidl_typesupport_c: rosidl_typesupport_fastrtps_c;rosidl_typesupport_introspection_c
[0.497s] -- Using all available rosidl_typesupport_cpp: rosidl_typesupport_fastrtps_cpp;rosidl_typesupport_introspection_cpp
[0.552s] -- Found rmw_implementation_cmake: 6.1.2 (/opt/ros/humble/share/rmw_implementation_cmake/cmake)
[0.556s] -- Found rmw_fastrtps_cpp: 6.2.7 (/opt/ros/humble/share/rmw_fastrtps_cpp/cmake)
[0.719s] -- Using RMW implementation 'rmw_fastrtps_cpp' as default
[0.801s] -- Found turtlesim: 1.4.2 (/opt/ros/humble/share/turtlesim/cmake)
[0.853s] -- Found geometry_msgs: 4.8.0 (/opt/ros/humble/share/geometry_msgs/cmake)
[0.871s] -- Found my_robot_interfaces: 0.0.0 (/home/parallels/ros2_ws/ROS2_Humble/install/my_robot_interfaces/share/my_robot_interfaces/cmake)
[0.881s] -- Found rclcpp_action: 16.0.12 (/opt/ros/humble/share/rclcpp_action/cmake)
[0.893s] -- Found rclcpp_lifecycle: 16.0.12 (/opt/ros/humble/share/rclcpp_lifecycle/cmake)
[0.908s] -- Found rclcpp_components: 16.0.12 (/opt/ros/humble/share/rclcpp_components/cmake)
[1.009s] -- Configuring done
[1.039s] -- Generating done
[1.058s] -- Build files have been written to: /home/parallels/ros2_ws/ROS2_Humble/build/turtlesim_final
[1.079s] [35m[1mConsolidate compiler generated dependencies of target final_project_component[0m
[1.098s] [ 25%] [32mBuilding CXX object CMakeFiles/final_project_component.dir/src/final_project.cpp.o[0m
[6.619s] [ 50%] [32m[1mLinking CXX shared library libfinal_project_component.so[0m
[7.069s] [ 50%] Built target final_project_component
[7.086s] [ 75%] [32mBuilding CXX object CMakeFiles/final_project_turtlebot_component.dir/src/final_project_turtlebot.cpp.o[0m
[10.493s] [100%] [32m[1mLinking CXX shared library libfinal_project_turtlebot_component.so[0m
[10.681s] [100%] Built target final_project_turtlebot_component
[10.690s] Invoked command in '/home/parallels/ros2_ws/ROS2_Humble/build/turtlesim_final' returned '0': CMAKE_PREFIX_PATH=/home/parallels/ros2_ws/ROS2_Humble/install/my_robot_interfaces:/home/parallels/ros2_ws/ROS2_Humble/install/turtlesim_final:/home/parallels/ros2_ws/ROS2_Humble/install/turtlecatch_bringup:/home/parallels/ros2_ws/ROS2_Humble/install/polygon_plugins:/home/parallels/ros2_ws/ROS2_Humble/install/polygon_base:/home/parallels/ros2_ws/ROS2_Humble/install/my_robot_station_bringup:/home/parallels/ros2_ws/ROS2_Humble/install/my_robot_lifecycle_bringup:/home/parallels/ros2_ws/ROS2_Humble/install/my_robot_bringup:/home/parallels/ros2_ws/ROS2_Humble/install/my_cpp_pkg:/home/parallels/ros2_ws/ROS2_Humble/install/actions_cpp:/home/parallels/ros2_ws/ROS2_Humble/install/my_robot_bringup_gazebo:/home/parallels/ros2_ws/ROS2_Humble/install/my_robot_description:/home/parallels/ros2_ws/ROS2_Humble/install/lifecycle_cpp:/home/parallels/ros2_ws/ROS2_Humble/install/components_cpp:/home/parallels/ros2_ws/ROS2_Humble/install/add_two_ints_cpp:/usr:/home/parallels/ros2_ws/ROS2_Humble/install/turtlesim_catch_them_all:/home/parallels/ros2_ws/ROS2_Humble/install/number_counter:/home/parallels/ros2_ws/ROS2_Humble/install/my_py_pkg:/home/parallels/ros2_ws/ROS2_Humble/install/actions_py:/home/parallels/ros2_ws/ROS2_Humble/install/lifecycle_py:/home/parallels/ros2_ws/ROS2_Humble/install/executors_py:/home/parallels/ros2_ws/ROS2_Humble/install/components_py:/home/parallels/ros2_ws/ROS2_Humble/install/add_two_ints:/opt/ros/humble LD_LIBRARY_PATH=/home/parallels/ros2_ws/ROS2_Humble/install/my_robot_interfaces/lib:/home/parallels/ros2_ws/ROS2_Humble/install/turtlesim_final/lib:/home/parallels/ros2_ws/ROS2_Humble/install/polygon_plugins/lib:/home/parallels/ros2_ws/ROS2_Humble/install/components_cpp/lib:/opt/ros/humble/opt/rviz_ogre_vendor/lib:/opt/ros/humble/lib/aarch64-linux-gnu:/opt/ros/humble/lib /usr/bin/cmake --build /home/parallels/ros2_ws/ROS2_Humble/build/turtlesim_final -- -j8 -l8
[10.697s] Invoking command in '/home/parallels/ros2_ws/ROS2_Humble/build/turtlesim_final': CMAKE_PREFIX_PATH=/home/parallels/ros2_ws/ROS2_Humble/install/my_robot_interfaces:/home/parallels/ros2_ws/ROS2_Humble/install/turtlesim_final:/home/parallels/ros2_ws/ROS2_Humble/install/turtlecatch_bringup:/home/parallels/ros2_ws/ROS2_Humble/install/polygon_plugins:/home/parallels/ros2_ws/ROS2_Humble/install/polygon_base:/home/parallels/ros2_ws/ROS2_Humble/install/my_robot_station_bringup:/home/parallels/ros2_ws/ROS2_Humble/install/my_robot_lifecycle_bringup:/home/parallels/ros2_ws/ROS2_Humble/install/my_robot_bringup:/home/parallels/ros2_ws/ROS2_Humble/install/my_cpp_pkg:/home/parallels/ros2_ws/ROS2_Humble/install/actions_cpp:/home/parallels/ros2_ws/ROS2_Humble/install/my_robot_bringup_gazebo:/home/parallels/ros2_ws/ROS2_Humble/install/my_robot_description:/home/parallels/ros2_ws/ROS2_Humble/install/lifecycle_cpp:/home/parallels/ros2_ws/ROS2_Humble/install/components_cpp:/home/parallels/ros2_ws/ROS2_Humble/install/add_two_ints_cpp:/usr:/home/parallels/ros2_ws/ROS2_Humble/install/turtlesim_catch_them_all:/home/parallels/ros2_ws/ROS2_Humble/install/number_counter:/home/parallels/ros2_ws/ROS2_Humble/install/my_py_pkg:/home/parallels/ros2_ws/ROS2_Humble/install/actions_py:/home/parallels/ros2_ws/ROS2_Humble/install/lifecycle_py:/home/parallels/ros2_ws/ROS2_Humble/install/executors_py:/home/parallels/ros2_ws/ROS2_Humble/install/components_py:/home/parallels/ros2_ws/ROS2_Humble/install/add_two_ints:/opt/ros/humble LD_LIBRARY_PATH=/home/parallels/ros2_ws/ROS2_Humble/install/my_robot_interfaces/lib:/home/parallels/ros2_ws/ROS2_Humble/install/turtlesim_final/lib:/home/parallels/ros2_ws/ROS2_Humble/install/polygon_plugins/lib:/home/parallels/ros2_ws/ROS2_Humble/install/components_cpp/lib:/opt/ros/humble/opt/rviz_ogre_vendor/lib:/opt/ros/humble/lib/aarch64-linux-gnu:/opt/ros/humble/lib /usr/bin/cmake --install /home/parallels/ros2_ws/ROS2_Humble/build/turtlesim_final
[10.704s] -- Install configuration: ""
[10.705s] -- Installing: /home/parallels/ros2_ws/ROS2_Humble/install/turtlesim_final/lib/libfinal_project_component.so
[10.709s] -- Set runtime path of "/home/parallels/ros2_ws/ROS2_Humble/install/turtlesim_final/lib/libfinal_project_component.so" to ""
[10.709s] -- Installing: /home/parallels/ros2_ws/ROS2_Humble/install/turtlesim_final/lib/libfinal_project_turtlebot_component.so
[10.711s] -- Set runtime path of "/home/parallels/ros2_ws/ROS2_Humble/install/turtlesim_final/lib/libfinal_project_turtlebot_component.so" to ""
[10.711s] -- Up-to-date: /home/parallels/ros2_ws/ROS2_Humble/install/turtlesim_final/share/ament_index/resource_index/package_run_dependencies/turtlesim_final
[10.711s] -- Up-to-date: /home/parallels/ros2_ws/ROS2_Humble/install/turtlesim_final/share/ament_index/resource_index/parent_prefix_path/turtlesim_final
[10.711s] -- Up-to-date: /home/parallels/ros2_ws/ROS2_Humble/install/turtlesim_final/share/turtlesim_final/environment/ament_prefix_path.sh
[10.711s] -- Installing: /home/parallels/ros2_ws/ROS2_Humble/install/turtlesim_final/share/turtlesim_final/environment/ament_prefix_path.dsv
[10.712s] -- Up-to-date: /home/parallels/ros2_ws/ROS2_Humble/install/turtlesim_final/share/turtlesim_final/environment/path.sh
[10.712s] -- Installing: /home/parallels/ros2_ws/ROS2_Humble/install/turtlesim_final/share/turtlesim_final/environment/path.dsv
[10.712s] -- Up-to-date: /home/parallels/ros2_ws/ROS2_Humble/install/turtlesim_final/share/turtlesim_final/local_setup.bash
[10.712s] -- Up-to-date: /home/parallels/ros2_ws/ROS2_Humble/install/turtlesim_final/share/turtlesim_final/local_setup.sh
[10.712s] -- Up-to-date: /home/parallels/ros2_ws/ROS2_Humble/install/turtlesim_final/share/turtlesim_final/local_setup.zsh
[10.712s] -- Installing: /home/parallels/ros2_ws/ROS2_Humble/install/turtlesim_final/share/turtlesim_final/local_setup.dsv
[10.712s] -- Installing: /home/parallels/ros2_ws/ROS2_Humble/install/turtlesim_final/share/turtlesim_final/package.dsv
[10.712s] -- Up-to-date: /home/parallels/ros2_ws/ROS2_Humble/install/turtlesim_final/share/ament_index/resource_index/packages/turtlesim_final
[10.712s] -- Installing: /home/parallels/ros2_ws/ROS2_Humble/install/turtlesim_final/share/ament_index/resource_index/rclcpp_components/turtlesim_final
[10.712s] -- Up-to-date: /home/parallels/ros2_ws/ROS2_Humble/install/turtlesim_final/share/turtlesim_final/cmake/turtlesim_finalConfig.cmake
[10.712s] -- Up-to-date: /home/parallels/ros2_ws/ROS2_Humble/install/turtlesim_final/share/turtlesim_final/cmake/turtlesim_finalConfig-version.cmake
[10.712s] -- Installing: /home/parallels/ros2_ws/ROS2_Humble/install/turtlesim_final/share/turtlesim_final/package.xml
[10.713s] Invoked command in '/home/parallels/ros2_ws/ROS2_Humble/build/turtlesim_final' returned '0': CMAKE_PREFIX_PATH=/home/parallels/ros2_ws/ROS2_Humble/install/my_robot_interfaces:/home/parallels/ros2_ws/ROS2_Humble/install/turtlesim_final:/home/parallels/ros2_ws/ROS2_Humble/install/turtlecatch_bringup:/home/parallels/ros2_ws/ROS2_Humble/install/polygon_plugins:/home/parallels/ros2_ws/ROS2_Humble/install/polygon_base:/home/parallels/ros2_ws/ROS2_Humble/install/my_robot_station_bringup:/home/parallels/ros2_ws/ROS2_Humble/install/my_robot_lifecycle_bringup:/home/parallels/ros2_ws/ROS2_Humble/install/my_robot_bringup:/home/parallels/ros2_ws/ROS2_Humble/install/my_cpp_pkg:/home/parallels/ros2_ws/ROS2_Humble/install/actions_cpp:/home/parallels/ros2_ws/ROS2_Humble/install/my_robot_bringup_gazebo:/home/parallels/ros2_ws/ROS2_Humble/install/my_robot_description:/home/parallels/ros2_ws/ROS2_Humble/install/lifecycle_cpp:/home/parallels/ros2_ws/ROS2_Humble/install/components_cpp:/home/parallels/ros2_ws/ROS2_Humble/install/add_two_ints_cpp:/usr:/home/parallels/ros2_ws/ROS2_Humble/install/turtlesim_catch_them_all:/home/parallels/ros2_ws/ROS2_Humble/install/number_counter:/home/parallels/ros2_ws/ROS2_Humble/install/my_py_pkg:/home/parallels/ros2_ws/ROS2_Humble/install/actions_py:/home/parallels/ros2_ws/ROS2_Humble/install/lifecycle_py:/home/parallels/ros2_ws/ROS2_Humble/install/executors_py:/home/parallels/ros2_ws/ROS2_Humble/install/components_py:/home/parallels/ros2_ws/ROS2_Humble/install/add_two_ints:/opt/ros/humble LD_LIBRARY_PATH=/home/parallels/ros2_ws/ROS2_Humble/install/my_robot_interfaces/lib:/home/parallels/ros2_ws/ROS2_Humble/install/turtlesim_final/lib:/home/parallels/ros2_ws/ROS2_Humble/install/polygon_plugins/lib:/home/parallels/ros2_ws/ROS2_Humble/install/components_cpp/lib:/opt/ros/humble/opt/rviz_ogre_vendor/lib:/opt/ros/humble/lib/aarch64-linux-gnu:/opt/ros/humble/lib /usr/bin/cmake --install /home/parallels/ros2_ws/ROS2_Humble/build/turtlesim_final
