-- Found ament_cmake: 1.3.10 (/opt/ros/humble/share/ament_cmake/cmake)
-- Found rclcpp: 16.0.10 (/opt/ros/humble/share/rclcpp/cmake)
-- Found rosidl_generator_c: 3.1.5 (/opt/ros/humble/share/rosidl_generator_c/cmake)
-- Found rosidl_adapter: 3.1.5 (/opt/ros/humble/share/rosidl_adapter/cmake)
-- Found rosidl_generator_cpp: 3.1.5 (/opt/ros/humble/share/rosidl_generator_cpp/cmake)
-- Using all available rosidl_typesupport_c: rosidl_typesupport_fastrtps_c;rosidl_typesupport_introspection_c
-- Using all available rosidl_typesupport_cpp: rosidl_typesupport_fastrtps_cpp;rosidl_typesupport_introspection_cpp
-- Found rmw_implementation_cmake: 6.1.2 (/opt/ros/humble/share/rmw_implementation_cmake/cmake)
-- Found rmw_fastrtps_cpp: 6.2.7 (/opt/ros/humble/share/rmw_fastrtps_cpp/cmake)
-- Using RMW implementation 'rmw_fastrtps_cpp' as default
-- Found example_interfaces: 0.9.3 (/opt/ros/humble/share/example_interfaces/cmake)
-- Found my_robot_interfaces: 0.0.0 (/home/parallels/ros2_ws/install/my_robot_interfaces/share/my_robot_interfaces/cmake)
-- Configuring done
[33mCMake Warning (dev) at CMakeLists.txt:24 (add_executable):
  Policy CMP0115 is not set: Source file extensions must be explicit.  Run
  "cmake --help-policy CMP0115" for policy details.  Use the cmake_policy
  command to set the policy and suppress this warning.

  File:

    /home/parallels/ros2_ws/src/my_cpp_pkg/src/hardwareStatus_pub.cpp
This warning is for project developers.  Use -Wno-dev to suppress it.
[0m
[33mCMake Warning (dev) at CMakeLists.txt:27 (add_executable):
  Policy CMP0115 is not set: Source file extensions must be explicit.  Run
  "cmake --help-policy CMP0115" for policy details.  Use the cmake_policy
  command to set the policy and suppress this warning.

  File:

    /home/parallels/ros2_ws/src/my_cpp_pkg/src/hardwarestatus_sub.cpp
This warning is for project developers.  Use -Wno-dev to suppress it.
[0m
[33mCMake Warning (dev) at CMakeLists.txt:30 (add_executable):
  Policy CMP0115 is not set: Source file extensions must be explicit.  Run
  "cmake --help-policy CMP0115" for policy details.  Use the cmake_policy
  command to set the policy and suppress this warning.

  File:

    /home/parallels/ros2_ws/src/my_cpp_pkg/src/battery_node.cpp
This warning is for project developers.  Use -Wno-dev to suppress it.
[0m
-- Generating done
-- Build files have been written to: /home/parallels/ros2_ws/build/my_cpp_pkg
[35m[1mConsolidate compiler generated dependencies of target cpp_node[0m
[35m[1mConsolidate compiler generated dependencies of target hardwarestatus_pub[0m
[35m[1mConsolidate compiler generated dependencies of target robot_radio_station[0m
[35m[1mConsolidate compiler generated dependencies of target smartphone[0m
[  8%] [32mBuilding CXX object CMakeFiles/hardwarestatus_pub.dir/src/hardwareStatus_pub.cpp.o[0m
[ 25%] Built target smartphone
[ 41%] Built target cpp_node
[35m[1mConsolidate compiler generated dependencies of target hardwarestatus_sub[0m
[ 58%] Built target robot_radio_station
[ 66%] [32mBuilding CXX object CMakeFiles/client_battery.dir/src/battery_node.cpp.o[0m
[ 75%] [32mBuilding CXX object CMakeFiles/hardwarestatus_sub.dir/src/hardwarestatus_sub.cpp.o[0m
In file included from [01m[K/opt/ros/humble/include/rclcpp/rclcpp/logging.hpp:24[m[K,
                 from [01m[K/opt/ros/humble/include/rclcpp/rclcpp/client.hpp:40[m[K,
                 from [01m[K/opt/ros/humble/include/rclcpp/rclcpp/callback_group.hpp:24[m[K,
                 from [01m[K/opt/ros/humble/include/rclcpp/rclcpp/any_executable.hpp:20[m[K,
                 from [01m[K/opt/ros/humble/include/rclcpp/rclcpp/memory_strategy.hpp:25[m[K,
                 from [01m[K/opt/ros/humble/include/rclcpp/rclcpp/memory_strategies.hpp:18[m[K,
                 from [01m[K/opt/ros/humble/include/rclcpp/rclcpp/executor_options.hpp:20[m[K,
                 from [01m[K/opt/ros/humble/include/rclcpp/rclcpp/executor.hpp:37[m[K,
                 from [01m[K/opt/ros/humble/include/rclcpp/rclcpp/executors/multi_threaded_executor.hpp:25[m[K,
                 from [01m[K/opt/ros/humble/include/rclcpp/rclcpp/executors.hpp:21[m[K,
                 from [01m[K/opt/ros/humble/include/rclcpp/rclcpp/rclcpp.hpp:155[m[K,
                 from [01m[K/home/parallels/ros2_ws/src/my_cpp_pkg/src/battery_node.cpp:1[m[K:
[01m[K/home/parallels/ros2_ws/src/my_cpp_pkg/src/battery_node.cpp:[m[K In member function ‘[01m[Kvoid battery_node::call_the_service()[m[K’:
[01m[K/home/parallels/ros2_ws/src/my_cpp_pkg/src/battery_node.cpp:28:44:[m[K [01;35m[Kwarning: [m[Kformat ‘[01m[K%d[m[K’ expects argument of type ‘[01m[Kint[m[K’, but argument 5 has type ‘[01m[Kmy_robot_interfaces::srv::SetLED_Request_<std::allocator<void> >::_battery_state_type[m[K’ {aka ‘[01m[Kdouble[m[K’} [[01;35m[K]8;;https://gcc.gnu.org/onlinedocs/gcc/Warning-Options.html#index-Wformat=-Wformat=]8;;[m[K]
   28 |             RCLCPP_INFO(this->get_logger(),[01;35m[K"Battery Status: %d, Response Message: %s"[m[K,[32m[Krequest->battery_state[m[K,response->response_msg);
      |                                            [01;35m[K^~~~~~~~~~~~~~~~~~~~~~~~~~~~~~~~~~~~~~~~~~[m[K [32m[K~~~~~~~~~~~~~~~~~~~~~~[m[K
      |                                                                                                [32m[K|[m[K
      |                                                                                                [32m[Kmy_robot_interfaces::srv::SetLED_Request_<std::allocator<void> >::_battery_state_type {aka double}[m[K
[01m[K/home/parallels/ros2_ws/src/my_cpp_pkg/src/battery_node.cpp:28:62:[m[K [01;36m[Knote: [m[Kformat string is defined here
   28 | PP_INFO(this->get_logger(),"Battery Status: [01;36m[K%d[m[K, Response Message: %s",request->battery_state,response->response_msg);
      |                                             [01;36m[K~^[m[K
      |                                              [01;36m[K|[m[K
      |                                              [01;36m[Kint[m[K
      |                                             [32m[K%f[m[K
In file included from [01m[K/opt/ros/humble/include/rclcpp/rclcpp/logging.hpp:24[m[K,
                 from [01m[K/opt/ros/humble/include/rclcpp/rclcpp/client.hpp:40[m[K,
                 from [01m[K/opt/ros/humble/include/rclcpp/rclcpp/callback_group.hpp:24[m[K,
                 from [01m[K/opt/ros/humble/include/rclcpp/rclcpp/any_executable.hpp:20[m[K,
                 from [01m[K/opt/ros/humble/include/rclcpp/rclcpp/memory_strategy.hpp:25[m[K,
                 from [01m[K/opt/ros/humble/include/rclcpp/rclcpp/memory_strategies.hpp:18[m[K,
                 from [01m[K/opt/ros/humble/include/rclcpp/rclcpp/executor_options.hpp:20[m[K,
                 from [01m[K/opt/ros/humble/include/rclcpp/rclcpp/executor.hpp:37[m[K,
                 from [01m[K/opt/ros/humble/include/rclcpp/rclcpp/executors/multi_threaded_executor.hpp:25[m[K,
                 from [01m[K/opt/ros/humble/include/rclcpp/rclcpp/executors.hpp:21[m[K,
                 from [01m[K/opt/ros/humble/include/rclcpp/rclcpp/rclcpp.hpp:155[m[K,
                 from [01m[K/home/parallels/ros2_ws/src/my_cpp_pkg/src/battery_node.cpp:1[m[K:
[01m[K/home/parallels/ros2_ws/src/my_cpp_pkg/src/battery_node.cpp:28:44:[m[K [01;35m[Kwarning: [m[Kformat ‘[01m[K%s[m[K’ expects argument of type ‘[01m[Kchar*[m[K’, but argument 6 has type ‘[01m[Kmy_robot_interfaces::srv::SetLED_Response_<std::allocator<void> >::_response_msg_type[m[K’ {aka ‘[01m[Kstd::__cxx11::basic_string<char>[m[K’} [[01;35m[K]8;;https://gcc.gnu.org/onlinedocs/gcc/Warning-Options.html#index-Wformat=-Wformat=]8;;[m[K]
   28 |             RCLCPP_INFO(this->get_logger(),[01;35m[K"Battery Status: %d, Response Message: %s"[m[K,request->battery_state,response->response_msg);
      |                                            [01;35m[K^~~~~~~~~~~~~~~~~~~~~~~~~~~~~~~~~~~~~~~~~~[m[K
[01m[K/home/parallels/ros2_ws/src/my_cpp_pkg/src/battery_node.cpp:28:84:[m[K [01;36m[Knote: [m[Kformat string is defined here
   28 | er(),"Battery Status: %d, Response Message: [01;36m[K%s[m[K",request->battery_state,response->response_msg);
      |                                             [01;36m[K~^[m[K
      |                                              [01;36m[K|[m[K
      |                                              [01;36m[Kchar*[m[K

[ 83%] [32m[1mLinking CXX executable client_battery[0m
[ 83%] Built target client_battery
[ 91%] [32m[1mLinking CXX executable hardwarestatus_pub[0m
[ 91%] Built target hardwarestatus_pub
[100%] [32m[1mLinking CXX executable hardwarestatus_sub[0m
[100%] Built target hardwarestatus_sub
-- Install configuration: ""
-- Up-to-date: /home/parallels/ros2_ws/install/my_cpp_pkg/lib/my_cpp_pkg/cpp_node
-- Up-to-date: /home/parallels/ros2_ws/install/my_cpp_pkg/lib/my_cpp_pkg/robot_radio_station
-- Up-to-date: /home/parallels/ros2_ws/install/my_cpp_pkg/lib/my_cpp_pkg/smartphone
-- Installing: /home/parallels/ros2_ws/install/my_cpp_pkg/lib/my_cpp_pkg/hardwarestatus_pub
-- Set runtime path of "/home/parallels/ros2_ws/install/my_cpp_pkg/lib/my_cpp_pkg/hardwarestatus_pub" to ""
-- Installing: /home/parallels/ros2_ws/install/my_cpp_pkg/lib/my_cpp_pkg/hardwarestatus_sub
-- Set runtime path of "/home/parallels/ros2_ws/install/my_cpp_pkg/lib/my_cpp_pkg/hardwarestatus_sub" to ""
-- Installing: /home/parallels/ros2_ws/install/my_cpp_pkg/lib/my_cpp_pkg/client_battery
-- Set runtime path of "/home/parallels/ros2_ws/install/my_cpp_pkg/lib/my_cpp_pkg/client_battery" to ""
-- Up-to-date: /home/parallels/ros2_ws/install/my_cpp_pkg/share/ament_index/resource_index/package_run_dependencies/my_cpp_pkg
-- Up-to-date: /home/parallels/ros2_ws/install/my_cpp_pkg/share/ament_index/resource_index/parent_prefix_path/my_cpp_pkg
-- Up-to-date: /home/parallels/ros2_ws/install/my_cpp_pkg/share/my_cpp_pkg/environment/ament_prefix_path.sh
-- Installing: /home/parallels/ros2_ws/install/my_cpp_pkg/share/my_cpp_pkg/environment/ament_prefix_path.dsv
-- Up-to-date: /home/parallels/ros2_ws/install/my_cpp_pkg/share/my_cpp_pkg/environment/path.sh
-- Installing: /home/parallels/ros2_ws/install/my_cpp_pkg/share/my_cpp_pkg/environment/path.dsv
-- Up-to-date: /home/parallels/ros2_ws/install/my_cpp_pkg/share/my_cpp_pkg/local_setup.bash
-- Up-to-date: /home/parallels/ros2_ws/install/my_cpp_pkg/share/my_cpp_pkg/local_setup.sh
-- Up-to-date: /home/parallels/ros2_ws/install/my_cpp_pkg/share/my_cpp_pkg/local_setup.zsh
-- Installing: /home/parallels/ros2_ws/install/my_cpp_pkg/share/my_cpp_pkg/local_setup.dsv
-- Installing: /home/parallels/ros2_ws/install/my_cpp_pkg/share/my_cpp_pkg/package.dsv
-- Up-to-date: /home/parallels/ros2_ws/install/my_cpp_pkg/share/ament_index/resource_index/packages/my_cpp_pkg
-- Up-to-date: /home/parallels/ros2_ws/install/my_cpp_pkg/share/my_cpp_pkg/cmake/my_cpp_pkgConfig.cmake
-- Up-to-date: /home/parallels/ros2_ws/install/my_cpp_pkg/share/my_cpp_pkg/cmake/my_cpp_pkgConfig-version.cmake
-- Installing: /home/parallels/ros2_ws/install/my_cpp_pkg/share/my_cpp_pkg/package.xml
