[0.394s] Invoking command in '/home/parallels/ros2_ws/build/add_two_ints': PYTHONPATH=/home/parallels/ros2_ws/build/add_two_ints/prefix_override:/usr/lib/python3/dist-packages/colcon_core/task/python/colcon_distutils_commands:/home/parallels/ros2_ws/install/add_two_ints/lib/python3.10/site-packages:${PYTHONPATH} /usr/bin/python3 -W ignore:setup.py install is deprecated -W ignore:easy_install command is deprecated setup.py develop --editable --build-directory /home/parallels/ros2_ws/build/add_two_ints/build --no-deps symlink_data --force
[0.585s] running develop
[0.700s] running egg_info
[0.701s] writing add_two_ints.egg-info/PKG-INFO
[0.701s] writing dependency_links to add_two_ints.egg-info/dependency_links.txt
[0.701s] writing entry points to add_two_ints.egg-info/entry_points.txt
[0.702s] writing requirements to add_two_ints.egg-info/requires.txt
[0.702s] writing top-level names to add_two_ints.egg-info/top_level.txt
[0.704s] reading manifest file 'add_two_ints.egg-info/SOURCES.txt'
[0.704s] writing manifest file 'add_two_ints.egg-info/SOURCES.txt'
[0.707s] running build_ext
[0.707s] Creating /home/parallels/ros2_ws/install/add_two_ints/lib/python3.10/site-packages/add-two-ints.egg-link (link to .)
[0.707s] Installing add_two_ints_client script to /home/parallels/ros2_ws/install/add_two_ints/lib/add_two_ints
[0.707s] Installing add_two_ints_client_no_oop script to /home/parallels/ros2_ws/install/add_two_ints/lib/add_two_ints
[0.707s] Installing add_two_ints_server script to /home/parallels/ros2_ws/install/add_two_ints/lib/add_two_ints
[0.708s] 
[0.708s] Installed /home/parallels/ros2_ws/build/add_two_ints
[0.708s] running symlink_data
[0.708s] symbolically linking /home/parallels/ros2_ws/build/add_two_ints/resource/add_two_ints -> /home/parallels/ros2_ws/install/add_two_ints/share/ament_index/resource_index/packages
[0.708s] symbolically linking /home/parallels/ros2_ws/build/add_two_ints/package.xml -> /home/parallels/ros2_ws/install/add_two_ints/share/add_two_ints
[0.741s] Invoked command in '/home/parallels/ros2_ws/build/add_two_ints' returned '0': PYTHONPATH=/home/parallels/ros2_ws/build/add_two_ints/prefix_override:/usr/lib/python3/dist-packages/colcon_core/task/python/colcon_distutils_commands:/home/parallels/ros2_ws/install/add_two_ints/lib/python3.10/site-packages:${PYTHONPATH} /usr/bin/python3 -W ignore:setup.py install is deprecated -W ignore:easy_install command is deprecated setup.py develop --editable --build-directory /home/parallels/ros2_ws/build/add_two_ints/build --no-deps symlink_data --force
