[0.935s] Invoking command in '/home/parallels/ros2_ws/ROS2_Humble/src/lifecycle_py': PYTHONPATH=/home/parallels/ros2_ws/ROS2_Humble/build/lifecycle_py/prefix_override:/usr/lib/python3/dist-packages/colcon_core/task/python/colcon_distutils_commands:/home/parallels/ros2_ws/ROS2_Humble/install/lifecycle_py/lib/python3.10/site-packages:${PYTHONPATH} /usr/bin/python3 -W ignore:setup.py install is deprecated -W ignore:easy_install command is deprecated setup.py egg_info --egg-base ../../build/lifecycle_py build --build-base /home/parallels/ros2_ws/ROS2_Humble/build/lifecycle_py/build install --record /home/parallels/ros2_ws/ROS2_Humble/build/lifecycle_py/install.log --single-version-externally-managed install_data
[1.181s] running egg_info
[1.181s] writing ../../build/lifecycle_py/lifecycle_py.egg-info/PKG-INFO
[1.182s] writing dependency_links to ../../build/lifecycle_py/lifecycle_py.egg-info/dependency_links.txt
[1.182s] writing entry points to ../../build/lifecycle_py/lifecycle_py.egg-info/entry_points.txt
[1.182s] writing requirements to ../../build/lifecycle_py/lifecycle_py.egg-info/requires.txt
[1.182s] writing top-level names to ../../build/lifecycle_py/lifecycle_py.egg-info/top_level.txt
[1.183s] reading manifest file '../../build/lifecycle_py/lifecycle_py.egg-info/SOURCES.txt'
[1.183s] writing manifest file '../../build/lifecycle_py/lifecycle_py.egg-info/SOURCES.txt'
[1.183s] running build
[1.183s] running build_py
[1.184s] running install
[1.184s] running install_lib
[1.186s] running install_data
[1.186s] running install_egg_info
[1.187s] removing '/home/parallels/ros2_ws/ROS2_Humble/install/lifecycle_py/lib/python3.10/site-packages/lifecycle_py-0.0.0-py3.10.egg-info' (and everything under it)
[1.187s] Copying ../../build/lifecycle_py/lifecycle_py.egg-info to /home/parallels/ros2_ws/ROS2_Humble/install/lifecycle_py/lib/python3.10/site-packages/lifecycle_py-0.0.0-py3.10.egg-info
[1.188s] running install_scripts
[1.203s] Installing number_publisher script to /home/parallels/ros2_ws/ROS2_Humble/install/lifecycle_py/lib/lifecycle_py
[1.203s] writing list of installed files to '/home/parallels/ros2_ws/ROS2_Humble/build/lifecycle_py/install.log'
[1.243s] Invoked command in '/home/parallels/ros2_ws/ROS2_Humble/src/lifecycle_py' returned '0': PYTHONPATH=/home/parallels/ros2_ws/ROS2_Humble/build/lifecycle_py/prefix_override:/usr/lib/python3/dist-packages/colcon_core/task/python/colcon_distutils_commands:/home/parallels/ros2_ws/ROS2_Humble/install/lifecycle_py/lib/python3.10/site-packages:${PYTHONPATH} /usr/bin/python3 -W ignore:setup.py install is deprecated -W ignore:easy_install command is deprecated setup.py egg_info --egg-base ../../build/lifecycle_py build --build-base /home/parallels/ros2_ws/ROS2_Humble/build/lifecycle_py/build install --record /home/parallels/ros2_ws/ROS2_Humble/build/lifecycle_py/install.log --single-version-externally-managed install_data
