running egg_info
writing ../../build/lifecycle_py/lifecycle_py.egg-info/PKG-INFO
writing dependency_links to ../../build/lifecycle_py/lifecycle_py.egg-info/dependency_links.txt
writing entry points to ../../build/lifecycle_py/lifecycle_py.egg-info/entry_points.txt
writing requirements to ../../build/lifecycle_py/lifecycle_py.egg-info/requires.txt
writing top-level names to ../../build/lifecycle_py/lifecycle_py.egg-info/top_level.txt
reading manifest file '../../build/lifecycle_py/lifecycle_py.egg-info/SOURCES.txt'
writing manifest file '../../build/lifecycle_py/lifecycle_py.egg-info/SOURCES.txt'
running build
running build_py
copying lifecycle_py/reach_until_server.py -> /home/parallels/ros2_ws/ROS2_Humble/build/lifecycle_py/build/lib/lifecycle_py
copying lifecycle_py/reach_until_startup.py -> /home/parallels/ros2_ws/ROS2_Humble/build/lifecycle_py/build/lib/lifecycle_py
running install
running install_lib
copying /home/parallels/ros2_ws/ROS2_Humble/build/lifecycle_py/build/lib/lifecycle_py/reach_until_server.py -> /home/parallels/ros2_ws/ROS2_Humble/install/lifecycle_py/lib/python3.10/site-packages/lifecycle_py
copying /home/parallels/ros2_ws/ROS2_Humble/build/lifecycle_py/build/lib/lifecycle_py/reach_until_startup.py -> /home/parallels/ros2_ws/ROS2_Humble/install/lifecycle_py/lib/python3.10/site-packages/lifecycle_py
byte-compiling /home/parallels/ros2_ws/ROS2_Humble/install/lifecycle_py/lib/python3.10/site-packages/lifecycle_py/reach_until_server.py to reach_until_server.cpython-310.pyc
byte-compiling /home/parallels/ros2_ws/ROS2_Humble/install/lifecycle_py/lib/python3.10/site-packages/lifecycle_py/reach_until_startup.py to reach_until_startup.cpython-310.pyc
running install_data
running install_egg_info
removing '/home/parallels/ros2_ws/ROS2_Humble/install/lifecycle_py/lib/python3.10/site-packages/lifecycle_py-0.0.0-py3.10.egg-info' (and everything under it)
Copying ../../build/lifecycle_py/lifecycle_py.egg-info to /home/parallels/ros2_ws/ROS2_Humble/install/lifecycle_py/lib/python3.10/site-packages/lifecycle_py-0.0.0-py3.10.egg-info
running install_scripts
Installing lifecycle_node_manager script to /home/parallels/ros2_ws/ROS2_Humble/install/lifecycle_py/lib/lifecycle_py
Installing number_publisher script to /home/parallels/ros2_ws/ROS2_Humble/install/lifecycle_py/lib/lifecycle_py
Installing reach_until_server script to /home/parallels/ros2_ws/ROS2_Humble/install/lifecycle_py/lib/lifecycle_py
Installing reach_until_startup script to /home/parallels/ros2_ws/ROS2_Humble/install/lifecycle_py/lib/lifecycle_py
writing list of installed files to '/home/parallels/ros2_ws/ROS2_Humble/build/lifecycle_py/install.log'
