[0.326s] Invoking command in '/home/parallels/ros2_ws/ROS2_Humble/src/lifecycle_py': PYTHONPATH=/home/parallels/ros2_ws/ROS2_Humble/build/lifecycle_py/prefix_override:/usr/lib/python3/dist-packages/colcon_core/task/python/colcon_distutils_commands:/home/parallels/ros2_ws/ROS2_Humble/install/lifecycle_py/lib/python3.10/site-packages:${PYTHONPATH} /usr/bin/python3 -W ignore:setup.py install is deprecated -W ignore:easy_install command is deprecated setup.py egg_info --egg-base ../../build/lifecycle_py build --build-base /home/parallels/ros2_ws/ROS2_Humble/build/lifecycle_py/build install --record /home/parallels/ros2_ws/ROS2_Humble/build/lifecycle_py/install.log --single-version-externally-managed install_data
[0.459s] running egg_info
[0.459s] writing ../../build/lifecycle_py/lifecycle_py.egg-info/PKG-INFO
[0.459s] writing dependency_links to ../../build/lifecycle_py/lifecycle_py.egg-info/dependency_links.txt
[0.459s] writing entry points to ../../build/lifecycle_py/lifecycle_py.egg-info/entry_points.txt
[0.460s] writing requirements to ../../build/lifecycle_py/lifecycle_py.egg-info/requires.txt
[0.460s] writing top-level names to ../../build/lifecycle_py/lifecycle_py.egg-info/top_level.txt
[0.460s] reading manifest file '../../build/lifecycle_py/lifecycle_py.egg-info/SOURCES.txt'
[0.461s] writing manifest file '../../build/lifecycle_py/lifecycle_py.egg-info/SOURCES.txt'
[0.461s] running build
[0.461s] running build_py
[0.461s] copying lifecycle_py/reach_until_server.py -> /home/parallels/ros2_ws/ROS2_Humble/build/lifecycle_py/build/lib/lifecycle_py
[0.461s] copying lifecycle_py/reach_until_startup.py -> /home/parallels/ros2_ws/ROS2_Humble/build/lifecycle_py/build/lib/lifecycle_py
[0.461s] running install
[0.462s] running install_lib
[0.462s] copying /home/parallels/ros2_ws/ROS2_Humble/build/lifecycle_py/build/lib/lifecycle_py/reach_until_server.py -> /home/parallels/ros2_ws/ROS2_Humble/install/lifecycle_py/lib/python3.10/site-packages/lifecycle_py
[0.462s] copying /home/parallels/ros2_ws/ROS2_Humble/build/lifecycle_py/build/lib/lifecycle_py/reach_until_startup.py -> /home/parallels/ros2_ws/ROS2_Humble/install/lifecycle_py/lib/python3.10/site-packages/lifecycle_py
[0.462s] byte-compiling /home/parallels/ros2_ws/ROS2_Humble/install/lifecycle_py/lib/python3.10/site-packages/lifecycle_py/reach_until_server.py to reach_until_server.cpython-310.pyc
[0.463s] byte-compiling /home/parallels/ros2_ws/ROS2_Humble/install/lifecycle_py/lib/python3.10/site-packages/lifecycle_py/reach_until_startup.py to reach_until_startup.cpython-310.pyc
[0.464s] running install_data
[0.464s] running install_egg_info
[0.465s] removing '/home/parallels/ros2_ws/ROS2_Humble/install/lifecycle_py/lib/python3.10/site-packages/lifecycle_py-0.0.0-py3.10.egg-info' (and everything under it)
[0.465s] Copying ../../build/lifecycle_py/lifecycle_py.egg-info to /home/parallels/ros2_ws/ROS2_Humble/install/lifecycle_py/lib/python3.10/site-packages/lifecycle_py-0.0.0-py3.10.egg-info
[0.465s] running install_scripts
[0.475s] Installing lifecycle_node_manager script to /home/parallels/ros2_ws/ROS2_Humble/install/lifecycle_py/lib/lifecycle_py
[0.475s] Installing number_publisher script to /home/parallels/ros2_ws/ROS2_Humble/install/lifecycle_py/lib/lifecycle_py
[0.475s] Installing reach_until_server script to /home/parallels/ros2_ws/ROS2_Humble/install/lifecycle_py/lib/lifecycle_py
[0.475s] Installing reach_until_startup script to /home/parallels/ros2_ws/ROS2_Humble/install/lifecycle_py/lib/lifecycle_py
[0.476s] writing list of installed files to '/home/parallels/ros2_ws/ROS2_Humble/build/lifecycle_py/install.log'
[0.488s] Invoked command in '/home/parallels/ros2_ws/ROS2_Humble/src/lifecycle_py' returned '0': PYTHONPATH=/home/parallels/ros2_ws/ROS2_Humble/build/lifecycle_py/prefix_override:/usr/lib/python3/dist-packages/colcon_core/task/python/colcon_distutils_commands:/home/parallels/ros2_ws/ROS2_Humble/install/lifecycle_py/lib/python3.10/site-packages:${PYTHONPATH} /usr/bin/python3 -W ignore:setup.py install is deprecated -W ignore:easy_install command is deprecated setup.py egg_info --egg-base ../../build/lifecycle_py build --build-base /home/parallels/ros2_ws/ROS2_Humble/build/lifecycle_py/build install --record /home/parallels/ros2_ws/ROS2_Humble/build/lifecycle_py/install.log --single-version-externally-managed install_data
