[0.038s] Invoking command in '/home/parallels/ros2_ws/build/polygon_base': CMAKE_PREFIX_PATH=${CMAKE_PREFIX_PATH}:/home/parallels/ros2_ws/ros2_humble/install/turtlesim_catch_them_all:/home/parallels/ros2_ws/ros2_humble/install/rqt_joint_trajectory_controller:/home/parallels/ros2_ws/ros2_humble/install/rqt_controller_manager:/home/parallels/ros2_ws/ros2_humble/install/ros2controlcli:/home/parallels/ros2_ws/ros2_humble/install/ros2_controllers_test_nodes:/home/parallels/ros2_ws/ros2_humble/install/number_counter:/home/parallels/ros2_ws/ros2_humble/install/my_py_pkg:/home/parallels/ros2_ws/ros2_humble/install/add_two_ints:/opt/ros/humble /usr/bin/cmake --build /home/parallels/ros2_ws/build/polygon_base -- -j4 -l4
[0.069s] -- Found ament_cmake: 1.3.11 (/opt/ros/humble/share/ament_cmake/cmake)
[0.175s] -- Found pluginlib: 5.1.0 (/opt/ros/humble/share/pluginlib/cmake)
[0.209s] [31mCMake Error at CMakeLists.txt:32 (find_package):
[0.209s]   By not providing "Findament_lint_auto.cmake" in CMAKE_MODULE_PATH this
[0.209s]   project has asked CMake to find a package configuration file provided by
[0.209s]   "ament_lint_auto", but CMake did not find one.
[0.209s] 
[0.209s]   Could not find a package configuration file provided by "ament_lint_auto"
[0.209s]   with any of the following names:
[0.210s] 
[0.210s]     ament_lint_autoConfig.cmake
[0.210s]     ament_lint_auto-config.cmake
[0.210s] 
[0.210s]   Add the installation prefix of "ament_lint_auto" to CMAKE_PREFIX_PATH or
[0.210s]   set "ament_lint_auto_DIR" to a directory containing one of the above files.
[0.210s]   If "ament_lint_auto" provides a separate development package or SDK, be
[0.210s]   sure it has been installed.
[0.210s] 
[0.211s] [0m
[0.212s] -- Configuring incomplete, errors occurred!
[0.212s] See also "/home/parallels/ros2_ws/build/polygon_base/CMakeFiles/CMakeOutput.log".
[0.214s] gmake: *** [Makefile:267: cmake_check_build_system] Error 1
