[0.750s] Invoking command in '/home/parallels/ros2_ws/src/ros2_control/ros2controlcli': CMAKE_PREFIX_PATH=/home/parallels/ros2_ws/install/controller_manager:/home/parallels/ros2_ws/install/hardware_interface_testing:/home/parallels/ros2_ws/install/controller_interface:/home/parallels/ros2_ws/install/hardware_interface:/home/parallels/ros2_ws/install/ros2_control_test_assets:/home/parallels/ros2_ws/install/controller_manager_msgs:/home/parallels/ros2_ws/install/ros2_controllers:/home/parallels/ros2_ws/install/ign_ros2_control_demos:/home/parallels/ros2_ws/install/velocity_controllers:/home/parallels/ros2_ws/install/tricycle_steering_controller:/home/parallels/ros2_ws/install/tricycle_controller:/home/parallels/ros2_ws/install/ros2_control:/home/parallels/ros2_ws/install/transmission_interface:/home/parallels/ros2_ws/install/bicycle_steering_controller:/home/parallels/ros2_ws/install/ackermann_steering_controller:/home/parallels/ros2_ws/install/steering_controllers_library:/home/parallels/ros2_ws/install/gz_ros2_control_tests:/home/parallels/ros2_ws/install/ign_ros2_control:/home/parallels/ros2_ws/install/ros2_control_demo_description:/home/parallels/ros2_ws/install/range_sensor_broadcaster:/home/parallels/ros2_ws/install/position_controllers:/home/parallels/ros2_ws/install/polygon_plugins:/home/parallels/ros2_ws/install/admittance_controller:/home/parallels/ros2_ws/install/joint_trajectory_controller:/home/parallels/ros2_ws/install/joint_state_broadcaster:/home/parallels/ros2_ws/install/joint_limits:/home/parallels/ros2_ws/install/imu_sensor_broadcaster:/home/parallels/ros2_ws/install/gripper_controllers:/home/parallels/ros2_ws/install/effort_controllers:/home/parallels/ros2_ws/install/forward_command_controller:/home/parallels/ros2_ws/install/force_torque_sensor_broadcaster:/home/parallels/ros2_ws/install/diff_drive_controller:/usr LD_LIBRARY_PATH=/home/parallels/ros2_ws/install/controller_manager/lib:/home/parallels/ros2_ws/install/hardware_interface_testing/lib:/home/parallels/ros2_ws/install/controller_interface/lib:/home/parallels/ros2_ws/install/hardware_interface/lib:/home/parallels/ros2_ws/install/controller_manager_msgs/lib:/home/parallels/ros2_ws/install/velocity_controllers/lib:/home/parallels/ros2_ws/install/tricycle_steering_controller/lib:/home/parallels/ros2_ws/install/tricycle_controller/lib:/home/parallels/ros2_ws/install/transmission_interface/lib:/home/parallels/ros2_ws/install/bicycle_steering_controller/lib:/home/parallels/ros2_ws/install/ackermann_steering_controller/lib:/home/parallels/ros2_ws/install/steering_controllers_library/lib:/home/parallels/ros2_ws/install/ign_ros2_control/lib:/home/parallels/ros2_ws/install/range_sensor_broadcaster/lib:/home/parallels/ros2_ws/install/position_controllers/lib:/home/parallels/ros2_ws/install/polygon_plugins/lib:/home/parallels/ros2_ws/install/admittance_controller/lib:/home/parallels/ros2_ws/install/joint_trajectory_controller/lib:/home/parallels/ros2_ws/install/joint_state_broadcaster/lib:/home/parallels/ros2_ws/install/imu_sensor_broadcaster/lib:/home/parallels/ros2_ws/install/gripper_controllers/lib:/home/parallels/ros2_ws/install/effort_controllers/lib:/home/parallels/ros2_ws/install/forward_command_controller/lib:/home/parallels/ros2_ws/install/force_torque_sensor_broadcaster/lib:/home/parallels/ros2_ws/install/diff_drive_controller/lib:/opt/ros/humble/opt/rviz_ogre_vendor/lib:/opt/ros/humble/lib/aarch64-linux-gnu:/opt/ros/humble/lib PYTHONPATH=/home/parallels/ros2_ws/build/ros2controlcli/prefix_override:/usr/lib/python3/dist-packages/colcon_core/task/python/colcon_distutils_commands:/home/parallels/ros2_ws/install/ros2controlcli/lib/python3.10/site-packages:${PYTHONPATH} /usr/bin/python3 -W ignore:setup.py install is deprecated setup.py egg_info --egg-base ../../../build/ros2controlcli build --build-base /home/parallels/ros2_ws/build/ros2controlcli/build install --record /home/parallels/ros2_ws/build/ros2controlcli/install.log --single-version-externally-managed install_data
[0.890s] running egg_info
[0.890s] creating ../../../build/ros2controlcli/ros2controlcli.egg-info
[0.890s] writing ../../../build/ros2controlcli/ros2controlcli.egg-info/PKG-INFO
[0.890s] writing dependency_links to ../../../build/ros2controlcli/ros2controlcli.egg-info/dependency_links.txt
[0.892s] writing entry points to ../../../build/ros2controlcli/ros2controlcli.egg-info/entry_points.txt
[0.892s] writing requirements to ../../../build/ros2controlcli/ros2controlcli.egg-info/requires.txt
[0.892s] writing top-level names to ../../../build/ros2controlcli/ros2controlcli.egg-info/top_level.txt
[0.892s] writing manifest file '../../../build/ros2controlcli/ros2controlcli.egg-info/SOURCES.txt'
[0.892s] reading manifest file '../../../build/ros2controlcli/ros2controlcli.egg-info/SOURCES.txt'
[0.893s] writing manifest file '../../../build/ros2controlcli/ros2controlcli.egg-info/SOURCES.txt'
[0.893s] running build
[0.893s] running build_py
[0.893s] creating /home/parallels/ros2_ws/build/ros2controlcli/build
[0.893s] creating /home/parallels/ros2_ws/build/ros2controlcli/build/lib
[0.893s] creating /home/parallels/ros2_ws/build/ros2controlcli/build/lib/ros2controlcli
[0.893s] copying ros2controlcli/__init__.py -> /home/parallels/ros2_ws/build/ros2controlcli/build/lib/ros2controlcli
[0.893s] creating /home/parallels/ros2_ws/build/ros2controlcli/build/lib/ros2controlcli/api
[0.893s] copying ros2controlcli/api/__init__.py -> /home/parallels/ros2_ws/build/ros2controlcli/build/lib/ros2controlcli/api
[0.893s] creating /home/parallels/ros2_ws/build/ros2controlcli/build/lib/ros2controlcli/verb
[0.893s] copying ros2controlcli/verb/unload_controller.py -> /home/parallels/ros2_ws/build/ros2controlcli/build/lib/ros2controlcli/verb
[0.893s] copying ros2controlcli/verb/reload_controller_libraries.py -> /home/parallels/ros2_ws/build/ros2controlcli/build/lib/ros2controlcli/verb
[0.893s] copying ros2controlcli/verb/list_controller_types.py -> /home/parallels/ros2_ws/build/ros2controlcli/build/lib/ros2controlcli/verb
[0.894s] copying ros2controlcli/verb/view_controller_chains.py -> /home/parallels/ros2_ws/build/ros2controlcli/build/lib/ros2controlcli/verb
[0.894s] copying ros2controlcli/verb/__init__.py -> /home/parallels/ros2_ws/build/ros2controlcli/build/lib/ros2controlcli/verb
[0.894s] copying ros2controlcli/verb/set_hardware_component_state.py -> /home/parallels/ros2_ws/build/ros2controlcli/build/lib/ros2controlcli/verb
[0.894s] copying ros2controlcli/verb/list_controllers.py -> /home/parallels/ros2_ws/build/ros2controlcli/build/lib/ros2controlcli/verb
[0.894s] copying ros2controlcli/verb/switch_controllers.py -> /home/parallels/ros2_ws/build/ros2controlcli/build/lib/ros2controlcli/verb
[0.894s] copying ros2controlcli/verb/list_hardware_interfaces.py -> /home/parallels/ros2_ws/build/ros2controlcli/build/lib/ros2controlcli/verb
[0.894s] copying ros2controlcli/verb/set_controller_state.py -> /home/parallels/ros2_ws/build/ros2controlcli/build/lib/ros2controlcli/verb
[0.895s] copying ros2controlcli/verb/load_controller.py -> /home/parallels/ros2_ws/build/ros2controlcli/build/lib/ros2controlcli/verb
[0.895s] copying ros2controlcli/verb/list_hardware_components.py -> /home/parallels/ros2_ws/build/ros2controlcli/build/lib/ros2controlcli/verb
[0.895s] creating /home/parallels/ros2_ws/build/ros2controlcli/build/lib/ros2controlcli/command
[0.895s] copying ros2controlcli/command/control.py -> /home/parallels/ros2_ws/build/ros2controlcli/build/lib/ros2controlcli/command
[0.895s] copying ros2controlcli/command/__init__.py -> /home/parallels/ros2_ws/build/ros2controlcli/build/lib/ros2controlcli/command
[0.895s] running install
[0.896s] running install_lib
[0.896s] creating /home/parallels/ros2_ws/install/ros2controlcli/lib/python3.10/site-packages/ros2controlcli
[0.896s] creating /home/parallels/ros2_ws/install/ros2controlcli/lib/python3.10/site-packages/ros2controlcli/api
[0.896s] copying /home/parallels/ros2_ws/build/ros2controlcli/build/lib/ros2controlcli/api/__init__.py -> /home/parallels/ros2_ws/install/ros2controlcli/lib/python3.10/site-packages/ros2controlcli/api
[0.896s] copying /home/parallels/ros2_ws/build/ros2controlcli/build/lib/ros2controlcli/__init__.py -> /home/parallels/ros2_ws/install/ros2controlcli/lib/python3.10/site-packages/ros2controlcli
[0.896s] creating /home/parallels/ros2_ws/install/ros2controlcli/lib/python3.10/site-packages/ros2controlcli/verb
[0.896s] copying /home/parallels/ros2_ws/build/ros2controlcli/build/lib/ros2controlcli/verb/unload_controller.py -> /home/parallels/ros2_ws/install/ros2controlcli/lib/python3.10/site-packages/ros2controlcli/verb
[0.897s] copying /home/parallels/ros2_ws/build/ros2controlcli/build/lib/ros2controlcli/verb/reload_controller_libraries.py -> /home/parallels/ros2_ws/install/ros2controlcli/lib/python3.10/site-packages/ros2controlcli/verb
[0.897s] copying /home/parallels/ros2_ws/build/ros2controlcli/build/lib/ros2controlcli/verb/list_controller_types.py -> /home/parallels/ros2_ws/install/ros2controlcli/lib/python3.10/site-packages/ros2controlcli/verb
[0.897s] copying /home/parallels/ros2_ws/build/ros2controlcli/build/lib/ros2controlcli/verb/view_controller_chains.py -> /home/parallels/ros2_ws/install/ros2controlcli/lib/python3.10/site-packages/ros2controlcli/verb
[0.897s] copying /home/parallels/ros2_ws/build/ros2controlcli/build/lib/ros2controlcli/verb/__init__.py -> /home/parallels/ros2_ws/install/ros2controlcli/lib/python3.10/site-packages/ros2controlcli/verb
[0.897s] copying /home/parallels/ros2_ws/build/ros2controlcli/build/lib/ros2controlcli/verb/set_hardware_component_state.py -> /home/parallels/ros2_ws/install/ros2controlcli/lib/python3.10/site-packages/ros2controlcli/verb
[0.897s] copying /home/parallels/ros2_ws/build/ros2controlcli/build/lib/ros2controlcli/verb/list_controllers.py -> /home/parallels/ros2_ws/install/ros2controlcli/lib/python3.10/site-packages/ros2controlcli/verb
[0.897s] copying /home/parallels/ros2_ws/build/ros2controlcli/build/lib/ros2controlcli/verb/switch_controllers.py -> /home/parallels/ros2_ws/install/ros2controlcli/lib/python3.10/site-packages/ros2controlcli/verb
[0.897s] copying /home/parallels/ros2_ws/build/ros2controlcli/build/lib/ros2controlcli/verb/list_hardware_interfaces.py -> /home/parallels/ros2_ws/install/ros2controlcli/lib/python3.10/site-packages/ros2controlcli/verb
[0.897s] copying /home/parallels/ros2_ws/build/ros2controlcli/build/lib/ros2controlcli/verb/set_controller_state.py -> /home/parallels/ros2_ws/install/ros2controlcli/lib/python3.10/site-packages/ros2controlcli/verb
[0.897s] copying /home/parallels/ros2_ws/build/ros2controlcli/build/lib/ros2controlcli/verb/load_controller.py -> /home/parallels/ros2_ws/install/ros2controlcli/lib/python3.10/site-packages/ros2controlcli/verb
[0.897s] copying /home/parallels/ros2_ws/build/ros2controlcli/build/lib/ros2controlcli/verb/list_hardware_components.py -> /home/parallels/ros2_ws/install/ros2controlcli/lib/python3.10/site-packages/ros2controlcli/verb
[0.898s] creating /home/parallels/ros2_ws/install/ros2controlcli/lib/python3.10/site-packages/ros2controlcli/command
[0.898s] copying /home/parallels/ros2_ws/build/ros2controlcli/build/lib/ros2controlcli/command/control.py -> /home/parallels/ros2_ws/install/ros2controlcli/lib/python3.10/site-packages/ros2controlcli/command
[0.898s] copying /home/parallels/ros2_ws/build/ros2controlcli/build/lib/ros2controlcli/command/__init__.py -> /home/parallels/ros2_ws/install/ros2controlcli/lib/python3.10/site-packages/ros2controlcli/command
[0.898s] byte-compiling /home/parallels/ros2_ws/install/ros2controlcli/lib/python3.10/site-packages/ros2controlcli/api/__init__.py to __init__.cpython-310.pyc
[0.899s] byte-compiling /home/parallels/ros2_ws/install/ros2controlcli/lib/python3.10/site-packages/ros2controlcli/__init__.py to __init__.cpython-310.pyc
[0.899s] byte-compiling /home/parallels/ros2_ws/install/ros2controlcli/lib/python3.10/site-packages/ros2controlcli/verb/unload_controller.py to unload_controller.cpython-310.pyc
[0.899s] byte-compiling /home/parallels/ros2_ws/install/ros2controlcli/lib/python3.10/site-packages/ros2controlcli/verb/reload_controller_libraries.py to reload_controller_libraries.cpython-310.pyc
[0.899s] byte-compiling /home/parallels/ros2_ws/install/ros2controlcli/lib/python3.10/site-packages/ros2controlcli/verb/list_controller_types.py to list_controller_types.cpython-310.pyc
[0.900s] byte-compiling /home/parallels/ros2_ws/install/ros2controlcli/lib/python3.10/site-packages/ros2controlcli/verb/view_controller_chains.py to view_controller_chains.cpython-310.pyc
[0.900s] byte-compiling /home/parallels/ros2_ws/install/ros2controlcli/lib/python3.10/site-packages/ros2controlcli/verb/__init__.py to __init__.cpython-310.pyc
[0.901s] byte-compiling /home/parallels/ros2_ws/install/ros2controlcli/lib/python3.10/site-packages/ros2controlcli/verb/set_hardware_component_state.py to set_hardware_component_state.cpython-310.pyc
[0.901s] byte-compiling /home/parallels/ros2_ws/install/ros2controlcli/lib/python3.10/site-packages/ros2controlcli/verb/list_controllers.py to list_controllers.cpython-310.pyc
[0.901s] byte-compiling /home/parallels/ros2_ws/install/ros2controlcli/lib/python3.10/site-packages/ros2controlcli/verb/switch_controllers.py to switch_controllers.cpython-310.pyc
[0.901s] byte-compiling /home/parallels/ros2_ws/install/ros2controlcli/lib/python3.10/site-packages/ros2controlcli/verb/list_hardware_interfaces.py to list_hardware_interfaces.cpython-310.pyc
[0.902s] byte-compiling /home/parallels/ros2_ws/install/ros2controlcli/lib/python3.10/site-packages/ros2controlcli/verb/set_controller_state.py to set_controller_state.cpython-310.pyc
[0.902s] byte-compiling /home/parallels/ros2_ws/install/ros2controlcli/lib/python3.10/site-packages/ros2controlcli/verb/load_controller.py to load_controller.cpython-310.pyc
[0.902s] byte-compiling /home/parallels/ros2_ws/install/ros2controlcli/lib/python3.10/site-packages/ros2controlcli/verb/list_hardware_components.py to list_hardware_components.cpython-310.pyc
[0.902s] byte-compiling /home/parallels/ros2_ws/install/ros2controlcli/lib/python3.10/site-packages/ros2controlcli/command/control.py to control.cpython-310.pyc
[0.903s] byte-compiling /home/parallels/ros2_ws/install/ros2controlcli/lib/python3.10/site-packages/ros2controlcli/command/__init__.py to __init__.cpython-310.pyc
[0.903s] running install_data
[0.903s] copying package.xml -> /home/parallels/ros2_ws/install/ros2controlcli/share/ros2controlcli
[0.903s] creating /home/parallels/ros2_ws/install/ros2controlcli/share/ament_index
[0.903s] creating /home/parallels/ros2_ws/install/ros2controlcli/share/ament_index/resource_index
[0.904s] creating /home/parallels/ros2_ws/install/ros2controlcli/share/ament_index/resource_index/packages
[0.904s] copying resource/ros2controlcli -> /home/parallels/ros2_ws/install/ros2controlcli/share/ament_index/resource_index/packages
[0.904s] running install_egg_info
[0.905s] Copying ../../../build/ros2controlcli/ros2controlcli.egg-info to /home/parallels/ros2_ws/install/ros2controlcli/lib/python3.10/site-packages/ros2controlcli-2.41.0-py3.10.egg-info
[0.905s] running install_scripts
[0.922s] writing list of installed files to '/home/parallels/ros2_ws/build/ros2controlcli/install.log'
[0.937s] Invoked command in '/home/parallels/ros2_ws/src/ros2_control/ros2controlcli' returned '0': CMAKE_PREFIX_PATH=/home/parallels/ros2_ws/install/controller_manager:/home/parallels/ros2_ws/install/hardware_interface_testing:/home/parallels/ros2_ws/install/controller_interface:/home/parallels/ros2_ws/install/hardware_interface:/home/parallels/ros2_ws/install/ros2_control_test_assets:/home/parallels/ros2_ws/install/controller_manager_msgs:/home/parallels/ros2_ws/install/ros2_controllers:/home/parallels/ros2_ws/install/ign_ros2_control_demos:/home/parallels/ros2_ws/install/velocity_controllers:/home/parallels/ros2_ws/install/tricycle_steering_controller:/home/parallels/ros2_ws/install/tricycle_controller:/home/parallels/ros2_ws/install/ros2_control:/home/parallels/ros2_ws/install/transmission_interface:/home/parallels/ros2_ws/install/bicycle_steering_controller:/home/parallels/ros2_ws/install/ackermann_steering_controller:/home/parallels/ros2_ws/install/steering_controllers_library:/home/parallels/ros2_ws/install/gz_ros2_control_tests:/home/parallels/ros2_ws/install/ign_ros2_control:/home/parallels/ros2_ws/install/ros2_control_demo_description:/home/parallels/ros2_ws/install/range_sensor_broadcaster:/home/parallels/ros2_ws/install/position_controllers:/home/parallels/ros2_ws/install/polygon_plugins:/home/parallels/ros2_ws/install/admittance_controller:/home/parallels/ros2_ws/install/joint_trajectory_controller:/home/parallels/ros2_ws/install/joint_state_broadcaster:/home/parallels/ros2_ws/install/joint_limits:/home/parallels/ros2_ws/install/imu_sensor_broadcaster:/home/parallels/ros2_ws/install/gripper_controllers:/home/parallels/ros2_ws/install/effort_controllers:/home/parallels/ros2_ws/install/forward_command_controller:/home/parallels/ros2_ws/install/force_torque_sensor_broadcaster:/home/parallels/ros2_ws/install/diff_drive_controller:/usr LD_LIBRARY_PATH=/home/parallels/ros2_ws/install/controller_manager/lib:/home/parallels/ros2_ws/install/hardware_interface_testing/lib:/home/parallels/ros2_ws/install/controller_interface/lib:/home/parallels/ros2_ws/install/hardware_interface/lib:/home/parallels/ros2_ws/install/controller_manager_msgs/lib:/home/parallels/ros2_ws/install/velocity_controllers/lib:/home/parallels/ros2_ws/install/tricycle_steering_controller/lib:/home/parallels/ros2_ws/install/tricycle_controller/lib:/home/parallels/ros2_ws/install/transmission_interface/lib:/home/parallels/ros2_ws/install/bicycle_steering_controller/lib:/home/parallels/ros2_ws/install/ackermann_steering_controller/lib:/home/parallels/ros2_ws/install/steering_controllers_library/lib:/home/parallels/ros2_ws/install/ign_ros2_control/lib:/home/parallels/ros2_ws/install/range_sensor_broadcaster/lib:/home/parallels/ros2_ws/install/position_controllers/lib:/home/parallels/ros2_ws/install/polygon_plugins/lib:/home/parallels/ros2_ws/install/admittance_controller/lib:/home/parallels/ros2_ws/install/joint_trajectory_controller/lib:/home/parallels/ros2_ws/install/joint_state_broadcaster/lib:/home/parallels/ros2_ws/install/imu_sensor_broadcaster/lib:/home/parallels/ros2_ws/install/gripper_controllers/lib:/home/parallels/ros2_ws/install/effort_controllers/lib:/home/parallels/ros2_ws/install/forward_command_controller/lib:/home/parallels/ros2_ws/install/force_torque_sensor_broadcaster/lib:/home/parallels/ros2_ws/install/diff_drive_controller/lib:/opt/ros/humble/opt/rviz_ogre_vendor/lib:/opt/ros/humble/lib/aarch64-linux-gnu:/opt/ros/humble/lib PYTHONPATH=/home/parallels/ros2_ws/build/ros2controlcli/prefix_override:/usr/lib/python3/dist-packages/colcon_core/task/python/colcon_distutils_commands:/home/parallels/ros2_ws/install/ros2controlcli/lib/python3.10/site-packages:${PYTHONPATH} /usr/bin/python3 -W ignore:setup.py install is deprecated setup.py egg_info --egg-base ../../../build/ros2controlcli build --build-base /home/parallels/ros2_ws/build/ros2controlcli/build install --record /home/parallels/ros2_ws/build/ros2controlcli/install.log --single-version-externally-managed install_data
