[0.021s] Invoking command in '/home/parallels/ros2_ws/ROS2_Humble/build/my_robot_interfaces': CMAKE_PREFIX_PATH=${CMAKE_PREFIX_PATH}:/home/parallels/ros2_humble/install/lifecycle_py:/home/parallels/ros2_ws/install/turtlesim_catch_them_all:/home/parallels/ros2_ws/install/number_counter:/home/parallels/ros2_ws/install/my_py_pkg:/home/parallels/ros2_ws/install/actions_py:/home/parallels/ros2_ws/install/add_two_ints:/opt/ros/humble /usr/bin/cmake /home/parallels/ros2_ws/ROS2_Humble/src/my_robot_interfaces -DCMAKE_INSTALL_PREFIX=/home/parallels/ros2_ws/ROS2_Humble/install/my_robot_interfaces
[0.482s] -- The C compiler identification is GNU 11.4.0
[0.482s] -- The CXX compiler identification is GNU 11.4.0
[0.482s] -- Detecting C compiler ABI info
[0.482s] -- Detecting C compiler ABI info - done
[0.482s] -- Check for working C compiler: /usr/bin/cc - skipped
[0.482s] -- Detecting C compile features
[0.482s] -- Detecting C compile features - done
[0.482s] -- Detecting CXX compiler ABI info
[0.483s] -- Detecting CXX compiler ABI info - done
[0.483s] -- Check for working CXX compiler: /usr/bin/c++ - skipped
[0.483s] -- Detecting CXX compile features
[0.483s] -- Detecting CXX compile features - done
[0.483s] -- Found ament_cmake: 1.3.11 (/opt/ros/humble/share/ament_cmake/cmake)
[0.483s] -- Found Python3: /usr/bin/python3 (found version "3.10.12") found components: Interpreter 
[0.483s] -- Found rosidl_default_generators: 1.2.0 (/opt/ros/humble/share/rosidl_default_generators/cmake)
[0.483s] -- Using all available rosidl_typesupport_c: rosidl_typesupport_fastrtps_c;rosidl_typesupport_introspection_c
[0.483s] -- Found rosidl_adapter: 3.1.6 (/opt/ros/humble/share/rosidl_adapter/cmake)
[0.489s] -- Using all available rosidl_typesupport_cpp: rosidl_typesupport_fastrtps_cpp;rosidl_typesupport_introspection_cpp
[0.929s] -- Found ament_cmake_ros: 0.10.0 (/opt/ros/humble/share/ament_cmake_ros/cmake)
[1.097s] -- Using all available rosidl_typesupport_c: rosidl_typesupport_fastrtps_c;rosidl_typesupport_introspection_c
[1.282s] -- Using all available rosidl_typesupport_cpp: rosidl_typesupport_fastrtps_cpp;rosidl_typesupport_introspection_cpp
[1.299s] -- Found PythonInterp: /usr/bin/python3 (found suitable version "3.10.12", minimum required is "3.6") 
[1.304s] -- Found python_cmake_module: 0.10.0 (/opt/ros/humble/share/python_cmake_module/cmake)
[1.325s] -- Found PythonLibs: /usr/lib/aarch64-linux-gnu/libpython3.10.so (found suitable version "3.10.12", minimum required is "3.5") 
[1.326s] -- Using PYTHON_EXECUTABLE: /usr/bin/python3
[1.326s] -- Using PYTHON_INCLUDE_DIRS: /usr/include/python3.10
[1.326s] -- Using PYTHON_LIBRARIES: /usr/lib/aarch64-linux-gnu/libpython3.10.so
[1.353s] -- Found PythonExtra: .so  
[1.398s] -- Configuring done
[1.462s] -- Generating done
[1.476s] -- Build files have been written to: /home/parallels/ros2_ws/ROS2_Humble/build/my_robot_interfaces
[1.482s] Invoked command in '/home/parallels/ros2_ws/ROS2_Humble/build/my_robot_interfaces' returned '0': CMAKE_PREFIX_PATH=${CMAKE_PREFIX_PATH}:/home/parallels/ros2_humble/install/lifecycle_py:/home/parallels/ros2_ws/install/turtlesim_catch_them_all:/home/parallels/ros2_ws/install/number_counter:/home/parallels/ros2_ws/install/my_py_pkg:/home/parallels/ros2_ws/install/actions_py:/home/parallels/ros2_ws/install/add_two_ints:/opt/ros/humble /usr/bin/cmake /home/parallels/ros2_ws/ROS2_Humble/src/my_robot_interfaces -DCMAKE_INSTALL_PREFIX=/home/parallels/ros2_ws/ROS2_Humble/install/my_robot_interfaces
[1.482s] Invoking command in '/home/parallels/ros2_ws/ROS2_Humble/build/my_robot_interfaces': CMAKE_PREFIX_PATH=${CMAKE_PREFIX_PATH}:/home/parallels/ros2_humble/install/lifecycle_py:/home/parallels/ros2_ws/install/turtlesim_catch_them_all:/home/parallels/ros2_ws/install/number_counter:/home/parallels/ros2_ws/install/my_py_pkg:/home/parallels/ros2_ws/install/actions_py:/home/parallels/ros2_ws/install/add_two_ints:/opt/ros/humble /usr/bin/cmake --build /home/parallels/ros2_ws/ROS2_Humble/build/my_robot_interfaces -- -j8 -l8
[1.514s] [35m[1mConsolidate compiler generated dependencies of target my_robot_interfaces__rosidl_generator_c[0m
[1.522s] [  1%] Built target my_robot_interfaces__cpp
[1.526s] [ 12%] Built target my_robot_interfaces__rosidl_generator_c
[1.527s] [ 12%] Built target ament_cmake_python_copy_my_robot_interfaces
[1.546s] [35m[1mConsolidate compiler generated dependencies of target my_robot_interfaces__rosidl_typesupport_cpp[0m
[1.546s] [35m[1mConsolidate compiler generated dependencies of target my_robot_interfaces__rosidl_typesupport_fastrtps_cpp[0m
[1.546s] [35m[1mConsolidate compiler generated dependencies of target my_robot_interfaces__rosidl_typesupport_fastrtps_c[0m
[1.555s] [35m[1mConsolidate compiler generated dependencies of target my_robot_interfaces__rosidl_typesupport_c[0m
[1.557s] [35m[1mConsolidate compiler generated dependencies of target my_robot_interfaces__rosidl_typesupport_introspection_c[0m
[1.564s] [35m[1mConsolidate compiler generated dependencies of target my_robot_interfaces__rosidl_typesupport_introspection_cpp[0m
[1.586s] [ 24%] Built target my_robot_interfaces__rosidl_typesupport_fastrtps_cpp
[1.590s] [ 35%] Built target my_robot_interfaces__rosidl_typesupport_introspection_c
[1.596s] [ 47%] Built target my_robot_interfaces__rosidl_typesupport_cpp
[1.605s] [ 60%] Built target my_robot_interfaces__rosidl_typesupport_introspection_cpp
[1.611s] [ 71%] Built target my_robot_interfaces__rosidl_typesupport_c
[1.614s] [ 82%] Built target my_robot_interfaces__rosidl_typesupport_fastrtps_c
[1.653s] [ 82%] Built target my_robot_interfaces
[1.675s] [ 83%] Built target my_robot_interfaces__py
[1.686s] [35m[1mConsolidate compiler generated dependencies of target my_robot_interfaces__rosidl_generator_py[0m
[1.700s] [ 93%] Built target my_robot_interfaces__rosidl_generator_py
[1.707s] [35m[1mConsolidate compiler generated dependencies of target my_robot_interfaces__rosidl_typesupport_introspection_c__pyext[0m
[1.707s] [35m[1mConsolidate compiler generated dependencies of target my_robot_interfaces__rosidl_typesupport_c__pyext[0m
[1.716s] [ 95%] Built target my_robot_interfaces__rosidl_typesupport_introspection_c__pyext
[1.718s] [ 97%] Built target my_robot_interfaces__rosidl_typesupport_c__pyext
[1.732s] [35m[1mConsolidate compiler generated dependencies of target my_robot_interfaces__rosidl_typesupport_fastrtps_c__pyext[0m
[1.744s] [100%] Built target my_robot_interfaces__rosidl_typesupport_fastrtps_c__pyext
[1.771s] running egg_info
[1.772s] writing my_robot_interfaces.egg-info/PKG-INFO
[1.772s] writing dependency_links to my_robot_interfaces.egg-info/dependency_links.txt
[1.772s] writing top-level names to my_robot_interfaces.egg-info/top_level.txt
[1.775s] reading manifest file 'my_robot_interfaces.egg-info/SOURCES.txt'
[1.775s] writing manifest file 'my_robot_interfaces.egg-info/SOURCES.txt'
[1.790s] [100%] Built target ament_cmake_python_build_my_robot_interfaces_egg
[1.799s] Invoked command in '/home/parallels/ros2_ws/ROS2_Humble/build/my_robot_interfaces' returned '0': CMAKE_PREFIX_PATH=${CMAKE_PREFIX_PATH}:/home/parallels/ros2_humble/install/lifecycle_py:/home/parallels/ros2_ws/install/turtlesim_catch_them_all:/home/parallels/ros2_ws/install/number_counter:/home/parallels/ros2_ws/install/my_py_pkg:/home/parallels/ros2_ws/install/actions_py:/home/parallels/ros2_ws/install/add_two_ints:/opt/ros/humble /usr/bin/cmake --build /home/parallels/ros2_ws/ROS2_Humble/build/my_robot_interfaces -- -j8 -l8
[1.800s] Invoking command in '/home/parallels/ros2_ws/ROS2_Humble/build/my_robot_interfaces': CMAKE_PREFIX_PATH=${CMAKE_PREFIX_PATH}:/home/parallels/ros2_humble/install/lifecycle_py:/home/parallels/ros2_ws/install/turtlesim_catch_them_all:/home/parallels/ros2_ws/install/number_counter:/home/parallels/ros2_ws/install/my_py_pkg:/home/parallels/ros2_ws/install/actions_py:/home/parallels/ros2_ws/install/add_two_ints:/opt/ros/humble /usr/bin/cmake --install /home/parallels/ros2_ws/ROS2_Humble/build/my_robot_interfaces
[1.805s] -- Install configuration: ""
[1.805s] -- Up-to-date: /home/parallels/ros2_ws/ROS2_Humble/install/my_robot_interfaces/share/ament_index/resource_index/rosidl_interfaces/my_robot_interfaces
[1.805s] -- Up-to-date: /home/parallels/ros2_ws/ROS2_Humble/install/my_robot_interfaces/include/my_robot_interfaces/my_robot_interfaces
[1.806s] -- Up-to-date: /home/parallels/ros2_ws/ROS2_Humble/install/my_robot_interfaces/include/my_robot_interfaces/my_robot_interfaces/srv
[1.806s] -- Up-to-date: /home/parallels/ros2_ws/ROS2_Humble/install/my_robot_interfaces/include/my_robot_interfaces/my_robot_interfaces/srv/set_led.h
[1.806s] -- Up-to-date: /home/parallels/ros2_ws/ROS2_Humble/install/my_robot_interfaces/include/my_robot_interfaces/my_robot_interfaces/srv/catch.h
[1.806s] -- Up-to-date: /home/parallels/ros2_ws/ROS2_Humble/install/my_robot_interfaces/include/my_robot_interfaces/my_robot_interfaces/srv/compute_rectangle_area.h
[1.806s] -- Up-to-date: /home/parallels/ros2_ws/ROS2_Humble/install/my_robot_interfaces/include/my_robot_interfaces/my_robot_interfaces/srv/detail
[1.806s] -- Up-to-date: /home/parallels/ros2_ws/ROS2_Humble/install/my_robot_interfaces/include/my_robot_interfaces/my_robot_interfaces/srv/detail/catch__functions.c
[1.807s] -- Up-to-date: /home/parallels/ros2_ws/ROS2_Humble/install/my_robot_interfaces/include/my_robot_interfaces/my_robot_interfaces/srv/detail/compute_rectangle_area__type_support.h
[1.807s] -- Up-to-date: /home/parallels/ros2_ws/ROS2_Humble/install/my_robot_interfaces/include/my_robot_interfaces/my_robot_interfaces/srv/detail/set_led__functions.c
[1.807s] -- Up-to-date: /home/parallels/ros2_ws/ROS2_Humble/install/my_robot_interfaces/include/my_robot_interfaces/my_robot_interfaces/srv/detail/catch__struct.h
[1.807s] -- Up-to-date: /home/parallels/ros2_ws/ROS2_Humble/install/my_robot_interfaces/include/my_robot_interfaces/my_robot_interfaces/srv/detail/compute_rectangle_area__struct.h
[1.807s] -- Up-to-date: /home/parallels/ros2_ws/ROS2_Humble/install/my_robot_interfaces/include/my_robot_interfaces/my_robot_interfaces/srv/detail/set_led__type_support.h
[1.807s] -- Up-to-date: /home/parallels/ros2_ws/ROS2_Humble/install/my_robot_interfaces/include/my_robot_interfaces/my_robot_interfaces/srv/detail/set_led__struct.h
[1.807s] -- Up-to-date: /home/parallels/ros2_ws/ROS2_Humble/install/my_robot_interfaces/include/my_robot_interfaces/my_robot_interfaces/srv/detail/catch__functions.h
[1.807s] -- Up-to-date: /home/parallels/ros2_ws/ROS2_Humble/install/my_robot_interfaces/include/my_robot_interfaces/my_robot_interfaces/srv/detail/compute_rectangle_area__functions.c
[1.807s] -- Up-to-date: /home/parallels/ros2_ws/ROS2_Humble/install/my_robot_interfaces/include/my_robot_interfaces/my_robot_interfaces/srv/detail/compute_rectangle_area__functions.h
[1.807s] -- Up-to-date: /home/parallels/ros2_ws/ROS2_Humble/install/my_robot_interfaces/include/my_robot_interfaces/my_robot_interfaces/srv/detail/catch__type_support.h
[1.807s] -- Up-to-date: /home/parallels/ros2_ws/ROS2_Humble/install/my_robot_interfaces/include/my_robot_interfaces/my_robot_interfaces/srv/detail/set_led__functions.h
[1.807s] -- Up-to-date: /home/parallels/ros2_ws/ROS2_Humble/install/my_robot_interfaces/include/my_robot_interfaces/my_robot_interfaces/msg
[1.807s] -- Up-to-date: /home/parallels/ros2_ws/ROS2_Humble/install/my_robot_interfaces/include/my_robot_interfaces/my_robot_interfaces/msg/led_states.h
[1.807s] -- Up-to-date: /home/parallels/ros2_ws/ROS2_Humble/install/my_robot_interfaces/include/my_robot_interfaces/my_robot_interfaces/msg/rosidl_generator_c__visibility_control.h
[1.807s] -- Up-to-date: /home/parallels/ros2_ws/ROS2_Humble/install/my_robot_interfaces/include/my_robot_interfaces/my_robot_interfaces/msg/turtle_array.h
[1.807s] -- Up-to-date: /home/parallels/ros2_ws/ROS2_Humble/install/my_robot_interfaces/include/my_robot_interfaces/my_robot_interfaces/msg/turtle.h
[1.807s] -- Up-to-date: /home/parallels/ros2_ws/ROS2_Humble/install/my_robot_interfaces/include/my_robot_interfaces/my_robot_interfaces/msg/hardware_status.h
[1.807s] -- Up-to-date: /home/parallels/ros2_ws/ROS2_Humble/install/my_robot_interfaces/include/my_robot_interfaces/my_robot_interfaces/msg/detail
[1.807s] -- Up-to-date: /home/parallels/ros2_ws/ROS2_Humble/install/my_robot_interfaces/include/my_robot_interfaces/my_robot_interfaces/msg/detail/turtle__functions.c
[1.807s] -- Up-to-date: /home/parallels/ros2_ws/ROS2_Humble/install/my_robot_interfaces/include/my_robot_interfaces/my_robot_interfaces/msg/detail/led_states__struct.h
[1.807s] -- Up-to-date: /home/parallels/ros2_ws/ROS2_Humble/install/my_robot_interfaces/include/my_robot_interfaces/my_robot_interfaces/msg/detail/hardware_status__type_support.h
[1.808s] -- Up-to-date: /home/parallels/ros2_ws/ROS2_Humble/install/my_robot_interfaces/include/my_robot_interfaces/my_robot_interfaces/msg/detail/led_states__functions.h
[1.808s] -- Up-to-date: /home/parallels/ros2_ws/ROS2_Humble/install/my_robot_interfaces/include/my_robot_interfaces/my_robot_interfaces/msg/detail/hardware_status__struct.h
[1.808s] -- Up-to-date: /home/parallels/ros2_ws/ROS2_Humble/install/my_robot_interfaces/include/my_robot_interfaces/my_robot_interfaces/msg/detail/turtle_array__functions.h
[1.808s] -- Up-to-date: /home/parallels/ros2_ws/ROS2_Humble/install/my_robot_interfaces/include/my_robot_interfaces/my_robot_interfaces/msg/detail/led_states__type_support.h
[1.808s] -- Up-to-date: /home/parallels/ros2_ws/ROS2_Humble/install/my_robot_interfaces/include/my_robot_interfaces/my_robot_interfaces/msg/detail/hardware_status__functions.c
[1.808s] -- Up-to-date: /home/parallels/ros2_ws/ROS2_Humble/install/my_robot_interfaces/include/my_robot_interfaces/my_robot_interfaces/msg/detail/turtle_array__type_support.h
[1.808s] -- Up-to-date: /home/parallels/ros2_ws/ROS2_Humble/install/my_robot_interfaces/include/my_robot_interfaces/my_robot_interfaces/msg/detail/turtle__type_support.h
[1.808s] -- Up-to-date: /home/parallels/ros2_ws/ROS2_Humble/install/my_robot_interfaces/include/my_robot_interfaces/my_robot_interfaces/msg/detail/turtle_array__functions.c
[1.808s] -- Up-to-date: /home/parallels/ros2_ws/ROS2_Humble/install/my_robot_interfaces/include/my_robot_interfaces/my_robot_interfaces/msg/detail/turtle_array__struct.h
[1.808s] -- Up-to-date: /home/parallels/ros2_ws/ROS2_Humble/install/my_robot_interfaces/include/my_robot_interfaces/my_robot_interfaces/msg/detail/turtle__struct.h
[1.808s] -- Up-to-date: /home/parallels/ros2_ws/ROS2_Humble/install/my_robot_interfaces/include/my_robot_interfaces/my_robot_interfaces/msg/detail/turtle__functions.h
[1.808s] -- Up-to-date: /home/parallels/ros2_ws/ROS2_Humble/install/my_robot_interfaces/include/my_robot_interfaces/my_robot_interfaces/msg/detail/hardware_status__functions.h
[1.808s] -- Up-to-date: /home/parallels/ros2_ws/ROS2_Humble/install/my_robot_interfaces/include/my_robot_interfaces/my_robot_interfaces/msg/detail/led_states__functions.c
[1.808s] -- Up-to-date: /home/parallels/ros2_ws/ROS2_Humble/install/my_robot_interfaces/include/my_robot_interfaces/my_robot_interfaces/action
[1.808s] -- Up-to-date: /home/parallels/ros2_ws/ROS2_Humble/install/my_robot_interfaces/include/my_robot_interfaces/my_robot_interfaces/action/count_until.h
[1.808s] -- Up-to-date: /home/parallels/ros2_ws/ROS2_Humble/install/my_robot_interfaces/include/my_robot_interfaces/my_robot_interfaces/action/reach_until.h
[1.808s] -- Up-to-date: /home/parallels/ros2_ws/ROS2_Humble/install/my_robot_interfaces/include/my_robot_interfaces/my_robot_interfaces/action/detail
[1.808s] -- Up-to-date: /home/parallels/ros2_ws/ROS2_Humble/install/my_robot_interfaces/include/my_robot_interfaces/my_robot_interfaces/action/detail/reach_until__type_support.h
[1.808s] -- Up-to-date: /home/parallels/ros2_ws/ROS2_Humble/install/my_robot_interfaces/include/my_robot_interfaces/my_robot_interfaces/action/detail/count_until__struct.h
[1.808s] -- Up-to-date: /home/parallels/ros2_ws/ROS2_Humble/install/my_robot_interfaces/include/my_robot_interfaces/my_robot_interfaces/action/detail/reach_until__functions.c
[1.808s] -- Up-to-date: /home/parallels/ros2_ws/ROS2_Humble/install/my_robot_interfaces/include/my_robot_interfaces/my_robot_interfaces/action/detail/count_until__type_support.h
[1.808s] -- Up-to-date: /home/parallels/ros2_ws/ROS2_Humble/install/my_robot_interfaces/include/my_robot_interfaces/my_robot_interfaces/action/detail/count_until__functions.h
[1.808s] -- Up-to-date: /home/parallels/ros2_ws/ROS2_Humble/install/my_robot_interfaces/include/my_robot_interfaces/my_robot_interfaces/action/detail/count_until__functions.c
[1.808s] -- Up-to-date: /home/parallels/ros2_ws/ROS2_Humble/install/my_robot_interfaces/include/my_robot_interfaces/my_robot_interfaces/action/detail/reach_until__functions.h
[1.808s] -- Up-to-date: /home/parallels/ros2_ws/ROS2_Humble/install/my_robot_interfaces/include/my_robot_interfaces/my_robot_interfaces/action/detail/reach_until__struct.h
[1.808s] -- Up-to-date: /home/parallels/ros2_ws/ROS2_Humble/install/my_robot_interfaces/share/my_robot_interfaces/environment/library_path.sh
[1.808s] -- Installing: /home/parallels/ros2_ws/ROS2_Humble/install/my_robot_interfaces/share/my_robot_interfaces/environment/library_path.dsv
[1.808s] -- Up-to-date: /home/parallels/ros2_ws/ROS2_Humble/install/my_robot_interfaces/lib/libmy_robot_interfaces__rosidl_generator_c.so
[1.808s] -- Up-to-date: /home/parallels/ros2_ws/ROS2_Humble/install/my_robot_interfaces/include/my_robot_interfaces/my_robot_interfaces
[1.808s] -- Up-to-date: /home/parallels/ros2_ws/ROS2_Humble/install/my_robot_interfaces/include/my_robot_interfaces/my_robot_interfaces/srv
[1.808s] -- Up-to-date: /home/parallels/ros2_ws/ROS2_Humble/install/my_robot_interfaces/include/my_robot_interfaces/my_robot_interfaces/srv/detail
[1.808s] -- Up-to-date: /home/parallels/ros2_ws/ROS2_Humble/install/my_robot_interfaces/include/my_robot_interfaces/my_robot_interfaces/srv/detail/compute_rectangle_area__rosidl_typesupport_fastrtps_c.h
[1.808s] -- Up-to-date: /home/parallels/ros2_ws/ROS2_Humble/install/my_robot_interfaces/include/my_robot_interfaces/my_robot_interfaces/srv/detail/catch__rosidl_typesupport_fastrtps_c.h
[1.808s] -- Up-to-date: /home/parallels/ros2_ws/ROS2_Humble/install/my_robot_interfaces/include/my_robot_interfaces/my_robot_interfaces/srv/detail/set_led__rosidl_typesupport_fastrtps_c.h
[1.808s] -- Up-to-date: /home/parallels/ros2_ws/ROS2_Humble/install/my_robot_interfaces/include/my_robot_interfaces/my_robot_interfaces/msg
[1.808s] -- Up-to-date: /home/parallels/ros2_ws/ROS2_Humble/install/my_robot_interfaces/include/my_robot_interfaces/my_robot_interfaces/msg/rosidl_typesupport_fastrtps_c__visibility_control.h
[1.809s] -- Up-to-date: /home/parallels/ros2_ws/ROS2_Humble/install/my_robot_interfaces/include/my_robot_interfaces/my_robot_interfaces/msg/detail
[1.809s] -- Up-to-date: /home/parallels/ros2_ws/ROS2_Humble/install/my_robot_interfaces/include/my_robot_interfaces/my_robot_interfaces/msg/detail/turtle_array__rosidl_typesupport_fastrtps_c.h
[1.809s] -- Up-to-date: /home/parallels/ros2_ws/ROS2_Humble/install/my_robot_interfaces/include/my_robot_interfaces/my_robot_interfaces/msg/detail/turtle__rosidl_typesupport_fastrtps_c.h
[1.809s] -- Up-to-date: /home/parallels/ros2_ws/ROS2_Humble/install/my_robot_interfaces/include/my_robot_interfaces/my_robot_interfaces/msg/detail/hardware_status__rosidl_typesupport_fastrtps_c.h
[1.809s] -- Up-to-date: /home/parallels/ros2_ws/ROS2_Humble/install/my_robot_interfaces/include/my_robot_interfaces/my_robot_interfaces/msg/detail/led_states__rosidl_typesupport_fastrtps_c.h
[1.809s] -- Up-to-date: /home/parallels/ros2_ws/ROS2_Humble/install/my_robot_interfaces/include/my_robot_interfaces/my_robot_interfaces/action
[1.809s] -- Up-to-date: /home/parallels/ros2_ws/ROS2_Humble/install/my_robot_interfaces/include/my_robot_interfaces/my_robot_interfaces/action/detail
[1.809s] -- Up-to-date: /home/parallels/ros2_ws/ROS2_Humble/install/my_robot_interfaces/include/my_robot_interfaces/my_robot_interfaces/action/detail/count_until__rosidl_typesupport_fastrtps_c.h
[1.809s] -- Up-to-date: /home/parallels/ros2_ws/ROS2_Humble/install/my_robot_interfaces/include/my_robot_interfaces/my_robot_interfaces/action/detail/reach_until__rosidl_typesupport_fastrtps_c.h
[1.809s] -- Up-to-date: /home/parallels/ros2_ws/ROS2_Humble/install/my_robot_interfaces/lib/libmy_robot_interfaces__rosidl_typesupport_fastrtps_c.so
[1.809s] -- Up-to-date: /home/parallels/ros2_ws/ROS2_Humble/install/my_robot_interfaces/include/my_robot_interfaces/my_robot_interfaces
[1.809s] -- Up-to-date: /home/parallels/ros2_ws/ROS2_Humble/install/my_robot_interfaces/include/my_robot_interfaces/my_robot_interfaces/srv
[1.809s] -- Up-to-date: /home/parallels/ros2_ws/ROS2_Humble/install/my_robot_interfaces/include/my_robot_interfaces/my_robot_interfaces/srv/detail
[1.809s] -- Up-to-date: /home/parallels/ros2_ws/ROS2_Humble/install/my_robot_interfaces/include/my_robot_interfaces/my_robot_interfaces/srv/detail/set_led__type_support.c
[1.809s] -- Up-to-date: /home/parallels/ros2_ws/ROS2_Humble/install/my_robot_interfaces/include/my_robot_interfaces/my_robot_interfaces/srv/detail/set_led__rosidl_typesupport_introspection_c.h
[1.809s] -- Up-to-date: /home/parallels/ros2_ws/ROS2_Humble/install/my_robot_interfaces/include/my_robot_interfaces/my_robot_interfaces/srv/detail/compute_rectangle_area__type_support.c
[1.809s] -- Up-to-date: /home/parallels/ros2_ws/ROS2_Humble/install/my_robot_interfaces/include/my_robot_interfaces/my_robot_interfaces/srv/detail/catch__type_support.c
[1.809s] -- Up-to-date: /home/parallels/ros2_ws/ROS2_Humble/install/my_robot_interfaces/include/my_robot_interfaces/my_robot_interfaces/srv/detail/compute_rectangle_area__rosidl_typesupport_introspection_c.h
[1.809s] -- Up-to-date: /home/parallels/ros2_ws/ROS2_Humble/install/my_robot_interfaces/include/my_robot_interfaces/my_robot_interfaces/srv/detail/catch__rosidl_typesupport_introspection_c.h
[1.809s] -- Up-to-date: /home/parallels/ros2_ws/ROS2_Humble/install/my_robot_interfaces/include/my_robot_interfaces/my_robot_interfaces/msg
[1.809s] -- Up-to-date: /home/parallels/ros2_ws/ROS2_Humble/install/my_robot_interfaces/include/my_robot_interfaces/my_robot_interfaces/msg/rosidl_typesupport_introspection_c__visibility_control.h
[1.809s] -- Up-to-date: /home/parallels/ros2_ws/ROS2_Humble/install/my_robot_interfaces/include/my_robot_interfaces/my_robot_interfaces/msg/detail
[1.809s] -- Up-to-date: /home/parallels/ros2_ws/ROS2_Humble/install/my_robot_interfaces/include/my_robot_interfaces/my_robot_interfaces/msg/detail/led_states__rosidl_typesupport_introspection_c.h
[1.809s] -- Up-to-date: /home/parallels/ros2_ws/ROS2_Humble/install/my_robot_interfaces/include/my_robot_interfaces/my_robot_interfaces/msg/detail/turtle__type_support.c
[1.809s] -- Up-to-date: /home/parallels/ros2_ws/ROS2_Humble/install/my_robot_interfaces/include/my_robot_interfaces/my_robot_interfaces/msg/detail/hardware_status__rosidl_typesupport_introspection_c.h
[1.809s] -- Up-to-date: /home/parallels/ros2_ws/ROS2_Humble/install/my_robot_interfaces/include/my_robot_interfaces/my_robot_interfaces/msg/detail/led_states__type_support.c
[1.809s] -- Up-to-date: /home/parallels/ros2_ws/ROS2_Humble/install/my_robot_interfaces/include/my_robot_interfaces/my_robot_interfaces/msg/detail/turtle_array__type_support.c
[1.809s] -- Up-to-date: /home/parallels/ros2_ws/ROS2_Humble/install/my_robot_interfaces/include/my_robot_interfaces/my_robot_interfaces/msg/detail/hardware_status__type_support.c
[1.809s] -- Up-to-date: /home/parallels/ros2_ws/ROS2_Humble/install/my_robot_interfaces/include/my_robot_interfaces/my_robot_interfaces/msg/detail/turtle_array__rosidl_typesupport_introspection_c.h
[1.809s] -- Up-to-date: /home/parallels/ros2_ws/ROS2_Humble/install/my_robot_interfaces/include/my_robot_interfaces/my_robot_interfaces/msg/detail/turtle__rosidl_typesupport_introspection_c.h
[1.809s] -- Up-to-date: /home/parallels/ros2_ws/ROS2_Humble/install/my_robot_interfaces/include/my_robot_interfaces/my_robot_interfaces/action
[1.809s] -- Up-to-date: /home/parallels/ros2_ws/ROS2_Humble/install/my_robot_interfaces/include/my_robot_interfaces/my_robot_interfaces/action/detail
[1.809s] -- Up-to-date: /home/parallels/ros2_ws/ROS2_Humble/install/my_robot_interfaces/include/my_robot_interfaces/my_robot_interfaces/action/detail/reach_until__rosidl_typesupport_introspection_c.h
[1.809s] -- Up-to-date: /home/parallels/ros2_ws/ROS2_Humble/install/my_robot_interfaces/include/my_robot_interfaces/my_robot_interfaces/action/detail/count_until__rosidl_typesupport_introspection_c.h
[1.809s] -- Up-to-date: /home/parallels/ros2_ws/ROS2_Humble/install/my_robot_interfaces/include/my_robot_interfaces/my_robot_interfaces/action/detail/count_until__type_support.c
[1.809s] -- Up-to-date: /home/parallels/ros2_ws/ROS2_Humble/install/my_robot_interfaces/include/my_robot_interfaces/my_robot_interfaces/action/detail/reach_until__type_support.c
[1.809s] -- Up-to-date: /home/parallels/ros2_ws/ROS2_Humble/install/my_robot_interfaces/lib/libmy_robot_interfaces__rosidl_typesupport_introspection_c.so
[1.809s] -- Up-to-date: /home/parallels/ros2_ws/ROS2_Humble/install/my_robot_interfaces/lib/libmy_robot_interfaces__rosidl_typesupport_c.so
[1.809s] -- Up-to-date: /home/parallels/ros2_ws/ROS2_Humble/install/my_robot_interfaces/include/my_robot_interfaces/my_robot_interfaces
[1.809s] -- Up-to-date: /home/parallels/ros2_ws/ROS2_Humble/install/my_robot_interfaces/include/my_robot_interfaces/my_robot_interfaces/srv
[1.809s] -- Up-to-date: /home/parallels/ros2_ws/ROS2_Humble/install/my_robot_interfaces/include/my_robot_interfaces/my_robot_interfaces/srv/catch.hpp
[1.809s] -- Up-to-date: /home/parallels/ros2_ws/ROS2_Humble/install/my_robot_interfaces/include/my_robot_interfaces/my_robot_interfaces/srv/compute_rectangle_area.hpp
[1.810s] -- Up-to-date: /home/parallels/ros2_ws/ROS2_Humble/install/my_robot_interfaces/include/my_robot_interfaces/my_robot_interfaces/srv/set_led.hpp
[1.810s] -- Up-to-date: /home/parallels/ros2_ws/ROS2_Humble/install/my_robot_interfaces/include/my_robot_interfaces/my_robot_interfaces/srv/detail
[1.810s] -- Up-to-date: /home/parallels/ros2_ws/ROS2_Humble/install/my_robot_interfaces/include/my_robot_interfaces/my_robot_interfaces/srv/detail/catch__traits.hpp
[1.810s] -- Up-to-date: /home/parallels/ros2_ws/ROS2_Humble/install/my_robot_interfaces/include/my_robot_interfaces/my_robot_interfaces/srv/detail/compute_rectangle_area__builder.hpp
[1.810s] -- Up-to-date: /home/parallels/ros2_ws/ROS2_Humble/install/my_robot_interfaces/include/my_robot_interfaces/my_robot_interfaces/srv/detail/set_led__struct.hpp
[1.810s] -- Up-to-date: /home/parallels/ros2_ws/ROS2_Humble/install/my_robot_interfaces/include/my_robot_interfaces/my_robot_interfaces/srv/detail/catch__builder.hpp
[1.810s] -- Up-to-date: /home/parallels/ros2_ws/ROS2_Humble/install/my_robot_interfaces/include/my_robot_interfaces/my_robot_interfaces/srv/detail/compute_rectangle_area__struct.hpp
[1.810s] -- Up-to-date: /home/parallels/ros2_ws/ROS2_Humble/install/my_robot_interfaces/include/my_robot_interfaces/my_robot_interfaces/srv/detail/set_led__traits.hpp
[1.810s] -- Up-to-date: /home/parallels/ros2_ws/ROS2_Humble/install/my_robot_interfaces/include/my_robot_interfaces/my_robot_interfaces/srv/detail/catch__struct.hpp
[1.810s] -- Up-to-date: /home/parallels/ros2_ws/ROS2_Humble/install/my_robot_interfaces/include/my_robot_interfaces/my_robot_interfaces/srv/detail/catch__type_support.hpp
[1.810s] -- Up-to-date: /home/parallels/ros2_ws/ROS2_Humble/install/my_robot_interfaces/include/my_robot_interfaces/my_robot_interfaces/srv/detail/compute_rectangle_area__traits.hpp
[1.810s] -- Up-to-date: /home/parallels/ros2_ws/ROS2_Humble/install/my_robot_interfaces/include/my_robot_interfaces/my_robot_interfaces/srv/detail/set_led__type_support.hpp
[1.810s] -- Up-to-date: /home/parallels/ros2_ws/ROS2_Humble/install/my_robot_interfaces/include/my_robot_interfaces/my_robot_interfaces/srv/detail/set_led__builder.hpp
[1.810s] -- Up-to-date: /home/parallels/ros2_ws/ROS2_Humble/install/my_robot_interfaces/include/my_robot_interfaces/my_robot_interfaces/srv/detail/compute_rectangle_area__type_support.hpp
[1.810s] -- Up-to-date: /home/parallels/ros2_ws/ROS2_Humble/install/my_robot_interfaces/include/my_robot_interfaces/my_robot_interfaces/msg
[1.810s] -- Up-to-date: /home/parallels/ros2_ws/ROS2_Humble/install/my_robot_interfaces/include/my_robot_interfaces/my_robot_interfaces/msg/led_states.hpp
[1.810s] -- Up-to-date: /home/parallels/ros2_ws/ROS2_Humble/install/my_robot_interfaces/include/my_robot_interfaces/my_robot_interfaces/msg/rosidl_generator_cpp__visibility_control.hpp
[1.810s] -- Up-to-date: /home/parallels/ros2_ws/ROS2_Humble/install/my_robot_interfaces/include/my_robot_interfaces/my_robot_interfaces/msg/hardware_status.hpp
[1.810s] -- Up-to-date: /home/parallels/ros2_ws/ROS2_Humble/install/my_robot_interfaces/include/my_robot_interfaces/my_robot_interfaces/msg/turtle_array.hpp
[1.810s] -- Up-to-date: /home/parallels/ros2_ws/ROS2_Humble/install/my_robot_interfaces/include/my_robot_interfaces/my_robot_interfaces/msg/turtle.hpp
[1.810s] -- Up-to-date: /home/parallels/ros2_ws/ROS2_Humble/install/my_robot_interfaces/include/my_robot_interfaces/my_robot_interfaces/msg/detail
[1.810s] -- Up-to-date: /home/parallels/ros2_ws/ROS2_Humble/install/my_robot_interfaces/include/my_robot_interfaces/my_robot_interfaces/msg/detail/hardware_status__builder.hpp
[1.810s] -- Up-to-date: /home/parallels/ros2_ws/ROS2_Humble/install/my_robot_interfaces/include/my_robot_interfaces/my_robot_interfaces/msg/detail/led_states__type_support.hpp
[1.810s] -- Up-to-date: /home/parallels/ros2_ws/ROS2_Humble/install/my_robot_interfaces/include/my_robot_interfaces/my_robot_interfaces/msg/detail/turtle__type_support.hpp
[1.810s] -- Up-to-date: /home/parallels/ros2_ws/ROS2_Humble/install/my_robot_interfaces/include/my_robot_interfaces/my_robot_interfaces/msg/detail/turtle__struct.hpp
[1.810s] -- Up-to-date: /home/parallels/ros2_ws/ROS2_Humble/install/my_robot_interfaces/include/my_robot_interfaces/my_robot_interfaces/msg/detail/turtle_array__struct.hpp
[1.810s] -- Up-to-date: /home/parallels/ros2_ws/ROS2_Humble/install/my_robot_interfaces/include/my_robot_interfaces/my_robot_interfaces/msg/detail/turtle_array__traits.hpp
[1.810s] -- Up-to-date: /home/parallels/ros2_ws/ROS2_Humble/install/my_robot_interfaces/include/my_robot_interfaces/my_robot_interfaces/msg/detail/hardware_status__type_support.hpp
[1.810s] -- Up-to-date: /home/parallels/ros2_ws/ROS2_Humble/install/my_robot_interfaces/include/my_robot_interfaces/my_robot_interfaces/msg/detail/led_states__struct.hpp
[1.810s] -- Up-to-date: /home/parallels/ros2_ws/ROS2_Humble/install/my_robot_interfaces/include/my_robot_interfaces/my_robot_interfaces/msg/detail/hardware_status__struct.hpp
[1.810s] -- Up-to-date: /home/parallels/ros2_ws/ROS2_Humble/install/my_robot_interfaces/include/my_robot_interfaces/my_robot_interfaces/msg/detail/turtle_array__builder.hpp
[1.826s] -- Up-to-date: /home/parallels/ros2_ws/ROS2_Humble/install/my_robot_interfaces/include/my_robot_interfaces/my_robot_interfaces/msg/detail/hardware_status__traits.hpp
[1.826s] -- Up-to-date: /home/parallels/ros2_ws/ROS2_Humble/install/my_robot_interfaces/include/my_robot_interfaces/my_robot_interfaces/msg/detail/turtle_array__type_support.hpp
[1.826s] -- Up-to-date: /home/parallels/ros2_ws/ROS2_Humble/install/my_robot_interfaces/include/my_robot_interfaces/my_robot_interfaces/msg/detail/turtle__traits.hpp
[1.827s] -- Up-to-date: /home/parallels/ros2_ws/ROS2_Humble/install/my_robot_interfaces/include/my_robot_interfaces/my_robot_interfaces/msg/detail/led_states__builder.hpp
[1.827s] -- Up-to-date: /home/parallels/ros2_ws/ROS2_Humble/install/my_robot_interfaces/include/my_robot_interfaces/my_robot_interfaces/msg/detail/turtle__builder.hpp
[1.827s] -- Up-to-date: /home/parallels/ros2_ws/ROS2_Humble/install/my_robot_interfaces/include/my_robot_interfaces/my_robot_interfaces/msg/detail/led_states__traits.hpp
[1.827s] -- Up-to-date: /home/parallels/ros2_ws/ROS2_Humble/install/my_robot_interfaces/include/my_robot_interfaces/my_robot_interfaces/action
[1.827s] -- Up-to-date: /home/parallels/ros2_ws/ROS2_Humble/install/my_robot_interfaces/include/my_robot_interfaces/my_robot_interfaces/action/count_until.hpp
[1.827s] -- Up-to-date: /home/parallels/ros2_ws/ROS2_Humble/install/my_robot_interfaces/include/my_robot_interfaces/my_robot_interfaces/action/reach_until.hpp
[1.827s] -- Up-to-date: /home/parallels/ros2_ws/ROS2_Humble/install/my_robot_interfaces/include/my_robot_interfaces/my_robot_interfaces/action/detail
[1.827s] -- Up-to-date: /home/parallels/ros2_ws/ROS2_Humble/install/my_robot_interfaces/include/my_robot_interfaces/my_robot_interfaces/action/detail/count_until__struct.hpp
[1.827s] -- Up-to-date: /home/parallels/ros2_ws/ROS2_Humble/install/my_robot_interfaces/include/my_robot_interfaces/my_robot_interfaces/action/detail/count_until__builder.hpp
[1.827s] -- Up-to-date: /home/parallels/ros2_ws/ROS2_Humble/install/my_robot_interfaces/include/my_robot_interfaces/my_robot_interfaces/action/detail/count_until__type_support.hpp
[1.827s] -- Up-to-date: /home/parallels/ros2_ws/ROS2_Humble/install/my_robot_interfaces/include/my_robot_interfaces/my_robot_interfaces/action/detail/count_until__traits.hpp
[1.827s] -- Up-to-date: /home/parallels/ros2_ws/ROS2_Humble/install/my_robot_interfaces/include/my_robot_interfaces/my_robot_interfaces/action/detail/reach_until__struct.hpp
[1.832s] -- Up-to-date: /home/parallels/ros2_ws/ROS2_Humble/install/my_robot_interfaces/include/my_robot_interfaces/my_robot_interfaces/action/detail/reach_until__builder.hpp
[1.832s] -- Up-to-date: /home/parallels/ros2_ws/ROS2_Humble/install/my_robot_interfaces/include/my_robot_interfaces/my_robot_interfaces/action/detail/reach_until__type_support.hpp
[1.832s] -- Up-to-date: /home/parallels/ros2_ws/ROS2_Humble/install/my_robot_interfaces/include/my_robot_interfaces/my_robot_interfaces/action/detail/reach_until__traits.hpp
[1.832s] -- Up-to-date: /home/parallels/ros2_ws/ROS2_Humble/install/my_robot_interfaces/include/my_robot_interfaces/my_robot_interfaces
[1.832s] -- Up-to-date: /home/parallels/ros2_ws/ROS2_Humble/install/my_robot_interfaces/include/my_robot_interfaces/my_robot_interfaces/srv
[1.832s] -- Up-to-date: /home/parallels/ros2_ws/ROS2_Humble/install/my_robot_interfaces/include/my_robot_interfaces/my_robot_interfaces/srv/detail
[1.832s] -- Up-to-date: /home/parallels/ros2_ws/ROS2_Humble/install/my_robot_interfaces/include/my_robot_interfaces/my_robot_interfaces/srv/detail/compute_rectangle_area__rosidl_typesupport_fastrtps_cpp.hpp
[1.832s] -- Up-to-date: /home/parallels/ros2_ws/ROS2_Humble/install/my_robot_interfaces/include/my_robot_interfaces/my_robot_interfaces/srv/detail/set_led__rosidl_typesupport_fastrtps_cpp.hpp
[1.832s] -- Up-to-date: /home/parallels/ros2_ws/ROS2_Humble/install/my_robot_interfaces/include/my_robot_interfaces/my_robot_interfaces/srv/detail/catch__rosidl_typesupport_fastrtps_cpp.hpp
[1.832s] -- Up-to-date: /home/parallels/ros2_ws/ROS2_Humble/install/my_robot_interfaces/include/my_robot_interfaces/my_robot_interfaces/srv/detail/dds_fastrtps
[1.832s] -- Up-to-date: /home/parallels/ros2_ws/ROS2_Humble/install/my_robot_interfaces/include/my_robot_interfaces/my_robot_interfaces/msg
[1.832s] -- Up-to-date: /home/parallels/ros2_ws/ROS2_Humble/install/my_robot_interfaces/include/my_robot_interfaces/my_robot_interfaces/msg/rosidl_typesupport_fastrtps_cpp__visibility_control.h
[1.832s] -- Up-to-date: /home/parallels/ros2_ws/ROS2_Humble/install/my_robot_interfaces/include/my_robot_interfaces/my_robot_interfaces/msg/detail
[1.832s] -- Up-to-date: /home/parallels/ros2_ws/ROS2_Humble/install/my_robot_interfaces/include/my_robot_interfaces/my_robot_interfaces/msg/detail/turtle_array__rosidl_typesupport_fastrtps_cpp.hpp
[1.833s] -- Up-to-date: /home/parallels/ros2_ws/ROS2_Humble/install/my_robot_interfaces/include/my_robot_interfaces/my_robot_interfaces/msg/detail/hardware_status__rosidl_typesupport_fastrtps_cpp.hpp
[1.833s] -- Up-to-date: /home/parallels/ros2_ws/ROS2_Humble/install/my_robot_interfaces/include/my_robot_interfaces/my_robot_interfaces/msg/detail/turtle__rosidl_typesupport_fastrtps_cpp.hpp
[1.833s] -- Up-to-date: /home/parallels/ros2_ws/ROS2_Humble/install/my_robot_interfaces/include/my_robot_interfaces/my_robot_interfaces/msg/detail/dds_fastrtps
[1.833s] -- Up-to-date: /home/parallels/ros2_ws/ROS2_Humble/install/my_robot_interfaces/include/my_robot_interfaces/my_robot_interfaces/msg/detail/led_states__rosidl_typesupport_fastrtps_cpp.hpp
[1.833s] -- Up-to-date: /home/parallels/ros2_ws/ROS2_Humble/install/my_robot_interfaces/include/my_robot_interfaces/my_robot_interfaces/action
[1.833s] -- Up-to-date: /home/parallels/ros2_ws/ROS2_Humble/install/my_robot_interfaces/include/my_robot_interfaces/my_robot_interfaces/action/detail
[1.833s] -- Up-to-date: /home/parallels/ros2_ws/ROS2_Humble/install/my_robot_interfaces/include/my_robot_interfaces/my_robot_interfaces/action/detail/count_until__rosidl_typesupport_fastrtps_cpp.hpp
[1.833s] -- Up-to-date: /home/parallels/ros2_ws/ROS2_Humble/install/my_robot_interfaces/include/my_robot_interfaces/my_robot_interfaces/action/detail/reach_until__rosidl_typesupport_fastrtps_cpp.hpp
[1.833s] -- Up-to-date: /home/parallels/ros2_ws/ROS2_Humble/install/my_robot_interfaces/include/my_robot_interfaces/my_robot_interfaces/action/detail/dds_fastrtps
[1.833s] -- Up-to-date: /home/parallels/ros2_ws/ROS2_Humble/install/my_robot_interfaces/lib/libmy_robot_interfaces__rosidl_typesupport_fastrtps_cpp.so
[1.834s] -- Up-to-date: /home/parallels/ros2_ws/ROS2_Humble/install/my_robot_interfaces/include/my_robot_interfaces/my_robot_interfaces
[1.834s] -- Up-to-date: /home/parallels/ros2_ws/ROS2_Humble/install/my_robot_interfaces/include/my_robot_interfaces/my_robot_interfaces/srv
[1.834s] -- Up-to-date: /home/parallels/ros2_ws/ROS2_Humble/install/my_robot_interfaces/include/my_robot_interfaces/my_robot_interfaces/srv/detail
[1.834s] -- Up-to-date: /home/parallels/ros2_ws/ROS2_Humble/install/my_robot_interfaces/include/my_robot_interfaces/my_robot_interfaces/srv/detail/compute_rectangle_area__rosidl_typesupport_introspection_cpp.hpp
[1.834s] -- Up-to-date: /home/parallels/ros2_ws/ROS2_Humble/install/my_robot_interfaces/include/my_robot_interfaces/my_robot_interfaces/srv/detail/set_led__type_support.cpp
[1.834s] -- Up-to-date: /home/parallels/ros2_ws/ROS2_Humble/install/my_robot_interfaces/include/my_robot_interfaces/my_robot_interfaces/srv/detail/compute_rectangle_area__type_support.cpp
[1.834s] -- Up-to-date: /home/parallels/ros2_ws/ROS2_Humble/install/my_robot_interfaces/include/my_robot_interfaces/my_robot_interfaces/srv/detail/set_led__rosidl_typesupport_introspection_cpp.hpp
[1.834s] -- Up-to-date: /home/parallels/ros2_ws/ROS2_Humble/install/my_robot_interfaces/include/my_robot_interfaces/my_robot_interfaces/srv/detail/catch__type_support.cpp
[1.834s] -- Up-to-date: /home/parallels/ros2_ws/ROS2_Humble/install/my_robot_interfaces/include/my_robot_interfaces/my_robot_interfaces/srv/detail/catch__rosidl_typesupport_introspection_cpp.hpp
[1.834s] -- Up-to-date: /home/parallels/ros2_ws/ROS2_Humble/install/my_robot_interfaces/include/my_robot_interfaces/my_robot_interfaces/msg
[1.834s] -- Up-to-date: /home/parallels/ros2_ws/ROS2_Humble/install/my_robot_interfaces/include/my_robot_interfaces/my_robot_interfaces/msg/detail
[1.834s] -- Up-to-date: /home/parallels/ros2_ws/ROS2_Humble/install/my_robot_interfaces/include/my_robot_interfaces/my_robot_interfaces/msg/detail/led_states__type_support.cpp
[1.835s] -- Up-to-date: /home/parallels/ros2_ws/ROS2_Humble/install/my_robot_interfaces/include/my_robot_interfaces/my_robot_interfaces/msg/detail/turtle_array__rosidl_typesupport_introspection_cpp.hpp
[1.835s] -- Up-to-date: /home/parallels/ros2_ws/ROS2_Humble/install/my_robot_interfaces/include/my_robot_interfaces/my_robot_interfaces/msg/detail/turtle__type_support.cpp
[1.835s] -- Up-to-date: /home/parallels/ros2_ws/ROS2_Humble/install/my_robot_interfaces/include/my_robot_interfaces/my_robot_interfaces/msg/detail/turtle__rosidl_typesupport_introspection_cpp.hpp
[1.835s] -- Up-to-date: /home/parallels/ros2_ws/ROS2_Humble/install/my_robot_interfaces/include/my_robot_interfaces/my_robot_interfaces/msg/detail/turtle_array__type_support.cpp
[1.835s] -- Up-to-date: /home/parallels/ros2_ws/ROS2_Humble/install/my_robot_interfaces/include/my_robot_interfaces/my_robot_interfaces/msg/detail/hardware_status__type_support.cpp
[1.835s] -- Up-to-date: /home/parallels/ros2_ws/ROS2_Humble/install/my_robot_interfaces/include/my_robot_interfaces/my_robot_interfaces/msg/detail/led_states__rosidl_typesupport_introspection_cpp.hpp
[1.835s] -- Up-to-date: /home/parallels/ros2_ws/ROS2_Humble/install/my_robot_interfaces/include/my_robot_interfaces/my_robot_interfaces/msg/detail/hardware_status__rosidl_typesupport_introspection_cpp.hpp
[1.835s] -- Up-to-date: /home/parallels/ros2_ws/ROS2_Humble/install/my_robot_interfaces/include/my_robot_interfaces/my_robot_interfaces/action
[1.835s] -- Up-to-date: /home/parallels/ros2_ws/ROS2_Humble/install/my_robot_interfaces/include/my_robot_interfaces/my_robot_interfaces/action/detail
[1.835s] -- Up-to-date: /home/parallels/ros2_ws/ROS2_Humble/install/my_robot_interfaces/include/my_robot_interfaces/my_robot_interfaces/action/detail/count_until__type_support.cpp
[1.835s] -- Up-to-date: /home/parallels/ros2_ws/ROS2_Humble/install/my_robot_interfaces/include/my_robot_interfaces/my_robot_interfaces/action/detail/reach_until__rosidl_typesupport_introspection_cpp.hpp
[1.835s] -- Up-to-date: /home/parallels/ros2_ws/ROS2_Humble/install/my_robot_interfaces/include/my_robot_interfaces/my_robot_interfaces/action/detail/reach_until__type_support.cpp
[1.835s] -- Up-to-date: /home/parallels/ros2_ws/ROS2_Humble/install/my_robot_interfaces/include/my_robot_interfaces/my_robot_interfaces/action/detail/count_until__rosidl_typesupport_introspection_cpp.hpp
[1.835s] -- Up-to-date: /home/parallels/ros2_ws/ROS2_Humble/install/my_robot_interfaces/lib/libmy_robot_interfaces__rosidl_typesupport_introspection_cpp.so
[1.835s] -- Up-to-date: /home/parallels/ros2_ws/ROS2_Humble/install/my_robot_interfaces/lib/libmy_robot_interfaces__rosidl_typesupport_cpp.so
[1.835s] -- Up-to-date: /home/parallels/ros2_ws/ROS2_Humble/install/my_robot_interfaces/share/my_robot_interfaces/environment/pythonpath.sh
[1.835s] -- Installing: /home/parallels/ros2_ws/ROS2_Humble/install/my_robot_interfaces/share/my_robot_interfaces/environment/pythonpath.dsv
[1.835s] -- Up-to-date: /home/parallels/ros2_ws/ROS2_Humble/install/my_robot_interfaces/local/lib/python3.10/dist-packages/my_robot_interfaces-0.0.0-py3.10.egg-info
[1.835s] -- Installing: /home/parallels/ros2_ws/ROS2_Humble/install/my_robot_interfaces/local/lib/python3.10/dist-packages/my_robot_interfaces-0.0.0-py3.10.egg-info/PKG-INFO
[1.835s] -- Installing: /home/parallels/ros2_ws/ROS2_Humble/install/my_robot_interfaces/local/lib/python3.10/dist-packages/my_robot_interfaces-0.0.0-py3.10.egg-info/SOURCES.txt
[1.835s] -- Installing: /home/parallels/ros2_ws/ROS2_Humble/install/my_robot_interfaces/local/lib/python3.10/dist-packages/my_robot_interfaces-0.0.0-py3.10.egg-info/top_level.txt
[1.835s] -- Installing: /home/parallels/ros2_ws/ROS2_Humble/install/my_robot_interfaces/local/lib/python3.10/dist-packages/my_robot_interfaces-0.0.0-py3.10.egg-info/dependency_links.txt
[1.835s] -- Up-to-date: /home/parallels/ros2_ws/ROS2_Humble/install/my_robot_interfaces/local/lib/python3.10/dist-packages/my_robot_interfaces
[1.835s] -- Up-to-date: /home/parallels/ros2_ws/ROS2_Humble/install/my_robot_interfaces/local/lib/python3.10/dist-packages/my_robot_interfaces/my_robot_interfaces_s__rosidl_typesupport_fastrtps_c.cpython-310-aarch64-linux-gnu.so
[1.835s] -- Up-to-date: /home/parallels/ros2_ws/ROS2_Humble/install/my_robot_interfaces/local/lib/python3.10/dist-packages/my_robot_interfaces/_my_robot_interfaces_s.ep.rosidl_typesupport_introspection_c.c
[1.835s] -- Up-to-date: /home/parallels/ros2_ws/ROS2_Humble/install/my_robot_interfaces/local/lib/python3.10/dist-packages/my_robot_interfaces/_my_robot_interfaces_s.ep.rosidl_typesupport_fastrtps_c.c
[1.835s] -- Up-to-date: /home/parallels/ros2_ws/ROS2_Humble/install/my_robot_interfaces/local/lib/python3.10/dist-packages/my_robot_interfaces/my_robot_interfaces_s__rosidl_typesupport_introspection_c.cpython-310-aarch64-linux-gnu.so
[1.835s] -- Installing: /home/parallels/ros2_ws/ROS2_Humble/install/my_robot_interfaces/local/lib/python3.10/dist-packages/my_robot_interfaces/__init__.py
[1.835s] -- Up-to-date: /home/parallels/ros2_ws/ROS2_Humble/install/my_robot_interfaces/local/lib/python3.10/dist-packages/my_robot_interfaces/my_robot_interfaces_s__rosidl_typesupport_c.cpython-310-aarch64-linux-gnu.so
[1.835s] -- Up-to-date: /home/parallels/ros2_ws/ROS2_Humble/install/my_robot_interfaces/local/lib/python3.10/dist-packages/my_robot_interfaces/srv
[1.835s] -- Up-to-date: /home/parallels/ros2_ws/ROS2_Humble/install/my_robot_interfaces/local/lib/python3.10/dist-packages/my_robot_interfaces/srv/_catch.py
[1.835s] -- Up-to-date: /home/parallels/ros2_ws/ROS2_Humble/install/my_robot_interfaces/local/lib/python3.10/dist-packages/my_robot_interfaces/srv/_compute_rectangle_area.py
[1.836s] -- Up-to-date: /home/parallels/ros2_ws/ROS2_Humble/install/my_robot_interfaces/local/lib/python3.10/dist-packages/my_robot_interfaces/srv/__init__.py
[1.836s] -- Up-to-date: /home/parallels/ros2_ws/ROS2_Humble/install/my_robot_interfaces/local/lib/python3.10/dist-packages/my_robot_interfaces/srv/_set_led.py
[1.836s] -- Up-to-date: /home/parallels/ros2_ws/ROS2_Humble/install/my_robot_interfaces/local/lib/python3.10/dist-packages/my_robot_interfaces/srv/_set_led_s.c
[1.836s] -- Up-to-date: /home/parallels/ros2_ws/ROS2_Humble/install/my_robot_interfaces/local/lib/python3.10/dist-packages/my_robot_interfaces/srv/_catch_s.c
[1.836s] -- Up-to-date: /home/parallels/ros2_ws/ROS2_Humble/install/my_robot_interfaces/local/lib/python3.10/dist-packages/my_robot_interfaces/srv/_compute_rectangle_area_s.c
[1.836s] -- Up-to-date: /home/parallels/ros2_ws/ROS2_Humble/install/my_robot_interfaces/local/lib/python3.10/dist-packages/my_robot_interfaces/msg
[1.836s] -- Up-to-date: /home/parallels/ros2_ws/ROS2_Humble/install/my_robot_interfaces/local/lib/python3.10/dist-packages/my_robot_interfaces/msg/_led_states.py
[1.836s] -- Up-to-date: /home/parallels/ros2_ws/ROS2_Humble/install/my_robot_interfaces/local/lib/python3.10/dist-packages/my_robot_interfaces/msg/_hardware_status_s.c
[1.836s] -- Up-to-date: /home/parallels/ros2_ws/ROS2_Humble/install/my_robot_interfaces/local/lib/python3.10/dist-packages/my_robot_interfaces/msg/__init__.py
[1.836s] -- Up-to-date: /home/parallels/ros2_ws/ROS2_Humble/install/my_robot_interfaces/local/lib/python3.10/dist-packages/my_robot_interfaces/msg/_turtle.py
[1.836s] -- Up-to-date: /home/parallels/ros2_ws/ROS2_Humble/install/my_robot_interfaces/local/lib/python3.10/dist-packages/my_robot_interfaces/msg/_turtle_s.c
[1.836s] -- Up-to-date: /home/parallels/ros2_ws/ROS2_Humble/install/my_robot_interfaces/local/lib/python3.10/dist-packages/my_robot_interfaces/msg/_hardware_status.py
[1.836s] -- Up-to-date: /home/parallels/ros2_ws/ROS2_Humble/install/my_robot_interfaces/local/lib/python3.10/dist-packages/my_robot_interfaces/msg/_turtle_array_s.c
[1.836s] -- Up-to-date: /home/parallels/ros2_ws/ROS2_Humble/install/my_robot_interfaces/local/lib/python3.10/dist-packages/my_robot_interfaces/msg/_led_states_s.c
[1.836s] -- Up-to-date: /home/parallels/ros2_ws/ROS2_Humble/install/my_robot_interfaces/local/lib/python3.10/dist-packages/my_robot_interfaces/msg/_turtle_array.py
[1.836s] -- Up-to-date: /home/parallels/ros2_ws/ROS2_Humble/install/my_robot_interfaces/local/lib/python3.10/dist-packages/my_robot_interfaces/libmy_robot_interfaces__rosidl_generator_py.so
[1.836s] -- Up-to-date: /home/parallels/ros2_ws/ROS2_Humble/install/my_robot_interfaces/local/lib/python3.10/dist-packages/my_robot_interfaces/_my_robot_interfaces_s.ep.rosidl_typesupport_c.c
[1.836s] -- Up-to-date: /home/parallels/ros2_ws/ROS2_Humble/install/my_robot_interfaces/local/lib/python3.10/dist-packages/my_robot_interfaces/action
[1.836s] -- Up-to-date: /home/parallels/ros2_ws/ROS2_Humble/install/my_robot_interfaces/local/lib/python3.10/dist-packages/my_robot_interfaces/action/_count_until_s.c
[1.836s] -- Up-to-date: /home/parallels/ros2_ws/ROS2_Humble/install/my_robot_interfaces/local/lib/python3.10/dist-packages/my_robot_interfaces/action/__init__.py
[1.836s] -- Up-to-date: /home/parallels/ros2_ws/ROS2_Humble/install/my_robot_interfaces/local/lib/python3.10/dist-packages/my_robot_interfaces/action/_reach_until.py
[1.836s] -- Up-to-date: /home/parallels/ros2_ws/ROS2_Humble/install/my_robot_interfaces/local/lib/python3.10/dist-packages/my_robot_interfaces/action/_count_until.py
[1.836s] -- Up-to-date: /home/parallels/ros2_ws/ROS2_Humble/install/my_robot_interfaces/local/lib/python3.10/dist-packages/my_robot_interfaces/action/_reach_until_s.c
[1.856s] Listing '/home/parallels/ros2_ws/ROS2_Humble/install/my_robot_interfaces/local/lib/python3.10/dist-packages/my_robot_interfaces'...
[1.856s] Compiling '/home/parallels/ros2_ws/ROS2_Humble/install/my_robot_interfaces/local/lib/python3.10/dist-packages/my_robot_interfaces/__init__.py'...
[1.856s] Listing '/home/parallels/ros2_ws/ROS2_Humble/install/my_robot_interfaces/local/lib/python3.10/dist-packages/my_robot_interfaces/action'...
[1.856s] Listing '/home/parallels/ros2_ws/ROS2_Humble/install/my_robot_interfaces/local/lib/python3.10/dist-packages/my_robot_interfaces/msg'...
[1.857s] Listing '/home/parallels/ros2_ws/ROS2_Humble/install/my_robot_interfaces/local/lib/python3.10/dist-packages/my_robot_interfaces/srv'...
[1.857s] -- Up-to-date: /home/parallels/ros2_ws/ROS2_Humble/install/my_robot_interfaces/local/lib/python3.10/dist-packages/my_robot_interfaces/my_robot_interfaces_s__rosidl_typesupport_fastrtps_c.cpython-310-aarch64-linux-gnu.so
[1.857s] -- Up-to-date: /home/parallels/ros2_ws/ROS2_Humble/install/my_robot_interfaces/local/lib/python3.10/dist-packages/my_robot_interfaces/my_robot_interfaces_s__rosidl_typesupport_introspection_c.cpython-310-aarch64-linux-gnu.so
[1.857s] -- Up-to-date: /home/parallels/ros2_ws/ROS2_Humble/install/my_robot_interfaces/local/lib/python3.10/dist-packages/my_robot_interfaces/my_robot_interfaces_s__rosidl_typesupport_c.cpython-310-aarch64-linux-gnu.so
[1.857s] -- Up-to-date: /home/parallels/ros2_ws/ROS2_Humble/install/my_robot_interfaces/lib/libmy_robot_interfaces__rosidl_generator_py.so
[1.857s] -- Up-to-date: /home/parallels/ros2_ws/ROS2_Humble/install/my_robot_interfaces/share/my_robot_interfaces/msg/HardwareStatus.idl
[1.857s] -- Up-to-date: /home/parallels/ros2_ws/ROS2_Humble/install/my_robot_interfaces/share/my_robot_interfaces/msg/LedStates.idl
[1.857s] -- Up-to-date: /home/parallels/ros2_ws/ROS2_Humble/install/my_robot_interfaces/share/my_robot_interfaces/msg/Turtle.idl
[1.857s] -- Up-to-date: /home/parallels/ros2_ws/ROS2_Humble/install/my_robot_interfaces/share/my_robot_interfaces/msg/TurtleArray.idl
[1.857s] -- Up-to-date: /home/parallels/ros2_ws/ROS2_Humble/install/my_robot_interfaces/share/my_robot_interfaces/srv/ComputeRectangleArea.idl
[1.858s] -- Up-to-date: /home/parallels/ros2_ws/ROS2_Humble/install/my_robot_interfaces/share/my_robot_interfaces/srv/SetLED.idl
[1.858s] -- Up-to-date: /home/parallels/ros2_ws/ROS2_Humble/install/my_robot_interfaces/share/my_robot_interfaces/srv/Catch.idl
[1.858s] -- Up-to-date: /home/parallels/ros2_ws/ROS2_Humble/install/my_robot_interfaces/share/my_robot_interfaces/action/CountUntil.idl
[1.858s] -- Up-to-date: /home/parallels/ros2_ws/ROS2_Humble/install/my_robot_interfaces/share/my_robot_interfaces/action/ReachUntil.idl
[1.858s] -- Up-to-date: /home/parallels/ros2_ws/ROS2_Humble/install/my_robot_interfaces/share/my_robot_interfaces/msg/HardwareStatus.msg
[1.858s] -- Up-to-date: /home/parallels/ros2_ws/ROS2_Humble/install/my_robot_interfaces/share/my_robot_interfaces/msg/LedStates.msg
[1.858s] -- Up-to-date: /home/parallels/ros2_ws/ROS2_Humble/install/my_robot_interfaces/share/my_robot_interfaces/msg/Turtle.msg
[1.858s] -- Up-to-date: /home/parallels/ros2_ws/ROS2_Humble/install/my_robot_interfaces/share/my_robot_interfaces/msg/TurtleArray.msg
[1.858s] -- Up-to-date: /home/parallels/ros2_ws/ROS2_Humble/install/my_robot_interfaces/share/my_robot_interfaces/srv/ComputeRectangleArea.srv
[1.858s] -- Up-to-date: /home/parallels/ros2_ws/ROS2_Humble/install/my_robot_interfaces/share/my_robot_interfaces/srv/ComputeRectangleArea_Request.msg
[1.858s] -- Up-to-date: /home/parallels/ros2_ws/ROS2_Humble/install/my_robot_interfaces/share/my_robot_interfaces/srv/ComputeRectangleArea_Response.msg
[1.858s] -- Up-to-date: /home/parallels/ros2_ws/ROS2_Humble/install/my_robot_interfaces/share/my_robot_interfaces/srv/SetLED.srv
[1.858s] -- Up-to-date: /home/parallels/ros2_ws/ROS2_Humble/install/my_robot_interfaces/share/my_robot_interfaces/srv/SetLED_Request.msg
[1.858s] -- Up-to-date: /home/parallels/ros2_ws/ROS2_Humble/install/my_robot_interfaces/share/my_robot_interfaces/srv/SetLED_Response.msg
[1.858s] -- Up-to-date: /home/parallels/ros2_ws/ROS2_Humble/install/my_robot_interfaces/share/my_robot_interfaces/srv/Catch.srv
[1.858s] -- Up-to-date: /home/parallels/ros2_ws/ROS2_Humble/install/my_robot_interfaces/share/my_robot_interfaces/srv/Catch_Request.msg
[1.858s] -- Up-to-date: /home/parallels/ros2_ws/ROS2_Humble/install/my_robot_interfaces/share/my_robot_interfaces/srv/Catch_Response.msg
[1.858s] -- Up-to-date: /home/parallels/ros2_ws/ROS2_Humble/install/my_robot_interfaces/share/my_robot_interfaces/action/CountUntil.action
[1.858s] -- Up-to-date: /home/parallels/ros2_ws/ROS2_Humble/install/my_robot_interfaces/share/my_robot_interfaces/action/ReachUntil.action
[1.858s] -- Up-to-date: /home/parallels/ros2_ws/ROS2_Humble/install/my_robot_interfaces/share/ament_index/resource_index/package_run_dependencies/my_robot_interfaces
[1.858s] -- Up-to-date: /home/parallels/ros2_ws/ROS2_Humble/install/my_robot_interfaces/share/ament_index/resource_index/parent_prefix_path/my_robot_interfaces
[1.858s] -- Up-to-date: /home/parallels/ros2_ws/ROS2_Humble/install/my_robot_interfaces/share/my_robot_interfaces/environment/ament_prefix_path.sh
[1.858s] -- Installing: /home/parallels/ros2_ws/ROS2_Humble/install/my_robot_interfaces/share/my_robot_interfaces/environment/ament_prefix_path.dsv
[1.858s] -- Up-to-date: /home/parallels/ros2_ws/ROS2_Humble/install/my_robot_interfaces/share/my_robot_interfaces/environment/path.sh
[1.858s] -- Installing: /home/parallels/ros2_ws/ROS2_Humble/install/my_robot_interfaces/share/my_robot_interfaces/environment/path.dsv
[1.858s] -- Up-to-date: /home/parallels/ros2_ws/ROS2_Humble/install/my_robot_interfaces/share/my_robot_interfaces/local_setup.bash
[1.858s] -- Up-to-date: /home/parallels/ros2_ws/ROS2_Humble/install/my_robot_interfaces/share/my_robot_interfaces/local_setup.sh
[1.858s] -- Up-to-date: /home/parallels/ros2_ws/ROS2_Humble/install/my_robot_interfaces/share/my_robot_interfaces/local_setup.zsh
[1.858s] -- Installing: /home/parallels/ros2_ws/ROS2_Humble/install/my_robot_interfaces/share/my_robot_interfaces/local_setup.dsv
[1.858s] -- Installing: /home/parallels/ros2_ws/ROS2_Humble/install/my_robot_interfaces/share/my_robot_interfaces/package.dsv
[1.858s] -- Up-to-date: /home/parallels/ros2_ws/ROS2_Humble/install/my_robot_interfaces/share/ament_index/resource_index/packages/my_robot_interfaces
[1.858s] -- Up-to-date: /home/parallels/ros2_ws/ROS2_Humble/install/my_robot_interfaces/share/my_robot_interfaces/cmake/export_my_robot_interfaces__rosidl_generator_cExport.cmake
[1.858s] -- Up-to-date: /home/parallels/ros2_ws/ROS2_Humble/install/my_robot_interfaces/share/my_robot_interfaces/cmake/export_my_robot_interfaces__rosidl_generator_cExport-noconfig.cmake
[1.858s] -- Up-to-date: /home/parallels/ros2_ws/ROS2_Humble/install/my_robot_interfaces/share/my_robot_interfaces/cmake/export_my_robot_interfaces__rosidl_typesupport_fastrtps_cExport.cmake
[1.858s] -- Up-to-date: /home/parallels/ros2_ws/ROS2_Humble/install/my_robot_interfaces/share/my_robot_interfaces/cmake/export_my_robot_interfaces__rosidl_typesupport_fastrtps_cExport-noconfig.cmake
[1.858s] -- Up-to-date: /home/parallels/ros2_ws/ROS2_Humble/install/my_robot_interfaces/share/my_robot_interfaces/cmake/my_robot_interfaces__rosidl_typesupport_introspection_cExport.cmake
[1.858s] -- Up-to-date: /home/parallels/ros2_ws/ROS2_Humble/install/my_robot_interfaces/share/my_robot_interfaces/cmake/my_robot_interfaces__rosidl_typesupport_introspection_cExport-noconfig.cmake
[1.860s] -- Up-to-date: /home/parallels/ros2_ws/ROS2_Humble/install/my_robot_interfaces/share/my_robot_interfaces/cmake/my_robot_interfaces__rosidl_typesupport_cExport.cmake
[1.860s] -- Up-to-date: /home/parallels/ros2_ws/ROS2_Humble/install/my_robot_interfaces/share/my_robot_interfaces/cmake/my_robot_interfaces__rosidl_typesupport_cExport-noconfig.cmake
[1.860s] -- Up-to-date: /home/parallels/ros2_ws/ROS2_Humble/install/my_robot_interfaces/share/my_robot_interfaces/cmake/export_my_robot_interfaces__rosidl_generator_cppExport.cmake
[1.860s] -- Up-to-date: /home/parallels/ros2_ws/ROS2_Humble/install/my_robot_interfaces/share/my_robot_interfaces/cmake/export_my_robot_interfaces__rosidl_typesupport_fastrtps_cppExport.cmake
[1.860s] -- Up-to-date: /home/parallels/ros2_ws/ROS2_Humble/install/my_robot_interfaces/share/my_robot_interfaces/cmake/export_my_robot_interfaces__rosidl_typesupport_fastrtps_cppExport-noconfig.cmake
[1.860s] -- Up-to-date: /home/parallels/ros2_ws/ROS2_Humble/install/my_robot_interfaces/share/my_robot_interfaces/cmake/my_robot_interfaces__rosidl_typesupport_introspection_cppExport.cmake
[1.860s] -- Up-to-date: /home/parallels/ros2_ws/ROS2_Humble/install/my_robot_interfaces/share/my_robot_interfaces/cmake/my_robot_interfaces__rosidl_typesupport_introspection_cppExport-noconfig.cmake
[1.860s] -- Up-to-date: /home/parallels/ros2_ws/ROS2_Humble/install/my_robot_interfaces/share/my_robot_interfaces/cmake/my_robot_interfaces__rosidl_typesupport_cppExport.cmake
[1.860s] -- Up-to-date: /home/parallels/ros2_ws/ROS2_Humble/install/my_robot_interfaces/share/my_robot_interfaces/cmake/my_robot_interfaces__rosidl_typesupport_cppExport-noconfig.cmake
[1.860s] -- Up-to-date: /home/parallels/ros2_ws/ROS2_Humble/install/my_robot_interfaces/share/my_robot_interfaces/cmake/export_my_robot_interfaces__rosidl_generator_pyExport.cmake
[1.860s] -- Up-to-date: /home/parallels/ros2_ws/ROS2_Humble/install/my_robot_interfaces/share/my_robot_interfaces/cmake/export_my_robot_interfaces__rosidl_generator_pyExport-noconfig.cmake
[1.860s] -- Up-to-date: /home/parallels/ros2_ws/ROS2_Humble/install/my_robot_interfaces/share/my_robot_interfaces/cmake/rosidl_cmake-extras.cmake
[1.860s] -- Up-to-date: /home/parallels/ros2_ws/ROS2_Humble/install/my_robot_interfaces/share/my_robot_interfaces/cmake/ament_cmake_export_dependencies-extras.cmake
[1.860s] -- Up-to-date: /home/parallels/ros2_ws/ROS2_Humble/install/my_robot_interfaces/share/my_robot_interfaces/cmake/ament_cmake_export_include_directories-extras.cmake
[1.860s] -- Up-to-date: /home/parallels/ros2_ws/ROS2_Humble/install/my_robot_interfaces/share/my_robot_interfaces/cmake/ament_cmake_export_libraries-extras.cmake
[1.860s] -- Up-to-date: /home/parallels/ros2_ws/ROS2_Humble/install/my_robot_interfaces/share/my_robot_interfaces/cmake/ament_cmake_export_targets-extras.cmake
[1.860s] -- Up-to-date: /home/parallels/ros2_ws/ROS2_Humble/install/my_robot_interfaces/share/my_robot_interfaces/cmake/rosidl_cmake_export_typesupport_targets-extras.cmake
[1.860s] -- Up-to-date: /home/parallels/ros2_ws/ROS2_Humble/install/my_robot_interfaces/share/my_robot_interfaces/cmake/rosidl_cmake_export_typesupport_libraries-extras.cmake
[1.860s] -- Up-to-date: /home/parallels/ros2_ws/ROS2_Humble/install/my_robot_interfaces/share/my_robot_interfaces/cmake/my_robot_interfacesConfig.cmake
[1.870s] -- Up-to-date: /home/parallels/ros2_ws/ROS2_Humble/install/my_robot_interfaces/share/my_robot_interfaces/cmake/my_robot_interfacesConfig-version.cmake
[1.870s] -- Up-to-date: /home/parallels/ros2_ws/ROS2_Humble/install/my_robot_interfaces/share/my_robot_interfaces/package.xml
[1.870s] Invoked command in '/home/parallels/ros2_ws/ROS2_Humble/build/my_robot_interfaces' returned '0': CMAKE_PREFIX_PATH=${CMAKE_PREFIX_PATH}:/home/parallels/ros2_humble/install/lifecycle_py:/home/parallels/ros2_ws/install/turtlesim_catch_them_all:/home/parallels/ros2_ws/install/number_counter:/home/parallels/ros2_ws/install/my_py_pkg:/home/parallels/ros2_ws/install/actions_py:/home/parallels/ros2_ws/install/add_two_ints:/opt/ros/humble /usr/bin/cmake --install /home/parallels/ros2_ws/ROS2_Humble/build/my_robot_interfaces
