[0.019s] Invoking command in '/home/parallels/ros2_ws/ROS2_Humble/build/polygon_plugins': CMAKE_PREFIX_PATH=/home/parallels/ros2_ws/ROS2_Humble/install/polygon_base:/home/parallels/ros2_ws/ROS2_Humble/install/turtlecatch_bringup:/home/parallels/ros2_ws/ROS2_Humble/install/polygon_plugins:/home/parallels/ros2_ws/ROS2_Humble/install/my_robot_station_bringup:/home/parallels/ros2_ws/ROS2_Humble/install/my_robot_lifecycle_bringup:/home/parallels/ros2_ws/ROS2_Humble/install/my_robot_bringup:/home/parallels/ros2_ws/ROS2_Humble/install/my_cpp_pkg:/home/parallels/ros2_ws/ROS2_Humble/install/actions_cpp:/home/parallels/ros2_ws/ROS2_Humble/install/my_robot_interfaces:/home/parallels/ros2_ws/ROS2_Humble/install/my_robot_bringup_gazebo:/home/parallels/ros2_ws/ROS2_Humble/install/my_robot_description:/home/parallels/ros2_ws/ROS2_Humble/install/lifecycle_cpp:/home/parallels/ros2_ws/ROS2_Humble/install/add_two_ints_cpp:/usr:/home/parallels/ros2_ws/ROS2_Humble/install/turtlesim_catch_them_all:/home/parallels/ros2_ws/ROS2_Humble/install/number_counter:/home/parallels/ros2_ws/ROS2_Humble/install/my_py_pkg:/home/parallels/ros2_ws/ROS2_Humble/install/actions_py:/home/parallels/ros2_ws/ROS2_Humble/install/lifecycle_py:/home/parallels/ros2_ws/ROS2_Humble/install/add_two_ints:/opt/ros/humble /usr/bin/cmake /home/parallels/ros2_ws/ROS2_Humble/src/polygon_plugins -DCMAKE_INSTALL_PREFIX=/home/parallels/ros2_ws/ROS2_Humble/install/polygon_plugins
[0.062s] -- The C compiler identification is GNU 11.4.0
[0.104s] -- The CXX compiler identification is GNU 11.4.0
[0.108s] -- Detecting C compiler ABI info
[0.163s] -- Detecting C compiler ABI info - done
[0.168s] -- Check for working C compiler: /usr/bin/cc - skipped
[0.168s] -- Detecting C compile features
[0.168s] -- Detecting C compile features - done
[0.169s] -- Detecting CXX compiler ABI info
[0.234s] -- Detecting CXX compiler ABI info - done
[0.238s] -- Check for working CXX compiler: /usr/bin/c++ - skipped
[0.238s] -- Detecting CXX compile features
[0.238s] -- Detecting CXX compile features - done
[0.258s] -- Found ament_cmake: 1.3.11 (/opt/ros/humble/share/ament_cmake/cmake)
[0.418s] -- Found Python3: /usr/bin/python3 (found version "3.10.12") found components: Interpreter 
[0.565s] -- Found ament_cmake_ros: 0.10.0 (/opt/ros/humble/share/ament_cmake_ros/cmake)
[0.588s] -- Found polygon_base: 0.0.0 (/home/parallels/ros2_ws/ROS2_Humble/install/polygon_base/share/polygon_base/cmake)
[0.595s] -- Found pluginlib: 5.1.0 (/opt/ros/humble/share/pluginlib/cmake)
[0.667s] -- Found ament_lint_auto: 0.12.12 (/opt/ros/humble/share/ament_lint_auto/cmake)
[0.749s] -- Added test 'cppcheck' to perform static code analysis on C / C++ code
[0.749s] -- Configured cppcheck include dirs: $<BUILD_INTERFACE:/home/parallels/ros2_ws/ROS2_Humble/src/polygon_plugins/include>
[0.749s] -- Configured cppcheck exclude dirs and/or files: 
[0.750s] -- Added test 'lint_cmake' to check CMake code style
[0.751s] -- Added test 'uncrustify' to check C / C++ code style
[0.751s] -- Configured uncrustify additional arguments: 
[0.751s] -- Added test 'xmllint' to check XML markup files
[0.752s] -- Configuring done
[0.762s] -- Generating done
[0.762s] -- Build files have been written to: /home/parallels/ros2_ws/ROS2_Humble/build/polygon_plugins
[1.203s] Invoked command in '/home/parallels/ros2_ws/ROS2_Humble/build/polygon_plugins' returned '0': CMAKE_PREFIX_PATH=/home/parallels/ros2_ws/ROS2_Humble/install/polygon_base:/home/parallels/ros2_ws/ROS2_Humble/install/turtlecatch_bringup:/home/parallels/ros2_ws/ROS2_Humble/install/polygon_plugins:/home/parallels/ros2_ws/ROS2_Humble/install/my_robot_station_bringup:/home/parallels/ros2_ws/ROS2_Humble/install/my_robot_lifecycle_bringup:/home/parallels/ros2_ws/ROS2_Humble/install/my_robot_bringup:/home/parallels/ros2_ws/ROS2_Humble/install/my_cpp_pkg:/home/parallels/ros2_ws/ROS2_Humble/install/actions_cpp:/home/parallels/ros2_ws/ROS2_Humble/install/my_robot_interfaces:/home/parallels/ros2_ws/ROS2_Humble/install/my_robot_bringup_gazebo:/home/parallels/ros2_ws/ROS2_Humble/install/my_robot_description:/home/parallels/ros2_ws/ROS2_Humble/install/lifecycle_cpp:/home/parallels/ros2_ws/ROS2_Humble/install/add_two_ints_cpp:/usr:/home/parallels/ros2_ws/ROS2_Humble/install/turtlesim_catch_them_all:/home/parallels/ros2_ws/ROS2_Humble/install/number_counter:/home/parallels/ros2_ws/ROS2_Humble/install/my_py_pkg:/home/parallels/ros2_ws/ROS2_Humble/install/actions_py:/home/parallels/ros2_ws/ROS2_Humble/install/lifecycle_py:/home/parallels/ros2_ws/ROS2_Humble/install/add_two_ints:/opt/ros/humble /usr/bin/cmake /home/parallels/ros2_ws/ROS2_Humble/src/polygon_plugins -DCMAKE_INSTALL_PREFIX=/home/parallels/ros2_ws/ROS2_Humble/install/polygon_plugins
[1.205s] Invoking command in '/home/parallels/ros2_ws/ROS2_Humble/build/polygon_plugins': CMAKE_PREFIX_PATH=/home/parallels/ros2_ws/ROS2_Humble/install/polygon_base:/home/parallels/ros2_ws/ROS2_Humble/install/turtlecatch_bringup:/home/parallels/ros2_ws/ROS2_Humble/install/polygon_plugins:/home/parallels/ros2_ws/ROS2_Humble/install/my_robot_station_bringup:/home/parallels/ros2_ws/ROS2_Humble/install/my_robot_lifecycle_bringup:/home/parallels/ros2_ws/ROS2_Humble/install/my_robot_bringup:/home/parallels/ros2_ws/ROS2_Humble/install/my_cpp_pkg:/home/parallels/ros2_ws/ROS2_Humble/install/actions_cpp:/home/parallels/ros2_ws/ROS2_Humble/install/my_robot_interfaces:/home/parallels/ros2_ws/ROS2_Humble/install/my_robot_bringup_gazebo:/home/parallels/ros2_ws/ROS2_Humble/install/my_robot_description:/home/parallels/ros2_ws/ROS2_Humble/install/lifecycle_cpp:/home/parallels/ros2_ws/ROS2_Humble/install/add_two_ints_cpp:/usr:/home/parallels/ros2_ws/ROS2_Humble/install/turtlesim_catch_them_all:/home/parallels/ros2_ws/ROS2_Humble/install/number_counter:/home/parallels/ros2_ws/ROS2_Humble/install/my_py_pkg:/home/parallels/ros2_ws/ROS2_Humble/install/actions_py:/home/parallels/ros2_ws/ROS2_Humble/install/lifecycle_py:/home/parallels/ros2_ws/ROS2_Humble/install/add_two_ints:/opt/ros/humble /usr/bin/cmake --build /home/parallels/ros2_ws/ROS2_Humble/build/polygon_plugins -- -j8 -l8
[1.228s] [35m[1mConsolidate compiler generated dependencies of target polygon_plugins[0m
[1.241s] [100%] Built target polygon_plugins
[1.269s] Invoked command in '/home/parallels/ros2_ws/ROS2_Humble/build/polygon_plugins' returned '0': CMAKE_PREFIX_PATH=/home/parallels/ros2_ws/ROS2_Humble/install/polygon_base:/home/parallels/ros2_ws/ROS2_Humble/install/turtlecatch_bringup:/home/parallels/ros2_ws/ROS2_Humble/install/polygon_plugins:/home/parallels/ros2_ws/ROS2_Humble/install/my_robot_station_bringup:/home/parallels/ros2_ws/ROS2_Humble/install/my_robot_lifecycle_bringup:/home/parallels/ros2_ws/ROS2_Humble/install/my_robot_bringup:/home/parallels/ros2_ws/ROS2_Humble/install/my_cpp_pkg:/home/parallels/ros2_ws/ROS2_Humble/install/actions_cpp:/home/parallels/ros2_ws/ROS2_Humble/install/my_robot_interfaces:/home/parallels/ros2_ws/ROS2_Humble/install/my_robot_bringup_gazebo:/home/parallels/ros2_ws/ROS2_Humble/install/my_robot_description:/home/parallels/ros2_ws/ROS2_Humble/install/lifecycle_cpp:/home/parallels/ros2_ws/ROS2_Humble/install/add_two_ints_cpp:/usr:/home/parallels/ros2_ws/ROS2_Humble/install/turtlesim_catch_them_all:/home/parallels/ros2_ws/ROS2_Humble/install/number_counter:/home/parallels/ros2_ws/ROS2_Humble/install/my_py_pkg:/home/parallels/ros2_ws/ROS2_Humble/install/actions_py:/home/parallels/ros2_ws/ROS2_Humble/install/lifecycle_py:/home/parallels/ros2_ws/ROS2_Humble/install/add_two_ints:/opt/ros/humble /usr/bin/cmake --build /home/parallels/ros2_ws/ROS2_Humble/build/polygon_plugins -- -j8 -l8
[1.271s] Invoking command in '/home/parallels/ros2_ws/ROS2_Humble/build/polygon_plugins': CMAKE_PREFIX_PATH=/home/parallels/ros2_ws/ROS2_Humble/install/polygon_base:/home/parallels/ros2_ws/ROS2_Humble/install/turtlecatch_bringup:/home/parallels/ros2_ws/ROS2_Humble/install/polygon_plugins:/home/parallels/ros2_ws/ROS2_Humble/install/my_robot_station_bringup:/home/parallels/ros2_ws/ROS2_Humble/install/my_robot_lifecycle_bringup:/home/parallels/ros2_ws/ROS2_Humble/install/my_robot_bringup:/home/parallels/ros2_ws/ROS2_Humble/install/my_cpp_pkg:/home/parallels/ros2_ws/ROS2_Humble/install/actions_cpp:/home/parallels/ros2_ws/ROS2_Humble/install/my_robot_interfaces:/home/parallels/ros2_ws/ROS2_Humble/install/my_robot_bringup_gazebo:/home/parallels/ros2_ws/ROS2_Humble/install/my_robot_description:/home/parallels/ros2_ws/ROS2_Humble/install/lifecycle_cpp:/home/parallels/ros2_ws/ROS2_Humble/install/add_two_ints_cpp:/usr:/home/parallels/ros2_ws/ROS2_Humble/install/turtlesim_catch_them_all:/home/parallels/ros2_ws/ROS2_Humble/install/number_counter:/home/parallels/ros2_ws/ROS2_Humble/install/my_py_pkg:/home/parallels/ros2_ws/ROS2_Humble/install/actions_py:/home/parallels/ros2_ws/ROS2_Humble/install/lifecycle_py:/home/parallels/ros2_ws/ROS2_Humble/install/add_two_ints:/opt/ros/humble /usr/bin/cmake --install /home/parallels/ros2_ws/ROS2_Humble/build/polygon_plugins
[1.276s] -- Install configuration: ""
[1.276s] -- Up-to-date: /home/parallels/ros2_ws/ROS2_Humble/install/polygon_plugins/share/polygon_plugins/plugins.xml
[1.276s] -- Up-to-date: /home/parallels/ros2_ws/ROS2_Humble/install/polygon_plugins/include
[1.276s] -- Up-to-date: /home/parallels/ros2_ws/ROS2_Humble/install/polygon_plugins/include/polygon_plugins
[1.276s] -- Up-to-date: /home/parallels/ros2_ws/ROS2_Humble/install/polygon_plugins/include/polygon_plugins/polygon_plugins.hpp
[1.276s] -- Up-to-date: /home/parallels/ros2_ws/ROS2_Humble/install/polygon_plugins/include/polygon_plugins/visibility_control.h
[1.279s] -- Up-to-date: /home/parallels/ros2_ws/ROS2_Humble/install/polygon_plugins/lib/libpolygon_plugins.so
[1.279s] -- Up-to-date: /home/parallels/ros2_ws/ROS2_Humble/install/polygon_plugins/share/polygon_plugins/environment/library_path.sh
[1.279s] -- Installing: /home/parallels/ros2_ws/ROS2_Humble/install/polygon_plugins/share/polygon_plugins/environment/library_path.dsv
[1.279s] -- Up-to-date: /home/parallels/ros2_ws/ROS2_Humble/install/polygon_plugins/share/ament_index/resource_index/package_run_dependencies/polygon_plugins
[1.279s] -- Installing: /home/parallels/ros2_ws/ROS2_Humble/install/polygon_plugins/share/ament_index/resource_index/parent_prefix_path/polygon_plugins
[1.279s] -- Up-to-date: /home/parallels/ros2_ws/ROS2_Humble/install/polygon_plugins/share/polygon_plugins/environment/ament_prefix_path.sh
[1.279s] -- Installing: /home/parallels/ros2_ws/ROS2_Humble/install/polygon_plugins/share/polygon_plugins/environment/ament_prefix_path.dsv
[1.279s] -- Up-to-date: /home/parallels/ros2_ws/ROS2_Humble/install/polygon_plugins/share/polygon_plugins/environment/path.sh
[1.279s] -- Installing: /home/parallels/ros2_ws/ROS2_Humble/install/polygon_plugins/share/polygon_plugins/environment/path.dsv
[1.279s] -- Up-to-date: /home/parallels/ros2_ws/ROS2_Humble/install/polygon_plugins/share/polygon_plugins/local_setup.bash
[1.279s] -- Up-to-date: /home/parallels/ros2_ws/ROS2_Humble/install/polygon_plugins/share/polygon_plugins/local_setup.sh
[1.279s] -- Up-to-date: /home/parallels/ros2_ws/ROS2_Humble/install/polygon_plugins/share/polygon_plugins/local_setup.zsh
[1.279s] -- Installing: /home/parallels/ros2_ws/ROS2_Humble/install/polygon_plugins/share/polygon_plugins/local_setup.dsv
[1.279s] -- Installing: /home/parallels/ros2_ws/ROS2_Humble/install/polygon_plugins/share/polygon_plugins/package.dsv
[1.279s] -- Up-to-date: /home/parallels/ros2_ws/ROS2_Humble/install/polygon_plugins/share/ament_index/resource_index/packages/polygon_plugins
[1.279s] -- Up-to-date: /home/parallels/ros2_ws/ROS2_Humble/install/polygon_plugins/share/ament_index/resource_index/polygon_base__pluginlib__plugin/polygon_plugins
[1.279s] -- Up-to-date: /home/parallels/ros2_ws/ROS2_Humble/install/polygon_plugins/share/polygon_plugins/cmake/export_polygon_pluginsExport.cmake
[1.279s] -- Up-to-date: /home/parallels/ros2_ws/ROS2_Humble/install/polygon_plugins/share/polygon_plugins/cmake/export_polygon_pluginsExport-noconfig.cmake
[1.280s] -- Up-to-date: /home/parallels/ros2_ws/ROS2_Humble/install/polygon_plugins/share/polygon_plugins/cmake/ament_cmake_export_include_directories-extras.cmake
[1.280s] -- Up-to-date: /home/parallels/ros2_ws/ROS2_Humble/install/polygon_plugins/share/polygon_plugins/cmake/ament_cmake_export_libraries-extras.cmake
[1.280s] -- Up-to-date: /home/parallels/ros2_ws/ROS2_Humble/install/polygon_plugins/share/polygon_plugins/cmake/ament_cmake_export_targets-extras.cmake
[1.280s] -- Up-to-date: /home/parallels/ros2_ws/ROS2_Humble/install/polygon_plugins/share/polygon_plugins/cmake/polygon_pluginsConfig.cmake
[1.280s] -- Up-to-date: /home/parallels/ros2_ws/ROS2_Humble/install/polygon_plugins/share/polygon_plugins/cmake/polygon_pluginsConfig-version.cmake
[1.280s] -- Up-to-date: /home/parallels/ros2_ws/ROS2_Humble/install/polygon_plugins/share/polygon_plugins/package.xml
[1.284s] Invoked command in '/home/parallels/ros2_ws/ROS2_Humble/build/polygon_plugins' returned '0': CMAKE_PREFIX_PATH=/home/parallels/ros2_ws/ROS2_Humble/install/polygon_base:/home/parallels/ros2_ws/ROS2_Humble/install/turtlecatch_bringup:/home/parallels/ros2_ws/ROS2_Humble/install/polygon_plugins:/home/parallels/ros2_ws/ROS2_Humble/install/my_robot_station_bringup:/home/parallels/ros2_ws/ROS2_Humble/install/my_robot_lifecycle_bringup:/home/parallels/ros2_ws/ROS2_Humble/install/my_robot_bringup:/home/parallels/ros2_ws/ROS2_Humble/install/my_cpp_pkg:/home/parallels/ros2_ws/ROS2_Humble/install/actions_cpp:/home/parallels/ros2_ws/ROS2_Humble/install/my_robot_interfaces:/home/parallels/ros2_ws/ROS2_Humble/install/my_robot_bringup_gazebo:/home/parallels/ros2_ws/ROS2_Humble/install/my_robot_description:/home/parallels/ros2_ws/ROS2_Humble/install/lifecycle_cpp:/home/parallels/ros2_ws/ROS2_Humble/install/add_two_ints_cpp:/usr:/home/parallels/ros2_ws/ROS2_Humble/install/turtlesim_catch_them_all:/home/parallels/ros2_ws/ROS2_Humble/install/number_counter:/home/parallels/ros2_ws/ROS2_Humble/install/my_py_pkg:/home/parallels/ros2_ws/ROS2_Humble/install/actions_py:/home/parallels/ros2_ws/ROS2_Humble/install/lifecycle_py:/home/parallels/ros2_ws/ROS2_Humble/install/add_two_ints:/opt/ros/humble /usr/bin/cmake --install /home/parallels/ros2_ws/ROS2_Humble/build/polygon_plugins
