[0.007s] Invoking command in '/home/parallels/ros2_ws/build/my_robot_bringup': /usr/bin/cmake /home/parallels/ros2_ws/src/my_robot_bringup -DCMAKE_INSTALL_PREFIX=/home/parallels/ros2_ws/install/my_robot_bringup
[0.087s] -- The C compiler identification is GNU 11.4.0
[0.161s] -- The CXX compiler identification is GNU 11.4.0
[0.170s] -- Detecting C compiler ABI info
[0.209s] -- Detecting C compiler ABI info - done
[0.213s] -- Check for working C compiler: /usr/bin/cc - skipped
[0.213s] -- Detecting C compile features
[0.214s] -- Detecting C compile features - done
[0.216s] -- Detecting CXX compiler ABI info
[0.262s] -- Detecting CXX compiler ABI info - done
[0.266s] -- Check for working CXX compiler: /usr/bin/c++ - skipped
[0.266s] -- Detecting CXX compile features
[0.266s] -- Detecting CXX compile features - done
[0.277s] -- Found ament_cmake: 1.3.10 (/opt/ros/humble/share/ament_cmake/cmake)
[0.374s] -- Found Python3: /usr/bin/python3 (found version "3.10.12") found components: Interpreter 
[0.525s] Error parsing '/home/parallels/ros2_ws/src/my_robot_bringup/package.xml':
[0.549s] Traceback (most recent call last):
[0.550s]   File "/opt/ros/humble/share/ament_cmake_core/cmake/core/package_xml_2_cmake.py", line 150, in <module>
[0.550s]     main()
[0.550s]   File "/opt/ros/humble/share/ament_cmake_core/cmake/core/package_xml_2_cmake.py", line 53, in main
[0.550s]     raise e
[0.550s]   File "/opt/ros/humble/share/ament_cmake_core/cmake/core/package_xml_2_cmake.py", line 49, in main
[0.550s]     package = parse_package_string(
[0.550s]   File "/usr/lib/python3/dist-packages/catkin_pkg/package.py", line 788, in parse_package_string
[0.550s]     pkg.validate(warnings=warnings)
[0.550s]   File "/usr/lib/python3/dist-packages/catkin_pkg/package.py", line 330, in validate
[0.550s]     raise InvalidPackage('\n'.join(errors), self.filename)
[0.550s] catkin_pkg.package.InvalidPackage: Error(s) in package '/home/parallels/ros2_ws/src/my_robot_bringup/package.xml':
[0.550s] Invalid email "idesign0" for person "parallels"
[0.557s] [31mCMake Error at /opt/ros/humble/share/ament_cmake_core/cmake/core/ament_package_xml.cmake:95 (message):
[0.557s]   execute_process(/usr/bin/python3
[0.557s]   /opt/ros/humble/share/ament_cmake_core/cmake/core/package_xml_2_cmake.py
[0.557s]   /home/parallels/ros2_ws/src/my_robot_bringup/package.xml
[0.557s]   /home/parallels/ros2_ws/build/my_robot_bringup/ament_cmake_core/package.cmake)
[0.557s]   returned error code 1
[0.557s] Call Stack (most recent call first):
[0.557s]   /opt/ros/humble/share/ament_cmake_core/cmake/core/ament_package_xml.cmake:49 (_ament_package_xml)
[0.557s]   /opt/ros/humble/share/ament_cmake_core/cmake/core/ament_package.cmake:63 (ament_package_xml)
[0.557s]   CMakeLists.txt:14 (ament_package)
[0.557s] 
[0.557s] [0m
[0.558s] -- Configuring incomplete, errors occurred!
[0.558s] See also "/home/parallels/ros2_ws/build/my_robot_bringup/CMakeFiles/CMakeOutput.log".
[0.560s] Invoked command in '/home/parallels/ros2_ws/build/my_robot_bringup' returned '1': /usr/bin/cmake /home/parallels/ros2_ws/src/my_robot_bringup -DCMAKE_INSTALL_PREFIX=/home/parallels/ros2_ws/install/my_robot_bringup
