[0.006s] Invoking command in '/home/parallels/ros2_ws/build/my_robot_interfaces': CMAKE_PREFIX_PATH=${CMAKE_PREFIX_PATH}:/home/parallels/ros2_ws/install/rqt_joint_trajectory_controller:/home/parallels/ros2_ws/install/rqt_controller_manager:/home/parallels/ros2_ws/install/ros2controlcli:/home/parallels/ros2_ws/install/ros2_controllers_test_nodes:/home/parallels/ros2_ws/install/number_counter:/home/parallels/ros2_ws/install/my_py_pkg:/home/parallels/ros2_ws/install/add_two_ints:/opt/ros/humble /usr/bin/cmake /home/parallels/ros2_ws/src/my_robot_interfaces -DCMAKE_INSTALL_PREFIX=/home/parallels/ros2_ws/install/my_robot_interfaces
[0.020s] -- Found ament_cmake: 1.3.10 (/opt/ros/humble/share/ament_cmake/cmake)
[0.087s] [31mCMake Error at CMakeLists.txt:10 (find_package):
[0.087s]   By not providing "Findrosidl_default_generator.cmake" in CMAKE_MODULE_PATH
[0.087s]   this project has asked CMake to find a package configuration file provided
[0.087s]   by "rosidl_default_generator", but CMake did not find one.
[0.087s] 
[0.087s]   Could not find a package configuration file provided by
[0.087s]   "rosidl_default_generator" with any of the following names:
[0.087s] 
[0.087s]     rosidl_default_generatorConfig.cmake
[0.087s]     rosidl_default_generator-config.cmake
[0.087s] 
[0.087s]   Add the installation prefix of "rosidl_default_generator" to
[0.087s]   CMAKE_PREFIX_PATH or set "rosidl_default_generator_DIR" to a directory
[0.087s]   containing one of the above files.  If "rosidl_default_generator" provides
[0.087s]   a separate development package or SDK, be sure it has been installed.
[0.087s] 
[0.087s] [0m
[0.087s] -- Configuring incomplete, errors occurred!
[0.087s] See also "/home/parallels/ros2_ws/build/my_robot_interfaces/CMakeFiles/CMakeOutput.log".
[0.088s] Invoked command in '/home/parallels/ros2_ws/build/my_robot_interfaces' returned '1': CMAKE_PREFIX_PATH=${CMAKE_PREFIX_PATH}:/home/parallels/ros2_ws/install/rqt_joint_trajectory_controller:/home/parallels/ros2_ws/install/rqt_controller_manager:/home/parallels/ros2_ws/install/ros2controlcli:/home/parallels/ros2_ws/install/ros2_controllers_test_nodes:/home/parallels/ros2_ws/install/number_counter:/home/parallels/ros2_ws/install/my_py_pkg:/home/parallels/ros2_ws/install/add_two_ints:/opt/ros/humble /usr/bin/cmake /home/parallels/ros2_ws/src/my_robot_interfaces -DCMAKE_INSTALL_PREFIX=/home/parallels/ros2_ws/install/my_robot_interfaces
