[0.024s] Invoking command in '/home/parallels/ros2_ws/build/my_robot_bringup': AMENT_PREFIX_PATH=/home/parallels/ros2_ws/install/my_py_pkg:/home/parallels/ros2_ws/install/my_robot_interfaces:${AMENT_PREFIX_PATH} CMAKE_PREFIX_PATH=/home/parallels/ros2_ws/install/my_robot_interfaces:/usr:/opt/ros/humble LD_LIBRARY_PATH=/home/parallels/ros2_ws/install/my_robot_interfaces/lib:${LD_LIBRARY_PATH} PYTHONPATH=/home/parallels/ros2_ws/install/my_py_pkg/lib/python3.10/site-packages:/home/parallels/ros2_ws/install/my_robot_interfaces/local/lib/python3.10/dist-packages:${PYTHONPATH} /usr/bin/cmake /home/parallels/ros2_ws/src/my_robot_bringup -DCMAKE_INSTALL_PREFIX=/home/parallels/ros2_ws/install/my_robot_bringup
[0.066s] -- The C compiler identification is GNU 11.4.0
[0.096s] -- The CXX compiler identification is GNU 11.4.0
[0.099s] -- Detecting C compiler ABI info
[0.139s] -- Detecting C compiler ABI info - done
[0.139s] -- Check for working C compiler: /usr/bin/cc - skipped
[0.139s] -- Detecting C compile features
[0.139s] -- Detecting C compile features - done
[0.139s] -- Detecting CXX compiler ABI info
[0.178s] -- Detecting CXX compiler ABI info - done
[0.183s] -- Check for working CXX compiler: /usr/bin/c++ - skipped
[0.183s] -- Detecting CXX compile features
[0.183s] -- Detecting CXX compile features - done
[0.188s] -- Found ament_cmake: 1.3.11 (/opt/ros/humble/share/ament_cmake/cmake)
[0.281s] -- Found Python3: /usr/bin/python3 (found version "3.10.12") found components: Interpreter 
[0.414s] -- Configuring done
[0.415s] -- Generating done
[0.416s] -- Build files have been written to: /home/parallels/ros2_ws/build/my_robot_bringup
[0.420s] Invoked command in '/home/parallels/ros2_ws/build/my_robot_bringup' returned '0': AMENT_PREFIX_PATH=/home/parallels/ros2_ws/install/my_py_pkg:/home/parallels/ros2_ws/install/my_robot_interfaces:${AMENT_PREFIX_PATH} CMAKE_PREFIX_PATH=/home/parallels/ros2_ws/install/my_robot_interfaces:/usr:/opt/ros/humble LD_LIBRARY_PATH=/home/parallels/ros2_ws/install/my_robot_interfaces/lib:${LD_LIBRARY_PATH} PYTHONPATH=/home/parallels/ros2_ws/install/my_py_pkg/lib/python3.10/site-packages:/home/parallels/ros2_ws/install/my_robot_interfaces/local/lib/python3.10/dist-packages:${PYTHONPATH} /usr/bin/cmake /home/parallels/ros2_ws/src/my_robot_bringup -DCMAKE_INSTALL_PREFIX=/home/parallels/ros2_ws/install/my_robot_bringup
[0.420s] Invoking command in '/home/parallels/ros2_ws/build/my_robot_bringup': AMENT_PREFIX_PATH=/home/parallels/ros2_ws/install/my_py_pkg:/home/parallels/ros2_ws/install/my_robot_interfaces:${AMENT_PREFIX_PATH} CMAKE_PREFIX_PATH=/home/parallels/ros2_ws/install/my_robot_interfaces:/usr:/opt/ros/humble LD_LIBRARY_PATH=/home/parallels/ros2_ws/install/my_robot_interfaces/lib:${LD_LIBRARY_PATH} PYTHONPATH=/home/parallels/ros2_ws/install/my_py_pkg/lib/python3.10/site-packages:/home/parallels/ros2_ws/install/my_robot_interfaces/local/lib/python3.10/dist-packages:${PYTHONPATH} /usr/bin/cmake --build /home/parallels/ros2_ws/build/my_robot_bringup -- -j4 -l4
[0.444s] Invoked command in '/home/parallels/ros2_ws/build/my_robot_bringup' returned '0': AMENT_PREFIX_PATH=/home/parallels/ros2_ws/install/my_py_pkg:/home/parallels/ros2_ws/install/my_robot_interfaces:${AMENT_PREFIX_PATH} CMAKE_PREFIX_PATH=/home/parallels/ros2_ws/install/my_robot_interfaces:/usr:/opt/ros/humble LD_LIBRARY_PATH=/home/parallels/ros2_ws/install/my_robot_interfaces/lib:${LD_LIBRARY_PATH} PYTHONPATH=/home/parallels/ros2_ws/install/my_py_pkg/lib/python3.10/site-packages:/home/parallels/ros2_ws/install/my_robot_interfaces/local/lib/python3.10/dist-packages:${PYTHONPATH} /usr/bin/cmake --build /home/parallels/ros2_ws/build/my_robot_bringup -- -j4 -l4
[0.445s] Invoking command in '/home/parallels/ros2_ws/build/my_robot_bringup': AMENT_PREFIX_PATH=/home/parallels/ros2_ws/install/my_py_pkg:/home/parallels/ros2_ws/install/my_robot_interfaces:${AMENT_PREFIX_PATH} CMAKE_PREFIX_PATH=/home/parallels/ros2_ws/install/my_robot_interfaces:/usr:/opt/ros/humble LD_LIBRARY_PATH=/home/parallels/ros2_ws/install/my_robot_interfaces/lib:${LD_LIBRARY_PATH} PYTHONPATH=/home/parallels/ros2_ws/install/my_py_pkg/lib/python3.10/site-packages:/home/parallels/ros2_ws/install/my_robot_interfaces/local/lib/python3.10/dist-packages:${PYTHONPATH} /usr/bin/cmake --install /home/parallels/ros2_ws/build/my_robot_bringup
[0.451s] -- Install configuration: ""
[0.451s] -- Installing: /home/parallels/ros2_ws/install/my_robot_bringup/share/my_robot_bringup/launch
[0.451s] -- Installing: /home/parallels/ros2_ws/install/my_robot_bringup/share/my_robot_bringup/launch/number_app.launch.py
[0.451s] -- Installing: /home/parallels/ros2_ws/install/my_robot_bringup/share/ament_index/resource_index/package_run_dependencies/my_robot_bringup
[0.451s] -- Installing: /home/parallels/ros2_ws/install/my_robot_bringup/share/ament_index/resource_index/parent_prefix_path/my_robot_bringup
[0.451s] -- Installing: /home/parallels/ros2_ws/install/my_robot_bringup/share/my_robot_bringup/environment/ament_prefix_path.sh
[0.451s] -- Installing: /home/parallels/ros2_ws/install/my_robot_bringup/share/my_robot_bringup/environment/ament_prefix_path.dsv
[0.451s] -- Installing: /home/parallels/ros2_ws/install/my_robot_bringup/share/my_robot_bringup/environment/path.sh
[0.451s] -- Installing: /home/parallels/ros2_ws/install/my_robot_bringup/share/my_robot_bringup/environment/path.dsv
[0.451s] -- Installing: /home/parallels/ros2_ws/install/my_robot_bringup/share/my_robot_bringup/local_setup.bash
[0.451s] -- Installing: /home/parallels/ros2_ws/install/my_robot_bringup/share/my_robot_bringup/local_setup.sh
[0.451s] -- Installing: /home/parallels/ros2_ws/install/my_robot_bringup/share/my_robot_bringup/local_setup.zsh
[0.451s] -- Installing: /home/parallels/ros2_ws/install/my_robot_bringup/share/my_robot_bringup/local_setup.dsv
[0.451s] -- Installing: /home/parallels/ros2_ws/install/my_robot_bringup/share/my_robot_bringup/package.dsv
[0.451s] -- Installing: /home/parallels/ros2_ws/install/my_robot_bringup/share/ament_index/resource_index/packages/my_robot_bringup
[0.451s] -- Installing: /home/parallels/ros2_ws/install/my_robot_bringup/share/my_robot_bringup/cmake/my_robot_bringupConfig.cmake
[0.451s] -- Installing: /home/parallels/ros2_ws/install/my_robot_bringup/share/my_robot_bringup/cmake/my_robot_bringupConfig-version.cmake
[0.451s] -- Installing: /home/parallels/ros2_ws/install/my_robot_bringup/share/my_robot_bringup/package.xml
[0.455s] Invoked command in '/home/parallels/ros2_ws/build/my_robot_bringup' returned '0': AMENT_PREFIX_PATH=/home/parallels/ros2_ws/install/my_py_pkg:/home/parallels/ros2_ws/install/my_robot_interfaces:${AMENT_PREFIX_PATH} CMAKE_PREFIX_PATH=/home/parallels/ros2_ws/install/my_robot_interfaces:/usr:/opt/ros/humble LD_LIBRARY_PATH=/home/parallels/ros2_ws/install/my_robot_interfaces/lib:${LD_LIBRARY_PATH} PYTHONPATH=/home/parallels/ros2_ws/install/my_py_pkg/lib/python3.10/site-packages:/home/parallels/ros2_ws/install/my_robot_interfaces/local/lib/python3.10/dist-packages:${PYTHONPATH} /usr/bin/cmake --install /home/parallels/ros2_ws/build/my_robot_bringup
