[0.036s] Invoking command in '/home/parallels/ros2_ws/build/ros_gz_sim': CMAKE_PREFIX_PATH=${CMAKE_PREFIX_PATH}:/home/parallels/ros2_ws/install/turtlesim_catch_them_all:/home/parallels/ros2_ws/install/rqt_joint_trajectory_controller:/home/parallels/ros2_ws/install/rqt_controller_manager:/home/parallels/ros2_ws/install/ros2controlcli:/home/parallels/ros2_ws/install/ros2_controllers_test_nodes:/home/parallels/ros2_ws/install/number_counter:/home/parallels/ros2_ws/install/my_py_pkg:/home/parallels/ros2_ws/install/add_two_ints:/opt/ros/humble /usr/bin/cmake /home/parallels/ros2_ws/src/ros_gz/ros_gz_sim -DCMAKE_INSTALL_PREFIX=/home/parallels/ros2_ws/install/ros_gz_sim
[0.097s] -- Found ament_cmake: 1.3.11 (/opt/ros/humble/share/ament_cmake/cmake)
[0.222s] -- Found rclcpp: 16.0.11 (/opt/ros/humble/share/rclcpp/cmake)
[0.256s] -- Found rosidl_generator_c: 3.1.6 (/opt/ros/humble/share/rosidl_generator_c/cmake)
[0.259s] -- Found rosidl_adapter: 3.1.6 (/opt/ros/humble/share/rosidl_adapter/cmake)
[0.263s] -- Found rosidl_generator_cpp: 3.1.6 (/opt/ros/humble/share/rosidl_generator_cpp/cmake)
[0.277s] -- Using all available rosidl_typesupport_c: rosidl_typesupport_fastrtps_c;rosidl_typesupport_introspection_c
[0.285s] -- Using all available rosidl_typesupport_cpp: rosidl_typesupport_fastrtps_cpp;rosidl_typesupport_introspection_cpp
[0.305s] -- Found rmw_implementation_cmake: 6.1.2 (/opt/ros/humble/share/rmw_implementation_cmake/cmake)
[0.307s] -- Found rmw_fastrtps_cpp: 6.2.7 (/opt/ros/humble/share/rmw_fastrtps_cpp/cmake)
[0.382s] -- Using RMW implementation 'rmw_fastrtps_cpp' as default
[0.453s] [31mCMake Error at CMakeLists.txt:15 (find_package):
[0.453s]   By not providing "Findrclcpp_components.cmake" in CMAKE_MODULE_PATH this
[0.453s]   project has asked CMake to find a package configuration file provided by
[0.453s]   "rclcpp_components", but CMake did not find one.
[0.453s] 
[0.453s]   Could not find a package configuration file provided by "rclcpp_components"
[0.453s]   with any of the following names:
[0.453s] 
[0.453s]     rclcpp_componentsConfig.cmake
[0.453s]     rclcpp_components-config.cmake
[0.453s] 
[0.453s]   Add the installation prefix of "rclcpp_components" to CMAKE_PREFIX_PATH or
[0.453s]   set "rclcpp_components_DIR" to a directory containing one of the above
[0.453s]   files.  If "rclcpp_components" provides a separate development package or
[0.453s]   SDK, be sure it has been installed.
[0.453s] 
[0.453s] [0m
[0.453s] -- Configuring incomplete, errors occurred!
[0.454s] See also "/home/parallels/ros2_ws/build/ros_gz_sim/CMakeFiles/CMakeOutput.log".
