[0.353s] Invoking command in '/home/parallels/ros2_ws/src/turtlesim_catch_them_all': PYTHONPATH=/home/parallels/ros2_ws/build/turtlesim_catch_them_all/prefix_override:/usr/lib/python3/dist-packages/colcon_core/task/python/colcon_distutils_commands:/home/parallels/ros2_ws/install/turtlesim_catch_them_all/lib/python3.10/site-packages:${PYTHONPATH} /usr/bin/python3 -W ignore:setup.py install is deprecated setup.py egg_info --egg-base ../../build/turtlesim_catch_them_all build --build-base /home/parallels/ros2_ws/build/turtlesim_catch_them_all/build install --record /home/parallels/ros2_ws/build/turtlesim_catch_them_all/install.log --single-version-externally-managed install_data
[0.465s] running egg_info
[0.466s] creating ../../build/turtlesim_catch_them_all/turtlesim_catch_them_all.egg-info
[0.466s] writing ../../build/turtlesim_catch_them_all/turtlesim_catch_them_all.egg-info/PKG-INFO
[0.466s] writing dependency_links to ../../build/turtlesim_catch_them_all/turtlesim_catch_them_all.egg-info/dependency_links.txt
[0.466s] writing entry points to ../../build/turtlesim_catch_them_all/turtlesim_catch_them_all.egg-info/entry_points.txt
[0.466s] writing requirements to ../../build/turtlesim_catch_them_all/turtlesim_catch_them_all.egg-info/requires.txt
[0.466s] writing top-level names to ../../build/turtlesim_catch_them_all/turtlesim_catch_them_all.egg-info/top_level.txt
[0.466s] writing manifest file '../../build/turtlesim_catch_them_all/turtlesim_catch_them_all.egg-info/SOURCES.txt'
[0.467s] reading manifest file '../../build/turtlesim_catch_them_all/turtlesim_catch_them_all.egg-info/SOURCES.txt'
[0.467s] writing manifest file '../../build/turtlesim_catch_them_all/turtlesim_catch_them_all.egg-info/SOURCES.txt'
[0.467s] running build
[0.467s] running build_py
[0.467s] creating /home/parallels/ros2_ws/build/turtlesim_catch_them_all/build
[0.467s] creating /home/parallels/ros2_ws/build/turtlesim_catch_them_all/build/lib
[0.467s] creating /home/parallels/ros2_ws/build/turtlesim_catch_them_all/build/lib/turtlesim_catch_them_all
[0.467s] copying turtlesim_catch_them_all/turtle_controller.py -> /home/parallels/ros2_ws/build/turtlesim_catch_them_all/build/lib/turtlesim_catch_them_all
[0.467s] copying turtlesim_catch_them_all/__init__.py -> /home/parallels/ros2_ws/build/turtlesim_catch_them_all/build/lib/turtlesim_catch_them_all
[0.467s] copying turtlesim_catch_them_all/turtle_spawner.py -> /home/parallels/ros2_ws/build/turtlesim_catch_them_all/build/lib/turtlesim_catch_them_all
[0.467s] running install
[0.468s] running install_lib
[0.468s] creating /home/parallels/ros2_ws/install/turtlesim_catch_them_all/lib/python3.10/site-packages/turtlesim_catch_them_all
[0.468s] copying /home/parallels/ros2_ws/build/turtlesim_catch_them_all/build/lib/turtlesim_catch_them_all/turtle_controller.py -> /home/parallels/ros2_ws/install/turtlesim_catch_them_all/lib/python3.10/site-packages/turtlesim_catch_them_all
[0.468s] copying /home/parallels/ros2_ws/build/turtlesim_catch_them_all/build/lib/turtlesim_catch_them_all/__init__.py -> /home/parallels/ros2_ws/install/turtlesim_catch_them_all/lib/python3.10/site-packages/turtlesim_catch_them_all
[0.468s] copying /home/parallels/ros2_ws/build/turtlesim_catch_them_all/build/lib/turtlesim_catch_them_all/turtle_spawner.py -> /home/parallels/ros2_ws/install/turtlesim_catch_them_all/lib/python3.10/site-packages/turtlesim_catch_them_all
[0.468s] byte-compiling /home/parallels/ros2_ws/install/turtlesim_catch_them_all/lib/python3.10/site-packages/turtlesim_catch_them_all/turtle_controller.py to turtle_controller.cpython-310.pyc
[0.468s] byte-compiling /home/parallels/ros2_ws/install/turtlesim_catch_them_all/lib/python3.10/site-packages/turtlesim_catch_them_all/__init__.py to __init__.cpython-310.pyc
[0.468s] byte-compiling /home/parallels/ros2_ws/install/turtlesim_catch_them_all/lib/python3.10/site-packages/turtlesim_catch_them_all/turtle_spawner.py to turtle_spawner.cpython-310.pyc
[0.469s] running install_data
[0.469s] creating /home/parallels/ros2_ws/install/turtlesim_catch_them_all/share
[0.469s] creating /home/parallels/ros2_ws/install/turtlesim_catch_them_all/share/ament_index
[0.469s] creating /home/parallels/ros2_ws/install/turtlesim_catch_them_all/share/ament_index/resource_index
[0.469s] creating /home/parallels/ros2_ws/install/turtlesim_catch_them_all/share/ament_index/resource_index/packages
[0.469s] copying resource/turtlesim_catch_them_all -> /home/parallels/ros2_ws/install/turtlesim_catch_them_all/share/ament_index/resource_index/packages
[0.469s] creating /home/parallels/ros2_ws/install/turtlesim_catch_them_all/share/turtlesim_catch_them_all
[0.469s] copying package.xml -> /home/parallels/ros2_ws/install/turtlesim_catch_them_all/share/turtlesim_catch_them_all
[0.469s] running install_egg_info
[0.470s] Copying ../../build/turtlesim_catch_them_all/turtlesim_catch_them_all.egg-info to /home/parallels/ros2_ws/install/turtlesim_catch_them_all/lib/python3.10/site-packages/turtlesim_catch_them_all-0.0.0-py3.10.egg-info
[0.470s] running install_scripts
[0.479s] Installing turtle_controller script to /home/parallels/ros2_ws/install/turtlesim_catch_them_all/lib/turtlesim_catch_them_all
[0.480s] Installing turtle_spawner script to /home/parallels/ros2_ws/install/turtlesim_catch_them_all/lib/turtlesim_catch_them_all
[0.480s] writing list of installed files to '/home/parallels/ros2_ws/build/turtlesim_catch_them_all/install.log'
[0.491s] Invoked command in '/home/parallels/ros2_ws/src/turtlesim_catch_them_all' returned '0': PYTHONPATH=/home/parallels/ros2_ws/build/turtlesim_catch_them_all/prefix_override:/usr/lib/python3/dist-packages/colcon_core/task/python/colcon_distutils_commands:/home/parallels/ros2_ws/install/turtlesim_catch_them_all/lib/python3.10/site-packages:${PYTHONPATH} /usr/bin/python3 -W ignore:setup.py install is deprecated setup.py egg_info --egg-base ../../build/turtlesim_catch_them_all build --build-base /home/parallels/ros2_ws/build/turtlesim_catch_them_all/build install --record /home/parallels/ros2_ws/build/turtlesim_catch_them_all/install.log --single-version-externally-managed install_data
