[0.003s] Invoking command in '/home/parallels/ros2_ws/build/my_robot_description': CMAKE_PREFIX_PATH=${CMAKE_PREFIX_PATH}:/opt/ros/humble /usr/bin/cmake /home/parallels/ros2_ws/src/my_robot_description -DCMAKE_INSTALL_PREFIX=/home/parallels/ros2_ws/install/my_robot_description
[0.036s] -- The C compiler identification is GNU 11.4.0
[0.069s] -- The CXX compiler identification is GNU 11.4.0
[0.075s] -- Detecting C compiler ABI info
[0.139s] -- Detecting C compiler ABI info - done
[0.143s] -- Check for working C compiler: /usr/bin/cc - skipped
[0.145s] -- Detecting C compile features
[0.145s] -- Detecting C compile features - done
[0.146s] -- Detecting CXX compiler ABI info
[0.220s] -- Detecting CXX compiler ABI info - done
[0.224s] -- Check for working CXX compiler: /usr/bin/c++ - skipped
[0.224s] -- Detecting CXX compile features
[0.224s] -- Detecting CXX compile features - done
[0.228s] -- Found ament_cmake: 1.3.11 (/opt/ros/humble/share/ament_cmake/cmake)
[0.355s] -- Found Python3: /usr/bin/python3 (found version "3.10.12") found components: Interpreter 
[0.508s] -- Configuring done
[0.511s] -- Generating done
[0.513s] -- Build files have been written to: /home/parallels/ros2_ws/build/my_robot_description
[0.516s] Invoked command in '/home/parallels/ros2_ws/build/my_robot_description' returned '0': CMAKE_PREFIX_PATH=${CMAKE_PREFIX_PATH}:/opt/ros/humble /usr/bin/cmake /home/parallels/ros2_ws/src/my_robot_description -DCMAKE_INSTALL_PREFIX=/home/parallels/ros2_ws/install/my_robot_description
[0.516s] Invoking command in '/home/parallels/ros2_ws/build/my_robot_description': CMAKE_PREFIX_PATH=${CMAKE_PREFIX_PATH}:/opt/ros/humble /usr/bin/cmake --build /home/parallels/ros2_ws/build/my_robot_description -- -j4 -l4
[0.542s] Invoked command in '/home/parallels/ros2_ws/build/my_robot_description' returned '0': CMAKE_PREFIX_PATH=${CMAKE_PREFIX_PATH}:/opt/ros/humble /usr/bin/cmake --build /home/parallels/ros2_ws/build/my_robot_description -- -j4 -l4
[0.553s] Invoking command in '/home/parallels/ros2_ws/build/my_robot_description': CMAKE_PREFIX_PATH=${CMAKE_PREFIX_PATH}:/opt/ros/humble /usr/bin/cmake --install /home/parallels/ros2_ws/build/my_robot_description
[0.559s] -- Install configuration: ""
[0.559s] -- Installing: /home/parallels/ros2_ws/install/my_robot_description/share/my_robot_description//urdf
[0.560s] -- Installing: /home/parallels/ros2_ws/install/my_robot_description/share/my_robot_description//urdf/mobile_base.xacro
[0.560s] -- Installing: /home/parallels/ros2_ws/install/my_robot_description/share/my_robot_description//urdf/my_robot.urdf.xacro
[0.560s] -- Installing: /home/parallels/ros2_ws/install/my_robot_description/share/my_robot_description//urdf/common_properties.xacro
[0.560s] -- Installing: /home/parallels/ros2_ws/install/my_robot_description/share/my_robot_description//launch
[0.560s] -- Installing: /home/parallels/ros2_ws/install/my_robot_description/share/my_robot_description//launch/display.launch.xml
[0.560s] -- Installing: /home/parallels/ros2_ws/install/my_robot_description/share/my_robot_description//launch/display.launch.py
[0.560s] -- Installing: /home/parallels/ros2_ws/install/my_robot_description/share/my_robot_description//rviz
[0.560s] -- Installing: /home/parallels/ros2_ws/install/my_robot_description/share/my_robot_description//rviz/robo_config.rviz
[0.560s] -- Installing: /home/parallels/ros2_ws/install/my_robot_description/share/ament_index/resource_index/package_run_dependencies/my_robot_description
[0.560s] -- Installing: /home/parallels/ros2_ws/install/my_robot_description/share/ament_index/resource_index/parent_prefix_path/my_robot_description
[0.560s] -- Installing: /home/parallels/ros2_ws/install/my_robot_description/share/my_robot_description/environment/ament_prefix_path.sh
[0.560s] -- Installing: /home/parallels/ros2_ws/install/my_robot_description/share/my_robot_description/environment/ament_prefix_path.dsv
[0.560s] -- Installing: /home/parallels/ros2_ws/install/my_robot_description/share/my_robot_description/environment/path.sh
[0.560s] -- Installing: /home/parallels/ros2_ws/install/my_robot_description/share/my_robot_description/environment/path.dsv
[0.560s] -- Installing: /home/parallels/ros2_ws/install/my_robot_description/share/my_robot_description/local_setup.bash
[0.560s] -- Installing: /home/parallels/ros2_ws/install/my_robot_description/share/my_robot_description/local_setup.sh
[0.561s] -- Installing: /home/parallels/ros2_ws/install/my_robot_description/share/my_robot_description/local_setup.zsh
[0.561s] -- Installing: /home/parallels/ros2_ws/install/my_robot_description/share/my_robot_description/local_setup.dsv
[0.561s] -- Installing: /home/parallels/ros2_ws/install/my_robot_description/share/my_robot_description/package.dsv
[0.561s] -- Installing: /home/parallels/ros2_ws/install/my_robot_description/share/ament_index/resource_index/packages/my_robot_description
[0.561s] -- Installing: /home/parallels/ros2_ws/install/my_robot_description/share/my_robot_description/cmake/my_robot_descriptionConfig.cmake
[0.561s] -- Installing: /home/parallels/ros2_ws/install/my_robot_description/share/my_robot_description/cmake/my_robot_descriptionConfig-version.cmake
[0.561s] -- Installing: /home/parallels/ros2_ws/install/my_robot_description/share/my_robot_description/package.xml
[0.570s] Invoked command in '/home/parallels/ros2_ws/build/my_robot_description' returned '0': CMAKE_PREFIX_PATH=${CMAKE_PREFIX_PATH}:/opt/ros/humble /usr/bin/cmake --install /home/parallels/ros2_ws/build/my_robot_description
