[0.017s] Invoking command in '/home/parallels/ros2_ws/build/my_robot_interfaces': CMAKE_PREFIX_PATH=${CMAKE_PREFIX_PATH}:/opt/ros/humble /usr/bin/cmake --build /home/parallels/ros2_ws/build/my_robot_interfaces -- -j4 -l4
[0.029s] -- Found ament_cmake: 1.3.11 (/opt/ros/humble/share/ament_cmake/cmake)
[0.155s] [31mCMake Error at CMakeLists.txt:10 (find_package):
[0.155s]   By not providing "Findrosidl_default_generators.cmake" in CMAKE_MODULE_PATH
[0.155s]   this project has asked CMake to find a package configuration file provided
[0.155s]   by "rosidl_default_generators", but CMake did not find one.
[0.155s] 
[0.155s]   Could not find a package configuration file provided by
[0.156s]   "rosidl_default_generators" with any of the following names:
[0.156s] 
[0.156s]     rosidl_default_generatorsConfig.cmake
[0.156s]     rosidl_default_generators-config.cmake
[0.156s] 
[0.156s]   Add the installation prefix of "rosidl_default_generators" to
[0.156s]   CMAKE_PREFIX_PATH or set "rosidl_default_generators_DIR" to a directory
[0.156s]   containing one of the above files.  If "rosidl_default_generators" provides
[0.156s]   a separate development package or SDK, be sure it has been installed.
[0.156s] 
[0.156s] [0m
[0.159s] gmake: *** [Makefile:2043: cmake_check_build_system] Error 1
[0.164s] -- Configuring incomplete, errors occurred!
[0.164s] See also "/home/parallels/ros2_ws/build/my_robot_interfaces/CMakeFiles/CMakeOutput.log".
