[0.005s] Invoking command in '/home/parallels/ros2_ws/build/my_robot_description': CMAKE_PREFIX_PATH=${CMAKE_PREFIX_PATH}:/home/parallels/ros2_ws/install/turtlesim_catch_them_all:/home/parallels/ros2_ws/install/number_counter:/home/parallels/ros2_ws/install/my_py_pkg:/home/parallels/ros2_ws/install/add_two_ints:/opt/ros/humble /usr/bin/cmake /home/parallels/ros2_ws/src/my_robot_description -DCMAKE_INSTALL_PREFIX=/home/parallels/ros2_ws/install/my_robot_description
[0.016s] -- Found ament_cmake: 1.3.11 (/opt/ros/humble/share/ament_cmake/cmake)
[0.115s] -- Override CMake install command with custom implementation using symlinks instead of copying resources
[0.162s] -- Configuring done
[0.165s] -- Generating done
[0.166s] -- Build files have been written to: /home/parallels/ros2_ws/build/my_robot_description
[0.171s] Invoked command in '/home/parallels/ros2_ws/build/my_robot_description' returned '0': CMAKE_PREFIX_PATH=${CMAKE_PREFIX_PATH}:/home/parallels/ros2_ws/install/turtlesim_catch_them_all:/home/parallels/ros2_ws/install/number_counter:/home/parallels/ros2_ws/install/my_py_pkg:/home/parallels/ros2_ws/install/add_two_ints:/opt/ros/humble /usr/bin/cmake /home/parallels/ros2_ws/src/my_robot_description -DCMAKE_INSTALL_PREFIX=/home/parallels/ros2_ws/install/my_robot_description
[0.171s] Invoking command in '/home/parallels/ros2_ws/build/my_robot_description': CMAKE_PREFIX_PATH=${CMAKE_PREFIX_PATH}:/home/parallels/ros2_ws/install/turtlesim_catch_them_all:/home/parallels/ros2_ws/install/number_counter:/home/parallels/ros2_ws/install/my_py_pkg:/home/parallels/ros2_ws/install/add_two_ints:/opt/ros/humble /usr/bin/cmake --build /home/parallels/ros2_ws/build/my_robot_description -- -j4 -l4
[0.197s] Invoked command in '/home/parallels/ros2_ws/build/my_robot_description' returned '0': CMAKE_PREFIX_PATH=${CMAKE_PREFIX_PATH}:/home/parallels/ros2_ws/install/turtlesim_catch_them_all:/home/parallels/ros2_ws/install/number_counter:/home/parallels/ros2_ws/install/my_py_pkg:/home/parallels/ros2_ws/install/add_two_ints:/opt/ros/humble /usr/bin/cmake --build /home/parallels/ros2_ws/build/my_robot_description -- -j4 -l4
[0.198s] Invoking command in '/home/parallels/ros2_ws/build/my_robot_description': CMAKE_PREFIX_PATH=${CMAKE_PREFIX_PATH}:/home/parallels/ros2_ws/install/turtlesim_catch_them_all:/home/parallels/ros2_ws/install/number_counter:/home/parallels/ros2_ws/install/my_py_pkg:/home/parallels/ros2_ws/install/add_two_ints:/opt/ros/humble /usr/bin/cmake --install /home/parallels/ros2_ws/build/my_robot_description
[0.201s] -- Install configuration: ""
[0.201s] -- Execute custom install script
[0.201s] -- Symlinking: /home/parallels/ros2_ws/install/my_robot_description/share/my_robot_description//urdf/common_properties.xacro
[0.205s] -- Symlinking: /home/parallels/ros2_ws/install/my_robot_description/share/my_robot_description//urdf/mobile_base.xacro
[0.212s] -- Symlinking: /home/parallels/ros2_ws/install/my_robot_description/share/my_robot_description//urdf/my_robot.urdf.xacro
[0.215s] -- Symlinking: /home/parallels/ros2_ws/install/my_robot_description/share/my_robot_description//urdf/rrobot/materials.xacro
[0.219s] -- Symlinking: /home/parallels/ros2_ws/install/my_robot_description/share/my_robot_description//urdf/rrobot/rrbot.gazebo
[0.223s] -- Symlinking: /home/parallels/ros2_ws/install/my_robot_description/share/my_robot_description//urdf/rrobot/rrbot.xacro
[0.230s] -- Symlinking: /home/parallels/ros2_ws/install/my_robot_description/share/my_robot_description//urdf/rrobot/rrbot.xml
[0.233s] -- Symlinking: /home/parallels/ros2_ws/install/my_robot_description/share/my_robot_description//urdf/two_wheeled_robot.urdf
[0.236s] -- Symlinking: /home/parallels/ros2_ws/install/my_robot_description/share/my_robot_description//launch/display.launch.py
[0.240s] -- Symlinking: /home/parallels/ros2_ws/install/my_robot_description/share/my_robot_description//launch/display.launch.xml
[0.243s] -- Symlinking: /home/parallels/ros2_ws/install/my_robot_description/share/my_robot_description//rviz/robo_config.rviz
[0.246s] -- Symlinking: /home/parallels/ros2_ws/install/my_robot_description/share/ament_index/resource_index/package_run_dependencies/my_robot_description
[0.250s] -- Symlinking: /home/parallels/ros2_ws/install/my_robot_description/share/ament_index/resource_index/parent_prefix_path/my_robot_description
[0.253s] -- Symlinking: /home/parallels/ros2_ws/install/my_robot_description/share/my_robot_description/environment/ament_prefix_path.sh
[0.256s] -- Symlinking: /home/parallels/ros2_ws/install/my_robot_description/share/my_robot_description/environment/ament_prefix_path.dsv
[0.259s] -- Symlinking: /home/parallels/ros2_ws/install/my_robot_description/share/my_robot_description/environment/path.sh
[0.262s] -- Symlinking: /home/parallels/ros2_ws/install/my_robot_description/share/my_robot_description/environment/path.dsv
[0.265s] -- Symlinking: /home/parallels/ros2_ws/install/my_robot_description/share/my_robot_description/local_setup.bash
[0.271s] -- Symlinking: /home/parallels/ros2_ws/install/my_robot_description/share/my_robot_description/local_setup.sh
[0.278s] -- Symlinking: /home/parallels/ros2_ws/install/my_robot_description/share/my_robot_description/local_setup.zsh
[0.286s] -- Symlinking: /home/parallels/ros2_ws/install/my_robot_description/share/my_robot_description/local_setup.dsv
[0.289s] -- Symlinking: /home/parallels/ros2_ws/install/my_robot_description/share/my_robot_description/package.dsv
[0.295s] -- Symlinking: /home/parallels/ros2_ws/install/my_robot_description/share/ament_index/resource_index/packages/my_robot_description
[0.299s] -- Symlinking: /home/parallels/ros2_ws/install/my_robot_description/share/my_robot_description/cmake/my_robot_descriptionConfig.cmake
[0.307s] -- Symlinking: /home/parallels/ros2_ws/install/my_robot_description/share/my_robot_description/cmake/my_robot_descriptionConfig-version.cmake
[0.311s] -- Symlinking: /home/parallels/ros2_ws/install/my_robot_description/share/my_robot_description/package.xml
