[0.304s] Invoking command in '/home/parallels/ros2_ws/ROS2_Humble/build/add_two_ints_cpp': CMAKE_PREFIX_PATH=${CMAKE_PREFIX_PATH}:/home/parallels/ros2_humble/install/lifecycle_py:/home/parallels/ros2_ws/install/turtlesim_catch_them_all:/home/parallels/ros2_ws/install/number_counter:/home/parallels/ros2_ws/install/my_py_pkg:/home/parallels/ros2_ws/install/actions_py:/home/parallels/ros2_ws/install/add_two_ints:/opt/ros/humble /usr/bin/cmake /home/parallels/ros2_ws/ROS2_Humble/src/add_two_ints_cpp -DCMAKE_INSTALL_PREFIX=/home/parallels/ros2_ws/ROS2_Humble/install/add_two_ints_cpp
[0.477s] -- The C compiler identification is GNU 11.4.0
[0.478s] -- The CXX compiler identification is GNU 11.4.0
[0.478s] -- Detecting C compiler ABI info
[0.494s] -- Detecting C compiler ABI info - done
[0.494s] -- Check for working C compiler: /usr/bin/cc - skipped
[0.494s] -- Detecting C compile features
[0.494s] -- Detecting C compile features - done
[0.495s] -- Detecting CXX compiler ABI info
[0.645s] -- Detecting CXX compiler ABI info - done
[0.651s] -- Check for working CXX compiler: /usr/bin/c++ - skipped
[0.652s] -- Detecting CXX compile features
[0.652s] -- Detecting CXX compile features - done
[0.658s] -- Found ament_cmake: 1.3.11 (/opt/ros/humble/share/ament_cmake/cmake)
[0.805s] -- Found Python3: /usr/bin/python3 (found version "3.10.12") found components: Interpreter 
[0.977s] -- Found rclcpp: 16.0.12 (/opt/ros/humble/share/rclcpp/cmake)
[1.100s] -- Found rosidl_generator_c: 3.1.6 (/opt/ros/humble/share/rosidl_generator_c/cmake)
[1.132s] -- Found rosidl_adapter: 3.1.6 (/opt/ros/humble/share/rosidl_adapter/cmake)
[1.136s] -- Found rosidl_generator_cpp: 3.1.6 (/opt/ros/humble/share/rosidl_generator_cpp/cmake)
[1.156s] -- Using all available rosidl_typesupport_c: rosidl_typesupport_fastrtps_c;rosidl_typesupport_introspection_c
[1.180s] -- Using all available rosidl_typesupport_cpp: rosidl_typesupport_fastrtps_cpp;rosidl_typesupport_introspection_cpp
[1.257s] -- Found rmw_implementation_cmake: 6.1.2 (/opt/ros/humble/share/rmw_implementation_cmake/cmake)
[1.263s] -- Found rmw_fastrtps_cpp: 6.2.7 (/opt/ros/humble/share/rmw_fastrtps_cpp/cmake)
[1.412s] -- Found OpenSSL: /usr/lib/aarch64-linux-gnu/libcrypto.so (found version "3.0.2")  
[1.453s] -- Found FastRTPS: /opt/ros/humble/include  
[1.489s] -- Using RMW implementation 'rmw_fastrtps_cpp' as default
[1.506s] -- Looking for pthread.h
[1.601s] -- Looking for pthread.h - found
[1.601s] -- Performing Test CMAKE_HAVE_LIBC_PTHREAD
[1.686s] -- Performing Test CMAKE_HAVE_LIBC_PTHREAD - Success
[1.686s] -- Found Threads: TRUE  
[1.768s] -- Found example_interfaces: 0.9.3 (/opt/ros/humble/share/example_interfaces/cmake)
[1.860s] -- Configuring done
[1.874s] -- Generating done
[1.880s] -- Build files have been written to: /home/parallels/ros2_ws/ROS2_Humble/build/add_two_ints_cpp
[2.170s] Invoked command in '/home/parallels/ros2_ws/ROS2_Humble/build/add_two_ints_cpp' returned '0': CMAKE_PREFIX_PATH=${CMAKE_PREFIX_PATH}:/home/parallels/ros2_humble/install/lifecycle_py:/home/parallels/ros2_ws/install/turtlesim_catch_them_all:/home/parallels/ros2_ws/install/number_counter:/home/parallels/ros2_ws/install/my_py_pkg:/home/parallels/ros2_ws/install/actions_py:/home/parallels/ros2_ws/install/add_two_ints:/opt/ros/humble /usr/bin/cmake /home/parallels/ros2_ws/ROS2_Humble/src/add_two_ints_cpp -DCMAKE_INSTALL_PREFIX=/home/parallels/ros2_ws/ROS2_Humble/install/add_two_ints_cpp
[2.171s] Invoking command in '/home/parallels/ros2_ws/ROS2_Humble/build/add_two_ints_cpp': CMAKE_PREFIX_PATH=${CMAKE_PREFIX_PATH}:/home/parallels/ros2_humble/install/lifecycle_py:/home/parallels/ros2_ws/install/turtlesim_catch_them_all:/home/parallels/ros2_ws/install/number_counter:/home/parallels/ros2_ws/install/my_py_pkg:/home/parallels/ros2_ws/install/actions_py:/home/parallels/ros2_ws/install/add_two_ints:/opt/ros/humble /usr/bin/cmake --build /home/parallels/ros2_ws/ROS2_Humble/build/add_two_ints_cpp -- -j8 -l8
[2.189s] [35m[1mConsolidate compiler generated dependencies of target add_two_ints_client_no_oop[0m
[2.191s] [35m[1mConsolidate compiler generated dependencies of target add_two_ints_server_cpp[0m
[2.206s] [35m[1mConsolidate compiler generated dependencies of target add_two_ints_client[0m
[2.232s] [ 33%] Built target add_two_ints_server_cpp
[2.233s] [ 66%] Built target add_two_ints_client_no_oop
[2.246s] [100%] Built target add_two_ints_client
[2.366s] Invoked command in '/home/parallels/ros2_ws/ROS2_Humble/build/add_two_ints_cpp' returned '0': CMAKE_PREFIX_PATH=${CMAKE_PREFIX_PATH}:/home/parallels/ros2_humble/install/lifecycle_py:/home/parallels/ros2_ws/install/turtlesim_catch_them_all:/home/parallels/ros2_ws/install/number_counter:/home/parallels/ros2_ws/install/my_py_pkg:/home/parallels/ros2_ws/install/actions_py:/home/parallels/ros2_ws/install/add_two_ints:/opt/ros/humble /usr/bin/cmake --build /home/parallels/ros2_ws/ROS2_Humble/build/add_two_ints_cpp -- -j8 -l8
[2.372s] Invoking command in '/home/parallels/ros2_ws/ROS2_Humble/build/add_two_ints_cpp': CMAKE_PREFIX_PATH=${CMAKE_PREFIX_PATH}:/home/parallels/ros2_humble/install/lifecycle_py:/home/parallels/ros2_ws/install/turtlesim_catch_them_all:/home/parallels/ros2_ws/install/number_counter:/home/parallels/ros2_ws/install/my_py_pkg:/home/parallels/ros2_ws/install/actions_py:/home/parallels/ros2_ws/install/add_two_ints:/opt/ros/humble /usr/bin/cmake --install /home/parallels/ros2_ws/ROS2_Humble/build/add_two_ints_cpp
[2.375s] -- Install configuration: ""
[2.375s] -- Up-to-date: /home/parallels/ros2_ws/ROS2_Humble/install/add_two_ints_cpp/lib/add_two_ints_cpp/add_two_ints_server_cpp
[2.376s] -- Up-to-date: /home/parallels/ros2_ws/ROS2_Humble/install/add_two_ints_cpp/lib/add_two_ints_cpp/add_two_ints_client_no_oop
[2.376s] -- Up-to-date: /home/parallels/ros2_ws/ROS2_Humble/install/add_two_ints_cpp/lib/add_two_ints_cpp/add_two_ints_client
[2.376s] -- Up-to-date: /home/parallels/ros2_ws/ROS2_Humble/install/add_two_ints_cpp/share/ament_index/resource_index/package_run_dependencies/add_two_ints_cpp
[2.376s] -- Up-to-date: /home/parallels/ros2_ws/ROS2_Humble/install/add_two_ints_cpp/share/ament_index/resource_index/parent_prefix_path/add_two_ints_cpp
[2.376s] -- Up-to-date: /home/parallels/ros2_ws/ROS2_Humble/install/add_two_ints_cpp/share/add_two_ints_cpp/environment/ament_prefix_path.sh
[2.376s] -- Installing: /home/parallels/ros2_ws/ROS2_Humble/install/add_two_ints_cpp/share/add_two_ints_cpp/environment/ament_prefix_path.dsv
[2.376s] -- Up-to-date: /home/parallels/ros2_ws/ROS2_Humble/install/add_two_ints_cpp/share/add_two_ints_cpp/environment/path.sh
[2.376s] -- Installing: /home/parallels/ros2_ws/ROS2_Humble/install/add_two_ints_cpp/share/add_two_ints_cpp/environment/path.dsv
[2.376s] -- Up-to-date: /home/parallels/ros2_ws/ROS2_Humble/install/add_two_ints_cpp/share/add_two_ints_cpp/local_setup.bash
[2.376s] -- Up-to-date: /home/parallels/ros2_ws/ROS2_Humble/install/add_two_ints_cpp/share/add_two_ints_cpp/local_setup.sh
[2.377s] -- Up-to-date: /home/parallels/ros2_ws/ROS2_Humble/install/add_two_ints_cpp/share/add_two_ints_cpp/local_setup.zsh
[2.377s] -- Installing: /home/parallels/ros2_ws/ROS2_Humble/install/add_two_ints_cpp/share/add_two_ints_cpp/local_setup.dsv
[2.378s] -- Installing: /home/parallels/ros2_ws/ROS2_Humble/install/add_two_ints_cpp/share/add_two_ints_cpp/package.dsv
[2.378s] -- Up-to-date: /home/parallels/ros2_ws/ROS2_Humble/install/add_two_ints_cpp/share/ament_index/resource_index/packages/add_two_ints_cpp
[2.378s] -- Up-to-date: /home/parallels/ros2_ws/ROS2_Humble/install/add_two_ints_cpp/share/add_two_ints_cpp/cmake/add_two_ints_cppConfig.cmake
[2.378s] -- Up-to-date: /home/parallels/ros2_ws/ROS2_Humble/install/add_two_ints_cpp/share/add_two_ints_cpp/cmake/add_two_ints_cppConfig-version.cmake
[2.378s] -- Up-to-date: /home/parallels/ros2_ws/ROS2_Humble/install/add_two_ints_cpp/share/add_two_ints_cpp/package.xml
[2.389s] Invoked command in '/home/parallels/ros2_ws/ROS2_Humble/build/add_two_ints_cpp' returned '0': CMAKE_PREFIX_PATH=${CMAKE_PREFIX_PATH}:/home/parallels/ros2_humble/install/lifecycle_py:/home/parallels/ros2_ws/install/turtlesim_catch_them_all:/home/parallels/ros2_ws/install/number_counter:/home/parallels/ros2_ws/install/my_py_pkg:/home/parallels/ros2_ws/install/actions_py:/home/parallels/ros2_ws/install/add_two_ints:/opt/ros/humble /usr/bin/cmake --install /home/parallels/ros2_ws/ROS2_Humble/build/add_two_ints_cpp
