[0.638s] Invoking command in '/home/parallels/ros2_ws/src/my_py_pkg': AMENT_PREFIX_PATH=/home/parallels/ros2_ws/install/my_robot_interfaces:${AMENT_PREFIX_PATH} CMAKE_PREFIX_PATH=/home/parallels/ros2_ws/install/my_robot_interfaces:/home/parallels/ros2_ws/install/urdf_sim_tutorial:/usr LD_LIBRARY_PATH=/home/parallels/ros2_ws/install/my_robot_interfaces/lib:${LD_LIBRARY_PATH} PYTHONPATH=/home/parallels/ros2_ws/build/my_py_pkg/prefix_override:/usr/lib/python3/dist-packages/colcon_core/task/python/colcon_distutils_commands:/home/parallels/ros2_ws/install/my_py_pkg/lib/python3.10/site-packages:/home/parallels/ros2_ws/install/my_robot_interfaces/local/lib/python3.10/dist-packages:${PYTHONPATH} /usr/bin/python3 -W ignore:setup.py install is deprecated -W ignore:easy_install command is deprecated setup.py egg_info --egg-base ../../build/my_py_pkg build --build-base /home/parallels/ros2_ws/build/my_py_pkg/build install --record /home/parallels/ros2_ws/build/my_py_pkg/install.log --single-version-externally-managed install_data
[0.740s] running egg_info
[0.740s] creating ../../build/my_py_pkg/my_py_pkg.egg-info
[0.741s] writing ../../build/my_py_pkg/my_py_pkg.egg-info/PKG-INFO
[0.741s] writing dependency_links to ../../build/my_py_pkg/my_py_pkg.egg-info/dependency_links.txt
[0.741s] writing entry points to ../../build/my_py_pkg/my_py_pkg.egg-info/entry_points.txt
[0.741s] writing requirements to ../../build/my_py_pkg/my_py_pkg.egg-info/requires.txt
[0.741s] writing top-level names to ../../build/my_py_pkg/my_py_pkg.egg-info/top_level.txt
[0.741s] writing manifest file '../../build/my_py_pkg/my_py_pkg.egg-info/SOURCES.txt'
[0.742s] reading manifest file '../../build/my_py_pkg/my_py_pkg.egg-info/SOURCES.txt'
[0.742s] writing manifest file '../../build/my_py_pkg/my_py_pkg.egg-info/SOURCES.txt'
[0.742s] running build
[0.742s] running build_py
[0.743s] creating /home/parallels/ros2_ws/build/my_py_pkg/build
[0.743s] creating /home/parallels/ros2_ws/build/my_py_pkg/build/lib
[0.743s] creating /home/parallels/ros2_ws/build/my_py_pkg/build/lib/my_py_pkg
[0.743s] copying my_py_pkg/__init__.py -> /home/parallels/ros2_ws/build/my_py_pkg/build/lib/my_py_pkg
[0.743s] copying my_py_pkg/HardwareStatus_publisher.py -> /home/parallels/ros2_ws/build/my_py_pkg/build/lib/my_py_pkg
[0.743s] copying my_py_pkg/robot_news_station.py -> /home/parallels/ros2_ws/build/my_py_pkg/build/lib/my_py_pkg
[0.743s] copying my_py_pkg/hardwarestatus_sub.py -> /home/parallels/ros2_ws/build/my_py_pkg/build/lib/my_py_pkg
[0.743s] copying my_py_pkg/smartphone.py -> /home/parallels/ros2_ws/build/my_py_pkg/build/lib/my_py_pkg
[0.744s] copying my_py_pkg/my_first_node.py -> /home/parallels/ros2_ws/build/my_py_pkg/build/lib/my_py_pkg
[0.744s] copying my_py_pkg/python_temp.py -> /home/parallels/ros2_ws/build/my_py_pkg/build/lib/my_py_pkg
[0.744s] running install
[0.744s] running install_lib
[0.744s] creating /home/parallels/ros2_ws/install/my_py_pkg/lib/python3.10/site-packages/my_py_pkg
[0.744s] copying /home/parallels/ros2_ws/build/my_py_pkg/build/lib/my_py_pkg/__init__.py -> /home/parallels/ros2_ws/install/my_py_pkg/lib/python3.10/site-packages/my_py_pkg
[0.744s] copying /home/parallels/ros2_ws/build/my_py_pkg/build/lib/my_py_pkg/HardwareStatus_publisher.py -> /home/parallels/ros2_ws/install/my_py_pkg/lib/python3.10/site-packages/my_py_pkg
[0.744s] copying /home/parallels/ros2_ws/build/my_py_pkg/build/lib/my_py_pkg/robot_news_station.py -> /home/parallels/ros2_ws/install/my_py_pkg/lib/python3.10/site-packages/my_py_pkg
[0.744s] copying /home/parallels/ros2_ws/build/my_py_pkg/build/lib/my_py_pkg/hardwarestatus_sub.py -> /home/parallels/ros2_ws/install/my_py_pkg/lib/python3.10/site-packages/my_py_pkg
[0.744s] copying /home/parallels/ros2_ws/build/my_py_pkg/build/lib/my_py_pkg/smartphone.py -> /home/parallels/ros2_ws/install/my_py_pkg/lib/python3.10/site-packages/my_py_pkg
[0.744s] copying /home/parallels/ros2_ws/build/my_py_pkg/build/lib/my_py_pkg/my_first_node.py -> /home/parallels/ros2_ws/install/my_py_pkg/lib/python3.10/site-packages/my_py_pkg
[0.744s] copying /home/parallels/ros2_ws/build/my_py_pkg/build/lib/my_py_pkg/python_temp.py -> /home/parallels/ros2_ws/install/my_py_pkg/lib/python3.10/site-packages/my_py_pkg
[0.745s] byte-compiling /home/parallels/ros2_ws/install/my_py_pkg/lib/python3.10/site-packages/my_py_pkg/__init__.py to __init__.cpython-310.pyc
[0.745s] byte-compiling /home/parallels/ros2_ws/install/my_py_pkg/lib/python3.10/site-packages/my_py_pkg/HardwareStatus_publisher.py to HardwareStatus_publisher.cpython-310.pyc
[0.746s] byte-compiling /home/parallels/ros2_ws/install/my_py_pkg/lib/python3.10/site-packages/my_py_pkg/robot_news_station.py to robot_news_station.cpython-310.pyc
[0.746s] byte-compiling /home/parallels/ros2_ws/install/my_py_pkg/lib/python3.10/site-packages/my_py_pkg/hardwarestatus_sub.py to hardwarestatus_sub.cpython-310.pyc
[0.746s] byte-compiling /home/parallels/ros2_ws/install/my_py_pkg/lib/python3.10/site-packages/my_py_pkg/smartphone.py to smartphone.cpython-310.pyc
[0.746s] byte-compiling /home/parallels/ros2_ws/install/my_py_pkg/lib/python3.10/site-packages/my_py_pkg/my_first_node.py to my_first_node.cpython-310.pyc
[0.746s] byte-compiling /home/parallels/ros2_ws/install/my_py_pkg/lib/python3.10/site-packages/my_py_pkg/python_temp.py to python_temp.cpython-310.pyc
[0.746s] running install_data
[0.746s] creating /home/parallels/ros2_ws/install/my_py_pkg/share/ament_index
[0.746s] creating /home/parallels/ros2_ws/install/my_py_pkg/share/ament_index/resource_index
[0.746s] creating /home/parallels/ros2_ws/install/my_py_pkg/share/ament_index/resource_index/packages
[0.746s] copying resource/my_py_pkg -> /home/parallels/ros2_ws/install/my_py_pkg/share/ament_index/resource_index/packages
[0.746s] copying package.xml -> /home/parallels/ros2_ws/install/my_py_pkg/share/my_py_pkg
[0.746s] running install_egg_info
[0.747s] Copying ../../build/my_py_pkg/my_py_pkg.egg-info to /home/parallels/ros2_ws/install/my_py_pkg/lib/python3.10/site-packages/my_py_pkg-0.0.0-py3.10.egg-info
[0.747s] running install_scripts
[0.756s] Installing HardwareStatus_pub script to /home/parallels/ros2_ws/install/my_py_pkg/lib/my_py_pkg
[0.757s] Installing hardware_status_sub script to /home/parallels/ros2_ws/install/my_py_pkg/lib/my_py_pkg
[0.757s] Installing py_node script to /home/parallels/ros2_ws/install/my_py_pkg/lib/my_py_pkg
[0.757s] Installing robot_news_station script to /home/parallels/ros2_ws/install/my_py_pkg/lib/my_py_pkg
[0.757s] Installing smartphone script to /home/parallels/ros2_ws/install/my_py_pkg/lib/my_py_pkg
[0.757s] writing list of installed files to '/home/parallels/ros2_ws/build/my_py_pkg/install.log'
[0.774s] Invoked command in '/home/parallels/ros2_ws/src/my_py_pkg' returned '0': AMENT_PREFIX_PATH=/home/parallels/ros2_ws/install/my_robot_interfaces:${AMENT_PREFIX_PATH} CMAKE_PREFIX_PATH=/home/parallels/ros2_ws/install/my_robot_interfaces:/home/parallels/ros2_ws/install/urdf_sim_tutorial:/usr LD_LIBRARY_PATH=/home/parallels/ros2_ws/install/my_robot_interfaces/lib:${LD_LIBRARY_PATH} PYTHONPATH=/home/parallels/ros2_ws/build/my_py_pkg/prefix_override:/usr/lib/python3/dist-packages/colcon_core/task/python/colcon_distutils_commands:/home/parallels/ros2_ws/install/my_py_pkg/lib/python3.10/site-packages:/home/parallels/ros2_ws/install/my_robot_interfaces/local/lib/python3.10/dist-packages:${PYTHONPATH} /usr/bin/python3 -W ignore:setup.py install is deprecated -W ignore:easy_install command is deprecated setup.py egg_info --egg-base ../../build/my_py_pkg build --build-base /home/parallels/ros2_ws/build/my_py_pkg/build install --record /home/parallels/ros2_ws/build/my_py_pkg/install.log --single-version-externally-managed install_data
