[0.007s] Invoking command in '/home/parallels/ros2_ws/ROS2_Humble/build/turtlesim_final': CMAKE_PREFIX_PATH=${CMAKE_PREFIX_PATH}:/home/parallels/ros2_ws/ROS2_Humble/install/turtlesim_catch_them_all:/home/parallels/ros2_ws/ROS2_Humble/install/number_counter:/home/parallels/ros2_ws/ROS2_Humble/install/my_py_pkg:/home/parallels/ros2_ws/ROS2_Humble/install/actions_py:/home/parallels/ros2_ws/ROS2_Humble/install/lifecycle_py:/home/parallels/ros2_ws/ROS2_Humble/install/executors_py:/home/parallels/ros2_ws/ROS2_Humble/install/components_py:/home/parallels/ros2_ws/ROS2_Humble/install/add_two_ints:/opt/ros/humble /usr/bin/cmake /home/parallels/ros2_ws/ROS2_Humble/src/turtlesim_final -DCMAKE_INSTALL_PREFIX=/home/parallels/ros2_ws/ROS2_Humble/install/turtlesim_final
[0.085s] -- The C compiler identification is GNU 11.4.0
[0.142s] -- The CXX compiler identification is GNU 11.4.0
[0.150s] -- Detecting C compiler ABI info
[0.190s] -- Detecting C compiler ABI info - done
[0.194s] -- Check for working C compiler: /usr/bin/cc - skipped
[0.194s] -- Detecting C compile features
[0.195s] -- Detecting C compile features - done
[0.197s] -- Detecting CXX compiler ABI info
[0.235s] -- Detecting CXX compiler ABI info - done
[0.239s] -- Check for working CXX compiler: /usr/bin/c++ - skipped
[0.239s] -- Detecting CXX compile features
[0.239s] -- Detecting CXX compile features - done
[0.253s] -- Found ament_cmake: 1.3.11 (/opt/ros/humble/share/ament_cmake/cmake)
[0.346s] -- Found Python3: /usr/bin/python3 (found version "3.10.12") found components: Interpreter 
[0.473s] -- Found rclcpp: 16.0.12 (/opt/ros/humble/share/rclcpp/cmake)
[0.569s] -- Found rosidl_generator_c: 3.1.6 (/opt/ros/humble/share/rosidl_generator_c/cmake)
[0.583s] -- Found rosidl_adapter: 3.1.6 (/opt/ros/humble/share/rosidl_adapter/cmake)
[0.599s] -- Found rosidl_generator_cpp: 3.1.6 (/opt/ros/humble/share/rosidl_generator_cpp/cmake)
[0.620s] -- Using all available rosidl_typesupport_c: rosidl_typesupport_fastrtps_c;rosidl_typesupport_introspection_c
[0.650s] -- Using all available rosidl_typesupport_cpp: rosidl_typesupport_fastrtps_cpp;rosidl_typesupport_introspection_cpp
[0.730s] -- Found rmw_implementation_cmake: 6.1.2 (/opt/ros/humble/share/rmw_implementation_cmake/cmake)
[0.739s] -- Found rmw_fastrtps_cpp: 6.2.7 (/opt/ros/humble/share/rmw_fastrtps_cpp/cmake)
[0.813s] -- Found OpenSSL: /usr/lib/aarch64-linux-gnu/libcrypto.so (found version "3.0.2")  
[0.836s] -- Found FastRTPS: /opt/ros/humble/include  
[0.863s] -- Using RMW implementation 'rmw_fastrtps_cpp' as default
[0.879s] -- Looking for pthread.h
[0.912s] -- Looking for pthread.h - found
[0.913s] -- Performing Test CMAKE_HAVE_LIBC_PTHREAD
[0.946s] -- Performing Test CMAKE_HAVE_LIBC_PTHREAD - Success
[0.947s] -- Found Threads: TRUE  
[1.008s] -- Found turtlesim: 1.4.2 (/opt/ros/humble/share/turtlesim/cmake)
[1.081s] -- Configuring done
[1.087s] -- Generating done
[1.089s] -- Build files have been written to: /home/parallels/ros2_ws/ROS2_Humble/build/turtlesim_final
[1.094s] Invoked command in '/home/parallels/ros2_ws/ROS2_Humble/build/turtlesim_final' returned '0': CMAKE_PREFIX_PATH=${CMAKE_PREFIX_PATH}:/home/parallels/ros2_ws/ROS2_Humble/install/turtlesim_catch_them_all:/home/parallels/ros2_ws/ROS2_Humble/install/number_counter:/home/parallels/ros2_ws/ROS2_Humble/install/my_py_pkg:/home/parallels/ros2_ws/ROS2_Humble/install/actions_py:/home/parallels/ros2_ws/ROS2_Humble/install/lifecycle_py:/home/parallels/ros2_ws/ROS2_Humble/install/executors_py:/home/parallels/ros2_ws/ROS2_Humble/install/components_py:/home/parallels/ros2_ws/ROS2_Humble/install/add_two_ints:/opt/ros/humble /usr/bin/cmake /home/parallels/ros2_ws/ROS2_Humble/src/turtlesim_final -DCMAKE_INSTALL_PREFIX=/home/parallels/ros2_ws/ROS2_Humble/install/turtlesim_final
[1.095s] Invoking command in '/home/parallels/ros2_ws/ROS2_Humble/build/turtlesim_final': CMAKE_PREFIX_PATH=${CMAKE_PREFIX_PATH}:/home/parallels/ros2_ws/ROS2_Humble/install/turtlesim_catch_them_all:/home/parallels/ros2_ws/ROS2_Humble/install/number_counter:/home/parallels/ros2_ws/ROS2_Humble/install/my_py_pkg:/home/parallels/ros2_ws/ROS2_Humble/install/actions_py:/home/parallels/ros2_ws/ROS2_Humble/install/lifecycle_py:/home/parallels/ros2_ws/ROS2_Humble/install/executors_py:/home/parallels/ros2_ws/ROS2_Humble/install/components_py:/home/parallels/ros2_ws/ROS2_Humble/install/add_two_ints:/opt/ros/humble /usr/bin/cmake --build /home/parallels/ros2_ws/ROS2_Humble/build/turtlesim_final -- -j8 -l8
[1.114s] [ 50%] [32mBuilding CXX object CMakeFiles/final_project.dir/src/final_project.cpp.o[0m
[3.039s] [100%] [32m[1mLinking CXX executable final_project[0m
[3.160s] [100%] Built target final_project
[3.165s] Invoked command in '/home/parallels/ros2_ws/ROS2_Humble/build/turtlesim_final' returned '0': CMAKE_PREFIX_PATH=${CMAKE_PREFIX_PATH}:/home/parallels/ros2_ws/ROS2_Humble/install/turtlesim_catch_them_all:/home/parallels/ros2_ws/ROS2_Humble/install/number_counter:/home/parallels/ros2_ws/ROS2_Humble/install/my_py_pkg:/home/parallels/ros2_ws/ROS2_Humble/install/actions_py:/home/parallels/ros2_ws/ROS2_Humble/install/lifecycle_py:/home/parallels/ros2_ws/ROS2_Humble/install/executors_py:/home/parallels/ros2_ws/ROS2_Humble/install/components_py:/home/parallels/ros2_ws/ROS2_Humble/install/add_two_ints:/opt/ros/humble /usr/bin/cmake --build /home/parallels/ros2_ws/ROS2_Humble/build/turtlesim_final -- -j8 -l8
[3.170s] Invoking command in '/home/parallels/ros2_ws/ROS2_Humble/build/turtlesim_final': CMAKE_PREFIX_PATH=${CMAKE_PREFIX_PATH}:/home/parallels/ros2_ws/ROS2_Humble/install/turtlesim_catch_them_all:/home/parallels/ros2_ws/ROS2_Humble/install/number_counter:/home/parallels/ros2_ws/ROS2_Humble/install/my_py_pkg:/home/parallels/ros2_ws/ROS2_Humble/install/actions_py:/home/parallels/ros2_ws/ROS2_Humble/install/lifecycle_py:/home/parallels/ros2_ws/ROS2_Humble/install/executors_py:/home/parallels/ros2_ws/ROS2_Humble/install/components_py:/home/parallels/ros2_ws/ROS2_Humble/install/add_two_ints:/opt/ros/humble /usr/bin/cmake --install /home/parallels/ros2_ws/ROS2_Humble/build/turtlesim_final
[3.172s] -- Install configuration: ""
[3.173s] -- Installing: /home/parallels/ros2_ws/ROS2_Humble/install/turtlesim_final/lib/turtlesim_final/final_project
[3.174s] -- Set runtime path of "/home/parallels/ros2_ws/ROS2_Humble/install/turtlesim_final/lib/turtlesim_final/final_project" to ""
[3.174s] -- Installing: /home/parallels/ros2_ws/ROS2_Humble/install/turtlesim_final/share/ament_index/resource_index/package_run_dependencies/turtlesim_final
[3.174s] -- Installing: /home/parallels/ros2_ws/ROS2_Humble/install/turtlesim_final/share/ament_index/resource_index/parent_prefix_path/turtlesim_final
[3.174s] -- Installing: /home/parallels/ros2_ws/ROS2_Humble/install/turtlesim_final/share/turtlesim_final/environment/ament_prefix_path.sh
[3.174s] -- Installing: /home/parallels/ros2_ws/ROS2_Humble/install/turtlesim_final/share/turtlesim_final/environment/ament_prefix_path.dsv
[3.174s] -- Installing: /home/parallels/ros2_ws/ROS2_Humble/install/turtlesim_final/share/turtlesim_final/environment/path.sh
[3.174s] -- Installing: /home/parallels/ros2_ws/ROS2_Humble/install/turtlesim_final/share/turtlesim_final/environment/path.dsv
[3.174s] -- Installing: /home/parallels/ros2_ws/ROS2_Humble/install/turtlesim_final/share/turtlesim_final/local_setup.bash
[3.174s] -- Installing: /home/parallels/ros2_ws/ROS2_Humble/install/turtlesim_final/share/turtlesim_final/local_setup.sh
[3.175s] -- Installing: /home/parallels/ros2_ws/ROS2_Humble/install/turtlesim_final/share/turtlesim_final/local_setup.zsh
[3.175s] -- Installing: /home/parallels/ros2_ws/ROS2_Humble/install/turtlesim_final/share/turtlesim_final/local_setup.dsv
[3.175s] -- Installing: /home/parallels/ros2_ws/ROS2_Humble/install/turtlesim_final/share/turtlesim_final/package.dsv
[3.175s] -- Installing: /home/parallels/ros2_ws/ROS2_Humble/install/turtlesim_final/share/ament_index/resource_index/packages/turtlesim_final
[3.175s] -- Installing: /home/parallels/ros2_ws/ROS2_Humble/install/turtlesim_final/share/turtlesim_final/cmake/turtlesim_finalConfig.cmake
[3.175s] -- Installing: /home/parallels/ros2_ws/ROS2_Humble/install/turtlesim_final/share/turtlesim_final/cmake/turtlesim_finalConfig-version.cmake
[3.175s] -- Installing: /home/parallels/ros2_ws/ROS2_Humble/install/turtlesim_final/share/turtlesim_final/package.xml
[3.176s] Invoked command in '/home/parallels/ros2_ws/ROS2_Humble/build/turtlesim_final' returned '0': CMAKE_PREFIX_PATH=${CMAKE_PREFIX_PATH}:/home/parallels/ros2_ws/ROS2_Humble/install/turtlesim_catch_them_all:/home/parallels/ros2_ws/ROS2_Humble/install/number_counter:/home/parallels/ros2_ws/ROS2_Humble/install/my_py_pkg:/home/parallels/ros2_ws/ROS2_Humble/install/actions_py:/home/parallels/ros2_ws/ROS2_Humble/install/lifecycle_py:/home/parallels/ros2_ws/ROS2_Humble/install/executors_py:/home/parallels/ros2_ws/ROS2_Humble/install/components_py:/home/parallels/ros2_ws/ROS2_Humble/install/add_two_ints:/opt/ros/humble /usr/bin/cmake --install /home/parallels/ros2_ws/ROS2_Humble/build/turtlesim_final
