[0.020s] Invoking command in '/home/parallels/ros2_ws/build/polygon_base': CMAKE_PREFIX_PATH=${CMAKE_PREFIX_PATH}:/home/parallels/ros2_ws/install/turtlesim_catch_them_all:/home/parallels/ros2_ws/install/number_counter:/home/parallels/ros2_ws/install/my_py_pkg:/home/parallels/ros2_ws/install/add_two_ints:/opt/ros/humble /usr/bin/cmake /home/parallels/ros2_ws/src/polygon_base -DCMAKE_INSTALL_PREFIX=/home/parallels/ros2_ws/install/polygon_base
[0.340s] -- The C compiler identification is GNU 11.4.0
[0.340s] -- The CXX compiler identification is GNU 11.4.0
[0.340s] -- Detecting C compiler ABI info
[0.340s] -- Detecting C compiler ABI info - done
[0.340s] -- Check for working C compiler: /usr/bin/cc - skipped
[0.340s] -- Detecting C compile features
[0.340s] -- Detecting C compile features - done
[0.340s] -- Detecting CXX compiler ABI info
[0.340s] -- Detecting CXX compiler ABI info - done
[0.340s] -- Check for working CXX compiler: /usr/bin/c++ - skipped
[0.341s] -- Detecting CXX compile features
[0.341s] -- Detecting CXX compile features - done
[0.341s] -- Found ament_cmake: 1.3.11 (/opt/ros/humble/share/ament_cmake/cmake)
[0.341s] -- Found Python3: /usr/bin/python3 (found version "3.10.12") found components: Interpreter 
[0.448s] -- Found pluginlib: 5.1.0 (/opt/ros/humble/share/pluginlib/cmake)
[0.523s] -- Found ament_lint_auto: 0.12.12 (/opt/ros/humble/share/ament_lint_auto/cmake)
[0.677s] -- Added test 'cppcheck' to perform static code analysis on C / C++ code
[0.677s] -- Configured cppcheck include dirs: $<BUILD_INTERFACE:/home/parallels/ros2_ws/src/polygon_base/include>
[0.677s] -- Configured cppcheck exclude dirs and/or files: 
[0.680s] -- Added test 'lint_cmake' to check CMake code style
[0.680s] -- Added test 'uncrustify' to check C / C++ code style
[0.680s] -- Configured uncrustify additional arguments: 
[0.680s] -- Added test 'xmllint' to check XML markup files
[0.684s] -- Configuring done
[0.690s] -- Generating done
[0.698s] -- Build files have been written to: /home/parallels/ros2_ws/build/polygon_base
[0.706s] Invoked command in '/home/parallels/ros2_ws/build/polygon_base' returned '0': CMAKE_PREFIX_PATH=${CMAKE_PREFIX_PATH}:/home/parallels/ros2_ws/install/turtlesim_catch_them_all:/home/parallels/ros2_ws/install/number_counter:/home/parallels/ros2_ws/install/my_py_pkg:/home/parallels/ros2_ws/install/add_two_ints:/opt/ros/humble /usr/bin/cmake /home/parallels/ros2_ws/src/polygon_base -DCMAKE_INSTALL_PREFIX=/home/parallels/ros2_ws/install/polygon_base
[0.706s] Invoking command in '/home/parallels/ros2_ws/build/polygon_base': CMAKE_PREFIX_PATH=${CMAKE_PREFIX_PATH}:/home/parallels/ros2_ws/install/turtlesim_catch_them_all:/home/parallels/ros2_ws/install/number_counter:/home/parallels/ros2_ws/install/my_py_pkg:/home/parallels/ros2_ws/install/add_two_ints:/opt/ros/humble /usr/bin/cmake --build /home/parallels/ros2_ws/build/polygon_base -- -j8 -l8
[0.756s] [35m[1mConsolidate compiler generated dependencies of target area_node[0m
[0.769s] [100%] Built target area_node
[0.789s] Invoked command in '/home/parallels/ros2_ws/build/polygon_base' returned '0': CMAKE_PREFIX_PATH=${CMAKE_PREFIX_PATH}:/home/parallels/ros2_ws/install/turtlesim_catch_them_all:/home/parallels/ros2_ws/install/number_counter:/home/parallels/ros2_ws/install/my_py_pkg:/home/parallels/ros2_ws/install/add_two_ints:/opt/ros/humble /usr/bin/cmake --build /home/parallels/ros2_ws/build/polygon_base -- -j8 -l8
[0.802s] Invoking command in '/home/parallels/ros2_ws/build/polygon_base': CMAKE_PREFIX_PATH=${CMAKE_PREFIX_PATH}:/home/parallels/ros2_ws/install/turtlesim_catch_them_all:/home/parallels/ros2_ws/install/number_counter:/home/parallels/ros2_ws/install/my_py_pkg:/home/parallels/ros2_ws/install/add_two_ints:/opt/ros/humble /usr/bin/cmake --install /home/parallels/ros2_ws/build/polygon_base
[0.903s] -- Install configuration: ""
[0.904s] -- Up-to-date: /home/parallels/ros2_ws/install/polygon_base/include
[0.904s] -- Up-to-date: /home/parallels/ros2_ws/install/polygon_base/include/polygon_base
[0.904s] -- Up-to-date: /home/parallels/ros2_ws/install/polygon_base/include/polygon_base/regular_polygon.hpp
[0.904s] -- Up-to-date: /home/parallels/ros2_ws/install/polygon_base/lib/polygon_base/area_node
[0.904s] -- Up-to-date: /home/parallels/ros2_ws/install/polygon_base/share/ament_index/resource_index/package_run_dependencies/polygon_base
[0.904s] -- Up-to-date: /home/parallels/ros2_ws/install/polygon_base/share/ament_index/resource_index/parent_prefix_path/polygon_base
[0.904s] -- Up-to-date: /home/parallels/ros2_ws/install/polygon_base/share/polygon_base/environment/ament_prefix_path.sh
[0.904s] -- Installing: /home/parallels/ros2_ws/install/polygon_base/share/polygon_base/environment/ament_prefix_path.dsv
[0.904s] -- Up-to-date: /home/parallels/ros2_ws/install/polygon_base/share/polygon_base/environment/path.sh
[0.905s] -- Installing: /home/parallels/ros2_ws/install/polygon_base/share/polygon_base/environment/path.dsv
[0.905s] -- Up-to-date: /home/parallels/ros2_ws/install/polygon_base/share/polygon_base/local_setup.bash
[0.905s] -- Up-to-date: /home/parallels/ros2_ws/install/polygon_base/share/polygon_base/local_setup.sh
[0.905s] -- Up-to-date: /home/parallels/ros2_ws/install/polygon_base/share/polygon_base/local_setup.zsh
[0.905s] -- Installing: /home/parallels/ros2_ws/install/polygon_base/share/polygon_base/local_setup.dsv
[0.905s] -- Installing: /home/parallels/ros2_ws/install/polygon_base/share/polygon_base/package.dsv
[0.905s] -- Up-to-date: /home/parallels/ros2_ws/install/polygon_base/share/ament_index/resource_index/packages/polygon_base
[0.906s] -- Up-to-date: /home/parallels/ros2_ws/install/polygon_base/share/polygon_base/cmake/ament_cmake_export_include_directories-extras.cmake
[0.906s] -- Up-to-date: /home/parallels/ros2_ws/install/polygon_base/share/polygon_base/cmake/polygon_baseConfig.cmake
[0.906s] -- Up-to-date: /home/parallels/ros2_ws/install/polygon_base/share/polygon_base/cmake/polygon_baseConfig-version.cmake
[0.906s] -- Up-to-date: /home/parallels/ros2_ws/install/polygon_base/share/polygon_base/package.xml
[0.914s] Invoked command in '/home/parallels/ros2_ws/build/polygon_base' returned '0': CMAKE_PREFIX_PATH=${CMAKE_PREFIX_PATH}:/home/parallels/ros2_ws/install/turtlesim_catch_them_all:/home/parallels/ros2_ws/install/number_counter:/home/parallels/ros2_ws/install/my_py_pkg:/home/parallels/ros2_ws/install/add_two_ints:/opt/ros/humble /usr/bin/cmake --install /home/parallels/ros2_ws/build/polygon_base
