[0.014s] Invoking command in '/home/parallels/ros2_ws/build/transmission_interface': AMENT_PREFIX_PATH=/home/parallels/ros2_ws/install/hardware_interface:/home/parallels/ros2_ws/install/ros2_control_test_assets:${AMENT_PREFIX_PATH} CMAKE_PREFIX_PATH=/home/parallels/ros2_ws/install/hardware_interface:/home/parallels/ros2_ws/install/ros2_control_test_assets:/usr:/opt/ros/humble LD_LIBRARY_PATH=/home/parallels/ros2_ws/install/hardware_interface/lib:${LD_LIBRARY_PATH} /usr/bin/cmake /home/parallels/ros2_ws/src/ros2_control/transmission_interface -DCMAKE_INSTALL_PREFIX=/home/parallels/ros2_ws/install/transmission_interface
[0.055s] -- The C compiler identification is GNU 11.4.0
[0.094s] -- The CXX compiler identification is GNU 11.4.0
[0.097s] -- Detecting C compiler ABI info
[0.131s] -- Detecting C compiler ABI info - done
[0.135s] -- Check for working C compiler: /usr/bin/cc - skipped
[0.135s] -- Detecting C compile features
[0.135s] -- Detecting C compile features - done
[0.137s] -- Detecting CXX compiler ABI info
[0.177s] -- Detecting CXX compiler ABI info - done
[0.181s] -- Check for working CXX compiler: /usr/bin/c++ - skipped
[0.182s] -- Detecting CXX compile features
[0.182s] -- Detecting CXX compile features - done
[0.187s] -- Found ament_cmake: 1.3.11 (/opt/ros/humble/share/ament_cmake/cmake)
[0.270s] -- Found Python3: /usr/bin/python3 (found version "3.10.12") found components: Interpreter 
[0.362s] -- Found hardware_interface: 2.41.0 (/home/parallels/ros2_ws/install/hardware_interface/share/hardware_interface/cmake)
[0.418s] -- Found rosidl_generator_c: 3.1.6 (/opt/ros/humble/share/rosidl_generator_c/cmake)
[0.427s] -- Found rosidl_adapter: 3.1.6 (/opt/ros/humble/share/rosidl_adapter/cmake)
[0.439s] -- Found rosidl_generator_cpp: 3.1.6 (/opt/ros/humble/share/rosidl_generator_cpp/cmake)
[0.455s] -- Using all available rosidl_typesupport_c: rosidl_typesupport_fastrtps_c;rosidl_typesupport_introspection_c
[0.480s] -- Using all available rosidl_typesupport_cpp: rosidl_typesupport_fastrtps_cpp;rosidl_typesupport_introspection_cpp
[0.695s] -- Found rmw_implementation_cmake: 6.1.2 (/opt/ros/humble/share/rmw_implementation_cmake/cmake)
[0.700s] -- Found rmw_fastrtps_cpp: 6.2.7 (/opt/ros/humble/share/rmw_fastrtps_cpp/cmake)
[0.731s] -- Found TinyXML2 via Config file: TinyXML2_DIR-NOTFOUND
[0.752s] -- Found OpenSSL: /usr/lib/aarch64-linux-gnu/libcrypto.so (found version "3.0.2")  
[0.755s] -- Found TinyXML2 via Config file: TinyXML2_DIR-NOTFOUND
[0.767s] -- Found FastRTPS: /opt/ros/humble/include  
[0.773s] -- Found TinyXML2 via Config file: TinyXML2_DIR-NOTFOUND
[0.778s] -- Found TinyXML2 via Config file: TinyXML2_DIR-NOTFOUND
[0.784s] -- Using RMW implementation 'rmw_fastrtps_cpp' as default
[0.795s] -- Looking for pthread.h
[0.831s] -- Looking for pthread.h - found
[0.831s] -- Performing Test CMAKE_HAVE_LIBC_PTHREAD
[0.869s] -- Performing Test CMAKE_HAVE_LIBC_PTHREAD - Success
[0.870s] -- Found Threads: TRUE  
[0.913s] -- Found ament_cmake_gmock: 1.3.11 (/opt/ros/humble/share/ament_cmake_gmock/cmake)
[0.918s] -- Found gmock sources under '/opt/ros/humble/src/gmock_vendor': C++ tests using 'Google Mock' will be built
[0.927s] -- Found ament_cmake_gtest: 1.3.11 (/opt/ros/humble/share/ament_cmake_gtest/cmake)
[0.927s] -- Found gtest sources under '/opt/ros/humble/src/gtest_vendor': C++ tests using 'Google Test' will be built
[0.982s] -- Configuring done
[1.064s] -- Generating done
[1.076s] -- Build files have been written to: /home/parallels/ros2_ws/build/transmission_interface
[1.086s] Invoked command in '/home/parallels/ros2_ws/build/transmission_interface' returned '0': AMENT_PREFIX_PATH=/home/parallels/ros2_ws/install/hardware_interface:/home/parallels/ros2_ws/install/ros2_control_test_assets:${AMENT_PREFIX_PATH} CMAKE_PREFIX_PATH=/home/parallels/ros2_ws/install/hardware_interface:/home/parallels/ros2_ws/install/ros2_control_test_assets:/usr:/opt/ros/humble LD_LIBRARY_PATH=/home/parallels/ros2_ws/install/hardware_interface/lib:${LD_LIBRARY_PATH} /usr/bin/cmake /home/parallels/ros2_ws/src/ros2_control/transmission_interface -DCMAKE_INSTALL_PREFIX=/home/parallels/ros2_ws/install/transmission_interface
[1.086s] Invoking command in '/home/parallels/ros2_ws/build/transmission_interface': AMENT_PREFIX_PATH=/home/parallels/ros2_ws/install/hardware_interface:/home/parallels/ros2_ws/install/ros2_control_test_assets:${AMENT_PREFIX_PATH} CMAKE_PREFIX_PATH=/home/parallels/ros2_ws/install/hardware_interface:/home/parallels/ros2_ws/install/ros2_control_test_assets:/usr:/opt/ros/humble LD_LIBRARY_PATH=/home/parallels/ros2_ws/install/hardware_interface/lib:${LD_LIBRARY_PATH} /usr/bin/cmake --build /home/parallels/ros2_ws/build/transmission_interface -- -j4 -l4
[1.111s] [  4%] [32mBuilding CXX object CMakeFiles/transmission_interface.dir/src/simple_transmission_loader.cpp.o[0m
[2.726s] [  8%] [32mBuilding CXX object CMakeFiles/transmission_interface.dir/src/four_bar_linkage_transmission_loader.cpp.o[0m
[4.450s] [ 13%] [32mBuilding CXX object CMakeFiles/transmission_interface.dir/src/differential_transmission_loader.cpp.o[0m
[6.080s] [ 17%] [32m[1mLinking CXX shared library libtransmission_interface.so[0m
[6.192s] [ 17%] Built target transmission_interface
[6.200s] [ 21%] [32mBuilding CXX object gmock/CMakeFiles/gmock.dir/opt/ros/humble/src/gtest_vendor/src/gtest-all.cc.o[0m
[7.607s] [ 26%] [32mBuilding CXX object gmock/CMakeFiles/gmock.dir/src/gmock-all.cc.o[0m
[8.440s] [ 30%] [32m[1mLinking CXX static library libgmock.a[0m
[8.477s] [ 30%] Built target gmock
[8.485s] [ 34%] [32mBuilding CXX object gmock/CMakeFiles/gmock_main.dir/src/gmock_main.cc.o[0m
[9.019s] [ 39%] [32m[1mLinking CXX static library libgmock_main.a[0m
[9.032s] [ 39%] Built target gmock_main
[9.040s] [ 47%] [32mBuilding CXX object CMakeFiles/test_simple_transmission.dir/test/simple_transmission_test.cpp.o[0m
[9.040s] [ 47%] [32mBuilding CXX object CMakeFiles/test_differential_transmission.dir/test/differential_transmission_test.cpp.o[0m
[10.005s] [ 52%] [32m[1mLinking CXX executable test_simple_transmission[0m
[10.041s] [ 56%] [32m[1mLinking CXX executable test_differential_transmission[0m
[10.191s] [ 56%] Built target test_simple_transmission
[10.230s] [ 56%] Built target test_differential_transmission
[10.238s] [ 60%] [32mBuilding CXX object CMakeFiles/test_four_bar_linkage_transmission_loader.dir/test/four_bar_linkage_transmission_loader_test.cpp.o[0m
[12.204s] [ 65%] [32m[1mLinking CXX executable test_four_bar_linkage_transmission_loader[0m
[12.245s] [ 69%] [32mBuilding CXX object CMakeFiles/test_differential_transmission_loader.dir/test/differential_transmission_loader_test.cpp.o[0m
[12.451s] [ 69%] Built target test_four_bar_linkage_transmission_loader
[12.460s] [ 73%] [32mBuilding CXX object CMakeFiles/test_simple_transmission_loader.dir/test/simple_transmission_loader_test.cpp.o[0m
[14.644s] [ 78%] [32m[1mLinking CXX executable test_differential_transmission_loader[0m
[14.965s] [ 78%] Built target test_differential_transmission_loader
[14.975s] [ 82%] [32mBuilding CXX object CMakeFiles/test_utils.dir/test/utils_test.cpp.o[0m
[15.326s] [ 86%] [32m[1mLinking CXX executable test_simple_transmission_loader[0m
[15.579s] [ 86%] Built target test_simple_transmission_loader
[15.588s] [ 91%] [32mBuilding CXX object CMakeFiles/test_four_bar_linkage_transmission.dir/test/four_bar_linkage_transmission_test.cpp.o[0m
[15.691s] [ 95%] [32m[1mLinking CXX executable test_utils[0m
[15.863s] [ 95%] Built target test_utils
[16.571s] [100%] [32m[1mLinking CXX executable test_four_bar_linkage_transmission[0m
[16.748s] [100%] Built target test_four_bar_linkage_transmission
[16.753s] Invoked command in '/home/parallels/ros2_ws/build/transmission_interface' returned '0': AMENT_PREFIX_PATH=/home/parallels/ros2_ws/install/hardware_interface:/home/parallels/ros2_ws/install/ros2_control_test_assets:${AMENT_PREFIX_PATH} CMAKE_PREFIX_PATH=/home/parallels/ros2_ws/install/hardware_interface:/home/parallels/ros2_ws/install/ros2_control_test_assets:/usr:/opt/ros/humble LD_LIBRARY_PATH=/home/parallels/ros2_ws/install/hardware_interface/lib:${LD_LIBRARY_PATH} /usr/bin/cmake --build /home/parallels/ros2_ws/build/transmission_interface -- -j4 -l4
[16.754s] Invoking command in '/home/parallels/ros2_ws/build/transmission_interface': AMENT_PREFIX_PATH=/home/parallels/ros2_ws/install/hardware_interface:/home/parallels/ros2_ws/install/ros2_control_test_assets:${AMENT_PREFIX_PATH} CMAKE_PREFIX_PATH=/home/parallels/ros2_ws/install/hardware_interface:/home/parallels/ros2_ws/install/ros2_control_test_assets:/usr:/opt/ros/humble LD_LIBRARY_PATH=/home/parallels/ros2_ws/install/hardware_interface/lib:${LD_LIBRARY_PATH} /usr/bin/cmake --install /home/parallels/ros2_ws/build/transmission_interface
[16.757s] -- Install configuration: ""
[16.757s] -- Installing: /home/parallels/ros2_ws/install/transmission_interface/include
[16.757s] -- Installing: /home/parallels/ros2_ws/install/transmission_interface/include/transmission_interface
[16.757s] -- Installing: /home/parallels/ros2_ws/install/transmission_interface/include/transmission_interface/accessor.hpp
[16.757s] -- Installing: /home/parallels/ros2_ws/install/transmission_interface/include/transmission_interface/differential_transmission.hpp
[16.758s] -- Installing: /home/parallels/ros2_ws/install/transmission_interface/include/transmission_interface/handle.hpp
[16.758s] -- Installing: /home/parallels/ros2_ws/install/transmission_interface/include/transmission_interface/differential_transmission_loader.hpp
[16.758s] -- Installing: /home/parallels/ros2_ws/install/transmission_interface/include/transmission_interface/visibility_control.h
[16.758s] -- Installing: /home/parallels/ros2_ws/install/transmission_interface/include/transmission_interface/transmission_loader.hpp
[16.759s] -- Installing: /home/parallels/ros2_ws/install/transmission_interface/include/transmission_interface/four_bar_linkage_transmission.hpp
[16.759s] -- Installing: /home/parallels/ros2_ws/install/transmission_interface/include/transmission_interface/simple_transmission_loader.hpp
[16.759s] -- Installing: /home/parallels/ros2_ws/install/transmission_interface/include/transmission_interface/transmission.hpp
[16.759s] -- Installing: /home/parallels/ros2_ws/install/transmission_interface/include/transmission_interface/four_bar_linkage_transmission_loader.hpp
[16.759s] -- Installing: /home/parallels/ros2_ws/install/transmission_interface/include/transmission_interface/exception.hpp
[16.759s] -- Installing: /home/parallels/ros2_ws/install/transmission_interface/include/transmission_interface/simple_transmission.hpp
[16.759s] -- Installing: /home/parallels/ros2_ws/install/transmission_interface/include/transmission_interface/transmission_interface_exception.hpp
[16.761s] -- Installing: /home/parallels/ros2_ws/install/transmission_interface/share/transmission_interface/ros2_control_plugins.xml
[16.761s] -- Installing: /home/parallels/ros2_ws/install/transmission_interface/lib/libtransmission_interface.so
[16.761s] -- Set runtime path of "/home/parallels/ros2_ws/install/transmission_interface/lib/libtransmission_interface.so" to ""
[16.761s] -- Installing: /home/parallels/ros2_ws/install/transmission_interface/share/transmission_interface/environment/library_path.sh
[16.761s] -- Installing: /home/parallels/ros2_ws/install/transmission_interface/share/transmission_interface/environment/library_path.dsv
[16.762s] -- Installing: /home/parallels/ros2_ws/install/transmission_interface/share/ament_index/resource_index/package_run_dependencies/transmission_interface
[16.762s] -- Installing: /home/parallels/ros2_ws/install/transmission_interface/share/ament_index/resource_index/parent_prefix_path/transmission_interface
[16.762s] -- Installing: /home/parallels/ros2_ws/install/transmission_interface/share/transmission_interface/environment/ament_prefix_path.sh
[16.762s] -- Installing: /home/parallels/ros2_ws/install/transmission_interface/share/transmission_interface/environment/ament_prefix_path.dsv
[16.762s] -- Installing: /home/parallels/ros2_ws/install/transmission_interface/share/transmission_interface/environment/path.sh
[16.762s] -- Installing: /home/parallels/ros2_ws/install/transmission_interface/share/transmission_interface/environment/path.dsv
[16.762s] -- Installing: /home/parallels/ros2_ws/install/transmission_interface/share/transmission_interface/local_setup.bash
[16.762s] -- Installing: /home/parallels/ros2_ws/install/transmission_interface/share/transmission_interface/local_setup.sh
[16.762s] -- Installing: /home/parallels/ros2_ws/install/transmission_interface/share/transmission_interface/local_setup.zsh
[16.762s] -- Installing: /home/parallels/ros2_ws/install/transmission_interface/share/transmission_interface/local_setup.dsv
[16.762s] -- Installing: /home/parallels/ros2_ws/install/transmission_interface/share/transmission_interface/package.dsv
[16.762s] -- Installing: /home/parallels/ros2_ws/install/transmission_interface/share/ament_index/resource_index/packages/transmission_interface
[16.762s] -- Installing: /home/parallels/ros2_ws/install/transmission_interface/share/ament_index/resource_index/transmission_interface__pluginlib__plugin/transmission_interface
[16.762s] -- Installing: /home/parallels/ros2_ws/install/transmission_interface/share/transmission_interface/cmake/ament_cmake_export_include_directories-extras.cmake
[16.762s] -- Installing: /home/parallels/ros2_ws/install/transmission_interface/share/transmission_interface/cmake/ament_cmake_export_dependencies-extras.cmake
[16.762s] -- Installing: /home/parallels/ros2_ws/install/transmission_interface/share/transmission_interface/cmake/ament_cmake_export_libraries-extras.cmake
[16.762s] -- Installing: /home/parallels/ros2_ws/install/transmission_interface/share/transmission_interface/cmake/transmission_interfaceConfig.cmake
[16.762s] -- Installing: /home/parallels/ros2_ws/install/transmission_interface/share/transmission_interface/cmake/transmission_interfaceConfig-version.cmake
[16.762s] -- Installing: /home/parallels/ros2_ws/install/transmission_interface/share/transmission_interface/package.xml
[16.764s] Invoked command in '/home/parallels/ros2_ws/build/transmission_interface' returned '0': AMENT_PREFIX_PATH=/home/parallels/ros2_ws/install/hardware_interface:/home/parallels/ros2_ws/install/ros2_control_test_assets:${AMENT_PREFIX_PATH} CMAKE_PREFIX_PATH=/home/parallels/ros2_ws/install/hardware_interface:/home/parallels/ros2_ws/install/ros2_control_test_assets:/usr:/opt/ros/humble LD_LIBRARY_PATH=/home/parallels/ros2_ws/install/hardware_interface/lib:${LD_LIBRARY_PATH} /usr/bin/cmake --install /home/parallels/ros2_ws/build/transmission_interface
