[0.957s] Invoking command in '/home/parallels/ros2_ws/src/number_counter': PYTHONPATH=/home/parallels/ros2_ws/build/number_counter/prefix_override:/usr/lib/python3/dist-packages/colcon_core/task/python/colcon_distutils_commands:/home/parallels/ros2_ws/install/number_counter/lib/python3.10/site-packages:${PYTHONPATH} /usr/bin/python3 -W ignore:setup.py install is deprecated -W ignore:easy_install command is deprecated setup.py egg_info --egg-base ../../build/number_counter build --build-base /home/parallels/ros2_ws/build/number_counter/build install --record /home/parallels/ros2_ws/build/number_counter/install.log --single-version-externally-managed install_data
[1.151s] running egg_info
[1.153s] writing ../../build/number_counter/number_counter.egg-info/PKG-INFO
[1.153s] writing dependency_links to ../../build/number_counter/number_counter.egg-info/dependency_links.txt
[1.153s] writing entry points to ../../build/number_counter/number_counter.egg-info/entry_points.txt
[1.153s] writing requirements to ../../build/number_counter/number_counter.egg-info/requires.txt
[1.153s] writing top-level names to ../../build/number_counter/number_counter.egg-info/top_level.txt
[1.156s] reading manifest file '../../build/number_counter/number_counter.egg-info/SOURCES.txt'
[1.157s] writing manifest file '../../build/number_counter/number_counter.egg-info/SOURCES.txt'
[1.157s] running build
[1.157s] running build_py
[1.157s] running install
[1.158s] running install_lib
[1.159s] running install_data
[1.159s] running install_egg_info
[1.163s] removing '/home/parallels/ros2_ws/install/number_counter/lib/python3.10/site-packages/number_counter-0.0.0-py3.10.egg-info' (and everything under it)
[1.163s] Copying ../../build/number_counter/number_counter.egg-info to /home/parallels/ros2_ws/install/number_counter/lib/python3.10/site-packages/number_counter-0.0.0-py3.10.egg-info
[1.164s] running install_scripts
[1.180s] Installing number_count script to /home/parallels/ros2_ws/install/number_counter/lib/number_counter
[1.180s] Installing number_pub script to /home/parallels/ros2_ws/install/number_counter/lib/number_counter
[1.180s] writing list of installed files to '/home/parallels/ros2_ws/build/number_counter/install.log'
[1.199s] Invoked command in '/home/parallels/ros2_ws/src/number_counter' returned '0': PYTHONPATH=/home/parallels/ros2_ws/build/number_counter/prefix_override:/usr/lib/python3/dist-packages/colcon_core/task/python/colcon_distutils_commands:/home/parallels/ros2_ws/install/number_counter/lib/python3.10/site-packages:${PYTHONPATH} /usr/bin/python3 -W ignore:setup.py install is deprecated -W ignore:easy_install command is deprecated setup.py egg_info --egg-base ../../build/number_counter build --build-base /home/parallels/ros2_ws/build/number_counter/build install --record /home/parallels/ros2_ws/build/number_counter/install.log --single-version-externally-managed install_data
