[0.058s] Invoking command in '/home/parallels/ros2_ws/build/polygon_plugins': CMAKE_PREFIX_PATH=/home/parallels/ros2_ws/install/polygon_base:/home/parallels/ros2_ws/install/ros2_controllers:/home/parallels/ros2_ws/install/ign_ros2_control_demos:/home/parallels/ros2_ws/install/velocity_controllers:/home/parallels/ros2_ws/install/tricycle_steering_controller:/home/parallels/ros2_ws/install/tricycle_controller:/home/parallels/ros2_ws/install/ros2_control:/home/parallels/ros2_ws/install/transmission_interface:/home/parallels/ros2_ws/install/bicycle_steering_controller:/home/parallels/ros2_ws/install/ackermann_steering_controller:/home/parallels/ros2_ws/install/steering_controllers_library:/home/parallels/ros2_ws/install/gz_ros2_control_tests:/home/parallels/ros2_ws/install/ign_ros2_control:/home/parallels/ros2_ws/install/hardware_interface_testing:/home/parallels/ros2_ws/install/controller_manager:/home/parallels/ros2_ws/install/ros2_control_test_assets:/home/parallels/ros2_ws/install/ros2_control_demo_description:/home/parallels/ros2_ws/install/range_sensor_broadcaster:/home/parallels/ros2_ws/install/position_controllers:/home/parallels/ros2_ws/install/polygon_plugins:/home/parallels/ros2_ws/install/admittance_controller:/home/parallels/ros2_ws/install/joint_trajectory_controller:/home/parallels/ros2_ws/install/joint_state_broadcaster:/home/parallels/ros2_ws/install/joint_limits:/home/parallels/ros2_ws/install/imu_sensor_broadcaster:/home/parallels/ros2_ws/install/gripper_controllers:/home/parallels/ros2_ws/install/effort_controllers:/home/parallels/ros2_ws/install/forward_command_controller:/home/parallels/ros2_ws/install/force_torque_sensor_broadcaster:/home/parallels/ros2_ws/install/diff_drive_controller:/home/parallels/ros2_ws/install/controller_interface:/home/parallels/ros2_ws/install/controller_manager_msgs:/usr:/home/parallels/ros2_ws/install/rqt_joint_trajectory_controller:/home/parallels/ros2_ws/install/rqt_controller_manager:/home/parallels/ros2_ws/install/ros2controlcli:/home/parallels/ros2_ws/install/ros2_controllers_test_nodes:/home/parallels/ros2_ws/install/hardware_interface:/opt/ros/humble /usr/bin/cmake /home/parallels/ros2_ws/src/polygon_plugins -DCMAKE_INSTALL_PREFIX=/home/parallels/ros2_ws/install/polygon_plugins
[0.137s] -- The C compiler identification is GNU 11.4.0
[0.284s] -- The CXX compiler identification is GNU 11.4.0
[0.296s] -- Detecting C compiler ABI info
[0.501s] -- Detecting C compiler ABI info - done
[0.508s] -- Check for working C compiler: /usr/bin/cc - skipped
[0.508s] -- Detecting C compile features
[0.508s] -- Detecting C compile features - done
[0.510s] -- Detecting CXX compiler ABI info
[0.702s] -- Detecting CXX compiler ABI info - done
[0.707s] -- Check for working CXX compiler: /usr/bin/c++ - skipped
[0.707s] -- Detecting CXX compile features
[0.707s] -- Detecting CXX compile features - done
[0.717s] -- Found ament_cmake: 1.3.10 (/opt/ros/humble/share/ament_cmake/cmake)
[0.866s] -- Found Python3: /usr/bin/python3 (found version "3.10.12") found components: Interpreter 
[1.040s] -- Found ament_cmake_ros: 0.10.0 (/opt/ros/humble/share/ament_cmake_ros/cmake)
[1.074s] -- Found polygon_base: 0.0.0 (/home/parallels/ros2_ws/install/polygon_base/share/polygon_base/cmake)
[1.083s] -- Found pluginlib: 5.1.0 (/opt/ros/humble/share/pluginlib/cmake)
[1.204s] -- Found ament_lint_auto: 0.12.11 (/opt/ros/humble/share/ament_lint_auto/cmake)
[1.394s] -- Added test 'cppcheck' to perform static code analysis on C / C++ code
[1.404s] -- Configured cppcheck include dirs: $<BUILD_INTERFACE:/home/parallels/ros2_ws/src/polygon_plugins/include>
[1.404s] -- Configured cppcheck exclude dirs and/or files: 
[1.405s] -- Added test 'lint_cmake' to check CMake code style
[1.413s] -- Added test 'uncrustify' to check C / C++ code style
[1.413s] -- Configured uncrustify additional arguments: 
[1.414s] -- Added test 'xmllint' to check XML markup files
[1.416s] -- Configuring done
[1.418s] -- Generating done
[1.420s] -- Build files have been written to: /home/parallels/ros2_ws/build/polygon_plugins
[1.423s] Invoked command in '/home/parallels/ros2_ws/build/polygon_plugins' returned '0': CMAKE_PREFIX_PATH=/home/parallels/ros2_ws/install/polygon_base:/home/parallels/ros2_ws/install/ros2_controllers:/home/parallels/ros2_ws/install/ign_ros2_control_demos:/home/parallels/ros2_ws/install/velocity_controllers:/home/parallels/ros2_ws/install/tricycle_steering_controller:/home/parallels/ros2_ws/install/tricycle_controller:/home/parallels/ros2_ws/install/ros2_control:/home/parallels/ros2_ws/install/transmission_interface:/home/parallels/ros2_ws/install/bicycle_steering_controller:/home/parallels/ros2_ws/install/ackermann_steering_controller:/home/parallels/ros2_ws/install/steering_controllers_library:/home/parallels/ros2_ws/install/gz_ros2_control_tests:/home/parallels/ros2_ws/install/ign_ros2_control:/home/parallels/ros2_ws/install/hardware_interface_testing:/home/parallels/ros2_ws/install/controller_manager:/home/parallels/ros2_ws/install/ros2_control_test_assets:/home/parallels/ros2_ws/install/ros2_control_demo_description:/home/parallels/ros2_ws/install/range_sensor_broadcaster:/home/parallels/ros2_ws/install/position_controllers:/home/parallels/ros2_ws/install/polygon_plugins:/home/parallels/ros2_ws/install/admittance_controller:/home/parallels/ros2_ws/install/joint_trajectory_controller:/home/parallels/ros2_ws/install/joint_state_broadcaster:/home/parallels/ros2_ws/install/joint_limits:/home/parallels/ros2_ws/install/imu_sensor_broadcaster:/home/parallels/ros2_ws/install/gripper_controllers:/home/parallels/ros2_ws/install/effort_controllers:/home/parallels/ros2_ws/install/forward_command_controller:/home/parallels/ros2_ws/install/force_torque_sensor_broadcaster:/home/parallels/ros2_ws/install/diff_drive_controller:/home/parallels/ros2_ws/install/controller_interface:/home/parallels/ros2_ws/install/controller_manager_msgs:/usr:/home/parallels/ros2_ws/install/rqt_joint_trajectory_controller:/home/parallels/ros2_ws/install/rqt_controller_manager:/home/parallels/ros2_ws/install/ros2controlcli:/home/parallels/ros2_ws/install/ros2_controllers_test_nodes:/home/parallels/ros2_ws/install/hardware_interface:/opt/ros/humble /usr/bin/cmake /home/parallels/ros2_ws/src/polygon_plugins -DCMAKE_INSTALL_PREFIX=/home/parallels/ros2_ws/install/polygon_plugins
[1.434s] Invoking command in '/home/parallels/ros2_ws/build/polygon_plugins': CMAKE_PREFIX_PATH=/home/parallels/ros2_ws/install/polygon_base:/home/parallels/ros2_ws/install/ros2_controllers:/home/parallels/ros2_ws/install/ign_ros2_control_demos:/home/parallels/ros2_ws/install/velocity_controllers:/home/parallels/ros2_ws/install/tricycle_steering_controller:/home/parallels/ros2_ws/install/tricycle_controller:/home/parallels/ros2_ws/install/ros2_control:/home/parallels/ros2_ws/install/transmission_interface:/home/parallels/ros2_ws/install/bicycle_steering_controller:/home/parallels/ros2_ws/install/ackermann_steering_controller:/home/parallels/ros2_ws/install/steering_controllers_library:/home/parallels/ros2_ws/install/gz_ros2_control_tests:/home/parallels/ros2_ws/install/ign_ros2_control:/home/parallels/ros2_ws/install/hardware_interface_testing:/home/parallels/ros2_ws/install/controller_manager:/home/parallels/ros2_ws/install/ros2_control_test_assets:/home/parallels/ros2_ws/install/ros2_control_demo_description:/home/parallels/ros2_ws/install/range_sensor_broadcaster:/home/parallels/ros2_ws/install/position_controllers:/home/parallels/ros2_ws/install/polygon_plugins:/home/parallels/ros2_ws/install/admittance_controller:/home/parallels/ros2_ws/install/joint_trajectory_controller:/home/parallels/ros2_ws/install/joint_state_broadcaster:/home/parallels/ros2_ws/install/joint_limits:/home/parallels/ros2_ws/install/imu_sensor_broadcaster:/home/parallels/ros2_ws/install/gripper_controllers:/home/parallels/ros2_ws/install/effort_controllers:/home/parallels/ros2_ws/install/forward_command_controller:/home/parallels/ros2_ws/install/force_torque_sensor_broadcaster:/home/parallels/ros2_ws/install/diff_drive_controller:/home/parallels/ros2_ws/install/controller_interface:/home/parallels/ros2_ws/install/controller_manager_msgs:/usr:/home/parallels/ros2_ws/install/rqt_joint_trajectory_controller:/home/parallels/ros2_ws/install/rqt_controller_manager:/home/parallels/ros2_ws/install/ros2controlcli:/home/parallels/ros2_ws/install/ros2_controllers_test_nodes:/home/parallels/ros2_ws/install/hardware_interface:/opt/ros/humble /usr/bin/cmake --build /home/parallels/ros2_ws/build/polygon_plugins -- -j4 -l4
[1.632s] [ 50%] [32mBuilding CXX object CMakeFiles/polygon_plugins.dir/src/polygon_plugins.cpp.o[0m
[2.362s] [100%] [32m[1mLinking CXX shared library libpolygon_plugins.so[0m
[2.456s] [100%] Built target polygon_plugins
[2.509s] Invoked command in '/home/parallels/ros2_ws/build/polygon_plugins' returned '0': CMAKE_PREFIX_PATH=/home/parallels/ros2_ws/install/polygon_base:/home/parallels/ros2_ws/install/ros2_controllers:/home/parallels/ros2_ws/install/ign_ros2_control_demos:/home/parallels/ros2_ws/install/velocity_controllers:/home/parallels/ros2_ws/install/tricycle_steering_controller:/home/parallels/ros2_ws/install/tricycle_controller:/home/parallels/ros2_ws/install/ros2_control:/home/parallels/ros2_ws/install/transmission_interface:/home/parallels/ros2_ws/install/bicycle_steering_controller:/home/parallels/ros2_ws/install/ackermann_steering_controller:/home/parallels/ros2_ws/install/steering_controllers_library:/home/parallels/ros2_ws/install/gz_ros2_control_tests:/home/parallels/ros2_ws/install/ign_ros2_control:/home/parallels/ros2_ws/install/hardware_interface_testing:/home/parallels/ros2_ws/install/controller_manager:/home/parallels/ros2_ws/install/ros2_control_test_assets:/home/parallels/ros2_ws/install/ros2_control_demo_description:/home/parallels/ros2_ws/install/range_sensor_broadcaster:/home/parallels/ros2_ws/install/position_controllers:/home/parallels/ros2_ws/install/polygon_plugins:/home/parallels/ros2_ws/install/admittance_controller:/home/parallels/ros2_ws/install/joint_trajectory_controller:/home/parallels/ros2_ws/install/joint_state_broadcaster:/home/parallels/ros2_ws/install/joint_limits:/home/parallels/ros2_ws/install/imu_sensor_broadcaster:/home/parallels/ros2_ws/install/gripper_controllers:/home/parallels/ros2_ws/install/effort_controllers:/home/parallels/ros2_ws/install/forward_command_controller:/home/parallels/ros2_ws/install/force_torque_sensor_broadcaster:/home/parallels/ros2_ws/install/diff_drive_controller:/home/parallels/ros2_ws/install/controller_interface:/home/parallels/ros2_ws/install/controller_manager_msgs:/usr:/home/parallels/ros2_ws/install/rqt_joint_trajectory_controller:/home/parallels/ros2_ws/install/rqt_controller_manager:/home/parallels/ros2_ws/install/ros2controlcli:/home/parallels/ros2_ws/install/ros2_controllers_test_nodes:/home/parallels/ros2_ws/install/hardware_interface:/opt/ros/humble /usr/bin/cmake --build /home/parallels/ros2_ws/build/polygon_plugins -- -j4 -l4
[2.653s] Invoking command in '/home/parallels/ros2_ws/build/polygon_plugins': CMAKE_PREFIX_PATH=/home/parallels/ros2_ws/install/polygon_base:/home/parallels/ros2_ws/install/ros2_controllers:/home/parallels/ros2_ws/install/ign_ros2_control_demos:/home/parallels/ros2_ws/install/velocity_controllers:/home/parallels/ros2_ws/install/tricycle_steering_controller:/home/parallels/ros2_ws/install/tricycle_controller:/home/parallels/ros2_ws/install/ros2_control:/home/parallels/ros2_ws/install/transmission_interface:/home/parallels/ros2_ws/install/bicycle_steering_controller:/home/parallels/ros2_ws/install/ackermann_steering_controller:/home/parallels/ros2_ws/install/steering_controllers_library:/home/parallels/ros2_ws/install/gz_ros2_control_tests:/home/parallels/ros2_ws/install/ign_ros2_control:/home/parallels/ros2_ws/install/hardware_interface_testing:/home/parallels/ros2_ws/install/controller_manager:/home/parallels/ros2_ws/install/ros2_control_test_assets:/home/parallels/ros2_ws/install/ros2_control_demo_description:/home/parallels/ros2_ws/install/range_sensor_broadcaster:/home/parallels/ros2_ws/install/position_controllers:/home/parallels/ros2_ws/install/polygon_plugins:/home/parallels/ros2_ws/install/admittance_controller:/home/parallels/ros2_ws/install/joint_trajectory_controller:/home/parallels/ros2_ws/install/joint_state_broadcaster:/home/parallels/ros2_ws/install/joint_limits:/home/parallels/ros2_ws/install/imu_sensor_broadcaster:/home/parallels/ros2_ws/install/gripper_controllers:/home/parallels/ros2_ws/install/effort_controllers:/home/parallels/ros2_ws/install/forward_command_controller:/home/parallels/ros2_ws/install/force_torque_sensor_broadcaster:/home/parallels/ros2_ws/install/diff_drive_controller:/home/parallels/ros2_ws/install/controller_interface:/home/parallels/ros2_ws/install/controller_manager_msgs:/usr:/home/parallels/ros2_ws/install/rqt_joint_trajectory_controller:/home/parallels/ros2_ws/install/rqt_controller_manager:/home/parallels/ros2_ws/install/ros2controlcli:/home/parallels/ros2_ws/install/ros2_controllers_test_nodes:/home/parallels/ros2_ws/install/hardware_interface:/opt/ros/humble /usr/bin/cmake --install /home/parallels/ros2_ws/build/polygon_plugins
[2.680s] -- Install configuration: ""
[2.680s] -- Installing: /home/parallels/ros2_ws/install/polygon_plugins/share/polygon_plugins/plugins.xml
[2.680s] -- Installing: /home/parallels/ros2_ws/install/polygon_plugins/include
[2.680s] -- Installing: /home/parallels/ros2_ws/install/polygon_plugins/include/polygon_plugins
[2.680s] -- Installing: /home/parallels/ros2_ws/install/polygon_plugins/include/polygon_plugins/polygon_plugins.hpp
[2.680s] -- Installing: /home/parallels/ros2_ws/install/polygon_plugins/include/polygon_plugins/visibility_control.h
[2.680s] -- Installing: /home/parallels/ros2_ws/install/polygon_plugins/lib/libpolygon_plugins.so
[2.680s] -- Set runtime path of "/home/parallels/ros2_ws/install/polygon_plugins/lib/libpolygon_plugins.so" to ""
[2.680s] -- Installing: /home/parallels/ros2_ws/install/polygon_plugins/share/polygon_plugins/environment/library_path.sh
[2.680s] -- Installing: /home/parallels/ros2_ws/install/polygon_plugins/share/polygon_plugins/environment/library_path.dsv
[2.680s] -- Installing: /home/parallels/ros2_ws/install/polygon_plugins/share/ament_index/resource_index/package_run_dependencies/polygon_plugins
[2.680s] -- Installing: /home/parallels/ros2_ws/install/polygon_plugins/share/ament_index/resource_index/parent_prefix_path/polygon_plugins
[2.680s] -- Installing: /home/parallels/ros2_ws/install/polygon_plugins/share/polygon_plugins/environment/ament_prefix_path.sh
[2.680s] -- Installing: /home/parallels/ros2_ws/install/polygon_plugins/share/polygon_plugins/environment/ament_prefix_path.dsv
[2.680s] -- Installing: /home/parallels/ros2_ws/install/polygon_plugins/share/polygon_plugins/environment/path.sh
[2.680s] -- Installing: /home/parallels/ros2_ws/install/polygon_plugins/share/polygon_plugins/environment/path.dsv
[2.680s] -- Installing: /home/parallels/ros2_ws/install/polygon_plugins/share/polygon_plugins/local_setup.bash
[2.680s] -- Installing: /home/parallels/ros2_ws/install/polygon_plugins/share/polygon_plugins/local_setup.sh
[2.680s] -- Installing: /home/parallels/ros2_ws/install/polygon_plugins/share/polygon_plugins/local_setup.zsh
[2.680s] -- Installing: /home/parallels/ros2_ws/install/polygon_plugins/share/polygon_plugins/local_setup.dsv
[2.680s] -- Installing: /home/parallels/ros2_ws/install/polygon_plugins/share/polygon_plugins/package.dsv
[2.680s] -- Installing: /home/parallels/ros2_ws/install/polygon_plugins/share/ament_index/resource_index/packages/polygon_plugins
[2.680s] -- Installing: /home/parallels/ros2_ws/install/polygon_plugins/share/ament_index/resource_index/polygon_base__pluginlib__plugin/polygon_plugins
[2.680s] -- Installing: /home/parallels/ros2_ws/install/polygon_plugins/share/polygon_plugins/cmake/export_polygon_pluginsExport.cmake
[2.680s] -- Installing: /home/parallels/ros2_ws/install/polygon_plugins/share/polygon_plugins/cmake/export_polygon_pluginsExport-noconfig.cmake
[2.680s] -- Installing: /home/parallels/ros2_ws/install/polygon_plugins/share/polygon_plugins/cmake/ament_cmake_export_include_directories-extras.cmake
[2.680s] -- Installing: /home/parallels/ros2_ws/install/polygon_plugins/share/polygon_plugins/cmake/ament_cmake_export_libraries-extras.cmake
[2.680s] -- Installing: /home/parallels/ros2_ws/install/polygon_plugins/share/polygon_plugins/cmake/ament_cmake_export_targets-extras.cmake
[2.680s] -- Installing: /home/parallels/ros2_ws/install/polygon_plugins/share/polygon_plugins/cmake/polygon_pluginsConfig.cmake
[2.680s] -- Installing: /home/parallels/ros2_ws/install/polygon_plugins/share/polygon_plugins/cmake/polygon_pluginsConfig-version.cmake
[2.680s] -- Installing: /home/parallels/ros2_ws/install/polygon_plugins/share/polygon_plugins/package.xml
[2.681s] Invoked command in '/home/parallels/ros2_ws/build/polygon_plugins' returned '0': CMAKE_PREFIX_PATH=/home/parallels/ros2_ws/install/polygon_base:/home/parallels/ros2_ws/install/ros2_controllers:/home/parallels/ros2_ws/install/ign_ros2_control_demos:/home/parallels/ros2_ws/install/velocity_controllers:/home/parallels/ros2_ws/install/tricycle_steering_controller:/home/parallels/ros2_ws/install/tricycle_controller:/home/parallels/ros2_ws/install/ros2_control:/home/parallels/ros2_ws/install/transmission_interface:/home/parallels/ros2_ws/install/bicycle_steering_controller:/home/parallels/ros2_ws/install/ackermann_steering_controller:/home/parallels/ros2_ws/install/steering_controllers_library:/home/parallels/ros2_ws/install/gz_ros2_control_tests:/home/parallels/ros2_ws/install/ign_ros2_control:/home/parallels/ros2_ws/install/hardware_interface_testing:/home/parallels/ros2_ws/install/controller_manager:/home/parallels/ros2_ws/install/ros2_control_test_assets:/home/parallels/ros2_ws/install/ros2_control_demo_description:/home/parallels/ros2_ws/install/range_sensor_broadcaster:/home/parallels/ros2_ws/install/position_controllers:/home/parallels/ros2_ws/install/polygon_plugins:/home/parallels/ros2_ws/install/admittance_controller:/home/parallels/ros2_ws/install/joint_trajectory_controller:/home/parallels/ros2_ws/install/joint_state_broadcaster:/home/parallels/ros2_ws/install/joint_limits:/home/parallels/ros2_ws/install/imu_sensor_broadcaster:/home/parallels/ros2_ws/install/gripper_controllers:/home/parallels/ros2_ws/install/effort_controllers:/home/parallels/ros2_ws/install/forward_command_controller:/home/parallels/ros2_ws/install/force_torque_sensor_broadcaster:/home/parallels/ros2_ws/install/diff_drive_controller:/home/parallels/ros2_ws/install/controller_interface:/home/parallels/ros2_ws/install/controller_manager_msgs:/usr:/home/parallels/ros2_ws/install/rqt_joint_trajectory_controller:/home/parallels/ros2_ws/install/rqt_controller_manager:/home/parallels/ros2_ws/install/ros2controlcli:/home/parallels/ros2_ws/install/ros2_controllers_test_nodes:/home/parallels/ros2_ws/install/hardware_interface:/opt/ros/humble /usr/bin/cmake --install /home/parallels/ros2_ws/build/polygon_plugins
