[0.011s] Invoking command in '/home/parallels/ros2_ws/build/polygon_base': CMAKE_PREFIX_PATH=${CMAKE_PREFIX_PATH}:/home/parallels/ros2_ws/install/turtlesim_catch_them_all:/home/parallels/ros2_ws/install/number_counter:/home/parallels/ros2_ws/install/my_py_pkg:/home/parallels/ros2_ws/install/add_two_ints:/opt/ros/humble /usr/bin/cmake --build /home/parallels/ros2_ws/build/polygon_base -- -j4 -l4
[0.073s] [35m[1mConsolidate compiler generated dependencies of target area_node[0m
[0.082s] [100%] Built target area_node
[0.102s] Invoked command in '/home/parallels/ros2_ws/build/polygon_base' returned '0': CMAKE_PREFIX_PATH=${CMAKE_PREFIX_PATH}:/home/parallels/ros2_ws/install/turtlesim_catch_them_all:/home/parallels/ros2_ws/install/number_counter:/home/parallels/ros2_ws/install/my_py_pkg:/home/parallels/ros2_ws/install/add_two_ints:/opt/ros/humble /usr/bin/cmake --build /home/parallels/ros2_ws/build/polygon_base -- -j4 -l4
[0.111s] Invoking command in '/home/parallels/ros2_ws/build/polygon_base': CMAKE_PREFIX_PATH=${CMAKE_PREFIX_PATH}:/home/parallels/ros2_ws/install/turtlesim_catch_them_all:/home/parallels/ros2_ws/install/number_counter:/home/parallels/ros2_ws/install/my_py_pkg:/home/parallels/ros2_ws/install/add_two_ints:/opt/ros/humble /usr/bin/cmake --install /home/parallels/ros2_ws/build/polygon_base
[0.121s] -- Install configuration: ""
[0.121s] -- Up-to-date: /home/parallels/ros2_ws/install/polygon_base/include
[0.121s] -- Up-to-date: /home/parallels/ros2_ws/install/polygon_base/include/polygon_base
[0.121s] -- Up-to-date: /home/parallels/ros2_ws/install/polygon_base/include/polygon_base/regular_polygon.hpp
[0.121s] -- Up-to-date: /home/parallels/ros2_ws/install/polygon_base/lib/polygon_base/area_node
[0.121s] -- Up-to-date: /home/parallels/ros2_ws/install/polygon_base/share/ament_index/resource_index/package_run_dependencies/polygon_base
[0.121s] -- Up-to-date: /home/parallels/ros2_ws/install/polygon_base/share/ament_index/resource_index/parent_prefix_path/polygon_base
[0.121s] -- Up-to-date: /home/parallels/ros2_ws/install/polygon_base/share/polygon_base/environment/ament_prefix_path.sh
[0.121s] -- Up-to-date: /home/parallels/ros2_ws/install/polygon_base/share/polygon_base/environment/ament_prefix_path.dsv
[0.121s] -- Up-to-date: /home/parallels/ros2_ws/install/polygon_base/share/polygon_base/environment/path.sh
[0.121s] -- Up-to-date: /home/parallels/ros2_ws/install/polygon_base/share/polygon_base/environment/path.dsv
[0.121s] -- Up-to-date: /home/parallels/ros2_ws/install/polygon_base/share/polygon_base/local_setup.bash
[0.121s] -- Up-to-date: /home/parallels/ros2_ws/install/polygon_base/share/polygon_base/local_setup.sh
[0.121s] -- Up-to-date: /home/parallels/ros2_ws/install/polygon_base/share/polygon_base/local_setup.zsh
[0.121s] -- Up-to-date: /home/parallels/ros2_ws/install/polygon_base/share/polygon_base/local_setup.dsv
[0.129s] -- Installing: /home/parallels/ros2_ws/install/polygon_base/share/polygon_base/package.dsv
[0.129s] -- Up-to-date: /home/parallels/ros2_ws/install/polygon_base/share/ament_index/resource_index/packages/polygon_base
[0.129s] -- Up-to-date: /home/parallels/ros2_ws/install/polygon_base/share/polygon_base/cmake/ament_cmake_export_include_directories-extras.cmake
[0.129s] -- Up-to-date: /home/parallels/ros2_ws/install/polygon_base/share/polygon_base/cmake/polygon_baseConfig.cmake
[0.129s] -- Up-to-date: /home/parallels/ros2_ws/install/polygon_base/share/polygon_base/cmake/polygon_baseConfig-version.cmake
[0.129s] -- Up-to-date: /home/parallels/ros2_ws/install/polygon_base/share/polygon_base/package.xml
[0.129s] Invoked command in '/home/parallels/ros2_ws/build/polygon_base' returned '0': CMAKE_PREFIX_PATH=${CMAKE_PREFIX_PATH}:/home/parallels/ros2_ws/install/turtlesim_catch_them_all:/home/parallels/ros2_ws/install/number_counter:/home/parallels/ros2_ws/install/my_py_pkg:/home/parallels/ros2_ws/install/add_two_ints:/opt/ros/humble /usr/bin/cmake --install /home/parallels/ros2_ws/build/polygon_base
