[0.288s] Invoking command in '/home/parallels/ros2_ws/build/my_py_pkg': PYTHONPATH=/home/parallels/ros2_ws/build/my_py_pkg/prefix_override:/usr/lib/python3/dist-packages/colcon_core/task/python/colcon_distutils_commands:/home/parallels/ros2_ws/install/my_py_pkg/lib/python3.10/site-packages:${PYTHONPATH} /usr/bin/python3 -W ignore:setup.py install is deprecated setup.py develop --editable --build-directory /home/parallels/ros2_ws/build/my_py_pkg/build --no-deps symlink_data --force
[0.411s] running develop
[0.478s] running egg_info
[0.478s] writing my_py_pkg.egg-info/PKG-INFO
[0.479s] writing dependency_links to my_py_pkg.egg-info/dependency_links.txt
[0.479s] writing entry points to my_py_pkg.egg-info/entry_points.txt
[0.479s] writing requirements to my_py_pkg.egg-info/requires.txt
[0.479s] writing top-level names to my_py_pkg.egg-info/top_level.txt
[0.480s] reading manifest file 'my_py_pkg.egg-info/SOURCES.txt'
[0.480s] writing manifest file 'my_py_pkg.egg-info/SOURCES.txt'
[0.481s] running build_ext
[0.481s] Creating /home/parallels/ros2_ws/install/my_py_pkg/lib/python3.10/site-packages/my-py-pkg.egg-link (link to .)
[0.481s] Installing py_node script to /home/parallels/ros2_ws/install/my_py_pkg/lib/my_py_pkg
[0.481s] Installing robot_news_station script to /home/parallels/ros2_ws/install/my_py_pkg/lib/my_py_pkg
[0.481s] 
[0.481s] Installed /home/parallels/ros2_ws/build/my_py_pkg
[0.481s] running symlink_data
[0.481s] symbolically linking /home/parallels/ros2_ws/build/my_py_pkg/resource/my_py_pkg -> /home/parallels/ros2_ws/install/my_py_pkg/share/ament_index/resource_index/packages
[0.481s] symbolically linking /home/parallels/ros2_ws/build/my_py_pkg/package.xml -> /home/parallels/ros2_ws/install/my_py_pkg/share/my_py_pkg
[0.496s] Invoked command in '/home/parallels/ros2_ws/build/my_py_pkg' returned '0': PYTHONPATH=/home/parallels/ros2_ws/build/my_py_pkg/prefix_override:/usr/lib/python3/dist-packages/colcon_core/task/python/colcon_distutils_commands:/home/parallels/ros2_ws/install/my_py_pkg/lib/python3.10/site-packages:${PYTHONPATH} /usr/bin/python3 -W ignore:setup.py install is deprecated setup.py develop --editable --build-directory /home/parallels/ros2_ws/build/my_py_pkg/build --no-deps symlink_data --force
