[0.000000] (-) TimerEvent: {}
[0.000086] (-) JobUnselected: {'identifier': 'ackermann_steering_controller'}
[0.000110] (-) JobUnselected: {'identifier': 'add_two_ints'}
[0.000120] (-) JobUnselected: {'identifier': 'add_two_ints_cpp'}
[0.000128] (-) JobUnselected: {'identifier': 'admittance_controller'}
[0.000136] (-) JobUnselected: {'identifier': 'bicycle_steering_controller'}
[0.000144] (-) JobUnselected: {'identifier': 'controller_interface'}
[0.000151] (-) JobUnselected: {'identifier': 'controller_manager'}
[0.000159] (-) JobUnselected: {'identifier': 'controller_manager_msgs'}
[0.000166] (-) JobUnselected: {'identifier': 'diff_drive_controller'}
[0.000173] (-) JobUnselected: {'identifier': 'effort_controllers'}
[0.000180] (-) JobUnselected: {'identifier': 'force_torque_sensor_broadcaster'}
[0.000187] (-) JobUnselected: {'identifier': 'forward_command_controller'}
[0.000194] (-) JobUnselected: {'identifier': 'gripper_controllers'}
[0.000201] (-) JobUnselected: {'identifier': 'gz_ros2_control_tests'}
[0.000209] (-) JobUnselected: {'identifier': 'hardware_interface'}
[0.000215] (-) JobUnselected: {'identifier': 'hardware_interface_testing'}
[0.000223] (-) JobUnselected: {'identifier': 'ign_ros2_control'}
[0.000230] (-) JobUnselected: {'identifier': 'ign_ros2_control_demos'}
[0.000237] (-) JobUnselected: {'identifier': 'imu_sensor_broadcaster'}
[0.000244] (-) JobUnselected: {'identifier': 'joint_limits'}
[0.000251] (-) JobUnselected: {'identifier': 'joint_state_broadcaster'}
[0.000258] (-) JobUnselected: {'identifier': 'joint_trajectory_controller'}
[0.000265] (-) JobUnselected: {'identifier': 'my_cpp_pkg'}
[0.000273] (-) JobUnselected: {'identifier': 'my_py_pkg'}
[0.000280] (-) JobUnselected: {'identifier': 'my_robot_interfaces'}
[0.000287] (-) JobUnselected: {'identifier': 'number_counter'}
[0.000294] (-) JobUnselected: {'identifier': 'polygon_base'}
[0.000301] (-) JobUnselected: {'identifier': 'polygon_plugins'}
[0.000308] (-) JobUnselected: {'identifier': 'position_controllers'}
[0.000315] (-) JobUnselected: {'identifier': 'range_sensor_broadcaster'}
[0.000322] (-) JobUnselected: {'identifier': 'ros2_control'}
[0.000329] (-) JobUnselected: {'identifier': 'ros2_control_test_assets'}
[0.000336] (-) JobUnselected: {'identifier': 'ros2_controllers'}
[0.000343] (-) JobUnselected: {'identifier': 'ros2_controllers_test_nodes'}
[0.000350] (-) JobUnselected: {'identifier': 'ros2controlcli'}
[0.000357] (-) JobUnselected: {'identifier': 'rqt_controller_manager'}
[0.000364] (-) JobUnselected: {'identifier': 'rqt_joint_trajectory_controller'}
[0.000371] (-) JobUnselected: {'identifier': 'steering_controllers_library'}
[0.000378] (-) JobUnselected: {'identifier': 'transmission_interface'}
[0.000386] (-) JobUnselected: {'identifier': 'tricycle_controller'}
[0.000393] (-) JobUnselected: {'identifier': 'tricycle_steering_controller'}
[0.000400] (-) JobUnselected: {'identifier': 'velocity_controllers'}
[0.000407] (-) EventReactorShutdown: {}
