[0.027s] Invoking command in '/home/parallels/ros2_ws/build/polygon_base': CMAKE_PREFIX_PATH=${CMAKE_PREFIX_PATH}:/home/parallels/ros2_ws/install/turtlesim_catch_them_all:/home/parallels/ros2_ws/install/rqt_joint_trajectory_controller:/home/parallels/ros2_ws/install/rqt_controller_manager:/home/parallels/ros2_ws/install/ros2controlcli:/home/parallels/ros2_ws/install/ros2_controllers_test_nodes:/home/parallels/ros2_ws/install/number_counter:/home/parallels/ros2_ws/install/my_py_pkg:/home/parallels/ros2_ws/install/add_two_ints:/opt/ros/humble /usr/bin/cmake /home/parallels/ros2_ws/src/polygon_base -DCMAKE_INSTALL_PREFIX=/home/parallels/ros2_ws/install/polygon_base
[0.148s] -- The C compiler identification is GNU 11.4.0
[0.224s] -- The CXX compiler identification is GNU 11.4.0
[0.234s] -- Detecting C compiler ABI info
[0.290s] -- Detecting C compiler ABI info - done
[0.294s] -- Check for working C compiler: /usr/bin/cc - skipped
[0.294s] -- Detecting C compile features
[0.295s] -- Detecting C compile features - done
[0.297s] -- Detecting CXX compiler ABI info
[0.455s] -- Detecting CXX compiler ABI info - done
[0.459s] -- Check for working CXX compiler: /usr/bin/c++ - skipped
[0.459s] -- Detecting CXX compile features
[0.459s] -- Detecting CXX compile features - done
[0.463s] -- Found ament_cmake: 1.3.11 (/opt/ros/humble/share/ament_cmake/cmake)
[0.579s] -- Found Python3: /usr/bin/python3 (found version "3.10.12") found components: Interpreter 
[0.687s] -- Found pluginlib: 5.1.0 (/opt/ros/humble/share/pluginlib/cmake)
[0.781s] [31mCMake Error at CMakeLists.txt:32 (find_package):
[0.781s] -- Configuring incomplete, errors occurred!
[0.781s] See also "/home/parallels/ros2_ws/build/polygon_base/CMakeFiles/CMakeOutput.log".
[0.781s]   By not providing "Findament_lint_auto.cmake" in CMAKE_MODULE_PATH this
[0.781s]   project has asked CMake to find a package configuration file provided by
[0.781s]   "ament_lint_auto", but CMake did not find one.
[0.781s] 
[0.781s]   Could not find a package configuration file provided by "ament_lint_auto"
[0.781s]   with any of the following names:
[0.781s] 
[0.781s]     ament_lint_autoConfig.cmake
[0.781s]     ament_lint_auto-config.cmake
[0.781s] 
[0.781s]   Add the installation prefix of "ament_lint_auto" to CMAKE_PREFIX_PATH or
[0.781s]   set "ament_lint_auto_DIR" to a directory containing one of the above files.
[0.781s]   If "ament_lint_auto" provides a separate development package or SDK, be
[0.781s]   sure it has been installed.
[0.782s] 
[0.782s] [0m
