[1.348s] Invoking command in '/home/parallels/ros2_ws/src/my_py_pkg': AMENT_PREFIX_PATH=/home/parallels/ros2_ws/install/my_robot_interfaces:${AMENT_PREFIX_PATH} CMAKE_PREFIX_PATH=/home/parallels/ros2_ws/install/my_robot_interfaces${CMAKE_PREFIX_PATH} LD_LIBRARY_PATH=/home/parallels/ros2_ws/install/my_robot_interfaces/lib:${LD_LIBRARY_PATH} PYTHONPATH=/home/parallels/ros2_ws/build/my_py_pkg/prefix_override:/usr/lib/python3/dist-packages/colcon_core/task/python/colcon_distutils_commands:/home/parallels/ros2_ws/install/my_py_pkg/lib/python3.10/site-packages:/home/parallels/ros2_ws/install/my_robot_interfaces/local/lib/python3.10/dist-packages:${PYTHONPATH} /usr/bin/python3 -W ignore:setup.py install is deprecated -W ignore:easy_install command is deprecated setup.py egg_info --egg-base ../../build/my_py_pkg build --build-base /home/parallels/ros2_ws/build/my_py_pkg/build install --record /home/parallels/ros2_ws/build/my_py_pkg/install.log --single-version-externally-managed install_data
[1.739s] running egg_info
[1.739s] creating ../../build/my_py_pkg/my_py_pkg.egg-info
[1.739s] writing ../../build/my_py_pkg/my_py_pkg.egg-info/PKG-INFO
[1.745s] writing dependency_links to ../../build/my_py_pkg/my_py_pkg.egg-info/dependency_links.txt
[1.746s] writing entry points to ../../build/my_py_pkg/my_py_pkg.egg-info/entry_points.txt
[1.746s] writing requirements to ../../build/my_py_pkg/my_py_pkg.egg-info/requires.txt
[1.746s] writing top-level names to ../../build/my_py_pkg/my_py_pkg.egg-info/top_level.txt
[1.746s] writing manifest file '../../build/my_py_pkg/my_py_pkg.egg-info/SOURCES.txt'
[1.747s] reading manifest file '../../build/my_py_pkg/my_py_pkg.egg-info/SOURCES.txt'
[1.747s] writing manifest file '../../build/my_py_pkg/my_py_pkg.egg-info/SOURCES.txt'
[1.747s] running build
[1.747s] running build_py
[1.747s] creating /home/parallels/ros2_ws/build/my_py_pkg/build
[1.747s] creating /home/parallels/ros2_ws/build/my_py_pkg/build/lib
[1.748s] creating /home/parallels/ros2_ws/build/my_py_pkg/build/lib/my_py_pkg
[1.748s] copying my_py_pkg/__init__.py -> /home/parallels/ros2_ws/build/my_py_pkg/build/lib/my_py_pkg
[1.748s] copying my_py_pkg/HardwareStatus_publisher.py -> /home/parallels/ros2_ws/build/my_py_pkg/build/lib/my_py_pkg
[1.748s] copying my_py_pkg/robot_news_station.py -> /home/parallels/ros2_ws/build/my_py_pkg/build/lib/my_py_pkg
[1.748s] copying my_py_pkg/hardwarestatus_sub.py -> /home/parallels/ros2_ws/build/my_py_pkg/build/lib/my_py_pkg
[1.752s] copying my_py_pkg/smartphone.py -> /home/parallels/ros2_ws/build/my_py_pkg/build/lib/my_py_pkg
[1.752s] copying my_py_pkg/my_first_node.py -> /home/parallels/ros2_ws/build/my_py_pkg/build/lib/my_py_pkg
[1.752s] copying my_py_pkg/python_temp.py -> /home/parallels/ros2_ws/build/my_py_pkg/build/lib/my_py_pkg
[1.752s] running install
[1.752s] running install_lib
[1.753s] creating /home/parallels/ros2_ws/install/my_py_pkg/lib/python3.10/site-packages/my_py_pkg
[1.753s] copying /home/parallels/ros2_ws/build/my_py_pkg/build/lib/my_py_pkg/__init__.py -> /home/parallels/ros2_ws/install/my_py_pkg/lib/python3.10/site-packages/my_py_pkg
[1.753s] copying /home/parallels/ros2_ws/build/my_py_pkg/build/lib/my_py_pkg/HardwareStatus_publisher.py -> /home/parallels/ros2_ws/install/my_py_pkg/lib/python3.10/site-packages/my_py_pkg
[1.753s] copying /home/parallels/ros2_ws/build/my_py_pkg/build/lib/my_py_pkg/robot_news_station.py -> /home/parallels/ros2_ws/install/my_py_pkg/lib/python3.10/site-packages/my_py_pkg
[1.753s] copying /home/parallels/ros2_ws/build/my_py_pkg/build/lib/my_py_pkg/hardwarestatus_sub.py -> /home/parallels/ros2_ws/install/my_py_pkg/lib/python3.10/site-packages/my_py_pkg
[1.753s] copying /home/parallels/ros2_ws/build/my_py_pkg/build/lib/my_py_pkg/smartphone.py -> /home/parallels/ros2_ws/install/my_py_pkg/lib/python3.10/site-packages/my_py_pkg
[1.753s] copying /home/parallels/ros2_ws/build/my_py_pkg/build/lib/my_py_pkg/my_first_node.py -> /home/parallels/ros2_ws/install/my_py_pkg/lib/python3.10/site-packages/my_py_pkg
[1.753s] copying /home/parallels/ros2_ws/build/my_py_pkg/build/lib/my_py_pkg/python_temp.py -> /home/parallels/ros2_ws/install/my_py_pkg/lib/python3.10/site-packages/my_py_pkg
[1.753s] byte-compiling /home/parallels/ros2_ws/install/my_py_pkg/lib/python3.10/site-packages/my_py_pkg/__init__.py to __init__.cpython-310.pyc
[1.753s] byte-compiling /home/parallels/ros2_ws/install/my_py_pkg/lib/python3.10/site-packages/my_py_pkg/HardwareStatus_publisher.py to HardwareStatus_publisher.cpython-310.pyc
[1.754s] byte-compiling /home/parallels/ros2_ws/install/my_py_pkg/lib/python3.10/site-packages/my_py_pkg/robot_news_station.py to robot_news_station.cpython-310.pyc
[1.754s] byte-compiling /home/parallels/ros2_ws/install/my_py_pkg/lib/python3.10/site-packages/my_py_pkg/hardwarestatus_sub.py to hardwarestatus_sub.cpython-310.pyc
[1.754s] byte-compiling /home/parallels/ros2_ws/install/my_py_pkg/lib/python3.10/site-packages/my_py_pkg/smartphone.py to smartphone.cpython-310.pyc
[1.754s] byte-compiling /home/parallels/ros2_ws/install/my_py_pkg/lib/python3.10/site-packages/my_py_pkg/my_first_node.py to my_first_node.cpython-310.pyc
[1.754s] byte-compiling /home/parallels/ros2_ws/install/my_py_pkg/lib/python3.10/site-packages/my_py_pkg/python_temp.py to python_temp.cpython-310.pyc
[1.754s] running install_data
[1.754s] creating /home/parallels/ros2_ws/install/my_py_pkg/share/ament_index
[1.754s] creating /home/parallels/ros2_ws/install/my_py_pkg/share/ament_index/resource_index
[1.754s] creating /home/parallels/ros2_ws/install/my_py_pkg/share/ament_index/resource_index/packages
[1.754s] copying resource/my_py_pkg -> /home/parallels/ros2_ws/install/my_py_pkg/share/ament_index/resource_index/packages
[1.768s] copying package.xml -> /home/parallels/ros2_ws/install/my_py_pkg/share/my_py_pkg
[1.769s] running install_egg_info
[1.770s] Copying ../../build/my_py_pkg/my_py_pkg.egg-info to /home/parallels/ros2_ws/install/my_py_pkg/lib/python3.10/site-packages/my_py_pkg-0.0.0-py3.10.egg-info
[1.780s] running install_scripts
[1.843s] Installing HardwareStatus_pub script to /home/parallels/ros2_ws/install/my_py_pkg/lib/my_py_pkg
[1.843s] Installing hardware_status_sub script to /home/parallels/ros2_ws/install/my_py_pkg/lib/my_py_pkg
[1.843s] Installing py_node script to /home/parallels/ros2_ws/install/my_py_pkg/lib/my_py_pkg
[1.843s] Installing robot_news_station script to /home/parallels/ros2_ws/install/my_py_pkg/lib/my_py_pkg
[1.843s] Installing smartphone script to /home/parallels/ros2_ws/install/my_py_pkg/lib/my_py_pkg
[1.843s] writing list of installed files to '/home/parallels/ros2_ws/build/my_py_pkg/install.log'
[1.972s] Invoked command in '/home/parallels/ros2_ws/src/my_py_pkg' returned '0': AMENT_PREFIX_PATH=/home/parallels/ros2_ws/install/my_robot_interfaces:${AMENT_PREFIX_PATH} CMAKE_PREFIX_PATH=/home/parallels/ros2_ws/install/my_robot_interfaces${CMAKE_PREFIX_PATH} LD_LIBRARY_PATH=/home/parallels/ros2_ws/install/my_robot_interfaces/lib:${LD_LIBRARY_PATH} PYTHONPATH=/home/parallels/ros2_ws/build/my_py_pkg/prefix_override:/usr/lib/python3/dist-packages/colcon_core/task/python/colcon_distutils_commands:/home/parallels/ros2_ws/install/my_py_pkg/lib/python3.10/site-packages:/home/parallels/ros2_ws/install/my_robot_interfaces/local/lib/python3.10/dist-packages:${PYTHONPATH} /usr/bin/python3 -W ignore:setup.py install is deprecated -W ignore:easy_install command is deprecated setup.py egg_info --egg-base ../../build/my_py_pkg build --build-base /home/parallels/ros2_ws/build/my_py_pkg/build install --record /home/parallels/ros2_ws/build/my_py_pkg/install.log --single-version-externally-managed install_data
