[0.015s] Invoking command in '/home/parallels/ros2_ws/build/polygon_plugins': CMAKE_PREFIX_PATH=/home/parallels/ros2_ws/install/polygon_base:/home/parallels/ros2_ws/install/urdf_sim_tutorial:/home/parallels/ros2_ws/install/turtlecatch_bringup:/home/parallels/ros2_ws/install/polygon_plugins:/home/parallels/ros2_ws/install/my_robot_station_bringup:/home/parallels/ros2_ws/install/my_robot_bringup:/home/parallels/ros2_ws/install/my_cpp_pkg:/home/parallels/ros2_ws/install/my_robot_interfaces:/home/parallels/ros2_ws/install/my_robot_description:/home/parallels/ros2_ws/install/my_robot_bringup_gazebo:/home/parallels/ros2_ws/install/add_two_ints_cpp:/usr:/usr:/usr:/home/parallels/ros2_ws/install/turtlesim_catch_them_all:/home/parallels/ros2_ws/install/number_counter:/home/parallels/ros2_ws/install/my_py_pkg:/home/parallels/ros2_ws/install/add_two_ints:/opt/ros/humble /usr/bin/cmake --build /home/parallels/ros2_ws/build/polygon_plugins -- -j4 -l4
[0.138s] [100%] Built target polygon_plugins
[0.140s] Invoked command in '/home/parallels/ros2_ws/build/polygon_plugins' returned '0': CMAKE_PREFIX_PATH=/home/parallels/ros2_ws/install/polygon_base:/home/parallels/ros2_ws/install/urdf_sim_tutorial:/home/parallels/ros2_ws/install/turtlecatch_bringup:/home/parallels/ros2_ws/install/polygon_plugins:/home/parallels/ros2_ws/install/my_robot_station_bringup:/home/parallels/ros2_ws/install/my_robot_bringup:/home/parallels/ros2_ws/install/my_cpp_pkg:/home/parallels/ros2_ws/install/my_robot_interfaces:/home/parallels/ros2_ws/install/my_robot_description:/home/parallels/ros2_ws/install/my_robot_bringup_gazebo:/home/parallels/ros2_ws/install/add_two_ints_cpp:/usr:/usr:/usr:/home/parallels/ros2_ws/install/turtlesim_catch_them_all:/home/parallels/ros2_ws/install/number_counter:/home/parallels/ros2_ws/install/my_py_pkg:/home/parallels/ros2_ws/install/add_two_ints:/opt/ros/humble /usr/bin/cmake --build /home/parallels/ros2_ws/build/polygon_plugins -- -j4 -l4
[0.140s] Invoking command in '/home/parallels/ros2_ws/build/polygon_plugins': CMAKE_PREFIX_PATH=/home/parallels/ros2_ws/install/polygon_base:/home/parallels/ros2_ws/install/urdf_sim_tutorial:/home/parallels/ros2_ws/install/turtlecatch_bringup:/home/parallels/ros2_ws/install/polygon_plugins:/home/parallels/ros2_ws/install/my_robot_station_bringup:/home/parallels/ros2_ws/install/my_robot_bringup:/home/parallels/ros2_ws/install/my_cpp_pkg:/home/parallels/ros2_ws/install/my_robot_interfaces:/home/parallels/ros2_ws/install/my_robot_description:/home/parallels/ros2_ws/install/my_robot_bringup_gazebo:/home/parallels/ros2_ws/install/add_two_ints_cpp:/usr:/usr:/usr:/home/parallels/ros2_ws/install/turtlesim_catch_them_all:/home/parallels/ros2_ws/install/number_counter:/home/parallels/ros2_ws/install/my_py_pkg:/home/parallels/ros2_ws/install/add_two_ints:/opt/ros/humble /usr/bin/cmake --install /home/parallels/ros2_ws/build/polygon_plugins
[0.153s] -- Install configuration: ""
[0.153s] -- Up-to-date: /home/parallels/ros2_ws/install/polygon_plugins/share/polygon_plugins/plugins.xml
[0.153s] -- Up-to-date: /home/parallels/ros2_ws/install/polygon_plugins/include
[0.153s] -- Up-to-date: /home/parallels/ros2_ws/install/polygon_plugins/include/polygon_plugins
[0.153s] -- Up-to-date: /home/parallels/ros2_ws/install/polygon_plugins/include/polygon_plugins/polygon_plugins.hpp
[0.153s] -- Up-to-date: /home/parallels/ros2_ws/install/polygon_plugins/include/polygon_plugins/visibility_control.h
[0.153s] -- Up-to-date: /home/parallels/ros2_ws/install/polygon_plugins/lib/libpolygon_plugins.so
[0.153s] -- Up-to-date: /home/parallels/ros2_ws/install/polygon_plugins/share/polygon_plugins/environment/library_path.sh
[0.153s] -- Up-to-date: /home/parallels/ros2_ws/install/polygon_plugins/share/polygon_plugins/environment/library_path.dsv
[0.153s] -- Up-to-date: /home/parallels/ros2_ws/install/polygon_plugins/share/ament_index/resource_index/package_run_dependencies/polygon_plugins
[0.153s] -- Up-to-date: /home/parallels/ros2_ws/install/polygon_plugins/share/ament_index/resource_index/parent_prefix_path/polygon_plugins
[0.153s] -- Up-to-date: /home/parallels/ros2_ws/install/polygon_plugins/share/polygon_plugins/environment/ament_prefix_path.sh
[0.153s] -- Up-to-date: /home/parallels/ros2_ws/install/polygon_plugins/share/polygon_plugins/environment/ament_prefix_path.dsv
[0.153s] -- Up-to-date: /home/parallels/ros2_ws/install/polygon_plugins/share/polygon_plugins/environment/path.sh
[0.153s] -- Up-to-date: /home/parallels/ros2_ws/install/polygon_plugins/share/polygon_plugins/environment/path.dsv
[0.153s] -- Up-to-date: /home/parallels/ros2_ws/install/polygon_plugins/share/polygon_plugins/local_setup.bash
[0.153s] -- Up-to-date: /home/parallels/ros2_ws/install/polygon_plugins/share/polygon_plugins/local_setup.sh
[0.153s] -- Up-to-date: /home/parallels/ros2_ws/install/polygon_plugins/share/polygon_plugins/local_setup.zsh
[0.153s] -- Up-to-date: /home/parallels/ros2_ws/install/polygon_plugins/share/polygon_plugins/local_setup.dsv
[0.153s] -- Installing: /home/parallels/ros2_ws/install/polygon_plugins/share/polygon_plugins/package.dsv
[0.153s] -- Up-to-date: /home/parallels/ros2_ws/install/polygon_plugins/share/ament_index/resource_index/packages/polygon_plugins
[0.153s] -- Up-to-date: /home/parallels/ros2_ws/install/polygon_plugins/share/ament_index/resource_index/polygon_base__pluginlib__plugin/polygon_plugins
[0.153s] -- Up-to-date: /home/parallels/ros2_ws/install/polygon_plugins/share/polygon_plugins/cmake/export_polygon_pluginsExport.cmake
[0.153s] -- Up-to-date: /home/parallels/ros2_ws/install/polygon_plugins/share/polygon_plugins/cmake/export_polygon_pluginsExport-noconfig.cmake
[0.153s] -- Up-to-date: /home/parallels/ros2_ws/install/polygon_plugins/share/polygon_plugins/cmake/ament_cmake_export_include_directories-extras.cmake
[0.154s] -- Up-to-date: /home/parallels/ros2_ws/install/polygon_plugins/share/polygon_plugins/cmake/ament_cmake_export_libraries-extras.cmake
[0.154s] -- Up-to-date: /home/parallels/ros2_ws/install/polygon_plugins/share/polygon_plugins/cmake/ament_cmake_export_targets-extras.cmake
[0.154s] -- Up-to-date: /home/parallels/ros2_ws/install/polygon_plugins/share/polygon_plugins/cmake/polygon_pluginsConfig.cmake
[0.154s] -- Up-to-date: /home/parallels/ros2_ws/install/polygon_plugins/share/polygon_plugins/cmake/polygon_pluginsConfig-version.cmake
[0.154s] -- Up-to-date: /home/parallels/ros2_ws/install/polygon_plugins/share/polygon_plugins/package.xml
[0.156s] Invoked command in '/home/parallels/ros2_ws/build/polygon_plugins' returned '0': CMAKE_PREFIX_PATH=/home/parallels/ros2_ws/install/polygon_base:/home/parallels/ros2_ws/install/urdf_sim_tutorial:/home/parallels/ros2_ws/install/turtlecatch_bringup:/home/parallels/ros2_ws/install/polygon_plugins:/home/parallels/ros2_ws/install/my_robot_station_bringup:/home/parallels/ros2_ws/install/my_robot_bringup:/home/parallels/ros2_ws/install/my_cpp_pkg:/home/parallels/ros2_ws/install/my_robot_interfaces:/home/parallels/ros2_ws/install/my_robot_description:/home/parallels/ros2_ws/install/my_robot_bringup_gazebo:/home/parallels/ros2_ws/install/add_two_ints_cpp:/usr:/usr:/usr:/home/parallels/ros2_ws/install/turtlesim_catch_them_all:/home/parallels/ros2_ws/install/number_counter:/home/parallels/ros2_ws/install/my_py_pkg:/home/parallels/ros2_ws/install/add_two_ints:/opt/ros/humble /usr/bin/cmake --install /home/parallels/ros2_ws/build/polygon_plugins
