[0.015s] Invoking command in '/home/parallels/ros2_ws/build/controller_manager': CMAKE_PREFIX_PATH=/home/parallels/ros2_ws/install/hardware_interface_testing:/home/parallels/ros2_ws/install/controller_interface:/home/parallels/ros2_ws/install/hardware_interface:/home/parallels/ros2_ws/install/ros2_control_test_assets:/home/parallels/ros2_ws/install/controller_manager_msgs:/home/parallels/ros2_ws/install/ros2_controllers:/home/parallels/ros2_ws/install/ign_ros2_control_demos:/home/parallels/ros2_ws/install/velocity_controllers:/home/parallels/ros2_ws/install/tricycle_steering_controller:/home/parallels/ros2_ws/install/tricycle_controller:/home/parallels/ros2_ws/install/ros2_control:/home/parallels/ros2_ws/install/transmission_interface:/home/parallels/ros2_ws/install/bicycle_steering_controller:/home/parallels/ros2_ws/install/ackermann_steering_controller:/home/parallels/ros2_ws/install/steering_controllers_library:/home/parallels/ros2_ws/install/gz_ros2_control_tests:/home/parallels/ros2_ws/install/ign_ros2_control:/home/parallels/ros2_ws/install/controller_manager:/home/parallels/ros2_ws/install/ros2_control_demo_description:/home/parallels/ros2_ws/install/range_sensor_broadcaster:/home/parallels/ros2_ws/install/position_controllers:/home/parallels/ros2_ws/install/polygon_plugins:/home/parallels/ros2_ws/install/admittance_controller:/home/parallels/ros2_ws/install/joint_trajectory_controller:/home/parallels/ros2_ws/install/joint_state_broadcaster:/home/parallels/ros2_ws/install/joint_limits:/home/parallels/ros2_ws/install/imu_sensor_broadcaster:/home/parallels/ros2_ws/install/gripper_controllers:/home/parallels/ros2_ws/install/effort_controllers:/home/parallels/ros2_ws/install/forward_command_controller:/home/parallels/ros2_ws/install/force_torque_sensor_broadcaster:/home/parallels/ros2_ws/install/diff_drive_controller:/usr:/home/parallels/ros2_ws/install/rqt_joint_trajectory_controller:/home/parallels/ros2_ws/install/rqt_controller_manager:/home/parallels/ros2_ws/install/ros2controlcli:/home/parallels/ros2_ws/install/ros2_controllers_test_nodes:/home/parallels/ros2_ws/install/polygon_base:/opt/ros/humble LD_LIBRARY_PATH=/home/parallels/ros2_ws/install/hardware_interface_testing/lib:/home/parallels/ros2_ws/install/controller_interface/lib:/home/parallels/ros2_ws/install/hardware_interface/lib:/home/parallels/ros2_ws/install/controller_manager_msgs/lib:/home/parallels/ros2_ws/install/velocity_controllers/lib:/home/parallels/ros2_ws/install/tricycle_steering_controller/lib:/home/parallels/ros2_ws/install/tricycle_controller/lib:/home/parallels/ros2_ws/install/transmission_interface/lib:/home/parallels/ros2_ws/install/bicycle_steering_controller/lib:/home/parallels/ros2_ws/install/ackermann_steering_controller/lib:/home/parallels/ros2_ws/install/steering_controllers_library/lib:/home/parallels/ros2_ws/install/ign_ros2_control/lib:/home/parallels/ros2_ws/install/controller_manager/lib:/home/parallels/ros2_ws/install/range_sensor_broadcaster/lib:/home/parallels/ros2_ws/install/position_controllers/lib:/home/parallels/ros2_ws/install/polygon_plugins/lib:/home/parallels/ros2_ws/install/admittance_controller/lib:/home/parallels/ros2_ws/install/joint_trajectory_controller/lib:/home/parallels/ros2_ws/install/joint_state_broadcaster/lib:/home/parallels/ros2_ws/install/imu_sensor_broadcaster/lib:/home/parallels/ros2_ws/install/gripper_controllers/lib:/home/parallels/ros2_ws/install/effort_controllers/lib:/home/parallels/ros2_ws/install/forward_command_controller/lib:/home/parallels/ros2_ws/install/force_torque_sensor_broadcaster/lib:/home/parallels/ros2_ws/install/diff_drive_controller/lib:/opt/ros/humble/opt/rviz_ogre_vendor/lib:/opt/ros/humble/lib/aarch64-linux-gnu:/opt/ros/humble/lib /usr/bin/cmake --build /home/parallels/ros2_ws/build/controller_manager -- -j4 -l4
[0.056s] [35m[1mConsolidate compiler generated dependencies of target gmock_main[0m
[0.067s] [35m[1mConsolidate compiler generated dependencies of target controller_manager[0m
[0.069s] [35m[1mConsolidate compiler generated dependencies of target gmock[0m
[0.074s] [  0%] Built target ament_cmake_python_copy_controller_manager_setup
[0.074s] [  5%] Built target gmock_main
[0.087s] [ 14%] Built target gmock
[0.095s] [ 20%] Built target controller_manager
[0.115s] [ 20%] Built target ament_cmake_python_copy_controller_manager
[0.126s] [35m[1mConsolidate compiler generated dependencies of target ros2_control_node[0m
[0.126s] [35m[1mConsolidate compiler generated dependencies of target test_controller[0m
[0.128s] [35m[1mConsolidate compiler generated dependencies of target test_controller_failed_init[0m
[0.152s] [35m[1mConsolidate compiler generated dependencies of target test_chainable_controller[0m
[0.160s] [ 25%] Built target test_controller_failed_init
[0.169s] [ 31%] Built target test_controller
[0.173s] [ 37%] Built target ros2_control_node
[0.181s] [35m[1mConsolidate compiler generated dependencies of target test_controller_with_interfaces[0m
[0.184s] [ 42%] Built target test_chainable_controller
[0.190s] [35m[1mConsolidate compiler generated dependencies of target test_controller_manager_urdf_passing[0m
[0.202s] [35m[1mConsolidate compiler generated dependencies of target test_spawner_unspawner[0m
[0.207s] [ 48%] Built target test_controller_with_interfaces
[0.212s] [ 54%] Built target test_controller_manager_urdf_passing
[0.217s] [35m[1mConsolidate compiler generated dependencies of target test_hardware_management_srvs[0m
[0.230s] [ 60%] Built target test_spawner_unspawner
[0.250s] [ 65%] Built target test_hardware_management_srvs
[0.294s] [35m[1mConsolidate compiler generated dependencies of target test_controller_manager[0m
[0.298s] [35m[1mConsolidate compiler generated dependencies of target test_controller_manager_with_namespace.cpp[0m
[0.343s] [ 71%] Built target test_controller_manager
[0.347s] [ 77%] Built target test_controller_manager_with_namespace.cpp
[0.394s] [35m[1mConsolidate compiler generated dependencies of target test_controllers_chaining_with_controller_manager[0m
[0.396s] [35m[1mConsolidate compiler generated dependencies of target test_load_controller[0m
[0.400s] running egg_info
[0.400s] writing controller_manager.egg-info/PKG-INFO
[0.401s] writing dependency_links to controller_manager.egg-info/dependency_links.txt
[0.401s] writing entry points to controller_manager.egg-info/entry_points.txt
[0.401s] writing top-level names to controller_manager.egg-info/top_level.txt
[0.406s] reading manifest file 'controller_manager.egg-info/SOURCES.txt'
[0.406s] writing manifest file 'controller_manager.egg-info/SOURCES.txt'
[0.435s] [ 77%] Built target ament_cmake_python_build_controller_manager_egg
[0.447s] [ 82%] Built target test_controllers_chaining_with_controller_manager
[0.469s] [ 88%] Built target test_load_controller
[0.480s] [35m[1mConsolidate compiler generated dependencies of target test_release_interfaces[0m
[0.486s] [35m[1mConsolidate compiler generated dependencies of target test_controller_manager_srvs[0m
[0.545s] [ 94%] Built target test_controller_manager_srvs
[0.550s] [100%] Built target test_release_interfaces
[0.561s] running install_scripts
[0.567s] /usr/lib/python3/dist-packages/setuptools/command/install.py:34: SetuptoolsDeprecationWarning: setup.py install is deprecated. Use build and pip and other standards-based tools.
[0.568s]   warnings.warn(
[0.575s] running egg_info
[0.576s] writing controller_manager.egg-info/PKG-INFO
[0.576s] writing dependency_links to controller_manager.egg-info/dependency_links.txt
[0.576s] writing entry points to controller_manager.egg-info/entry_points.txt
[0.576s] writing top-level names to controller_manager.egg-info/top_level.txt
[0.577s] reading manifest file 'controller_manager.egg-info/SOURCES.txt'
[0.577s] writing manifest file 'controller_manager.egg-info/SOURCES.txt'
[0.578s] Installing hardware_spawner script to scripts
[0.578s] Installing spawner script to scripts
[0.578s] Installing unspawner script to scripts
[0.611s] [100%] Built target ament_cmake_python_build_controller_manager_scripts
[0.621s] Invoked command in '/home/parallels/ros2_ws/build/controller_manager' returned '0': CMAKE_PREFIX_PATH=/home/parallels/ros2_ws/install/hardware_interface_testing:/home/parallels/ros2_ws/install/controller_interface:/home/parallels/ros2_ws/install/hardware_interface:/home/parallels/ros2_ws/install/ros2_control_test_assets:/home/parallels/ros2_ws/install/controller_manager_msgs:/home/parallels/ros2_ws/install/ros2_controllers:/home/parallels/ros2_ws/install/ign_ros2_control_demos:/home/parallels/ros2_ws/install/velocity_controllers:/home/parallels/ros2_ws/install/tricycle_steering_controller:/home/parallels/ros2_ws/install/tricycle_controller:/home/parallels/ros2_ws/install/ros2_control:/home/parallels/ros2_ws/install/transmission_interface:/home/parallels/ros2_ws/install/bicycle_steering_controller:/home/parallels/ros2_ws/install/ackermann_steering_controller:/home/parallels/ros2_ws/install/steering_controllers_library:/home/parallels/ros2_ws/install/gz_ros2_control_tests:/home/parallels/ros2_ws/install/ign_ros2_control:/home/parallels/ros2_ws/install/controller_manager:/home/parallels/ros2_ws/install/ros2_control_demo_description:/home/parallels/ros2_ws/install/range_sensor_broadcaster:/home/parallels/ros2_ws/install/position_controllers:/home/parallels/ros2_ws/install/polygon_plugins:/home/parallels/ros2_ws/install/admittance_controller:/home/parallels/ros2_ws/install/joint_trajectory_controller:/home/parallels/ros2_ws/install/joint_state_broadcaster:/home/parallels/ros2_ws/install/joint_limits:/home/parallels/ros2_ws/install/imu_sensor_broadcaster:/home/parallels/ros2_ws/install/gripper_controllers:/home/parallels/ros2_ws/install/effort_controllers:/home/parallels/ros2_ws/install/forward_command_controller:/home/parallels/ros2_ws/install/force_torque_sensor_broadcaster:/home/parallels/ros2_ws/install/diff_drive_controller:/usr:/home/parallels/ros2_ws/install/rqt_joint_trajectory_controller:/home/parallels/ros2_ws/install/rqt_controller_manager:/home/parallels/ros2_ws/install/ros2controlcli:/home/parallels/ros2_ws/install/ros2_controllers_test_nodes:/home/parallels/ros2_ws/install/polygon_base:/opt/ros/humble LD_LIBRARY_PATH=/home/parallels/ros2_ws/install/hardware_interface_testing/lib:/home/parallels/ros2_ws/install/controller_interface/lib:/home/parallels/ros2_ws/install/hardware_interface/lib:/home/parallels/ros2_ws/install/controller_manager_msgs/lib:/home/parallels/ros2_ws/install/velocity_controllers/lib:/home/parallels/ros2_ws/install/tricycle_steering_controller/lib:/home/parallels/ros2_ws/install/tricycle_controller/lib:/home/parallels/ros2_ws/install/transmission_interface/lib:/home/parallels/ros2_ws/install/bicycle_steering_controller/lib:/home/parallels/ros2_ws/install/ackermann_steering_controller/lib:/home/parallels/ros2_ws/install/steering_controllers_library/lib:/home/parallels/ros2_ws/install/ign_ros2_control/lib:/home/parallels/ros2_ws/install/controller_manager/lib:/home/parallels/ros2_ws/install/range_sensor_broadcaster/lib:/home/parallels/ros2_ws/install/position_controllers/lib:/home/parallels/ros2_ws/install/polygon_plugins/lib:/home/parallels/ros2_ws/install/admittance_controller/lib:/home/parallels/ros2_ws/install/joint_trajectory_controller/lib:/home/parallels/ros2_ws/install/joint_state_broadcaster/lib:/home/parallels/ros2_ws/install/imu_sensor_broadcaster/lib:/home/parallels/ros2_ws/install/gripper_controllers/lib:/home/parallels/ros2_ws/install/effort_controllers/lib:/home/parallels/ros2_ws/install/forward_command_controller/lib:/home/parallels/ros2_ws/install/force_torque_sensor_broadcaster/lib:/home/parallels/ros2_ws/install/diff_drive_controller/lib:/opt/ros/humble/opt/rviz_ogre_vendor/lib:/opt/ros/humble/lib/aarch64-linux-gnu:/opt/ros/humble/lib /usr/bin/cmake --build /home/parallels/ros2_ws/build/controller_manager -- -j4 -l4
[0.775s] Invoking command in '/home/parallels/ros2_ws/build/controller_manager': CMAKE_PREFIX_PATH=/home/parallels/ros2_ws/install/hardware_interface_testing:/home/parallels/ros2_ws/install/controller_interface:/home/parallels/ros2_ws/install/hardware_interface:/home/parallels/ros2_ws/install/ros2_control_test_assets:/home/parallels/ros2_ws/install/controller_manager_msgs:/home/parallels/ros2_ws/install/ros2_controllers:/home/parallels/ros2_ws/install/ign_ros2_control_demos:/home/parallels/ros2_ws/install/velocity_controllers:/home/parallels/ros2_ws/install/tricycle_steering_controller:/home/parallels/ros2_ws/install/tricycle_controller:/home/parallels/ros2_ws/install/ros2_control:/home/parallels/ros2_ws/install/transmission_interface:/home/parallels/ros2_ws/install/bicycle_steering_controller:/home/parallels/ros2_ws/install/ackermann_steering_controller:/home/parallels/ros2_ws/install/steering_controllers_library:/home/parallels/ros2_ws/install/gz_ros2_control_tests:/home/parallels/ros2_ws/install/ign_ros2_control:/home/parallels/ros2_ws/install/controller_manager:/home/parallels/ros2_ws/install/ros2_control_demo_description:/home/parallels/ros2_ws/install/range_sensor_broadcaster:/home/parallels/ros2_ws/install/position_controllers:/home/parallels/ros2_ws/install/polygon_plugins:/home/parallels/ros2_ws/install/admittance_controller:/home/parallels/ros2_ws/install/joint_trajectory_controller:/home/parallels/ros2_ws/install/joint_state_broadcaster:/home/parallels/ros2_ws/install/joint_limits:/home/parallels/ros2_ws/install/imu_sensor_broadcaster:/home/parallels/ros2_ws/install/gripper_controllers:/home/parallels/ros2_ws/install/effort_controllers:/home/parallels/ros2_ws/install/forward_command_controller:/home/parallels/ros2_ws/install/force_torque_sensor_broadcaster:/home/parallels/ros2_ws/install/diff_drive_controller:/usr:/home/parallels/ros2_ws/install/rqt_joint_trajectory_controller:/home/parallels/ros2_ws/install/rqt_controller_manager:/home/parallels/ros2_ws/install/ros2controlcli:/home/parallels/ros2_ws/install/ros2_controllers_test_nodes:/home/parallels/ros2_ws/install/polygon_base:/opt/ros/humble LD_LIBRARY_PATH=/home/parallels/ros2_ws/install/hardware_interface_testing/lib:/home/parallels/ros2_ws/install/controller_interface/lib:/home/parallels/ros2_ws/install/hardware_interface/lib:/home/parallels/ros2_ws/install/controller_manager_msgs/lib:/home/parallels/ros2_ws/install/velocity_controllers/lib:/home/parallels/ros2_ws/install/tricycle_steering_controller/lib:/home/parallels/ros2_ws/install/tricycle_controller/lib:/home/parallels/ros2_ws/install/transmission_interface/lib:/home/parallels/ros2_ws/install/bicycle_steering_controller/lib:/home/parallels/ros2_ws/install/ackermann_steering_controller/lib:/home/parallels/ros2_ws/install/steering_controllers_library/lib:/home/parallels/ros2_ws/install/ign_ros2_control/lib:/home/parallels/ros2_ws/install/controller_manager/lib:/home/parallels/ros2_ws/install/range_sensor_broadcaster/lib:/home/parallels/ros2_ws/install/position_controllers/lib:/home/parallels/ros2_ws/install/polygon_plugins/lib:/home/parallels/ros2_ws/install/admittance_controller/lib:/home/parallels/ros2_ws/install/joint_trajectory_controller/lib:/home/parallels/ros2_ws/install/joint_state_broadcaster/lib:/home/parallels/ros2_ws/install/imu_sensor_broadcaster/lib:/home/parallels/ros2_ws/install/gripper_controllers/lib:/home/parallels/ros2_ws/install/effort_controllers/lib:/home/parallels/ros2_ws/install/forward_command_controller/lib:/home/parallels/ros2_ws/install/force_torque_sensor_broadcaster/lib:/home/parallels/ros2_ws/install/diff_drive_controller/lib:/opt/ros/humble/opt/rviz_ogre_vendor/lib:/opt/ros/humble/lib/aarch64-linux-gnu:/opt/ros/humble/lib /usr/bin/cmake --install /home/parallels/ros2_ws/build/controller_manager
[0.781s] -- Install configuration: ""
[0.781s] -- Up-to-date: /home/parallels/ros2_ws/install/controller_manager/lib/libcontroller_manager.so
[0.783s] -- Up-to-date: /home/parallels/ros2_ws/install/controller_manager/lib/controller_manager/ros2_control_node
[0.783s] -- Up-to-date: /home/parallels/ros2_ws/install/controller_manager/include
[0.783s] -- Up-to-date: /home/parallels/ros2_ws/install/controller_manager/include/controller_manager
[0.783s] -- Up-to-date: /home/parallels/ros2_ws/install/controller_manager/include/controller_manager/controller_spec.hpp
[0.783s] -- Up-to-date: /home/parallels/ros2_ws/install/controller_manager/include/controller_manager/visibility_control.h
[0.783s] -- Up-to-date: /home/parallels/ros2_ws/install/controller_manager/include/controller_manager/controller_manager.hpp
[0.783s] -- Up-to-date: /home/parallels/ros2_ws/install/controller_manager/share/controller_manager/test/test_controller/test_controller.xml
[0.784s] -- Up-to-date: /home/parallels/ros2_ws/install/controller_manager/lib/libtest_controller.so
[0.784s] -- Up-to-date: /home/parallels/ros2_ws/install/controller_manager/share/controller_manager/test/test_controller_failed_init/test_controller_failed_init.xml
[0.785s] -- Up-to-date: /home/parallels/ros2_ws/install/controller_manager/lib/libtest_controller_failed_init.so
[0.785s] -- Up-to-date: /home/parallels/ros2_ws/install/controller_manager/share/controller_manager/test/test_chainable_controller/test_chainable_controller.xml
[0.786s] -- Up-to-date: /home/parallels/ros2_ws/install/controller_manager/lib/libtest_chainable_controller.so
[0.786s] -- Up-to-date: /home/parallels/ros2_ws/install/controller_manager/share/controller_manager/test/test_controller_with_interfaces/test_controller_with_interfaces.xml
[0.787s] -- Up-to-date: /home/parallels/ros2_ws/install/controller_manager/lib/libtest_controller_with_interfaces.so
[0.787s] -- Up-to-date: /home/parallels/ros2_ws/install/controller_manager/share/controller_manager/environment/pythonpath.sh
[0.787s] -- Up-to-date: /home/parallels/ros2_ws/install/controller_manager/share/controller_manager/environment/pythonpath.dsv
[0.787s] -- Up-to-date: /home/parallels/ros2_ws/install/controller_manager/local/lib/python3.10/dist-packages/controller_manager-2.41.0-py3.10.egg-info
[0.787s] -- Installing: /home/parallels/ros2_ws/install/controller_manager/local/lib/python3.10/dist-packages/controller_manager-2.41.0-py3.10.egg-info/PKG-INFO
[0.787s] -- Installing: /home/parallels/ros2_ws/install/controller_manager/local/lib/python3.10/dist-packages/controller_manager-2.41.0-py3.10.egg-info/SOURCES.txt
[0.787s] -- Installing: /home/parallels/ros2_ws/install/controller_manager/local/lib/python3.10/dist-packages/controller_manager-2.41.0-py3.10.egg-info/entry_points.txt
[0.787s] -- Installing: /home/parallels/ros2_ws/install/controller_manager/local/lib/python3.10/dist-packages/controller_manager-2.41.0-py3.10.egg-info/top_level.txt
[0.787s] -- Installing: /home/parallels/ros2_ws/install/controller_manager/local/lib/python3.10/dist-packages/controller_manager-2.41.0-py3.10.egg-info/dependency_links.txt
[0.787s] -- Up-to-date: /home/parallels/ros2_ws/install/controller_manager/lib/controller_manager/
[0.788s] -- Installing: /home/parallels/ros2_ws/install/controller_manager/lib/controller_manager//hardware_spawner
[0.788s] -- Installing: /home/parallels/ros2_ws/install/controller_manager/lib/controller_manager//spawner
[0.788s] -- Installing: /home/parallels/ros2_ws/install/controller_manager/lib/controller_manager//unspawner
[0.788s] -- Up-to-date: /home/parallels/ros2_ws/install/controller_manager/local/lib/python3.10/dist-packages/controller_manager
[0.788s] -- Up-to-date: /home/parallels/ros2_ws/install/controller_manager/local/lib/python3.10/dist-packages/controller_manager/unspawner.py
[0.788s] -- Up-to-date: /home/parallels/ros2_ws/install/controller_manager/local/lib/python3.10/dist-packages/controller_manager/__init__.py
[0.788s] -- Up-to-date: /home/parallels/ros2_ws/install/controller_manager/local/lib/python3.10/dist-packages/controller_manager/controller_manager_services.py
[0.788s] -- Up-to-date: /home/parallels/ros2_ws/install/controller_manager/local/lib/python3.10/dist-packages/controller_manager/spawner.py
[0.788s] -- Up-to-date: /home/parallels/ros2_ws/install/controller_manager/local/lib/python3.10/dist-packages/controller_manager/launch_utils.py
[0.788s] -- Up-to-date: /home/parallels/ros2_ws/install/controller_manager/local/lib/python3.10/dist-packages/controller_manager/hardware_spawner.py
[0.819s] Listing '/home/parallels/ros2_ws/install/controller_manager/local/lib/python3.10/dist-packages/controller_manager'...
[0.822s] -- Up-to-date: /home/parallels/ros2_ws/install/controller_manager/share/controller_manager/environment/library_path.sh
[0.822s] -- Up-to-date: /home/parallels/ros2_ws/install/controller_manager/share/controller_manager/environment/library_path.dsv
[0.822s] -- Up-to-date: /home/parallels/ros2_ws/install/controller_manager/share/ament_index/resource_index/package_run_dependencies/controller_manager
[0.822s] -- Up-to-date: /home/parallels/ros2_ws/install/controller_manager/share/ament_index/resource_index/parent_prefix_path/controller_manager
[0.822s] -- Up-to-date: /home/parallels/ros2_ws/install/controller_manager/share/controller_manager/environment/ament_prefix_path.sh
[0.822s] -- Up-to-date: /home/parallels/ros2_ws/install/controller_manager/share/controller_manager/environment/ament_prefix_path.dsv
[0.822s] -- Up-to-date: /home/parallels/ros2_ws/install/controller_manager/share/controller_manager/environment/path.sh
[0.822s] -- Up-to-date: /home/parallels/ros2_ws/install/controller_manager/share/controller_manager/environment/path.dsv
[0.822s] -- Up-to-date: /home/parallels/ros2_ws/install/controller_manager/share/controller_manager/local_setup.bash
[0.822s] -- Up-to-date: /home/parallels/ros2_ws/install/controller_manager/share/controller_manager/local_setup.sh
[0.822s] -- Up-to-date: /home/parallels/ros2_ws/install/controller_manager/share/controller_manager/local_setup.zsh
[0.822s] -- Up-to-date: /home/parallels/ros2_ws/install/controller_manager/share/controller_manager/local_setup.dsv
[0.822s] -- Installing: /home/parallels/ros2_ws/install/controller_manager/share/controller_manager/package.dsv
[0.822s] -- Up-to-date: /home/parallels/ros2_ws/install/controller_manager/share/ament_index/resource_index/packages/controller_manager
[0.822s] -- Up-to-date: /home/parallels/ros2_ws/install/controller_manager/share/ament_index/resource_index/controller_interface__pluginlib__plugin/controller_manager
[0.822s] -- Up-to-date: /home/parallels/ros2_ws/install/controller_manager/share/controller_manager/cmake/ament_cmake_export_libraries-extras.cmake
[0.823s] -- Up-to-date: /home/parallels/ros2_ws/install/controller_manager/share/controller_manager/cmake/ament_cmake_export_include_directories-extras.cmake
[0.823s] -- Up-to-date: /home/parallels/ros2_ws/install/controller_manager/share/controller_manager/cmake/ament_cmake_export_dependencies-extras.cmake
[0.823s] -- Up-to-date: /home/parallels/ros2_ws/install/controller_manager/share/controller_manager/cmake/controller_managerConfig.cmake
[0.823s] -- Up-to-date: /home/parallels/ros2_ws/install/controller_manager/share/controller_manager/cmake/controller_managerConfig-version.cmake
[0.823s] -- Up-to-date: /home/parallels/ros2_ws/install/controller_manager/share/controller_manager/package.xml
[0.826s] Invoked command in '/home/parallels/ros2_ws/build/controller_manager' returned '0': CMAKE_PREFIX_PATH=/home/parallels/ros2_ws/install/hardware_interface_testing:/home/parallels/ros2_ws/install/controller_interface:/home/parallels/ros2_ws/install/hardware_interface:/home/parallels/ros2_ws/install/ros2_control_test_assets:/home/parallels/ros2_ws/install/controller_manager_msgs:/home/parallels/ros2_ws/install/ros2_controllers:/home/parallels/ros2_ws/install/ign_ros2_control_demos:/home/parallels/ros2_ws/install/velocity_controllers:/home/parallels/ros2_ws/install/tricycle_steering_controller:/home/parallels/ros2_ws/install/tricycle_controller:/home/parallels/ros2_ws/install/ros2_control:/home/parallels/ros2_ws/install/transmission_interface:/home/parallels/ros2_ws/install/bicycle_steering_controller:/home/parallels/ros2_ws/install/ackermann_steering_controller:/home/parallels/ros2_ws/install/steering_controllers_library:/home/parallels/ros2_ws/install/gz_ros2_control_tests:/home/parallels/ros2_ws/install/ign_ros2_control:/home/parallels/ros2_ws/install/controller_manager:/home/parallels/ros2_ws/install/ros2_control_demo_description:/home/parallels/ros2_ws/install/range_sensor_broadcaster:/home/parallels/ros2_ws/install/position_controllers:/home/parallels/ros2_ws/install/polygon_plugins:/home/parallels/ros2_ws/install/admittance_controller:/home/parallels/ros2_ws/install/joint_trajectory_controller:/home/parallels/ros2_ws/install/joint_state_broadcaster:/home/parallels/ros2_ws/install/joint_limits:/home/parallels/ros2_ws/install/imu_sensor_broadcaster:/home/parallels/ros2_ws/install/gripper_controllers:/home/parallels/ros2_ws/install/effort_controllers:/home/parallels/ros2_ws/install/forward_command_controller:/home/parallels/ros2_ws/install/force_torque_sensor_broadcaster:/home/parallels/ros2_ws/install/diff_drive_controller:/usr:/home/parallels/ros2_ws/install/rqt_joint_trajectory_controller:/home/parallels/ros2_ws/install/rqt_controller_manager:/home/parallels/ros2_ws/install/ros2controlcli:/home/parallels/ros2_ws/install/ros2_controllers_test_nodes:/home/parallels/ros2_ws/install/polygon_base:/opt/ros/humble LD_LIBRARY_PATH=/home/parallels/ros2_ws/install/hardware_interface_testing/lib:/home/parallels/ros2_ws/install/controller_interface/lib:/home/parallels/ros2_ws/install/hardware_interface/lib:/home/parallels/ros2_ws/install/controller_manager_msgs/lib:/home/parallels/ros2_ws/install/velocity_controllers/lib:/home/parallels/ros2_ws/install/tricycle_steering_controller/lib:/home/parallels/ros2_ws/install/tricycle_controller/lib:/home/parallels/ros2_ws/install/transmission_interface/lib:/home/parallels/ros2_ws/install/bicycle_steering_controller/lib:/home/parallels/ros2_ws/install/ackermann_steering_controller/lib:/home/parallels/ros2_ws/install/steering_controllers_library/lib:/home/parallels/ros2_ws/install/ign_ros2_control/lib:/home/parallels/ros2_ws/install/controller_manager/lib:/home/parallels/ros2_ws/install/range_sensor_broadcaster/lib:/home/parallels/ros2_ws/install/position_controllers/lib:/home/parallels/ros2_ws/install/polygon_plugins/lib:/home/parallels/ros2_ws/install/admittance_controller/lib:/home/parallels/ros2_ws/install/joint_trajectory_controller/lib:/home/parallels/ros2_ws/install/joint_state_broadcaster/lib:/home/parallels/ros2_ws/install/imu_sensor_broadcaster/lib:/home/parallels/ros2_ws/install/gripper_controllers/lib:/home/parallels/ros2_ws/install/effort_controllers/lib:/home/parallels/ros2_ws/install/forward_command_controller/lib:/home/parallels/ros2_ws/install/force_torque_sensor_broadcaster/lib:/home/parallels/ros2_ws/install/diff_drive_controller/lib:/opt/ros/humble/opt/rviz_ogre_vendor/lib:/opt/ros/humble/lib/aarch64-linux-gnu:/opt/ros/humble/lib /usr/bin/cmake --install /home/parallels/ros2_ws/build/controller_manager
