running egg_info
creating ../../build/number_counter/number_counter.egg-info
writing ../../build/number_counter/number_counter.egg-info/PKG-INFO
writing dependency_links to ../../build/number_counter/number_counter.egg-info/dependency_links.txt
writing entry points to ../../build/number_counter/number_counter.egg-info/entry_points.txt
writing requirements to ../../build/number_counter/number_counter.egg-info/requires.txt
writing top-level names to ../../build/number_counter/number_counter.egg-info/top_level.txt
writing manifest file '../../build/number_counter/number_counter.egg-info/SOURCES.txt'
reading manifest file '../../build/number_counter/number_counter.egg-info/SOURCES.txt'
writing manifest file '../../build/number_counter/number_counter.egg-info/SOURCES.txt'
running build
running build_py
creating /home/parallels/ros2_ws/ROS2_Humble/build/number_counter/build
creating /home/parallels/ros2_ws/ROS2_Humble/build/number_counter/build/lib
creating /home/parallels/ros2_ws/ROS2_Humble/build/number_counter/build/lib/number_counter
copying number_counter/number_publisher.py -> /home/parallels/ros2_ws/ROS2_Humble/build/number_counter/build/lib/number_counter
copying number_counter/__init__.py -> /home/parallels/ros2_ws/ROS2_Humble/build/number_counter/build/lib/number_counter
copying number_counter/number_counter.py -> /home/parallels/ros2_ws/ROS2_Humble/build/number_counter/build/lib/number_counter
copying number_counter/python_temp.py -> /home/parallels/ros2_ws/ROS2_Humble/build/number_counter/build/lib/number_counter
running install
running install_lib
creating /home/parallels/ros2_ws/ROS2_Humble/install/number_counter/lib/python3.10/site-packages/number_counter
copying /home/parallels/ros2_ws/ROS2_Humble/build/number_counter/build/lib/number_counter/number_publisher.py -> /home/parallels/ros2_ws/ROS2_Humble/install/number_counter/lib/python3.10/site-packages/number_counter
copying /home/parallels/ros2_ws/ROS2_Humble/build/number_counter/build/lib/number_counter/__init__.py -> /home/parallels/ros2_ws/ROS2_Humble/install/number_counter/lib/python3.10/site-packages/number_counter
copying /home/parallels/ros2_ws/ROS2_Humble/build/number_counter/build/lib/number_counter/number_counter.py -> /home/parallels/ros2_ws/ROS2_Humble/install/number_counter/lib/python3.10/site-packages/number_counter
copying /home/parallels/ros2_ws/ROS2_Humble/build/number_counter/build/lib/number_counter/python_temp.py -> /home/parallels/ros2_ws/ROS2_Humble/install/number_counter/lib/python3.10/site-packages/number_counter
byte-compiling /home/parallels/ros2_ws/ROS2_Humble/install/number_counter/lib/python3.10/site-packages/number_counter/number_publisher.py to number_publisher.cpython-310.pyc
byte-compiling /home/parallels/ros2_ws/ROS2_Humble/install/number_counter/lib/python3.10/site-packages/number_counter/__init__.py to __init__.cpython-310.pyc
byte-compiling /home/parallels/ros2_ws/ROS2_Humble/install/number_counter/lib/python3.10/site-packages/number_counter/number_counter.py to number_counter.cpython-310.pyc
byte-compiling /home/parallels/ros2_ws/ROS2_Humble/install/number_counter/lib/python3.10/site-packages/number_counter/python_temp.py to python_temp.cpython-310.pyc
running install_data
creating /home/parallels/ros2_ws/ROS2_Humble/install/number_counter/share/ament_index
creating /home/parallels/ros2_ws/ROS2_Humble/install/number_counter/share/ament_index/resource_index
creating /home/parallels/ros2_ws/ROS2_Humble/install/number_counter/share/ament_index/resource_index/packages
copying resource/number_counter -> /home/parallels/ros2_ws/ROS2_Humble/install/number_counter/share/ament_index/resource_index/packages
copying package.xml -> /home/parallels/ros2_ws/ROS2_Humble/install/number_counter/share/number_counter
running install_egg_info
Copying ../../build/number_counter/number_counter.egg-info to /home/parallels/ros2_ws/ROS2_Humble/install/number_counter/lib/python3.10/site-packages/number_counter-0.0.0-py3.10.egg-info
running install_scripts
Installing number_count script to /home/parallels/ros2_ws/ROS2_Humble/install/number_counter/lib/number_counter
Installing number_pub script to /home/parallels/ros2_ws/ROS2_Humble/install/number_counter/lib/number_counter
writing list of installed files to '/home/parallels/ros2_ws/ROS2_Humble/build/number_counter/install.log'
