[0.343s] Invoking command in '/home/parallels/ros2_ws/ROS2_Humble/build/actions_py': CMAKE_PREFIX_PATH=/home/parallels/ros2_ws/ROS2_Humble/install/my_robot_interfaces:/home/parallels/ros2_ws/ROS2_Humble/install/turtlecatch_bringup:/home/parallels/ros2_ws/ROS2_Humble/install/polygon_plugins:/home/parallels/ros2_ws/ROS2_Humble/install/polygon_base:/home/parallels/ros2_ws/ROS2_Humble/install/my_robot_station_bringup:/home/parallels/ros2_ws/ROS2_Humble/install/my_robot_lifecycle_bringup:/home/parallels/ros2_ws/ROS2_Humble/install/my_robot_bringup:/home/parallels/ros2_ws/ROS2_Humble/install/my_cpp_pkg:/home/parallels/ros2_ws/ROS2_Humble/install/actions_cpp:/home/parallels/ros2_ws/ROS2_Humble/install/my_robot_bringup_gazebo:/home/parallels/ros2_ws/ROS2_Humble/install/my_robot_description:/home/parallels/ros2_ws/ROS2_Humble/install/lifecycle_cpp:/home/parallels/ros2_ws/ROS2_Humble/install/add_two_ints_cpp:/usr LD_LIBRARY_PATH=/home/parallels/ros2_ws/ROS2_Humble/install/my_robot_interfaces/lib:/home/parallels/ros2_ws/ROS2_Humble/install/polygon_plugins/lib:/opt/ros/humble/opt/rviz_ogre_vendor/lib:/opt/ros/humble/lib/aarch64-linux-gnu:/opt/ros/humble/lib PYTHONPATH=/home/parallels/ros2_ws/ROS2_Humble/build/actions_py/prefix_override:/usr/lib/python3/dist-packages/colcon_core/task/python/colcon_distutils_commands:/home/parallels/ros2_ws/ROS2_Humble/install/actions_py/lib/python3.10/site-packages:${PYTHONPATH} /usr/bin/python3 -W ignore:setup.py install is deprecated -W ignore:easy_install command is deprecated setup.py develop --editable --build-directory /home/parallels/ros2_ws/ROS2_Humble/build/actions_py/build --no-deps symlink_data --force
[0.495s] running develop
[0.573s] running egg_info
[0.573s] writing actions_py.egg-info/PKG-INFO
[0.573s] writing dependency_links to actions_py.egg-info/dependency_links.txt
[0.573s] writing entry points to actions_py.egg-info/entry_points.txt
[0.573s] writing requirements to actions_py.egg-info/requires.txt
[0.573s] writing top-level names to actions_py.egg-info/top_level.txt
[0.574s] reading manifest file 'actions_py.egg-info/SOURCES.txt'
[0.574s] writing manifest file 'actions_py.egg-info/SOURCES.txt'
[0.575s] running build_ext
[0.575s] Creating /home/parallels/ros2_ws/ROS2_Humble/install/actions_py/lib/python3.10/site-packages/actions-py.egg-link (link to .)
[0.576s] Installing count_until_client script to /home/parallels/ros2_ws/ROS2_Humble/install/actions_py/lib/actions_py
[0.576s] Installing count_until_server script to /home/parallels/ros2_ws/ROS2_Humble/install/actions_py/lib/actions_py
[0.576s] Installing reach_until_client script to /home/parallels/ros2_ws/ROS2_Humble/install/actions_py/lib/actions_py
[0.576s] Installing reach_until_server script to /home/parallels/ros2_ws/ROS2_Humble/install/actions_py/lib/actions_py
[0.576s] 
[0.576s] Installed /home/parallels/ros2_ws/ROS2_Humble/build/actions_py
[0.576s] running symlink_data
[0.576s] symbolically linking /home/parallels/ros2_ws/ROS2_Humble/build/actions_py/resource/actions_py -> /home/parallels/ros2_ws/ROS2_Humble/install/actions_py/share/ament_index/resource_index/packages
[0.576s] symbolically linking /home/parallels/ros2_ws/ROS2_Humble/build/actions_py/package.xml -> /home/parallels/ros2_ws/ROS2_Humble/install/actions_py/share/actions_py
[0.594s] Invoked command in '/home/parallels/ros2_ws/ROS2_Humble/build/actions_py' returned '0': CMAKE_PREFIX_PATH=/home/parallels/ros2_ws/ROS2_Humble/install/my_robot_interfaces:/home/parallels/ros2_ws/ROS2_Humble/install/turtlecatch_bringup:/home/parallels/ros2_ws/ROS2_Humble/install/polygon_plugins:/home/parallels/ros2_ws/ROS2_Humble/install/polygon_base:/home/parallels/ros2_ws/ROS2_Humble/install/my_robot_station_bringup:/home/parallels/ros2_ws/ROS2_Humble/install/my_robot_lifecycle_bringup:/home/parallels/ros2_ws/ROS2_Humble/install/my_robot_bringup:/home/parallels/ros2_ws/ROS2_Humble/install/my_cpp_pkg:/home/parallels/ros2_ws/ROS2_Humble/install/actions_cpp:/home/parallels/ros2_ws/ROS2_Humble/install/my_robot_bringup_gazebo:/home/parallels/ros2_ws/ROS2_Humble/install/my_robot_description:/home/parallels/ros2_ws/ROS2_Humble/install/lifecycle_cpp:/home/parallels/ros2_ws/ROS2_Humble/install/add_two_ints_cpp:/usr LD_LIBRARY_PATH=/home/parallels/ros2_ws/ROS2_Humble/install/my_robot_interfaces/lib:/home/parallels/ros2_ws/ROS2_Humble/install/polygon_plugins/lib:/opt/ros/humble/opt/rviz_ogre_vendor/lib:/opt/ros/humble/lib/aarch64-linux-gnu:/opt/ros/humble/lib PYTHONPATH=/home/parallels/ros2_ws/ROS2_Humble/build/actions_py/prefix_override:/usr/lib/python3/dist-packages/colcon_core/task/python/colcon_distutils_commands:/home/parallels/ros2_ws/ROS2_Humble/install/actions_py/lib/python3.10/site-packages:${PYTHONPATH} /usr/bin/python3 -W ignore:setup.py install is deprecated -W ignore:easy_install command is deprecated setup.py develop --editable --build-directory /home/parallels/ros2_ws/ROS2_Humble/build/actions_py/build --no-deps symlink_data --force
