[0.004s] Invoking command in '/home/parallels/ros2_ws/build/my_robot_bringup': AMENT_PREFIX_PATH=/home/parallels/ros2_ws/install/my_py_pkg:/home/parallels/ros2_ws/install/my_robot_interfaces:${AMENT_PREFIX_PATH} CMAKE_PREFIX_PATH=/home/parallels/ros2_ws/install/my_robot_interfaces:/home/parallels/ros2_ws/install/urdf_sim_tutorial:/usr:/opt/ros/humble LD_LIBRARY_PATH=/home/parallels/ros2_ws/install/my_robot_interfaces/lib:${LD_LIBRARY_PATH} PYTHONPATH=/home/parallels/ros2_ws/install/my_py_pkg/lib/python3.10/site-packages:/home/parallels/ros2_ws/install/my_robot_interfaces/local/lib/python3.10/dist-packages:${PYTHONPATH} /usr/bin/cmake /home/parallels/ros2_ws/src/my_robot_bringup -DCMAKE_INSTALL_PREFIX=/home/parallels/ros2_ws/install/my_robot_bringup
[0.057s] -- The C compiler identification is GNU 11.4.0
[0.088s] -- The CXX compiler identification is GNU 11.4.0
[0.092s] -- Detecting C compiler ABI info
[0.142s] -- Detecting C compiler ABI info - done
[0.149s] -- Check for working C compiler: /usr/bin/cc - skipped
[0.149s] -- Detecting C compile features
[0.149s] -- Detecting C compile features - done
[0.149s] -- Detecting CXX compiler ABI info
[0.200s] -- Detecting CXX compiler ABI info - done
[0.206s] -- Check for working CXX compiler: /usr/bin/c++ - skipped
[0.206s] -- Detecting CXX compile features
[0.206s] -- Detecting CXX compile features - done
[0.210s] -- Found ament_cmake: 1.3.11 (/opt/ros/humble/share/ament_cmake/cmake)
[0.337s] -- Found Python3: /usr/bin/python3 (found version "3.10.12") found components: Interpreter 
[0.594s] -- Configuring done
[0.596s] -- Generating done
[0.597s] -- Build files have been written to: /home/parallels/ros2_ws/build/my_robot_bringup
[0.601s] Invoked command in '/home/parallels/ros2_ws/build/my_robot_bringup' returned '0': AMENT_PREFIX_PATH=/home/parallels/ros2_ws/install/my_py_pkg:/home/parallels/ros2_ws/install/my_robot_interfaces:${AMENT_PREFIX_PATH} CMAKE_PREFIX_PATH=/home/parallels/ros2_ws/install/my_robot_interfaces:/home/parallels/ros2_ws/install/urdf_sim_tutorial:/usr:/opt/ros/humble LD_LIBRARY_PATH=/home/parallels/ros2_ws/install/my_robot_interfaces/lib:${LD_LIBRARY_PATH} PYTHONPATH=/home/parallels/ros2_ws/install/my_py_pkg/lib/python3.10/site-packages:/home/parallels/ros2_ws/install/my_robot_interfaces/local/lib/python3.10/dist-packages:${PYTHONPATH} /usr/bin/cmake /home/parallels/ros2_ws/src/my_robot_bringup -DCMAKE_INSTALL_PREFIX=/home/parallels/ros2_ws/install/my_robot_bringup
[0.601s] Invoking command in '/home/parallels/ros2_ws/build/my_robot_bringup': AMENT_PREFIX_PATH=/home/parallels/ros2_ws/install/my_py_pkg:/home/parallels/ros2_ws/install/my_robot_interfaces:${AMENT_PREFIX_PATH} CMAKE_PREFIX_PATH=/home/parallels/ros2_ws/install/my_robot_interfaces:/home/parallels/ros2_ws/install/urdf_sim_tutorial:/usr:/opt/ros/humble LD_LIBRARY_PATH=/home/parallels/ros2_ws/install/my_robot_interfaces/lib:${LD_LIBRARY_PATH} PYTHONPATH=/home/parallels/ros2_ws/install/my_py_pkg/lib/python3.10/site-packages:/home/parallels/ros2_ws/install/my_robot_interfaces/local/lib/python3.10/dist-packages:${PYTHONPATH} /usr/bin/cmake --build /home/parallels/ros2_ws/build/my_robot_bringup -- -j4 -l4
[0.693s] Invoked command in '/home/parallels/ros2_ws/build/my_robot_bringup' returned '0': AMENT_PREFIX_PATH=/home/parallels/ros2_ws/install/my_py_pkg:/home/parallels/ros2_ws/install/my_robot_interfaces:${AMENT_PREFIX_PATH} CMAKE_PREFIX_PATH=/home/parallels/ros2_ws/install/my_robot_interfaces:/home/parallels/ros2_ws/install/urdf_sim_tutorial:/usr:/opt/ros/humble LD_LIBRARY_PATH=/home/parallels/ros2_ws/install/my_robot_interfaces/lib:${LD_LIBRARY_PATH} PYTHONPATH=/home/parallels/ros2_ws/install/my_py_pkg/lib/python3.10/site-packages:/home/parallels/ros2_ws/install/my_robot_interfaces/local/lib/python3.10/dist-packages:${PYTHONPATH} /usr/bin/cmake --build /home/parallels/ros2_ws/build/my_robot_bringup -- -j4 -l4
[0.693s] Invoking command in '/home/parallels/ros2_ws/build/my_robot_bringup': AMENT_PREFIX_PATH=/home/parallels/ros2_ws/install/my_py_pkg:/home/parallels/ros2_ws/install/my_robot_interfaces:${AMENT_PREFIX_PATH} CMAKE_PREFIX_PATH=/home/parallels/ros2_ws/install/my_robot_interfaces:/home/parallels/ros2_ws/install/urdf_sim_tutorial:/usr:/opt/ros/humble LD_LIBRARY_PATH=/home/parallels/ros2_ws/install/my_robot_interfaces/lib:${LD_LIBRARY_PATH} PYTHONPATH=/home/parallels/ros2_ws/install/my_py_pkg/lib/python3.10/site-packages:/home/parallels/ros2_ws/install/my_robot_interfaces/local/lib/python3.10/dist-packages:${PYTHONPATH} /usr/bin/cmake --install /home/parallels/ros2_ws/build/my_robot_bringup
[0.703s] -- Install configuration: ""
[0.703s] -- Installing: /home/parallels/ros2_ws/install/my_robot_bringup/share/my_robot_bringup/launch
[0.703s] -- Installing: /home/parallels/ros2_ws/install/my_robot_bringup/share/my_robot_bringup/launch/number_app.launch.py
[0.703s] -- Installing: /home/parallels/ros2_ws/install/my_robot_bringup/share/ament_index/resource_index/package_run_dependencies/my_robot_bringup
[0.708s] -- Installing: /home/parallels/ros2_ws/install/my_robot_bringup/share/ament_index/resource_index/parent_prefix_path/my_robot_bringup
[0.708s] -- Installing: /home/parallels/ros2_ws/install/my_robot_bringup/share/my_robot_bringup/environment/ament_prefix_path.sh
[0.708s] -- Installing: /home/parallels/ros2_ws/install/my_robot_bringup/share/my_robot_bringup/environment/ament_prefix_path.dsv
[0.708s] -- Installing: /home/parallels/ros2_ws/install/my_robot_bringup/share/my_robot_bringup/environment/path.sh
[0.708s] -- Installing: /home/parallels/ros2_ws/install/my_robot_bringup/share/my_robot_bringup/environment/path.dsv
[0.708s] -- Installing: /home/parallels/ros2_ws/install/my_robot_bringup/share/my_robot_bringup/local_setup.bash
[0.708s] -- Installing: /home/parallels/ros2_ws/install/my_robot_bringup/share/my_robot_bringup/local_setup.sh
[0.708s] -- Installing: /home/parallels/ros2_ws/install/my_robot_bringup/share/my_robot_bringup/local_setup.zsh
[0.708s] -- Installing: /home/parallels/ros2_ws/install/my_robot_bringup/share/my_robot_bringup/local_setup.dsv
[0.708s] -- Installing: /home/parallels/ros2_ws/install/my_robot_bringup/share/my_robot_bringup/package.dsv
[0.708s] -- Installing: /home/parallels/ros2_ws/install/my_robot_bringup/share/ament_index/resource_index/packages/my_robot_bringup
[0.709s] -- Installing: /home/parallels/ros2_ws/install/my_robot_bringup/share/my_robot_bringup/cmake/my_robot_bringupConfig.cmake
[0.709s] -- Installing: /home/parallels/ros2_ws/install/my_robot_bringup/share/my_robot_bringup/cmake/my_robot_bringupConfig-version.cmake
[0.709s] -- Installing: /home/parallels/ros2_ws/install/my_robot_bringup/share/my_robot_bringup/package.xml
[0.713s] Invoked command in '/home/parallels/ros2_ws/build/my_robot_bringup' returned '0': AMENT_PREFIX_PATH=/home/parallels/ros2_ws/install/my_py_pkg:/home/parallels/ros2_ws/install/my_robot_interfaces:${AMENT_PREFIX_PATH} CMAKE_PREFIX_PATH=/home/parallels/ros2_ws/install/my_robot_interfaces:/home/parallels/ros2_ws/install/urdf_sim_tutorial:/usr:/opt/ros/humble LD_LIBRARY_PATH=/home/parallels/ros2_ws/install/my_robot_interfaces/lib:${LD_LIBRARY_PATH} PYTHONPATH=/home/parallels/ros2_ws/install/my_py_pkg/lib/python3.10/site-packages:/home/parallels/ros2_ws/install/my_robot_interfaces/local/lib/python3.10/dist-packages:${PYTHONPATH} /usr/bin/cmake --install /home/parallels/ros2_ws/build/my_robot_bringup
