[0.006s] Invoking command in '/home/parallels/ros2_ws/src/build/ros_gz': CMAKE_PREFIX_PATH=${CMAKE_PREFIX_PATH}:/home/parallels/ros2_ws/install/turtlesim_catch_them_all:/home/parallels/ros2_ws/install/rqt_joint_trajectory_controller:/home/parallels/ros2_ws/install/rqt_controller_manager:/home/parallels/ros2_ws/install/ros2controlcli:/home/parallels/ros2_ws/install/ros2_controllers_test_nodes:/home/parallels/ros2_ws/install/number_counter:/home/parallels/ros2_ws/install/my_py_pkg:/home/parallels/ros2_ws/install/add_two_ints:/opt/ros/humble /usr/bin/cmake /home/parallels/ros2_ws/src/ros_gz/ros_gz -DCMAKE_INSTALL_PREFIX=/home/parallels/ros2_ws/src/install/ros_gz
[0.063s] -- The C compiler identification is GNU 11.4.0
[0.101s] -- The CXX compiler identification is GNU 11.4.0
[0.105s] -- Detecting C compiler ABI info
[0.154s] -- Detecting C compiler ABI info - done
[0.158s] -- Check for working C compiler: /usr/bin/cc - skipped
[0.158s] -- Detecting C compile features
[0.159s] -- Detecting C compile features - done
[0.161s] -- Detecting CXX compiler ABI info
[0.202s] -- Detecting CXX compiler ABI info - done
[0.206s] -- Check for working CXX compiler: /usr/bin/c++ - skipped
[0.206s] -- Detecting CXX compile features
[0.206s] -- Detecting CXX compile features - done
[0.215s] -- Found ament_cmake: 1.3.11 (/opt/ros/humble/share/ament_cmake/cmake)
[0.311s] -- Found Python3: /usr/bin/python3 (found version "3.10.12") found components: Interpreter 
[0.450s] -- Found ament_lint_auto: 0.12.11 (/opt/ros/humble/share/ament_lint_auto/cmake)
[0.545s] -- Added test 'copyright' to check source files copyright and LICENSE
[0.546s] -- Added test 'lint_cmake' to check CMake code style
[0.547s] -- Added test 'xmllint' to check XML markup files
[0.548s] -- Configuring done
[0.550s] -- Generating done
[0.550s] -- Build files have been written to: /home/parallels/ros2_ws/src/build/ros_gz
[0.553s] Invoked command in '/home/parallels/ros2_ws/src/build/ros_gz' returned '0': CMAKE_PREFIX_PATH=${CMAKE_PREFIX_PATH}:/home/parallels/ros2_ws/install/turtlesim_catch_them_all:/home/parallels/ros2_ws/install/rqt_joint_trajectory_controller:/home/parallels/ros2_ws/install/rqt_controller_manager:/home/parallels/ros2_ws/install/ros2controlcli:/home/parallels/ros2_ws/install/ros2_controllers_test_nodes:/home/parallels/ros2_ws/install/number_counter:/home/parallels/ros2_ws/install/my_py_pkg:/home/parallels/ros2_ws/install/add_two_ints:/opt/ros/humble /usr/bin/cmake /home/parallels/ros2_ws/src/ros_gz/ros_gz -DCMAKE_INSTALL_PREFIX=/home/parallels/ros2_ws/src/install/ros_gz
[0.554s] Invoking command in '/home/parallels/ros2_ws/src/build/ros_gz': CMAKE_PREFIX_PATH=${CMAKE_PREFIX_PATH}:/home/parallels/ros2_ws/install/turtlesim_catch_them_all:/home/parallels/ros2_ws/install/rqt_joint_trajectory_controller:/home/parallels/ros2_ws/install/rqt_controller_manager:/home/parallels/ros2_ws/install/ros2controlcli:/home/parallels/ros2_ws/install/ros2_controllers_test_nodes:/home/parallels/ros2_ws/install/number_counter:/home/parallels/ros2_ws/install/my_py_pkg:/home/parallels/ros2_ws/install/add_two_ints:/opt/ros/humble /usr/bin/cmake --build /home/parallels/ros2_ws/src/build/ros_gz -- -j4 -l4
[0.573s] Invoked command in '/home/parallels/ros2_ws/src/build/ros_gz' returned '0': CMAKE_PREFIX_PATH=${CMAKE_PREFIX_PATH}:/home/parallels/ros2_ws/install/turtlesim_catch_them_all:/home/parallels/ros2_ws/install/rqt_joint_trajectory_controller:/home/parallels/ros2_ws/install/rqt_controller_manager:/home/parallels/ros2_ws/install/ros2controlcli:/home/parallels/ros2_ws/install/ros2_controllers_test_nodes:/home/parallels/ros2_ws/install/number_counter:/home/parallels/ros2_ws/install/my_py_pkg:/home/parallels/ros2_ws/install/add_two_ints:/opt/ros/humble /usr/bin/cmake --build /home/parallels/ros2_ws/src/build/ros_gz -- -j4 -l4
[0.578s] Invoking command in '/home/parallels/ros2_ws/src/build/ros_gz': CMAKE_PREFIX_PATH=${CMAKE_PREFIX_PATH}:/home/parallels/ros2_ws/install/turtlesim_catch_them_all:/home/parallels/ros2_ws/install/rqt_joint_trajectory_controller:/home/parallels/ros2_ws/install/rqt_controller_manager:/home/parallels/ros2_ws/install/ros2controlcli:/home/parallels/ros2_ws/install/ros2_controllers_test_nodes:/home/parallels/ros2_ws/install/number_counter:/home/parallels/ros2_ws/install/my_py_pkg:/home/parallels/ros2_ws/install/add_two_ints:/opt/ros/humble /usr/bin/cmake --install /home/parallels/ros2_ws/src/build/ros_gz
[0.581s] -- Install configuration: ""
[0.581s] -- Installing: /home/parallels/ros2_ws/src/install/ros_gz/share/ament_index/resource_index/package_run_dependencies/ros_gz
[0.582s] -- Installing: /home/parallels/ros2_ws/src/install/ros_gz/share/ament_index/resource_index/parent_prefix_path/ros_gz
[0.582s] -- Installing: /home/parallels/ros2_ws/src/install/ros_gz/share/ros_gz/environment/ament_prefix_path.sh
[0.582s] -- Installing: /home/parallels/ros2_ws/src/install/ros_gz/share/ros_gz/environment/ament_prefix_path.dsv
[0.582s] -- Installing: /home/parallels/ros2_ws/src/install/ros_gz/share/ros_gz/environment/path.sh
[0.582s] -- Installing: /home/parallels/ros2_ws/src/install/ros_gz/share/ros_gz/environment/path.dsv
[0.582s] -- Installing: /home/parallels/ros2_ws/src/install/ros_gz/share/ros_gz/local_setup.bash
[0.582s] -- Installing: /home/parallels/ros2_ws/src/install/ros_gz/share/ros_gz/local_setup.sh
[0.582s] -- Installing: /home/parallels/ros2_ws/src/install/ros_gz/share/ros_gz/local_setup.zsh
[0.582s] -- Installing: /home/parallels/ros2_ws/src/install/ros_gz/share/ros_gz/local_setup.dsv
[0.582s] -- Installing: /home/parallels/ros2_ws/src/install/ros_gz/share/ros_gz/package.dsv
[0.582s] -- Installing: /home/parallels/ros2_ws/src/install/ros_gz/share/ament_index/resource_index/packages/ros_gz
[0.582s] -- Installing: /home/parallels/ros2_ws/src/install/ros_gz/share/ros_gz/cmake/ros_gzConfig.cmake
[0.582s] -- Installing: /home/parallels/ros2_ws/src/install/ros_gz/share/ros_gz/cmake/ros_gzConfig-version.cmake
[0.582s] -- Installing: /home/parallels/ros2_ws/src/install/ros_gz/share/ros_gz/package.xml
[0.583s] Invoked command in '/home/parallels/ros2_ws/src/build/ros_gz' returned '0': CMAKE_PREFIX_PATH=${CMAKE_PREFIX_PATH}:/home/parallels/ros2_ws/install/turtlesim_catch_them_all:/home/parallels/ros2_ws/install/rqt_joint_trajectory_controller:/home/parallels/ros2_ws/install/rqt_controller_manager:/home/parallels/ros2_ws/install/ros2controlcli:/home/parallels/ros2_ws/install/ros2_controllers_test_nodes:/home/parallels/ros2_ws/install/number_counter:/home/parallels/ros2_ws/install/my_py_pkg:/home/parallels/ros2_ws/install/add_two_ints:/opt/ros/humble /usr/bin/cmake --install /home/parallels/ros2_ws/src/build/ros_gz
