[0.012s] Invoking command in '/home/parallels/ros2_ws/build/my_cpp_pkg': AMENT_PREFIX_PATH=/home/parallels/ros2_ws/install/my_robot_interfaces:${AMENT_PREFIX_PATH} CMAKE_PREFIX_PATH=/home/parallels/ros2_ws/install/my_robot_interfaces:/usr:/opt/ros/humble LD_LIBRARY_PATH=/home/parallels/ros2_ws/install/my_robot_interfaces/lib:${LD_LIBRARY_PATH} PYTHONPATH=/home/parallels/ros2_ws/install/my_robot_interfaces/local/lib/python3.10/dist-packages:${PYTHONPATH} /usr/bin/cmake --build /home/parallels/ros2_ws/build/my_cpp_pkg -- -j4 -l4
[0.037s] [35m[1mConsolidate compiler generated dependencies of target smartphone[0m
[0.037s] [35m[1mConsolidate compiler generated dependencies of target cpp_node[0m
[0.037s] [35m[1mConsolidate compiler generated dependencies of target robot_radio_station[0m
[0.037s] [35m[1mConsolidate compiler generated dependencies of target hardwarestatus_pub[0m
[0.046s] [ 14%] Built target cpp_node
[0.047s] [ 28%] Built target robot_radio_station
[0.048s] [ 42%] Built target hardwarestatus_pub
[0.048s] [ 57%] Built target smartphone
[0.052s] [35m[1mConsolidate compiler generated dependencies of target hardwarestatus_sub[0m
[0.052s] [35m[1mConsolidate compiler generated dependencies of target client_battery[0m
[0.053s] [35m[1mConsolidate compiler generated dependencies of target LED_panel[0m
[0.060s] [ 71%] Built target hardwarestatus_sub
[0.060s] [ 85%] Built target client_battery
[0.060s] [100%] Built target LED_panel
[0.064s] Invoked command in '/home/parallels/ros2_ws/build/my_cpp_pkg' returned '0': AMENT_PREFIX_PATH=/home/parallels/ros2_ws/install/my_robot_interfaces:${AMENT_PREFIX_PATH} CMAKE_PREFIX_PATH=/home/parallels/ros2_ws/install/my_robot_interfaces:/usr:/opt/ros/humble LD_LIBRARY_PATH=/home/parallels/ros2_ws/install/my_robot_interfaces/lib:${LD_LIBRARY_PATH} PYTHONPATH=/home/parallels/ros2_ws/install/my_robot_interfaces/local/lib/python3.10/dist-packages:${PYTHONPATH} /usr/bin/cmake --build /home/parallels/ros2_ws/build/my_cpp_pkg -- -j4 -l4
[0.068s] Invoking command in '/home/parallels/ros2_ws/build/my_cpp_pkg': AMENT_PREFIX_PATH=/home/parallels/ros2_ws/install/my_robot_interfaces:${AMENT_PREFIX_PATH} CMAKE_PREFIX_PATH=/home/parallels/ros2_ws/install/my_robot_interfaces:/usr:/opt/ros/humble LD_LIBRARY_PATH=/home/parallels/ros2_ws/install/my_robot_interfaces/lib:${LD_LIBRARY_PATH} PYTHONPATH=/home/parallels/ros2_ws/install/my_robot_interfaces/local/lib/python3.10/dist-packages:${PYTHONPATH} /usr/bin/cmake --install /home/parallels/ros2_ws/build/my_cpp_pkg
[0.071s] -- Install configuration: ""
[0.072s] -- Up-to-date: /home/parallels/ros2_ws/install/my_cpp_pkg/lib/my_cpp_pkg/cpp_node
[0.073s] -- Up-to-date: /home/parallels/ros2_ws/install/my_cpp_pkg/lib/my_cpp_pkg/robot_radio_station
[0.074s] -- Up-to-date: /home/parallels/ros2_ws/install/my_cpp_pkg/lib/my_cpp_pkg/smartphone
[0.074s] -- Up-to-date: /home/parallels/ros2_ws/install/my_cpp_pkg/lib/my_cpp_pkg/hardwarestatus_pub
[0.075s] -- Up-to-date: /home/parallels/ros2_ws/install/my_cpp_pkg/lib/my_cpp_pkg/hardwarestatus_sub
[0.076s] -- Up-to-date: /home/parallels/ros2_ws/install/my_cpp_pkg/lib/my_cpp_pkg/client_battery
[0.076s] -- Up-to-date: /home/parallels/ros2_ws/install/my_cpp_pkg/lib/my_cpp_pkg/LED_panel
[0.077s] -- Up-to-date: /home/parallels/ros2_ws/install/my_cpp_pkg/share/ament_index/resource_index/package_run_dependencies/my_cpp_pkg
[0.077s] -- Up-to-date: /home/parallels/ros2_ws/install/my_cpp_pkg/share/ament_index/resource_index/parent_prefix_path/my_cpp_pkg
[0.077s] -- Up-to-date: /home/parallels/ros2_ws/install/my_cpp_pkg/share/my_cpp_pkg/environment/ament_prefix_path.sh
[0.077s] -- Up-to-date: /home/parallels/ros2_ws/install/my_cpp_pkg/share/my_cpp_pkg/environment/ament_prefix_path.dsv
[0.077s] -- Up-to-date: /home/parallels/ros2_ws/install/my_cpp_pkg/share/my_cpp_pkg/environment/path.sh
[0.077s] -- Up-to-date: /home/parallels/ros2_ws/install/my_cpp_pkg/share/my_cpp_pkg/environment/path.dsv
[0.077s] -- Up-to-date: /home/parallels/ros2_ws/install/my_cpp_pkg/share/my_cpp_pkg/local_setup.bash
[0.077s] -- Up-to-date: /home/parallels/ros2_ws/install/my_cpp_pkg/share/my_cpp_pkg/local_setup.sh
[0.077s] -- Up-to-date: /home/parallels/ros2_ws/install/my_cpp_pkg/share/my_cpp_pkg/local_setup.zsh
[0.077s] -- Up-to-date: /home/parallels/ros2_ws/install/my_cpp_pkg/share/my_cpp_pkg/local_setup.dsv
[0.077s] -- Installing: /home/parallels/ros2_ws/install/my_cpp_pkg/share/my_cpp_pkg/package.dsv
[0.077s] -- Up-to-date: /home/parallels/ros2_ws/install/my_cpp_pkg/share/ament_index/resource_index/packages/my_cpp_pkg
[0.077s] -- Up-to-date: /home/parallels/ros2_ws/install/my_cpp_pkg/share/my_cpp_pkg/cmake/my_cpp_pkgConfig.cmake
[0.078s] -- Up-to-date: /home/parallels/ros2_ws/install/my_cpp_pkg/share/my_cpp_pkg/cmake/my_cpp_pkgConfig-version.cmake
[0.078s] -- Up-to-date: /home/parallels/ros2_ws/install/my_cpp_pkg/share/my_cpp_pkg/package.xml
[0.078s] Invoked command in '/home/parallels/ros2_ws/build/my_cpp_pkg' returned '0': AMENT_PREFIX_PATH=/home/parallels/ros2_ws/install/my_robot_interfaces:${AMENT_PREFIX_PATH} CMAKE_PREFIX_PATH=/home/parallels/ros2_ws/install/my_robot_interfaces:/usr:/opt/ros/humble LD_LIBRARY_PATH=/home/parallels/ros2_ws/install/my_robot_interfaces/lib:${LD_LIBRARY_PATH} PYTHONPATH=/home/parallels/ros2_ws/install/my_robot_interfaces/local/lib/python3.10/dist-packages:${PYTHONPATH} /usr/bin/cmake --install /home/parallels/ros2_ws/build/my_cpp_pkg
