[0.785s] Invoking command in '/home/parallels/ros2_ws/ROS2_Humble/src/number_counter': PYTHONPATH=/home/parallels/ros2_ws/ROS2_Humble/build/number_counter/prefix_override:/usr/lib/python3/dist-packages/colcon_core/task/python/colcon_distutils_commands:/home/parallels/ros2_ws/ROS2_Humble/install/number_counter/lib/python3.10/site-packages:${PYTHONPATH} /usr/bin/python3 -W ignore:setup.py install is deprecated -W ignore:easy_install command is deprecated setup.py egg_info --egg-base ../../build/number_counter build --build-base /home/parallels/ros2_ws/ROS2_Humble/build/number_counter/build install --record /home/parallels/ros2_ws/ROS2_Humble/build/number_counter/install.log --single-version-externally-managed install_data
[0.979s] running egg_info
[0.980s] writing ../../build/number_counter/number_counter.egg-info/PKG-INFO
[0.980s] writing dependency_links to ../../build/number_counter/number_counter.egg-info/dependency_links.txt
[0.980s] writing entry points to ../../build/number_counter/number_counter.egg-info/entry_points.txt
[0.982s] writing requirements to ../../build/number_counter/number_counter.egg-info/requires.txt
[0.982s] writing top-level names to ../../build/number_counter/number_counter.egg-info/top_level.txt
[0.985s] reading manifest file '../../build/number_counter/number_counter.egg-info/SOURCES.txt'
[0.986s] writing manifest file '../../build/number_counter/number_counter.egg-info/SOURCES.txt'
[0.987s] running build
[0.987s] running build_py
[0.987s] running install
[0.989s] running install_lib
[0.990s] running install_data
[0.990s] running install_egg_info
[0.991s] removing '/home/parallels/ros2_ws/ROS2_Humble/install/number_counter/lib/python3.10/site-packages/number_counter-0.0.0-py3.10.egg-info' (and everything under it)
[0.997s] Copying ../../build/number_counter/number_counter.egg-info to /home/parallels/ros2_ws/ROS2_Humble/install/number_counter/lib/python3.10/site-packages/number_counter-0.0.0-py3.10.egg-info
[0.998s] running install_scripts
[1.039s] Installing number_count script to /home/parallels/ros2_ws/ROS2_Humble/install/number_counter/lib/number_counter
[1.039s] Installing number_pub script to /home/parallels/ros2_ws/ROS2_Humble/install/number_counter/lib/number_counter
[1.039s] writing list of installed files to '/home/parallels/ros2_ws/ROS2_Humble/build/number_counter/install.log'
[1.070s] Invoked command in '/home/parallels/ros2_ws/ROS2_Humble/src/number_counter' returned '0': PYTHONPATH=/home/parallels/ros2_ws/ROS2_Humble/build/number_counter/prefix_override:/usr/lib/python3/dist-packages/colcon_core/task/python/colcon_distutils_commands:/home/parallels/ros2_ws/ROS2_Humble/install/number_counter/lib/python3.10/site-packages:${PYTHONPATH} /usr/bin/python3 -W ignore:setup.py install is deprecated -W ignore:easy_install command is deprecated setup.py egg_info --egg-base ../../build/number_counter build --build-base /home/parallels/ros2_ws/ROS2_Humble/build/number_counter/build install --record /home/parallels/ros2_ws/ROS2_Humble/build/number_counter/install.log --single-version-externally-managed install_data
