[0.006s] Invoking command in '/home/parallels/ros2_ws/build/controller_manager': AMENT_PREFIX_PATH=/home/parallels/ros2_ws/install/hardware_interface_testing:/home/parallels/ros2_ws/install/controller_interface:/home/parallels/ros2_ws/install/hardware_interface:/home/parallels/ros2_ws/install/ros2_control_test_assets:/home/parallels/ros2_ws/install/controller_manager_msgs:${AMENT_PREFIX_PATH} CMAKE_PREFIX_PATH=/home/parallels/ros2_ws/install/hardware_interface_testing:/home/parallels/ros2_ws/install/controller_interface:/home/parallels/ros2_ws/install/hardware_interface:/home/parallels/ros2_ws/install/ros2_control_test_assets:/home/parallels/ros2_ws/install/controller_manager_msgs:/usr:/opt/ros/humble LD_LIBRARY_PATH=/home/parallels/ros2_ws/install/hardware_interface_testing/lib:/home/parallels/ros2_ws/install/controller_interface/lib:/home/parallels/ros2_ws/install/hardware_interface/lib:/home/parallels/ros2_ws/install/controller_manager_msgs/lib:${LD_LIBRARY_PATH} PYTHONPATH=/home/parallels/ros2_ws/install/controller_manager_msgs/local/lib/python3.10/dist-packages:${PYTHONPATH} /usr/bin/cmake /home/parallels/ros2_ws/src/ros2_control/controller_manager -DCMAKE_INSTALL_PREFIX=/home/parallels/ros2_ws/install/controller_manager
[0.037s] -- The C compiler identification is GNU 11.4.0
[0.065s] -- The CXX compiler identification is GNU 11.4.0
[0.069s] -- Detecting C compiler ABI info
[0.110s] -- Detecting C compiler ABI info - done
[0.110s] -- Check for working C compiler: /usr/bin/cc - skipped
[0.110s] -- Detecting C compile features
[0.110s] -- Detecting C compile features - done
[0.111s] -- Detecting CXX compiler ABI info
[0.148s] -- Detecting CXX compiler ABI info - done
[0.151s] -- Check for working CXX compiler: /usr/bin/c++ - skipped
[0.151s] -- Detecting CXX compile features
[0.152s] -- Detecting CXX compile features - done
[0.156s] -- Found ament_cmake: 1.3.11 (/opt/ros/humble/share/ament_cmake/cmake)
[0.233s] -- Found Python3: /usr/bin/python3 (found version "3.10.12") found components: Interpreter 
[0.325s] -- Found ament_index_cpp: 1.4.0 (/opt/ros/humble/share/ament_index_cpp/cmake)
[0.326s] -- Found controller_interface: 2.41.0 (/home/parallels/ros2_ws/install/controller_interface/share/controller_interface/cmake)
[0.381s] -- Found rosidl_generator_c: 3.1.6 (/opt/ros/humble/share/rosidl_generator_c/cmake)
[0.390s] -- Found rosidl_adapter: 3.1.6 (/opt/ros/humble/share/rosidl_adapter/cmake)
[0.401s] -- Found rosidl_generator_cpp: 3.1.6 (/opt/ros/humble/share/rosidl_generator_cpp/cmake)
[0.414s] -- Using all available rosidl_typesupport_c: rosidl_typesupport_fastrtps_c;rosidl_typesupport_introspection_c
[0.432s] -- Using all available rosidl_typesupport_cpp: rosidl_typesupport_fastrtps_cpp;rosidl_typesupport_introspection_cpp
[0.612s] -- Found rmw_implementation_cmake: 6.1.2 (/opt/ros/humble/share/rmw_implementation_cmake/cmake)
[0.617s] -- Found rmw_fastrtps_cpp: 6.2.7 (/opt/ros/humble/share/rmw_fastrtps_cpp/cmake)
[0.646s] -- Found TinyXML2 via Config file: TinyXML2_DIR-NOTFOUND
[0.665s] -- Found OpenSSL: /usr/lib/aarch64-linux-gnu/libcrypto.so (found version "3.0.2")  
[0.666s] -- Found TinyXML2 via Config file: TinyXML2_DIR-NOTFOUND
[0.677s] -- Found FastRTPS: /opt/ros/humble/include  
[0.678s] -- Found TinyXML2 via Config file: TinyXML2_DIR-NOTFOUND
[0.682s] -- Found TinyXML2 via Config file: TinyXML2_DIR-NOTFOUND
[0.687s] -- Using RMW implementation 'rmw_fastrtps_cpp' as default
[0.697s] -- Looking for pthread.h
[0.745s] -- Looking for pthread.h - found
[0.745s] -- Performing Test CMAKE_HAVE_LIBC_PTHREAD
[0.789s] -- Performing Test CMAKE_HAVE_LIBC_PTHREAD - Success
[0.790s] -- Found Threads: TRUE  
[0.827s] -- Found controller_manager_msgs: 2.41.0 (/home/parallels/ros2_ws/install/controller_manager_msgs/share/controller_manager_msgs/cmake)
[0.840s] -- Found realtime_tools: 2.8.1 (/opt/ros/humble/share/realtime_tools/cmake)
[0.875s] -- Found ament_cmake_gmock: 1.3.11 (/opt/ros/humble/share/ament_cmake_gmock/cmake)
[0.876s] -- Found ros2_control_test_assets: 2.41.0 (/home/parallels/ros2_ws/install/ros2_control_test_assets/share/ros2_control_test_assets/cmake)
[0.881s] -- Found gmock sources under '/opt/ros/humble/src/gmock_vendor': C++ tests using 'Google Mock' will be built
[0.890s] -- Found ament_cmake_gtest: 1.3.11 (/opt/ros/humble/share/ament_cmake_gtest/cmake)
[0.891s] -- Found gtest sources under '/opt/ros/humble/src/gtest_vendor': C++ tests using 'Google Test' will be built
[0.973s] -- Configuring done
[1.128s] -- Generating done
[1.148s] -- Build files have been written to: /home/parallels/ros2_ws/build/controller_manager
[1.157s] Invoked command in '/home/parallels/ros2_ws/build/controller_manager' returned '0': AMENT_PREFIX_PATH=/home/parallels/ros2_ws/install/hardware_interface_testing:/home/parallels/ros2_ws/install/controller_interface:/home/parallels/ros2_ws/install/hardware_interface:/home/parallels/ros2_ws/install/ros2_control_test_assets:/home/parallels/ros2_ws/install/controller_manager_msgs:${AMENT_PREFIX_PATH} CMAKE_PREFIX_PATH=/home/parallels/ros2_ws/install/hardware_interface_testing:/home/parallels/ros2_ws/install/controller_interface:/home/parallels/ros2_ws/install/hardware_interface:/home/parallels/ros2_ws/install/ros2_control_test_assets:/home/parallels/ros2_ws/install/controller_manager_msgs:/usr:/opt/ros/humble LD_LIBRARY_PATH=/home/parallels/ros2_ws/install/hardware_interface_testing/lib:/home/parallels/ros2_ws/install/controller_interface/lib:/home/parallels/ros2_ws/install/hardware_interface/lib:/home/parallels/ros2_ws/install/controller_manager_msgs/lib:${LD_LIBRARY_PATH} PYTHONPATH=/home/parallels/ros2_ws/install/controller_manager_msgs/local/lib/python3.10/dist-packages:${PYTHONPATH} /usr/bin/cmake /home/parallels/ros2_ws/src/ros2_control/controller_manager -DCMAKE_INSTALL_PREFIX=/home/parallels/ros2_ws/install/controller_manager
[1.157s] Invoking command in '/home/parallels/ros2_ws/build/controller_manager': AMENT_PREFIX_PATH=/home/parallels/ros2_ws/install/hardware_interface_testing:/home/parallels/ros2_ws/install/controller_interface:/home/parallels/ros2_ws/install/hardware_interface:/home/parallels/ros2_ws/install/ros2_control_test_assets:/home/parallels/ros2_ws/install/controller_manager_msgs:${AMENT_PREFIX_PATH} CMAKE_PREFIX_PATH=/home/parallels/ros2_ws/install/hardware_interface_testing:/home/parallels/ros2_ws/install/controller_interface:/home/parallels/ros2_ws/install/hardware_interface:/home/parallels/ros2_ws/install/ros2_control_test_assets:/home/parallels/ros2_ws/install/controller_manager_msgs:/usr:/opt/ros/humble LD_LIBRARY_PATH=/home/parallels/ros2_ws/install/hardware_interface_testing/lib:/home/parallels/ros2_ws/install/controller_interface/lib:/home/parallels/ros2_ws/install/hardware_interface/lib:/home/parallels/ros2_ws/install/controller_manager_msgs/lib:${LD_LIBRARY_PATH} PYTHONPATH=/home/parallels/ros2_ws/install/controller_manager_msgs/local/lib/python3.10/dist-packages:${PYTHONPATH} /usr/bin/cmake --build /home/parallels/ros2_ws/build/controller_manager -- -j4 -l4
[1.179s] [  2%] [32mBuilding CXX object gmock/CMakeFiles/gmock_main.dir/src/gmock_main.cc.o[0m
[1.183s] [  5%] [32mBuilding CXX object CMakeFiles/controller_manager.dir/src/controller_manager.cpp.o[0m
[1.762s] [  8%] [32m[1mLinking CXX static library libgmock_main.a[0m
[1.777s] [  8%] Built target gmock_main
[1.785s] [ 11%] [32mBuilding CXX object gmock/CMakeFiles/gmock.dir/opt/ros/humble/src/gtest_vendor/src/gtest-all.cc.o[0m
[1.897s] [ 11%] Built target ament_cmake_python_copy_controller_manager_setup
[1.926s] [ 14%] [32mBuilding CXX object gmock/CMakeFiles/gmock.dir/src/gmock-all.cc.o[0m
[2.046s] [ 14%] Built target ament_cmake_python_copy_controller_manager
[2.246s] running egg_info
[2.246s] creating controller_manager.egg-info
[2.247s] writing controller_manager.egg-info/PKG-INFO
[2.247s] writing dependency_links to controller_manager.egg-info/dependency_links.txt
[2.247s] writing entry points to controller_manager.egg-info/entry_points.txt
[2.247s] writing top-level names to controller_manager.egg-info/top_level.txt
[2.247s] writing manifest file 'controller_manager.egg-info/SOURCES.txt'
[2.248s] reading manifest file 'controller_manager.egg-info/SOURCES.txt'
[2.248s] writing manifest file 'controller_manager.egg-info/SOURCES.txt'
[2.263s] [ 14%] Built target ament_cmake_python_build_controller_manager_egg
[2.390s] running install_scripts
[2.402s] running egg_info
[2.403s] writing controller_manager.egg-info/PKG-INFO
[2.403s] writing dependency_links to controller_manager.egg-info/dependency_links.txt
[2.403s] writing entry points to controller_manager.egg-info/entry_points.txt
[2.403s] writing top-level names to controller_manager.egg-info/top_level.txt
[2.405s] reading manifest file 'controller_manager.egg-info/SOURCES.txt'
[2.405s] writing manifest file 'controller_manager.egg-info/SOURCES.txt'
[2.406s] Installing hardware_spawner script to scripts
[2.406s] Installing spawner script to scripts
[2.406s] Installing unspawner script to scripts
[2.431s] [ 14%] Built target ament_cmake_python_build_controller_manager_scripts
[3.649s] [ 17%] [32m[1mLinking CXX static library libgmock.a[0m
[3.689s] [ 17%] Built target gmock
[10.062s] [ 20%] [32m[1mLinking CXX shared library libcontroller_manager.so[0m
[10.757s] [ 20%] Built target controller_manager
[10.766s] [ 25%] [32mBuilding CXX object CMakeFiles/ros2_control_node.dir/src/ros2_control_node.cpp.o[0m
[10.766s] [ 22%] [32mBuilding CXX object CMakeFiles/test_controller.dir/test/test_controller/test_controller.cpp.o[0m
[10.766s] [ 28%] [32mBuilding CXX object CMakeFiles/test_controller_failed_init.dir/test/test_controller_failed_init/test_controller_failed_init.cpp.o[0m
[10.933s] In file included from [01m[K/home/parallels/ros2_ws/src/ros2_control/controller_manager/src/ros2_control_node.cpp:23[m[K:
[10.933s] [01m[K/opt/ros/humble/include/realtime_tools/realtime_tools/thread_priority.hpp:39:2:[m[K [01;35m[Kwarning: [m[K#warning "This header include is deprecated. Please update your code to use 'realtime_helpers.hpp' header and link against 'realtime_tools' library." [[01;35m[K]8;;https://gcc.gnu.org/onlinedocs/gcc/Warning-Options.html#index-Wcpp-Wcpp]8;;[m[K]
[10.933s]    39 | #[01;35m[Kwarning[m[K \
[10.933s]       |  [01;35m[K^~~~~~~[m[K
[11.775s] [ 31%] [32mBuilding CXX object CMakeFiles/test_chainable_controller.dir/test/test_chainable_controller/test_chainable_controller.cpp.o[0m
[12.250s] [ 34%] [32m[1mLinking CXX shared library libtest_controller.so[0m
[12.339s] [ 34%] Built target test_controller
[12.349s] [ 37%] [32mBuilding CXX object CMakeFiles/test_controller_manager_urdf_passing.dir/test/test_controller_manager_urdf_passing.cpp.o[0m
[12.701s] [ 40%] [32m[1mLinking CXX shared library libtest_controller_failed_init.so[0m
[12.786s] [ 40%] Built target test_controller_failed_init
[12.796s] [ 42%] [32mBuilding CXX object CMakeFiles/test_controller_with_interfaces.dir/test/test_controller_with_interfaces/test_controller_with_interfaces.cpp.o[0m
[13.064s] [ 45%] [32m[1mLinking CXX executable ros2_control_node[0m
[13.404s] [ 45%] Built target ros2_control_node
[13.414s] [ 48%] [32mBuilding CXX object CMakeFiles/test_spawner_unspawner.dir/test/test_spawner_unspawner.cpp.o[0m
[14.905s] [ 51%] [32m[1mLinking CXX shared library libtest_controller_with_interfaces.so[0m
[14.996s] [ 51%] Built target test_controller_with_interfaces
[15.006s] [ 54%] [32mBuilding CXX object CMakeFiles/test_hardware_management_srvs.dir/test/test_hardware_management_srvs.cpp.o[0m
[15.408s] [ 57%] [32m[1mLinking CXX executable test_controller_manager_urdf_passing[0m
[15.866s] [ 57%] Built target test_controller_manager_urdf_passing
[15.876s] [ 60%] [32mBuilding CXX object CMakeFiles/test_controller_manager.dir/test/test_controller_manager.cpp.o[0m
[16.320s] [ 62%] [32m[1mLinking CXX shared library libtest_chainable_controller.so[0m
[16.592s] [ 65%] [32m[1mLinking CXX executable test_spawner_unspawner[0m
[16.676s] [ 65%] Built target test_chainable_controller
[16.688s] [ 68%] [32mBuilding CXX object CMakeFiles/test_controller_manager_with_namespace.cpp.dir/test/test_controller_manager_with_namespace.cpp.o[0m
[17.094s] [ 68%] Built target test_spawner_unspawner
[17.105s] [ 71%] [32mBuilding CXX object CMakeFiles/test_load_controller.dir/test/test_load_controller.cpp.o[0m
[18.724s] [ 74%] [32m[1mLinking CXX executable test_hardware_management_srvs[0m
[19.266s] [ 74%] Built target test_hardware_management_srvs
[19.275s] [ 77%] [32mBuilding CXX object CMakeFiles/test_controllers_chaining_with_controller_manager.dir/test/test_controllers_chaining_with_controller_manager.cpp.o[0m
[19.753s] [ 80%] [32m[1mLinking CXX executable test_controller_manager[0m
[19.821s] [ 82%] [32m[1mLinking CXX executable test_controller_manager_with_namespace.cpp[0m
[20.386s] [ 82%] Built target test_controller_manager
[20.396s] [ 85%] [32mBuilding CXX object CMakeFiles/test_controller_manager_srvs.dir/test/test_controller_manager_srvs.cpp.o[0m
[20.405s] [ 85%] Built target test_controller_manager_with_namespace.cpp
[20.415s] [ 88%] [32mBuilding CXX object CMakeFiles/test_release_interfaces.dir/test/test_release_interfaces.cpp.o[0m
[20.993s] [ 91%] [32m[1mLinking CXX executable test_load_controller[0m
[21.516s] [ 91%] Built target test_load_controller
[22.893s] [ 94%] [32m[1mLinking CXX executable test_controllers_chaining_with_controller_manager[0m
[23.412s] [ 94%] Built target test_controllers_chaining_with_controller_manager
[23.461s] [ 97%] [32m[1mLinking CXX executable test_release_interfaces[0m
[23.890s] [ 97%] Built target test_release_interfaces
[25.788s] [100%] [32m[1mLinking CXX executable test_controller_manager_srvs[0m
[26.386s] [100%] Built target test_controller_manager_srvs
[26.392s] Invoked command in '/home/parallels/ros2_ws/build/controller_manager' returned '0': AMENT_PREFIX_PATH=/home/parallels/ros2_ws/install/hardware_interface_testing:/home/parallels/ros2_ws/install/controller_interface:/home/parallels/ros2_ws/install/hardware_interface:/home/parallels/ros2_ws/install/ros2_control_test_assets:/home/parallels/ros2_ws/install/controller_manager_msgs:${AMENT_PREFIX_PATH} CMAKE_PREFIX_PATH=/home/parallels/ros2_ws/install/hardware_interface_testing:/home/parallels/ros2_ws/install/controller_interface:/home/parallels/ros2_ws/install/hardware_interface:/home/parallels/ros2_ws/install/ros2_control_test_assets:/home/parallels/ros2_ws/install/controller_manager_msgs:/usr:/opt/ros/humble LD_LIBRARY_PATH=/home/parallels/ros2_ws/install/hardware_interface_testing/lib:/home/parallels/ros2_ws/install/controller_interface/lib:/home/parallels/ros2_ws/install/hardware_interface/lib:/home/parallels/ros2_ws/install/controller_manager_msgs/lib:${LD_LIBRARY_PATH} PYTHONPATH=/home/parallels/ros2_ws/install/controller_manager_msgs/local/lib/python3.10/dist-packages:${PYTHONPATH} /usr/bin/cmake --build /home/parallels/ros2_ws/build/controller_manager -- -j4 -l4
[26.393s] Invoking command in '/home/parallels/ros2_ws/build/controller_manager': AMENT_PREFIX_PATH=/home/parallels/ros2_ws/install/hardware_interface_testing:/home/parallels/ros2_ws/install/controller_interface:/home/parallels/ros2_ws/install/hardware_interface:/home/parallels/ros2_ws/install/ros2_control_test_assets:/home/parallels/ros2_ws/install/controller_manager_msgs:${AMENT_PREFIX_PATH} CMAKE_PREFIX_PATH=/home/parallels/ros2_ws/install/hardware_interface_testing:/home/parallels/ros2_ws/install/controller_interface:/home/parallels/ros2_ws/install/hardware_interface:/home/parallels/ros2_ws/install/ros2_control_test_assets:/home/parallels/ros2_ws/install/controller_manager_msgs:/usr:/opt/ros/humble LD_LIBRARY_PATH=/home/parallels/ros2_ws/install/hardware_interface_testing/lib:/home/parallels/ros2_ws/install/controller_interface/lib:/home/parallels/ros2_ws/install/hardware_interface/lib:/home/parallels/ros2_ws/install/controller_manager_msgs/lib:${LD_LIBRARY_PATH} PYTHONPATH=/home/parallels/ros2_ws/install/controller_manager_msgs/local/lib/python3.10/dist-packages:${PYTHONPATH} /usr/bin/cmake --install /home/parallels/ros2_ws/build/controller_manager
[26.397s] -- Install configuration: ""
[26.397s] -- Installing: /home/parallels/ros2_ws/install/controller_manager/lib/libcontroller_manager.so
[26.404s] -- Set runtime path of "/home/parallels/ros2_ws/install/controller_manager/lib/libcontroller_manager.so" to ""
[26.404s] -- Installing: /home/parallels/ros2_ws/install/controller_manager/lib/controller_manager/ros2_control_node
[26.404s] -- Set runtime path of "/home/parallels/ros2_ws/install/controller_manager/lib/controller_manager/ros2_control_node" to ""
[26.404s] -- Installing: /home/parallels/ros2_ws/install/controller_manager/include
[26.404s] -- Installing: /home/parallels/ros2_ws/install/controller_manager/include/controller_manager
[26.404s] -- Installing: /home/parallels/ros2_ws/install/controller_manager/include/controller_manager/controller_spec.hpp
[26.404s] -- Installing: /home/parallels/ros2_ws/install/controller_manager/include/controller_manager/visibility_control.h
[26.404s] -- Installing: /home/parallels/ros2_ws/install/controller_manager/include/controller_manager/controller_manager.hpp
[26.405s] -- Installing: /home/parallels/ros2_ws/install/controller_manager/share/controller_manager/test/test_controller/test_controller.xml
[26.405s] -- Installing: /home/parallels/ros2_ws/install/controller_manager/lib/libtest_controller.so
[26.405s] -- Set runtime path of "/home/parallels/ros2_ws/install/controller_manager/lib/libtest_controller.so" to ""
[26.405s] -- Installing: /home/parallels/ros2_ws/install/controller_manager/share/controller_manager/test/test_controller_failed_init/test_controller_failed_init.xml
[26.405s] -- Installing: /home/parallels/ros2_ws/install/controller_manager/lib/libtest_controller_failed_init.so
[26.405s] -- Set runtime path of "/home/parallels/ros2_ws/install/controller_manager/lib/libtest_controller_failed_init.so" to ""
[26.405s] -- Installing: /home/parallels/ros2_ws/install/controller_manager/share/controller_manager/test/test_chainable_controller/test_chainable_controller.xml
[26.405s] -- Installing: /home/parallels/ros2_ws/install/controller_manager/lib/libtest_chainable_controller.so
[26.409s] -- Set runtime path of "/home/parallels/ros2_ws/install/controller_manager/lib/libtest_chainable_controller.so" to ""
[26.409s] -- Installing: /home/parallels/ros2_ws/install/controller_manager/share/controller_manager/test/test_controller_with_interfaces/test_controller_with_interfaces.xml
[26.409s] -- Installing: /home/parallels/ros2_ws/install/controller_manager/lib/libtest_controller_with_interfaces.so
[26.409s] -- Set runtime path of "/home/parallels/ros2_ws/install/controller_manager/lib/libtest_controller_with_interfaces.so" to ""
[26.409s] -- Installing: /home/parallels/ros2_ws/install/controller_manager/share/controller_manager/environment/pythonpath.sh
[26.409s] -- Installing: /home/parallels/ros2_ws/install/controller_manager/share/controller_manager/environment/pythonpath.dsv
[26.409s] -- Installing: /home/parallels/ros2_ws/install/controller_manager/local/lib/python3.10/dist-packages/controller_manager-2.41.0-py3.10.egg-info
[26.409s] -- Installing: /home/parallels/ros2_ws/install/controller_manager/local/lib/python3.10/dist-packages/controller_manager-2.41.0-py3.10.egg-info/PKG-INFO
[26.410s] -- Installing: /home/parallels/ros2_ws/install/controller_manager/local/lib/python3.10/dist-packages/controller_manager-2.41.0-py3.10.egg-info/SOURCES.txt
[26.410s] -- Installing: /home/parallels/ros2_ws/install/controller_manager/local/lib/python3.10/dist-packages/controller_manager-2.41.0-py3.10.egg-info/entry_points.txt
[26.410s] -- Installing: /home/parallels/ros2_ws/install/controller_manager/local/lib/python3.10/dist-packages/controller_manager-2.41.0-py3.10.egg-info/top_level.txt
[26.410s] -- Installing: /home/parallels/ros2_ws/install/controller_manager/local/lib/python3.10/dist-packages/controller_manager-2.41.0-py3.10.egg-info/dependency_links.txt
[26.410s] -- Up-to-date: /home/parallels/ros2_ws/install/controller_manager/lib/controller_manager/
[26.410s] -- Installing: /home/parallels/ros2_ws/install/controller_manager/lib/controller_manager//hardware_spawner
[26.410s] -- Installing: /home/parallels/ros2_ws/install/controller_manager/lib/controller_manager//spawner
[26.410s] -- Installing: /home/parallels/ros2_ws/install/controller_manager/lib/controller_manager//unspawner
[26.410s] -- Installing: /home/parallels/ros2_ws/install/controller_manager/local/lib/python3.10/dist-packages/controller_manager
[26.410s] -- Installing: /home/parallels/ros2_ws/install/controller_manager/local/lib/python3.10/dist-packages/controller_manager/unspawner.py
[26.410s] -- Installing: /home/parallels/ros2_ws/install/controller_manager/local/lib/python3.10/dist-packages/controller_manager/__init__.py
[26.410s] -- Installing: /home/parallels/ros2_ws/install/controller_manager/local/lib/python3.10/dist-packages/controller_manager/controller_manager_services.py
[26.410s] -- Installing: /home/parallels/ros2_ws/install/controller_manager/local/lib/python3.10/dist-packages/controller_manager/spawner.py
[26.410s] -- Installing: /home/parallels/ros2_ws/install/controller_manager/local/lib/python3.10/dist-packages/controller_manager/launch_utils.py
[26.410s] -- Installing: /home/parallels/ros2_ws/install/controller_manager/local/lib/python3.10/dist-packages/controller_manager/hardware_spawner.py
[26.430s] Listing '/home/parallels/ros2_ws/install/controller_manager/local/lib/python3.10/dist-packages/controller_manager'...
[26.430s] Compiling '/home/parallels/ros2_ws/install/controller_manager/local/lib/python3.10/dist-packages/controller_manager/__init__.py'...
[26.430s] Compiling '/home/parallels/ros2_ws/install/controller_manager/local/lib/python3.10/dist-packages/controller_manager/controller_manager_services.py'...
[26.430s] Compiling '/home/parallels/ros2_ws/install/controller_manager/local/lib/python3.10/dist-packages/controller_manager/hardware_spawner.py'...
[26.431s] Compiling '/home/parallels/ros2_ws/install/controller_manager/local/lib/python3.10/dist-packages/controller_manager/launch_utils.py'...
[26.431s] Compiling '/home/parallels/ros2_ws/install/controller_manager/local/lib/python3.10/dist-packages/controller_manager/spawner.py'...
[26.431s] Compiling '/home/parallels/ros2_ws/install/controller_manager/local/lib/python3.10/dist-packages/controller_manager/unspawner.py'...
[26.434s] -- Installing: /home/parallels/ros2_ws/install/controller_manager/share/controller_manager/environment/library_path.sh
[26.434s] -- Installing: /home/parallels/ros2_ws/install/controller_manager/share/controller_manager/environment/library_path.dsv
[26.434s] -- Installing: /home/parallels/ros2_ws/install/controller_manager/share/ament_index/resource_index/package_run_dependencies/controller_manager
[26.434s] -- Installing: /home/parallels/ros2_ws/install/controller_manager/share/ament_index/resource_index/parent_prefix_path/controller_manager
[26.434s] -- Installing: /home/parallels/ros2_ws/install/controller_manager/share/controller_manager/environment/ament_prefix_path.sh
[26.434s] -- Installing: /home/parallels/ros2_ws/install/controller_manager/share/controller_manager/environment/ament_prefix_path.dsv
[26.434s] -- Installing: /home/parallels/ros2_ws/install/controller_manager/share/controller_manager/environment/path.sh
[26.434s] -- Installing: /home/parallels/ros2_ws/install/controller_manager/share/controller_manager/environment/path.dsv
[26.434s] -- Installing: /home/parallels/ros2_ws/install/controller_manager/share/controller_manager/local_setup.bash
[26.434s] -- Installing: /home/parallels/ros2_ws/install/controller_manager/share/controller_manager/local_setup.sh
[26.434s] -- Installing: /home/parallels/ros2_ws/install/controller_manager/share/controller_manager/local_setup.zsh
[26.434s] -- Installing: /home/parallels/ros2_ws/install/controller_manager/share/controller_manager/local_setup.dsv
[26.434s] -- Installing: /home/parallels/ros2_ws/install/controller_manager/share/controller_manager/package.dsv
[26.435s] -- Installing: /home/parallels/ros2_ws/install/controller_manager/share/ament_index/resource_index/packages/controller_manager
[26.435s] -- Installing: /home/parallels/ros2_ws/install/controller_manager/share/ament_index/resource_index/controller_interface__pluginlib__plugin/controller_manager
[26.435s] -- Installing: /home/parallels/ros2_ws/install/controller_manager/share/controller_manager/cmake/ament_cmake_export_libraries-extras.cmake
[26.435s] -- Installing: /home/parallels/ros2_ws/install/controller_manager/share/controller_manager/cmake/ament_cmake_export_include_directories-extras.cmake
[26.435s] -- Installing: /home/parallels/ros2_ws/install/controller_manager/share/controller_manager/cmake/ament_cmake_export_dependencies-extras.cmake
[26.435s] -- Installing: /home/parallels/ros2_ws/install/controller_manager/share/controller_manager/cmake/controller_managerConfig.cmake
[26.435s] -- Installing: /home/parallels/ros2_ws/install/controller_manager/share/controller_manager/cmake/controller_managerConfig-version.cmake
[26.435s] -- Installing: /home/parallels/ros2_ws/install/controller_manager/share/controller_manager/package.xml
[26.436s] Invoked command in '/home/parallels/ros2_ws/build/controller_manager' returned '0': AMENT_PREFIX_PATH=/home/parallels/ros2_ws/install/hardware_interface_testing:/home/parallels/ros2_ws/install/controller_interface:/home/parallels/ros2_ws/install/hardware_interface:/home/parallels/ros2_ws/install/ros2_control_test_assets:/home/parallels/ros2_ws/install/controller_manager_msgs:${AMENT_PREFIX_PATH} CMAKE_PREFIX_PATH=/home/parallels/ros2_ws/install/hardware_interface_testing:/home/parallels/ros2_ws/install/controller_interface:/home/parallels/ros2_ws/install/hardware_interface:/home/parallels/ros2_ws/install/ros2_control_test_assets:/home/parallels/ros2_ws/install/controller_manager_msgs:/usr:/opt/ros/humble LD_LIBRARY_PATH=/home/parallels/ros2_ws/install/hardware_interface_testing/lib:/home/parallels/ros2_ws/install/controller_interface/lib:/home/parallels/ros2_ws/install/hardware_interface/lib:/home/parallels/ros2_ws/install/controller_manager_msgs/lib:${LD_LIBRARY_PATH} PYTHONPATH=/home/parallels/ros2_ws/install/controller_manager_msgs/local/lib/python3.10/dist-packages:${PYTHONPATH} /usr/bin/cmake --install /home/parallels/ros2_ws/build/controller_manager
