[0.018s] Invoking command in '/home/parallels/ros2_ws/build/polygon_base': CMAKE_PREFIX_PATH=${CMAKE_PREFIX_PATH}:/home/parallels/ros2_ws/install/rqt_joint_trajectory_controller:/home/parallels/ros2_ws/install/rqt_controller_manager:/home/parallels/ros2_ws/install/ros2controlcli:/home/parallels/ros2_ws/install/ros2_controllers_test_nodes:/home/parallels/ros2_ws/install/polygon_base:/home/parallels/ros2_ws/install/hardware_interface:/opt/ros/humble /usr/bin/cmake /home/parallels/ros2_ws/src/polygon_base -DCMAKE_INSTALL_PREFIX=/home/parallels/ros2_ws/install/polygon_base
[0.053s] -- The C compiler identification is GNU 11.4.0
[0.086s] -- The CXX compiler identification is GNU 11.4.0
[0.090s] -- Detecting C compiler ABI info
[0.129s] -- Detecting C compiler ABI info - done
[0.134s] -- Check for working C compiler: /usr/bin/cc - skipped
[0.134s] -- Detecting C compile features
[0.134s] -- Detecting C compile features - done
[0.137s] -- Detecting CXX compiler ABI info
[0.187s] -- Detecting CXX compiler ABI info - done
[0.191s] -- Check for working CXX compiler: /usr/bin/c++ - skipped
[0.192s] -- Detecting CXX compile features
[0.192s] -- Detecting CXX compile features - done
[0.197s] -- Found ament_cmake: 1.3.10 (/opt/ros/humble/share/ament_cmake/cmake)
[0.290s] -- Found Python3: /usr/bin/python3 (found version "3.10.12") found components: Interpreter 
[0.397s] -- Found pluginlib: 5.1.0 (/opt/ros/humble/share/pluginlib/cmake)
[0.449s] -- Found ament_lint_auto: 0.12.11 (/opt/ros/humble/share/ament_lint_auto/cmake)
[0.522s] -- Added test 'cppcheck' to perform static code analysis on C / C++ code
[0.522s] -- Configured cppcheck include dirs: $<BUILD_INTERFACE:/home/parallels/ros2_ws/src/polygon_base/include>
[0.522s] -- Configured cppcheck exclude dirs and/or files: 
[0.523s] -- Added test 'lint_cmake' to check CMake code style
[0.533s] -- Added test 'uncrustify' to check C / C++ code style
[0.533s] -- Configured uncrustify additional arguments: 
[0.533s] -- Added test 'xmllint' to check XML markup files
[0.533s] -- Configuring done
[0.533s] -- Generating done
[0.533s] -- Build files have been written to: /home/parallels/ros2_ws/build/polygon_base
[0.540s] Invoked command in '/home/parallels/ros2_ws/build/polygon_base' returned '0': CMAKE_PREFIX_PATH=${CMAKE_PREFIX_PATH}:/home/parallels/ros2_ws/install/rqt_joint_trajectory_controller:/home/parallels/ros2_ws/install/rqt_controller_manager:/home/parallels/ros2_ws/install/ros2controlcli:/home/parallels/ros2_ws/install/ros2_controllers_test_nodes:/home/parallels/ros2_ws/install/polygon_base:/home/parallels/ros2_ws/install/hardware_interface:/opt/ros/humble /usr/bin/cmake /home/parallels/ros2_ws/src/polygon_base -DCMAKE_INSTALL_PREFIX=/home/parallels/ros2_ws/install/polygon_base
[0.540s] Invoking command in '/home/parallels/ros2_ws/build/polygon_base': CMAKE_PREFIX_PATH=${CMAKE_PREFIX_PATH}:/home/parallels/ros2_ws/install/rqt_joint_trajectory_controller:/home/parallels/ros2_ws/install/rqt_controller_manager:/home/parallels/ros2_ws/install/ros2controlcli:/home/parallels/ros2_ws/install/ros2_controllers_test_nodes:/home/parallels/ros2_ws/install/polygon_base:/home/parallels/ros2_ws/install/hardware_interface:/opt/ros/humble /usr/bin/cmake --build /home/parallels/ros2_ws/build/polygon_base -- -j4 -l4
[0.565s] [ 50%] [32mBuilding CXX object CMakeFiles/area_node.dir/src/area_node.cpp.o[0m
[2.549s] [100%] [32m[1mLinking CXX executable area_node[0m
[2.817s] [100%] Built target area_node
[2.877s] Invoked command in '/home/parallels/ros2_ws/build/polygon_base' returned '0': CMAKE_PREFIX_PATH=${CMAKE_PREFIX_PATH}:/home/parallels/ros2_ws/install/rqt_joint_trajectory_controller:/home/parallels/ros2_ws/install/rqt_controller_manager:/home/parallels/ros2_ws/install/ros2controlcli:/home/parallels/ros2_ws/install/ros2_controllers_test_nodes:/home/parallels/ros2_ws/install/polygon_base:/home/parallels/ros2_ws/install/hardware_interface:/opt/ros/humble /usr/bin/cmake --build /home/parallels/ros2_ws/build/polygon_base -- -j4 -l4
[3.241s] Invoking command in '/home/parallels/ros2_ws/build/polygon_base': CMAKE_PREFIX_PATH=${CMAKE_PREFIX_PATH}:/home/parallels/ros2_ws/install/rqt_joint_trajectory_controller:/home/parallels/ros2_ws/install/rqt_controller_manager:/home/parallels/ros2_ws/install/ros2controlcli:/home/parallels/ros2_ws/install/ros2_controllers_test_nodes:/home/parallels/ros2_ws/install/polygon_base:/home/parallels/ros2_ws/install/hardware_interface:/opt/ros/humble /usr/bin/cmake --install /home/parallels/ros2_ws/build/polygon_base
[3.261s] -- Install configuration: ""
[3.261s] -- Installing: /home/parallels/ros2_ws/install/polygon_base/include
[3.261s] -- Installing: /home/parallels/ros2_ws/install/polygon_base/include/polygon_base
[3.261s] -- Installing: /home/parallels/ros2_ws/install/polygon_base/include/polygon_base/regular_polygon.hpp
[3.261s] -- Installing: /home/parallels/ros2_ws/install/polygon_base/lib/polygon_base/area_node
[3.267s] -- Set runtime path of "/home/parallels/ros2_ws/install/polygon_base/lib/polygon_base/area_node" to ""
[3.268s] -- Installing: /home/parallels/ros2_ws/install/polygon_base/share/ament_index/resource_index/package_run_dependencies/polygon_base
[3.268s] -- Installing: /home/parallels/ros2_ws/install/polygon_base/share/ament_index/resource_index/parent_prefix_path/polygon_base
[3.269s] -- Installing: /home/parallels/ros2_ws/install/polygon_base/share/polygon_base/environment/ament_prefix_path.sh
[3.269s] -- Installing: /home/parallels/ros2_ws/install/polygon_base/share/polygon_base/environment/ament_prefix_path.dsv
[3.269s] -- Installing: /home/parallels/ros2_ws/install/polygon_base/share/polygon_base/environment/path.sh
[3.269s] -- Installing: /home/parallels/ros2_ws/install/polygon_base/share/polygon_base/environment/path.dsv
[3.269s] -- Installing: /home/parallels/ros2_ws/install/polygon_base/share/polygon_base/local_setup.bash
[3.270s] -- Installing: /home/parallels/ros2_ws/install/polygon_base/share/polygon_base/local_setup.sh
[3.270s] -- Installing: /home/parallels/ros2_ws/install/polygon_base/share/polygon_base/local_setup.zsh
[3.270s] -- Installing: /home/parallels/ros2_ws/install/polygon_base/share/polygon_base/local_setup.dsv
[3.271s] -- Installing: /home/parallels/ros2_ws/install/polygon_base/share/polygon_base/package.dsv
[3.271s] -- Installing: /home/parallels/ros2_ws/install/polygon_base/share/ament_index/resource_index/packages/polygon_base
[3.271s] -- Installing: /home/parallels/ros2_ws/install/polygon_base/share/polygon_base/cmake/ament_cmake_export_include_directories-extras.cmake
[3.272s] -- Installing: /home/parallels/ros2_ws/install/polygon_base/share/polygon_base/cmake/polygon_baseConfig.cmake
[3.272s] -- Installing: /home/parallels/ros2_ws/install/polygon_base/share/polygon_base/cmake/polygon_baseConfig-version.cmake
[3.272s] -- Installing: /home/parallels/ros2_ws/install/polygon_base/share/polygon_base/package.xml
[3.280s] Invoked command in '/home/parallels/ros2_ws/build/polygon_base' returned '0': CMAKE_PREFIX_PATH=${CMAKE_PREFIX_PATH}:/home/parallels/ros2_ws/install/rqt_joint_trajectory_controller:/home/parallels/ros2_ws/install/rqt_controller_manager:/home/parallels/ros2_ws/install/ros2controlcli:/home/parallels/ros2_ws/install/ros2_controllers_test_nodes:/home/parallels/ros2_ws/install/polygon_base:/home/parallels/ros2_ws/install/hardware_interface:/opt/ros/humble /usr/bin/cmake --install /home/parallels/ros2_ws/build/polygon_base
