[0.018s] Invoking command in '/home/parallels/ros2_ws/build/my_robot_bringup_gazebo': CMAKE_PREFIX_PATH=${CMAKE_PREFIX_PATH}:/home/parallels/ros2_ws/install/turtlesim_catch_them_all:/home/parallels/ros2_ws/install/number_counter:/home/parallels/ros2_ws/install/my_py_pkg:/home/parallels/ros2_ws/install/add_two_ints:/opt/ros/humble /usr/bin/cmake --build /home/parallels/ros2_ws/build/my_robot_bringup_gazebo -- -j4 -l4
[0.089s] Invoked command in '/home/parallels/ros2_ws/build/my_robot_bringup_gazebo' returned '0': CMAKE_PREFIX_PATH=${CMAKE_PREFIX_PATH}:/home/parallels/ros2_ws/install/turtlesim_catch_them_all:/home/parallels/ros2_ws/install/number_counter:/home/parallels/ros2_ws/install/my_py_pkg:/home/parallels/ros2_ws/install/add_two_ints:/opt/ros/humble /usr/bin/cmake --build /home/parallels/ros2_ws/build/my_robot_bringup_gazebo -- -j4 -l4
[0.090s] Invoking command in '/home/parallels/ros2_ws/build/my_robot_bringup_gazebo': CMAKE_PREFIX_PATH=${CMAKE_PREFIX_PATH}:/home/parallels/ros2_ws/install/turtlesim_catch_them_all:/home/parallels/ros2_ws/install/number_counter:/home/parallels/ros2_ws/install/my_py_pkg:/home/parallels/ros2_ws/install/add_two_ints:/opt/ros/humble /usr/bin/cmake --install /home/parallels/ros2_ws/build/my_robot_bringup_gazebo
[0.094s] -- Install configuration: ""
[0.095s] -- Up-to-date: /home/parallels/ros2_ws/install/my_robot_bringup_gazebo/share/my_robot_bringup_gazebo//launch
[0.095s] -- Up-to-date: /home/parallels/ros2_ws/install/my_robot_bringup_gazebo/share/my_robot_bringup_gazebo//launch/display.launch.xml
[0.095s] -- Up-to-date: /home/parallels/ros2_ws/install/my_robot_bringup_gazebo/share/ament_index/resource_index/package_run_dependencies/my_robot_bringup_gazebo
[0.095s] -- Up-to-date: /home/parallels/ros2_ws/install/my_robot_bringup_gazebo/share/ament_index/resource_index/parent_prefix_path/my_robot_bringup_gazebo
[0.095s] -- Up-to-date: /home/parallels/ros2_ws/install/my_robot_bringup_gazebo/share/my_robot_bringup_gazebo/environment/ament_prefix_path.sh
[0.095s] -- Up-to-date: /home/parallels/ros2_ws/install/my_robot_bringup_gazebo/share/my_robot_bringup_gazebo/environment/ament_prefix_path.dsv
[0.095s] -- Up-to-date: /home/parallels/ros2_ws/install/my_robot_bringup_gazebo/share/my_robot_bringup_gazebo/environment/path.sh
[0.095s] -- Up-to-date: /home/parallels/ros2_ws/install/my_robot_bringup_gazebo/share/my_robot_bringup_gazebo/environment/path.dsv
[0.095s] -- Up-to-date: /home/parallels/ros2_ws/install/my_robot_bringup_gazebo/share/my_robot_bringup_gazebo/local_setup.bash
[0.095s] -- Up-to-date: /home/parallels/ros2_ws/install/my_robot_bringup_gazebo/share/my_robot_bringup_gazebo/local_setup.sh
[0.095s] -- Up-to-date: /home/parallels/ros2_ws/install/my_robot_bringup_gazebo/share/my_robot_bringup_gazebo/local_setup.zsh
[0.095s] -- Up-to-date: /home/parallels/ros2_ws/install/my_robot_bringup_gazebo/share/my_robot_bringup_gazebo/local_setup.dsv
[0.096s] -- Up-to-date: /home/parallels/ros2_ws/install/my_robot_bringup_gazebo/share/my_robot_bringup_gazebo/package.dsv
[0.096s] -- Up-to-date: /home/parallels/ros2_ws/install/my_robot_bringup_gazebo/share/ament_index/resource_index/packages/my_robot_bringup_gazebo
[0.096s] -- Up-to-date: /home/parallels/ros2_ws/install/my_robot_bringup_gazebo/share/my_robot_bringup_gazebo/cmake/my_robot_bringup_gazeboConfig.cmake
[0.096s] -- Up-to-date: /home/parallels/ros2_ws/install/my_robot_bringup_gazebo/share/my_robot_bringup_gazebo/cmake/my_robot_bringup_gazeboConfig-version.cmake
[0.096s] -- Up-to-date: /home/parallels/ros2_ws/install/my_robot_bringup_gazebo/share/my_robot_bringup_gazebo/package.xml
[0.115s] Invoked command in '/home/parallels/ros2_ws/build/my_robot_bringup_gazebo' returned '0': CMAKE_PREFIX_PATH=${CMAKE_PREFIX_PATH}:/home/parallels/ros2_ws/install/turtlesim_catch_them_all:/home/parallels/ros2_ws/install/number_counter:/home/parallels/ros2_ws/install/my_py_pkg:/home/parallels/ros2_ws/install/add_two_ints:/opt/ros/humble /usr/bin/cmake --install /home/parallels/ros2_ws/build/my_robot_bringup_gazebo
