[0.011s] Invoking command in '/home/parallels/ros2_ws/build/position_controllers': AMENT_PREFIX_PATH=/home/parallels/ros2_ws/install/forward_command_controller:/home/parallels/ros2_ws/install/controller_manager:/home/parallels/ros2_ws/install/hardware_interface_testing:/home/parallels/ros2_ws/install/controller_interface:/home/parallels/ros2_ws/install/hardware_interface:/home/parallels/ros2_ws/install/ros2_control_test_assets:/home/parallels/ros2_ws/install/controller_manager_msgs:${AMENT_PREFIX_PATH} CMAKE_PREFIX_PATH=/home/parallels/ros2_ws/install/forward_command_controller:/home/parallels/ros2_ws/install/controller_manager:/home/parallels/ros2_ws/install/hardware_interface_testing:/home/parallels/ros2_ws/install/controller_interface:/home/parallels/ros2_ws/install/hardware_interface:/home/parallels/ros2_ws/install/ros2_control_test_assets:/home/parallels/ros2_ws/install/controller_manager_msgs:/usr:/opt/ros/humble LD_LIBRARY_PATH=/home/parallels/ros2_ws/install/forward_command_controller/lib:/home/parallels/ros2_ws/install/controller_manager/lib:/home/parallels/ros2_ws/install/hardware_interface_testing/lib:/home/parallels/ros2_ws/install/controller_interface/lib:/home/parallels/ros2_ws/install/hardware_interface/lib:/home/parallels/ros2_ws/install/controller_manager_msgs/lib:${LD_LIBRARY_PATH} PYTHONPATH=/home/parallels/ros2_ws/install/controller_manager/local/lib/python3.10/dist-packages:/home/parallels/ros2_ws/install/controller_manager_msgs/local/lib/python3.10/dist-packages:${PYTHONPATH} /usr/bin/cmake /home/parallels/ros2_ws/src/ros2_controllers/position_controllers -DCMAKE_INSTALL_PREFIX=/home/parallels/ros2_ws/install/position_controllers
[0.049s] -- The CXX compiler identification is GNU 11.4.0
[0.054s] -- Detecting CXX compiler ABI info
[0.097s] -- Detecting CXX compiler ABI info - done
[0.101s] -- Check for working CXX compiler: /usr/bin/c++ - skipped
[0.101s] -- Detecting CXX compile features
[0.101s] -- Detecting CXX compile features - done
[0.107s] -- Found ament_cmake: 1.3.11 (/opt/ros/humble/share/ament_cmake/cmake)
[0.202s] -- Found Python3: /usr/bin/python3 (found version "3.10.12") found components: Interpreter 
[0.302s] -- Found forward_command_controller: 2.35.0 (/home/parallels/ros2_ws/install/forward_command_controller/share/forward_command_controller/cmake)
[0.363s] -- Found rosidl_generator_c: 3.1.6 (/opt/ros/humble/share/rosidl_generator_c/cmake)
[0.373s] -- Found rosidl_adapter: 3.1.6 (/opt/ros/humble/share/rosidl_adapter/cmake)
[0.386s] -- Found rosidl_generator_cpp: 3.1.6 (/opt/ros/humble/share/rosidl_generator_cpp/cmake)
[0.400s] -- Using all available rosidl_typesupport_c: rosidl_typesupport_fastrtps_c;rosidl_typesupport_introspection_c
[0.420s] -- Using all available rosidl_typesupport_cpp: rosidl_typesupport_fastrtps_cpp;rosidl_typesupport_introspection_cpp
[0.632s] -- Found rmw_implementation_cmake: 6.1.2 (/opt/ros/humble/share/rmw_implementation_cmake/cmake)
[0.637s] -- Found rmw_fastrtps_cpp: 6.2.7 (/opt/ros/humble/share/rmw_fastrtps_cpp/cmake)
[0.671s] -- Found TinyXML2 via Config file: TinyXML2_DIR-NOTFOUND
[0.699s] -- Found OpenSSL: /usr/lib/aarch64-linux-gnu/libcrypto.so (found version "3.0.2")  
[0.700s] -- Found TinyXML2 via Config file: TinyXML2_DIR-NOTFOUND
[0.714s] -- Found FastRTPS: /opt/ros/humble/include  
[0.716s] -- Found TinyXML2 via Config file: TinyXML2_DIR-NOTFOUND
[0.721s] -- Found TinyXML2 via Config file: TinyXML2_DIR-NOTFOUND
[0.727s] -- Using RMW implementation 'rmw_fastrtps_cpp' as default
[0.739s] -- Looking for C++ include pthread.h
[0.799s] -- Looking for C++ include pthread.h - found
[0.799s] -- Performing Test CMAKE_HAVE_LIBC_PTHREAD
[0.864s] -- Performing Test CMAKE_HAVE_LIBC_PTHREAD - Success
[0.864s] -- Found Threads: TRUE  
[0.914s] -- Found parameter_traits: 0.3.9 (/opt/ros/humble/share/parameter_traits/cmake)
[0.971s] -- Found ament_cmake_gmock: 1.3.11 (/opt/ros/humble/share/ament_cmake_gmock/cmake)
[0.971s] -- Found controller_manager: 2.41.0 (/home/parallels/ros2_ws/install/controller_manager/share/controller_manager/cmake)
[0.985s] -- Found ros2_control_test_assets: 2.41.0 (/home/parallels/ros2_ws/install/ros2_control_test_assets/share/ros2_control_test_assets/cmake)
[0.990s] -- Found gmock sources under '/opt/ros/humble/src/gmock_vendor': C++ tests using 'Google Mock' will be built
[1.016s] -- The C compiler identification is GNU 11.4.0
[1.020s] -- Detecting C compiler ABI info
[1.079s] -- Detecting C compiler ABI info - done
[1.084s] -- Check for working C compiler: /usr/bin/cc - skipped
[1.084s] -- Detecting C compile features
[1.084s] -- Detecting C compile features - done
[1.094s] -- Found ament_cmake_gtest: 1.3.11 (/opt/ros/humble/share/ament_cmake_gtest/cmake)
[1.095s] -- Found gtest sources under '/opt/ros/humble/src/gtest_vendor': C++ tests using 'Google Test' will be built
[1.150s] -- Configuring done
[1.197s] -- Generating done
[1.203s] -- Build files have been written to: /home/parallels/ros2_ws/build/position_controllers
[1.212s] Invoked command in '/home/parallels/ros2_ws/build/position_controllers' returned '0': AMENT_PREFIX_PATH=/home/parallels/ros2_ws/install/forward_command_controller:/home/parallels/ros2_ws/install/controller_manager:/home/parallels/ros2_ws/install/hardware_interface_testing:/home/parallels/ros2_ws/install/controller_interface:/home/parallels/ros2_ws/install/hardware_interface:/home/parallels/ros2_ws/install/ros2_control_test_assets:/home/parallels/ros2_ws/install/controller_manager_msgs:${AMENT_PREFIX_PATH} CMAKE_PREFIX_PATH=/home/parallels/ros2_ws/install/forward_command_controller:/home/parallels/ros2_ws/install/controller_manager:/home/parallels/ros2_ws/install/hardware_interface_testing:/home/parallels/ros2_ws/install/controller_interface:/home/parallels/ros2_ws/install/hardware_interface:/home/parallels/ros2_ws/install/ros2_control_test_assets:/home/parallels/ros2_ws/install/controller_manager_msgs:/usr:/opt/ros/humble LD_LIBRARY_PATH=/home/parallels/ros2_ws/install/forward_command_controller/lib:/home/parallels/ros2_ws/install/controller_manager/lib:/home/parallels/ros2_ws/install/hardware_interface_testing/lib:/home/parallels/ros2_ws/install/controller_interface/lib:/home/parallels/ros2_ws/install/hardware_interface/lib:/home/parallels/ros2_ws/install/controller_manager_msgs/lib:${LD_LIBRARY_PATH} PYTHONPATH=/home/parallels/ros2_ws/install/controller_manager/local/lib/python3.10/dist-packages:/home/parallels/ros2_ws/install/controller_manager_msgs/local/lib/python3.10/dist-packages:${PYTHONPATH} /usr/bin/cmake /home/parallels/ros2_ws/src/ros2_controllers/position_controllers -DCMAKE_INSTALL_PREFIX=/home/parallels/ros2_ws/install/position_controllers
[1.213s] Invoking command in '/home/parallels/ros2_ws/build/position_controllers': AMENT_PREFIX_PATH=/home/parallels/ros2_ws/install/forward_command_controller:/home/parallels/ros2_ws/install/controller_manager:/home/parallels/ros2_ws/install/hardware_interface_testing:/home/parallels/ros2_ws/install/controller_interface:/home/parallels/ros2_ws/install/hardware_interface:/home/parallels/ros2_ws/install/ros2_control_test_assets:/home/parallels/ros2_ws/install/controller_manager_msgs:${AMENT_PREFIX_PATH} CMAKE_PREFIX_PATH=/home/parallels/ros2_ws/install/forward_command_controller:/home/parallels/ros2_ws/install/controller_manager:/home/parallels/ros2_ws/install/hardware_interface_testing:/home/parallels/ros2_ws/install/controller_interface:/home/parallels/ros2_ws/install/hardware_interface:/home/parallels/ros2_ws/install/ros2_control_test_assets:/home/parallels/ros2_ws/install/controller_manager_msgs:/usr:/opt/ros/humble LD_LIBRARY_PATH=/home/parallels/ros2_ws/install/forward_command_controller/lib:/home/parallels/ros2_ws/install/controller_manager/lib:/home/parallels/ros2_ws/install/hardware_interface_testing/lib:/home/parallels/ros2_ws/install/controller_interface/lib:/home/parallels/ros2_ws/install/hardware_interface/lib:/home/parallels/ros2_ws/install/controller_manager_msgs/lib:${LD_LIBRARY_PATH} PYTHONPATH=/home/parallels/ros2_ws/install/controller_manager/local/lib/python3.10/dist-packages:/home/parallels/ros2_ws/install/controller_manager_msgs/local/lib/python3.10/dist-packages:${PYTHONPATH} /usr/bin/cmake --build /home/parallels/ros2_ws/build/position_controllers -- -j4 -l4
[1.242s] [  9%] [32mBuilding CXX object CMakeFiles/position_controllers.dir/src/joint_group_position_controller.cpp.o[0m
[3.163s] [ 18%] [32m[1mLinking CXX shared library libposition_controllers.so[0m
[3.364s] [ 18%] Built target position_controllers
[3.390s] [ 27%] [32mBuilding CXX object gmock/CMakeFiles/gmock.dir/opt/ros/humble/src/gtest_vendor/src/gtest-all.cc.o[0m
[5.094s] [ 36%] [32mBuilding CXX object gmock/CMakeFiles/gmock.dir/src/gmock-all.cc.o[0m
[6.054s] [ 45%] [32m[1mLinking CXX static library libgmock.a[0m
[6.103s] [ 45%] Built target gmock
[6.112s] [ 54%] [32mBuilding CXX object gmock/CMakeFiles/gmock_main.dir/src/gmock_main.cc.o[0m
[6.724s] [ 63%] [32m[1mLinking CXX static library libgmock_main.a[0m
[6.739s] [ 63%] Built target gmock_main
[6.752s] [ 72%] [32mBuilding CXX object CMakeFiles/test_load_joint_group_position_controller.dir/test/test_load_joint_group_position_controller.cpp.o[0m
[9.516s] [ 81%] [32m[1mLinking CXX executable test_load_joint_group_position_controller[0m
[10.149s] [ 81%] Built target test_load_joint_group_position_controller
[10.161s] [ 90%] [32mBuilding CXX object CMakeFiles/test_joint_group_position_controller.dir/test/test_joint_group_position_controller.cpp.o[0m
[13.760s] [100%] [32m[1mLinking CXX executable test_joint_group_position_controller[0m
[14.162s] [100%] Built target test_joint_group_position_controller
[14.172s] Invoked command in '/home/parallels/ros2_ws/build/position_controllers' returned '0': AMENT_PREFIX_PATH=/home/parallels/ros2_ws/install/forward_command_controller:/home/parallels/ros2_ws/install/controller_manager:/home/parallels/ros2_ws/install/hardware_interface_testing:/home/parallels/ros2_ws/install/controller_interface:/home/parallels/ros2_ws/install/hardware_interface:/home/parallels/ros2_ws/install/ros2_control_test_assets:/home/parallels/ros2_ws/install/controller_manager_msgs:${AMENT_PREFIX_PATH} CMAKE_PREFIX_PATH=/home/parallels/ros2_ws/install/forward_command_controller:/home/parallels/ros2_ws/install/controller_manager:/home/parallels/ros2_ws/install/hardware_interface_testing:/home/parallels/ros2_ws/install/controller_interface:/home/parallels/ros2_ws/install/hardware_interface:/home/parallels/ros2_ws/install/ros2_control_test_assets:/home/parallels/ros2_ws/install/controller_manager_msgs:/usr:/opt/ros/humble LD_LIBRARY_PATH=/home/parallels/ros2_ws/install/forward_command_controller/lib:/home/parallels/ros2_ws/install/controller_manager/lib:/home/parallels/ros2_ws/install/hardware_interface_testing/lib:/home/parallels/ros2_ws/install/controller_interface/lib:/home/parallels/ros2_ws/install/hardware_interface/lib:/home/parallels/ros2_ws/install/controller_manager_msgs/lib:${LD_LIBRARY_PATH} PYTHONPATH=/home/parallels/ros2_ws/install/controller_manager/local/lib/python3.10/dist-packages:/home/parallels/ros2_ws/install/controller_manager_msgs/local/lib/python3.10/dist-packages:${PYTHONPATH} /usr/bin/cmake --build /home/parallels/ros2_ws/build/position_controllers -- -j4 -l4
[14.177s] Invoking command in '/home/parallels/ros2_ws/build/position_controllers': AMENT_PREFIX_PATH=/home/parallels/ros2_ws/install/forward_command_controller:/home/parallels/ros2_ws/install/controller_manager:/home/parallels/ros2_ws/install/hardware_interface_testing:/home/parallels/ros2_ws/install/controller_interface:/home/parallels/ros2_ws/install/hardware_interface:/home/parallels/ros2_ws/install/ros2_control_test_assets:/home/parallels/ros2_ws/install/controller_manager_msgs:${AMENT_PREFIX_PATH} CMAKE_PREFIX_PATH=/home/parallels/ros2_ws/install/forward_command_controller:/home/parallels/ros2_ws/install/controller_manager:/home/parallels/ros2_ws/install/hardware_interface_testing:/home/parallels/ros2_ws/install/controller_interface:/home/parallels/ros2_ws/install/hardware_interface:/home/parallels/ros2_ws/install/ros2_control_test_assets:/home/parallels/ros2_ws/install/controller_manager_msgs:/usr:/opt/ros/humble LD_LIBRARY_PATH=/home/parallels/ros2_ws/install/forward_command_controller/lib:/home/parallels/ros2_ws/install/controller_manager/lib:/home/parallels/ros2_ws/install/hardware_interface_testing/lib:/home/parallels/ros2_ws/install/controller_interface/lib:/home/parallels/ros2_ws/install/hardware_interface/lib:/home/parallels/ros2_ws/install/controller_manager_msgs/lib:${LD_LIBRARY_PATH} PYTHONPATH=/home/parallels/ros2_ws/install/controller_manager/local/lib/python3.10/dist-packages:/home/parallels/ros2_ws/install/controller_manager_msgs/local/lib/python3.10/dist-packages:${PYTHONPATH} /usr/bin/cmake --install /home/parallels/ros2_ws/build/position_controllers
[14.181s] -- Install configuration: ""
[14.181s] -- Installing: /home/parallels/ros2_ws/install/position_controllers/share/position_controllers/position_controllers_plugins.xml
[14.182s] -- Installing: /home/parallels/ros2_ws/install/position_controllers/include/position_controllers
[14.182s] -- Installing: /home/parallels/ros2_ws/install/position_controllers/include/position_controllers/position_controllers
[14.182s] -- Installing: /home/parallels/ros2_ws/install/position_controllers/include/position_controllers/position_controllers/joint_group_position_controller.hpp
[14.182s] -- Installing: /home/parallels/ros2_ws/install/position_controllers/include/position_controllers/position_controllers/visibility_control.h
[14.182s] -- Installing: /home/parallels/ros2_ws/install/position_controllers/lib/libposition_controllers.so
[14.182s] -- Set runtime path of "/home/parallels/ros2_ws/install/position_controllers/lib/libposition_controllers.so" to ""
[14.183s] -- Installing: /home/parallels/ros2_ws/install/position_controllers/share/position_controllers/environment/library_path.sh
[14.183s] -- Installing: /home/parallels/ros2_ws/install/position_controllers/share/position_controllers/environment/library_path.dsv
[14.183s] -- Installing: /home/parallels/ros2_ws/install/position_controllers/share/ament_index/resource_index/package_run_dependencies/position_controllers
[14.183s] -- Installing: /home/parallels/ros2_ws/install/position_controllers/share/ament_index/resource_index/parent_prefix_path/position_controllers
[14.183s] -- Installing: /home/parallels/ros2_ws/install/position_controllers/share/position_controllers/environment/ament_prefix_path.sh
[14.183s] -- Installing: /home/parallels/ros2_ws/install/position_controllers/share/position_controllers/environment/ament_prefix_path.dsv
[14.183s] -- Installing: /home/parallels/ros2_ws/install/position_controllers/share/position_controllers/environment/path.sh
[14.183s] -- Installing: /home/parallels/ros2_ws/install/position_controllers/share/position_controllers/environment/path.dsv
[14.184s] -- Installing: /home/parallels/ros2_ws/install/position_controllers/share/position_controllers/local_setup.bash
[14.184s] -- Installing: /home/parallels/ros2_ws/install/position_controllers/share/position_controllers/local_setup.sh
[14.184s] -- Installing: /home/parallels/ros2_ws/install/position_controllers/share/position_controllers/local_setup.zsh
[14.184s] -- Installing: /home/parallels/ros2_ws/install/position_controllers/share/position_controllers/local_setup.dsv
[14.184s] -- Installing: /home/parallels/ros2_ws/install/position_controllers/share/position_controllers/package.dsv
[14.184s] -- Installing: /home/parallels/ros2_ws/install/position_controllers/share/ament_index/resource_index/packages/position_controllers
[14.184s] -- Installing: /home/parallels/ros2_ws/install/position_controllers/share/ament_index/resource_index/controller_interface__pluginlib__plugin/position_controllers
[14.185s] -- Installing: /home/parallels/ros2_ws/install/position_controllers/share/position_controllers/cmake/export_position_controllersExport.cmake
[14.185s] -- Installing: /home/parallels/ros2_ws/install/position_controllers/share/position_controllers/cmake/export_position_controllersExport-noconfig.cmake
[14.185s] -- Installing: /home/parallels/ros2_ws/install/position_controllers/share/position_controllers/cmake/ament_cmake_export_targets-extras.cmake
[14.185s] -- Installing: /home/parallels/ros2_ws/install/position_controllers/share/position_controllers/cmake/ament_cmake_export_dependencies-extras.cmake
[14.185s] -- Installing: /home/parallels/ros2_ws/install/position_controllers/share/position_controllers/cmake/position_controllersConfig.cmake
[14.185s] -- Installing: /home/parallels/ros2_ws/install/position_controllers/share/position_controllers/cmake/position_controllersConfig-version.cmake
[14.185s] -- Installing: /home/parallels/ros2_ws/install/position_controllers/share/position_controllers/package.xml
[14.186s] Invoked command in '/home/parallels/ros2_ws/build/position_controllers' returned '0': AMENT_PREFIX_PATH=/home/parallels/ros2_ws/install/forward_command_controller:/home/parallels/ros2_ws/install/controller_manager:/home/parallels/ros2_ws/install/hardware_interface_testing:/home/parallels/ros2_ws/install/controller_interface:/home/parallels/ros2_ws/install/hardware_interface:/home/parallels/ros2_ws/install/ros2_control_test_assets:/home/parallels/ros2_ws/install/controller_manager_msgs:${AMENT_PREFIX_PATH} CMAKE_PREFIX_PATH=/home/parallels/ros2_ws/install/forward_command_controller:/home/parallels/ros2_ws/install/controller_manager:/home/parallels/ros2_ws/install/hardware_interface_testing:/home/parallels/ros2_ws/install/controller_interface:/home/parallels/ros2_ws/install/hardware_interface:/home/parallels/ros2_ws/install/ros2_control_test_assets:/home/parallels/ros2_ws/install/controller_manager_msgs:/usr:/opt/ros/humble LD_LIBRARY_PATH=/home/parallels/ros2_ws/install/forward_command_controller/lib:/home/parallels/ros2_ws/install/controller_manager/lib:/home/parallels/ros2_ws/install/hardware_interface_testing/lib:/home/parallels/ros2_ws/install/controller_interface/lib:/home/parallels/ros2_ws/install/hardware_interface/lib:/home/parallels/ros2_ws/install/controller_manager_msgs/lib:${LD_LIBRARY_PATH} PYTHONPATH=/home/parallels/ros2_ws/install/controller_manager/local/lib/python3.10/dist-packages:/home/parallels/ros2_ws/install/controller_manager_msgs/local/lib/python3.10/dist-packages:${PYTHONPATH} /usr/bin/cmake --install /home/parallels/ros2_ws/build/position_controllers
