[0.514s] Invoking command in '/home/parallels/ros2_ws/src/number_counter': PYTHONPATH=/home/parallels/ros2_ws/build/number_counter/prefix_override:/usr/lib/python3/dist-packages/colcon_core/task/python/colcon_distutils_commands:/home/parallels/ros2_ws/install/number_counter/lib/python3.10/site-packages:${PYTHONPATH} /usr/bin/python3 -W ignore:setup.py install is deprecated -W ignore:easy_install command is deprecated setup.py egg_info --egg-base ../../build/number_counter build --build-base /home/parallels/ros2_ws/build/number_counter/build install --record /home/parallels/ros2_ws/build/number_counter/install.log --single-version-externally-managed install_data
[0.646s] running egg_info
[0.646s] writing ../../build/number_counter/number_counter.egg-info/PKG-INFO
[0.647s] writing dependency_links to ../../build/number_counter/number_counter.egg-info/dependency_links.txt
[0.647s] writing entry points to ../../build/number_counter/number_counter.egg-info/entry_points.txt
[0.647s] writing requirements to ../../build/number_counter/number_counter.egg-info/requires.txt
[0.647s] writing top-level names to ../../build/number_counter/number_counter.egg-info/top_level.txt
[0.647s] reading manifest file '../../build/number_counter/number_counter.egg-info/SOURCES.txt'
[0.648s] writing manifest file '../../build/number_counter/number_counter.egg-info/SOURCES.txt'
[0.648s] running build
[0.648s] running build_py
[0.648s] running install
[0.648s] running install_lib
[0.649s] running install_data
[0.649s] running install_egg_info
[0.650s] removing '/home/parallels/ros2_ws/install/number_counter/lib/python3.10/site-packages/number_counter-0.0.0-py3.10.egg-info' (and everything under it)
[0.650s] Copying ../../build/number_counter/number_counter.egg-info to /home/parallels/ros2_ws/install/number_counter/lib/python3.10/site-packages/number_counter-0.0.0-py3.10.egg-info
[0.650s] running install_scripts
[0.661s] Installing number_count script to /home/parallels/ros2_ws/install/number_counter/lib/number_counter
[0.661s] Installing number_pub script to /home/parallels/ros2_ws/install/number_counter/lib/number_counter
[0.661s] writing list of installed files to '/home/parallels/ros2_ws/build/number_counter/install.log'
[0.685s] Invoked command in '/home/parallels/ros2_ws/src/number_counter' returned '0': PYTHONPATH=/home/parallels/ros2_ws/build/number_counter/prefix_override:/usr/lib/python3/dist-packages/colcon_core/task/python/colcon_distutils_commands:/home/parallels/ros2_ws/install/number_counter/lib/python3.10/site-packages:${PYTHONPATH} /usr/bin/python3 -W ignore:setup.py install is deprecated -W ignore:easy_install command is deprecated setup.py egg_info --egg-base ../../build/number_counter build --build-base /home/parallels/ros2_ws/build/number_counter/build install --record /home/parallels/ros2_ws/build/number_counter/install.log --single-version-externally-managed install_data
