[0.006s] Invoking command in '/home/parallels/ros2_ws/build/my_robot_station_bringup': /usr/bin/cmake /home/parallels/ros2_ws/src/my_robot_station_bringup -DCMAKE_INSTALL_PREFIX=/home/parallels/ros2_ws/install/my_robot_station_bringup
[0.014s] -- Found ament_cmake: 1.3.10 (/opt/ros/humble/share/ament_cmake/cmake)
[0.100s] Error parsing '/home/parallels/ros2_ws/src/my_robot_station_bringup/package.xml':
[0.122s] Traceback (most recent call last):
[0.122s]   File "/opt/ros/humble/share/ament_cmake_core/cmake/core/package_xml_2_cmake.py", line 150, in <module>
[0.122s]     main()
[0.122s]   File "/opt/ros/humble/share/ament_cmake_core/cmake/core/package_xml_2_cmake.py", line 53, in main
[0.122s]     raise e
[0.122s]   File "/opt/ros/humble/share/ament_cmake_core/cmake/core/package_xml_2_cmake.py", line 49, in main
[0.122s]     package = parse_package_string(
[0.122s]   File "/usr/lib/python3/dist-packages/catkin_pkg/package.py", line 786, in parse_package_string
[0.122s]     raise InvalidPackage('Error(s):%s' % (''.join(['\n- %s' % e for e in errors])), filename)
[0.122s] catkin_pkg.package.InvalidPackage: Error(s) in package '/home/parallels/ros2_ws/src/my_robot_station_bringup/package.xml':
[0.122s] Error(s):
[0.122s] - The manifest of package "my_robot_station_bringup" (with format version 3) must not contain the following tags: exect_depend
[0.129s] [31mCMake Error at /opt/ros/humble/share/ament_cmake_core/cmake/core/ament_package_xml.cmake:95 (message):
[0.129s]   execute_process(/usr/bin/python3
[0.129s]   /opt/ros/humble/share/ament_cmake_core/cmake/core/package_xml_2_cmake.py
[0.129s]   /home/parallels/ros2_ws/src/my_robot_station_bringup/package.xml
[0.129s]   /home/parallels/ros2_ws/build/my_robot_station_bringup/ament_cmake_core/package.cmake)
[0.129s]   returned error code 1
[0.129s] Call Stack (most recent call first):
[0.129s]   /opt/ros/humble/share/ament_cmake_core/cmake/core/ament_package_xml.cmake:49 (_ament_package_xml)
[0.129s]   /opt/ros/humble/share/ament_cmake_core/cmake/core/ament_package.cmake:63 (ament_package_xml)
[0.129s]   CMakeLists.txt:15 (ament_package)
[0.129s] 
[0.129s] [0m
[0.132s] -- Configuring incomplete, errors occurred!
[0.132s] See also "/home/parallels/ros2_ws/build/my_robot_station_bringup/CMakeFiles/CMakeOutput.log".
[0.133s] Invoked command in '/home/parallels/ros2_ws/build/my_robot_station_bringup' returned '1': /usr/bin/cmake /home/parallels/ros2_ws/src/my_robot_station_bringup -DCMAKE_INSTALL_PREFIX=/home/parallels/ros2_ws/install/my_robot_station_bringup
