[0.027s] Invoking command in '/home/parallels/ros2_ws/build/hardware_interface': CMAKE_PREFIX_PATH=/home/parallels/ros2_ws/install/ros2_control_test_assets:/home/parallels/ros2_ws/install/ros2_controllers:/home/parallels/ros2_ws/install/ign_ros2_control_demos:/home/parallels/ros2_ws/install/velocity_controllers:/home/parallels/ros2_ws/install/tricycle_steering_controller:/home/parallels/ros2_ws/install/tricycle_controller:/home/parallels/ros2_ws/install/ros2_control:/home/parallels/ros2_ws/install/transmission_interface:/home/parallels/ros2_ws/install/bicycle_steering_controller:/home/parallels/ros2_ws/install/ackermann_steering_controller:/home/parallels/ros2_ws/install/steering_controllers_library:/home/parallels/ros2_ws/install/gz_ros2_control_tests:/home/parallels/ros2_ws/install/ign_ros2_control:/home/parallels/ros2_ws/install/hardware_interface_testing:/home/parallels/ros2_ws/install/controller_manager:/home/parallels/ros2_ws/install/ros2_control_demo_description:/home/parallels/ros2_ws/install/range_sensor_broadcaster:/home/parallels/ros2_ws/install/position_controllers:/home/parallels/ros2_ws/install/polygon_plugins:/home/parallels/ros2_ws/install/admittance_controller:/home/parallels/ros2_ws/install/joint_trajectory_controller:/home/parallels/ros2_ws/install/joint_state_broadcaster:/home/parallels/ros2_ws/install/joint_limits:/home/parallels/ros2_ws/install/imu_sensor_broadcaster:/home/parallels/ros2_ws/install/gripper_controllers:/home/parallels/ros2_ws/install/effort_controllers:/home/parallels/ros2_ws/install/forward_command_controller:/home/parallels/ros2_ws/install/force_torque_sensor_broadcaster:/home/parallels/ros2_ws/install/diff_drive_controller:/home/parallels/ros2_ws/install/controller_interface:/home/parallels/ros2_ws/install/controller_manager_msgs:/usr:/home/parallels/ros2_ws/install/rqt_joint_trajectory_controller:/home/parallels/ros2_ws/install/rqt_controller_manager:/home/parallels/ros2_ws/install/ros2controlcli:/home/parallels/ros2_ws/install/ros2_controllers_test_nodes:/home/parallels/ros2_ws/install/polygon_base:/home/parallels/ros2_ws/install/hardware_interface:/opt/ros/humble /usr/bin/cmake --build /home/parallels/ros2_ws/build/hardware_interface -- -j4 -l4
[0.063s] [35m[1mConsolidate compiler generated dependencies of target gmock[0m
[0.063s] [35m[1mConsolidate compiler generated dependencies of target hardware_interface[0m
[0.078s] [ 20%] Built target hardware_interface
[0.093s] [35m[1mConsolidate compiler generated dependencies of target mock_components[0m
[0.099s] [35m[1mConsolidate compiler generated dependencies of target gmock_main[0m
[0.107s] [ 29%] Built target gmock
[0.108s] [35m[1mConsolidate compiler generated dependencies of target fake_components[0m
[0.119s] [ 35%] Built target gmock_main
[0.123s] [ 41%] Built target mock_components
[0.141s] [35m[1mConsolidate compiler generated dependencies of target test_hardware_components[0m
[0.148s] [ 50%] Built target fake_components
[0.164s] [ 64%] Built target test_hardware_components
[0.164s] [35m[1mConsolidate compiler generated dependencies of target test_inst_hardwares[0m
[0.166s] [35m[1mConsolidate compiler generated dependencies of target test_macros[0m
[0.179s] [ 70%] Built target test_inst_hardwares
[0.184s] [ 76%] Built target test_macros
[0.190s] [35m[1mConsolidate compiler generated dependencies of target test_component_interfaces[0m
[0.191s] [35m[1mConsolidate compiler generated dependencies of target test_joint_handle[0m
[0.200s] [35m[1mConsolidate compiler generated dependencies of target test_generic_system[0m
[0.204s] [35m[1mConsolidate compiler generated dependencies of target test_component_parser[0m
[0.208s] [ 82%] Built target test_joint_handle
[0.216s] [ 88%] Built target test_component_interfaces
[0.220s] [ 94%] Built target test_component_parser
[0.222s] [100%] Built target test_generic_system
[0.255s] Invoked command in '/home/parallels/ros2_ws/build/hardware_interface' returned '0': CMAKE_PREFIX_PATH=/home/parallels/ros2_ws/install/ros2_control_test_assets:/home/parallels/ros2_ws/install/ros2_controllers:/home/parallels/ros2_ws/install/ign_ros2_control_demos:/home/parallels/ros2_ws/install/velocity_controllers:/home/parallels/ros2_ws/install/tricycle_steering_controller:/home/parallels/ros2_ws/install/tricycle_controller:/home/parallels/ros2_ws/install/ros2_control:/home/parallels/ros2_ws/install/transmission_interface:/home/parallels/ros2_ws/install/bicycle_steering_controller:/home/parallels/ros2_ws/install/ackermann_steering_controller:/home/parallels/ros2_ws/install/steering_controllers_library:/home/parallels/ros2_ws/install/gz_ros2_control_tests:/home/parallels/ros2_ws/install/ign_ros2_control:/home/parallels/ros2_ws/install/hardware_interface_testing:/home/parallels/ros2_ws/install/controller_manager:/home/parallels/ros2_ws/install/ros2_control_demo_description:/home/parallels/ros2_ws/install/range_sensor_broadcaster:/home/parallels/ros2_ws/install/position_controllers:/home/parallels/ros2_ws/install/polygon_plugins:/home/parallels/ros2_ws/install/admittance_controller:/home/parallels/ros2_ws/install/joint_trajectory_controller:/home/parallels/ros2_ws/install/joint_state_broadcaster:/home/parallels/ros2_ws/install/joint_limits:/home/parallels/ros2_ws/install/imu_sensor_broadcaster:/home/parallels/ros2_ws/install/gripper_controllers:/home/parallels/ros2_ws/install/effort_controllers:/home/parallels/ros2_ws/install/forward_command_controller:/home/parallels/ros2_ws/install/force_torque_sensor_broadcaster:/home/parallels/ros2_ws/install/diff_drive_controller:/home/parallels/ros2_ws/install/controller_interface:/home/parallels/ros2_ws/install/controller_manager_msgs:/usr:/home/parallels/ros2_ws/install/rqt_joint_trajectory_controller:/home/parallels/ros2_ws/install/rqt_controller_manager:/home/parallels/ros2_ws/install/ros2controlcli:/home/parallels/ros2_ws/install/ros2_controllers_test_nodes:/home/parallels/ros2_ws/install/polygon_base:/home/parallels/ros2_ws/install/hardware_interface:/opt/ros/humble /usr/bin/cmake --build /home/parallels/ros2_ws/build/hardware_interface -- -j4 -l4
[0.456s] Invoking command in '/home/parallels/ros2_ws/build/hardware_interface': CMAKE_PREFIX_PATH=/home/parallels/ros2_ws/install/ros2_control_test_assets:/home/parallels/ros2_ws/install/ros2_controllers:/home/parallels/ros2_ws/install/ign_ros2_control_demos:/home/parallels/ros2_ws/install/velocity_controllers:/home/parallels/ros2_ws/install/tricycle_steering_controller:/home/parallels/ros2_ws/install/tricycle_controller:/home/parallels/ros2_ws/install/ros2_control:/home/parallels/ros2_ws/install/transmission_interface:/home/parallels/ros2_ws/install/bicycle_steering_controller:/home/parallels/ros2_ws/install/ackermann_steering_controller:/home/parallels/ros2_ws/install/steering_controllers_library:/home/parallels/ros2_ws/install/gz_ros2_control_tests:/home/parallels/ros2_ws/install/ign_ros2_control:/home/parallels/ros2_ws/install/hardware_interface_testing:/home/parallels/ros2_ws/install/controller_manager:/home/parallels/ros2_ws/install/ros2_control_demo_description:/home/parallels/ros2_ws/install/range_sensor_broadcaster:/home/parallels/ros2_ws/install/position_controllers:/home/parallels/ros2_ws/install/polygon_plugins:/home/parallels/ros2_ws/install/admittance_controller:/home/parallels/ros2_ws/install/joint_trajectory_controller:/home/parallels/ros2_ws/install/joint_state_broadcaster:/home/parallels/ros2_ws/install/joint_limits:/home/parallels/ros2_ws/install/imu_sensor_broadcaster:/home/parallels/ros2_ws/install/gripper_controllers:/home/parallels/ros2_ws/install/effort_controllers:/home/parallels/ros2_ws/install/forward_command_controller:/home/parallels/ros2_ws/install/force_torque_sensor_broadcaster:/home/parallels/ros2_ws/install/diff_drive_controller:/home/parallels/ros2_ws/install/controller_interface:/home/parallels/ros2_ws/install/controller_manager_msgs:/usr:/home/parallels/ros2_ws/install/rqt_joint_trajectory_controller:/home/parallels/ros2_ws/install/rqt_controller_manager:/home/parallels/ros2_ws/install/ros2controlcli:/home/parallels/ros2_ws/install/ros2_controllers_test_nodes:/home/parallels/ros2_ws/install/polygon_base:/home/parallels/ros2_ws/install/hardware_interface:/opt/ros/humble /usr/bin/cmake --install /home/parallels/ros2_ws/build/hardware_interface
[0.461s] -- Install configuration: ""
[0.461s] -- Up-to-date: /home/parallels/ros2_ws/install/hardware_interface/share/hardware_interface/mock_components_plugin_description.xml
[0.461s] -- Up-to-date: /home/parallels/ros2_ws/install/hardware_interface/share/hardware_interface/fake_components_plugin_description.xml
[0.461s] -- Up-to-date: /home/parallels/ros2_ws/install/hardware_interface/include
[0.461s] -- Up-to-date: /home/parallels/ros2_ws/install/hardware_interface/include/hardware_interface
[0.461s] -- Up-to-date: /home/parallels/ros2_ws/install/hardware_interface/include/hardware_interface/system_interface.hpp
[0.461s] -- Up-to-date: /home/parallels/ros2_ws/install/hardware_interface/include/hardware_interface/actuator_interface.hpp
[0.461s] -- Up-to-date: /home/parallels/ros2_ws/install/hardware_interface/include/hardware_interface/loaned_state_interface.hpp
[0.461s] -- Up-to-date: /home/parallels/ros2_ws/install/hardware_interface/include/hardware_interface/hardware_component_info.hpp
[0.461s] -- Up-to-date: /home/parallels/ros2_ws/install/hardware_interface/include/hardware_interface/handle.hpp
[0.461s] -- Up-to-date: /home/parallels/ros2_ws/install/hardware_interface/include/hardware_interface/resource_manager.hpp
[0.461s] -- Up-to-date: /home/parallels/ros2_ws/install/hardware_interface/include/hardware_interface/sensor_interface.hpp
[0.461s] -- Up-to-date: /home/parallels/ros2_ws/install/hardware_interface/include/hardware_interface/visibility_control.h
[0.461s] -- Up-to-date: /home/parallels/ros2_ws/install/hardware_interface/include/hardware_interface/sensor.hpp
[0.461s] -- Up-to-date: /home/parallels/ros2_ws/install/hardware_interface/include/hardware_interface/actuator.hpp
[0.461s] -- Up-to-date: /home/parallels/ros2_ws/install/hardware_interface/include/hardware_interface/controller_info.hpp
[0.461s] -- Up-to-date: /home/parallels/ros2_ws/install/hardware_interface/include/hardware_interface/macros.hpp
[0.461s] -- Up-to-date: /home/parallels/ros2_ws/install/hardware_interface/include/hardware_interface/system.hpp
[0.461s] -- Up-to-date: /home/parallels/ros2_ws/install/hardware_interface/include/hardware_interface/loaned_command_interface.hpp
[0.462s] -- Up-to-date: /home/parallels/ros2_ws/install/hardware_interface/include/hardware_interface/types
[0.462s] -- Up-to-date: /home/parallels/ros2_ws/install/hardware_interface/include/hardware_interface/types/hardware_interface_type_values.hpp
[0.462s] -- Up-to-date: /home/parallels/ros2_ws/install/hardware_interface/include/hardware_interface/types/hardware_interface_return_values.hpp
[0.462s] -- Up-to-date: /home/parallels/ros2_ws/install/hardware_interface/include/hardware_interface/types/lifecycle_state_names.hpp
[0.462s] -- Up-to-date: /home/parallels/ros2_ws/install/hardware_interface/include/hardware_interface/component_parser.hpp
[0.462s] -- Up-to-date: /home/parallels/ros2_ws/install/hardware_interface/include/hardware_interface/lexical_casts.hpp
[0.462s] -- Up-to-date: /home/parallels/ros2_ws/install/hardware_interface/include/hardware_interface/hardware_info.hpp
[0.462s] -- Up-to-date: /home/parallels/ros2_ws/install/hardware_interface/include/mock_components
[0.462s] -- Up-to-date: /home/parallels/ros2_ws/install/hardware_interface/include/mock_components/generic_system.hpp
[0.462s] -- Up-to-date: /home/parallels/ros2_ws/install/hardware_interface/include/mock_components/visibility_control.h
[0.462s] -- Up-to-date: /home/parallels/ros2_ws/install/hardware_interface/include/fake_components
[0.462s] -- Up-to-date: /home/parallels/ros2_ws/install/hardware_interface/include/fake_components/generic_system.hpp
[0.462s] -- Up-to-date: /home/parallels/ros2_ws/install/hardware_interface/include/fake_components/visibility_control.h
[0.462s] -- Up-to-date: /home/parallels/ros2_ws/install/hardware_interface/lib/libfake_components.so
[0.462s] -- Up-to-date: /home/parallels/ros2_ws/install/hardware_interface/lib/libmock_components.so
[0.462s] -- Up-to-date: /home/parallels/ros2_ws/install/hardware_interface/lib/libhardware_interface.so
[0.467s] -- Up-to-date: /home/parallels/ros2_ws/install/hardware_interface/lib/libtest_hardware_components.so
[0.467s] -- Up-to-date: /home/parallels/ros2_ws/install/hardware_interface/share/hardware_interface/test/test_hardware_components/test_hardware_components.xml
[0.467s] -- Up-to-date: /home/parallels/ros2_ws/install/hardware_interface/share/hardware_interface/environment/library_path.sh
[0.467s] -- Up-to-date: /home/parallels/ros2_ws/install/hardware_interface/share/hardware_interface/environment/library_path.dsv
[0.467s] -- Up-to-date: /home/parallels/ros2_ws/install/hardware_interface/share/ament_index/resource_index/package_run_dependencies/hardware_interface
[0.467s] -- Up-to-date: /home/parallels/ros2_ws/install/hardware_interface/share/ament_index/resource_index/parent_prefix_path/hardware_interface
[0.467s] -- Up-to-date: /home/parallels/ros2_ws/install/hardware_interface/share/hardware_interface/environment/ament_prefix_path.sh
[0.467s] -- Up-to-date: /home/parallels/ros2_ws/install/hardware_interface/share/hardware_interface/environment/ament_prefix_path.dsv
[0.467s] -- Up-to-date: /home/parallels/ros2_ws/install/hardware_interface/share/hardware_interface/environment/path.sh
[0.467s] -- Up-to-date: /home/parallels/ros2_ws/install/hardware_interface/share/hardware_interface/environment/path.dsv
[0.467s] -- Up-to-date: /home/parallels/ros2_ws/install/hardware_interface/share/hardware_interface/local_setup.bash
[0.467s] -- Up-to-date: /home/parallels/ros2_ws/install/hardware_interface/share/hardware_interface/local_setup.sh
[0.467s] -- Up-to-date: /home/parallels/ros2_ws/install/hardware_interface/share/hardware_interface/local_setup.zsh
[0.467s] -- Up-to-date: /home/parallels/ros2_ws/install/hardware_interface/share/hardware_interface/local_setup.dsv
[0.467s] -- Installing: /home/parallels/ros2_ws/install/hardware_interface/share/hardware_interface/package.dsv
[0.471s] -- Up-to-date: /home/parallels/ros2_ws/install/hardware_interface/share/ament_index/resource_index/packages/hardware_interface
[0.471s] -- Up-to-date: /home/parallels/ros2_ws/install/hardware_interface/share/ament_index/resource_index/hardware_interface__pluginlib__plugin/hardware_interface
[0.471s] -- Up-to-date: /home/parallels/ros2_ws/install/hardware_interface/share/hardware_interface/cmake/ament_cmake_export_include_directories-extras.cmake
[0.471s] -- Up-to-date: /home/parallels/ros2_ws/install/hardware_interface/share/hardware_interface/cmake/ament_cmake_export_libraries-extras.cmake
[0.471s] -- Up-to-date: /home/parallels/ros2_ws/install/hardware_interface/share/hardware_interface/cmake/ament_cmake_export_dependencies-extras.cmake
[0.472s] -- Up-to-date: /home/parallels/ros2_ws/install/hardware_interface/share/hardware_interface/cmake/hardware_interfaceConfig.cmake
[0.472s] -- Up-to-date: /home/parallels/ros2_ws/install/hardware_interface/share/hardware_interface/cmake/hardware_interfaceConfig-version.cmake
[0.472s] -- Up-to-date: /home/parallels/ros2_ws/install/hardware_interface/share/hardware_interface/package.xml
[0.477s] Invoked command in '/home/parallels/ros2_ws/build/hardware_interface' returned '0': CMAKE_PREFIX_PATH=/home/parallels/ros2_ws/install/ros2_control_test_assets:/home/parallels/ros2_ws/install/ros2_controllers:/home/parallels/ros2_ws/install/ign_ros2_control_demos:/home/parallels/ros2_ws/install/velocity_controllers:/home/parallels/ros2_ws/install/tricycle_steering_controller:/home/parallels/ros2_ws/install/tricycle_controller:/home/parallels/ros2_ws/install/ros2_control:/home/parallels/ros2_ws/install/transmission_interface:/home/parallels/ros2_ws/install/bicycle_steering_controller:/home/parallels/ros2_ws/install/ackermann_steering_controller:/home/parallels/ros2_ws/install/steering_controllers_library:/home/parallels/ros2_ws/install/gz_ros2_control_tests:/home/parallels/ros2_ws/install/ign_ros2_control:/home/parallels/ros2_ws/install/hardware_interface_testing:/home/parallels/ros2_ws/install/controller_manager:/home/parallels/ros2_ws/install/ros2_control_demo_description:/home/parallels/ros2_ws/install/range_sensor_broadcaster:/home/parallels/ros2_ws/install/position_controllers:/home/parallels/ros2_ws/install/polygon_plugins:/home/parallels/ros2_ws/install/admittance_controller:/home/parallels/ros2_ws/install/joint_trajectory_controller:/home/parallels/ros2_ws/install/joint_state_broadcaster:/home/parallels/ros2_ws/install/joint_limits:/home/parallels/ros2_ws/install/imu_sensor_broadcaster:/home/parallels/ros2_ws/install/gripper_controllers:/home/parallels/ros2_ws/install/effort_controllers:/home/parallels/ros2_ws/install/forward_command_controller:/home/parallels/ros2_ws/install/force_torque_sensor_broadcaster:/home/parallels/ros2_ws/install/diff_drive_controller:/home/parallels/ros2_ws/install/controller_interface:/home/parallels/ros2_ws/install/controller_manager_msgs:/usr:/home/parallels/ros2_ws/install/rqt_joint_trajectory_controller:/home/parallels/ros2_ws/install/rqt_controller_manager:/home/parallels/ros2_ws/install/ros2controlcli:/home/parallels/ros2_ws/install/ros2_controllers_test_nodes:/home/parallels/ros2_ws/install/polygon_base:/home/parallels/ros2_ws/install/hardware_interface:/opt/ros/humble /usr/bin/cmake --install /home/parallels/ros2_ws/build/hardware_interface
