[0.019s] Invoking command in '/home/parallels/ros2_ws/build/tricycle_steering_controller': AMENT_PREFIX_PATH=/home/parallels/ros2_ws/install/steering_controllers_library:/home/parallels/ros2_ws/install/controller_manager:/home/parallels/ros2_ws/install/hardware_interface_testing:/home/parallels/ros2_ws/install/controller_interface:/home/parallels/ros2_ws/install/hardware_interface:/home/parallels/ros2_ws/install/ros2_control_test_assets:/home/parallels/ros2_ws/install/controller_manager_msgs:${AMENT_PREFIX_PATH} CMAKE_PREFIX_PATH=/home/parallels/ros2_ws/install/steering_controllers_library:/home/parallels/ros2_ws/install/controller_manager:/home/parallels/ros2_ws/install/hardware_interface_testing:/home/parallels/ros2_ws/install/controller_interface:/home/parallels/ros2_ws/install/hardware_interface:/home/parallels/ros2_ws/install/ros2_control_test_assets:/home/parallels/ros2_ws/install/controller_manager_msgs:/usr:/opt/ros/humble LD_LIBRARY_PATH=/home/parallels/ros2_ws/install/steering_controllers_library/lib:/home/parallels/ros2_ws/install/controller_manager/lib:/home/parallels/ros2_ws/install/hardware_interface_testing/lib:/home/parallels/ros2_ws/install/controller_interface/lib:/home/parallels/ros2_ws/install/hardware_interface/lib:/home/parallels/ros2_ws/install/controller_manager_msgs/lib:${LD_LIBRARY_PATH} PYTHONPATH=/home/parallels/ros2_ws/install/controller_manager/local/lib/python3.10/dist-packages:/home/parallels/ros2_ws/install/controller_manager_msgs/local/lib/python3.10/dist-packages:${PYTHONPATH} /usr/bin/cmake /home/parallels/ros2_ws/src/ros2_controllers/tricycle_steering_controller -DCMAKE_INSTALL_PREFIX=/home/parallels/ros2_ws/install/tricycle_steering_controller
[0.069s] -- The CXX compiler identification is GNU 11.4.0
[0.073s] -- Detecting CXX compiler ABI info
[0.129s] -- Detecting CXX compiler ABI info - done
[0.133s] -- Check for working CXX compiler: /usr/bin/c++ - skipped
[0.133s] -- Detecting CXX compile features
[0.134s] -- Detecting CXX compile features - done
[0.139s] -- Found ament_cmake: 1.3.11 (/opt/ros/humble/share/ament_cmake/cmake)
[0.233s] -- Found Python3: /usr/bin/python3 (found version "3.10.12") found components: Interpreter 
[0.343s] -- Found controller_interface: 2.41.0 (/home/parallels/ros2_ws/install/controller_interface/share/controller_interface/cmake)
[0.407s] -- Found rosidl_generator_c: 3.1.6 (/opt/ros/humble/share/rosidl_generator_c/cmake)
[0.421s] -- Found rosidl_adapter: 3.1.6 (/opt/ros/humble/share/rosidl_adapter/cmake)
[0.434s] -- Found rosidl_generator_cpp: 3.1.6 (/opt/ros/humble/share/rosidl_generator_cpp/cmake)
[0.448s] -- Using all available rosidl_typesupport_c: rosidl_typesupport_fastrtps_c;rosidl_typesupport_introspection_c
[0.468s] -- Using all available rosidl_typesupport_cpp: rosidl_typesupport_fastrtps_cpp;rosidl_typesupport_introspection_cpp
[0.684s] -- Found rmw_implementation_cmake: 6.1.2 (/opt/ros/humble/share/rmw_implementation_cmake/cmake)
[0.689s] -- Found rmw_fastrtps_cpp: 6.2.7 (/opt/ros/humble/share/rmw_fastrtps_cpp/cmake)
[0.726s] -- Found TinyXML2 via Config file: TinyXML2_DIR-NOTFOUND
[0.754s] -- Found OpenSSL: /usr/lib/aarch64-linux-gnu/libcrypto.so (found version "3.0.2")  
[0.755s] -- Found TinyXML2 via Config file: TinyXML2_DIR-NOTFOUND
[0.767s] -- Found FastRTPS: /opt/ros/humble/include  
[0.769s] -- Found TinyXML2 via Config file: TinyXML2_DIR-NOTFOUND
[0.774s] -- Found TinyXML2 via Config file: TinyXML2_DIR-NOTFOUND
[0.780s] -- Using RMW implementation 'rmw_fastrtps_cpp' as default
[0.792s] -- Looking for C++ include pthread.h
[0.859s] -- Looking for C++ include pthread.h - found
[0.859s] -- Performing Test CMAKE_HAVE_LIBC_PTHREAD
[0.922s] -- Performing Test CMAKE_HAVE_LIBC_PTHREAD - Success
[0.923s] -- Found Threads: TRUE  
[0.969s] -- Found generate_parameter_library: 0.3.9 (/opt/ros/humble/share/generate_parameter_library/cmake)
[0.973s] -- Found parameter_traits: 0.3.9 (/opt/ros/humble/share/parameter_traits/cmake)
[0.999s] -- Found realtime_tools: 2.8.1 (/opt/ros/humble/share/realtime_tools/cmake)
[1.021s] -- Found std_srvs: 4.2.4 (/opt/ros/humble/share/std_srvs/cmake)
[1.028s] -- Found steering_controllers_library: 2.35.0 (/home/parallels/ros2_ws/install/steering_controllers_library/share/steering_controllers_library/cmake)
[1.108s] -- Found eigen3_cmake_module: 0.1.1 (/opt/ros/humble/share/eigen3_cmake_module/cmake)
[1.109s] -- Found Eigen3: TRUE (found version "3.4.0") 
[1.109s] -- Ensuring Eigen3 include directory is part of orocos-kdl CMake target
[1.173s] -- Found ament_cmake_gmock: 1.3.11 (/opt/ros/humble/share/ament_cmake_gmock/cmake)
[1.173s] -- Found controller_manager: 2.41.0 (/home/parallels/ros2_ws/install/controller_manager/share/controller_manager/cmake)
[1.188s] -- Found ros2_control_test_assets: 2.41.0 (/home/parallels/ros2_ws/install/ros2_control_test_assets/share/ros2_control_test_assets/cmake)
[1.193s] -- Found gmock sources under '/opt/ros/humble/src/gmock_vendor': C++ tests using 'Google Mock' will be built
[1.222s] -- The C compiler identification is GNU 11.4.0
[1.226s] -- Detecting C compiler ABI info
[1.282s] -- Detecting C compiler ABI info - done
[1.286s] -- Check for working C compiler: /usr/bin/cc - skipped
[1.286s] -- Detecting C compile features
[1.287s] -- Detecting C compile features - done
[1.298s] -- Found ament_cmake_gtest: 1.3.11 (/opt/ros/humble/share/ament_cmake_gtest/cmake)
[1.299s] -- Found gtest sources under '/opt/ros/humble/src/gtest_vendor': C++ tests using 'Google Test' will be built
[1.317s] -- Found gmock sources under '/opt/ros/humble/src/gmock_vendor': C++ tests using 'Google Mock' will be built
[1.317s] -- Found ament_cmake_gtest: 1.3.11 (/opt/ros/humble/share/ament_cmake_gtest/cmake)
[1.318s] -- Found gtest sources under '/opt/ros/humble/src/gtest_vendor': C++ tests using 'Google Test' will be built
[1.325s] -- Found gmock sources under '/opt/ros/humble/src/gmock_vendor': C++ tests using 'Google Mock' will be built
[1.325s] -- Found ament_cmake_gtest: 1.3.11 (/opt/ros/humble/share/ament_cmake_gtest/cmake)
[1.326s] -- Found gtest sources under '/opt/ros/humble/src/gtest_vendor': C++ tests using 'Google Test' will be built
[1.372s] -- Configuring done
[1.439s] -- Generating done
[1.449s] -- Build files have been written to: /home/parallels/ros2_ws/build/tricycle_steering_controller
[1.461s] Invoked command in '/home/parallels/ros2_ws/build/tricycle_steering_controller' returned '0': AMENT_PREFIX_PATH=/home/parallels/ros2_ws/install/steering_controllers_library:/home/parallels/ros2_ws/install/controller_manager:/home/parallels/ros2_ws/install/hardware_interface_testing:/home/parallels/ros2_ws/install/controller_interface:/home/parallels/ros2_ws/install/hardware_interface:/home/parallels/ros2_ws/install/ros2_control_test_assets:/home/parallels/ros2_ws/install/controller_manager_msgs:${AMENT_PREFIX_PATH} CMAKE_PREFIX_PATH=/home/parallels/ros2_ws/install/steering_controllers_library:/home/parallels/ros2_ws/install/controller_manager:/home/parallels/ros2_ws/install/hardware_interface_testing:/home/parallels/ros2_ws/install/controller_interface:/home/parallels/ros2_ws/install/hardware_interface:/home/parallels/ros2_ws/install/ros2_control_test_assets:/home/parallels/ros2_ws/install/controller_manager_msgs:/usr:/opt/ros/humble LD_LIBRARY_PATH=/home/parallels/ros2_ws/install/steering_controllers_library/lib:/home/parallels/ros2_ws/install/controller_manager/lib:/home/parallels/ros2_ws/install/hardware_interface_testing/lib:/home/parallels/ros2_ws/install/controller_interface/lib:/home/parallels/ros2_ws/install/hardware_interface/lib:/home/parallels/ros2_ws/install/controller_manager_msgs/lib:${LD_LIBRARY_PATH} PYTHONPATH=/home/parallels/ros2_ws/install/controller_manager/local/lib/python3.10/dist-packages:/home/parallels/ros2_ws/install/controller_manager_msgs/local/lib/python3.10/dist-packages:${PYTHONPATH} /usr/bin/cmake /home/parallels/ros2_ws/src/ros2_controllers/tricycle_steering_controller -DCMAKE_INSTALL_PREFIX=/home/parallels/ros2_ws/install/tricycle_steering_controller
[1.462s] Invoking command in '/home/parallels/ros2_ws/build/tricycle_steering_controller': AMENT_PREFIX_PATH=/home/parallels/ros2_ws/install/steering_controllers_library:/home/parallels/ros2_ws/install/controller_manager:/home/parallels/ros2_ws/install/hardware_interface_testing:/home/parallels/ros2_ws/install/controller_interface:/home/parallels/ros2_ws/install/hardware_interface:/home/parallels/ros2_ws/install/ros2_control_test_assets:/home/parallels/ros2_ws/install/controller_manager_msgs:${AMENT_PREFIX_PATH} CMAKE_PREFIX_PATH=/home/parallels/ros2_ws/install/steering_controllers_library:/home/parallels/ros2_ws/install/controller_manager:/home/parallels/ros2_ws/install/hardware_interface_testing:/home/parallels/ros2_ws/install/controller_interface:/home/parallels/ros2_ws/install/hardware_interface:/home/parallels/ros2_ws/install/ros2_control_test_assets:/home/parallels/ros2_ws/install/controller_manager_msgs:/usr:/opt/ros/humble LD_LIBRARY_PATH=/home/parallels/ros2_ws/install/steering_controllers_library/lib:/home/parallels/ros2_ws/install/controller_manager/lib:/home/parallels/ros2_ws/install/hardware_interface_testing/lib:/home/parallels/ros2_ws/install/controller_interface/lib:/home/parallels/ros2_ws/install/hardware_interface/lib:/home/parallels/ros2_ws/install/controller_manager_msgs/lib:${LD_LIBRARY_PATH} PYTHONPATH=/home/parallels/ros2_ws/install/controller_manager/local/lib/python3.10/dist-packages:/home/parallels/ros2_ws/install/controller_manager_msgs/local/lib/python3.10/dist-packages:${PYTHONPATH} /usr/bin/cmake --build /home/parallels/ros2_ws/build/tricycle_steering_controller -- -j4 -l4
[1.495s] [  8%] [34m[1mRunning `/opt/ros/humble/bin/generate_parameter_library_cpp /home/parallels/ros2_ws/build/tricycle_steering_controller/tricycle_steering_controller_parameters/include//tricycle_steering_controller_parameters.hpp /home/parallels/ros2_ws/src/ros2_controllers/tricycle_steering_controller/src/tricycle_steering_controller.yaml `[0m
[1.640s] [  8%] Built target tricycle_steering_controller_parameters
[1.652s] [ 16%] [32mBuilding CXX object gmock/CMakeFiles/gmock.dir/opt/ros/humble/src/gtest_vendor/src/gtest-all.cc.o[0m
[3.240s] [ 25%] [32mBuilding CXX object gmock/CMakeFiles/gmock.dir/src/gmock-all.cc.o[0m
[4.264s] [ 33%] [32m[1mLinking CXX static library libgmock.a[0m
[4.311s] [ 33%] Built target gmock
[4.334s] [ 41%] [32mBuilding CXX object CMakeFiles/tricycle_steering_controller.dir/src/tricycle_steering_controller.cpp.o[0m
[6.267s] [ 50%] [32m[1mLinking CXX shared library libtricycle_steering_controller.so[0m
[6.545s] [ 50%] Built target tricycle_steering_controller
[6.567s] [ 58%] [32mBuilding CXX object CMakeFiles/test_load_tricycle_steering_controller.dir/test/test_load_tricycle_steering_controller.cpp.o[0m
[9.308s] [ 66%] [32m[1mLinking CXX executable test_load_tricycle_steering_controller[0m
[9.738s] [ 66%] Built target test_load_tricycle_steering_controller
[9.748s] [ 75%] [32mBuilding CXX object CMakeFiles/test_tricycle_steering_controller_preceeding.dir/test/test_tricycle_steering_controller_preceeding.cpp.o[0m
[12.912s] [ 83%] [32m[1mLinking CXX executable test_tricycle_steering_controller_preceeding[0m
[13.313s] [ 83%] Built target test_tricycle_steering_controller_preceeding
[13.323s] [ 91%] [32mBuilding CXX object CMakeFiles/test_tricycle_steering_controller.dir/test/test_tricycle_steering_controller.cpp.o[0m
[18.901s] [100%] [32m[1mLinking CXX executable test_tricycle_steering_controller[0m
[19.482s] [100%] Built target test_tricycle_steering_controller
[19.487s] Invoked command in '/home/parallels/ros2_ws/build/tricycle_steering_controller' returned '0': AMENT_PREFIX_PATH=/home/parallels/ros2_ws/install/steering_controllers_library:/home/parallels/ros2_ws/install/controller_manager:/home/parallels/ros2_ws/install/hardware_interface_testing:/home/parallels/ros2_ws/install/controller_interface:/home/parallels/ros2_ws/install/hardware_interface:/home/parallels/ros2_ws/install/ros2_control_test_assets:/home/parallels/ros2_ws/install/controller_manager_msgs:${AMENT_PREFIX_PATH} CMAKE_PREFIX_PATH=/home/parallels/ros2_ws/install/steering_controllers_library:/home/parallels/ros2_ws/install/controller_manager:/home/parallels/ros2_ws/install/hardware_interface_testing:/home/parallels/ros2_ws/install/controller_interface:/home/parallels/ros2_ws/install/hardware_interface:/home/parallels/ros2_ws/install/ros2_control_test_assets:/home/parallels/ros2_ws/install/controller_manager_msgs:/usr:/opt/ros/humble LD_LIBRARY_PATH=/home/parallels/ros2_ws/install/steering_controllers_library/lib:/home/parallels/ros2_ws/install/controller_manager/lib:/home/parallels/ros2_ws/install/hardware_interface_testing/lib:/home/parallels/ros2_ws/install/controller_interface/lib:/home/parallels/ros2_ws/install/hardware_interface/lib:/home/parallels/ros2_ws/install/controller_manager_msgs/lib:${LD_LIBRARY_PATH} PYTHONPATH=/home/parallels/ros2_ws/install/controller_manager/local/lib/python3.10/dist-packages:/home/parallels/ros2_ws/install/controller_manager_msgs/local/lib/python3.10/dist-packages:${PYTHONPATH} /usr/bin/cmake --build /home/parallels/ros2_ws/build/tricycle_steering_controller -- -j4 -l4
[19.488s] Invoking command in '/home/parallels/ros2_ws/build/tricycle_steering_controller': AMENT_PREFIX_PATH=/home/parallels/ros2_ws/install/steering_controllers_library:/home/parallels/ros2_ws/install/controller_manager:/home/parallels/ros2_ws/install/hardware_interface_testing:/home/parallels/ros2_ws/install/controller_interface:/home/parallels/ros2_ws/install/hardware_interface:/home/parallels/ros2_ws/install/ros2_control_test_assets:/home/parallels/ros2_ws/install/controller_manager_msgs:${AMENT_PREFIX_PATH} CMAKE_PREFIX_PATH=/home/parallels/ros2_ws/install/steering_controllers_library:/home/parallels/ros2_ws/install/controller_manager:/home/parallels/ros2_ws/install/hardware_interface_testing:/home/parallels/ros2_ws/install/controller_interface:/home/parallels/ros2_ws/install/hardware_interface:/home/parallels/ros2_ws/install/ros2_control_test_assets:/home/parallels/ros2_ws/install/controller_manager_msgs:/usr:/opt/ros/humble LD_LIBRARY_PATH=/home/parallels/ros2_ws/install/steering_controllers_library/lib:/home/parallels/ros2_ws/install/controller_manager/lib:/home/parallels/ros2_ws/install/hardware_interface_testing/lib:/home/parallels/ros2_ws/install/controller_interface/lib:/home/parallels/ros2_ws/install/hardware_interface/lib:/home/parallels/ros2_ws/install/controller_manager_msgs/lib:${LD_LIBRARY_PATH} PYTHONPATH=/home/parallels/ros2_ws/install/controller_manager/local/lib/python3.10/dist-packages:/home/parallels/ros2_ws/install/controller_manager_msgs/local/lib/python3.10/dist-packages:${PYTHONPATH} /usr/bin/cmake --install /home/parallels/ros2_ws/build/tricycle_steering_controller
[19.491s] -- Install configuration: ""
[19.491s] -- Installing: /home/parallels/ros2_ws/install/tricycle_steering_controller/include/tricycle_steering_controller_parameters
[19.491s] -- Installing: /home/parallels/ros2_ws/install/tricycle_steering_controller/include/tricycle_steering_controller_parameters/tricycle_steering_controller_parameters.hpp
[19.491s] -- Installing: /home/parallels/ros2_ws/install/tricycle_steering_controller/share/tricycle_steering_controller/tricycle_steering_controller.xml
[19.492s] -- Installing: /home/parallels/ros2_ws/install/tricycle_steering_controller/include/tricycle_steering_controller
[19.492s] -- Installing: /home/parallels/ros2_ws/install/tricycle_steering_controller/include/tricycle_steering_controller/tricycle_steering_controller
[19.492s] -- Installing: /home/parallels/ros2_ws/install/tricycle_steering_controller/include/tricycle_steering_controller/tricycle_steering_controller/tricycle_steering_controller.hpp
[19.492s] -- Installing: /home/parallels/ros2_ws/install/tricycle_steering_controller/include/tricycle_steering_controller/tricycle_steering_controller/visibility_control.h
[19.492s] -- Installing: /home/parallels/ros2_ws/install/tricycle_steering_controller/lib/libtricycle_steering_controller.so
[19.492s] -- Set runtime path of "/home/parallels/ros2_ws/install/tricycle_steering_controller/lib/libtricycle_steering_controller.so" to ""
[19.492s] -- Installing: /home/parallels/ros2_ws/install/tricycle_steering_controller/share/tricycle_steering_controller/environment/library_path.sh
[19.493s] -- Installing: /home/parallels/ros2_ws/install/tricycle_steering_controller/share/tricycle_steering_controller/environment/library_path.dsv
[19.493s] -- Installing: /home/parallels/ros2_ws/install/tricycle_steering_controller/share/ament_index/resource_index/package_run_dependencies/tricycle_steering_controller
[19.493s] -- Installing: /home/parallels/ros2_ws/install/tricycle_steering_controller/share/ament_index/resource_index/parent_prefix_path/tricycle_steering_controller
[19.493s] -- Installing: /home/parallels/ros2_ws/install/tricycle_steering_controller/share/tricycle_steering_controller/environment/ament_prefix_path.sh
[19.493s] -- Installing: /home/parallels/ros2_ws/install/tricycle_steering_controller/share/tricycle_steering_controller/environment/ament_prefix_path.dsv
[19.493s] -- Installing: /home/parallels/ros2_ws/install/tricycle_steering_controller/share/tricycle_steering_controller/environment/path.sh
[19.493s] -- Installing: /home/parallels/ros2_ws/install/tricycle_steering_controller/share/tricycle_steering_controller/environment/path.dsv
[19.493s] -- Installing: /home/parallels/ros2_ws/install/tricycle_steering_controller/share/tricycle_steering_controller/local_setup.bash
[19.493s] -- Installing: /home/parallels/ros2_ws/install/tricycle_steering_controller/share/tricycle_steering_controller/local_setup.sh
[19.494s] -- Installing: /home/parallels/ros2_ws/install/tricycle_steering_controller/share/tricycle_steering_controller/local_setup.zsh
[19.494s] -- Installing: /home/parallels/ros2_ws/install/tricycle_steering_controller/share/tricycle_steering_controller/local_setup.dsv
[19.494s] -- Installing: /home/parallels/ros2_ws/install/tricycle_steering_controller/share/tricycle_steering_controller/package.dsv
[19.494s] -- Installing: /home/parallels/ros2_ws/install/tricycle_steering_controller/share/ament_index/resource_index/packages/tricycle_steering_controller
[19.494s] -- Installing: /home/parallels/ros2_ws/install/tricycle_steering_controller/share/ament_index/resource_index/controller_interface__pluginlib__plugin/tricycle_steering_controller
[19.494s] -- Installing: /home/parallels/ros2_ws/install/tricycle_steering_controller/share/tricycle_steering_controller/cmake/export_tricycle_steering_controllerExport.cmake
[19.494s] -- Installing: /home/parallels/ros2_ws/install/tricycle_steering_controller/share/tricycle_steering_controller/cmake/export_tricycle_steering_controllerExport-noconfig.cmake
[19.494s] -- Installing: /home/parallels/ros2_ws/install/tricycle_steering_controller/share/tricycle_steering_controller/cmake/ament_cmake_export_targets-extras.cmake
[19.495s] -- Installing: /home/parallels/ros2_ws/install/tricycle_steering_controller/share/tricycle_steering_controller/cmake/ament_cmake_export_dependencies-extras.cmake
[19.495s] -- Installing: /home/parallels/ros2_ws/install/tricycle_steering_controller/share/tricycle_steering_controller/cmake/tricycle_steering_controllerConfig.cmake
[19.495s] -- Installing: /home/parallels/ros2_ws/install/tricycle_steering_controller/share/tricycle_steering_controller/cmake/tricycle_steering_controllerConfig-version.cmake
[19.495s] -- Installing: /home/parallels/ros2_ws/install/tricycle_steering_controller/share/tricycle_steering_controller/package.xml
[19.496s] Invoked command in '/home/parallels/ros2_ws/build/tricycle_steering_controller' returned '0': AMENT_PREFIX_PATH=/home/parallels/ros2_ws/install/steering_controllers_library:/home/parallels/ros2_ws/install/controller_manager:/home/parallels/ros2_ws/install/hardware_interface_testing:/home/parallels/ros2_ws/install/controller_interface:/home/parallels/ros2_ws/install/hardware_interface:/home/parallels/ros2_ws/install/ros2_control_test_assets:/home/parallels/ros2_ws/install/controller_manager_msgs:${AMENT_PREFIX_PATH} CMAKE_PREFIX_PATH=/home/parallels/ros2_ws/install/steering_controllers_library:/home/parallels/ros2_ws/install/controller_manager:/home/parallels/ros2_ws/install/hardware_interface_testing:/home/parallels/ros2_ws/install/controller_interface:/home/parallels/ros2_ws/install/hardware_interface:/home/parallels/ros2_ws/install/ros2_control_test_assets:/home/parallels/ros2_ws/install/controller_manager_msgs:/usr:/opt/ros/humble LD_LIBRARY_PATH=/home/parallels/ros2_ws/install/steering_controllers_library/lib:/home/parallels/ros2_ws/install/controller_manager/lib:/home/parallels/ros2_ws/install/hardware_interface_testing/lib:/home/parallels/ros2_ws/install/controller_interface/lib:/home/parallels/ros2_ws/install/hardware_interface/lib:/home/parallels/ros2_ws/install/controller_manager_msgs/lib:${LD_LIBRARY_PATH} PYTHONPATH=/home/parallels/ros2_ws/install/controller_manager/local/lib/python3.10/dist-packages:/home/parallels/ros2_ws/install/controller_manager_msgs/local/lib/python3.10/dist-packages:${PYTHONPATH} /usr/bin/cmake --install /home/parallels/ros2_ws/build/tricycle_steering_controller
