[0.007s] Invoking command in '/home/parallels/ros2_ws/build/my_robot_description': CMAKE_PREFIX_PATH=${CMAKE_PREFIX_PATH}:/home/parallels/ros2_ws/install/turtlesim_catch_them_all:/home/parallels/ros2_ws/install/rqt_joint_trajectory_controller:/home/parallels/ros2_ws/install/rqt_controller_manager:/home/parallels/ros2_ws/install/ros2controlcli:/home/parallels/ros2_ws/install/ros2_controllers_test_nodes:/home/parallels/ros2_ws/install/number_counter:/home/parallels/ros2_ws/install/my_py_pkg:/home/parallels/ros2_ws/install/add_two_ints:/opt/ros/humble /usr/bin/cmake --build /home/parallels/ros2_ws/build/my_robot_description -- -j4 -l4
[0.026s] Invoked command in '/home/parallels/ros2_ws/build/my_robot_description' returned '0': CMAKE_PREFIX_PATH=${CMAKE_PREFIX_PATH}:/home/parallels/ros2_ws/install/turtlesim_catch_them_all:/home/parallels/ros2_ws/install/rqt_joint_trajectory_controller:/home/parallels/ros2_ws/install/rqt_controller_manager:/home/parallels/ros2_ws/install/ros2controlcli:/home/parallels/ros2_ws/install/ros2_controllers_test_nodes:/home/parallels/ros2_ws/install/number_counter:/home/parallels/ros2_ws/install/my_py_pkg:/home/parallels/ros2_ws/install/add_two_ints:/opt/ros/humble /usr/bin/cmake --build /home/parallels/ros2_ws/build/my_robot_description -- -j4 -l4
[0.035s] Invoking command in '/home/parallels/ros2_ws/build/my_robot_description': CMAKE_PREFIX_PATH=${CMAKE_PREFIX_PATH}:/home/parallels/ros2_ws/install/turtlesim_catch_them_all:/home/parallels/ros2_ws/install/rqt_joint_trajectory_controller:/home/parallels/ros2_ws/install/rqt_controller_manager:/home/parallels/ros2_ws/install/ros2controlcli:/home/parallels/ros2_ws/install/ros2_controllers_test_nodes:/home/parallels/ros2_ws/install/number_counter:/home/parallels/ros2_ws/install/my_py_pkg:/home/parallels/ros2_ws/install/add_two_ints:/opt/ros/humble /usr/bin/cmake --install /home/parallels/ros2_ws/build/my_robot_description
[0.039s] -- Install configuration: ""
[0.039s] -- Up-to-date: /home/parallels/ros2_ws/install/my_robot_description/share/my_robot_description//urdf
[0.039s] -- Up-to-date: /home/parallels/ros2_ws/install/my_robot_description/share/my_robot_description//urdf/my_robot.urdf
[0.039s] -- Up-to-date: /home/parallels/ros2_ws/install/my_robot_description/share/my_robot_description//launch
[0.039s] -- Up-to-date: /home/parallels/ros2_ws/install/my_robot_description/share/my_robot_description//launch/display.launch.xml
[0.039s] -- Up-to-date: /home/parallels/ros2_ws/install/my_robot_description/share/my_robot_description//launch/display.launch.py
[0.039s] -- Up-to-date: /home/parallels/ros2_ws/install/my_robot_description/share/my_robot_description//rviz
[0.039s] -- Up-to-date: /home/parallels/ros2_ws/install/my_robot_description/share/my_robot_description//rviz/robo_config.rviz
[0.039s] -- Up-to-date: /home/parallels/ros2_ws/install/my_robot_description/share/ament_index/resource_index/package_run_dependencies/my_robot_description
[0.039s] -- Up-to-date: /home/parallels/ros2_ws/install/my_robot_description/share/ament_index/resource_index/parent_prefix_path/my_robot_description
[0.039s] -- Up-to-date: /home/parallels/ros2_ws/install/my_robot_description/share/my_robot_description/environment/ament_prefix_path.sh
[0.039s] -- Up-to-date: /home/parallels/ros2_ws/install/my_robot_description/share/my_robot_description/environment/ament_prefix_path.dsv
[0.040s] -- Up-to-date: /home/parallels/ros2_ws/install/my_robot_description/share/my_robot_description/environment/path.sh
[0.040s] -- Up-to-date: /home/parallels/ros2_ws/install/my_robot_description/share/my_robot_description/environment/path.dsv
[0.040s] -- Up-to-date: /home/parallels/ros2_ws/install/my_robot_description/share/my_robot_description/local_setup.bash
[0.040s] -- Up-to-date: /home/parallels/ros2_ws/install/my_robot_description/share/my_robot_description/local_setup.sh
[0.040s] -- Up-to-date: /home/parallels/ros2_ws/install/my_robot_description/share/my_robot_description/local_setup.zsh
[0.040s] -- Up-to-date: /home/parallels/ros2_ws/install/my_robot_description/share/my_robot_description/local_setup.dsv
[0.040s] -- Installing: /home/parallels/ros2_ws/install/my_robot_description/share/my_robot_description/package.dsv
[0.040s] -- Up-to-date: /home/parallels/ros2_ws/install/my_robot_description/share/ament_index/resource_index/packages/my_robot_description
[0.040s] -- Up-to-date: /home/parallels/ros2_ws/install/my_robot_description/share/my_robot_description/cmake/my_robot_descriptionConfig.cmake
[0.040s] -- Up-to-date: /home/parallels/ros2_ws/install/my_robot_description/share/my_robot_description/cmake/my_robot_descriptionConfig-version.cmake
[0.040s] -- Up-to-date: /home/parallels/ros2_ws/install/my_robot_description/share/my_robot_description/package.xml
[0.041s] Invoked command in '/home/parallels/ros2_ws/build/my_robot_description' returned '0': CMAKE_PREFIX_PATH=${CMAKE_PREFIX_PATH}:/home/parallels/ros2_ws/install/turtlesim_catch_them_all:/home/parallels/ros2_ws/install/rqt_joint_trajectory_controller:/home/parallels/ros2_ws/install/rqt_controller_manager:/home/parallels/ros2_ws/install/ros2controlcli:/home/parallels/ros2_ws/install/ros2_controllers_test_nodes:/home/parallels/ros2_ws/install/number_counter:/home/parallels/ros2_ws/install/my_py_pkg:/home/parallels/ros2_ws/install/add_two_ints:/opt/ros/humble /usr/bin/cmake --install /home/parallels/ros2_ws/build/my_robot_description
