[0.007s] Invoking command in '/home/parallels/ros2_ws/build/my_robot_description': CMAKE_PREFIX_PATH=${CMAKE_PREFIX_PATH}:/home/parallels/ros2_ws/install/turtlesim_catch_them_all:/home/parallels/ros2_ws/install/number_counter:/home/parallels/ros2_ws/install/my_py_pkg:/home/parallels/ros2_ws/install/add_two_ints:/opt/ros/humble /usr/bin/cmake --build /home/parallels/ros2_ws/build/my_robot_description -- -j8 -l8
[0.026s] -- Found ament_cmake: 1.3.11 (/opt/ros/humble/share/ament_cmake/cmake)
[0.101s] -- Override CMake install command with custom implementation using symlinks instead of copying resources
[0.155s] -- Configuring done
[0.159s] -- Generating done
[0.160s] -- Build files have been written to: /home/parallels/ros2_ws/build/my_robot_description
[0.169s] Invoked command in '/home/parallels/ros2_ws/build/my_robot_description' returned '0': CMAKE_PREFIX_PATH=${CMAKE_PREFIX_PATH}:/home/parallels/ros2_ws/install/turtlesim_catch_them_all:/home/parallels/ros2_ws/install/number_counter:/home/parallels/ros2_ws/install/my_py_pkg:/home/parallels/ros2_ws/install/add_two_ints:/opt/ros/humble /usr/bin/cmake --build /home/parallels/ros2_ws/build/my_robot_description -- -j8 -l8
[0.173s] Invoking command in '/home/parallels/ros2_ws/build/my_robot_description': CMAKE_PREFIX_PATH=${CMAKE_PREFIX_PATH}:/home/parallels/ros2_ws/install/turtlesim_catch_them_all:/home/parallels/ros2_ws/install/number_counter:/home/parallels/ros2_ws/install/my_py_pkg:/home/parallels/ros2_ws/install/add_two_ints:/opt/ros/humble /usr/bin/cmake --install /home/parallels/ros2_ws/build/my_robot_description
[0.176s] -- Install configuration: ""
[0.176s] -- Execute custom install script
[0.176s] -- Up-to-date symlink: /home/parallels/ros2_ws/install/my_robot_description/share/my_robot_description//urdf/camera.sdf
[0.176s] -- Up-to-date symlink: /home/parallels/ros2_ws/install/my_robot_description/share/my_robot_description//urdf/camera.xacro
[0.176s] -- Up-to-date symlink: /home/parallels/ros2_ws/install/my_robot_description/share/my_robot_description//urdf/common_properties.xacro
[0.176s] -- Up-to-date symlink: /home/parallels/ros2_ws/install/my_robot_description/share/my_robot_description//urdf/mobile_base.xacro
[0.176s] -- Up-to-date symlink: /home/parallels/ros2_ws/install/my_robot_description/share/my_robot_description//urdf/mobile_base_gazebo.xacro
[0.176s] -- Up-to-date symlink: /home/parallels/ros2_ws/install/my_robot_description/share/my_robot_description//urdf/my_robot.urdf.xacro
[0.177s] -- Up-to-date symlink: /home/parallels/ros2_ws/install/my_robot_description/share/my_robot_description//urdf/rrobot/materials.xacro
[0.177s] -- Up-to-date symlink: /home/parallels/ros2_ws/install/my_robot_description/share/my_robot_description//urdf/rrobot/rrbot.gazebo
[0.177s] -- Up-to-date symlink: /home/parallels/ros2_ws/install/my_robot_description/share/my_robot_description//urdf/rrobot/rrbot.xacro
[0.177s] -- Up-to-date symlink: /home/parallels/ros2_ws/install/my_robot_description/share/my_robot_description//urdf/rrobot/rrbot.xml
[0.177s] -- Up-to-date symlink: /home/parallels/ros2_ws/install/my_robot_description/share/my_robot_description//urdf/two_wheeled_robot.urdf
[0.177s] -- Up-to-date symlink: /home/parallels/ros2_ws/install/my_robot_description/share/my_robot_description//launch/display.launch.py
[0.177s] -- Up-to-date symlink: /home/parallels/ros2_ws/install/my_robot_description/share/my_robot_description//launch/display.launch.xml
[0.177s] -- Up-to-date symlink: /home/parallels/ros2_ws/install/my_robot_description/share/my_robot_description//rviz/robo_config.rviz
[0.177s] -- Symlinking: /home/parallels/ros2_ws/install/my_robot_description/share/my_robot_description//worlds/test_world.sdf
[0.180s] -- Up-to-date symlink: /home/parallels/ros2_ws/install/my_robot_description/share/ament_index/resource_index/package_run_dependencies/my_robot_description
[0.180s] -- Up-to-date symlink: /home/parallels/ros2_ws/install/my_robot_description/share/ament_index/resource_index/parent_prefix_path/my_robot_description
[0.180s] -- Up-to-date symlink: /home/parallels/ros2_ws/install/my_robot_description/share/my_robot_description/environment/ament_prefix_path.sh
[0.180s] -- Up-to-date symlink: /home/parallels/ros2_ws/install/my_robot_description/share/my_robot_description/environment/ament_prefix_path.dsv
[0.181s] -- Up-to-date symlink: /home/parallels/ros2_ws/install/my_robot_description/share/my_robot_description/environment/path.sh
[0.181s] -- Up-to-date symlink: /home/parallels/ros2_ws/install/my_robot_description/share/my_robot_description/environment/path.dsv
[0.181s] -- Up-to-date symlink: /home/parallels/ros2_ws/install/my_robot_description/share/my_robot_description/local_setup.bash
[0.181s] -- Up-to-date symlink: /home/parallels/ros2_ws/install/my_robot_description/share/my_robot_description/local_setup.sh
[0.181s] -- Up-to-date symlink: /home/parallels/ros2_ws/install/my_robot_description/share/my_robot_description/local_setup.zsh
[0.181s] -- Up-to-date symlink: /home/parallels/ros2_ws/install/my_robot_description/share/my_robot_description/local_setup.dsv
[0.181s] -- Symlinking: /home/parallels/ros2_ws/install/my_robot_description/share/my_robot_description/package.dsv
[0.184s] -- Up-to-date symlink: /home/parallels/ros2_ws/install/my_robot_description/share/ament_index/resource_index/packages/my_robot_description
[0.184s] -- Up-to-date symlink: /home/parallels/ros2_ws/install/my_robot_description/share/my_robot_description/cmake/my_robot_descriptionConfig.cmake
[0.184s] -- Up-to-date symlink: /home/parallels/ros2_ws/install/my_robot_description/share/my_robot_description/cmake/my_robot_descriptionConfig-version.cmake
[0.184s] -- Up-to-date symlink: /home/parallels/ros2_ws/install/my_robot_description/share/my_robot_description/package.xml
[0.185s] Invoked command in '/home/parallels/ros2_ws/build/my_robot_description' returned '0': CMAKE_PREFIX_PATH=${CMAKE_PREFIX_PATH}:/home/parallels/ros2_ws/install/turtlesim_catch_them_all:/home/parallels/ros2_ws/install/number_counter:/home/parallels/ros2_ws/install/my_py_pkg:/home/parallels/ros2_ws/install/add_two_ints:/opt/ros/humble /usr/bin/cmake --install /home/parallels/ros2_ws/build/my_robot_description
