[0.014s] Invoking command in '/home/parallels/ros2_ws/build/polygon_plugins': AMENT_PREFIX_PATH=/home/parallels/ros2_ws/install/polygon_base:${AMENT_PREFIX_PATH} CMAKE_PREFIX_PATH=/home/parallels/ros2_ws/install/polygon_base:/usr:/opt/ros/humble /usr/bin/cmake /home/parallels/ros2_ws/src/polygon_plugins -DCMAKE_INSTALL_PREFIX=/home/parallels/ros2_ws/install/polygon_plugins
[0.053s] -- The C compiler identification is GNU 11.4.0
[0.082s] -- The CXX compiler identification is GNU 11.4.0
[0.086s] -- Detecting C compiler ABI info
[0.130s] -- Detecting C compiler ABI info - done
[0.134s] -- Check for working C compiler: /usr/bin/cc - skipped
[0.134s] -- Detecting C compile features
[0.134s] -- Detecting C compile features - done
[0.136s] -- Detecting CXX compiler ABI info
[0.177s] -- Detecting CXX compiler ABI info - done
[0.181s] -- Check for working CXX compiler: /usr/bin/c++ - skipped
[0.181s] -- Detecting CXX compile features
[0.181s] -- Detecting CXX compile features - done
[0.186s] -- Found ament_cmake: 1.3.11 (/opt/ros/humble/share/ament_cmake/cmake)
[0.275s] -- Found Python3: /usr/bin/python3 (found version "3.10.12") found components: Interpreter 
[0.390s] -- Found ament_cmake_ros: 0.10.0 (/opt/ros/humble/share/ament_cmake_ros/cmake)
[0.405s] -- Found polygon_base: 0.0.0 (/home/parallels/ros2_ws/install/polygon_base/share/polygon_base/cmake)
[0.416s] -- Found pluginlib: 5.1.0 (/opt/ros/humble/share/pluginlib/cmake)
[0.460s] -- Found ament_lint_auto: 0.12.11 (/opt/ros/humble/share/ament_lint_auto/cmake)
[0.533s] -- Added test 'cppcheck' to perform static code analysis on C / C++ code
[0.533s] -- Configured cppcheck include dirs: $<BUILD_INTERFACE:/home/parallels/ros2_ws/src/polygon_plugins/include>
[0.533s] -- Configured cppcheck exclude dirs and/or files: 
[0.534s] -- Added test 'lint_cmake' to check CMake code style
[0.535s] -- Added test 'uncrustify' to check C / C++ code style
[0.535s] -- Configured uncrustify additional arguments: 
[0.535s] -- Added test 'xmllint' to check XML markup files
[0.537s] -- Configuring done
[0.539s] -- Generating done
[0.541s] -- Build files have been written to: /home/parallels/ros2_ws/build/polygon_plugins
[0.544s] Invoked command in '/home/parallels/ros2_ws/build/polygon_plugins' returned '0': AMENT_PREFIX_PATH=/home/parallels/ros2_ws/install/polygon_base:${AMENT_PREFIX_PATH} CMAKE_PREFIX_PATH=/home/parallels/ros2_ws/install/polygon_base:/usr:/opt/ros/humble /usr/bin/cmake /home/parallels/ros2_ws/src/polygon_plugins -DCMAKE_INSTALL_PREFIX=/home/parallels/ros2_ws/install/polygon_plugins
[0.544s] Invoking command in '/home/parallels/ros2_ws/build/polygon_plugins': AMENT_PREFIX_PATH=/home/parallels/ros2_ws/install/polygon_base:${AMENT_PREFIX_PATH} CMAKE_PREFIX_PATH=/home/parallels/ros2_ws/install/polygon_base:/usr:/opt/ros/humble /usr/bin/cmake --build /home/parallels/ros2_ws/build/polygon_plugins -- -j4 -l4
[0.573s] [ 50%] [32mBuilding CXX object CMakeFiles/polygon_plugins.dir/src/polygon_plugins.cpp.o[0m
[0.882s] [100%] [32m[1mLinking CXX shared library libpolygon_plugins.so[0m
[0.920s] [100%] Built target polygon_plugins
[1.019s] Invoked command in '/home/parallels/ros2_ws/build/polygon_plugins' returned '0': AMENT_PREFIX_PATH=/home/parallels/ros2_ws/install/polygon_base:${AMENT_PREFIX_PATH} CMAKE_PREFIX_PATH=/home/parallels/ros2_ws/install/polygon_base:/usr:/opt/ros/humble /usr/bin/cmake --build /home/parallels/ros2_ws/build/polygon_plugins -- -j4 -l4
[1.019s] Invoking command in '/home/parallels/ros2_ws/build/polygon_plugins': AMENT_PREFIX_PATH=/home/parallels/ros2_ws/install/polygon_base:${AMENT_PREFIX_PATH} CMAKE_PREFIX_PATH=/home/parallels/ros2_ws/install/polygon_base:/usr:/opt/ros/humble /usr/bin/cmake --install /home/parallels/ros2_ws/build/polygon_plugins
[1.025s] -- Install configuration: ""
[1.025s] -- Installing: /home/parallels/ros2_ws/install/polygon_plugins/share/polygon_plugins/plugins.xml
[1.025s] -- Installing: /home/parallels/ros2_ws/install/polygon_plugins/include
[1.025s] -- Installing: /home/parallels/ros2_ws/install/polygon_plugins/include/polygon_plugins
[1.025s] -- Installing: /home/parallels/ros2_ws/install/polygon_plugins/include/polygon_plugins/polygon_plugins.hpp
[1.026s] -- Installing: /home/parallels/ros2_ws/install/polygon_plugins/include/polygon_plugins/visibility_control.h
[1.026s] -- Installing: /home/parallels/ros2_ws/install/polygon_plugins/lib/libpolygon_plugins.so
[1.026s] -- Set runtime path of "/home/parallels/ros2_ws/install/polygon_plugins/lib/libpolygon_plugins.so" to ""
[1.026s] -- Installing: /home/parallels/ros2_ws/install/polygon_plugins/share/polygon_plugins/environment/library_path.sh
[1.026s] -- Installing: /home/parallels/ros2_ws/install/polygon_plugins/share/polygon_plugins/environment/library_path.dsv
[1.026s] -- Installing: /home/parallels/ros2_ws/install/polygon_plugins/share/ament_index/resource_index/package_run_dependencies/polygon_plugins
[1.027s] -- Installing: /home/parallels/ros2_ws/install/polygon_plugins/share/ament_index/resource_index/parent_prefix_path/polygon_plugins
[1.027s] -- Installing: /home/parallels/ros2_ws/install/polygon_plugins/share/polygon_plugins/environment/ament_prefix_path.sh
[1.027s] -- Installing: /home/parallels/ros2_ws/install/polygon_plugins/share/polygon_plugins/environment/ament_prefix_path.dsv
[1.027s] -- Installing: /home/parallels/ros2_ws/install/polygon_plugins/share/polygon_plugins/environment/path.sh
[1.027s] -- Installing: /home/parallels/ros2_ws/install/polygon_plugins/share/polygon_plugins/environment/path.dsv
[1.027s] -- Installing: /home/parallels/ros2_ws/install/polygon_plugins/share/polygon_plugins/local_setup.bash
[1.027s] -- Installing: /home/parallels/ros2_ws/install/polygon_plugins/share/polygon_plugins/local_setup.sh
[1.027s] -- Installing: /home/parallels/ros2_ws/install/polygon_plugins/share/polygon_plugins/local_setup.zsh
[1.027s] -- Installing: /home/parallels/ros2_ws/install/polygon_plugins/share/polygon_plugins/local_setup.dsv
[1.027s] -- Installing: /home/parallels/ros2_ws/install/polygon_plugins/share/polygon_plugins/package.dsv
[1.028s] -- Installing: /home/parallels/ros2_ws/install/polygon_plugins/share/ament_index/resource_index/packages/polygon_plugins
[1.028s] -- Installing: /home/parallels/ros2_ws/install/polygon_plugins/share/ament_index/resource_index/polygon_base__pluginlib__plugin/polygon_plugins
[1.028s] -- Installing: /home/parallels/ros2_ws/install/polygon_plugins/share/polygon_plugins/cmake/export_polygon_pluginsExport.cmake
[1.028s] -- Installing: /home/parallels/ros2_ws/install/polygon_plugins/share/polygon_plugins/cmake/export_polygon_pluginsExport-noconfig.cmake
[1.028s] -- Installing: /home/parallels/ros2_ws/install/polygon_plugins/share/polygon_plugins/cmake/ament_cmake_export_include_directories-extras.cmake
[1.028s] -- Installing: /home/parallels/ros2_ws/install/polygon_plugins/share/polygon_plugins/cmake/ament_cmake_export_libraries-extras.cmake
[1.028s] -- Installing: /home/parallels/ros2_ws/install/polygon_plugins/share/polygon_plugins/cmake/ament_cmake_export_targets-extras.cmake
[1.028s] -- Installing: /home/parallels/ros2_ws/install/polygon_plugins/share/polygon_plugins/cmake/polygon_pluginsConfig.cmake
[1.028s] -- Installing: /home/parallels/ros2_ws/install/polygon_plugins/share/polygon_plugins/cmake/polygon_pluginsConfig-version.cmake
[1.028s] -- Installing: /home/parallels/ros2_ws/install/polygon_plugins/share/polygon_plugins/package.xml
[1.032s] Invoked command in '/home/parallels/ros2_ws/build/polygon_plugins' returned '0': AMENT_PREFIX_PATH=/home/parallels/ros2_ws/install/polygon_base:${AMENT_PREFIX_PATH} CMAKE_PREFIX_PATH=/home/parallels/ros2_ws/install/polygon_base:/usr:/opt/ros/humble /usr/bin/cmake --install /home/parallels/ros2_ws/build/polygon_plugins
