[0.013s] Invoking command in '/home/parallels/ros2_ws/build/polygon_base': CMAKE_PREFIX_PATH=${CMAKE_PREFIX_PATH}:/opt/ros/humble /usr/bin/cmake --build /home/parallels/ros2_ws/build/polygon_base -- -j4 -l4
[0.025s] -- Found ament_cmake: 1.3.11 (/opt/ros/humble/share/ament_cmake/cmake)
[0.087s] -- Found pluginlib: 5.1.0 (/opt/ros/humble/share/pluginlib/cmake)
[0.106s] [31mCMake Error at CMakeLists.txt:32 (find_package):
[0.106s]   By not providing "Findament_lint_auto.cmake" in CMAKE_MODULE_PATH this
[0.106s]   project has asked CMake to find a package configuration file provided by
[0.106s]   "ament_lint_auto", but CMake did not find one.
[0.106s] 
[0.106s]   Could not find a package configuration file provided by "ament_lint_auto"
[0.107s]   with any of the following names:
[0.107s] 
[0.107s]     ament_lint_autoConfig.cmake
[0.107s]     ament_lint_auto-config.cmake
[0.107s] 
[0.107s]   Add the installation prefix of "ament_lint_auto" to CMAKE_PREFIX_PATH or
[0.107s]   set "ament_lint_auto_DIR" to a directory containing one of the above files.
[0.107s]   If "ament_lint_auto" provides a separate development package or SDK, be
[0.107s]   sure it has been installed.
[0.107s] 
[0.107s] [0m
[0.107s] -- Configuring incomplete, errors occurred!
[0.107s] See also "/home/parallels/ros2_ws/build/polygon_base/CMakeFiles/CMakeOutput.log".
[0.111s] gmake: *** [Makefile:267: cmake_check_build_system] Error 1
