[0.006s] Invoking command in '/home/parallels/ros2_ws/build/my_cpp_pkg': CMAKE_PREFIX_PATH=${CMAKE_PREFIX_PATH}:/home/parallels/ros2_ws/install/rqt_joint_trajectory_controller:/home/parallels/ros2_ws/install/rqt_controller_manager:/home/parallels/ros2_ws/install/ros2controlcli:/home/parallels/ros2_ws/install/ros2_controllers_test_nodes:/home/parallels/ros2_ws/install/my_py_pkg:/opt/ros/humble /usr/bin/cmake --build /home/parallels/ros2_ws/build/my_cpp_pkg -- -j4 -l4
[0.035s] [35m[1mConsolidate compiler generated dependencies of target cpp_node[0m
[0.050s] [ 50%] [32mBuilding CXX object CMakeFiles/cpp_node.dir/src/my_first_node.cpp.o[0m
[1.023s] In file included from [01m[K/opt/ros/humble/include/rclcpp/rclcpp/logging.hpp:24[m[K,
[1.023s]                  from [01m[K/opt/ros/humble/include/rclcpp/rclcpp/client.hpp:40[m[K,
[1.023s]                  from [01m[K/opt/ros/humble/include/rclcpp/rclcpp/callback_group.hpp:24[m[K,
[1.023s]                  from [01m[K/opt/ros/humble/include/rclcpp/rclcpp/any_executable.hpp:20[m[K,
[1.023s]                  from [01m[K/opt/ros/humble/include/rclcpp/rclcpp/memory_strategy.hpp:25[m[K,
[1.023s]                  from [01m[K/opt/ros/humble/include/rclcpp/rclcpp/memory_strategies.hpp:18[m[K,
[1.023s]                  from [01m[K/opt/ros/humble/include/rclcpp/rclcpp/executor_options.hpp:20[m[K,
[1.023s]                  from [01m[K/opt/ros/humble/include/rclcpp/rclcpp/executor.hpp:37[m[K,
[1.023s]                  from [01m[K/opt/ros/humble/include/rclcpp/rclcpp/executors/multi_threaded_executor.hpp:25[m[K,
[1.024s]                  from [01m[K/opt/ros/humble/include/rclcpp/rclcpp/executors.hpp:21[m[K,
[1.024s]                  from [01m[K/opt/ros/humble/include/rclcpp/rclcpp/rclcpp.hpp:155[m[K,
[1.024s]                  from [01m[K/home/parallels/ros2_ws/src/my_cpp_pkg/src/my_first_node.cpp:1[m[K:
[1.024s] [01m[K/home/parallels/ros2_ws/src/my_cpp_pkg/src/my_first_node.cpp:[m[K In member function ‘[01m[Kvoid MyNode::timerCallback()[m[K’:
[1.024s] [01m[K/home/parallels/ros2_ws/src/my_cpp_pkg/src/my_first_node.cpp:16:41:[m[K [01;35m[Kwarning: [m[Ktoo many arguments for format [[01;35m[K]8;;https://gcc.gnu.org/onlinedocs/gcc/Warning-Options.html#index-Wformat-extra-args-Wformat-extra-args]8;;[m[K]
[1.024s]    16 |         RCLCPP_INFO(this->get_logger(), [01;35m[K"Hello"[m[K , std::to_string(counterX));
[1.024s]       |                                         [01;35m[K^~~~~~~[m[K
[1.300s] [100%] [32m[1mLinking CXX executable cpp_node[0m
[1.357s] [100%] Built target cpp_node
[1.363s] Invoked command in '/home/parallels/ros2_ws/build/my_cpp_pkg' returned '0': CMAKE_PREFIX_PATH=${CMAKE_PREFIX_PATH}:/home/parallels/ros2_ws/install/rqt_joint_trajectory_controller:/home/parallels/ros2_ws/install/rqt_controller_manager:/home/parallels/ros2_ws/install/ros2controlcli:/home/parallels/ros2_ws/install/ros2_controllers_test_nodes:/home/parallels/ros2_ws/install/my_py_pkg:/opt/ros/humble /usr/bin/cmake --build /home/parallels/ros2_ws/build/my_cpp_pkg -- -j4 -l4
[1.382s] Invoking command in '/home/parallels/ros2_ws/build/my_cpp_pkg': CMAKE_PREFIX_PATH=${CMAKE_PREFIX_PATH}:/home/parallels/ros2_ws/install/rqt_joint_trajectory_controller:/home/parallels/ros2_ws/install/rqt_controller_manager:/home/parallels/ros2_ws/install/ros2controlcli:/home/parallels/ros2_ws/install/ros2_controllers_test_nodes:/home/parallels/ros2_ws/install/my_py_pkg:/opt/ros/humble /usr/bin/cmake --install /home/parallels/ros2_ws/build/my_cpp_pkg
[1.386s] -- Install configuration: ""
[1.386s] -- Installing: /home/parallels/ros2_ws/install/my_cpp_pkg/lib/my_cpp_pkg/cpp_node
[1.387s] -- Set runtime path of "/home/parallels/ros2_ws/install/my_cpp_pkg/lib/my_cpp_pkg/cpp_node" to ""
[1.387s] -- Up-to-date: /home/parallels/ros2_ws/install/my_cpp_pkg/share/ament_index/resource_index/package_run_dependencies/my_cpp_pkg
[1.387s] -- Up-to-date: /home/parallels/ros2_ws/install/my_cpp_pkg/share/ament_index/resource_index/parent_prefix_path/my_cpp_pkg
[1.387s] -- Up-to-date: /home/parallels/ros2_ws/install/my_cpp_pkg/share/my_cpp_pkg/environment/ament_prefix_path.sh
[1.389s] -- Up-to-date: /home/parallels/ros2_ws/install/my_cpp_pkg/share/my_cpp_pkg/environment/ament_prefix_path.dsv
[1.389s] -- Up-to-date: /home/parallels/ros2_ws/install/my_cpp_pkg/share/my_cpp_pkg/environment/path.sh
[1.389s] -- Up-to-date: /home/parallels/ros2_ws/install/my_cpp_pkg/share/my_cpp_pkg/environment/path.dsv
[1.389s] -- Up-to-date: /home/parallels/ros2_ws/install/my_cpp_pkg/share/my_cpp_pkg/local_setup.bash
[1.389s] -- Up-to-date: /home/parallels/ros2_ws/install/my_cpp_pkg/share/my_cpp_pkg/local_setup.sh
[1.389s] -- Up-to-date: /home/parallels/ros2_ws/install/my_cpp_pkg/share/my_cpp_pkg/local_setup.zsh
[1.389s] -- Up-to-date: /home/parallels/ros2_ws/install/my_cpp_pkg/share/my_cpp_pkg/local_setup.dsv
[1.389s] -- Installing: /home/parallels/ros2_ws/install/my_cpp_pkg/share/my_cpp_pkg/package.dsv
[1.389s] -- Up-to-date: /home/parallels/ros2_ws/install/my_cpp_pkg/share/ament_index/resource_index/packages/my_cpp_pkg
[1.389s] -- Up-to-date: /home/parallels/ros2_ws/install/my_cpp_pkg/share/my_cpp_pkg/cmake/my_cpp_pkgConfig.cmake
[1.389s] -- Up-to-date: /home/parallels/ros2_ws/install/my_cpp_pkg/share/my_cpp_pkg/cmake/my_cpp_pkgConfig-version.cmake
[1.389s] -- Up-to-date: /home/parallels/ros2_ws/install/my_cpp_pkg/share/my_cpp_pkg/package.xml
[1.391s] Invoked command in '/home/parallels/ros2_ws/build/my_cpp_pkg' returned '0': CMAKE_PREFIX_PATH=${CMAKE_PREFIX_PATH}:/home/parallels/ros2_ws/install/rqt_joint_trajectory_controller:/home/parallels/ros2_ws/install/rqt_controller_manager:/home/parallels/ros2_ws/install/ros2controlcli:/home/parallels/ros2_ws/install/ros2_controllers_test_nodes:/home/parallels/ros2_ws/install/my_py_pkg:/opt/ros/humble /usr/bin/cmake --install /home/parallels/ros2_ws/build/my_cpp_pkg
