[0.277s] Invoking command in '/home/parallels/ros2_ws/src/my_py_pkg': PYTHONPATH=/home/parallels/ros2_ws/build/my_py_pkg/prefix_override:/usr/lib/python3/dist-packages/colcon_core/task/python/colcon_distutils_commands:/home/parallels/ros2_ws/install/my_py_pkg/lib/python3.10/site-packages:${PYTHONPATH} /usr/bin/python3 -W ignore:setup.py install is deprecated setup.py egg_info --egg-base ../../build/my_py_pkg build --build-base /home/parallels/ros2_ws/build/my_py_pkg/build install --record /home/parallels/ros2_ws/build/my_py_pkg/install.log --single-version-externally-managed install_data
[0.377s] running egg_info
[0.378s] writing ../../build/my_py_pkg/my_py_pkg.egg-info/PKG-INFO
[0.378s] writing dependency_links to ../../build/my_py_pkg/my_py_pkg.egg-info/dependency_links.txt
[0.378s] writing entry points to ../../build/my_py_pkg/my_py_pkg.egg-info/entry_points.txt
[0.378s] writing requirements to ../../build/my_py_pkg/my_py_pkg.egg-info/requires.txt
[0.378s] writing top-level names to ../../build/my_py_pkg/my_py_pkg.egg-info/top_level.txt
[0.378s] reading manifest file '../../build/my_py_pkg/my_py_pkg.egg-info/SOURCES.txt'
[0.379s] writing manifest file '../../build/my_py_pkg/my_py_pkg.egg-info/SOURCES.txt'
[0.379s] running build
[0.379s] running build_py
[0.379s] copying my_py_pkg/my_first_node.py -> /home/parallels/ros2_ws/build/my_py_pkg/build/lib/my_py_pkg
[0.379s] running install
[0.379s] running install_lib
[0.380s] copying /home/parallels/ros2_ws/build/my_py_pkg/build/lib/my_py_pkg/my_first_node.py -> /home/parallels/ros2_ws/install/my_py_pkg/lib/python3.10/site-packages/my_py_pkg
[0.380s] byte-compiling /home/parallels/ros2_ws/install/my_py_pkg/lib/python3.10/site-packages/my_py_pkg/my_first_node.py to my_first_node.cpython-310.pyc
[0.380s] running install_data
[0.380s] running install_egg_info
[0.381s] removing '/home/parallels/ros2_ws/install/my_py_pkg/lib/python3.10/site-packages/my_py_pkg-0.0.0-py3.10.egg-info' (and everything under it)
[0.381s] Copying ../../build/my_py_pkg/my_py_pkg.egg-info to /home/parallels/ros2_ws/install/my_py_pkg/lib/python3.10/site-packages/my_py_pkg-0.0.0-py3.10.egg-info
[0.382s] running install_scripts
[0.392s] Installing py_node script to /home/parallels/ros2_ws/install/my_py_pkg/lib/my_py_pkg
[0.392s] writing list of installed files to '/home/parallels/ros2_ws/build/my_py_pkg/install.log'
[0.403s] Invoked command in '/home/parallels/ros2_ws/src/my_py_pkg' returned '0': PYTHONPATH=/home/parallels/ros2_ws/build/my_py_pkg/prefix_override:/usr/lib/python3/dist-packages/colcon_core/task/python/colcon_distutils_commands:/home/parallels/ros2_ws/install/my_py_pkg/lib/python3.10/site-packages:${PYTHONPATH} /usr/bin/python3 -W ignore:setup.py install is deprecated setup.py egg_info --egg-base ../../build/my_py_pkg build --build-base /home/parallels/ros2_ws/build/my_py_pkg/build install --record /home/parallels/ros2_ws/build/my_py_pkg/install.log --single-version-externally-managed install_data
