[0.010s] Invoking command in '/home/parallels/ros2_ws/build/actions_cpp': CMAKE_PREFIX_PATH=/home/parallels/ros2_ws/install/my_robot_interfaces:/home/parallels/ros2_ws/install/actions_cpp:/home/parallels/ros2_ws/install/urdf_sim_tutorial:/home/parallels/ros2_ws/install/turtlecatch_bringup:/home/parallels/ros2_ws/install/polygon_plugins:/home/parallels/ros2_ws/install/polygon_base:/home/parallels/ros2_ws/install/my_robot_station_bringup:/home/parallels/ros2_ws/install/my_robot_bringup:/home/parallels/ros2_ws/install/my_cpp_pkg:/home/parallels/ros2_ws/install/my_robot_bringup_gazebo:/home/parallels/ros2_ws/install/my_robot_description:/home/parallels/ros2_ws/install/add_two_ints_cpp:/usr:/usr:/home/parallels/ros2_ws/install/turtlesim_catch_them_all:/home/parallels/ros2_ws/install/number_counter:/home/parallels/ros2_ws/install/my_py_pkg:/home/parallels/ros2_ws/install/actions_py:/home/parallels/ros2_ws/install/add_two_ints:/opt/ros/humble LD_LIBRARY_PATH=/home/parallels/ros2_ws/install/my_robot_interfaces/lib:/home/parallels/ros2_ws/install/polygon_plugins/lib:/opt/ros/humble/opt/rviz_ogre_vendor/lib:/opt/ros/humble/lib/aarch64-linux-gnu:/opt/ros/humble/lib /usr/bin/cmake --build /home/parallels/ros2_ws/build/actions_cpp -- -j8 -l8
[0.035s] [35m[1mConsolidate compiler generated dependencies of target count_until_client[0m
[0.041s] [ 25%] [32mBuilding CXX object CMakeFiles/count_until_server.dir/src/count_until_server.cpp.o[0m
[0.044s] [ 75%] Built target count_until_client
[2.044s] [100%] [32m[1mLinking CXX executable count_until_server[0m
[2.125s] [100%] Built target count_until_server
[2.130s] Invoked command in '/home/parallels/ros2_ws/build/actions_cpp' returned '0': CMAKE_PREFIX_PATH=/home/parallels/ros2_ws/install/my_robot_interfaces:/home/parallels/ros2_ws/install/actions_cpp:/home/parallels/ros2_ws/install/urdf_sim_tutorial:/home/parallels/ros2_ws/install/turtlecatch_bringup:/home/parallels/ros2_ws/install/polygon_plugins:/home/parallels/ros2_ws/install/polygon_base:/home/parallels/ros2_ws/install/my_robot_station_bringup:/home/parallels/ros2_ws/install/my_robot_bringup:/home/parallels/ros2_ws/install/my_cpp_pkg:/home/parallels/ros2_ws/install/my_robot_bringup_gazebo:/home/parallels/ros2_ws/install/my_robot_description:/home/parallels/ros2_ws/install/add_two_ints_cpp:/usr:/usr:/home/parallels/ros2_ws/install/turtlesim_catch_them_all:/home/parallels/ros2_ws/install/number_counter:/home/parallels/ros2_ws/install/my_py_pkg:/home/parallels/ros2_ws/install/actions_py:/home/parallels/ros2_ws/install/add_two_ints:/opt/ros/humble LD_LIBRARY_PATH=/home/parallels/ros2_ws/install/my_robot_interfaces/lib:/home/parallels/ros2_ws/install/polygon_plugins/lib:/opt/ros/humble/opt/rviz_ogre_vendor/lib:/opt/ros/humble/lib/aarch64-linux-gnu:/opt/ros/humble/lib /usr/bin/cmake --build /home/parallels/ros2_ws/build/actions_cpp -- -j8 -l8
[2.135s] Invoking command in '/home/parallels/ros2_ws/build/actions_cpp': CMAKE_PREFIX_PATH=/home/parallels/ros2_ws/install/my_robot_interfaces:/home/parallels/ros2_ws/install/actions_cpp:/home/parallels/ros2_ws/install/urdf_sim_tutorial:/home/parallels/ros2_ws/install/turtlecatch_bringup:/home/parallels/ros2_ws/install/polygon_plugins:/home/parallels/ros2_ws/install/polygon_base:/home/parallels/ros2_ws/install/my_robot_station_bringup:/home/parallels/ros2_ws/install/my_robot_bringup:/home/parallels/ros2_ws/install/my_cpp_pkg:/home/parallels/ros2_ws/install/my_robot_bringup_gazebo:/home/parallels/ros2_ws/install/my_robot_description:/home/parallels/ros2_ws/install/add_two_ints_cpp:/usr:/usr:/home/parallels/ros2_ws/install/turtlesim_catch_them_all:/home/parallels/ros2_ws/install/number_counter:/home/parallels/ros2_ws/install/my_py_pkg:/home/parallels/ros2_ws/install/actions_py:/home/parallels/ros2_ws/install/add_two_ints:/opt/ros/humble LD_LIBRARY_PATH=/home/parallels/ros2_ws/install/my_robot_interfaces/lib:/home/parallels/ros2_ws/install/polygon_plugins/lib:/opt/ros/humble/opt/rviz_ogre_vendor/lib:/opt/ros/humble/lib/aarch64-linux-gnu:/opt/ros/humble/lib /usr/bin/cmake --install /home/parallels/ros2_ws/build/actions_cpp
[2.138s] -- Install configuration: ""
[2.138s] -- Installing: /home/parallels/ros2_ws/install/actions_cpp/lib/actions_cpp/count_until_server
[2.139s] -- Set runtime path of "/home/parallels/ros2_ws/install/actions_cpp/lib/actions_cpp/count_until_server" to ""
[2.139s] -- Up-to-date: /home/parallels/ros2_ws/install/actions_cpp/lib/actions_cpp/count_until_client
[2.139s] -- Up-to-date: /home/parallels/ros2_ws/install/actions_cpp/share/ament_index/resource_index/package_run_dependencies/actions_cpp
[2.139s] -- Up-to-date: /home/parallels/ros2_ws/install/actions_cpp/share/ament_index/resource_index/parent_prefix_path/actions_cpp
[2.139s] -- Up-to-date: /home/parallels/ros2_ws/install/actions_cpp/share/actions_cpp/environment/ament_prefix_path.sh
[2.139s] -- Up-to-date: /home/parallels/ros2_ws/install/actions_cpp/share/actions_cpp/environment/ament_prefix_path.dsv
[2.139s] -- Up-to-date: /home/parallels/ros2_ws/install/actions_cpp/share/actions_cpp/environment/path.sh
[2.139s] -- Up-to-date: /home/parallels/ros2_ws/install/actions_cpp/share/actions_cpp/environment/path.dsv
[2.139s] -- Up-to-date: /home/parallels/ros2_ws/install/actions_cpp/share/actions_cpp/local_setup.bash
[2.139s] -- Up-to-date: /home/parallels/ros2_ws/install/actions_cpp/share/actions_cpp/local_setup.sh
[2.139s] -- Up-to-date: /home/parallels/ros2_ws/install/actions_cpp/share/actions_cpp/local_setup.zsh
[2.140s] -- Up-to-date: /home/parallels/ros2_ws/install/actions_cpp/share/actions_cpp/local_setup.dsv
[2.140s] -- Installing: /home/parallels/ros2_ws/install/actions_cpp/share/actions_cpp/package.dsv
[2.140s] -- Up-to-date: /home/parallels/ros2_ws/install/actions_cpp/share/ament_index/resource_index/packages/actions_cpp
[2.140s] -- Up-to-date: /home/parallels/ros2_ws/install/actions_cpp/share/actions_cpp/cmake/actions_cppConfig.cmake
[2.140s] -- Up-to-date: /home/parallels/ros2_ws/install/actions_cpp/share/actions_cpp/cmake/actions_cppConfig-version.cmake
[2.140s] -- Up-to-date: /home/parallels/ros2_ws/install/actions_cpp/share/actions_cpp/package.xml
[2.140s] Invoked command in '/home/parallels/ros2_ws/build/actions_cpp' returned '0': CMAKE_PREFIX_PATH=/home/parallels/ros2_ws/install/my_robot_interfaces:/home/parallels/ros2_ws/install/actions_cpp:/home/parallels/ros2_ws/install/urdf_sim_tutorial:/home/parallels/ros2_ws/install/turtlecatch_bringup:/home/parallels/ros2_ws/install/polygon_plugins:/home/parallels/ros2_ws/install/polygon_base:/home/parallels/ros2_ws/install/my_robot_station_bringup:/home/parallels/ros2_ws/install/my_robot_bringup:/home/parallels/ros2_ws/install/my_cpp_pkg:/home/parallels/ros2_ws/install/my_robot_bringup_gazebo:/home/parallels/ros2_ws/install/my_robot_description:/home/parallels/ros2_ws/install/add_two_ints_cpp:/usr:/usr:/home/parallels/ros2_ws/install/turtlesim_catch_them_all:/home/parallels/ros2_ws/install/number_counter:/home/parallels/ros2_ws/install/my_py_pkg:/home/parallels/ros2_ws/install/actions_py:/home/parallels/ros2_ws/install/add_two_ints:/opt/ros/humble LD_LIBRARY_PATH=/home/parallels/ros2_ws/install/my_robot_interfaces/lib:/home/parallels/ros2_ws/install/polygon_plugins/lib:/opt/ros/humble/opt/rviz_ogre_vendor/lib:/opt/ros/humble/lib/aarch64-linux-gnu:/opt/ros/humble/lib /usr/bin/cmake --install /home/parallels/ros2_ws/build/actions_cpp
