[0.051s] Invoking command in '/home/parallels/ros2_ws/ros2_humble/build/ros_gz_sim': CMAKE_PREFIX_PATH=${CMAKE_PREFIX_PATH}:/home/parallels/ros2_ws/ros2_humble/install/turtlesim_catch_them_all:/home/parallels/ros2_ws/ros2_humble/install/rqt_joint_trajectory_controller:/home/parallels/ros2_ws/ros2_humble/install/rqt_controller_manager:/home/parallels/ros2_ws/ros2_humble/install/ros2controlcli:/home/parallels/ros2_ws/ros2_humble/install/ros2_controllers_test_nodes:/home/parallels/ros2_ws/ros2_humble/install/number_counter:/home/parallels/ros2_ws/ros2_humble/install/my_py_pkg:/home/parallels/ros2_ws/ros2_humble/install/add_two_ints:/opt/ros/humble /usr/bin/cmake /home/parallels/ros2_ws/ros2_humble/src/ros_gz/ros_gz_sim -DCMAKE_INSTALL_PREFIX=/home/parallels/ros2_ws/ros2_humble/install/ros_gz_sim
[0.184s] -- The C compiler identification is GNU 11.4.0
[0.293s] -- The CXX compiler identification is GNU 11.4.0
[0.298s] -- Detecting C compiler ABI info
[0.352s] -- Detecting C compiler ABI info - done
[0.356s] -- Check for working C compiler: /usr/bin/cc - skipped
[0.357s] -- Detecting C compile features
[0.357s] -- Detecting C compile features - done
[0.360s] -- Detecting CXX compiler ABI info
[0.447s] -- Detecting CXX compiler ABI info - done
[0.451s] -- Check for working CXX compiler: /usr/bin/c++ - skipped
[0.451s] -- Detecting CXX compile features
[0.452s] -- Detecting CXX compile features - done
[0.460s] -- Found ament_cmake: 1.3.11 (/opt/ros/humble/share/ament_cmake/cmake)
[0.573s] -- Found Python3: /usr/bin/python3 (found version "3.10.12") found components: Interpreter 
[0.731s] -- Found rclcpp: 16.0.11 (/opt/ros/humble/share/rclcpp/cmake)
[0.817s] -- Found rosidl_generator_c: 3.1.6 (/opt/ros/humble/share/rosidl_generator_c/cmake)
[0.835s] -- Found rosidl_adapter: 3.1.6 (/opt/ros/humble/share/rosidl_adapter/cmake)
[0.862s] -- Found rosidl_generator_cpp: 3.1.6 (/opt/ros/humble/share/rosidl_generator_cpp/cmake)
[0.880s] -- Using all available rosidl_typesupport_c: rosidl_typesupport_fastrtps_c;rosidl_typesupport_introspection_c
[0.903s] -- Using all available rosidl_typesupport_cpp: rosidl_typesupport_fastrtps_cpp;rosidl_typesupport_introspection_cpp
[0.999s] -- Found rmw_implementation_cmake: 6.1.2 (/opt/ros/humble/share/rmw_implementation_cmake/cmake)
[1.007s] -- Found rmw_fastrtps_cpp: 6.2.7 (/opt/ros/humble/share/rmw_fastrtps_cpp/cmake)
[1.111s] -- Found OpenSSL: /usr/lib/aarch64-linux-gnu/libcrypto.so (found version "3.0.2")  
[1.134s] -- Found FastRTPS: /opt/ros/humble/include  
[1.163s] -- Using RMW implementation 'rmw_fastrtps_cpp' as default
[1.181s] -- Looking for pthread.h
[1.263s] -- Looking for pthread.h - found
[1.263s] -- Performing Test CMAKE_HAVE_LIBC_PTHREAD
[1.318s] -- Performing Test CMAKE_HAVE_LIBC_PTHREAD - Success
[1.318s] -- Found Threads: TRUE  
[1.391s] [31mCMake Error at CMakeLists.txt:15 (find_package):
[1.391s]   By not providing "Findrclcpp_components.cmake" in CMAKE_MODULE_PATH this
[1.391s]   project has asked CMake to find a package configuration file provided by
[1.391s]   "rclcpp_components", but CMake did not find one.
[1.391s] 
[1.391s]   Could not find a package configuration file provided by "rclcpp_components"
[1.391s]   with any of the following names:
[1.391s] 
[1.391s]     rclcpp_componentsConfig.cmake
[1.391s]     rclcpp_components-config.cmake
[1.391s] 
[1.391s]   Add the installation prefix of "rclcpp_components" to CMAKE_PREFIX_PATH or
[1.391s]   set "rclcpp_components_DIR" to a directory containing one of the above
[1.391s]   files.  If "rclcpp_components" provides a separate development package or
[1.391s]   SDK, be sure it has been installed.
[1.391s] 
[1.391s] [0m
[1.391s] -- Configuring incomplete, errors occurred!
[1.391s] See also "/home/parallels/ros2_ws/ros2_humble/build/ros_gz_sim/CMakeFiles/CMakeOutput.log".
