[0.383s] Invoking command in '/home/parallels/ros2_ws/src/number_counter': PYTHONPATH=/home/parallels/ros2_ws/build/number_counter/prefix_override:/usr/lib/python3/dist-packages/colcon_core/task/python/colcon_distutils_commands:/home/parallels/ros2_ws/install/number_counter/lib/python3.10/site-packages:${PYTHONPATH} /usr/bin/python3 -W ignore:setup.py install is deprecated -W ignore:easy_install command is deprecated setup.py egg_info --egg-base ../../build/number_counter build --build-base /home/parallels/ros2_ws/build/number_counter/build install --record /home/parallels/ros2_ws/build/number_counter/install.log --single-version-externally-managed install_data
[0.512s] running egg_info
[0.512s] creating ../../build/number_counter/number_counter.egg-info
[0.512s] writing ../../build/number_counter/number_counter.egg-info/PKG-INFO
[0.512s] writing dependency_links to ../../build/number_counter/number_counter.egg-info/dependency_links.txt
[0.512s] writing entry points to ../../build/number_counter/number_counter.egg-info/entry_points.txt
[0.513s] writing requirements to ../../build/number_counter/number_counter.egg-info/requires.txt
[0.513s] writing top-level names to ../../build/number_counter/number_counter.egg-info/top_level.txt
[0.513s] writing manifest file '../../build/number_counter/number_counter.egg-info/SOURCES.txt'
[0.513s] reading manifest file '../../build/number_counter/number_counter.egg-info/SOURCES.txt'
[0.514s] writing manifest file '../../build/number_counter/number_counter.egg-info/SOURCES.txt'
[0.514s] running build
[0.514s] running build_py
[0.514s] creating /home/parallels/ros2_ws/build/number_counter/build
[0.514s] creating /home/parallels/ros2_ws/build/number_counter/build/lib
[0.514s] creating /home/parallels/ros2_ws/build/number_counter/build/lib/number_counter
[0.514s] copying number_counter/number_publisher.py -> /home/parallels/ros2_ws/build/number_counter/build/lib/number_counter
[0.515s] copying number_counter/__init__.py -> /home/parallels/ros2_ws/build/number_counter/build/lib/number_counter
[0.515s] copying number_counter/number_counter.py -> /home/parallels/ros2_ws/build/number_counter/build/lib/number_counter
[0.515s] copying number_counter/python_temp.py -> /home/parallels/ros2_ws/build/number_counter/build/lib/number_counter
[0.515s] running install
[0.515s] running install_lib
[0.516s] creating /home/parallels/ros2_ws/install/number_counter/lib/python3.10/site-packages/number_counter
[0.516s] copying /home/parallels/ros2_ws/build/number_counter/build/lib/number_counter/number_publisher.py -> /home/parallels/ros2_ws/install/number_counter/lib/python3.10/site-packages/number_counter
[0.516s] copying /home/parallels/ros2_ws/build/number_counter/build/lib/number_counter/__init__.py -> /home/parallels/ros2_ws/install/number_counter/lib/python3.10/site-packages/number_counter
[0.516s] copying /home/parallels/ros2_ws/build/number_counter/build/lib/number_counter/number_counter.py -> /home/parallels/ros2_ws/install/number_counter/lib/python3.10/site-packages/number_counter
[0.516s] copying /home/parallels/ros2_ws/build/number_counter/build/lib/number_counter/python_temp.py -> /home/parallels/ros2_ws/install/number_counter/lib/python3.10/site-packages/number_counter
[0.516s] byte-compiling /home/parallels/ros2_ws/install/number_counter/lib/python3.10/site-packages/number_counter/number_publisher.py to number_publisher.cpython-310.pyc
[0.516s] byte-compiling /home/parallels/ros2_ws/install/number_counter/lib/python3.10/site-packages/number_counter/__init__.py to __init__.cpython-310.pyc
[0.517s] byte-compiling /home/parallels/ros2_ws/install/number_counter/lib/python3.10/site-packages/number_counter/number_counter.py to number_counter.cpython-310.pyc
[0.517s] byte-compiling /home/parallels/ros2_ws/install/number_counter/lib/python3.10/site-packages/number_counter/python_temp.py to python_temp.cpython-310.pyc
[0.517s] running install_data
[0.517s] creating /home/parallels/ros2_ws/install/number_counter/share/ament_index
[0.517s] creating /home/parallels/ros2_ws/install/number_counter/share/ament_index/resource_index
[0.517s] creating /home/parallels/ros2_ws/install/number_counter/share/ament_index/resource_index/packages
[0.517s] copying resource/number_counter -> /home/parallels/ros2_ws/install/number_counter/share/ament_index/resource_index/packages
[0.517s] copying package.xml -> /home/parallels/ros2_ws/install/number_counter/share/number_counter
[0.517s] running install_egg_info
[0.518s] Copying ../../build/number_counter/number_counter.egg-info to /home/parallels/ros2_ws/install/number_counter/lib/python3.10/site-packages/number_counter-0.0.0-py3.10.egg-info
[0.518s] running install_scripts
[0.528s] Installing number_count script to /home/parallels/ros2_ws/install/number_counter/lib/number_counter
[0.528s] Installing number_pub script to /home/parallels/ros2_ws/install/number_counter/lib/number_counter
[0.528s] writing list of installed files to '/home/parallels/ros2_ws/build/number_counter/install.log'
[0.588s] Invoked command in '/home/parallels/ros2_ws/src/number_counter' returned '0': PYTHONPATH=/home/parallels/ros2_ws/build/number_counter/prefix_override:/usr/lib/python3/dist-packages/colcon_core/task/python/colcon_distutils_commands:/home/parallels/ros2_ws/install/number_counter/lib/python3.10/site-packages:${PYTHONPATH} /usr/bin/python3 -W ignore:setup.py install is deprecated -W ignore:easy_install command is deprecated setup.py egg_info --egg-base ../../build/number_counter build --build-base /home/parallels/ros2_ws/build/number_counter/build install --record /home/parallels/ros2_ws/build/number_counter/install.log --single-version-externally-managed install_data
