[0.340s] Invoking command in '/home/parallels/ros2_ws/ROS2_Humble/build/lifecycle_cpp': CMAKE_PREFIX_PATH=${CMAKE_PREFIX_PATH}:/home/parallels/ros2_ws/ROS2_Humble/install/turtlesim_catch_them_all:/home/parallels/ros2_ws/ROS2_Humble/install/number_counter:/home/parallels/ros2_ws/ROS2_Humble/install/my_py_pkg:/home/parallels/ros2_ws/ROS2_Humble/install/actions_py:/home/parallels/ros2_ws/ROS2_Humble/install/lifecycle_py:/home/parallels/ros2_ws/ROS2_Humble/install/add_two_ints:/opt/ros/humble /usr/bin/cmake /home/parallels/ros2_ws/ROS2_Humble/src/lifecycle_cpp -DCMAKE_INSTALL_PREFIX=/home/parallels/ros2_ws/ROS2_Humble/install/lifecycle_cpp
[0.564s] -- The C compiler identification is GNU 11.4.0
[0.564s] -- The CXX compiler identification is GNU 11.4.0
[0.564s] -- Detecting C compiler ABI info
[0.564s] -- Detecting C compiler ABI info - done
[0.564s] -- Check for working C compiler: /usr/bin/cc - skipped
[0.565s] -- Detecting C compile features
[0.565s] -- Detecting C compile features - done
[0.565s] -- Detecting CXX compiler ABI info
[0.674s] -- Detecting CXX compiler ABI info - done
[0.684s] -- Check for working CXX compiler: /usr/bin/c++ - skipped
[0.684s] -- Detecting CXX compile features
[0.684s] -- Detecting CXX compile features - done
[0.695s] -- Found ament_cmake: 1.3.11 (/opt/ros/humble/share/ament_cmake/cmake)
[0.874s] -- Found Python3: /usr/bin/python3 (found version "3.10.12") found components: Interpreter 
[1.049s] -- Found rclcpp: 16.0.12 (/opt/ros/humble/share/rclcpp/cmake)
[1.134s] -- Found rosidl_generator_c: 3.1.6 (/opt/ros/humble/share/rosidl_generator_c/cmake)
[1.146s] -- Found rosidl_adapter: 3.1.6 (/opt/ros/humble/share/rosidl_adapter/cmake)
[1.168s] -- Found rosidl_generator_cpp: 3.1.6 (/opt/ros/humble/share/rosidl_generator_cpp/cmake)
[1.190s] -- Using all available rosidl_typesupport_c: rosidl_typesupport_fastrtps_c;rosidl_typesupport_introspection_c
[1.224s] -- Using all available rosidl_typesupport_cpp: rosidl_typesupport_fastrtps_cpp;rosidl_typesupport_introspection_cpp
[1.318s] -- Found rmw_implementation_cmake: 6.1.2 (/opt/ros/humble/share/rmw_implementation_cmake/cmake)
[1.320s] -- Found rmw_fastrtps_cpp: 6.2.7 (/opt/ros/humble/share/rmw_fastrtps_cpp/cmake)
[1.405s] -- Found OpenSSL: /usr/lib/aarch64-linux-gnu/libcrypto.so (found version "3.0.2")  
[1.429s] -- Found FastRTPS: /opt/ros/humble/include  
[1.467s] -- Using RMW implementation 'rmw_fastrtps_cpp' as default
[1.482s] -- Looking for pthread.h
[1.629s] -- Looking for pthread.h - found
[1.630s] -- Performing Test CMAKE_HAVE_LIBC_PTHREAD
[1.698s] -- Performing Test CMAKE_HAVE_LIBC_PTHREAD - Success
[1.698s] -- Found Threads: TRUE  
[1.766s] -- Found example_interfaces: 0.9.3 (/opt/ros/humble/share/example_interfaces/cmake)
[1.878s] -- Configuring done
[1.886s] -- Generating done
[1.891s] -- Build files have been written to: /home/parallels/ros2_ws/ROS2_Humble/build/lifecycle_cpp
[1.898s] Invoked command in '/home/parallels/ros2_ws/ROS2_Humble/build/lifecycle_cpp' returned '0': CMAKE_PREFIX_PATH=${CMAKE_PREFIX_PATH}:/home/parallels/ros2_ws/ROS2_Humble/install/turtlesim_catch_them_all:/home/parallels/ros2_ws/ROS2_Humble/install/number_counter:/home/parallels/ros2_ws/ROS2_Humble/install/my_py_pkg:/home/parallels/ros2_ws/ROS2_Humble/install/actions_py:/home/parallels/ros2_ws/ROS2_Humble/install/lifecycle_py:/home/parallels/ros2_ws/ROS2_Humble/install/add_two_ints:/opt/ros/humble /usr/bin/cmake /home/parallels/ros2_ws/ROS2_Humble/src/lifecycle_cpp -DCMAKE_INSTALL_PREFIX=/home/parallels/ros2_ws/ROS2_Humble/install/lifecycle_cpp
[1.898s] Invoking command in '/home/parallels/ros2_ws/ROS2_Humble/build/lifecycle_cpp': CMAKE_PREFIX_PATH=${CMAKE_PREFIX_PATH}:/home/parallels/ros2_ws/ROS2_Humble/install/turtlesim_catch_them_all:/home/parallels/ros2_ws/ROS2_Humble/install/number_counter:/home/parallels/ros2_ws/ROS2_Humble/install/my_py_pkg:/home/parallels/ros2_ws/ROS2_Humble/install/actions_py:/home/parallels/ros2_ws/ROS2_Humble/install/lifecycle_py:/home/parallels/ros2_ws/ROS2_Humble/install/add_two_ints:/opt/ros/humble /usr/bin/cmake --build /home/parallels/ros2_ws/ROS2_Humble/build/lifecycle_cpp -- -j8 -l8
[1.923s] [35m[1mConsolidate compiler generated dependencies of target number_publisher[0m
[1.942s] [100%] Built target number_publisher
[1.983s] Invoked command in '/home/parallels/ros2_ws/ROS2_Humble/build/lifecycle_cpp' returned '0': CMAKE_PREFIX_PATH=${CMAKE_PREFIX_PATH}:/home/parallels/ros2_ws/ROS2_Humble/install/turtlesim_catch_them_all:/home/parallels/ros2_ws/ROS2_Humble/install/number_counter:/home/parallels/ros2_ws/ROS2_Humble/install/my_py_pkg:/home/parallels/ros2_ws/ROS2_Humble/install/actions_py:/home/parallels/ros2_ws/ROS2_Humble/install/lifecycle_py:/home/parallels/ros2_ws/ROS2_Humble/install/add_two_ints:/opt/ros/humble /usr/bin/cmake --build /home/parallels/ros2_ws/ROS2_Humble/build/lifecycle_cpp -- -j8 -l8
[1.984s] Invoking command in '/home/parallels/ros2_ws/ROS2_Humble/build/lifecycle_cpp': CMAKE_PREFIX_PATH=${CMAKE_PREFIX_PATH}:/home/parallels/ros2_ws/ROS2_Humble/install/turtlesim_catch_them_all:/home/parallels/ros2_ws/ROS2_Humble/install/number_counter:/home/parallels/ros2_ws/ROS2_Humble/install/my_py_pkg:/home/parallels/ros2_ws/ROS2_Humble/install/actions_py:/home/parallels/ros2_ws/ROS2_Humble/install/lifecycle_py:/home/parallels/ros2_ws/ROS2_Humble/install/add_two_ints:/opt/ros/humble /usr/bin/cmake --install /home/parallels/ros2_ws/ROS2_Humble/build/lifecycle_cpp
[1.984s] -- Install configuration: ""
[1.984s] -- Up-to-date: /home/parallels/ros2_ws/ROS2_Humble/install/lifecycle_cpp/lib/lifecycle_cpp/number_publisher
[1.984s] -- Up-to-date: /home/parallels/ros2_ws/ROS2_Humble/install/lifecycle_cpp/share/ament_index/resource_index/package_run_dependencies/lifecycle_cpp
[1.985s] -- Installing: /home/parallels/ros2_ws/ROS2_Humble/install/lifecycle_cpp/share/ament_index/resource_index/parent_prefix_path/lifecycle_cpp
[1.985s] -- Up-to-date: /home/parallels/ros2_ws/ROS2_Humble/install/lifecycle_cpp/share/lifecycle_cpp/environment/ament_prefix_path.sh
[1.985s] -- Installing: /home/parallels/ros2_ws/ROS2_Humble/install/lifecycle_cpp/share/lifecycle_cpp/environment/ament_prefix_path.dsv
[1.985s] -- Up-to-date: /home/parallels/ros2_ws/ROS2_Humble/install/lifecycle_cpp/share/lifecycle_cpp/environment/path.sh
[1.985s] -- Installing: /home/parallels/ros2_ws/ROS2_Humble/install/lifecycle_cpp/share/lifecycle_cpp/environment/path.dsv
[1.985s] -- Up-to-date: /home/parallels/ros2_ws/ROS2_Humble/install/lifecycle_cpp/share/lifecycle_cpp/local_setup.bash
[1.985s] -- Up-to-date: /home/parallels/ros2_ws/ROS2_Humble/install/lifecycle_cpp/share/lifecycle_cpp/local_setup.sh
[1.985s] -- Up-to-date: /home/parallels/ros2_ws/ROS2_Humble/install/lifecycle_cpp/share/lifecycle_cpp/local_setup.zsh
[1.985s] -- Installing: /home/parallels/ros2_ws/ROS2_Humble/install/lifecycle_cpp/share/lifecycle_cpp/local_setup.dsv
[1.985s] -- Installing: /home/parallels/ros2_ws/ROS2_Humble/install/lifecycle_cpp/share/lifecycle_cpp/package.dsv
[1.985s] -- Up-to-date: /home/parallels/ros2_ws/ROS2_Humble/install/lifecycle_cpp/share/ament_index/resource_index/packages/lifecycle_cpp
[1.985s] -- Up-to-date: /home/parallels/ros2_ws/ROS2_Humble/install/lifecycle_cpp/share/lifecycle_cpp/cmake/lifecycle_cppConfig.cmake
[1.985s] -- Up-to-date: /home/parallels/ros2_ws/ROS2_Humble/install/lifecycle_cpp/share/lifecycle_cpp/cmake/lifecycle_cppConfig-version.cmake
[1.985s] -- Up-to-date: /home/parallels/ros2_ws/ROS2_Humble/install/lifecycle_cpp/share/lifecycle_cpp/package.xml
[1.986s] Invoked command in '/home/parallels/ros2_ws/ROS2_Humble/build/lifecycle_cpp' returned '0': CMAKE_PREFIX_PATH=${CMAKE_PREFIX_PATH}:/home/parallels/ros2_ws/ROS2_Humble/install/turtlesim_catch_them_all:/home/parallels/ros2_ws/ROS2_Humble/install/number_counter:/home/parallels/ros2_ws/ROS2_Humble/install/my_py_pkg:/home/parallels/ros2_ws/ROS2_Humble/install/actions_py:/home/parallels/ros2_ws/ROS2_Humble/install/lifecycle_py:/home/parallels/ros2_ws/ROS2_Humble/install/add_two_ints:/opt/ros/humble /usr/bin/cmake --install /home/parallels/ros2_ws/ROS2_Humble/build/lifecycle_cpp
