[0.019s] Invoking command in '/home/parallels/ros2_ws/build/turtlecatch_bringup': AMENT_PREFIX_PATH=/home/parallels/ros2_ws/install/turtlesim_catch_them_all:/home/parallels/ros2_ws/install/my_robot_interfaces:${AMENT_PREFIX_PATH} CMAKE_PREFIX_PATH=/home/parallels/ros2_ws/install/my_robot_interfaces:/home/parallels/ros2_ws/install/urdf_sim_tutorial:/usr:/opt/ros/humble LD_LIBRARY_PATH=/home/parallels/ros2_ws/install/my_robot_interfaces/lib:${LD_LIBRARY_PATH} PYTHONPATH=/home/parallels/ros2_ws/install/turtlesim_catch_them_all/lib/python3.10/site-packages:/home/parallels/ros2_ws/install/my_robot_interfaces/local/lib/python3.10/dist-packages:${PYTHONPATH} /usr/bin/cmake /home/parallels/ros2_ws/src/turtlecatch_bringup -DCMAKE_INSTALL_PREFIX=/home/parallels/ros2_ws/install/turtlecatch_bringup
[0.046s] -- The C compiler identification is GNU 11.4.0
[0.087s] -- The CXX compiler identification is GNU 11.4.0
[0.100s] -- Detecting C compiler ABI info
[0.171s] -- Detecting C compiler ABI info - done
[0.176s] -- Check for working C compiler: /usr/bin/cc - skipped
[0.177s] -- Detecting C compile features
[0.177s] -- Detecting C compile features - done
[0.179s] -- Detecting CXX compiler ABI info
[0.291s] -- Detecting CXX compiler ABI info - done
[0.296s] -- Check for working CXX compiler: /usr/bin/c++ - skipped
[0.296s] -- Detecting CXX compile features
[0.296s] -- Detecting CXX compile features - done
[0.300s] -- Found ament_cmake: 1.3.11 (/opt/ros/humble/share/ament_cmake/cmake)
[0.422s] -- Found Python3: /usr/bin/python3 (found version "3.10.12") found components: Interpreter 
[0.546s] -- Configuring done
[0.548s] -- Generating done
[0.550s] -- Build files have been written to: /home/parallels/ros2_ws/build/turtlecatch_bringup
[0.553s] Invoked command in '/home/parallels/ros2_ws/build/turtlecatch_bringup' returned '0': AMENT_PREFIX_PATH=/home/parallels/ros2_ws/install/turtlesim_catch_them_all:/home/parallels/ros2_ws/install/my_robot_interfaces:${AMENT_PREFIX_PATH} CMAKE_PREFIX_PATH=/home/parallels/ros2_ws/install/my_robot_interfaces:/home/parallels/ros2_ws/install/urdf_sim_tutorial:/usr:/opt/ros/humble LD_LIBRARY_PATH=/home/parallels/ros2_ws/install/my_robot_interfaces/lib:${LD_LIBRARY_PATH} PYTHONPATH=/home/parallels/ros2_ws/install/turtlesim_catch_them_all/lib/python3.10/site-packages:/home/parallels/ros2_ws/install/my_robot_interfaces/local/lib/python3.10/dist-packages:${PYTHONPATH} /usr/bin/cmake /home/parallels/ros2_ws/src/turtlecatch_bringup -DCMAKE_INSTALL_PREFIX=/home/parallels/ros2_ws/install/turtlecatch_bringup
[0.554s] Invoking command in '/home/parallels/ros2_ws/build/turtlecatch_bringup': AMENT_PREFIX_PATH=/home/parallels/ros2_ws/install/turtlesim_catch_them_all:/home/parallels/ros2_ws/install/my_robot_interfaces:${AMENT_PREFIX_PATH} CMAKE_PREFIX_PATH=/home/parallels/ros2_ws/install/my_robot_interfaces:/home/parallels/ros2_ws/install/urdf_sim_tutorial:/usr:/opt/ros/humble LD_LIBRARY_PATH=/home/parallels/ros2_ws/install/my_robot_interfaces/lib:${LD_LIBRARY_PATH} PYTHONPATH=/home/parallels/ros2_ws/install/turtlesim_catch_them_all/lib/python3.10/site-packages:/home/parallels/ros2_ws/install/my_robot_interfaces/local/lib/python3.10/dist-packages:${PYTHONPATH} /usr/bin/cmake --build /home/parallels/ros2_ws/build/turtlecatch_bringup -- -j4 -l4
[0.654s] Invoked command in '/home/parallels/ros2_ws/build/turtlecatch_bringup' returned '0': AMENT_PREFIX_PATH=/home/parallels/ros2_ws/install/turtlesim_catch_them_all:/home/parallels/ros2_ws/install/my_robot_interfaces:${AMENT_PREFIX_PATH} CMAKE_PREFIX_PATH=/home/parallels/ros2_ws/install/my_robot_interfaces:/home/parallels/ros2_ws/install/urdf_sim_tutorial:/usr:/opt/ros/humble LD_LIBRARY_PATH=/home/parallels/ros2_ws/install/my_robot_interfaces/lib:${LD_LIBRARY_PATH} PYTHONPATH=/home/parallels/ros2_ws/install/turtlesim_catch_them_all/lib/python3.10/site-packages:/home/parallels/ros2_ws/install/my_robot_interfaces/local/lib/python3.10/dist-packages:${PYTHONPATH} /usr/bin/cmake --build /home/parallels/ros2_ws/build/turtlecatch_bringup -- -j4 -l4
[0.654s] Invoking command in '/home/parallels/ros2_ws/build/turtlecatch_bringup': AMENT_PREFIX_PATH=/home/parallels/ros2_ws/install/turtlesim_catch_them_all:/home/parallels/ros2_ws/install/my_robot_interfaces:${AMENT_PREFIX_PATH} CMAKE_PREFIX_PATH=/home/parallels/ros2_ws/install/my_robot_interfaces:/home/parallels/ros2_ws/install/urdf_sim_tutorial:/usr:/opt/ros/humble LD_LIBRARY_PATH=/home/parallels/ros2_ws/install/my_robot_interfaces/lib:${LD_LIBRARY_PATH} PYTHONPATH=/home/parallels/ros2_ws/install/turtlesim_catch_them_all/lib/python3.10/site-packages:/home/parallels/ros2_ws/install/my_robot_interfaces/local/lib/python3.10/dist-packages:${PYTHONPATH} /usr/bin/cmake --install /home/parallels/ros2_ws/build/turtlecatch_bringup
[0.666s] -- Install configuration: ""
[0.666s] -- Installing: /home/parallels/ros2_ws/install/turtlecatch_bringup/share/turtlecatch_bringup/launch
[0.666s] -- Installing: /home/parallels/ros2_ws/install/turtlecatch_bringup/share/turtlecatch_bringup/launch/turtlecatch.launch.py
[0.666s] -- Installing: /home/parallels/ros2_ws/install/turtlecatch_bringup/share/ament_index/resource_index/package_run_dependencies/turtlecatch_bringup
[0.666s] -- Installing: /home/parallels/ros2_ws/install/turtlecatch_bringup/share/ament_index/resource_index/parent_prefix_path/turtlecatch_bringup
[0.666s] -- Installing: /home/parallels/ros2_ws/install/turtlecatch_bringup/share/turtlecatch_bringup/environment/ament_prefix_path.sh
[0.666s] -- Installing: /home/parallels/ros2_ws/install/turtlecatch_bringup/share/turtlecatch_bringup/environment/ament_prefix_path.dsv
[0.666s] -- Installing: /home/parallels/ros2_ws/install/turtlecatch_bringup/share/turtlecatch_bringup/environment/path.sh
[0.671s] -- Installing: /home/parallels/ros2_ws/install/turtlecatch_bringup/share/turtlecatch_bringup/environment/path.dsv
[0.671s] -- Installing: /home/parallels/ros2_ws/install/turtlecatch_bringup/share/turtlecatch_bringup/local_setup.bash
[0.671s] -- Installing: /home/parallels/ros2_ws/install/turtlecatch_bringup/share/turtlecatch_bringup/local_setup.sh
[0.671s] -- Installing: /home/parallels/ros2_ws/install/turtlecatch_bringup/share/turtlecatch_bringup/local_setup.zsh
[0.671s] -- Installing: /home/parallels/ros2_ws/install/turtlecatch_bringup/share/turtlecatch_bringup/local_setup.dsv
[0.672s] -- Installing: /home/parallels/ros2_ws/install/turtlecatch_bringup/share/turtlecatch_bringup/package.dsv
[0.673s] -- Installing: /home/parallels/ros2_ws/install/turtlecatch_bringup/share/ament_index/resource_index/packages/turtlecatch_bringup
[0.673s] -- Installing: /home/parallels/ros2_ws/install/turtlecatch_bringup/share/turtlecatch_bringup/cmake/turtlecatch_bringupConfig.cmake
[0.674s] -- Installing: /home/parallels/ros2_ws/install/turtlecatch_bringup/share/turtlecatch_bringup/cmake/turtlecatch_bringupConfig-version.cmake
[0.674s] -- Installing: /home/parallels/ros2_ws/install/turtlecatch_bringup/share/turtlecatch_bringup/package.xml
[0.681s] Invoked command in '/home/parallels/ros2_ws/build/turtlecatch_bringup' returned '0': AMENT_PREFIX_PATH=/home/parallels/ros2_ws/install/turtlesim_catch_them_all:/home/parallels/ros2_ws/install/my_robot_interfaces:${AMENT_PREFIX_PATH} CMAKE_PREFIX_PATH=/home/parallels/ros2_ws/install/my_robot_interfaces:/home/parallels/ros2_ws/install/urdf_sim_tutorial:/usr:/opt/ros/humble LD_LIBRARY_PATH=/home/parallels/ros2_ws/install/my_robot_interfaces/lib:${LD_LIBRARY_PATH} PYTHONPATH=/home/parallels/ros2_ws/install/turtlesim_catch_them_all/lib/python3.10/site-packages:/home/parallels/ros2_ws/install/my_robot_interfaces/local/lib/python3.10/dist-packages:${PYTHONPATH} /usr/bin/cmake --install /home/parallels/ros2_ws/build/turtlecatch_bringup
