[0.007s] Invoking command in '/home/parallels/ros2_ws/ROS2_Humble/build/turtlesim_final': CMAKE_PREFIX_PATH=/home/parallels/ros2_ws/ROS2_Humble/install/my_robot_interfaces:/home/parallels/ros2_ws/ROS2_Humble/install/turtlesim_final:/home/parallels/ros2_ws/ROS2_Humble/install/turtlecatch_bringup:/home/parallels/ros2_ws/ROS2_Humble/install/polygon_plugins:/home/parallels/ros2_ws/ROS2_Humble/install/polygon_base:/home/parallels/ros2_ws/ROS2_Humble/install/my_robot_station_bringup:/home/parallels/ros2_ws/ROS2_Humble/install/my_robot_lifecycle_bringup:/home/parallels/ros2_ws/ROS2_Humble/install/my_robot_bringup:/home/parallels/ros2_ws/ROS2_Humble/install/my_cpp_pkg:/home/parallels/ros2_ws/ROS2_Humble/install/actions_cpp:/home/parallels/ros2_ws/ROS2_Humble/install/my_robot_bringup_gazebo:/home/parallels/ros2_ws/ROS2_Humble/install/my_robot_description:/home/parallels/ros2_ws/ROS2_Humble/install/lifecycle_cpp:/home/parallels/ros2_ws/ROS2_Humble/install/components_cpp:/home/parallels/ros2_ws/ROS2_Humble/install/add_two_ints_cpp:/usr:/usr:/usr:/home/parallels/ros2_ws/ROS2_Humble/install/turtlesim_catch_them_all:/home/parallels/ros2_ws/ROS2_Humble/install/number_counter:/home/parallels/ros2_ws/ROS2_Humble/install/my_py_pkg:/home/parallels/ros2_ws/ROS2_Humble/install/actions_py:/home/parallels/ros2_ws/ROS2_Humble/install/lifecycle_py:/home/parallels/ros2_ws/ROS2_Humble/install/executors_py:/home/parallels/ros2_ws/ROS2_Humble/install/components_py:/home/parallels/ros2_ws/ROS2_Humble/install/add_two_ints:/opt/ros/humble LD_LIBRARY_PATH=/home/parallels/ros2_ws/ROS2_Humble/install/my_robot_interfaces/lib:/home/parallels/ros2_ws/ROS2_Humble/install/polygon_plugins/lib:/home/parallels/ros2_ws/ROS2_Humble/install/components_cpp/lib:/opt/ros/humble/opt/rviz_ogre_vendor/lib:/opt/ros/humble/lib/aarch64-linux-gnu:/opt/ros/humble/lib /usr/bin/cmake --build /home/parallels/ros2_ws/ROS2_Humble/build/turtlesim_final -- -j8 -l8
[0.027s] -- Found ament_cmake: 1.3.11 (/opt/ros/humble/share/ament_cmake/cmake)
[0.106s] -- Found rclcpp: 16.0.12 (/opt/ros/humble/share/rclcpp/cmake)
[0.128s] -- Found rosidl_generator_c: 3.1.6 (/opt/ros/humble/share/rosidl_generator_c/cmake)
[0.130s] -- Found rosidl_adapter: 3.1.6 (/opt/ros/humble/share/rosidl_adapter/cmake)
[0.136s] -- Found rosidl_generator_cpp: 3.1.6 (/opt/ros/humble/share/rosidl_generator_cpp/cmake)
[0.143s] -- Using all available rosidl_typesupport_c: rosidl_typesupport_fastrtps_c;rosidl_typesupport_introspection_c
[0.150s] -- Using all available rosidl_typesupport_cpp: rosidl_typesupport_fastrtps_cpp;rosidl_typesupport_introspection_cpp
[0.179s] -- Found rmw_implementation_cmake: 6.1.2 (/opt/ros/humble/share/rmw_implementation_cmake/cmake)
[0.181s] -- Found rmw_fastrtps_cpp: 6.2.7 (/opt/ros/humble/share/rmw_fastrtps_cpp/cmake)
[0.257s] -- Using RMW implementation 'rmw_fastrtps_cpp' as default
[0.295s] -- Found turtlesim: 1.4.2 (/opt/ros/humble/share/turtlesim/cmake)
[0.328s] -- Found geometry_msgs: 4.8.0 (/opt/ros/humble/share/geometry_msgs/cmake)
[0.339s] -- Found my_robot_interfaces: 0.0.0 (/home/parallels/ros2_ws/ROS2_Humble/install/my_robot_interfaces/share/my_robot_interfaces/cmake)
[0.353s] -- Found rclcpp_action: 16.0.12 (/opt/ros/humble/share/rclcpp_action/cmake)
[0.411s] -- Configuring done
[0.421s] -- Generating done
[0.424s] -- Build files have been written to: /home/parallels/ros2_ws/ROS2_Humble/build/turtlesim_final
[0.438s] [35m[1mConsolidate compiler generated dependencies of target final_project[0m
[0.456s] [ 50%] [32mBuilding CXX object CMakeFiles/final_project.dir/src/final_project.cpp.o[0m
[4.024s] [100%] [32m[1mLinking CXX executable final_project[0m
[4.243s] [100%] Built target final_project
[4.250s] Invoked command in '/home/parallels/ros2_ws/ROS2_Humble/build/turtlesim_final' returned '0': CMAKE_PREFIX_PATH=/home/parallels/ros2_ws/ROS2_Humble/install/my_robot_interfaces:/home/parallels/ros2_ws/ROS2_Humble/install/turtlesim_final:/home/parallels/ros2_ws/ROS2_Humble/install/turtlecatch_bringup:/home/parallels/ros2_ws/ROS2_Humble/install/polygon_plugins:/home/parallels/ros2_ws/ROS2_Humble/install/polygon_base:/home/parallels/ros2_ws/ROS2_Humble/install/my_robot_station_bringup:/home/parallels/ros2_ws/ROS2_Humble/install/my_robot_lifecycle_bringup:/home/parallels/ros2_ws/ROS2_Humble/install/my_robot_bringup:/home/parallels/ros2_ws/ROS2_Humble/install/my_cpp_pkg:/home/parallels/ros2_ws/ROS2_Humble/install/actions_cpp:/home/parallels/ros2_ws/ROS2_Humble/install/my_robot_bringup_gazebo:/home/parallels/ros2_ws/ROS2_Humble/install/my_robot_description:/home/parallels/ros2_ws/ROS2_Humble/install/lifecycle_cpp:/home/parallels/ros2_ws/ROS2_Humble/install/components_cpp:/home/parallels/ros2_ws/ROS2_Humble/install/add_two_ints_cpp:/usr:/usr:/usr:/home/parallels/ros2_ws/ROS2_Humble/install/turtlesim_catch_them_all:/home/parallels/ros2_ws/ROS2_Humble/install/number_counter:/home/parallels/ros2_ws/ROS2_Humble/install/my_py_pkg:/home/parallels/ros2_ws/ROS2_Humble/install/actions_py:/home/parallels/ros2_ws/ROS2_Humble/install/lifecycle_py:/home/parallels/ros2_ws/ROS2_Humble/install/executors_py:/home/parallels/ros2_ws/ROS2_Humble/install/components_py:/home/parallels/ros2_ws/ROS2_Humble/install/add_two_ints:/opt/ros/humble LD_LIBRARY_PATH=/home/parallels/ros2_ws/ROS2_Humble/install/my_robot_interfaces/lib:/home/parallels/ros2_ws/ROS2_Humble/install/polygon_plugins/lib:/home/parallels/ros2_ws/ROS2_Humble/install/components_cpp/lib:/opt/ros/humble/opt/rviz_ogre_vendor/lib:/opt/ros/humble/lib/aarch64-linux-gnu:/opt/ros/humble/lib /usr/bin/cmake --build /home/parallels/ros2_ws/ROS2_Humble/build/turtlesim_final -- -j8 -l8
[4.258s] Invoking command in '/home/parallels/ros2_ws/ROS2_Humble/build/turtlesim_final': CMAKE_PREFIX_PATH=/home/parallels/ros2_ws/ROS2_Humble/install/my_robot_interfaces:/home/parallels/ros2_ws/ROS2_Humble/install/turtlesim_final:/home/parallels/ros2_ws/ROS2_Humble/install/turtlecatch_bringup:/home/parallels/ros2_ws/ROS2_Humble/install/polygon_plugins:/home/parallels/ros2_ws/ROS2_Humble/install/polygon_base:/home/parallels/ros2_ws/ROS2_Humble/install/my_robot_station_bringup:/home/parallels/ros2_ws/ROS2_Humble/install/my_robot_lifecycle_bringup:/home/parallels/ros2_ws/ROS2_Humble/install/my_robot_bringup:/home/parallels/ros2_ws/ROS2_Humble/install/my_cpp_pkg:/home/parallels/ros2_ws/ROS2_Humble/install/actions_cpp:/home/parallels/ros2_ws/ROS2_Humble/install/my_robot_bringup_gazebo:/home/parallels/ros2_ws/ROS2_Humble/install/my_robot_description:/home/parallels/ros2_ws/ROS2_Humble/install/lifecycle_cpp:/home/parallels/ros2_ws/ROS2_Humble/install/components_cpp:/home/parallels/ros2_ws/ROS2_Humble/install/add_two_ints_cpp:/usr:/usr:/usr:/home/parallels/ros2_ws/ROS2_Humble/install/turtlesim_catch_them_all:/home/parallels/ros2_ws/ROS2_Humble/install/number_counter:/home/parallels/ros2_ws/ROS2_Humble/install/my_py_pkg:/home/parallels/ros2_ws/ROS2_Humble/install/actions_py:/home/parallels/ros2_ws/ROS2_Humble/install/lifecycle_py:/home/parallels/ros2_ws/ROS2_Humble/install/executors_py:/home/parallels/ros2_ws/ROS2_Humble/install/components_py:/home/parallels/ros2_ws/ROS2_Humble/install/add_two_ints:/opt/ros/humble LD_LIBRARY_PATH=/home/parallels/ros2_ws/ROS2_Humble/install/my_robot_interfaces/lib:/home/parallels/ros2_ws/ROS2_Humble/install/polygon_plugins/lib:/home/parallels/ros2_ws/ROS2_Humble/install/components_cpp/lib:/opt/ros/humble/opt/rviz_ogre_vendor/lib:/opt/ros/humble/lib/aarch64-linux-gnu:/opt/ros/humble/lib /usr/bin/cmake --install /home/parallels/ros2_ws/ROS2_Humble/build/turtlesim_final
[4.261s] -- Install configuration: ""
[4.261s] -- Installing: /home/parallels/ros2_ws/ROS2_Humble/install/turtlesim_final/lib/turtlesim_final/final_project
[4.263s] -- Set runtime path of "/home/parallels/ros2_ws/ROS2_Humble/install/turtlesim_final/lib/turtlesim_final/final_project" to ""
[4.263s] -- Installing: /home/parallels/ros2_ws/ROS2_Humble/install/turtlesim_final/share/ament_index/resource_index/package_run_dependencies/turtlesim_final
[4.264s] -- Installing: /home/parallels/ros2_ws/ROS2_Humble/install/turtlesim_final/share/ament_index/resource_index/parent_prefix_path/turtlesim_final
[4.264s] -- Up-to-date: /home/parallels/ros2_ws/ROS2_Humble/install/turtlesim_final/share/turtlesim_final/environment/ament_prefix_path.sh
[4.264s] -- Installing: /home/parallels/ros2_ws/ROS2_Humble/install/turtlesim_final/share/turtlesim_final/environment/ament_prefix_path.dsv
[4.264s] -- Up-to-date: /home/parallels/ros2_ws/ROS2_Humble/install/turtlesim_final/share/turtlesim_final/environment/path.sh
[4.264s] -- Installing: /home/parallels/ros2_ws/ROS2_Humble/install/turtlesim_final/share/turtlesim_final/environment/path.dsv
[4.264s] -- Up-to-date: /home/parallels/ros2_ws/ROS2_Humble/install/turtlesim_final/share/turtlesim_final/local_setup.bash
[4.264s] -- Up-to-date: /home/parallels/ros2_ws/ROS2_Humble/install/turtlesim_final/share/turtlesim_final/local_setup.sh
[4.264s] -- Up-to-date: /home/parallels/ros2_ws/ROS2_Humble/install/turtlesim_final/share/turtlesim_final/local_setup.zsh
[4.264s] -- Installing: /home/parallels/ros2_ws/ROS2_Humble/install/turtlesim_final/share/turtlesim_final/local_setup.dsv
[4.265s] -- Installing: /home/parallels/ros2_ws/ROS2_Humble/install/turtlesim_final/share/turtlesim_final/package.dsv
[4.265s] -- Up-to-date: /home/parallels/ros2_ws/ROS2_Humble/install/turtlesim_final/share/ament_index/resource_index/packages/turtlesim_final
[4.265s] -- Up-to-date: /home/parallels/ros2_ws/ROS2_Humble/install/turtlesim_final/share/turtlesim_final/cmake/turtlesim_finalConfig.cmake
[4.265s] -- Up-to-date: /home/parallels/ros2_ws/ROS2_Humble/install/turtlesim_final/share/turtlesim_final/cmake/turtlesim_finalConfig-version.cmake
[4.265s] -- Installing: /home/parallels/ros2_ws/ROS2_Humble/install/turtlesim_final/share/turtlesim_final/package.xml
[4.267s] Invoked command in '/home/parallels/ros2_ws/ROS2_Humble/build/turtlesim_final' returned '0': CMAKE_PREFIX_PATH=/home/parallels/ros2_ws/ROS2_Humble/install/my_robot_interfaces:/home/parallels/ros2_ws/ROS2_Humble/install/turtlesim_final:/home/parallels/ros2_ws/ROS2_Humble/install/turtlecatch_bringup:/home/parallels/ros2_ws/ROS2_Humble/install/polygon_plugins:/home/parallels/ros2_ws/ROS2_Humble/install/polygon_base:/home/parallels/ros2_ws/ROS2_Humble/install/my_robot_station_bringup:/home/parallels/ros2_ws/ROS2_Humble/install/my_robot_lifecycle_bringup:/home/parallels/ros2_ws/ROS2_Humble/install/my_robot_bringup:/home/parallels/ros2_ws/ROS2_Humble/install/my_cpp_pkg:/home/parallels/ros2_ws/ROS2_Humble/install/actions_cpp:/home/parallels/ros2_ws/ROS2_Humble/install/my_robot_bringup_gazebo:/home/parallels/ros2_ws/ROS2_Humble/install/my_robot_description:/home/parallels/ros2_ws/ROS2_Humble/install/lifecycle_cpp:/home/parallels/ros2_ws/ROS2_Humble/install/components_cpp:/home/parallels/ros2_ws/ROS2_Humble/install/add_two_ints_cpp:/usr:/usr:/usr:/home/parallels/ros2_ws/ROS2_Humble/install/turtlesim_catch_them_all:/home/parallels/ros2_ws/ROS2_Humble/install/number_counter:/home/parallels/ros2_ws/ROS2_Humble/install/my_py_pkg:/home/parallels/ros2_ws/ROS2_Humble/install/actions_py:/home/parallels/ros2_ws/ROS2_Humble/install/lifecycle_py:/home/parallels/ros2_ws/ROS2_Humble/install/executors_py:/home/parallels/ros2_ws/ROS2_Humble/install/components_py:/home/parallels/ros2_ws/ROS2_Humble/install/add_two_ints:/opt/ros/humble LD_LIBRARY_PATH=/home/parallels/ros2_ws/ROS2_Humble/install/my_robot_interfaces/lib:/home/parallels/ros2_ws/ROS2_Humble/install/polygon_plugins/lib:/home/parallels/ros2_ws/ROS2_Humble/install/components_cpp/lib:/opt/ros/humble/opt/rviz_ogre_vendor/lib:/opt/ros/humble/lib/aarch64-linux-gnu:/opt/ros/humble/lib /usr/bin/cmake --install /home/parallels/ros2_ws/ROS2_Humble/build/turtlesim_final
