[0.017s] Invoking command in '/home/parallels/ros2_ws/ROS2_Humble/build/my_cpp_pkg': AMENT_PREFIX_PATH=/home/parallels/ros2_ws/ROS2_Humble/install/my_robot_interfaces:${AMENT_PREFIX_PATH} CMAKE_PREFIX_PATH=/home/parallels/ros2_ws/ROS2_Humble/install/my_robot_interfaces:/home/parallels/ros2_humble/install/lifecycle_cpp:/home/parallels/ros2_ws/install/urdf_sim_tutorial:/home/parallels/ros2_ws/install/turtlecatch_bringup:/home/parallels/ros2_ws/install/polygon_plugins:/home/parallels/ros2_ws/install/polygon_base:/home/parallels/ros2_ws/install/my_robot_station_bringup:/home/parallels/ros2_ws/install/my_robot_bringup:/home/parallels/ros2_ws/install/my_cpp_pkg:/home/parallels/ros2_ws/install/actions_cpp:/home/parallels/ros2_ws/install/my_robot_interfaces:/home/parallels/ros2_ws/install/my_robot_bringup_gazebo:/home/parallels/ros2_ws/install/my_robot_description:/home/parallels/ros2_ws/install/add_two_ints_cpp:/usr:/home/parallels/ros2_humble/install/lifecycle_py:/home/parallels/ros2_ws/install/turtlesim_catch_them_all:/home/parallels/ros2_ws/install/number_counter:/home/parallels/ros2_ws/install/my_py_pkg:/home/parallels/ros2_ws/install/actions_py:/home/parallels/ros2_ws/install/add_two_ints:/opt/ros/humble LD_LIBRARY_PATH=/home/parallels/ros2_ws/ROS2_Humble/install/my_robot_interfaces/lib:${LD_LIBRARY_PATH} PYTHONPATH=/home/parallels/ros2_ws/ROS2_Humble/install/my_robot_interfaces/local/lib/python3.10/dist-packages:${PYTHONPATH} /usr/bin/cmake /home/parallels/ros2_ws/ROS2_Humble/src/my_cpp_pkg -DCMAKE_INSTALL_PREFIX=/home/parallels/ros2_ws/ROS2_Humble/install/my_cpp_pkg
[0.314s] -- The C compiler identification is GNU 11.4.0
[0.314s] -- The CXX compiler identification is GNU 11.4.0
[0.314s] -- Detecting C compiler ABI info
[0.314s] -- Detecting C compiler ABI info - done
[0.314s] -- Check for working C compiler: /usr/bin/cc - skipped
[0.314s] -- Detecting C compile features
[0.314s] -- Detecting C compile features - done
[0.314s] -- Detecting CXX compiler ABI info
[0.314s] -- Detecting CXX compiler ABI info - done
[0.314s] -- Check for working CXX compiler: /usr/bin/c++ - skipped
[0.314s] -- Detecting CXX compile features
[0.314s] -- Detecting CXX compile features - done
[0.314s] -- Found ament_cmake: 1.3.11 (/opt/ros/humble/share/ament_cmake/cmake)
[0.314s] -- Found Python3: /usr/bin/python3 (found version "3.10.12") found components: Interpreter 
[0.356s] -- Found rclcpp: 16.0.12 (/opt/ros/humble/share/rclcpp/cmake)
[0.415s] -- Found rosidl_generator_c: 3.1.6 (/opt/ros/humble/share/rosidl_generator_c/cmake)
[0.425s] -- Found rosidl_adapter: 3.1.6 (/opt/ros/humble/share/rosidl_adapter/cmake)
[0.436s] -- Found rosidl_generator_cpp: 3.1.6 (/opt/ros/humble/share/rosidl_generator_cpp/cmake)
[0.450s] -- Using all available rosidl_typesupport_c: rosidl_typesupport_fastrtps_c;rosidl_typesupport_introspection_c
[0.470s] -- Using all available rosidl_typesupport_cpp: rosidl_typesupport_fastrtps_cpp;rosidl_typesupport_introspection_cpp
[0.532s] -- Found rmw_implementation_cmake: 6.1.2 (/opt/ros/humble/share/rmw_implementation_cmake/cmake)
[0.537s] -- Found rmw_fastrtps_cpp: 6.2.7 (/opt/ros/humble/share/rmw_fastrtps_cpp/cmake)
[0.641s] -- Found OpenSSL: /usr/lib/aarch64-linux-gnu/libcrypto.so (found version "3.0.2")  
[0.666s] -- Found FastRTPS: /opt/ros/humble/include  
[0.706s] -- Using RMW implementation 'rmw_fastrtps_cpp' as default
[0.719s] -- Looking for pthread.h
[0.782s] -- Looking for pthread.h - found
[0.782s] -- Performing Test CMAKE_HAVE_LIBC_PTHREAD
[0.856s] -- Performing Test CMAKE_HAVE_LIBC_PTHREAD - Success
[0.872s] -- Found Threads: TRUE  
[0.911s] -- Found example_interfaces: 0.9.3 (/opt/ros/humble/share/example_interfaces/cmake)
[0.936s] -- Found my_robot_interfaces: 0.0.0 (/home/parallels/ros2_ws/ROS2_Humble/install/my_robot_interfaces/share/my_robot_interfaces/cmake)
[0.981s] -- Configuring done
[0.984s] [33mCMake Warning (dev) at CMakeLists.txt:24 (add_executable):
[0.984s]   Policy CMP0115 is not set: Source file extensions must be explicit.  Run
[0.984s]   "cmake --help-policy CMP0115" for policy details.  Use the cmake_policy
[0.984s]   command to set the policy and suppress this warning.
[0.984s] 
[0.984s]   File:
[0.984s] 
[0.984s]     /home/parallels/ros2_ws/ROS2_Humble/src/my_cpp_pkg/src/hardwareStatus_pub.cpp
[0.984s] This warning is for project developers.  Use -Wno-dev to suppress it.
[0.984s] [0m
[0.984s] [33mCMake Warning (dev) at CMakeLists.txt:27 (add_executable):
[0.984s]   Policy CMP0115 is not set: Source file extensions must be explicit.  Run
[0.984s]   "cmake --help-policy CMP0115" for policy details.  Use the cmake_policy
[0.984s]   command to set the policy and suppress this warning.
[0.984s] 
[0.984s]   File:
[0.984s] 
[0.984s]     /home/parallels/ros2_ws/ROS2_Humble/src/my_cpp_pkg/src/hardwarestatus_sub.cpp
[0.984s] This warning is for project developers.  Use -Wno-dev to suppress it.
[0.984s] [0m
[0.984s] [33mCMake Warning (dev) at CMakeLists.txt:30 (add_executable):
[0.984s]   Policy CMP0115 is not set: Source file extensions must be explicit.  Run
[0.984s]   "cmake --help-policy CMP0115" for policy details.  Use the cmake_policy
[0.985s]   command to set the policy and suppress this warning.
[0.985s] 
[0.985s]   File:
[0.985s] 
[0.985s]     /home/parallels/ros2_ws/ROS2_Humble/src/my_cpp_pkg/src/battery_node.cpp
[0.985s] This warning is for project developers.  Use -Wno-dev to suppress it.
[0.985s] [0m
[0.985s] [33mCMake Warning (dev) at CMakeLists.txt:33 (add_executable):
[0.985s]   Policy CMP0115 is not set: Source file extensions must be explicit.  Run
[0.985s]   "cmake --help-policy CMP0115" for policy details.  Use the cmake_policy
[0.985s]   command to set the policy and suppress this warning.
[0.985s] 
[0.985s]   File:
[0.985s] 
[0.985s]     /home/parallels/ros2_ws/ROS2_Humble/src/my_cpp_pkg/src/LED_panel.cpp
[0.985s] This warning is for project developers.  Use -Wno-dev to suppress it.
[0.985s] [0m
[0.995s] -- Generating done
[1.002s] -- Build files have been written to: /home/parallels/ros2_ws/ROS2_Humble/build/my_cpp_pkg
[1.009s] Invoked command in '/home/parallels/ros2_ws/ROS2_Humble/build/my_cpp_pkg' returned '0': AMENT_PREFIX_PATH=/home/parallels/ros2_ws/ROS2_Humble/install/my_robot_interfaces:${AMENT_PREFIX_PATH} CMAKE_PREFIX_PATH=/home/parallels/ros2_ws/ROS2_Humble/install/my_robot_interfaces:/home/parallels/ros2_humble/install/lifecycle_cpp:/home/parallels/ros2_ws/install/urdf_sim_tutorial:/home/parallels/ros2_ws/install/turtlecatch_bringup:/home/parallels/ros2_ws/install/polygon_plugins:/home/parallels/ros2_ws/install/polygon_base:/home/parallels/ros2_ws/install/my_robot_station_bringup:/home/parallels/ros2_ws/install/my_robot_bringup:/home/parallels/ros2_ws/install/my_cpp_pkg:/home/parallels/ros2_ws/install/actions_cpp:/home/parallels/ros2_ws/install/my_robot_interfaces:/home/parallels/ros2_ws/install/my_robot_bringup_gazebo:/home/parallels/ros2_ws/install/my_robot_description:/home/parallels/ros2_ws/install/add_two_ints_cpp:/usr:/home/parallels/ros2_humble/install/lifecycle_py:/home/parallels/ros2_ws/install/turtlesim_catch_them_all:/home/parallels/ros2_ws/install/number_counter:/home/parallels/ros2_ws/install/my_py_pkg:/home/parallels/ros2_ws/install/actions_py:/home/parallels/ros2_ws/install/add_two_ints:/opt/ros/humble LD_LIBRARY_PATH=/home/parallels/ros2_ws/ROS2_Humble/install/my_robot_interfaces/lib:${LD_LIBRARY_PATH} PYTHONPATH=/home/parallels/ros2_ws/ROS2_Humble/install/my_robot_interfaces/local/lib/python3.10/dist-packages:${PYTHONPATH} /usr/bin/cmake /home/parallels/ros2_ws/ROS2_Humble/src/my_cpp_pkg -DCMAKE_INSTALL_PREFIX=/home/parallels/ros2_ws/ROS2_Humble/install/my_cpp_pkg
[1.011s] Invoking command in '/home/parallels/ros2_ws/ROS2_Humble/build/my_cpp_pkg': AMENT_PREFIX_PATH=/home/parallels/ros2_ws/ROS2_Humble/install/my_robot_interfaces:${AMENT_PREFIX_PATH} CMAKE_PREFIX_PATH=/home/parallels/ros2_ws/ROS2_Humble/install/my_robot_interfaces:/home/parallels/ros2_humble/install/lifecycle_cpp:/home/parallels/ros2_ws/install/urdf_sim_tutorial:/home/parallels/ros2_ws/install/turtlecatch_bringup:/home/parallels/ros2_ws/install/polygon_plugins:/home/parallels/ros2_ws/install/polygon_base:/home/parallels/ros2_ws/install/my_robot_station_bringup:/home/parallels/ros2_ws/install/my_robot_bringup:/home/parallels/ros2_ws/install/my_cpp_pkg:/home/parallels/ros2_ws/install/actions_cpp:/home/parallels/ros2_ws/install/my_robot_interfaces:/home/parallels/ros2_ws/install/my_robot_bringup_gazebo:/home/parallels/ros2_ws/install/my_robot_description:/home/parallels/ros2_ws/install/add_two_ints_cpp:/usr:/home/parallels/ros2_humble/install/lifecycle_py:/home/parallels/ros2_ws/install/turtlesim_catch_them_all:/home/parallels/ros2_ws/install/number_counter:/home/parallels/ros2_ws/install/my_py_pkg:/home/parallels/ros2_ws/install/actions_py:/home/parallels/ros2_ws/install/add_two_ints:/opt/ros/humble LD_LIBRARY_PATH=/home/parallels/ros2_ws/ROS2_Humble/install/my_robot_interfaces/lib:${LD_LIBRARY_PATH} PYTHONPATH=/home/parallels/ros2_ws/ROS2_Humble/install/my_robot_interfaces/local/lib/python3.10/dist-packages:${PYTHONPATH} /usr/bin/cmake --build /home/parallels/ros2_ws/ROS2_Humble/build/my_cpp_pkg -- -j8 -l8
[1.047s] [  7%] [32mBuilding CXX object CMakeFiles/cpp_node.dir/src/my_first_node.cpp.o[0m
[1.055s] [ 14%] [32mBuilding CXX object CMakeFiles/robot_radio_station.dir/src/robot_radio_station.cpp.o[0m
[1.056s] [ 21%] [32mBuilding CXX object CMakeFiles/client_battery.dir/src/battery_node.cpp.o[0m
[1.056s] [ 28%] [32mBuilding CXX object CMakeFiles/hardwarestatus_pub.dir/src/hardwareStatus_pub.cpp.o[0m
[1.058s] [ 35%] [32mBuilding CXX object CMakeFiles/hardwarestatus_sub.dir/src/hardwarestatus_sub.cpp.o[0m
[1.062s] [ 42%] [32mBuilding CXX object CMakeFiles/smartphone.dir/src/smartphone.cpp.o[0m
[1.093s] [ 50%] [32mBuilding CXX object CMakeFiles/LED_panel.dir/src/LED_panel.cpp.o[0m
[5.353s] [ 57%] [32m[1mLinking CXX executable cpp_node[0m
[5.640s] [ 57%] Built target cpp_node
[6.338s] [ 64%] [32m[1mLinking CXX executable client_battery[0m
[6.618s] [ 64%] Built target client_battery
[6.898s] [ 71%] [32m[1mLinking CXX executable robot_radio_station[0m
[7.049s] [ 78%] [32m[1mLinking CXX executable hardwarestatus_pub[0m
[7.074s] [ 85%] [32m[1mLinking CXX executable LED_panel[0m
[7.120s] [ 85%] Built target robot_radio_station
[7.238s] [ 85%] Built target hardwarestatus_pub
[7.321s] [ 85%] Built target LED_panel
[8.991s] [ 92%] [32m[1mLinking CXX executable hardwarestatus_sub[0m
[9.223s] [ 92%] Built target hardwarestatus_sub
[9.244s] [100%] [32m[1mLinking CXX executable smartphone[0m
[9.463s] [100%] Built target smartphone
[9.468s] Invoked command in '/home/parallels/ros2_ws/ROS2_Humble/build/my_cpp_pkg' returned '0': AMENT_PREFIX_PATH=/home/parallels/ros2_ws/ROS2_Humble/install/my_robot_interfaces:${AMENT_PREFIX_PATH} CMAKE_PREFIX_PATH=/home/parallels/ros2_ws/ROS2_Humble/install/my_robot_interfaces:/home/parallels/ros2_humble/install/lifecycle_cpp:/home/parallels/ros2_ws/install/urdf_sim_tutorial:/home/parallels/ros2_ws/install/turtlecatch_bringup:/home/parallels/ros2_ws/install/polygon_plugins:/home/parallels/ros2_ws/install/polygon_base:/home/parallels/ros2_ws/install/my_robot_station_bringup:/home/parallels/ros2_ws/install/my_robot_bringup:/home/parallels/ros2_ws/install/my_cpp_pkg:/home/parallels/ros2_ws/install/actions_cpp:/home/parallels/ros2_ws/install/my_robot_interfaces:/home/parallels/ros2_ws/install/my_robot_bringup_gazebo:/home/parallels/ros2_ws/install/my_robot_description:/home/parallels/ros2_ws/install/add_two_ints_cpp:/usr:/home/parallels/ros2_humble/install/lifecycle_py:/home/parallels/ros2_ws/install/turtlesim_catch_them_all:/home/parallels/ros2_ws/install/number_counter:/home/parallels/ros2_ws/install/my_py_pkg:/home/parallels/ros2_ws/install/actions_py:/home/parallels/ros2_ws/install/add_two_ints:/opt/ros/humble LD_LIBRARY_PATH=/home/parallels/ros2_ws/ROS2_Humble/install/my_robot_interfaces/lib:${LD_LIBRARY_PATH} PYTHONPATH=/home/parallels/ros2_ws/ROS2_Humble/install/my_robot_interfaces/local/lib/python3.10/dist-packages:${PYTHONPATH} /usr/bin/cmake --build /home/parallels/ros2_ws/ROS2_Humble/build/my_cpp_pkg -- -j8 -l8
[9.469s] Invoking command in '/home/parallels/ros2_ws/ROS2_Humble/build/my_cpp_pkg': AMENT_PREFIX_PATH=/home/parallels/ros2_ws/ROS2_Humble/install/my_robot_interfaces:${AMENT_PREFIX_PATH} CMAKE_PREFIX_PATH=/home/parallels/ros2_ws/ROS2_Humble/install/my_robot_interfaces:/home/parallels/ros2_humble/install/lifecycle_cpp:/home/parallels/ros2_ws/install/urdf_sim_tutorial:/home/parallels/ros2_ws/install/turtlecatch_bringup:/home/parallels/ros2_ws/install/polygon_plugins:/home/parallels/ros2_ws/install/polygon_base:/home/parallels/ros2_ws/install/my_robot_station_bringup:/home/parallels/ros2_ws/install/my_robot_bringup:/home/parallels/ros2_ws/install/my_cpp_pkg:/home/parallels/ros2_ws/install/actions_cpp:/home/parallels/ros2_ws/install/my_robot_interfaces:/home/parallels/ros2_ws/install/my_robot_bringup_gazebo:/home/parallels/ros2_ws/install/my_robot_description:/home/parallels/ros2_ws/install/add_two_ints_cpp:/usr:/home/parallels/ros2_humble/install/lifecycle_py:/home/parallels/ros2_ws/install/turtlesim_catch_them_all:/home/parallels/ros2_ws/install/number_counter:/home/parallels/ros2_ws/install/my_py_pkg:/home/parallels/ros2_ws/install/actions_py:/home/parallels/ros2_ws/install/add_two_ints:/opt/ros/humble LD_LIBRARY_PATH=/home/parallels/ros2_ws/ROS2_Humble/install/my_robot_interfaces/lib:${LD_LIBRARY_PATH} PYTHONPATH=/home/parallels/ros2_ws/ROS2_Humble/install/my_robot_interfaces/local/lib/python3.10/dist-packages:${PYTHONPATH} /usr/bin/cmake --install /home/parallels/ros2_ws/ROS2_Humble/build/my_cpp_pkg
[9.472s] -- Install configuration: ""
[9.472s] -- Installing: /home/parallels/ros2_ws/ROS2_Humble/install/my_cpp_pkg/lib/my_cpp_pkg/cpp_node
[9.472s] -- Set runtime path of "/home/parallels/ros2_ws/ROS2_Humble/install/my_cpp_pkg/lib/my_cpp_pkg/cpp_node" to ""
[9.472s] -- Installing: /home/parallels/ros2_ws/ROS2_Humble/install/my_cpp_pkg/lib/my_cpp_pkg/robot_radio_station
[9.473s] -- Set runtime path of "/home/parallels/ros2_ws/ROS2_Humble/install/my_cpp_pkg/lib/my_cpp_pkg/robot_radio_station" to ""
[9.473s] -- Installing: /home/parallels/ros2_ws/ROS2_Humble/install/my_cpp_pkg/lib/my_cpp_pkg/smartphone
[9.475s] -- Set runtime path of "/home/parallels/ros2_ws/ROS2_Humble/install/my_cpp_pkg/lib/my_cpp_pkg/smartphone" to ""
[9.475s] -- Installing: /home/parallels/ros2_ws/ROS2_Humble/install/my_cpp_pkg/lib/my_cpp_pkg/hardwarestatus_pub
[9.476s] -- Set runtime path of "/home/parallels/ros2_ws/ROS2_Humble/install/my_cpp_pkg/lib/my_cpp_pkg/hardwarestatus_pub" to ""
[9.476s] -- Installing: /home/parallels/ros2_ws/ROS2_Humble/install/my_cpp_pkg/lib/my_cpp_pkg/hardwarestatus_sub
[9.478s] -- Set runtime path of "/home/parallels/ros2_ws/ROS2_Humble/install/my_cpp_pkg/lib/my_cpp_pkg/hardwarestatus_sub" to ""
[9.478s] -- Installing: /home/parallels/ros2_ws/ROS2_Humble/install/my_cpp_pkg/lib/my_cpp_pkg/client_battery
[9.478s] -- Set runtime path of "/home/parallels/ros2_ws/ROS2_Humble/install/my_cpp_pkg/lib/my_cpp_pkg/client_battery" to ""
[9.478s] -- Installing: /home/parallels/ros2_ws/ROS2_Humble/install/my_cpp_pkg/lib/my_cpp_pkg/LED_panel
[9.479s] -- Set runtime path of "/home/parallels/ros2_ws/ROS2_Humble/install/my_cpp_pkg/lib/my_cpp_pkg/LED_panel" to ""
[9.479s] -- Installing: /home/parallels/ros2_ws/ROS2_Humble/install/my_cpp_pkg/share/ament_index/resource_index/package_run_dependencies/my_cpp_pkg
[9.479s] -- Installing: /home/parallels/ros2_ws/ROS2_Humble/install/my_cpp_pkg/share/ament_index/resource_index/parent_prefix_path/my_cpp_pkg
[9.479s] -- Installing: /home/parallels/ros2_ws/ROS2_Humble/install/my_cpp_pkg/share/my_cpp_pkg/environment/ament_prefix_path.sh
[9.479s] -- Installing: /home/parallels/ros2_ws/ROS2_Humble/install/my_cpp_pkg/share/my_cpp_pkg/environment/ament_prefix_path.dsv
[9.479s] -- Installing: /home/parallels/ros2_ws/ROS2_Humble/install/my_cpp_pkg/share/my_cpp_pkg/environment/path.sh
[9.479s] -- Installing: /home/parallels/ros2_ws/ROS2_Humble/install/my_cpp_pkg/share/my_cpp_pkg/environment/path.dsv
[9.480s] -- Installing: /home/parallels/ros2_ws/ROS2_Humble/install/my_cpp_pkg/share/my_cpp_pkg/local_setup.bash
[9.480s] -- Installing: /home/parallels/ros2_ws/ROS2_Humble/install/my_cpp_pkg/share/my_cpp_pkg/local_setup.sh
[9.480s] -- Installing: /home/parallels/ros2_ws/ROS2_Humble/install/my_cpp_pkg/share/my_cpp_pkg/local_setup.zsh
[9.480s] -- Installing: /home/parallels/ros2_ws/ROS2_Humble/install/my_cpp_pkg/share/my_cpp_pkg/local_setup.dsv
[9.480s] -- Installing: /home/parallels/ros2_ws/ROS2_Humble/install/my_cpp_pkg/share/my_cpp_pkg/package.dsv
[9.480s] -- Installing: /home/parallels/ros2_ws/ROS2_Humble/install/my_cpp_pkg/share/ament_index/resource_index/packages/my_cpp_pkg
[9.480s] -- Installing: /home/parallels/ros2_ws/ROS2_Humble/install/my_cpp_pkg/share/my_cpp_pkg/cmake/my_cpp_pkgConfig.cmake
[9.480s] -- Installing: /home/parallels/ros2_ws/ROS2_Humble/install/my_cpp_pkg/share/my_cpp_pkg/cmake/my_cpp_pkgConfig-version.cmake
[9.480s] -- Installing: /home/parallels/ros2_ws/ROS2_Humble/install/my_cpp_pkg/share/my_cpp_pkg/package.xml
[9.481s] Invoked command in '/home/parallels/ros2_ws/ROS2_Humble/build/my_cpp_pkg' returned '0': AMENT_PREFIX_PATH=/home/parallels/ros2_ws/ROS2_Humble/install/my_robot_interfaces:${AMENT_PREFIX_PATH} CMAKE_PREFIX_PATH=/home/parallels/ros2_ws/ROS2_Humble/install/my_robot_interfaces:/home/parallels/ros2_humble/install/lifecycle_cpp:/home/parallels/ros2_ws/install/urdf_sim_tutorial:/home/parallels/ros2_ws/install/turtlecatch_bringup:/home/parallels/ros2_ws/install/polygon_plugins:/home/parallels/ros2_ws/install/polygon_base:/home/parallels/ros2_ws/install/my_robot_station_bringup:/home/parallels/ros2_ws/install/my_robot_bringup:/home/parallels/ros2_ws/install/my_cpp_pkg:/home/parallels/ros2_ws/install/actions_cpp:/home/parallels/ros2_ws/install/my_robot_interfaces:/home/parallels/ros2_ws/install/my_robot_bringup_gazebo:/home/parallels/ros2_ws/install/my_robot_description:/home/parallels/ros2_ws/install/add_two_ints_cpp:/usr:/home/parallels/ros2_humble/install/lifecycle_py:/home/parallels/ros2_ws/install/turtlesim_catch_them_all:/home/parallels/ros2_ws/install/number_counter:/home/parallels/ros2_ws/install/my_py_pkg:/home/parallels/ros2_ws/install/actions_py:/home/parallels/ros2_ws/install/add_two_ints:/opt/ros/humble LD_LIBRARY_PATH=/home/parallels/ros2_ws/ROS2_Humble/install/my_robot_interfaces/lib:${LD_LIBRARY_PATH} PYTHONPATH=/home/parallels/ros2_ws/ROS2_Humble/install/my_robot_interfaces/local/lib/python3.10/dist-packages:${PYTHONPATH} /usr/bin/cmake --install /home/parallels/ros2_ws/ROS2_Humble/build/my_cpp_pkg
