[0.008s] Invoking command in '/home/parallels/ros2_ws/build/my_robot_station_bringup': CMAKE_PREFIX_PATH=/home/parallels/ros2_ws/install/my_cpp_pkg:/home/parallels/ros2_ws/install/my_robot_interfaces:/home/parallels/ros2_ws/install/urdf_sim_tutorial:/home/parallels/ros2_ws/install/turtlecatch_bringup:/home/parallels/ros2_ws/install/polygon_plugins:/home/parallels/ros2_ws/install/polygon_base:/home/parallels/ros2_ws/install/my_robot_station_bringup:/home/parallels/ros2_ws/install/my_robot_bringup:/home/parallels/ros2_ws/install/my_robot_description:/home/parallels/ros2_ws/install/my_robot_bringup_gazebo:/home/parallels/ros2_ws/install/add_two_ints_cpp:/usr:/usr:/home/parallels/ros2_ws/install/turtlesim_catch_them_all:/home/parallels/ros2_ws/install/number_counter:/home/parallels/ros2_ws/install/my_py_pkg:/home/parallels/ros2_ws/install/add_two_ints:/opt/ros/humble LD_LIBRARY_PATH=/home/parallels/ros2_ws/install/my_robot_interfaces/lib:/home/parallels/ros2_ws/install/polygon_plugins/lib:/opt/ros/humble/opt/rviz_ogre_vendor/lib:/opt/ros/humble/lib/aarch64-linux-gnu:/opt/ros/humble/lib /usr/bin/cmake /home/parallels/ros2_ws/src/my_robot_station_bringup -DCMAKE_INSTALL_PREFIX=/home/parallels/ros2_ws/install/my_robot_station_bringup
[0.083s] -- The C compiler identification is GNU 11.4.0
[0.118s] -- The CXX compiler identification is GNU 11.4.0
[0.127s] -- Detecting C compiler ABI info
[0.158s] -- Detecting C compiler ABI info - done
[0.162s] -- Check for working C compiler: /usr/bin/cc - skipped
[0.162s] -- Detecting C compile features
[0.162s] -- Detecting C compile features - done
[0.164s] -- Detecting CXX compiler ABI info
[0.203s] -- Detecting CXX compiler ABI info - done
[0.207s] -- Check for working CXX compiler: /usr/bin/c++ - skipped
[0.207s] -- Detecting CXX compile features
[0.207s] -- Detecting CXX compile features - done
[0.230s] -- Found ament_cmake: 1.3.11 (/opt/ros/humble/share/ament_cmake/cmake)
[0.341s] -- Found Python3: /usr/bin/python3 (found version "3.10.12") found components: Interpreter 
[0.515s] -- Configuring done
[0.516s] -- Generating done
[0.517s] -- Build files have been written to: /home/parallels/ros2_ws/build/my_robot_station_bringup
[0.520s] Invoked command in '/home/parallels/ros2_ws/build/my_robot_station_bringup' returned '0': CMAKE_PREFIX_PATH=/home/parallels/ros2_ws/install/my_cpp_pkg:/home/parallels/ros2_ws/install/my_robot_interfaces:/home/parallels/ros2_ws/install/urdf_sim_tutorial:/home/parallels/ros2_ws/install/turtlecatch_bringup:/home/parallels/ros2_ws/install/polygon_plugins:/home/parallels/ros2_ws/install/polygon_base:/home/parallels/ros2_ws/install/my_robot_station_bringup:/home/parallels/ros2_ws/install/my_robot_bringup:/home/parallels/ros2_ws/install/my_robot_description:/home/parallels/ros2_ws/install/my_robot_bringup_gazebo:/home/parallels/ros2_ws/install/add_two_ints_cpp:/usr:/usr:/home/parallels/ros2_ws/install/turtlesim_catch_them_all:/home/parallels/ros2_ws/install/number_counter:/home/parallels/ros2_ws/install/my_py_pkg:/home/parallels/ros2_ws/install/add_two_ints:/opt/ros/humble LD_LIBRARY_PATH=/home/parallels/ros2_ws/install/my_robot_interfaces/lib:/home/parallels/ros2_ws/install/polygon_plugins/lib:/opt/ros/humble/opt/rviz_ogre_vendor/lib:/opt/ros/humble/lib/aarch64-linux-gnu:/opt/ros/humble/lib /usr/bin/cmake /home/parallels/ros2_ws/src/my_robot_station_bringup -DCMAKE_INSTALL_PREFIX=/home/parallels/ros2_ws/install/my_robot_station_bringup
[0.521s] Invoking command in '/home/parallels/ros2_ws/build/my_robot_station_bringup': CMAKE_PREFIX_PATH=/home/parallels/ros2_ws/install/my_cpp_pkg:/home/parallels/ros2_ws/install/my_robot_interfaces:/home/parallels/ros2_ws/install/urdf_sim_tutorial:/home/parallels/ros2_ws/install/turtlecatch_bringup:/home/parallels/ros2_ws/install/polygon_plugins:/home/parallels/ros2_ws/install/polygon_base:/home/parallels/ros2_ws/install/my_robot_station_bringup:/home/parallels/ros2_ws/install/my_robot_bringup:/home/parallels/ros2_ws/install/my_robot_description:/home/parallels/ros2_ws/install/my_robot_bringup_gazebo:/home/parallels/ros2_ws/install/add_two_ints_cpp:/usr:/usr:/home/parallels/ros2_ws/install/turtlesim_catch_them_all:/home/parallels/ros2_ws/install/number_counter:/home/parallels/ros2_ws/install/my_py_pkg:/home/parallels/ros2_ws/install/add_two_ints:/opt/ros/humble LD_LIBRARY_PATH=/home/parallels/ros2_ws/install/my_robot_interfaces/lib:/home/parallels/ros2_ws/install/polygon_plugins/lib:/opt/ros/humble/opt/rviz_ogre_vendor/lib:/opt/ros/humble/lib/aarch64-linux-gnu:/opt/ros/humble/lib /usr/bin/cmake --build /home/parallels/ros2_ws/build/my_robot_station_bringup -- -j4 -l4
[0.545s] Invoked command in '/home/parallels/ros2_ws/build/my_robot_station_bringup' returned '0': CMAKE_PREFIX_PATH=/home/parallels/ros2_ws/install/my_cpp_pkg:/home/parallels/ros2_ws/install/my_robot_interfaces:/home/parallels/ros2_ws/install/urdf_sim_tutorial:/home/parallels/ros2_ws/install/turtlecatch_bringup:/home/parallels/ros2_ws/install/polygon_plugins:/home/parallels/ros2_ws/install/polygon_base:/home/parallels/ros2_ws/install/my_robot_station_bringup:/home/parallels/ros2_ws/install/my_robot_bringup:/home/parallels/ros2_ws/install/my_robot_description:/home/parallels/ros2_ws/install/my_robot_bringup_gazebo:/home/parallels/ros2_ws/install/add_two_ints_cpp:/usr:/usr:/home/parallels/ros2_ws/install/turtlesim_catch_them_all:/home/parallels/ros2_ws/install/number_counter:/home/parallels/ros2_ws/install/my_py_pkg:/home/parallels/ros2_ws/install/add_two_ints:/opt/ros/humble LD_LIBRARY_PATH=/home/parallels/ros2_ws/install/my_robot_interfaces/lib:/home/parallels/ros2_ws/install/polygon_plugins/lib:/opt/ros/humble/opt/rviz_ogre_vendor/lib:/opt/ros/humble/lib/aarch64-linux-gnu:/opt/ros/humble/lib /usr/bin/cmake --build /home/parallels/ros2_ws/build/my_robot_station_bringup -- -j4 -l4
[0.546s] Invoking command in '/home/parallels/ros2_ws/build/my_robot_station_bringup': CMAKE_PREFIX_PATH=/home/parallels/ros2_ws/install/my_cpp_pkg:/home/parallels/ros2_ws/install/my_robot_interfaces:/home/parallels/ros2_ws/install/urdf_sim_tutorial:/home/parallels/ros2_ws/install/turtlecatch_bringup:/home/parallels/ros2_ws/install/polygon_plugins:/home/parallels/ros2_ws/install/polygon_base:/home/parallels/ros2_ws/install/my_robot_station_bringup:/home/parallels/ros2_ws/install/my_robot_bringup:/home/parallels/ros2_ws/install/my_robot_description:/home/parallels/ros2_ws/install/my_robot_bringup_gazebo:/home/parallels/ros2_ws/install/add_two_ints_cpp:/usr:/usr:/home/parallels/ros2_ws/install/turtlesim_catch_them_all:/home/parallels/ros2_ws/install/number_counter:/home/parallels/ros2_ws/install/my_py_pkg:/home/parallels/ros2_ws/install/add_two_ints:/opt/ros/humble LD_LIBRARY_PATH=/home/parallels/ros2_ws/install/my_robot_interfaces/lib:/home/parallels/ros2_ws/install/polygon_plugins/lib:/opt/ros/humble/opt/rviz_ogre_vendor/lib:/opt/ros/humble/lib/aarch64-linux-gnu:/opt/ros/humble/lib /usr/bin/cmake --install /home/parallels/ros2_ws/build/my_robot_station_bringup
[0.548s] -- Install configuration: ""
[0.548s] -- Installing: /home/parallels/ros2_ws/install/my_robot_station_bringup/share/my_robot_station_bringup/launch
[0.548s] -- Installing: /home/parallels/ros2_ws/install/my_robot_station_bringup/share/my_robot_station_bringup/launch/robot_station.launch.py
[0.548s] -- Installing: /home/parallels/ros2_ws/install/my_robot_station_bringup/share/ament_index/resource_index/package_run_dependencies/my_robot_station_bringup
[0.549s] -- Installing: /home/parallels/ros2_ws/install/my_robot_station_bringup/share/ament_index/resource_index/parent_prefix_path/my_robot_station_bringup
[0.549s] -- Installing: /home/parallels/ros2_ws/install/my_robot_station_bringup/share/my_robot_station_bringup/environment/ament_prefix_path.sh
[0.549s] -- Installing: /home/parallels/ros2_ws/install/my_robot_station_bringup/share/my_robot_station_bringup/environment/ament_prefix_path.dsv
[0.549s] -- Installing: /home/parallels/ros2_ws/install/my_robot_station_bringup/share/my_robot_station_bringup/environment/path.sh
[0.549s] -- Installing: /home/parallels/ros2_ws/install/my_robot_station_bringup/share/my_robot_station_bringup/environment/path.dsv
[0.549s] -- Installing: /home/parallels/ros2_ws/install/my_robot_station_bringup/share/my_robot_station_bringup/local_setup.bash
[0.549s] -- Installing: /home/parallels/ros2_ws/install/my_robot_station_bringup/share/my_robot_station_bringup/local_setup.sh
[0.549s] -- Installing: /home/parallels/ros2_ws/install/my_robot_station_bringup/share/my_robot_station_bringup/local_setup.zsh
[0.549s] -- Installing: /home/parallels/ros2_ws/install/my_robot_station_bringup/share/my_robot_station_bringup/local_setup.dsv
[0.549s] -- Installing: /home/parallels/ros2_ws/install/my_robot_station_bringup/share/my_robot_station_bringup/package.dsv
[0.549s] -- Installing: /home/parallels/ros2_ws/install/my_robot_station_bringup/share/ament_index/resource_index/packages/my_robot_station_bringup
[0.549s] -- Installing: /home/parallels/ros2_ws/install/my_robot_station_bringup/share/my_robot_station_bringup/cmake/my_robot_station_bringupConfig.cmake
[0.549s] -- Installing: /home/parallels/ros2_ws/install/my_robot_station_bringup/share/my_robot_station_bringup/cmake/my_robot_station_bringupConfig-version.cmake
[0.549s] -- Installing: /home/parallels/ros2_ws/install/my_robot_station_bringup/share/my_robot_station_bringup/package.xml
[0.550s] Invoked command in '/home/parallels/ros2_ws/build/my_robot_station_bringup' returned '0': CMAKE_PREFIX_PATH=/home/parallels/ros2_ws/install/my_cpp_pkg:/home/parallels/ros2_ws/install/my_robot_interfaces:/home/parallels/ros2_ws/install/urdf_sim_tutorial:/home/parallels/ros2_ws/install/turtlecatch_bringup:/home/parallels/ros2_ws/install/polygon_plugins:/home/parallels/ros2_ws/install/polygon_base:/home/parallels/ros2_ws/install/my_robot_station_bringup:/home/parallels/ros2_ws/install/my_robot_bringup:/home/parallels/ros2_ws/install/my_robot_description:/home/parallels/ros2_ws/install/my_robot_bringup_gazebo:/home/parallels/ros2_ws/install/add_two_ints_cpp:/usr:/usr:/home/parallels/ros2_ws/install/turtlesim_catch_them_all:/home/parallels/ros2_ws/install/number_counter:/home/parallels/ros2_ws/install/my_py_pkg:/home/parallels/ros2_ws/install/add_two_ints:/opt/ros/humble LD_LIBRARY_PATH=/home/parallels/ros2_ws/install/my_robot_interfaces/lib:/home/parallels/ros2_ws/install/polygon_plugins/lib:/opt/ros/humble/opt/rviz_ogre_vendor/lib:/opt/ros/humble/lib/aarch64-linux-gnu:/opt/ros/humble/lib /usr/bin/cmake --install /home/parallels/ros2_ws/build/my_robot_station_bringup
