-- Install configuration: ""
-- Execute custom install script
-- Symlinking: /home/parallels/ros2_ws/install/my_robot_bringup_gazebo/share/my_robot_bringup_gazebo//launch/display.launch.xml
-- Symlinking: /home/parallels/ros2_ws/install/my_robot_bringup_gazebo/share/my_robot_bringup_gazebo//urdf/common_properties.xacro
-- Symlinking: /home/parallels/ros2_ws/install/my_robot_bringup_gazebo/share/my_robot_bringup_gazebo//urdf/mobile_base.xacro
-- Symlinking: /home/parallels/ros2_ws/install/my_robot_bringup_gazebo/share/my_robot_bringup_gazebo//urdf/my_robot.urdf.xacro
-- Symlinking: /home/parallels/ros2_ws/install/my_robot_bringup_gazebo/share/my_robot_bringup_gazebo//rviz/robo_config.rviz
-- Symlinking: /home/parallels/ros2_ws/install/my_robot_bringup_gazebo/share/ament_index/resource_index/package_run_dependencies/my_robot_bringup_gazebo
-- Symlinking: /home/parallels/ros2_ws/install/my_robot_bringup_gazebo/share/ament_index/resource_index/parent_prefix_path/my_robot_bringup_gazebo
-- Symlinking: /home/parallels/ros2_ws/install/my_robot_bringup_gazebo/share/my_robot_bringup_gazebo/environment/ament_prefix_path.sh
-- Symlinking: /home/parallels/ros2_ws/install/my_robot_bringup_gazebo/share/my_robot_bringup_gazebo/environment/ament_prefix_path.dsv
-- Symlinking: /home/parallels/ros2_ws/install/my_robot_bringup_gazebo/share/my_robot_bringup_gazebo/environment/path.sh
-- Symlinking: /home/parallels/ros2_ws/install/my_robot_bringup_gazebo/share/my_robot_bringup_gazebo/environment/path.dsv
-- Symlinking: /home/parallels/ros2_ws/install/my_robot_bringup_gazebo/share/my_robot_bringup_gazebo/local_setup.bash
-- Symlinking: /home/parallels/ros2_ws/install/my_robot_bringup_gazebo/share/my_robot_bringup_gazebo/local_setup.sh
-- Symlinking: /home/parallels/ros2_ws/install/my_robot_bringup_gazebo/share/my_robot_bringup_gazebo/local_setup.zsh
-- Symlinking: /home/parallels/ros2_ws/install/my_robot_bringup_gazebo/share/my_robot_bringup_gazebo/local_setup.dsv
-- Symlinking: /home/parallels/ros2_ws/install/my_robot_bringup_gazebo/share/my_robot_bringup_gazebo/package.dsv
-- Symlinking: /home/parallels/ros2_ws/install/my_robot_bringup_gazebo/share/ament_index/resource_index/packages/my_robot_bringup_gazebo
-- Symlinking: /home/parallels/ros2_ws/install/my_robot_bringup_gazebo/share/my_robot_bringup_gazebo/cmake/my_robot_bringup_gazeboConfig.cmake
-- Symlinking: /home/parallels/ros2_ws/install/my_robot_bringup_gazebo/share/my_robot_bringup_gazebo/cmake/my_robot_bringup_gazeboConfig-version.cmake
-- Symlinking: /home/parallels/ros2_ws/install/my_robot_bringup_gazebo/share/my_robot_bringup_gazebo/package.xml
