[0.004s] Invoking command in '/home/parallels/ros2_ws/build/transmission_interface': CMAKE_PREFIX_PATH=/home/parallels/ros2_ws/install/hardware_interface:/home/parallels/ros2_ws/install/ros2_control_test_assets:/home/parallels/ros2_ws/install/ros2_controllers:/home/parallels/ros2_ws/install/ign_ros2_control_demos:/home/parallels/ros2_ws/install/velocity_controllers:/home/parallels/ros2_ws/install/tricycle_steering_controller:/home/parallels/ros2_ws/install/tricycle_controller:/home/parallels/ros2_ws/install/ros2_control:/home/parallels/ros2_ws/install/transmission_interface:/home/parallels/ros2_ws/install/bicycle_steering_controller:/home/parallels/ros2_ws/install/ackermann_steering_controller:/home/parallels/ros2_ws/install/steering_controllers_library:/home/parallels/ros2_ws/install/gz_ros2_control_tests:/home/parallels/ros2_ws/install/ign_ros2_control:/home/parallels/ros2_ws/install/hardware_interface_testing:/home/parallels/ros2_ws/install/controller_manager:/home/parallels/ros2_ws/install/ros2_control_demo_description:/home/parallels/ros2_ws/install/range_sensor_broadcaster:/home/parallels/ros2_ws/install/position_controllers:/home/parallels/ros2_ws/install/polygon_plugins:/home/parallels/ros2_ws/install/admittance_controller:/home/parallels/ros2_ws/install/joint_trajectory_controller:/home/parallels/ros2_ws/install/joint_state_broadcaster:/home/parallels/ros2_ws/install/joint_limits:/home/parallels/ros2_ws/install/imu_sensor_broadcaster:/home/parallels/ros2_ws/install/gripper_controllers:/home/parallels/ros2_ws/install/effort_controllers:/home/parallels/ros2_ws/install/forward_command_controller:/home/parallels/ros2_ws/install/force_torque_sensor_broadcaster:/home/parallels/ros2_ws/install/diff_drive_controller:/home/parallels/ros2_ws/install/controller_interface:/home/parallels/ros2_ws/install/controller_manager_msgs:/usr:/home/parallels/ros2_ws/install/rqt_joint_trajectory_controller:/home/parallels/ros2_ws/install/rqt_controller_manager:/home/parallels/ros2_ws/install/ros2controlcli:/home/parallels/ros2_ws/install/ros2_controllers_test_nodes:/home/parallels/ros2_ws/install/polygon_base:/opt/ros/humble LD_LIBRARY_PATH=/home/parallels/ros2_ws/install/hardware_interface/lib:/home/parallels/ros2_ws/install/velocity_controllers/lib:/home/parallels/ros2_ws/install/tricycle_steering_controller/lib:/home/parallels/ros2_ws/install/tricycle_controller/lib:/home/parallels/ros2_ws/install/transmission_interface/lib:/home/parallels/ros2_ws/install/bicycle_steering_controller/lib:/home/parallels/ros2_ws/install/ackermann_steering_controller/lib:/home/parallels/ros2_ws/install/steering_controllers_library/lib:/home/parallels/ros2_ws/install/ign_ros2_control/lib:/home/parallels/ros2_ws/install/hardware_interface_testing/lib:/home/parallels/ros2_ws/install/controller_manager/lib:/home/parallels/ros2_ws/install/range_sensor_broadcaster/lib:/home/parallels/ros2_ws/install/position_controllers/lib:/home/parallels/ros2_ws/install/polygon_plugins/lib:/home/parallels/ros2_ws/install/admittance_controller/lib:/home/parallels/ros2_ws/install/joint_trajectory_controller/lib:/home/parallels/ros2_ws/install/joint_state_broadcaster/lib:/home/parallels/ros2_ws/install/imu_sensor_broadcaster/lib:/home/parallels/ros2_ws/install/gripper_controllers/lib:/home/parallels/ros2_ws/install/effort_controllers/lib:/home/parallels/ros2_ws/install/forward_command_controller/lib:/home/parallels/ros2_ws/install/force_torque_sensor_broadcaster/lib:/home/parallels/ros2_ws/install/diff_drive_controller/lib:/home/parallels/ros2_ws/install/controller_interface/lib:/home/parallels/ros2_ws/install/controller_manager_msgs/lib:/opt/ros/humble/opt/rviz_ogre_vendor/lib:/opt/ros/humble/lib/aarch64-linux-gnu:/opt/ros/humble/lib /usr/bin/cmake /home/parallels/ros2_ws/src/ros2_control/transmission_interface -DCMAKE_INSTALL_PREFIX=/home/parallels/ros2_ws/install/transmission_interface
[0.071s] -- The C compiler identification is GNU 11.4.0
[0.105s] -- The CXX compiler identification is GNU 11.4.0
[0.112s] -- Detecting C compiler ABI info
[0.162s] -- Detecting C compiler ABI info - done
[0.166s] -- Check for working C compiler: /usr/bin/cc - skipped
[0.166s] -- Detecting C compile features
[0.166s] -- Detecting C compile features - done
[0.168s] -- Detecting CXX compiler ABI info
[0.218s] -- Detecting CXX compiler ABI info - done
[0.222s] -- Check for working CXX compiler: /usr/bin/c++ - skipped
[0.222s] -- Detecting CXX compile features
[0.223s] -- Detecting CXX compile features - done
[0.230s] -- Found ament_cmake: 1.3.10 (/opt/ros/humble/share/ament_cmake/cmake)
[0.390s] -- Found Python3: /usr/bin/python3 (found version "3.10.12") found components: Interpreter 
[0.575s] -- Found hardware_interface: 2.41.0 (/home/parallels/ros2_ws/install/hardware_interface/share/hardware_interface/cmake)
[0.641s] -- Found rosidl_generator_c: 3.1.5 (/opt/ros/humble/share/rosidl_generator_c/cmake)
[0.651s] -- Found rosidl_adapter: 3.1.5 (/opt/ros/humble/share/rosidl_adapter/cmake)
[0.663s] -- Found rosidl_generator_cpp: 3.1.5 (/opt/ros/humble/share/rosidl_generator_cpp/cmake)
[0.677s] -- Using all available rosidl_typesupport_c: rosidl_typesupport_fastrtps_c;rosidl_typesupport_introspection_c
[0.697s] -- Using all available rosidl_typesupport_cpp: rosidl_typesupport_fastrtps_cpp;rosidl_typesupport_introspection_cpp
[0.988s] -- Found rmw_implementation_cmake: 6.1.2 (/opt/ros/humble/share/rmw_implementation_cmake/cmake)
[0.994s] -- Found rmw_fastrtps_cpp: 6.2.7 (/opt/ros/humble/share/rmw_fastrtps_cpp/cmake)
[1.028s] -- Found TinyXML2 via Config file: TinyXML2_DIR-NOTFOUND
[1.074s] -- Found OpenSSL: /usr/lib/aarch64-linux-gnu/libcrypto.so (found version "3.0.2")  
[1.076s] -- Found TinyXML2 via Config file: TinyXML2_DIR-NOTFOUND
[1.091s] -- Found FastRTPS: /opt/ros/humble/include  
[1.093s] -- Found TinyXML2 via Config file: TinyXML2_DIR-NOTFOUND
[1.097s] -- Found TinyXML2 via Config file: TinyXML2_DIR-NOTFOUND
[1.104s] -- Using RMW implementation 'rmw_fastrtps_cpp' as default
[1.115s] -- Looking for pthread.h
[1.155s] -- Looking for pthread.h - found
[1.155s] -- Performing Test CMAKE_HAVE_LIBC_PTHREAD
[1.195s] -- Performing Test CMAKE_HAVE_LIBC_PTHREAD - Success
[1.196s] -- Found Threads: TRUE  
[1.257s] -- Found ament_cmake_gmock: 1.3.10 (/opt/ros/humble/share/ament_cmake_gmock/cmake)
[1.261s] -- Found gmock sources under '/opt/ros/humble/src/gmock_vendor': C++ tests using 'Google Mock' will be built
[1.271s] -- Found ament_cmake_gtest: 1.3.10 (/opt/ros/humble/share/ament_cmake_gtest/cmake)
[1.271s] -- Found gtest sources under '/opt/ros/humble/src/gtest_vendor': C++ tests using 'Google Test' will be built
[1.357s] -- Configuring done
[1.561s] -- Generating done
[1.566s] -- Build files have been written to: /home/parallels/ros2_ws/build/transmission_interface
[1.574s] Invoked command in '/home/parallels/ros2_ws/build/transmission_interface' returned '0': CMAKE_PREFIX_PATH=/home/parallels/ros2_ws/install/hardware_interface:/home/parallels/ros2_ws/install/ros2_control_test_assets:/home/parallels/ros2_ws/install/ros2_controllers:/home/parallels/ros2_ws/install/ign_ros2_control_demos:/home/parallels/ros2_ws/install/velocity_controllers:/home/parallels/ros2_ws/install/tricycle_steering_controller:/home/parallels/ros2_ws/install/tricycle_controller:/home/parallels/ros2_ws/install/ros2_control:/home/parallels/ros2_ws/install/transmission_interface:/home/parallels/ros2_ws/install/bicycle_steering_controller:/home/parallels/ros2_ws/install/ackermann_steering_controller:/home/parallels/ros2_ws/install/steering_controllers_library:/home/parallels/ros2_ws/install/gz_ros2_control_tests:/home/parallels/ros2_ws/install/ign_ros2_control:/home/parallels/ros2_ws/install/hardware_interface_testing:/home/parallels/ros2_ws/install/controller_manager:/home/parallels/ros2_ws/install/ros2_control_demo_description:/home/parallels/ros2_ws/install/range_sensor_broadcaster:/home/parallels/ros2_ws/install/position_controllers:/home/parallels/ros2_ws/install/polygon_plugins:/home/parallels/ros2_ws/install/admittance_controller:/home/parallels/ros2_ws/install/joint_trajectory_controller:/home/parallels/ros2_ws/install/joint_state_broadcaster:/home/parallels/ros2_ws/install/joint_limits:/home/parallels/ros2_ws/install/imu_sensor_broadcaster:/home/parallels/ros2_ws/install/gripper_controllers:/home/parallels/ros2_ws/install/effort_controllers:/home/parallels/ros2_ws/install/forward_command_controller:/home/parallels/ros2_ws/install/force_torque_sensor_broadcaster:/home/parallels/ros2_ws/install/diff_drive_controller:/home/parallels/ros2_ws/install/controller_interface:/home/parallels/ros2_ws/install/controller_manager_msgs:/usr:/home/parallels/ros2_ws/install/rqt_joint_trajectory_controller:/home/parallels/ros2_ws/install/rqt_controller_manager:/home/parallels/ros2_ws/install/ros2controlcli:/home/parallels/ros2_ws/install/ros2_controllers_test_nodes:/home/parallels/ros2_ws/install/polygon_base:/opt/ros/humble LD_LIBRARY_PATH=/home/parallels/ros2_ws/install/hardware_interface/lib:/home/parallels/ros2_ws/install/velocity_controllers/lib:/home/parallels/ros2_ws/install/tricycle_steering_controller/lib:/home/parallels/ros2_ws/install/tricycle_controller/lib:/home/parallels/ros2_ws/install/transmission_interface/lib:/home/parallels/ros2_ws/install/bicycle_steering_controller/lib:/home/parallels/ros2_ws/install/ackermann_steering_controller/lib:/home/parallels/ros2_ws/install/steering_controllers_library/lib:/home/parallels/ros2_ws/install/ign_ros2_control/lib:/home/parallels/ros2_ws/install/hardware_interface_testing/lib:/home/parallels/ros2_ws/install/controller_manager/lib:/home/parallels/ros2_ws/install/range_sensor_broadcaster/lib:/home/parallels/ros2_ws/install/position_controllers/lib:/home/parallels/ros2_ws/install/polygon_plugins/lib:/home/parallels/ros2_ws/install/admittance_controller/lib:/home/parallels/ros2_ws/install/joint_trajectory_controller/lib:/home/parallels/ros2_ws/install/joint_state_broadcaster/lib:/home/parallels/ros2_ws/install/imu_sensor_broadcaster/lib:/home/parallels/ros2_ws/install/gripper_controllers/lib:/home/parallels/ros2_ws/install/effort_controllers/lib:/home/parallels/ros2_ws/install/forward_command_controller/lib:/home/parallels/ros2_ws/install/force_torque_sensor_broadcaster/lib:/home/parallels/ros2_ws/install/diff_drive_controller/lib:/home/parallels/ros2_ws/install/controller_interface/lib:/home/parallels/ros2_ws/install/controller_manager_msgs/lib:/opt/ros/humble/opt/rviz_ogre_vendor/lib:/opt/ros/humble/lib/aarch64-linux-gnu:/opt/ros/humble/lib /usr/bin/cmake /home/parallels/ros2_ws/src/ros2_control/transmission_interface -DCMAKE_INSTALL_PREFIX=/home/parallels/ros2_ws/install/transmission_interface
[1.579s] Invoking command in '/home/parallels/ros2_ws/build/transmission_interface': CMAKE_PREFIX_PATH=/home/parallels/ros2_ws/install/hardware_interface:/home/parallels/ros2_ws/install/ros2_control_test_assets:/home/parallels/ros2_ws/install/ros2_controllers:/home/parallels/ros2_ws/install/ign_ros2_control_demos:/home/parallels/ros2_ws/install/velocity_controllers:/home/parallels/ros2_ws/install/tricycle_steering_controller:/home/parallels/ros2_ws/install/tricycle_controller:/home/parallels/ros2_ws/install/ros2_control:/home/parallels/ros2_ws/install/transmission_interface:/home/parallels/ros2_ws/install/bicycle_steering_controller:/home/parallels/ros2_ws/install/ackermann_steering_controller:/home/parallels/ros2_ws/install/steering_controllers_library:/home/parallels/ros2_ws/install/gz_ros2_control_tests:/home/parallels/ros2_ws/install/ign_ros2_control:/home/parallels/ros2_ws/install/hardware_interface_testing:/home/parallels/ros2_ws/install/controller_manager:/home/parallels/ros2_ws/install/ros2_control_demo_description:/home/parallels/ros2_ws/install/range_sensor_broadcaster:/home/parallels/ros2_ws/install/position_controllers:/home/parallels/ros2_ws/install/polygon_plugins:/home/parallels/ros2_ws/install/admittance_controller:/home/parallels/ros2_ws/install/joint_trajectory_controller:/home/parallels/ros2_ws/install/joint_state_broadcaster:/home/parallels/ros2_ws/install/joint_limits:/home/parallels/ros2_ws/install/imu_sensor_broadcaster:/home/parallels/ros2_ws/install/gripper_controllers:/home/parallels/ros2_ws/install/effort_controllers:/home/parallels/ros2_ws/install/forward_command_controller:/home/parallels/ros2_ws/install/force_torque_sensor_broadcaster:/home/parallels/ros2_ws/install/diff_drive_controller:/home/parallels/ros2_ws/install/controller_interface:/home/parallels/ros2_ws/install/controller_manager_msgs:/usr:/home/parallels/ros2_ws/install/rqt_joint_trajectory_controller:/home/parallels/ros2_ws/install/rqt_controller_manager:/home/parallels/ros2_ws/install/ros2controlcli:/home/parallels/ros2_ws/install/ros2_controllers_test_nodes:/home/parallels/ros2_ws/install/polygon_base:/opt/ros/humble LD_LIBRARY_PATH=/home/parallels/ros2_ws/install/hardware_interface/lib:/home/parallels/ros2_ws/install/velocity_controllers/lib:/home/parallels/ros2_ws/install/tricycle_steering_controller/lib:/home/parallels/ros2_ws/install/tricycle_controller/lib:/home/parallels/ros2_ws/install/transmission_interface/lib:/home/parallels/ros2_ws/install/bicycle_steering_controller/lib:/home/parallels/ros2_ws/install/ackermann_steering_controller/lib:/home/parallels/ros2_ws/install/steering_controllers_library/lib:/home/parallels/ros2_ws/install/ign_ros2_control/lib:/home/parallels/ros2_ws/install/hardware_interface_testing/lib:/home/parallels/ros2_ws/install/controller_manager/lib:/home/parallels/ros2_ws/install/range_sensor_broadcaster/lib:/home/parallels/ros2_ws/install/position_controllers/lib:/home/parallels/ros2_ws/install/polygon_plugins/lib:/home/parallels/ros2_ws/install/admittance_controller/lib:/home/parallels/ros2_ws/install/joint_trajectory_controller/lib:/home/parallels/ros2_ws/install/joint_state_broadcaster/lib:/home/parallels/ros2_ws/install/imu_sensor_broadcaster/lib:/home/parallels/ros2_ws/install/gripper_controllers/lib:/home/parallels/ros2_ws/install/effort_controllers/lib:/home/parallels/ros2_ws/install/forward_command_controller/lib:/home/parallels/ros2_ws/install/force_torque_sensor_broadcaster/lib:/home/parallels/ros2_ws/install/diff_drive_controller/lib:/home/parallels/ros2_ws/install/controller_interface/lib:/home/parallels/ros2_ws/install/controller_manager_msgs/lib:/opt/ros/humble/opt/rviz_ogre_vendor/lib:/opt/ros/humble/lib/aarch64-linux-gnu:/opt/ros/humble/lib /usr/bin/cmake --build /home/parallels/ros2_ws/build/transmission_interface -- -j4 -l4
[1.708s] [  4%] [32mBuilding CXX object gmock/CMakeFiles/gmock_main.dir/src/gmock_main.cc.o[0m
[1.731s] [ 13%] [32mBuilding CXX object CMakeFiles/transmission_interface.dir/src/four_bar_linkage_transmission_loader.cpp.o[0m
[1.732s] [ 13%] [32mBuilding CXX object CMakeFiles/transmission_interface.dir/src/simple_transmission_loader.cpp.o[0m
[1.768s] [ 17%] [32mBuilding CXX object gmock/CMakeFiles/gmock.dir/opt/ros/humble/src/gtest_vendor/src/gtest-all.cc.o[0m
[4.151s] [ 21%] [32m[1mLinking CXX static library libgmock_main.a[0m
[4.303s] [ 21%] Built target gmock_main
[4.354s] [ 26%] [32mBuilding CXX object gmock/CMakeFiles/gmock.dir/src/gmock-all.cc.o[0m
[7.025s] [ 30%] [32mBuilding CXX object CMakeFiles/transmission_interface.dir/src/differential_transmission_loader.cpp.o[0m
[7.779s] [ 34%] [32m[1mLinking CXX static library libgmock.a[0m
[7.999s] [ 34%] Built target gmock
[8.103s] [ 39%] [32mBuilding CXX object CMakeFiles/test_simple_transmission.dir/test/simple_transmission_test.cpp.o[0m
[9.179s] [ 43%] [32mBuilding CXX object CMakeFiles/test_four_bar_linkage_transmission.dir/test/four_bar_linkage_transmission_test.cpp.o[0m
[9.428s] [ 47%] [32m[1mLinking CXX shared library libtransmission_interface.so[0m
[9.699s] [ 47%] Built target transmission_interface
[9.770s] [ 52%] [32mBuilding CXX object CMakeFiles/test_simple_transmission_loader.dir/test/simple_transmission_loader_test.cpp.o[0m
[9.783s] [ 56%] [32mBuilding CXX object CMakeFiles/test_differential_transmission.dir/test/differential_transmission_test.cpp.o[0m
[10.044s] [ 60%] [32m[1mLinking CXX executable test_simple_transmission[0m
[10.331s] [ 60%] Built target test_simple_transmission
[11.000s] [ 65%] [32m[1mLinking CXX executable test_four_bar_linkage_transmission[0m
[11.311s] [ 65%] Built target test_four_bar_linkage_transmission
[11.577s] [ 69%] [32m[1mLinking CXX executable test_differential_transmission[0m
[11.777s] [ 69%] Built target test_differential_transmission
[12.595s] [ 73%] [32m[1mLinking CXX executable test_simple_transmission_loader[0m
[12.838s] [ 73%] Built target test_simple_transmission_loader
[12.848s] [ 78%] [32mBuilding CXX object CMakeFiles/test_utils.dir/test/utils_test.cpp.o[0m
[13.525s] [ 82%] [32m[1mLinking CXX executable test_utils[0m
[13.688s] [ 82%] Built target test_utils
[13.698s] [ 86%] [32mBuilding CXX object CMakeFiles/test_differential_transmission_loader.dir/test/differential_transmission_loader_test.cpp.o[0m
[15.670s] [ 91%] [32m[1mLinking CXX executable test_differential_transmission_loader[0m
[15.914s] [ 91%] Built target test_differential_transmission_loader
[15.924s] [ 95%] [32mBuilding CXX object CMakeFiles/test_four_bar_linkage_transmission_loader.dir/test/four_bar_linkage_transmission_loader_test.cpp.o[0m
[17.945s] [100%] [32m[1mLinking CXX executable test_four_bar_linkage_transmission_loader[0m
[18.190s] [100%] Built target test_four_bar_linkage_transmission_loader
[18.206s] Invoked command in '/home/parallels/ros2_ws/build/transmission_interface' returned '0': CMAKE_PREFIX_PATH=/home/parallels/ros2_ws/install/hardware_interface:/home/parallels/ros2_ws/install/ros2_control_test_assets:/home/parallels/ros2_ws/install/ros2_controllers:/home/parallels/ros2_ws/install/ign_ros2_control_demos:/home/parallels/ros2_ws/install/velocity_controllers:/home/parallels/ros2_ws/install/tricycle_steering_controller:/home/parallels/ros2_ws/install/tricycle_controller:/home/parallels/ros2_ws/install/ros2_control:/home/parallels/ros2_ws/install/transmission_interface:/home/parallels/ros2_ws/install/bicycle_steering_controller:/home/parallels/ros2_ws/install/ackermann_steering_controller:/home/parallels/ros2_ws/install/steering_controllers_library:/home/parallels/ros2_ws/install/gz_ros2_control_tests:/home/parallels/ros2_ws/install/ign_ros2_control:/home/parallels/ros2_ws/install/hardware_interface_testing:/home/parallels/ros2_ws/install/controller_manager:/home/parallels/ros2_ws/install/ros2_control_demo_description:/home/parallels/ros2_ws/install/range_sensor_broadcaster:/home/parallels/ros2_ws/install/position_controllers:/home/parallels/ros2_ws/install/polygon_plugins:/home/parallels/ros2_ws/install/admittance_controller:/home/parallels/ros2_ws/install/joint_trajectory_controller:/home/parallels/ros2_ws/install/joint_state_broadcaster:/home/parallels/ros2_ws/install/joint_limits:/home/parallels/ros2_ws/install/imu_sensor_broadcaster:/home/parallels/ros2_ws/install/gripper_controllers:/home/parallels/ros2_ws/install/effort_controllers:/home/parallels/ros2_ws/install/forward_command_controller:/home/parallels/ros2_ws/install/force_torque_sensor_broadcaster:/home/parallels/ros2_ws/install/diff_drive_controller:/home/parallels/ros2_ws/install/controller_interface:/home/parallels/ros2_ws/install/controller_manager_msgs:/usr:/home/parallels/ros2_ws/install/rqt_joint_trajectory_controller:/home/parallels/ros2_ws/install/rqt_controller_manager:/home/parallels/ros2_ws/install/ros2controlcli:/home/parallels/ros2_ws/install/ros2_controllers_test_nodes:/home/parallels/ros2_ws/install/polygon_base:/opt/ros/humble LD_LIBRARY_PATH=/home/parallels/ros2_ws/install/hardware_interface/lib:/home/parallels/ros2_ws/install/velocity_controllers/lib:/home/parallels/ros2_ws/install/tricycle_steering_controller/lib:/home/parallels/ros2_ws/install/tricycle_controller/lib:/home/parallels/ros2_ws/install/transmission_interface/lib:/home/parallels/ros2_ws/install/bicycle_steering_controller/lib:/home/parallels/ros2_ws/install/ackermann_steering_controller/lib:/home/parallels/ros2_ws/install/steering_controllers_library/lib:/home/parallels/ros2_ws/install/ign_ros2_control/lib:/home/parallels/ros2_ws/install/hardware_interface_testing/lib:/home/parallels/ros2_ws/install/controller_manager/lib:/home/parallels/ros2_ws/install/range_sensor_broadcaster/lib:/home/parallels/ros2_ws/install/position_controllers/lib:/home/parallels/ros2_ws/install/polygon_plugins/lib:/home/parallels/ros2_ws/install/admittance_controller/lib:/home/parallels/ros2_ws/install/joint_trajectory_controller/lib:/home/parallels/ros2_ws/install/joint_state_broadcaster/lib:/home/parallels/ros2_ws/install/imu_sensor_broadcaster/lib:/home/parallels/ros2_ws/install/gripper_controllers/lib:/home/parallels/ros2_ws/install/effort_controllers/lib:/home/parallels/ros2_ws/install/forward_command_controller/lib:/home/parallels/ros2_ws/install/force_torque_sensor_broadcaster/lib:/home/parallels/ros2_ws/install/diff_drive_controller/lib:/home/parallels/ros2_ws/install/controller_interface/lib:/home/parallels/ros2_ws/install/controller_manager_msgs/lib:/opt/ros/humble/opt/rviz_ogre_vendor/lib:/opt/ros/humble/lib/aarch64-linux-gnu:/opt/ros/humble/lib /usr/bin/cmake --build /home/parallels/ros2_ws/build/transmission_interface -- -j4 -l4
[18.240s] Invoking command in '/home/parallels/ros2_ws/build/transmission_interface': CMAKE_PREFIX_PATH=/home/parallels/ros2_ws/install/hardware_interface:/home/parallels/ros2_ws/install/ros2_control_test_assets:/home/parallels/ros2_ws/install/ros2_controllers:/home/parallels/ros2_ws/install/ign_ros2_control_demos:/home/parallels/ros2_ws/install/velocity_controllers:/home/parallels/ros2_ws/install/tricycle_steering_controller:/home/parallels/ros2_ws/install/tricycle_controller:/home/parallels/ros2_ws/install/ros2_control:/home/parallels/ros2_ws/install/transmission_interface:/home/parallels/ros2_ws/install/bicycle_steering_controller:/home/parallels/ros2_ws/install/ackermann_steering_controller:/home/parallels/ros2_ws/install/steering_controllers_library:/home/parallels/ros2_ws/install/gz_ros2_control_tests:/home/parallels/ros2_ws/install/ign_ros2_control:/home/parallels/ros2_ws/install/hardware_interface_testing:/home/parallels/ros2_ws/install/controller_manager:/home/parallels/ros2_ws/install/ros2_control_demo_description:/home/parallels/ros2_ws/install/range_sensor_broadcaster:/home/parallels/ros2_ws/install/position_controllers:/home/parallels/ros2_ws/install/polygon_plugins:/home/parallels/ros2_ws/install/admittance_controller:/home/parallels/ros2_ws/install/joint_trajectory_controller:/home/parallels/ros2_ws/install/joint_state_broadcaster:/home/parallels/ros2_ws/install/joint_limits:/home/parallels/ros2_ws/install/imu_sensor_broadcaster:/home/parallels/ros2_ws/install/gripper_controllers:/home/parallels/ros2_ws/install/effort_controllers:/home/parallels/ros2_ws/install/forward_command_controller:/home/parallels/ros2_ws/install/force_torque_sensor_broadcaster:/home/parallels/ros2_ws/install/diff_drive_controller:/home/parallels/ros2_ws/install/controller_interface:/home/parallels/ros2_ws/install/controller_manager_msgs:/usr:/home/parallels/ros2_ws/install/rqt_joint_trajectory_controller:/home/parallels/ros2_ws/install/rqt_controller_manager:/home/parallels/ros2_ws/install/ros2controlcli:/home/parallels/ros2_ws/install/ros2_controllers_test_nodes:/home/parallels/ros2_ws/install/polygon_base:/opt/ros/humble LD_LIBRARY_PATH=/home/parallels/ros2_ws/install/hardware_interface/lib:/home/parallels/ros2_ws/install/velocity_controllers/lib:/home/parallels/ros2_ws/install/tricycle_steering_controller/lib:/home/parallels/ros2_ws/install/tricycle_controller/lib:/home/parallels/ros2_ws/install/transmission_interface/lib:/home/parallels/ros2_ws/install/bicycle_steering_controller/lib:/home/parallels/ros2_ws/install/ackermann_steering_controller/lib:/home/parallels/ros2_ws/install/steering_controllers_library/lib:/home/parallels/ros2_ws/install/ign_ros2_control/lib:/home/parallels/ros2_ws/install/hardware_interface_testing/lib:/home/parallels/ros2_ws/install/controller_manager/lib:/home/parallels/ros2_ws/install/range_sensor_broadcaster/lib:/home/parallels/ros2_ws/install/position_controllers/lib:/home/parallels/ros2_ws/install/polygon_plugins/lib:/home/parallels/ros2_ws/install/admittance_controller/lib:/home/parallels/ros2_ws/install/joint_trajectory_controller/lib:/home/parallels/ros2_ws/install/joint_state_broadcaster/lib:/home/parallels/ros2_ws/install/imu_sensor_broadcaster/lib:/home/parallels/ros2_ws/install/gripper_controllers/lib:/home/parallels/ros2_ws/install/effort_controllers/lib:/home/parallels/ros2_ws/install/forward_command_controller/lib:/home/parallels/ros2_ws/install/force_torque_sensor_broadcaster/lib:/home/parallels/ros2_ws/install/diff_drive_controller/lib:/home/parallels/ros2_ws/install/controller_interface/lib:/home/parallels/ros2_ws/install/controller_manager_msgs/lib:/opt/ros/humble/opt/rviz_ogre_vendor/lib:/opt/ros/humble/lib/aarch64-linux-gnu:/opt/ros/humble/lib /usr/bin/cmake --install /home/parallels/ros2_ws/build/transmission_interface
[18.244s] -- Install configuration: ""
[18.244s] -- Installing: /home/parallels/ros2_ws/install/transmission_interface/include
[18.244s] -- Installing: /home/parallels/ros2_ws/install/transmission_interface/include/transmission_interface
[18.244s] -- Installing: /home/parallels/ros2_ws/install/transmission_interface/include/transmission_interface/accessor.hpp
[18.244s] -- Installing: /home/parallels/ros2_ws/install/transmission_interface/include/transmission_interface/differential_transmission.hpp
[18.244s] -- Installing: /home/parallels/ros2_ws/install/transmission_interface/include/transmission_interface/handle.hpp
[18.244s] -- Installing: /home/parallels/ros2_ws/install/transmission_interface/include/transmission_interface/differential_transmission_loader.hpp
[18.244s] -- Installing: /home/parallels/ros2_ws/install/transmission_interface/include/transmission_interface/visibility_control.h
[18.244s] -- Installing: /home/parallels/ros2_ws/install/transmission_interface/include/transmission_interface/transmission_loader.hpp
[18.244s] -- Installing: /home/parallels/ros2_ws/install/transmission_interface/include/transmission_interface/four_bar_linkage_transmission.hpp
[18.244s] -- Installing: /home/parallels/ros2_ws/install/transmission_interface/include/transmission_interface/simple_transmission_loader.hpp
[18.244s] -- Installing: /home/parallels/ros2_ws/install/transmission_interface/include/transmission_interface/transmission.hpp
[18.244s] -- Installing: /home/parallels/ros2_ws/install/transmission_interface/include/transmission_interface/four_bar_linkage_transmission_loader.hpp
[18.244s] -- Installing: /home/parallels/ros2_ws/install/transmission_interface/include/transmission_interface/exception.hpp
[18.244s] -- Installing: /home/parallels/ros2_ws/install/transmission_interface/include/transmission_interface/simple_transmission.hpp
[18.244s] -- Installing: /home/parallels/ros2_ws/install/transmission_interface/include/transmission_interface/transmission_interface_exception.hpp
[18.245s] -- Installing: /home/parallels/ros2_ws/install/transmission_interface/share/transmission_interface/ros2_control_plugins.xml
[18.245s] -- Installing: /home/parallels/ros2_ws/install/transmission_interface/lib/libtransmission_interface.so
[18.246s] -- Set runtime path of "/home/parallels/ros2_ws/install/transmission_interface/lib/libtransmission_interface.so" to ""
[18.246s] -- Installing: /home/parallels/ros2_ws/install/transmission_interface/share/transmission_interface/environment/library_path.sh
[18.246s] -- Installing: /home/parallels/ros2_ws/install/transmission_interface/share/transmission_interface/environment/library_path.dsv
[18.246s] -- Installing: /home/parallels/ros2_ws/install/transmission_interface/share/ament_index/resource_index/package_run_dependencies/transmission_interface
[18.246s] -- Installing: /home/parallels/ros2_ws/install/transmission_interface/share/ament_index/resource_index/parent_prefix_path/transmission_interface
[18.246s] -- Installing: /home/parallels/ros2_ws/install/transmission_interface/share/transmission_interface/environment/ament_prefix_path.sh
[18.246s] -- Installing: /home/parallels/ros2_ws/install/transmission_interface/share/transmission_interface/environment/ament_prefix_path.dsv
[18.246s] -- Installing: /home/parallels/ros2_ws/install/transmission_interface/share/transmission_interface/environment/path.sh
[18.246s] -- Installing: /home/parallels/ros2_ws/install/transmission_interface/share/transmission_interface/environment/path.dsv
[18.246s] -- Installing: /home/parallels/ros2_ws/install/transmission_interface/share/transmission_interface/local_setup.bash
[18.247s] -- Installing: /home/parallels/ros2_ws/install/transmission_interface/share/transmission_interface/local_setup.sh
[18.247s] -- Installing: /home/parallels/ros2_ws/install/transmission_interface/share/transmission_interface/local_setup.zsh
[18.247s] -- Installing: /home/parallels/ros2_ws/install/transmission_interface/share/transmission_interface/local_setup.dsv
[18.247s] -- Installing: /home/parallels/ros2_ws/install/transmission_interface/share/transmission_interface/package.dsv
[18.247s] -- Installing: /home/parallels/ros2_ws/install/transmission_interface/share/ament_index/resource_index/packages/transmission_interface
[18.247s] -- Installing: /home/parallels/ros2_ws/install/transmission_interface/share/ament_index/resource_index/transmission_interface__pluginlib__plugin/transmission_interface
[18.248s] -- Installing: /home/parallels/ros2_ws/install/transmission_interface/share/transmission_interface/cmake/ament_cmake_export_include_directories-extras.cmake
[18.248s] -- Installing: /home/parallels/ros2_ws/install/transmission_interface/share/transmission_interface/cmake/ament_cmake_export_dependencies-extras.cmake
[18.248s] -- Installing: /home/parallels/ros2_ws/install/transmission_interface/share/transmission_interface/cmake/ament_cmake_export_libraries-extras.cmake
[18.248s] -- Installing: /home/parallels/ros2_ws/install/transmission_interface/share/transmission_interface/cmake/transmission_interfaceConfig.cmake
[18.248s] -- Installing: /home/parallels/ros2_ws/install/transmission_interface/share/transmission_interface/cmake/transmission_interfaceConfig-version.cmake
[18.248s] -- Installing: /home/parallels/ros2_ws/install/transmission_interface/share/transmission_interface/package.xml
[18.250s] Invoked command in '/home/parallels/ros2_ws/build/transmission_interface' returned '0': CMAKE_PREFIX_PATH=/home/parallels/ros2_ws/install/hardware_interface:/home/parallels/ros2_ws/install/ros2_control_test_assets:/home/parallels/ros2_ws/install/ros2_controllers:/home/parallels/ros2_ws/install/ign_ros2_control_demos:/home/parallels/ros2_ws/install/velocity_controllers:/home/parallels/ros2_ws/install/tricycle_steering_controller:/home/parallels/ros2_ws/install/tricycle_controller:/home/parallels/ros2_ws/install/ros2_control:/home/parallels/ros2_ws/install/transmission_interface:/home/parallels/ros2_ws/install/bicycle_steering_controller:/home/parallels/ros2_ws/install/ackermann_steering_controller:/home/parallels/ros2_ws/install/steering_controllers_library:/home/parallels/ros2_ws/install/gz_ros2_control_tests:/home/parallels/ros2_ws/install/ign_ros2_control:/home/parallels/ros2_ws/install/hardware_interface_testing:/home/parallels/ros2_ws/install/controller_manager:/home/parallels/ros2_ws/install/ros2_control_demo_description:/home/parallels/ros2_ws/install/range_sensor_broadcaster:/home/parallels/ros2_ws/install/position_controllers:/home/parallels/ros2_ws/install/polygon_plugins:/home/parallels/ros2_ws/install/admittance_controller:/home/parallels/ros2_ws/install/joint_trajectory_controller:/home/parallels/ros2_ws/install/joint_state_broadcaster:/home/parallels/ros2_ws/install/joint_limits:/home/parallels/ros2_ws/install/imu_sensor_broadcaster:/home/parallels/ros2_ws/install/gripper_controllers:/home/parallels/ros2_ws/install/effort_controllers:/home/parallels/ros2_ws/install/forward_command_controller:/home/parallels/ros2_ws/install/force_torque_sensor_broadcaster:/home/parallels/ros2_ws/install/diff_drive_controller:/home/parallels/ros2_ws/install/controller_interface:/home/parallels/ros2_ws/install/controller_manager_msgs:/usr:/home/parallels/ros2_ws/install/rqt_joint_trajectory_controller:/home/parallels/ros2_ws/install/rqt_controller_manager:/home/parallels/ros2_ws/install/ros2controlcli:/home/parallels/ros2_ws/install/ros2_controllers_test_nodes:/home/parallels/ros2_ws/install/polygon_base:/opt/ros/humble LD_LIBRARY_PATH=/home/parallels/ros2_ws/install/hardware_interface/lib:/home/parallels/ros2_ws/install/velocity_controllers/lib:/home/parallels/ros2_ws/install/tricycle_steering_controller/lib:/home/parallels/ros2_ws/install/tricycle_controller/lib:/home/parallels/ros2_ws/install/transmission_interface/lib:/home/parallels/ros2_ws/install/bicycle_steering_controller/lib:/home/parallels/ros2_ws/install/ackermann_steering_controller/lib:/home/parallels/ros2_ws/install/steering_controllers_library/lib:/home/parallels/ros2_ws/install/ign_ros2_control/lib:/home/parallels/ros2_ws/install/hardware_interface_testing/lib:/home/parallels/ros2_ws/install/controller_manager/lib:/home/parallels/ros2_ws/install/range_sensor_broadcaster/lib:/home/parallels/ros2_ws/install/position_controllers/lib:/home/parallels/ros2_ws/install/polygon_plugins/lib:/home/parallels/ros2_ws/install/admittance_controller/lib:/home/parallels/ros2_ws/install/joint_trajectory_controller/lib:/home/parallels/ros2_ws/install/joint_state_broadcaster/lib:/home/parallels/ros2_ws/install/imu_sensor_broadcaster/lib:/home/parallels/ros2_ws/install/gripper_controllers/lib:/home/parallels/ros2_ws/install/effort_controllers/lib:/home/parallels/ros2_ws/install/forward_command_controller/lib:/home/parallels/ros2_ws/install/force_torque_sensor_broadcaster/lib:/home/parallels/ros2_ws/install/diff_drive_controller/lib:/home/parallels/ros2_ws/install/controller_interface/lib:/home/parallels/ros2_ws/install/controller_manager_msgs/lib:/opt/ros/humble/opt/rviz_ogre_vendor/lib:/opt/ros/humble/lib/aarch64-linux-gnu:/opt/ros/humble/lib /usr/bin/cmake --install /home/parallels/ros2_ws/build/transmission_interface
