[0.681s] Invoking command in '/home/parallels/ros2_ws/src/my_py_pkg': PYTHONPATH=/home/parallels/ros2_ws/build/my_py_pkg/prefix_override:/usr/lib/python3/dist-packages/colcon_core/task/python/colcon_distutils_commands:/home/parallels/ros2_ws/install/my_py_pkg/lib/python3.10/site-packages:${PYTHONPATH} /usr/bin/python3 -W ignore:setup.py install is deprecated setup.py egg_info --egg-base ../../build/my_py_pkg build --build-base /home/parallels/ros2_ws/build/my_py_pkg/build install --record /home/parallels/ros2_ws/build/my_py_pkg/install.log --single-version-externally-managed install_data
[0.877s] running egg_info
[0.878s] creating ../../build/my_py_pkg/my_py_pkg.egg-info
[0.878s] writing ../../build/my_py_pkg/my_py_pkg.egg-info/PKG-INFO
[0.878s] writing dependency_links to ../../build/my_py_pkg/my_py_pkg.egg-info/dependency_links.txt
[0.879s] writing entry points to ../../build/my_py_pkg/my_py_pkg.egg-info/entry_points.txt
[0.879s] writing requirements to ../../build/my_py_pkg/my_py_pkg.egg-info/requires.txt
[0.879s] writing top-level names to ../../build/my_py_pkg/my_py_pkg.egg-info/top_level.txt
[0.879s] writing manifest file '../../build/my_py_pkg/my_py_pkg.egg-info/SOURCES.txt'
[0.880s] reading manifest file '../../build/my_py_pkg/my_py_pkg.egg-info/SOURCES.txt'
[0.880s] writing manifest file '../../build/my_py_pkg/my_py_pkg.egg-info/SOURCES.txt'
[0.881s] running build
[0.881s] running build_py
[0.881s] creating /home/parallels/ros2_ws/build/my_py_pkg/build
[0.881s] creating /home/parallels/ros2_ws/build/my_py_pkg/build/lib
[0.881s] creating /home/parallels/ros2_ws/build/my_py_pkg/build/lib/my_py_pkg
[0.881s] copying my_py_pkg/__init__.py -> /home/parallels/ros2_ws/build/my_py_pkg/build/lib/my_py_pkg
[0.881s] copying my_py_pkg/my_first_node.py -> /home/parallels/ros2_ws/build/my_py_pkg/build/lib/my_py_pkg
[0.882s] running install
[0.883s] running install_lib
[0.883s] creating /home/parallels/ros2_ws/install/my_py_pkg/lib/python3.10/site-packages/my_py_pkg
[0.883s] copying /home/parallels/ros2_ws/build/my_py_pkg/build/lib/my_py_pkg/__init__.py -> /home/parallels/ros2_ws/install/my_py_pkg/lib/python3.10/site-packages/my_py_pkg
[0.883s] copying /home/parallels/ros2_ws/build/my_py_pkg/build/lib/my_py_pkg/my_first_node.py -> /home/parallels/ros2_ws/install/my_py_pkg/lib/python3.10/site-packages/my_py_pkg
[0.884s] byte-compiling /home/parallels/ros2_ws/install/my_py_pkg/lib/python3.10/site-packages/my_py_pkg/__init__.py to __init__.cpython-310.pyc
[0.884s] byte-compiling /home/parallels/ros2_ws/install/my_py_pkg/lib/python3.10/site-packages/my_py_pkg/my_first_node.py to my_first_node.cpython-310.pyc
[0.884s] running install_data
[0.884s] creating /home/parallels/ros2_ws/install/my_py_pkg/share/ament_index
[0.884s] creating /home/parallels/ros2_ws/install/my_py_pkg/share/ament_index/resource_index
[0.884s] creating /home/parallels/ros2_ws/install/my_py_pkg/share/ament_index/resource_index/packages
[0.884s] copying resource/my_py_pkg -> /home/parallels/ros2_ws/install/my_py_pkg/share/ament_index/resource_index/packages
[0.885s] copying package.xml -> /home/parallels/ros2_ws/install/my_py_pkg/share/my_py_pkg
[0.885s] running install_egg_info
[0.886s] Copying ../../build/my_py_pkg/my_py_pkg.egg-info to /home/parallels/ros2_ws/install/my_py_pkg/lib/python3.10/site-packages/my_py_pkg-0.0.0-py3.10.egg-info
[0.886s] running install_scripts
[0.910s] writing list of installed files to '/home/parallels/ros2_ws/build/my_py_pkg/install.log'
[0.956s] Invoked command in '/home/parallels/ros2_ws/src/my_py_pkg' returned '0': PYTHONPATH=/home/parallels/ros2_ws/build/my_py_pkg/prefix_override:/usr/lib/python3/dist-packages/colcon_core/task/python/colcon_distutils_commands:/home/parallels/ros2_ws/install/my_py_pkg/lib/python3.10/site-packages:${PYTHONPATH} /usr/bin/python3 -W ignore:setup.py install is deprecated setup.py egg_info --egg-base ../../build/my_py_pkg build --build-base /home/parallels/ros2_ws/build/my_py_pkg/build install --record /home/parallels/ros2_ws/build/my_py_pkg/install.log --single-version-externally-managed install_data
